<?xml version="1.0" encoding="UTF-8"?>
<testsuite xmlns:test="http://www.jenitennison.com/xslt/unit-test"
           xmlns:x="http://www.jenitennison.com/xslt/xspec"
           xmlns:xs="http://www.w3.org/2001/XMLSchema"
           name="xslt.emphasis_test-fi"
           errors="0"
           failures="0"
           skipped="count(//x:test[@pending='true'])"
           time="0.049">
   <testcase classname="xslt.emphasis_test-fi"
             name="Marking of text-level semantics with braille indicators for Finnish. expect"/>
</testsuite>