<?xml version="1.0" encoding="UTF-8" standalone="no"?><testsuites tests="2" failures="0" time="4.314" errors="2" name="testnota"><testsuite timestamp="2016-01-27T16:13:19.657Z" hostname="localhost" tests="1" errors="1" failures="0" skipped="0" id="d1364e1" name="compilationError" package="org.daisy.xprocspec"><properties><property name="xml:base" value="file:/Users/bert/src/snaekobbi/src/requirements/src/test/page-layout/test-nota.xprocspec"/><property name="test-base-uri" value="file:/Users/bert/src/snaekobbi/src/requirements/src/test/page-layout/test-nota.xprocspec"/><property name="error-location" value="evaluate.xpl - evaluation of assertions"/></properties><error message="evaluate.xpl - evaluation of assertions" type="static"/><system-out>test-nota.xprocspec: ERROR</system-out><system-err>line: 57
column: 30

                       * port not found: result
            </system-err><system-err>&lt;x:was xmlns:x="http://www.daisy.org/ns/xprocspec" xml:base="file:/Users/bert/src/snaekobbi/src/requirements/src/test/page-layout/test-nota.xprocspec"&gt;&lt;x:description xmlns:cx="http://xmlcalabash.com/ns/extensions" test-base-uri="file:/Users/bert/src/snaekobbi/src/requirements/src/test/page-layout/test-nota.xprocspec" script="file:/Users/bert/src/snaekobbi/src/requirements/src/test/css_inline_and_px_transform_type_css.xpl" test-grammar="xprocspec" temp-dir="file:/Users/bert/src/snaekobbi/src/requirements/target/xprocspec//tmp/xprocspec-20160127171315662/"&gt;&lt;x:step-declaration&gt;&lt;p:declare-step xmlns:p="http://www.w3.org/ns/xproc" xmlns:px="http://www.daisy.org/ns/pipeline/xproc" xmlns:pxi="http://www.daisy.org/ns/pipeline/xproc/internal" xmlns:css="http://www.daisy.org/ns/pipeline/braille-css" type="pxi:css-inline-and-px-transform-type-css" version="1.0" x:type="{http://www.daisy.org/ns/pipeline/xproc/internal}css-inline-and-px-transform-type-css"&gt;&lt;p:input port="source" kind="document" sequence="false" primary="true"/&gt;&lt;p:output port="result" kind="document" sequence="false" primary="true"/&gt;&lt;p:option name="stylesheet" required="true"/&gt;&lt;p:option name="transform" required="true"/&gt;&lt;p:option name="ascii-table"/&gt;&lt;p:option name="temp-dir" required="true"/&gt;&lt;/p:declare-step&gt;&lt;/x:step-declaration&gt;&lt;x:scenario xmlns:pxi="http://www.daisy.org/ns/pipeline/xproc/internal" end-time="2016-01-27T16:13:17.053Z" label="[4.5:81] footer layout                      [4.5:85] on recto pages only [4.5:81] [4.5:85] braille page number right" start-time="2016-01-27T16:13:15.828Z" id="test1"&gt;&lt;x:call x:type="{http://www.daisy.org/ns/pipeline/xproc/internal}css-inline-and-px-transform-type-css" step="pxi:css-inline-and-px-transform-type-css"&gt;&lt;x:option select="$temp-dir" name="temp-dir" value="file:/Users/bert/src/snaekobbi/src/requirements/target/xprocspec//tmp/xprocspec-20160127171315662/"/&gt;&lt;x:option select="resolve-uri('style-nota.css')" name="stylesheet" value="file:/Users/bert/src/snaekobbi/src/requirements/src/test/page-layout/style-nota.css"/&gt;&lt;x:option select="'(formatter:dotify)(translator:nota)(grade:1)'" name="transform" value="(formatter:dotify)(translator:nota)(grade:1)"/&gt;&lt;x:input port="source"&gt;
        &lt;x:document type="file" href="../../resources/page-layout/nota_pagination.xml"/&gt;
      &lt;/x:input&gt;&lt;/x:call&gt;
                                                &lt;x:context label="errors" id="errors"&gt;
                                                    &lt;x:document type="errors"/&gt;
                                                &lt;/x:context&gt;
                                            
                                                &lt;x:expect type="count" label="the step should execute successfully without throwing any errors" max="0" contextref="errors"/&gt;
                                            &lt;x:context label="result" id="context0"&gt;
        &lt;x:document type="port" port="result" xml:space="preserve"/&gt;
      &lt;/x:context&gt;&lt;x:expect label="result" type="custom" href="http://www.daisy.org/pipeline/modules/braille/pef-utils/library.xpl" step="x:pef-compare" contextref="context0"&gt;
        &lt;x:document type="file" href="../../resources/page-layout/nota_pagination.pef" xml:space="preserve"/&gt;
      &lt;/x:expect&gt;&lt;/x:scenario&gt;&lt;c:errors test-base-uri="file:/Users/bert/src/snaekobbi/src/requirements/src/test/page-layout/test-nota.xprocspec" error-location="running the script"&gt;&lt;c:error href="file:/Users/bert/src/snaekobbi/src/requirements/src/test/page-layout/test-nota.xprocspec" line="1" column="349"&gt;Could not find an XProcTransform for query: (formatter:dotify)(translator:nota)(grade:1) and type: css&lt;/c:error&gt;&lt;/c:errors&gt;&lt;/x:description&gt;&lt;/x:was&gt;</system-err></testsuite><testsuite timestamp="2016-01-27T16:13:19.662Z" hostname="localhost" tests="1" errors="1" failures="0" skipped="0" id="d1372e1" name="compilationError" package="org.daisy.xprocspec"><properties><property name="xml:base" value="file:/Users/bert/src/snaekobbi/src/requirements/src/test/page-layout/test-nota.xprocspec"/><property name="test-base-uri" value="file:/Users/bert/src/snaekobbi/src/requirements/src/test/page-layout/test-nota.xprocspec"/><property name="error-location" value="evaluate.xpl - evaluation of assertions"/></properties><error message="evaluate.xpl - evaluation of assertions" type="static"/><system-out>test-nota.xprocspec: ERROR</system-out><system-err>line: 57
column: 30

                       * port not found: result
            </system-err><system-err>&lt;x:was xmlns:x="http://www.daisy.org/ns/xprocspec" xml:base="file:/Users/bert/src/snaekobbi/src/requirements/src/test/page-layout/test-nota.xprocspec"&gt;&lt;x:description xmlns:cx="http://xmlcalabash.com/ns/extensions" test-base-uri="file:/Users/bert/src/snaekobbi/src/requirements/src/test/page-layout/test-nota.xprocspec" script="file:/Users/bert/src/snaekobbi/src/requirements/src/test/css_inline_and_px_transform_type_css.xpl" test-grammar="xprocspec" temp-dir="file:/Users/bert/src/snaekobbi/src/requirements/target/xprocspec//tmp/xprocspec-20160127171315662/"&gt;&lt;x:step-declaration&gt;&lt;p:declare-step xmlns:p="http://www.w3.org/ns/xproc" xmlns:px="http://www.daisy.org/ns/pipeline/xproc" xmlns:pxi="http://www.daisy.org/ns/pipeline/xproc/internal" xmlns:css="http://www.daisy.org/ns/pipeline/braille-css" type="pxi:css-inline-and-px-transform-type-css" version="1.0" x:type="{http://www.daisy.org/ns/pipeline/xproc/internal}css-inline-and-px-transform-type-css"&gt;&lt;p:input port="source" kind="document" sequence="false" primary="true"/&gt;&lt;p:output port="result" kind="document" sequence="false" primary="true"/&gt;&lt;p:option name="stylesheet" required="true"/&gt;&lt;p:option name="transform" required="true"/&gt;&lt;p:option name="ascii-table"/&gt;&lt;p:option name="temp-dir" required="true"/&gt;&lt;/p:declare-step&gt;&lt;/x:step-declaration&gt;&lt;x:scenario xmlns:pxi="http://www.daisy.org/ns/pipeline/xproc/internal" end-time="2016-01-27T16:13:18.006Z" label="[4.5:81] footer layout                      [4.5:85] on recto pages only [4.5:81] [4.5:85] braille page number right + print page number (range) center                                   [4.7:102] range of print pages                                   [4.7:105] full line indicator" start-time="2016-01-27T16:13:17.095Z" id="test2"&gt;&lt;x:call x:type="{http://www.daisy.org/ns/pipeline/xproc/internal}css-inline-and-px-transform-type-css" step="pxi:css-inline-and-px-transform-type-css"&gt;&lt;x:option select="$temp-dir" name="temp-dir" value="file:/Users/bert/src/snaekobbi/src/requirements/target/xprocspec//tmp/xprocspec-20160127171315662/"/&gt;&lt;x:option select="resolve-uri('style-nota.css')" name="stylesheet" value="file:/Users/bert/src/snaekobbi/src/requirements/src/test/page-layout/style-nota.css"/&gt;&lt;x:option select="'(formatter:dotify)(translator:nota)(grade:1)'" name="transform" value="(formatter:dotify)(translator:nota)(grade:1)"/&gt;&lt;x:input port="source"&gt;
        &lt;x:document type="file" href="../../resources/page-layout/nota_pagination.xml"/&gt;
      &lt;/x:input&gt;&lt;/x:call&gt;
                                                &lt;x:context label="errors" id="errors"&gt;
                                                    &lt;x:document type="errors"/&gt;
                                                &lt;/x:context&gt;
                                            
                                                &lt;x:expect type="count" label="the step should execute successfully without throwing any errors" max="0" contextref="errors"/&gt;
                                            &lt;x:context label="result" id="context1"&gt;
        &lt;x:document type="port" port="result" xml:space="preserve"/&gt;
      &lt;/x:context&gt;&lt;x:expect label="result" type="custom" href="http://www.daisy.org/pipeline/modules/braille/pef-utils/library.xpl" step="x:pef-compare" contextref="context1"&gt;
        &lt;x:document type="file" href="../../resources/page-layout/nota_pagination_print.pef" xml:space="preserve"/&gt;
      &lt;/x:expect&gt;&lt;/x:scenario&gt;&lt;c:errors test-base-uri="file:/Users/bert/src/snaekobbi/src/requirements/src/test/page-layout/test-nota.xprocspec" error-location="running the script"&gt;&lt;c:error href="file:/Users/bert/src/snaekobbi/src/requirements/src/test/page-layout/test-nota.xprocspec" line="1" column="349"&gt;Could not find an XProcTransform for query: (formatter:dotify)(translator:nota)(grade:1) and type: css&lt;/c:error&gt;&lt;/c:errors&gt;&lt;/x:description&gt;&lt;/x:was&gt;</system-err></testsuite></testsuites>