<?xml version="1.0" encoding="UTF-8" standalone="no"?><testsuites tests="10" failures="5" time="16.757" errors="0" name="test"><testsuite timestamp="2015-12-03T15:53:14.523Z" hostname="localhost" tests="2" errors="0" failures="1" skipped="0" id="d7629e1" name="4796OptionalTextPrecedingSidebar" package="http://www.daisy.org/ns/pipeline/xproc/internal" time="0.483">
<properties><property name="input: source" value="&lt;_ xmlns=&#34;&#34; ...&gt;...&lt;/_&gt; (Base URI: file:/Users/bert/src/snaekobbi/src/requirements/src/test/generated-content/test.xprocspec)"/>

<property name="option: stylesheet" value="file:/Users/bert/src/snaekobbi/src/requirements/src/test/generated-content/style-nlb.css"/>
<property name="option: transform" value="(formatter:dotify)(translator:nlb)(grade:1)"/>
<property name="option: temp-dir" value="file:/Users/bert/src/snaekobbi/src/requirements/target/xprocspec//tmp/xprocspec-20151203165258059/"/>

</properties>
<testcase name="theStepShouldExecuteSuccessfullyWithoutThrowingAnyErrors" classname="css-inline-and-px-transform-type-css" assertions="1" time="0" status="SUCCESS"><system-out>the step should execute successfully without throwing any errors: SUCCESS</system-out>
<system-err/></testcase><testcase name="result" classname="css-inline-and-px-transform-type-css" assertions="1" time="0" status="FAILED"><failure message="result" type="custom"/><system-out>result: FAILED</system-out>
<system-err>Expected:
&lt;pef xmlns="http://www.daisy.org/ns/2008/pef" version="2008-1"&gt;
  &lt;head xmlns:dc="http://purl.org/dc/elements/1.1/"&gt;
    &lt;meta&gt;
      &lt;dc:format&gt;application/x-pef+xml&lt;/dc:format&gt;
    &lt;/meta&gt;
  &lt;/head&gt;
  &lt;body&gt;
    &lt;volume rows="28" cols="32" rowgap="0" duplex="false"&gt;
      &lt;section&gt;
        &lt;page&gt;
          &lt;row&gt;⠀⠀⠙⠑⠗⠀⠼⠑⠚⠤⠤⠼⠁⠚⠚⠀⠍⠀⠋⠗⠁⠀⠋⠁⠗⠑⠎⠞⠑⠤⠀⠀&lt;/row&gt;
          &lt;row&gt;⠀⠀⠙⠑⠞⠄⠀⠠⠑⠗⠀⠙⠑⠞⠀⠋⠁⠗⠑⠀⠏⠡⠀⠑⠝⠀⠃⠑⠤⠀⠀⠀&lt;/row&gt;
          &lt;row&gt;⠀⠀⠎⠞⠑⠍⠞⠀⠎⠞⠗⠑⠅⠝⠊⠝⠛⠂⠀⠃⠇⠊⠗⠀⠙⠑⠞⠀⠕⠏⠏⠤&lt;/row&gt;
          &lt;row&gt;⠀⠀⠇⠽⠎⠞⠀⠕⠍⠀⠙⠑⠞⠀⠍⠑⠙⠀⠥⠝⠙⠑⠗⠎⠅⠊⠇⠞⠄⠀⠀⠀&lt;/row&gt;
          &lt;row&gt;⠀⠀⠠⠥⠝⠙⠑⠗⠎⠅⠊⠇⠞⠀⠅⠁⠝⠀⠕⠛⠎⠡⠀⠛⠊⠀⠁⠝⠙⠗⠑⠀&lt;/row&gt;
          &lt;row&gt;⠀⠀⠕⠏⠏⠇⠽⠎⠝⠊⠝⠛⠑⠗⠀⠕⠍⠀⠋⠁⠗⠑⠝⠄⠀⠠⠍⠪⠞⠑⠗⠀&lt;/row&gt;
          &lt;row&gt;⠀⠀⠙⠥⠀⠑⠞⠀⠋⠁⠗⠑⠎⠅⠊⠇⠞⠀⠍⠡⠀⠙⠥⠀⠧⠜⠗⠑⠀⠀⠀⠀&lt;/row&gt;
          &lt;row&gt;⠀⠀⠅⠇⠁⠗⠀⠞⠊⠇⠀⠡⠀⠎⠑⠞⠞⠑⠀⠝⠑⠙⠀⠋⠁⠗⠞⠑⠝⠄⠀⠀&lt;/row&gt;
          &lt;row&gt;⠀⠀⠀⠀⠀⠀⠀⠀⠀⠀⠀⠀⠀⠀⠀⠀⠀⠀⠀⠀⠀⠀⠀⠀⠀⠀⠀⠀⠀⠀⠀⠀&lt;/row&gt;
          &lt;row&gt;⠀⠀⠀⠀⠀⠀⠍⠁⠗⠛⠞⠑⠅⠎⠞⠒⠀⠠⠞⠑⠝⠅⠀⠕⠧⠑⠗⠒⠀⠀⠀⠀&lt;/row&gt;
          &lt;row&gt;⠀⠀⠀⠀⠠⠓⠧⠕⠗⠋⠕⠗⠀⠑⠗⠀⠋⠁⠗⠑⠎⠅⠊⠇⠞⠀⠏⠇⠁⠎⠤⠀&lt;/row&gt;
          &lt;row&gt;⠀⠀⠀⠀⠎⠑⠗⠞⠀⠼⠁⠑⠚⠤⠼⠃⠑⠚⠀⠍⠑⠞⠑⠗⠀⠋⠗⠁⠀⠀⠀⠀&lt;/row&gt;
          &lt;row&gt;⠀⠀⠀⠀⠋⠁⠗⠑⠎⠞⠑⠙⠑⠞⠀⠥⠞⠑⠝⠋⠕⠗⠀⠞⠑⠞⠞⠃⠽⠛⠙⠑&lt;/row&gt;
          &lt;row&gt;⠀⠀⠀⠀⠎⠞⠗⠪⠅⠂⠀⠕⠛⠀⠼⠑⠚⠤⠼⠁⠚⠚⠀⠍⠑⠞⠑⠗⠀⠋⠗⠁&lt;/row&gt;
          &lt;row&gt;⠀⠀⠀⠀⠋⠁⠗⠑⠎⠞⠑⠙⠑⠞⠀⠊⠀⠞⠑⠞⠞⠃⠽⠛⠙⠑⠀⠀⠀⠀⠀⠀&lt;/row&gt;
          &lt;row&gt;⠀⠀⠀⠀⠎⠞⠗⠪⠅⠢⠀⠀⠀⠀⠀⠀⠀⠀⠀⠀⠀⠀⠀⠀⠀⠀⠀⠀⠀⠀⠀⠀&lt;/row&gt;
        &lt;/page&gt;
      &lt;/section&gt;
    &lt;/volume&gt;
  &lt;/body&gt;
&lt;/pef&gt;

Was:



application/x-pef+xml
identifier?
2015-12-03






⠀⠀⠀⠀⠙⠱⠀⠼⠑⠚⠤⠤⠼⠁⠚⠚⠀⠰⠍⠀⠋⠀⠋⠁⠗⠑⠎⠞⠑⠙⠬⠄
⠀⠀⠠⠱⠀⠙⠬⠀⠋⠁⠗⠑⠀⠏⠀⠣⠀⠃⠑⠎⠞⠑⠍⠞⠀
⠀⠀⠎⠞⠗⠑⠅⠝⠊⠝⠛⠂⠀⠃⠇⠊⠗⠀⠙⠬⠀⠕⠏⠏⠇⠽⠎⠞⠀⠕⠍⠀
⠀⠀⠙⠬⠀⠩⠀⠟⠎⠅⠊⠇⠞⠄⠀⠠⠟⠎⠅⠊⠇⠞⠀⠅⠀⠉⠎⠀⠛⠊⠀
⠀⠀⠁⠝⠙⠗⠑⠀⠕⠏⠏⠇⠽⠎⠝⠊⠝⠛⠱⠀⠕⠍⠀⠋⠁⠗⠣⠄⠀
⠀⠀⠠⠍⠪⠞⠱⠀⠙⠀⠬⠀⠋⠁⠗⠑⠎⠅⠊⠇⠞⠀⠍⠡⠀⠙⠀⠜⠀⠅⠇⠼
⠀⠀⠞⠀⠡⠀⠎⠑⠞⠞⠑⠀⠝⠑⠙⠀⠋⠁⠗⠞⠣⠄
⠀⠀⠀⠀⠠⠞⠑⠝⠅⠀⠭⠒⠀⠠⠺⠫⠀⠱⠀⠋⠁⠗⠑⠎⠅⠊⠇⠞⠀
⠀⠀⠏⠇⠁⠎⠎⠑⠗⠞⠀⠼⠁⠑⠚⠤⠤⠼⠃⠑⠚⠀⠍⠑⠞⠱⠀⠋⠀
⠀⠀⠋⠁⠗⠑⠎⠞⠑⠙⠬⠀⠥⠞⠑⠝⠫⠀⠞⠑⠞⠞⠃⠽⠛⠹⠀
⠀⠀⠎⠞⠗⠪⠅⠂⠀⠉⠀⠼⠑⠚⠤⠤⠼⠁⠚⠚⠀⠍⠑⠞⠱⠀⠋⠀
⠀⠀⠋⠁⠗⠑⠎⠞⠑⠙⠬⠀⠊⠀⠞⠑⠞⠞⠃⠽⠛⠹⠀⠎⠞⠗⠪⠅⠢




</system-err></testcase></testsuite><testsuite timestamp="2015-12-03T15:53:14.531Z" hostname="localhost" tests="2" errors="0" failures="1" skipped="0" id="d7637e1" name="4796BoilerplateTextOnTheTitlePageOptionalTextPrecedingSidebar" package="http://www.daisy.org/ns/pipeline/xproc/internal" time="1.553">
<properties><property name="input: source" value="&lt;dtbook xmlns=&#34;http://www.daisy.org/z3986/2005/dtbook/&#34; ...&gt;...&lt;/dtbook&gt; (Base URI: file:/Users/bert/src/snaekobbi/src/requirements/src/test/generated-content/test.xprocspec)"/>

<property name="option: stylesheet" value="file:/Users/bert/src/snaekobbi/src/requirements/src/test/generated-content/style-nlb.css"/>
<property name="option: transform" value="(formatter:dotify)(translator:nlb)(grade:1)"/>
<property name="option: temp-dir" value="file:/Users/bert/src/snaekobbi/src/requirements/target/xprocspec//tmp/xprocspec-20151203165258059/"/>

</properties>
<testcase name="theStepShouldExecuteSuccessfullyWithoutThrowingAnyErrors" classname="css-inline-and-px-transform-type-css" assertions="1" time="0" status="SUCCESS"><system-out>the step should execute successfully without throwing any errors: SUCCESS</system-out>
<system-err/></testcase><testcase name="result" classname="css-inline-and-px-transform-type-css" assertions="1" time="0" status="FAILED"><failure message="result" type="custom"/><system-out>result: FAILED</system-out>
<system-err>Expected:
&lt;pef xmlns="http://www.daisy.org/ns/2008/pef" version="2008-1"&gt;
  &lt;head&gt;
    &lt;meta xmlns:dc="http://purl.org/dc/elements/1.1/"&gt;
      &lt;dc:format&gt;application/x-pef+xml&lt;/dc:format&gt;
      &lt;dc:identifier&gt;NorBraille NLB 2010&lt;/dc:identifier&gt;
    &lt;/meta&gt;
  &lt;/head&gt;
  &lt;body&gt;
    &lt;volume cols="32" rows="28" rowgap="0" duplex="true"&gt;
      &lt;section&gt;
        &lt;page&gt;
          &lt;row&gt;⠀⠀⠀⠀⠀⠀⠀⠀⠀⠀⠀⠀⠀⠀⠀⠀⠀⠀⠀⠀⠀⠀⠀⠀⠀⠀⠀⠀⠀⠀&lt;/row&gt;
          &lt;row&gt;⠀⠀⠀⠀⠀⠀⠀⠀⠀⠀⠀⠀⠀⠀⠀⠀⠀⠀⠀⠀⠀⠀⠀⠀⠀⠀⠀⠀⠀⠀&lt;/row&gt;
          &lt;row&gt;⠀⠀⠀⠀⠀⠀⠀⠀⠀⠀⠀⠀⠀⠀⠀⠀⠀⠀⠀⠀⠀⠀⠀⠀⠀⠀⠀⠀⠀⠀&lt;/row&gt;
          &lt;row&gt;⠀⠀⠀⠀⠀⠀⠀⠀⠀⠀⠀⠀⠠⠅⠁⠗⠊&lt;/row&gt;
          &lt;row&gt;⠀⠀⠀⠀⠀⠀⠀⠀⠀⠀⠀⠀⠀⠀⠀⠀⠀⠀⠀⠀⠀⠀⠀⠀⠀⠀⠀⠀⠀⠀&lt;/row&gt;
          &lt;row&gt;⠀⠀⠀⠀⠀⠀⠀⠀⠀⠀⠀⠀⠀⠀⠀⠀⠀⠀⠀⠀⠀⠀⠀⠀⠀⠀⠀⠀⠀⠀&lt;/row&gt;
          &lt;row&gt;⠀⠀⠀⠠⠁⠥⠞⠕⠍⠁⠞⠊⠉⠀⠊⠝⠎⠑⠗⠞⠊⠕⠝⠀⠕⠋⠀⠀⠀⠀&lt;/row&gt;
          &lt;row&gt;⠀⠀⠀⠀⠉⠕⠝⠞⠑⠝⠞⠀⠞⠑⠎⠞⠀⠼⠙⠄⠼⠛⠄⠼⠊⠋&lt;/row&gt;
          &lt;row&gt;⠀⠀⠀⠀⠀⠀⠀⠀⠀⠀⠀⠀⠀⠀⠀⠀⠀⠀⠀⠀⠀⠀⠀⠀⠀⠀⠀⠀⠀⠀&lt;/row&gt;
          &lt;row&gt;⠀⠀⠀⠀⠀⠀⠀⠀⠀⠀⠀⠀⠀⠀⠀⠀⠀⠀⠀⠀⠀⠀⠀⠀⠀⠀⠀⠀⠀⠀&lt;/row&gt;
          &lt;row&gt;⠀⠀⠀⠀⠀⠀⠀⠀⠀⠀⠀⠀⠀⠀⠀⠀⠀⠀⠀⠀⠀⠀⠀⠀⠀⠀⠀⠀⠀⠀&lt;/row&gt;
          &lt;row&gt;⠀⠀⠀⠀⠀⠀⠀⠀⠀⠀⠀⠀⠀⠀⠀⠀⠀⠀⠀⠀⠀⠀⠀⠀⠀⠀⠀⠀⠀⠀&lt;/row&gt;
          &lt;row&gt;⠀⠀⠀⠀⠀⠀⠀⠀⠀⠀⠀⠀⠀⠀⠀⠀⠀⠀⠀⠀⠀⠀⠀⠀⠀⠀⠀⠀⠀⠀&lt;/row&gt;
          &lt;row&gt;⠀⠀⠀⠀⠀⠀⠀⠀⠀⠀⠀⠀⠀⠀⠀⠀⠀⠀⠀⠀⠀⠀⠀⠀⠀⠀⠀⠀⠀⠀&lt;/row&gt;
          &lt;row&gt;⠀⠀⠀⠀⠀⠀⠀⠀⠀⠀⠀⠀⠀⠀⠀⠀⠀⠀⠀⠀⠀⠀⠀⠀⠀⠀⠀⠀⠀⠀&lt;/row&gt;
          &lt;row&gt;⠀⠀⠀⠀⠀⠀⠀⠀⠀⠀⠀⠀⠀⠀⠀⠀⠀⠀⠀⠀⠀⠀⠀⠀⠀⠀⠀⠀⠀⠀&lt;/row&gt;
          &lt;row&gt;⠀⠀⠀⠀⠀⠀⠀⠀⠀⠀⠀⠀⠀⠀⠀⠀⠀⠀⠀⠀⠀⠀⠀⠀⠀⠀⠀⠀⠀⠀&lt;/row&gt;
          &lt;row&gt;⠀⠀⠀⠀⠀⠀⠀⠀⠀⠀⠀⠀⠀⠀⠀⠀⠀⠀⠀⠀⠀⠀⠀⠀⠀⠀⠀⠀⠀⠀&lt;/row&gt;
          &lt;row&gt;⠀⠀⠀⠀⠀⠀⠀⠀⠀⠀⠀⠀⠀⠀⠀⠀⠀⠀⠀⠀⠀⠀⠀⠀⠀⠀⠀⠀⠀⠀&lt;/row&gt;
          &lt;row&gt;⠀⠀⠀⠀⠀⠀⠀⠀⠀⠀⠀⠀⠀⠀⠀⠀⠀⠀⠀⠀⠀⠀⠀⠀⠀⠀⠀⠀⠀⠀&lt;/row&gt;
          &lt;row&gt;⠀⠀⠀⠀⠀⠀⠀⠀⠀⠀⠀⠀⠀⠀⠀⠀⠀⠀⠀⠀⠀⠀⠀⠀⠀⠀⠀⠀⠀⠀&lt;/row&gt;
          &lt;row&gt;⠀⠀⠀⠀⠀⠀⠀⠀⠀⠀⠀⠀⠀⠀⠀⠀⠀⠀⠀⠀⠀⠀⠀⠀⠀⠀⠀⠀⠀⠀&lt;/row&gt;
          &lt;row&gt;⠀⠀⠀⠀⠀⠀⠀⠀⠀⠀⠀⠀⠠⠠⠝⠇⠃&lt;/row&gt;
          &lt;row&gt;⠀⠀⠀⠀⠀⠀⠀⠀⠠⠝⠕⠗⠛⠑⠂⠀⠼⠃⠚⠁⠑&lt;/row&gt;
          &lt;row&gt;⠀⠀⠀⠀⠀⠀⠀⠀⠀⠀⠀⠀⠀⠀⠀⠀⠀⠀⠀⠀⠀⠀⠀⠀⠀⠀⠀⠀⠀⠀&lt;/row&gt;
          &lt;row&gt;⠀⠀⠀⠀⠀⠀⠀⠀⠀⠀⠀⠀⠀⠀⠀⠀⠀⠀⠀⠀⠀⠀⠀⠀⠀⠀⠀⠀⠀⠀&lt;/row&gt;
          &lt;row&gt;⠀⠀⠀⠀⠀⠀⠀⠀⠠⠃⠊⠝⠙⠀⠼⠁⠀⠁⠧⠀⠼⠁&lt;/row&gt;
          &lt;row&gt;⠀⠀⠀⠀⠀⠀⠀⠀⠀⠀⠀⠀⠀⠀⠀⠀⠀⠀⠀⠀⠀⠀⠀⠀⠀⠀⠀⠀⠀⠀⠀⠀&lt;/row&gt;
        &lt;/page&gt;
        &lt;page&gt;
          &lt;row/&gt;
        &lt;/page&gt;
        &lt;page&gt;
          &lt;row&gt;⠠⠕⠍⠀⠃⠕⠅⠁&lt;/row&gt;
          &lt;row&gt;⠀⠀⠀⠀⠀⠀⠀⠀⠀⠀⠀⠀⠀⠀⠀⠀⠀⠀⠀⠀⠀⠀⠀⠀⠀⠀⠀⠀⠀⠀&lt;/row&gt;
          &lt;row&gt;⠠⠋⠥⠇⠇⠎⠅⠗⠊⠋⠞⠄&lt;/row&gt;
          &lt;row&gt;⠠⠅⠥⠝⠀⠏⠥⠝⠅⠞⠎⠅⠗⠊⠋⠞⠏⠁⠛⠊⠝⠑⠗⠊⠝⠛&lt;/row&gt;
          &lt;row&gt;⠠⠃⠕⠅⠁⠀⠎⠅⠁⠇⠀⠊⠅⠅⠑⠀⠗⠑⠞⠥⠗⠝⠑⠗⠑⠎⠄&lt;/row&gt;
          &lt;row&gt;⠠⠋⠑⠊⠇⠀⠑⠇⠇⠑⠗⠀⠍⠁⠝⠛⠇⠑⠗⠀⠅⠁⠝⠀⠍⠑⠇⠙⠑⠎&lt;/row&gt;
          &lt;row&gt;⠀⠀⠞⠊⠇⠀⠏⠥⠝⠅⠞⠈⠝⠇⠃⠄⠝⠕⠀⠀⠀⠀⠀⠀⠀⠀⠀⠀⠀⠀&lt;/row&gt;
          &lt;row&gt;⠀⠀⠀⠀⠀⠀⠀⠀⠀⠀⠀⠀⠀⠀⠀⠀⠀⠀⠀⠀⠀⠀⠀⠀⠀⠀⠀⠀⠀⠀⠀⠀&lt;/row&gt;
          &lt;row&gt;⠀⠀⠀⠀⠀⠀⠀⠀⠀⠀⠀⠀⠀⠀⠀⠀⠀⠀⠀⠀⠀⠀⠀⠀⠀⠀⠀⠀⠀⠀⠀⠀&lt;/row&gt;
          &lt;row&gt;⠀⠀⠀⠀⠀⠀⠀⠀⠀⠀⠀⠀⠀⠀⠀⠀⠀⠀⠀⠀⠀⠀⠀⠀⠀⠀⠀⠀⠀⠀⠀⠀&lt;/row&gt;
          &lt;row&gt;⠀⠀⠀⠀⠀⠀⠀⠀⠀⠀⠀⠀⠀⠀⠀⠀⠀⠀⠀⠀⠀⠀⠀⠀⠀⠀⠀⠀⠀⠀⠀⠀&lt;/row&gt;
          &lt;row&gt;⠀⠀⠀⠀⠀⠀⠀⠀⠀⠀⠀⠀⠀⠀⠀⠀⠀⠀⠀⠀⠀⠀⠀⠀⠀⠀⠀⠀⠀⠀⠀⠀&lt;/row&gt;
          &lt;row&gt;⠀⠀⠀⠀⠀⠀⠀⠀⠀⠀⠀⠀⠀⠀⠀⠀⠀⠀⠀⠀⠀⠀⠀⠀⠀⠀⠀⠀⠀⠀⠀⠀&lt;/row&gt;
          &lt;row&gt;⠀⠀⠀⠀⠀⠀⠀⠀⠀⠀⠀⠀⠀⠀⠀⠀⠀⠀⠀⠀⠀⠀⠀⠀⠀⠀⠀⠀⠀⠀⠀⠀&lt;/row&gt;
          &lt;row&gt;⠀⠀⠀⠀⠀⠀⠀⠀⠀⠀⠀⠀⠀⠀⠀⠀⠀⠀⠀⠀⠀⠀⠀⠀⠀⠀⠀⠀⠀⠀⠀⠀&lt;/row&gt;
          &lt;row&gt;⠀⠀⠀⠀⠀⠀⠀⠀⠀⠀⠀⠀⠀⠀⠀⠀⠀⠀⠀⠀⠀⠀⠀⠀⠀⠀⠀⠀⠀⠀⠀⠀&lt;/row&gt;
          &lt;row&gt;⠀⠀⠀⠀⠀⠀⠀⠀⠀⠀⠀⠀⠀⠀⠀⠀⠀⠀⠀⠀⠀⠀⠀⠀⠀⠀⠀⠀⠀⠀⠀⠀&lt;/row&gt;
          &lt;row&gt;⠀⠀⠀⠀⠀⠀⠀⠀⠀⠀⠀⠀⠀⠀⠀⠀⠀⠀⠀⠀⠀⠀⠀⠀⠀⠀⠀⠀⠀⠀⠀⠀&lt;/row&gt;
          &lt;row&gt;⠀⠀⠀⠀⠀⠀⠀⠀⠀⠀⠀⠀⠀⠀⠀⠀⠀⠀⠀⠀⠀⠀⠀⠀⠀⠀⠀⠀⠀⠀⠀⠀&lt;/row&gt;
          &lt;row&gt;⠀⠀⠀⠀⠀⠀⠀⠀⠀⠀⠀⠀⠀⠀⠀⠀⠀⠀⠀⠀⠀⠀⠀⠀⠀⠀⠀⠀⠀⠀⠀⠀&lt;/row&gt;
          &lt;row&gt;⠀⠀⠀⠀⠀⠀⠀⠀⠀⠀⠀⠀⠀⠀⠀⠀⠀⠀⠀⠀⠀⠀⠀⠀⠀⠀⠀⠀⠀⠀⠀⠀&lt;/row&gt;
          &lt;row&gt;⠀⠀⠀⠀⠀⠀⠀⠀⠀⠀⠀⠀⠀⠀⠀⠀⠀⠀⠀⠀⠀⠀⠀⠀⠀⠀⠀⠀⠀⠀⠀⠀&lt;/row&gt;
          &lt;row&gt;⠀⠀⠀⠀⠀⠀⠀⠀⠀⠀⠀⠀⠀⠀⠀⠀⠀⠀⠀⠀⠀⠀⠀⠀⠀⠀⠀⠀⠀⠀⠀⠀&lt;/row&gt;
          &lt;row&gt;⠀⠀⠀⠀⠀⠀⠀⠀⠀⠀⠀⠀⠀⠀⠀⠀⠀⠀⠀⠀⠀⠀⠀⠀⠀⠀⠀⠀⠀⠀⠀⠀&lt;/row&gt;
          &lt;row&gt;⠀⠀⠀⠀⠀⠀⠀⠀⠀⠀⠀⠀⠀⠀⠀⠀⠀⠀⠀⠀⠀⠀⠀⠀⠀⠀⠀⠀⠀⠀⠀⠀&lt;/row&gt;
          &lt;row&gt;⠀⠀⠀⠀⠀⠀⠀⠀⠀⠀⠀⠀⠀⠀⠀⠀⠀⠀⠀⠀⠀⠀⠀⠀⠀⠀⠀⠀⠀⠀⠀⠀&lt;/row&gt;
          &lt;row&gt;⠀⠀⠀⠀⠀⠀⠀⠀⠀⠀⠀⠀⠀⠀⠀⠀⠀⠀⠀⠀⠀⠀⠀⠀⠀⠀⠀⠀⠀⠀⠀⠀&lt;/row&gt;
        &lt;/page&gt;
        &lt;page&gt;
          &lt;row&gt;⠀⠀⠀⠀⠀⠀⠀⠀⠀⠀⠀⠀⠀⠀⠀⠀⠀⠀⠀⠀⠀⠀⠀⠀⠀⠀⠀⠀⠀⠀&lt;/row&gt;
          &lt;row&gt;⠀⠀⠀⠀⠀⠀⠀⠀⠀⠀⠀⠀⠀⠀⠀⠀⠀⠀⠀⠀⠀⠀⠀⠀⠀⠀⠀⠀⠀⠀&lt;/row&gt;
          &lt;row&gt;⠀⠀⠀⠀⠀⠀⠀⠀⠀⠀⠀⠀⠀⠀⠀⠀⠀⠀⠀⠀⠀⠀⠀⠀⠀⠀⠀⠀⠀⠀&lt;/row&gt;
          &lt;row&gt;⠀⠀⠀⠀⠀⠀⠀⠀⠀⠀⠀⠀⠀⠀⠀⠀⠀⠀⠀⠀⠀⠀⠀⠀⠀⠀⠀⠀⠀⠀&lt;/row&gt;
          &lt;row&gt;⠀⠀⠀⠀⠀⠀⠀⠀⠀⠀⠀⠀⠀⠀⠀⠀⠀⠀⠀⠀⠀⠀⠀⠀⠀⠀⠀⠀⠀⠀&lt;/row&gt;
          &lt;row&gt;⠀⠀⠀⠀⠀⠀⠀⠀⠀⠀⠀⠀⠀⠀⠀⠀⠀⠀⠀⠀⠀⠀⠀⠀⠀⠀⠀⠀⠀⠀&lt;/row&gt;
          &lt;row&gt;⠀⠀⠀⠀⠀⠀⠀⠀⠀⠀⠀⠀⠀⠀⠀⠀⠀⠀⠀⠀⠀⠀⠀⠀⠀⠀⠀⠀⠀⠀&lt;/row&gt;
          &lt;row&gt;⠀⠀⠀⠀⠀⠀⠀⠀⠀⠀⠀⠀⠀⠀⠀⠀⠀⠀⠀⠀⠀⠀⠀⠀⠀⠀⠀⠀⠀⠀&lt;/row&gt;
          &lt;row&gt;⠀⠀⠀⠀⠀⠀⠀⠀⠀⠀⠀⠀⠀⠀⠀⠀⠀⠀⠀⠀⠀⠀⠀⠀⠀⠀⠀⠀⠀⠀&lt;/row&gt;
          &lt;row&gt;⠀⠀⠀⠀⠀⠀⠀⠀⠀⠀⠀⠀⠀⠀⠀⠀⠀⠀⠀⠀⠀⠀⠀⠀⠀⠀⠀⠀⠀⠀&lt;/row&gt;
          &lt;row&gt;⠀⠀⠀⠀⠀⠀⠀⠀⠀⠀⠀⠀⠀⠀⠀⠀⠀⠀⠀⠀⠀⠀⠀⠀⠀⠀⠀⠀⠀⠀&lt;/row&gt;
          &lt;row&gt;⠀⠀⠀⠀⠀⠀⠀⠀⠀⠀⠀⠀⠀⠀⠀⠀⠀⠀⠀⠀⠀⠀⠀⠀⠀⠀⠀⠀⠀⠀&lt;/row&gt;
          &lt;row&gt;⠀⠀⠀⠀⠀⠀⠀⠀⠀⠀⠀⠀⠀⠀⠀⠀⠀⠀⠀⠀⠀⠀⠀⠀⠀⠀⠀⠀⠀⠀&lt;/row&gt;
          &lt;row&gt;⠀⠀⠀⠀⠀⠀⠀⠀⠀⠀⠀⠀⠀⠀⠀⠀⠀⠀⠀⠀⠀⠀⠀⠀⠀⠀⠀⠀⠀⠀&lt;/row&gt;
          &lt;row&gt;⠀⠀⠀⠀⠀⠀⠀⠀⠀⠀⠀⠀⠀⠀⠀⠀⠀⠀⠀⠀⠀⠀⠀⠀⠀⠀⠀⠀⠀⠀&lt;/row&gt;
          &lt;row&gt;⠀⠀⠀⠀⠀⠀⠀⠀⠀⠀⠀⠀⠀⠀⠀⠀⠀⠀⠀⠀⠀⠀⠀⠀⠀⠀⠀⠀⠀⠀&lt;/row&gt;
          &lt;row&gt;⠀⠀⠀⠀⠀⠀⠀⠀⠀⠀⠀⠀⠀⠀⠀⠀⠀⠀⠀⠀⠀⠀⠀⠀⠀⠀⠀⠀⠀⠀&lt;/row&gt;
          &lt;row&gt;⠀⠀⠀⠀⠀⠀⠀⠀⠀⠀⠀⠀⠀⠀⠀⠀⠀⠀⠀⠀⠀⠀⠀⠀⠀⠀⠀⠀⠀⠀&lt;/row&gt;
          &lt;row&gt;⠀⠀⠀⠀⠀⠀⠀⠀⠀⠀⠀⠀⠀⠀⠀⠀⠀⠀⠀⠀⠀⠀⠀⠀⠀⠀⠀⠀⠀⠀&lt;/row&gt;
          &lt;row&gt;⠀⠀⠀⠀⠀⠀⠀⠀⠀⠀⠀⠀⠀⠀⠀⠀⠀⠀⠀⠀⠀⠀⠀⠀⠀⠀⠀⠀⠀⠀&lt;/row&gt;
          &lt;row&gt;⠀⠀⠀⠀⠀⠀⠀⠀⠀⠀⠀⠀⠀⠀⠀⠀⠀⠀⠀⠀⠀⠀⠀⠀⠀⠀⠀⠀⠀⠀&lt;/row&gt;
          &lt;row&gt;⠀⠀⠀⠀⠀⠀⠀⠀⠀⠀⠀⠀⠀⠀⠀⠀⠀⠀⠀⠀⠀⠀⠀⠀⠀⠀⠀⠀⠀⠀&lt;/row&gt;
          &lt;row&gt;⠀⠀⠀⠀⠀⠀⠀⠀⠀⠀⠀⠀⠀⠀⠀⠀⠀⠀⠀⠀⠀⠀⠀⠀⠀⠀⠀⠀⠀⠀&lt;/row&gt;
          &lt;row&gt;⠀⠀⠀⠀⠀⠀⠀⠀⠀⠀⠀⠀⠀⠀⠀⠀⠀⠀⠀⠀⠀⠀⠀⠀⠀⠀⠀⠀⠀⠀&lt;/row&gt;
          &lt;row&gt;⠀⠀⠀⠀⠀⠀⠀⠀⠀⠀⠀⠀⠀⠀⠀⠀⠀⠀⠀⠀⠀⠀⠀⠀⠀⠀⠀⠀⠀⠀&lt;/row&gt;
          &lt;row&gt;⠀⠀⠀⠀⠀⠀⠀⠀⠀⠀⠀⠀⠀⠀⠀⠀⠀⠀⠀⠀⠀⠀⠀⠀⠀⠀⠀⠀⠀⠀&lt;/row&gt;
          &lt;row&gt;⠀⠀⠀⠀⠀⠀⠀⠀⠀⠀⠀⠀⠀⠀⠀⠀⠀⠀⠀⠀⠀⠀⠀⠀⠀⠀⠀⠀⠀⠀&lt;/row&gt;
          &lt;row&gt;⠀⠀⠀⠀⠀⠀⠀⠀⠀⠀⠀⠀⠀⠀⠀⠀⠀⠀⠀⠀⠀⠀⠀⠀⠀⠀⠀⠀⠀⠀&lt;/row&gt;
        &lt;/page&gt;
        &lt;page&gt;
          &lt;row&gt;⠀⠀⠀⠀⠀⠀⠀⠀⠀⠀⠀⠀⠀⠀⠀⠀⠀⠀⠀⠀⠀⠀⠀⠀⠀⠀⠀⠀⠀⠀⠀⠀&lt;/row&gt;
          &lt;row&gt;⠀⠀⠀⠀⠀⠀⠀⠀⠀⠀⠀⠀⠀⠀⠀⠀⠀⠀⠀⠀⠀⠀⠀⠀⠀⠀⠀⠀⠀⠀⠀⠀&lt;/row&gt;
          &lt;row&gt;⠀⠀⠀⠀⠀⠀⠀⠼⠙⠄⠼⠛⠄⠼⠊⠋⠄⠀⠠⠁⠥⠞⠕⠍⠁⠞⠊⠉⠀⠀⠀⠀&lt;/row&gt;
          &lt;row&gt;⠀⠀⠊⠝⠎⠑⠗⠞⠊⠕⠝⠀⠕⠋⠀⠉⠕⠝⠞⠑⠝⠞⠀⠞⠑⠎⠞⠀⠀⠀⠀⠀&lt;/row&gt;
          &lt;row&gt;⠀⠀⠉⠉⠉⠉⠉⠉⠉⠉⠉⠉⠉⠉⠉⠉⠉⠉⠉⠉⠉⠉⠉⠉⠉⠉⠉⠉⠉⠉⠉⠉&lt;/row&gt;
          &lt;row&gt;⠀⠀⠀⠀⠀⠀⠀⠀⠀⠀⠀⠀⠀⠀⠀⠀⠀⠀⠀⠀⠀⠀⠀⠀⠀⠀⠀⠀⠀⠀⠀⠀&lt;/row&gt;
          &lt;row&gt;⠀⠀⠀⠀⠀⠀⠀⠀⠀⠀⠀⠀⠀⠀⠀⠀⠀⠀⠀⠀⠀⠀⠀⠀⠀⠀⠀⠀⠀⠀⠀⠀&lt;/row&gt;
          &lt;row&gt;⠀⠀⠀⠀⠀⠀⠀⠀⠀⠀⠀⠀⠀⠀⠀⠀⠀⠀⠀⠀⠀⠀⠀⠀⠀⠀⠀⠀⠀⠀⠀⠀&lt;/row&gt;
          &lt;row&gt;⠀⠀⠀⠀⠀⠀⠀⠠⠁⠥⠕⠍⠞⠁⠊⠉⠀⠊⠝⠎⠑⠗⠞⠊⠕⠝⠀⠕⠋⠀⠀⠀&lt;/row&gt;
          &lt;row&gt;⠀⠀⠉⠕⠝⠞⠑⠝⠞⠀⠕⠝⠀⠞⠊⠞⠇⠑⠀⠏⠁⠛⠑⠀⠀⠀⠀⠀⠀⠀⠀⠀&lt;/row&gt;
          &lt;row&gt;⠀⠀⠀⠀⠀⠀⠀⠀⠀⠀⠀⠀⠀⠀⠀⠀⠀⠀⠀⠀⠀⠀⠀⠀⠀⠀⠀⠀⠀⠀⠀⠀&lt;/row&gt;
          &lt;row&gt;⠀⠀⠀⠀⠠⠞⠓⠑⠀⠞⠊⠞⠇⠑⠀⠏⠁⠛⠑⠀⠓⠁⠎⠀⠑⠭⠁⠍⠏⠇⠑⠀&lt;/row&gt;
          &lt;row&gt;⠀⠀⠕⠋⠀⠀⠃⠕⠊⠇⠑⠗⠀⠞⠑⠭⠞⠒⠀⠠⠄⠠⠝⠇⠃⠀⠠⠝⠕⠗⠛⠑&lt;/row&gt;
          &lt;row&gt;⠀⠀⠼⠃⠚⠁⠑⠠⠄⠀⠁⠝⠙⠀⠠⠄⠠⠓⠑⠋⠞⠑⠀⠼⠁⠀⠁⠧⠀⠼⠃⠠&lt;/row&gt;
          &lt;row&gt;⠀⠀⠄⠄⠀⠠⠞⠓⠑⠀⠽⠑⠁⠗⠀⠉⠓⠁⠝⠛⠑⠎⠀⠁⠥⠞⠕⠍⠁⠤⠀⠀&lt;/row&gt;
          &lt;row&gt;⠀⠀⠞⠊⠉⠁⠇⠇⠽⠀⠊⠝⠀⠠⠝⠕⠗⠃⠗⠁⠊⠇⠇⠑⠀⠑⠧⠑⠗⠽⠀⠀&lt;/row&gt;
          &lt;row&gt;⠀⠀⠝⠑⠺⠀⠽⠑⠁⠗⠄⠀⠠⠝⠕⠗⠃⠗⠁⠊⠇⠇⠑⠀⠊⠎⠀⠝⠕⠞⠀⠀&lt;/row&gt;
          &lt;row&gt;⠀⠀⠁⠝⠀⠕⠏⠑⠝⠀⠎⠕⠥⠗⠉⠑⠀⠞⠕⠕⠇⠀⠁⠝⠙⠀⠺⠑⠀⠉⠁⠝&lt;/row&gt;
          &lt;row&gt;⠀⠀⠝⠕⠞⠀⠑⠙⠊⠞⠀⠞⠓⠑⠀⠞⠑⠍⠏⠇⠁⠞⠑⠌⠞⠓⠑⠀⠞⠊⠞⠤&lt;/row&gt;
          &lt;row&gt;⠀⠀⠇⠑⠀⠏⠁⠛⠑⠀⠥⠝⠇⠑⠎⠎⠀⠺⠑⠀⠙⠕⠀⠊⠞⠀⠍⠁⠤⠀⠀⠀&lt;/row&gt;
          &lt;row&gt;⠀⠀⠝⠥⠁⠇⠇⠽⠀⠊⠝⠀⠞⠓⠑⠀⠠⠏⠑⠋⠀⠋⠊⠇⠑⠄⠀⠠⠧⠕⠤⠀&lt;/row&gt;
          &lt;row&gt;⠀⠀⠇⠥⠍⠑⠀⠝⠥⠍⠃⠑⠗⠀⠭⠀⠕⠋⠀⠽⠀⠊⠎⠀⠏⠗⠊⠝⠞⠑⠙⠀&lt;/row&gt;
          &lt;row&gt;⠀⠀⠕⠝⠀⠑⠧⠑⠗⠽⠀⠞⠊⠞⠇⠑⠏⠁⠛⠑⠄⠀⠠⠞⠓⠑⠀⠙⠊⠤⠀⠀&lt;/row&gt;
          &lt;row&gt;⠀⠀⠧⠊⠙⠊⠝⠛⠀⠊⠝⠞⠕⠀⠧⠕⠇⠥⠍⠑⠎⠀⠓⠁⠏⠏⠑⠝⠎⠀⠊⠝&lt;/row&gt;
          &lt;row&gt;⠀⠀⠠⠝⠕⠗⠃⠗⠁⠊⠇⠇⠑⠄⠀⠀⠀⠀⠀⠀⠀⠀⠀⠀⠀⠀⠀⠀⠀⠀⠀⠀&lt;/row&gt;
          &lt;row&gt;⠀⠀⠀⠀⠀⠀⠀⠀⠀⠀⠀⠀⠀⠀⠀⠀⠀⠀⠀⠀⠀⠀⠀⠀⠀⠀⠀⠀⠀⠀⠀⠀&lt;/row&gt;
          &lt;row&gt;⠀⠀⠀⠀⠀⠀⠀⠀⠀⠀⠀⠀⠀⠀⠀⠀⠀⠀⠀⠀⠀⠀⠀⠀⠀⠀⠀⠀⠀⠀⠀⠀&lt;/row&gt;
          &lt;row&gt;⠀⠀⠀⠀⠀⠀⠀⠀⠀⠀⠀⠀⠀⠀⠀⠼⠁⠀⠀⠀⠀⠀⠀⠀⠀⠀⠀⠀⠀⠀⠀⠀&lt;/row&gt;
        &lt;/page&gt;
        &lt;page&gt;
          &lt;row&gt;⠀⠀⠀⠀⠀⠀⠀⠀⠀⠀⠀⠀⠀⠀⠀⠀⠀⠀⠀⠀⠀⠀⠀⠀⠀⠀⠀⠀⠀⠀⠀⠀&lt;/row&gt;
          &lt;row&gt;⠀⠀⠀⠀⠀⠀⠀⠀⠀⠀⠀⠀⠀⠀⠀⠀⠀⠀⠀⠀⠀⠀⠀⠀⠀⠀⠀⠀⠀⠀⠀⠀&lt;/row&gt;
          &lt;row&gt;⠀⠀⠀⠀⠀⠀⠀⠲⠠⠁⠃⠕⠥⠞⠀⠞⠓⠑⠀⠃⠕⠕⠅⠲⠀⠤⠤⠀⠀⠀⠀⠀&lt;/row&gt;
          &lt;row&gt;⠀⠀⠠⠎⠞⠁⠝⠙⠁⠗⠙⠀⠞⠑⠭⠞⠀⠊⠝⠀⠋⠊⠗⠎⠞⠀⠧⠕⠇⠥⠍⠑&lt;/row&gt;
          &lt;row&gt;⠀⠀⠀⠀⠀⠀⠀⠀⠀⠀⠀⠀⠀⠀⠀⠀⠀⠀⠀⠀⠀⠀⠀⠀⠀⠀⠀⠀⠀⠀⠀⠀&lt;/row&gt;
          &lt;row&gt;⠀⠀⠀⠀⠠⠕⠝⠀⠞⠓⠑⠀⠞⠓⠊⠗⠙⠀⠏⠁⠛⠑⠀⠊⠎⠀⠁⠀⠀⠀⠀⠀&lt;/row&gt;
          &lt;row&gt;⠀⠀⠎⠞⠁⠝⠙⠁⠗⠙⠀⠞⠑⠭⠞⠀⠲⠠⠕⠍⠀⠃⠕⠅⠁⠲⠀⠀⠀⠀⠀⠀&lt;/row&gt;
          &lt;row&gt;⠀⠀⠠⠦⠲⠠⠁⠃⠕⠥⠞⠀⠞⠓⠑⠀⠃⠕⠕⠅⠲⠴⠀⠞⠓⠁⠞⠀⠊⠎⠀⠀&lt;/row&gt;
          &lt;row&gt;⠀⠀⠊⠝⠎⠑⠗⠞⠑⠙⠀⠁⠥⠞⠕⠍⠁⠞⠊⠉⠁⠇⠇⠽⠀⠊⠝⠀⠞⠓⠑⠀&lt;/row&gt;
          &lt;row&gt;⠀⠀⠋⠊⠗⠎⠞⠀⠧⠕⠇⠥⠍⠑⠀⠕⠋⠀⠁⠇⠇⠀⠏⠗⠕⠙⠥⠉⠤⠀⠀⠀&lt;/row&gt;
          &lt;row&gt;⠀⠀⠞⠊⠕⠝⠎⠄⠀⠠⠊⠞⠀⠓⠁⠎⠀⠎⠞⠁⠝⠙⠁⠗⠙⠀⠞⠑⠭⠞⠀⠀&lt;/row&gt;
          &lt;row&gt;⠀⠀⠁⠎⠀⠲⠠⠥⠝⠉⠕⠝⠉⠞⠗⠁⠉⠞⠑⠙⠀⠃⠗⠁⠊⠇⠇⠑⠲⠀⠀⠀&lt;/row&gt;
          &lt;row&gt;⠀⠀⠁⠝⠙⠀⠲⠠⠞⠓⠑⠀⠃⠕⠕⠅⠀⠎⠓⠁⠇⠇⠀⠝⠕⠞⠀⠃⠑⠀⠀⠀&lt;/row&gt;
          &lt;row&gt;⠀⠀⠗⠑⠞⠥⠗⠝⠑⠙⠲⠄⠀⠀⠀⠀⠀⠀⠀⠀⠀⠀⠀⠀⠀⠀⠀⠀⠀⠀⠀⠀&lt;/row&gt;
          &lt;row&gt;⠀⠀⠀⠀⠀⠀⠀⠀⠀⠀⠀⠀⠀⠀⠀⠀⠀⠀⠀⠀⠀⠀⠀⠀⠀⠀⠀⠀⠀⠀⠀⠀&lt;/row&gt;
          &lt;row&gt;⠀⠀⠀⠀⠀⠀⠀⠀⠀⠀⠀⠀⠀⠀⠀⠀⠀⠀⠀⠀⠀⠀⠀⠀⠀⠀⠀⠀⠀⠀⠀⠀&lt;/row&gt;
          &lt;row&gt;⠀⠀⠀⠀⠀⠀⠀⠠⠞⠑⠭⠞⠀⠊⠝⠀⠍⠁⠗⠛⠊⠝⠌⠠⠎⠊⠙⠑⠃⠁⠗⠀&lt;/row&gt;
          &lt;row&gt;⠀⠀⠀⠀⠀⠀⠀⠀⠀⠀⠀⠀⠀⠀⠀⠀⠀⠀⠀⠀⠀⠀⠀⠀⠀⠀⠀⠀⠀⠀⠀⠀&lt;/row&gt;
          &lt;row&gt;⠀⠀⠀⠀⠠⠞⠑⠭⠞⠀⠊⠝⠀⠍⠁⠗⠛⠊⠝⠀⠦⠊⠝⠀⠕⠗⠊⠛⠊⠝⠁⠇&lt;/row&gt;
          &lt;row&gt;⠀⠀⠃⠕⠕⠅⠴⠀⠊⠎⠀⠁⠝⠀⠑⠭⠁⠍⠏⠇⠑⠀⠕⠋⠀⠞⠑⠭⠞⠀⠀⠀&lt;/row&gt;
          &lt;row&gt;⠀⠀⠞⠓⠁⠞⠀⠛⠑⠞⠀⠁⠝⠀⠁⠥⠞⠕⠍⠁⠞⠊⠉⠀⠊⠝⠤⠀⠀⠀⠀⠀&lt;/row&gt;
          &lt;row&gt;⠀⠀⠎⠑⠗⠞⠑⠑⠙⠀⠺⠕⠗⠙⠀⠊⠝⠀⠕⠥⠗⠀⠃⠗⠁⠊⠇⠇⠑⠀⠀⠀&lt;/row&gt;
          &lt;row&gt;⠀⠀⠃⠕⠕⠅⠎⠀⠦⠠⠍⠁⠗⠛⠞⠑⠅⠎⠞⠒⠴⠀⠀⠀⠀⠀⠀⠀⠀⠀⠀⠀&lt;/row&gt;
          &lt;row&gt;⠀⠀⠀⠀⠀⠀⠀⠀⠀⠀⠀⠀⠀⠀⠀⠀⠀⠀⠀⠀⠀⠀⠀⠀⠀⠀⠀⠀⠀⠀⠀⠀&lt;/row&gt;
          &lt;row&gt;⠀⠀⠀⠀⠀⠀⠍⠁⠗⠛⠞⠑⠅⠎⠞⠒⠀⠠⠞⠓⠊⠎⠀⠊⠎⠀⠁⠝⠀⠀⠀⠀&lt;/row&gt;
          &lt;row&gt;⠀⠀⠀⠀⠑⠭⠁⠍⠏⠇⠑⠀⠕⠋⠀⠍⠁⠗⠛⠊⠝⠀⠞⠑⠅⠎⠞⠂⠀⠁⠝⠙&lt;/row&gt;
          &lt;row&gt;⠀⠀⠀⠀⠽⠕⠥⠀⠺⠊⠇⠇⠀⠊⠝⠀⠞⠓⠑⠀⠠⠏⠑⠋⠀⠎⠑⠀⠞⠓⠁⠞&lt;/row&gt;
          &lt;row&gt;⠀⠀⠀⠀⠀⠀⠀⠀⠀⠀⠀⠀⠀⠀⠀⠼⠃⠀⠀⠀⠀⠀⠀⠀⠀⠀⠀⠀⠀⠀⠀⠀&lt;/row&gt;
        &lt;/page&gt;
        &lt;page&gt;
          &lt;row&gt;⠀⠀⠀⠀⠞⠓⠑⠀⠺⠕⠗⠙⠀⠲⠠⠍⠁⠗⠛⠞⠑⠅⠎⠞⠲⠀⠊⠎⠀⠁⠙⠤&lt;/row&gt;
          &lt;row&gt;⠀⠀⠀⠀⠙⠑⠙⠀⠃⠽⠀⠠⠝⠕⠗⠃⠗⠁⠊⠇⠇⠑⠄⠀⠀⠀⠀⠀⠀⠀⠀⠀&lt;/row&gt;
          &lt;row&gt;⠀⠀⠀⠀⠀⠀⠀⠀⠀⠀⠀⠀⠀⠀⠀⠀⠀⠀⠀⠀⠀⠀⠀⠀⠀⠀⠀⠀⠀⠀⠀⠀&lt;/row&gt;
          &lt;row&gt;⠀⠀⠀⠀⠀⠀⠀⠀⠀⠀⠀⠀⠀⠀⠀⠀⠀⠀⠀⠀⠀⠀⠀⠀⠀⠀⠀⠀⠀⠀⠀⠀&lt;/row&gt;
          &lt;row&gt;⠀⠀⠀⠀⠀⠀⠀⠀⠀⠀⠀⠀⠀⠀⠀⠀⠀⠀⠀⠀⠀⠀⠀⠀⠀⠀⠀⠀⠀⠀⠀⠀&lt;/row&gt;
          &lt;row&gt;⠀⠀⠀⠀⠀⠀⠀⠀⠀⠀⠀⠀⠀⠀⠀⠀⠀⠀⠀⠀⠀⠀⠀⠀⠀⠀⠀⠀⠀⠀⠀⠀&lt;/row&gt;
          &lt;row&gt;⠀⠀⠀⠀⠀⠀⠀⠀⠀⠀⠀⠀⠀⠀⠀⠀⠀⠀⠀⠀⠀⠀⠀⠀⠀⠀⠀⠀⠀⠀⠀⠀&lt;/row&gt;
          &lt;row&gt;⠀⠀⠀⠀⠀⠀⠀⠀⠀⠀⠀⠀⠀⠀⠀⠀⠀⠀⠀⠀⠀⠀⠀⠀⠀⠀⠀⠀⠀⠀⠀⠀&lt;/row&gt;
          &lt;row&gt;⠀⠀⠀⠀⠀⠀⠀⠀⠀⠀⠀⠀⠀⠀⠀⠀⠀⠀⠀⠀⠀⠀⠀⠀⠀⠀⠀⠀⠀⠀⠀⠀&lt;/row&gt;
          &lt;row&gt;⠀⠀⠀⠀⠀⠀⠀⠀⠀⠀⠀⠀⠀⠀⠀⠀⠀⠀⠀⠀⠀⠀⠀⠀⠀⠀⠀⠀⠀⠀⠀⠀&lt;/row&gt;
          &lt;row&gt;⠀⠀⠀⠀⠀⠀⠀⠀⠀⠀⠀⠀⠀⠀⠀⠀⠀⠀⠀⠀⠀⠀⠀⠀⠀⠀⠀⠀⠀⠀⠀⠀&lt;/row&gt;
          &lt;row&gt;⠀⠀⠀⠀⠀⠀⠀⠀⠀⠀⠀⠀⠀⠀⠀⠀⠀⠀⠀⠀⠀⠀⠀⠀⠀⠀⠀⠀⠀⠀⠀⠀&lt;/row&gt;
          &lt;row&gt;⠀⠀⠀⠀⠀⠀⠀⠀⠀⠀⠀⠀⠀⠀⠀⠀⠀⠀⠀⠀⠀⠀⠀⠀⠀⠀⠀⠀⠀⠀⠀⠀&lt;/row&gt;
          &lt;row&gt;⠀⠀⠀⠀⠀⠀⠀⠀⠀⠀⠀⠀⠀⠀⠀⠀⠀⠀⠀⠀⠀⠀⠀⠀⠀⠀⠀⠀⠀⠀⠀⠀&lt;/row&gt;
          &lt;row&gt;⠀⠀⠀⠀⠀⠀⠀⠀⠀⠀⠀⠀⠀⠀⠀⠀⠀⠀⠀⠀⠀⠀⠀⠀⠀⠀⠀⠀⠀⠀⠀⠀&lt;/row&gt;
          &lt;row&gt;⠀⠀⠀⠀⠀⠀⠀⠀⠀⠀⠀⠀⠀⠀⠀⠀⠀⠀⠀⠀⠀⠀⠀⠀⠀⠀⠀⠀⠀⠀⠀⠀&lt;/row&gt;
          &lt;row&gt;⠀⠀⠀⠀⠀⠀⠀⠀⠀⠀⠀⠀⠀⠀⠀⠀⠀⠀⠀⠀⠀⠀⠀⠀⠀⠀⠀⠀⠀⠀⠀⠀&lt;/row&gt;
          &lt;row&gt;⠀⠀⠀⠀⠀⠀⠀⠀⠀⠀⠀⠀⠀⠀⠀⠀⠀⠀⠀⠀⠀⠀⠀⠀⠀⠀⠀⠀⠀⠀⠀⠀&lt;/row&gt;
          &lt;row&gt;⠀⠀⠀⠀⠀⠀⠀⠀⠀⠀⠀⠀⠀⠀⠀⠀⠀⠀⠀⠀⠀⠀⠀⠀⠀⠀⠀⠀⠀⠀⠀⠀&lt;/row&gt;
          &lt;row&gt;⠀⠀⠀⠀⠀⠀⠀⠀⠀⠀⠀⠀⠀⠀⠀⠀⠀⠀⠀⠀⠀⠀⠀⠀⠀⠀⠀⠀⠀⠀⠀⠀&lt;/row&gt;
          &lt;row&gt;⠀⠀⠀⠀⠀⠀⠀⠀⠀⠀⠀⠀⠀⠀⠀⠀⠀⠀⠀⠀⠀⠀⠀⠀⠀⠀⠀⠀⠀⠀⠀⠀&lt;/row&gt;
          &lt;row&gt;⠀⠀⠀⠀⠀⠀⠀⠀⠀⠀⠀⠀⠀⠀⠀⠀⠀⠀⠀⠀⠀⠀⠀⠀⠀⠀⠀⠀⠀⠀⠀⠀&lt;/row&gt;
          &lt;row&gt;⠀⠀⠀⠀⠀⠀⠀⠀⠀⠀⠀⠀⠀⠀⠀⠀⠀⠀⠀⠀⠀⠀⠀⠀⠀⠀⠀⠀⠀⠀⠀⠀&lt;/row&gt;
          &lt;row&gt;⠀⠀⠀⠀⠀⠀⠀⠀⠀⠀⠀⠀⠀⠀⠀⠀⠀⠀⠀⠀⠀⠀⠀⠀⠀⠀⠀⠀⠀⠀⠀⠀&lt;/row&gt;
          &lt;row&gt;⠀⠀⠀⠀⠀⠀⠀⠀⠀⠀⠀⠀⠀⠀⠀⠀⠀⠀⠀⠀⠀⠀⠀⠀⠀⠀⠀⠀⠀⠀⠀⠀&lt;/row&gt;
          &lt;row&gt;⠀⠀⠀⠀⠀⠀⠀⠀⠀⠀⠀⠀⠀⠀⠀⠀⠀⠀⠀⠀⠀⠀⠀⠀⠀⠀⠀⠀⠀⠀⠀⠀&lt;/row&gt;
          &lt;row&gt;⠀⠀⠀⠀⠀⠀⠀⠀⠀⠀⠀⠀⠀⠀⠀⠀⠀⠀⠀⠀⠀⠀⠀⠀⠀⠀⠀⠀⠀⠀⠀⠀&lt;/row&gt;
          &lt;row&gt;⠀⠀⠀⠀⠀⠀⠀⠀⠀⠀⠀⠀⠀⠀⠀⠼⠉⠀⠀⠀⠀⠀⠀⠀⠀⠀⠀⠀⠀⠀⠀⠀&lt;/row&gt;
        &lt;/page&gt;
        &lt;page&gt;
          &lt;row&gt;⠀⠀⠀⠀⠀⠀⠀⠀⠀⠀⠀⠀⠀⠀⠀⠀⠀⠀⠀⠀⠀⠀⠀⠀⠀⠀⠀⠀⠀⠀⠀⠀&lt;/row&gt;
          &lt;row&gt;⠀⠀⠀⠀⠀⠀⠀⠀⠀⠀⠀⠀⠀⠀⠀⠀⠀⠀⠀⠀⠀⠀⠀⠀⠀⠀⠀⠀⠀⠀⠀⠀&lt;/row&gt;
          &lt;row&gt;⠀⠀⠀⠀⠀⠀⠀⠀⠀⠀⠀⠀⠀⠀⠀⠀⠀⠀⠀⠀⠀⠀⠀⠀⠀⠀⠀⠀⠀⠀⠀⠀&lt;/row&gt;
          &lt;row&gt;⠀⠀⠀⠀⠀⠀⠀⠀⠀⠀⠀⠀⠀⠀⠀⠀⠀⠀⠀⠀⠀⠀⠀⠀⠀⠀⠀⠀⠀⠀⠀⠀&lt;/row&gt;
          &lt;row&gt;⠀⠀⠀⠀⠀⠀⠀⠀⠀⠀⠀⠀⠀⠀⠀⠀⠀⠀⠀⠀⠀⠀⠀⠀⠀⠀⠀⠀⠀⠀⠀⠀&lt;/row&gt;
          &lt;row&gt;⠀⠀⠀⠀⠀⠀⠀⠀⠀⠀⠀⠀⠀⠀⠀⠀⠀⠀⠀⠀⠀⠀⠀⠀⠀⠀⠀⠀⠀⠀⠀⠀&lt;/row&gt;
          &lt;row&gt;⠀⠀⠀⠀⠀⠀⠀⠀⠀⠀⠀⠀⠀⠀⠀⠀⠀⠀⠀⠀⠀⠀⠀⠀⠀⠀⠀⠀⠀⠀⠀⠀&lt;/row&gt;
          &lt;row&gt;⠀⠀⠀⠀⠀⠀⠀⠀⠀⠀⠀⠀⠀⠀⠀⠀⠀⠀⠀⠀⠀⠀⠀⠀⠀⠀⠀⠀⠀⠀⠀⠀&lt;/row&gt;
          &lt;row&gt;⠀⠀⠀⠀⠀⠀⠀⠀⠀⠀⠀⠀⠀⠀⠀⠀⠀⠀⠀⠀⠀⠀⠀⠀⠀⠀⠀⠀⠀⠀⠀⠀&lt;/row&gt;
          &lt;row&gt;⠀⠀⠀⠀⠀⠀⠀⠀⠀⠀⠀⠀⠀⠀⠀⠀⠀⠀⠀⠀⠀⠀⠀⠀⠀⠀⠀⠀⠀⠀⠀⠀&lt;/row&gt;
          &lt;row&gt;⠀⠀⠀⠀⠀⠀⠀⠀⠀⠀⠀⠀⠀⠀⠀⠀⠀⠀⠀⠀⠀⠀⠀⠀⠀⠀⠀⠀⠀⠀⠀⠀&lt;/row&gt;
          &lt;row&gt;⠀⠀⠀⠀⠀⠀⠀⠀⠀⠀⠀⠀⠀⠀⠀⠀⠀⠀⠀⠀⠀⠀⠀⠀⠀⠀⠀⠀⠀⠀⠀⠀&lt;/row&gt;
          &lt;row&gt;⠀⠀⠀⠀⠀⠀⠀⠀⠀⠀⠀⠀⠀⠀⠀⠀⠀⠀⠀⠀⠀⠀⠀⠀⠀⠀⠀⠀⠀⠀⠀⠀&lt;/row&gt;
          &lt;row&gt;⠀⠀⠀⠀⠀⠀⠀⠀⠀⠀⠀⠀⠀⠀⠀⠀⠀⠀⠀⠀⠀⠀⠀⠀⠀⠀⠀⠀⠀⠀⠀⠀&lt;/row&gt;
          &lt;row&gt;⠀⠀⠀⠀⠀⠀⠀⠀⠀⠀⠀⠀⠀⠀⠀⠀⠀⠀⠀⠀⠀⠀⠀⠀⠀⠀⠀⠀⠀⠀⠀⠀&lt;/row&gt;
          &lt;row&gt;⠀⠀⠀⠀⠀⠀⠀⠀⠀⠀⠀⠀⠀⠀⠀⠀⠀⠀⠀⠀⠀⠀⠀⠀⠀⠀⠀⠀⠀⠀⠀⠀&lt;/row&gt;
          &lt;row&gt;⠀⠀⠀⠀⠀⠀⠀⠀⠀⠀⠀⠀⠀⠀⠀⠀⠀⠀⠀⠀⠀⠀⠀⠀⠀⠀⠀⠀⠀⠀⠀⠀&lt;/row&gt;
          &lt;row&gt;⠀⠀⠀⠀⠀⠀⠀⠀⠀⠀⠀⠀⠀⠀⠀⠀⠀⠀⠀⠀⠀⠀⠀⠀⠀⠀⠀⠀⠀⠀⠀⠀&lt;/row&gt;
          &lt;row&gt;⠀⠀⠀⠀⠀⠀⠀⠀⠀⠀⠀⠀⠀⠀⠀⠀⠀⠀⠀⠀⠀⠀⠀⠀⠀⠀⠀⠀⠀⠀⠀⠀&lt;/row&gt;
          &lt;row&gt;⠀⠀⠀⠀⠀⠀⠀⠀⠀⠀⠀⠀⠀⠀⠀⠀⠀⠀⠀⠀⠀⠀⠀⠀⠀⠀⠀⠀⠀⠀⠀⠀&lt;/row&gt;
          &lt;row&gt;⠀⠀⠀⠀⠀⠀⠀⠀⠀⠀⠀⠀⠀⠀⠀⠀⠀⠀⠀⠀⠀⠀⠀⠀⠀⠀⠀⠀⠀⠀⠀⠀&lt;/row&gt;
          &lt;row&gt;⠀⠀⠀⠀⠀⠀⠀⠀⠀⠀⠀⠀⠀⠀⠀⠀⠀⠀⠀⠀⠀⠀⠀⠀⠀⠀⠀⠀⠀⠀⠀⠀&lt;/row&gt;
          &lt;row&gt;⠀⠀⠀⠀⠀⠀⠀⠀⠀⠀⠀⠀⠀⠀⠀⠀⠀⠀⠀⠀⠀⠀⠀⠀⠀⠀⠀⠀⠀⠀⠀⠀&lt;/row&gt;
          &lt;row&gt;⠀⠀⠀⠀⠀⠀⠀⠀⠀⠀⠀⠀⠀⠀⠀⠀⠀⠀⠀⠀⠀⠀⠀⠀⠀⠀⠀⠀⠀⠀⠀⠀&lt;/row&gt;
          &lt;row&gt;⠀⠀⠀⠀⠀⠀⠀⠀⠀⠀⠀⠀⠀⠀⠀⠀⠀⠀⠀⠀⠀⠀⠀⠀⠀⠀⠀⠀⠀⠀⠀⠀&lt;/row&gt;
          &lt;row&gt;⠀⠀⠀⠀⠀⠀⠀⠀⠀⠀⠀⠀⠀⠀⠀⠀⠀⠀⠀⠀⠀⠀⠀⠀⠀⠀⠀⠀⠀⠀⠀⠀&lt;/row&gt;
          &lt;row&gt;⠀⠀⠀⠀⠀⠀⠀⠀⠀⠀⠀⠀⠀⠀⠀⠀⠀⠀⠀⠀⠀⠀⠀⠀⠀⠀⠀⠀⠀⠀⠀⠀&lt;/row&gt;
          &lt;row&gt;⠀⠀⠀⠀⠀⠀⠀⠀⠀⠀⠀⠀⠀⠀⠀⠼⠙⠀⠀⠀⠀⠀⠀⠀⠀⠀⠀⠀⠀⠀⠀⠀&lt;/row&gt;
        &lt;/page&gt;
      &lt;/section&gt;
    &lt;/volume&gt;
  &lt;/body&gt;
&lt;/pef&gt;

Was:



application/x-pef+xml
identifier?
2015-12-03






⠠⠁⠥⠞⠕⠍⠁⠞⠊⠉⠀⠊⠝⠎⠑⠗⠞⠊⠕⠝⠀⠕⠋⠀⠉⠕⠝⠞⠑⠝⠞⠀
⠞⠑⠎⠞⠀⠼⠙⠄⠛⠄⠊⠋⠀⠠⠅⠁⠗⠊⠀⠼⠙⠄⠛⠄⠊⠋⠄⠀
⠠⠁⠥⠞⠕⠍⠁⠞⠊⠉⠀⠊⠝⠎⠑⠗⠞⠊⠕⠝⠀⠕⠋⠀⠉⠕⠝⠞⠑⠝⠞⠀
⠞⠑⠎⠞

⠀⠀⠀⠀⠀⠀⠀⠠⠁⠥⠕⠍⠞⠁⠊⠉⠀⠊⠝⠎⠑⠗⠞⠊⠕⠝⠀⠕⠋⠀
⠀⠀⠉⠕⠝⠞⠑⠝⠞⠀⠕⠝⠀⠞⠊⠞⠇⠑⠀⠏⠁⠛⠑

⠀⠀⠀⠀⠠⠞⠓⠑⠀⠞⠊⠞⠇⠑⠀⠏⠁⠛⠑⠀⠓⠁⠎⠀⠑⠭⠁⠍⠏⠇⠑⠀
⠀⠀⠕⠋⠀⠃⠕⠊⠇⠱⠀⠞⠑⠭⠞⠒⠀⠠⠠⠝⠇⠃⠀⠠⠝⠕⠗⠛⠑⠀
⠀⠀⠼⠃⠚⠁⠑⠀⠁⠝⠙⠀⠠⠓⠑⠋⠞⠑⠀⠼⠁⠀⠁⠧⠀⠼⠃⠄⠀
⠀⠀⠠⠞⠓⠑⠀⠽⠑⠼⠀⠉⠓⠁⠝⠛⠑⠎⠀⠁⠥⠞⠕⠍⠁⠞⠊⠉⠁⠇⠇⠽
⠀⠀⠊⠝⠀⠠⠝⠕⠗⠠⠃⠗⠁⠊⠇⠇⠑⠀⠑⠧⠑⠗⠽⠀⠝⠑⠺⠀⠽⠑⠼⠄
⠀⠀⠠⠝⠕⠗⠠⠃⠗⠁⠊⠇⠇⠑⠀⠊⠎⠀⠝⠕⠞⠀⠁⠝⠀⠕⠏⠣⠀
⠀⠀⠎⠕⠥⠗⠉⠑⠀⠞⠕⠕⠇⠀⠁⠝⠙⠀⠺⠑⠀⠉⠁⠝⠀⠝⠕⠞⠀
⠀⠀⠑⠙⠊⠞⠀⠞⠓⠑⠀⠞⠑⠍⠏⠇⠁⠞⠑⠌⠞⠓⠑⠀⠞⠊⠞⠇⠑⠀
⠀⠀⠏⠁⠛⠑⠀⠥⠝⠇⠑⠎⠎⠀⠺⠑⠀⠙⠕⠀⠊⠞⠀⠍⠁⠝⠥⠁⠇⠇⠽⠀
⠀⠀⠊⠝⠀⠞⠓⠑⠀⠠⠠⠏⠑⠋⠀⠋⠊⠇⠑⠄⠀⠠⠧⠕⠇⠥⠍⠑⠀
⠀⠀⠝⠥⠍⠃⠱⠀⠰⠭⠀⠕⠋⠀⠰⠽⠀⠊⠎⠀⠏⠗⠊⠝⠞⠑⠙⠀⠕⠝⠀
⠀⠀⠑⠧⠑⠗⠽⠀⠞⠊⠞⠇⠑⠏⠁⠛⠑⠄⠀⠠⠞⠓⠑⠀⠙⠊⠧⠊⠙⠊⠝⠛
⠀⠀⠊⠝⠞⠕⠀⠧⠕⠇⠥⠍⠑⠎⠀⠓⠁⠏⠏⠑⠝⠎⠀⠊⠝⠀
⠀⠀⠠⠝⠕⠗⠠⠃⠗⠁⠊⠇⠇⠑⠄

⠀⠀⠀⠀⠀⠀⠀⠲⠠⠁⠃⠕⠥⠞⠀⠞⠓⠑⠀⠃⠕⠕⠅⠲⠀⠤⠤⠀
⠀⠀⠠⠎⠞⠁⠝⠙⠁⠗⠙⠀⠞⠑⠭⠞⠀⠊⠝⠀⠋⠊⠗⠎⠞⠀⠧⠕⠇⠥⠍⠑

⠀⠀⠀⠀⠠⠕⠝⠀⠞⠓⠑⠀⠞⠓⠊⠗⠙⠀⠏⠁⠛⠑⠀⠊⠎⠀⠰⠁⠀
⠀⠀⠎⠞⠁⠝⠙⠁⠗⠙⠀⠞⠑⠭⠞⠀⠲⠠⠕⠍⠀⠃⠕⠅⠁⠲⠀


⠀⠀⠦⠲⠠⠁⠃⠕⠥⠞⠀⠞⠓⠑⠀⠃⠕⠕⠅⠲⠴⠀⠞⠓⠁⠞⠀⠊⠎⠀
⠀⠀⠊⠝⠎⠑⠗⠞⠑⠙⠀⠁⠥⠞⠕⠍⠁⠞⠊⠉⠁⠇⠇⠽⠀⠊⠝⠀⠞⠓⠑⠀
⠀⠀⠋⠊⠗⠎⠞⠀⠧⠕⠇⠥⠍⠑⠀⠕⠋⠀⠁⠇⠇⠀
⠀⠀⠏⠗⠕⠙⠥⠉⠞⠊⠕⠝⠎⠄⠀⠠⠊⠞⠀⠓⠁⠎⠀⠎⠞⠁⠝⠙⠁⠗⠙⠀
⠀⠀⠞⠑⠭⠞⠀⠁⠎⠀⠲⠠⠥⠝⠉⠕⠝⠉⠞⠗⠁⠉⠞⠑⠙⠀
⠀⠀⠃⠗⠁⠊⠇⠇⠑⠲⠀⠁⠝⠙⠀⠲⠠⠞⠓⠑⠀⠃⠕⠕⠅⠀⠎⠓⠁⠇⠇⠀
⠀⠀⠝⠕⠞⠀⠃⠑⠀⠗⠑⠞⠥⠗⠝⠑⠙⠲⠄

⠀⠀⠀⠀⠀⠀⠀⠠⠞⠑⠭⠞⠀⠊⠝⠀⠍⠁⠗⠛⠊⠝⠌⠠⠎⠊⠙⠑⠃⠼

⠀⠀⠀⠀⠠⠞⠑⠭⠞⠀⠊⠝⠀⠍⠁⠗⠛⠊⠝⠀⠦⠊⠝⠀⠕⠗⠊⠛⠊⠝⠁⠇
⠀⠀⠃⠕⠕⠅⠴⠀⠊⠎⠀⠁⠝⠀⠑⠭⠁⠍⠏⠇⠑⠀⠕⠋⠀⠞⠑⠭⠞⠀
⠀⠀⠞⠓⠁⠞⠀⠛⠬⠀⠁⠝⠀⠁⠥⠞⠕⠍⠁⠞⠊⠉⠀⠊⠝⠎⠑⠗⠞⠑⠑⠙
⠀⠀⠺⠕⠗⠙⠀⠊⠝⠀⠕⠥⠗⠀⠃⠗⠁⠊⠇⠇⠑⠀⠃⠕⠕⠅⠎⠀
⠀⠀⠦⠠⠍⠁⠗⠛⠞⠑⠅⠎⠞⠒⠴
⠀⠀⠀⠀⠠⠞⠓⠊⠎⠀⠊⠎⠀⠁⠝⠀⠑⠭⠁⠍⠏⠇⠑⠀⠕⠋⠀
⠀⠀⠍⠁⠗⠛⠊⠝⠀⠞⠑⠅⠎⠞⠂⠀⠁⠝⠙⠀⠽⠕⠥⠀⠺⠊⠇⠇⠀⠊⠝⠀
⠀⠀⠞⠓⠑⠀⠠⠠⠏⠑⠋⠀⠎⠑⠀⠞⠓⠁⠞⠀⠞⠓⠑⠀⠺⠕⠗⠙⠀
⠀⠀⠲⠠⠍⠁⠗⠛⠞⠑⠅⠎⠞⠲⠀⠊⠎⠀⠁⠙⠙⠑⠙⠀⠃⠽⠀
⠀⠀⠠⠝⠕⠗⠠⠃⠗⠁⠊⠇⠇⠑⠄




</system-err></testcase></testsuite><testsuite timestamp="2015-12-03T15:53:14.537Z" hostname="localhost" tests="2" errors="0" failures="1" skipped="0" id="d7644e1" name="4796BoilerplateWhenBreakingIntoVolumes" package="http://www.daisy.org/ns/pipeline/xproc/internal" time="3.777">
<properties><property name="input: source" value="&lt;level1 xmlns=&#34;http://www.daisy.org/z3986/2005/dtbook/&#34; ...&gt;...&lt;/level1&gt; (Base URI: file:/Users/bert/src/snaekobbi/src/requirements/src/test/generated-content/test.xprocspec)"/>

<property name="option: stylesheet" value="file:/Users/bert/src/snaekobbi/src/requirements/src/test/generated-content/style-sbs.css"/>
<property name="option: transform" value="(formatter:dotify)(translator:sbs)(grade:0)"/>
<property name="option: temp-dir" value="file:/Users/bert/src/snaekobbi/src/requirements/target/xprocspec//tmp/xprocspec-20151203165258059/"/>

</properties>
<testcase name="theStepShouldExecuteSuccessfullyWithoutThrowingAnyErrors" classname="css-inline-and-px-transform-type-css" assertions="1" time="0" status="SUCCESS"><system-out>the step should execute successfully without throwing any errors: SUCCESS</system-out>
<system-err/></testcase><testcase name="result" classname="css-inline-and-px-transform-type-css" assertions="1" time="0" status="FAILED"><failure message="result" type="custom"/><system-out>result: FAILED</system-out>
<system-err>Expected:
&lt;pef xmlns="http://www.daisy.org/ns/2008/pef" version="2008-1"&gt;
  &lt;head&gt;
    &lt;meta xmlns:dc="http://purl.org/dc/elements/1.1/" xmlns:dp2="http://www.daisy.org/ns/pipeline"&gt;
      &lt;dc:date&gt;2015-07-13&lt;/dc:date&gt;
      &lt;dc:format&gt;application/x-pef+xml&lt;/dc:format&gt;
      &lt;dc:identifier&gt;AUTO_ID_382543965&lt;/dc:identifier&gt;
      &lt;dp2:ascii-table&gt;(liblouis-table:"http://www.sbs.ch/pipeline/liblouis/tables/sbs.dis")&lt;/dp2:ascii-table&gt;
    &lt;/meta&gt;
  &lt;/head&gt;
  &lt;body&gt;
    &lt;volume cols="28" rows="28" rowgap="0" duplex="false"&gt;
      &lt;section&gt;
        &lt;page&gt;
          &lt;row/&gt;
          &lt;row&gt;⠀⠀⠀⠀⠀⠀⠀⠀⠀⠅⠁⠏⠊⠞⠑⠇⠀⠼⠁&lt;/row&gt;
          &lt;row&gt;⠀⠀⠀⠀⠀⠀⠀⠀⠀⠤⠤⠤⠤⠤⠤⠤⠤⠤⠤&lt;/row&gt;
          &lt;row/&gt;
          &lt;row&gt;⠀⠀⠃⠇⠁⠀⠃⠇⠁⠀⠃⠇⠁&lt;/row&gt;
          &lt;row&gt;⠀⠀⠃⠇⠁⠀⠃⠇⠁⠀⠃⠇⠁&lt;/row&gt;
          &lt;row/&gt;
          &lt;row&gt;⠀⠀⠀⠀⠀⠀⠀⠀⠒⠒⠒⠒⠒⠒⠒⠒⠒⠒⠒⠒&lt;/row&gt;
          &lt;row&gt;⠀⠀⠀⠑⠝⠙⠑⠀⠙⠑⠎⠀⠑⠗⠎⠞⠑⠝⠀⠃⠁⠝⠙⠑⠎&lt;/row&gt;
          &lt;row/&gt;
          &lt;row/&gt;
          &lt;row/&gt;
          &lt;row/&gt;
          &lt;row/&gt;
          &lt;row/&gt;
          &lt;row/&gt;
          &lt;row/&gt;
          &lt;row/&gt;
          &lt;row/&gt;
          &lt;row/&gt;
          &lt;row/&gt;
          &lt;row/&gt;
          &lt;row/&gt;
          &lt;row/&gt;
          &lt;row/&gt;
          &lt;row/&gt;
          &lt;row/&gt;
          &lt;row&gt;⠒⠒⠒⠀⠅⠁⠏⠊⠞⠑⠇⠀⠼⠁⠀⠀⠀⠀⠀⠀⠀⠀⠀⠀⠀⠀⠼⠁&lt;/row&gt;
        &lt;/page&gt;
        &lt;page&gt;
          &lt;row/&gt;
          &lt;row/&gt;
          &lt;row/&gt;
          &lt;row/&gt;
          &lt;row/&gt;
          &lt;row/&gt;
          &lt;row/&gt;
          &lt;row/&gt;
          &lt;row/&gt;
          &lt;row/&gt;
          &lt;row/&gt;
          &lt;row/&gt;
          &lt;row/&gt;
          &lt;row/&gt;
          &lt;row/&gt;
          &lt;row/&gt;
          &lt;row/&gt;
          &lt;row/&gt;
          &lt;row/&gt;
          &lt;row/&gt;
          &lt;row/&gt;
          &lt;row/&gt;
          &lt;row/&gt;
          &lt;row/&gt;
          &lt;row/&gt;
          &lt;row/&gt;
          &lt;row/&gt;
          &lt;row/&gt;
        &lt;/page&gt;
        &lt;page&gt;
          &lt;row/&gt;
          &lt;row&gt;⠅⠁⠏⠊⠞⠑⠇⠀⠼⠁⠀⠠⠰⠶⠋⠕⠗⠞⠎⠑⠞⠵⠥⠝⠛⠠⠰⠶&lt;/row&gt;
          &lt;row/&gt;
          &lt;row&gt;⠀⠀⠃⠇⠁⠀⠃⠇⠁⠀⠃⠇⠁&lt;/row&gt;
          &lt;row&gt;⠀⠀⠃⠇⠁⠀⠃⠇⠁⠀⠃⠇⠁&lt;/row&gt;
          &lt;row/&gt;
          &lt;row/&gt;
          &lt;row/&gt;
          &lt;row/&gt;
          &lt;row/&gt;
          &lt;row/&gt;
          &lt;row/&gt;
          &lt;row/&gt;
          &lt;row/&gt;
          &lt;row/&gt;
          &lt;row/&gt;
          &lt;row/&gt;
          &lt;row/&gt;
          &lt;row/&gt;
          &lt;row/&gt;
          &lt;row/&gt;
          &lt;row/&gt;
          &lt;row/&gt;
          &lt;row/&gt;
          &lt;row/&gt;
          &lt;row/&gt;
          &lt;row/&gt;
          &lt;row&gt;⠒⠒⠒⠀⠅⠁⠏⠊⠞⠑⠇⠀⠼⠁⠀⠀⠀⠀⠀⠀⠀⠀⠀⠀⠀⠀⠼⠉&lt;/row&gt;
        &lt;/page&gt;
      &lt;/section&gt;
    &lt;/volume&gt;
  &lt;/body&gt;
&lt;/pef&gt;

Was:



application/x-pef+xml
identifier?
2015-12-03






⠅⠁⠏⠊⠞⠽⠀⠼⠁
⠃⠇⠁⠀⠃⠇⠁⠀⠃⠇⠁
⠃⠇⠁⠀⠃⠇⠁⠀⠃⠇⠁
⠃⠇⠁⠀⠃⠇⠁⠀⠃⠇⠁
⠃⠇⠁⠀⠃⠇⠁⠀⠃⠇⠁




</system-err></testcase></testsuite><testsuite timestamp="2015-12-03T15:53:14.543Z" hostname="localhost" tests="2" errors="0" failures="1" skipped="0" id="d7651e1" name="4795MarksInLeftMarginPt1" package="http://www.daisy.org/ns/pipeline/xproc/internal" time="3.749">
<properties><property name="input: source" value="&lt;_ xmlns=&#34;http://www.daisy.org/z3986/2005/dtbook/&#34; ...&gt;...&lt;/_&gt; (Base URI: file:/Users/bert/src/snaekobbi/src/requirements/src/test/generated-content/test.xprocspec)"/>

<property name="option: stylesheet" value="file:/Users/bert/src/snaekobbi/src/requirements/src/test/generated-content/style-sbs.css"/>
<property name="option: transform" value="(formatter:dotify)(translator:sbs)(grade:0)"/>
<property name="option: temp-dir" value="file:/Users/bert/src/snaekobbi/src/requirements/target/xprocspec//tmp/xprocspec-20151203165258059/"/>

</properties>
<testcase name="theStepShouldExecuteSuccessfullyWithoutThrowingAnyErrors" classname="css-inline-and-px-transform-type-css" assertions="1" time="0" status="SUCCESS"><system-out>the step should execute successfully without throwing any errors: SUCCESS</system-out>
<system-err/></testcase><testcase name="result" classname="css-inline-and-px-transform-type-css" assertions="1" time="0" status="FAILED"><failure message="result" type="custom"/><system-out>result: FAILED</system-out>
<system-err>Expected:
&lt;pef xmlns="http://www.daisy.org/ns/2008/pef" version="2008-1"&gt;
  &lt;head&gt;
    &lt;meta xmlns:dc="http://purl.org/dc/elements/1.1/" xmlns:dp2="http://www.daisy.org/ns/pipeline"&gt;
      &lt;dc:date&gt;2015-07-13&lt;/dc:date&gt;
      &lt;dc:format&gt;application/x-pef+xml&lt;/dc:format&gt;
      &lt;dc:identifier&gt;AUTO_ID_036817884&lt;/dc:identifier&gt;
      &lt;dp2:ascii-table&gt;(liblouis-table:"http://www.sbs.ch/pipeline/liblouis/tables/sbs.dis")&lt;/dp2:ascii-table&gt;
    &lt;/meta&gt;
  &lt;/head&gt;
  &lt;body&gt;
    &lt;volume cols="37" rows="28" rowgap="0" duplex="false"&gt;
      &lt;section&gt;
        &lt;page&gt;
          &lt;row&gt;⠀⠀⠀⠀⠑⠀⠂⠡⠛⠁⠃⠉⠀⠼⠁⠑⠀⠃⠎⠀⠼⠁⠛⠀⠇⠬⠛⠞⠀⠚⠑⠺⠩⠇⠎⠀⠙&lt;/row&gt;
          &lt;row&gt;⠀⠀⠝⠃⠾⠶⠉⠙⠀⠯⠵⠩⠹⠝⠑⠦⠀⠎⠉⠅⠗⠞⠑⠀⠙⠗⠩⠎⠩⠞⠘⠑&lt;/row&gt;
          &lt;row&gt;⠀⠀⠏⠗⠊⠎⠍⠁⠀⠂⠵⠛⠙⠑⠄⠀⠫⠀⠮⠂⠮⠉⠙⠿⠀⠍⠕⠙⠑⠟⠀⠅⠀⠙⠗&lt;/row&gt;
          &lt;row&gt;⠀⠀⠃⠍⠀⠇⠪⠎⠉⠀⠗⠀⠫⠵⠽⠝⠉⠀⠂⠡⠛⠁⠃⠉⠀⠐⠝⠵⠸⠀⠪⠄&lt;/row&gt;
          &lt;row&gt;⠀⠀⠰⠶⠁⠃⠃⠄⠀⠝⠀⠂⠳⠞⠛⠉⠆⠀⠛⠙⠋⠇⠜⠹⠑⠒⠀⠙⠗⠩⠑⠨&lt;/row&gt;
          &lt;row&gt;⠀⠀⠨⠁⠨⠃⠨⠉⠂⠀⠙⠑⠨⠋⠇⠜⠹⠑⠒⠀⠙⠗⠩⠑⠨⠀⠨⠙⠨⠑⠨⠋⠠⠰⠶&lt;/row&gt;
          &lt;row&gt;⠀⠀⠀⠀⠀⠀⠀⠀⠨⠒⠨⠁⠨⠃⠀⠶⠨⠒⠨⠃⠨⠉⠀⠶⠨⠒⠨⠁⠨⠉⠠&lt;/row&gt;
          &lt;row&gt;⠀⠀⠀⠀⠀⠀⠶⠼⠑⠀⠠⠉⠍&lt;/row&gt;
          &lt;row&gt;⠀⠀⠀⠀⠀⠀⠀⠀⠨⠒⠨⠁⠨⠙⠀⠶⠼⠋⠀⠠⠉⠍&lt;/row&gt;
          &lt;row&gt;⠄⠀⠼⠂⠢⠀⠝⠉⠝⠑⠀⠁⠑⠀⠱⠝⠊⠞⠞⠋⠇⠜⠹⠉⠂⠀⠽⠑⠀⠚⠑⠀⠙⠗⠩⠀⠗&lt;/row&gt;
          &lt;row&gt;⠀⠀⠀⠀⠎⠑⠹⠎⠀⠑⠨⠏⠞⠑⠀⠮⠓⠒⠞⠉⠂⠀⠥⠀⠎⠅⠊⠵⠵⠬⠗⠑⠀⠚⠙⠑&lt;/row&gt;
          &lt;row&gt;⠀⠀⠀⠀⠬⠻⠀⠱⠝⠊⠞⠞⠋⠇⠜⠹⠉⠀⠔⠀⠫⠷⠀⠩⠛⠉⠉⠀⠏⠗⠊⠎⠍⠉⠤&lt;/row&gt;
          &lt;row&gt;⠀⠀⠀⠀⠱⠗⠜⠛⠃⠊⠇⠙⠄&lt;/row&gt;
          &lt;row&gt;⠀⠀⠼⠂⠖&lt;/row&gt;
          &lt;row&gt;⠀⠀⠀⠀⠠⠁⠶⠀⠬⠀⠱⠝⠊⠞⠞⠋⠇⠜⠹⠑⠀⠨⠁⠨⠃⠨⠋⠀⠵⠻⠇⠑⠛⠞⠀⠙&lt;/row&gt;
          &lt;row&gt;⠀⠀⠀⠀⠀⠀⠏⠗⠊⠎⠍⠁⠀⠔⠀⠵⠺⠩⠀⠞⠩⠇⠅⠪⠗⠏⠻⠄⠀⠵⠩⠹⠝⠑&lt;/row&gt;
          &lt;row&gt;⠀⠀⠀⠀⠀⠀⠚⠙⠉⠀⠞⠩⠇⠅⠪⠗⠏⠻⠀⠔⠀⠫⠷⠀⠩⠛⠉⠉⠀⠏⠗⠊⠎⠍⠉⠤&lt;/row&gt;
          &lt;row&gt;⠀⠀⠀⠀⠀⠀⠱⠗⠜⠛⠃⠊⠇⠙⠀⠫⠄&lt;/row&gt;
          &lt;row&gt;⠖⠀⠀⠀⠠⠃⠶⠀⠵⠩⠹⠝⠑⠀⠔⠀⠫⠷⠀⠱⠗⠜⠛⠃⠊⠇⠙⠀⠄⠀⠏⠗⠊⠎⠍⠁⠎&lt;/row&gt;
          &lt;row&gt;⠀⠀⠀⠀⠀⠀⠬⠀⠾⠗⠑⠨⠑⠀⠫⠂⠀⠔⠀⠽⠻⠀⠉⠀⠬⠀⠱⠝⠊⠞⠞⠋⠇⠜⠹⠉&lt;/row&gt;
          &lt;row&gt;⠀⠀⠀⠀⠀⠀⠨⠁⠨⠃⠨⠋⠀⠥⠀⠨⠙⠨⠑⠨⠉⠀⠱⠝⠩⠙⠉⠂⠀⠥⠀⠔⠀⠫⠷&lt;/row&gt;
          &lt;row&gt;⠀⠀⠀⠀⠀⠀⠺⠞⠻⠉⠀⠱⠗⠜⠛⠃⠊⠇⠙⠀⠬⠀⠱⠝⠊⠞⠞⠇⠔⠊⠑⠀⠗&lt;/row&gt;
          &lt;row&gt;⠀⠀⠀⠀⠀⠀⠋⠇⠜⠹⠉⠀⠨⠁⠨⠃⠨⠋⠀⠥⠀⠨⠁⠨⠉⠨⠑⠄&lt;/row&gt;
          &lt;row&gt;⠀⠀⠼⠂⠶⠀⠿⠀⠛⠃⠀⠱⠝⠊⠞⠞⠋⠇⠜⠹⠉⠂⠀⠬⠀⠙⠀⠏⠗⠊⠎⠍⠁⠀⠔&lt;/row&gt;
          &lt;row&gt;⠀⠀⠀⠀⠵⠺⠩⠀⠎⠏⠬⠛⠽⠃⠊⠇⠙⠸⠑⠀⠓⠜⠇⠋⠞⠉⠀⠵⠻⠇⠑⠛⠉⠄&lt;/row&gt;
          &lt;row&gt;⠀⠀⠀⠀⠵⠩⠹⠝⠑⠀⠚⠙⠑⠀⠔⠀⠫⠷⠀⠩⠛⠉⠉⠀⠱⠗⠜⠛⠃⠊⠇⠙⠀⠫⠄&lt;/row&gt;
          &lt;row/&gt;
          &lt;row&gt;⠸⠼⠁⠓⠂⠔⠀⠀⠀⠀⠀⠀⠀⠎⠉⠅⠗⠞⠑⠀⠏⠗⠊⠎⠍⠉⠀⠀⠀⠀⠀⠀⠀⠀⠼⠁⠋&lt;/row&gt;
        &lt;/page&gt;
        &lt;page&gt;
          &lt;row&gt;⠖⠀⠼⠂⠦⠀⠵⠩⠹⠝⠑⠀⠫⠀⠱⠗⠜⠛⠃⠊⠇⠙⠀⠫⠿⠀⠯⠗⠁⠙⠉⠀⠙⠗⠩⠤&lt;/row&gt;
          &lt;row&gt;⠀⠀⠀⠀⠎⠩⠞⠘⠉⠀⠏⠗⠊⠎⠍⠁⠎⠀⠶⠎⠬⠓⠑⠀⠲⠞⠉⠀⠾⠶⠉⠙⠑&lt;/row&gt;
          &lt;row&gt;⠀⠀⠀⠀⠋⠘⠥⠗⠶⠀⠥⠀⠙⠴⠔⠂⠀⠌⠛⠶⠉⠙⠀⠧⠀⠨⠏⠨⠟⠂⠀⠫⠑&lt;/row&gt;
          &lt;row&gt;⠀⠀⠀⠀⠱⠝⠊⠞⠞⠋⠇⠜⠹⠑⠀⠞⠀⠍⠸⠾⠀⠛⠮⠻⠀⠑⠨⠉⠵⠇⠄&lt;/row&gt;
          &lt;row&gt;⠀⠀⠀⠀⠰⠶⠁⠃⠃⠄⠀⠝⠀⠂⠳⠞⠛⠉⠆⠀⠛⠙⠋⠇⠜⠹⠑⠒⠀⠙⠗⠩⠑⠨&lt;/row&gt;
          &lt;row&gt;⠀⠀⠀⠀⠨⠁⠨⠃⠨⠉⠂⠀⠙⠑⠨⠋⠇⠜⠹⠑⠒⠀⠙⠗⠩⠑⠨⠀⠨⠙⠨⠑⠨⠋⠂&lt;/row&gt;
          &lt;row&gt;⠀⠀⠀⠀⠨⠏⠀⠇⠬⠛⠞⠀⠡⠀⠨⠙⠨⠑⠀⠥⠀⠨⠟⠀⠡⠀⠨⠙⠨⠋⠠⠰⠶&lt;/row&gt;
          &lt;row/&gt;
          &lt;row/&gt;
          &lt;row/&gt;
          &lt;row/&gt;
          &lt;row/&gt;
          &lt;row/&gt;
          &lt;row/&gt;
          &lt;row/&gt;
          &lt;row/&gt;
          &lt;row/&gt;
          &lt;row/&gt;
          &lt;row/&gt;
          &lt;row/&gt;
          &lt;row/&gt;
          &lt;row/&gt;
          &lt;row/&gt;
          &lt;row/&gt;
          &lt;row/&gt;
          &lt;row/&gt;
          &lt;row/&gt;
          &lt;row&gt;⠸⠼⠁⠊⠆⠂⠀⠀⠀⠀⠀⠀⠀⠎⠉⠅⠗⠞⠑⠀⠏⠗⠊⠎⠍⠉⠀⠀⠀⠀⠀⠀⠀⠀⠼⠁⠛&lt;/row&gt;
        &lt;/page&gt;
      &lt;/section&gt;
    &lt;/volume&gt;
  &lt;/body&gt;
&lt;/pef&gt;

Was:



application/x-pef+xml
identifier?
2015-12-03






⠞⠕⠙⠕




</system-err></testcase></testsuite><testsuite timestamp="2015-12-03T15:53:14.549Z" hostname="localhost" tests="2" errors="0" failures="1" skipped="0" id="d7658e1" name="4795MarksInLeftMarginPt2" package="http://www.daisy.org/ns/pipeline/xproc/internal" time="3.848">
<properties><property name="input: source" value="&lt;_ xmlns=&#34;http://www.daisy.org/z3986/2005/dtbook/&#34; ...&gt;...&lt;/_&gt; (Base URI: file:/Users/bert/src/snaekobbi/src/requirements/src/test/generated-content/test.xprocspec)"/>

<property name="option: stylesheet" value="file:/Users/bert/src/snaekobbi/src/requirements/src/test/generated-content/style-sbs.css"/>
<property name="option: transform" value="(formatter:dotify)(translator:sbs)(grade:0)"/>
<property name="option: temp-dir" value="file:/Users/bert/src/snaekobbi/src/requirements/target/xprocspec//tmp/xprocspec-20151203165258059/"/>

</properties>
<testcase name="theStepShouldExecuteSuccessfullyWithoutThrowingAnyErrors" classname="css-inline-and-px-transform-type-css" assertions="1" time="0" status="SUCCESS"><system-out>the step should execute successfully without throwing any errors: SUCCESS</system-out>
<system-err/></testcase><testcase name="result" classname="css-inline-and-px-transform-type-css" assertions="1" time="0" status="FAILED"><failure message="result" type="custom"/><system-out>result: FAILED</system-out>
<system-err>Expected:
&lt;pef xmlns="http://www.daisy.org/ns/2008/pef" version="2008-1"&gt;
  &lt;head&gt;
    &lt;meta xmlns:dc="http://purl.org/dc/elements/1.1/" xmlns:dp2="http://www.daisy.org/ns/pipeline"&gt;
      &lt;dc:date&gt;2015-07-13&lt;/dc:date&gt;
      &lt;dc:format&gt;application/x-pef+xml&lt;/dc:format&gt;
      &lt;dc:identifier&gt;AUTO_ID_005759559&lt;/dc:identifier&gt;
      &lt;dp2:ascii-table&gt;(liblouis-table:"http://www.sbs.ch/pipeline/liblouis/tables/sbs.dis")&lt;/dp2:ascii-table&gt;
    &lt;/meta&gt;
  &lt;/head&gt;
  &lt;body&gt;
    &lt;volume cols="37" rows="28" rowgap="0" duplex="false"&gt;
      &lt;section&gt;
        &lt;page&gt;
          &lt;row&gt;⠄⠀⠐⠟⠘⠀⠝⠸⠄⠀⠙⠁⠀⠬⠀⠵⠊⠧⠊⠇⠑⠀⠇⠥⠋⠞⠂⠗⠞⠀⠔⠀⠑&lt;/row&gt;
          &lt;row&gt;⠀⠀⠤⠛⠖⠛⠉⠉⠀⠚⠗⠉⠀⠎⠗⠀⠾⠴⠅⠀⠂⠵⠯⠝⠭⠀⠓⠞⠂⠀⠎⠙⠀⠬&lt;/row&gt;
          &lt;row&gt;⠀⠀⠍⠩⠾⠉⠀⠋⠇⠥⠛⠵⠣⠛⠋⠓⠻⠠⠤⠀⠕⠃⠀⠝⠹⠀⠤⠀⠙⠬⠝⠾⠀⠕&lt;/row&gt;
          &lt;row&gt;⠀⠀⠆⠗⠩⠞⠎⠀⠔⠀⠗⠉⠦⠠⠤⠀⠚⠳⠝⠛⠻⠀⠩⠀⠼⠋⠑⠀⠚⠗⠑⠄⠀⠅⠫&lt;/row&gt;
          &lt;row&gt;⠀⠀⠺⠲⠙⠻⠂⠀⠮⠀⠌⠀⠶⠀⠩⠀⠬⠀⠓⠜⠇⠋⠦⠀⠗⠀⠤⠾⠢⠃⠉⠉⠀⠬⠿&lt;/row&gt;
          &lt;row&gt;⠀⠀⠒⠞⠻⠀⠝⠹⠀⠝⠀⠻⠗⠩⠹⠞⠀⠂⠓⠉⠄⠀⠤⠐⠇⠞⠀⠍⠀⠉⠀⠗⠫⠀⠡&lt;/row&gt;
          &lt;row&gt;⠀⠀⠵⠇⠉⠂⠀⠅⠀⠍⠀⠂⠏⠛⠁⠗⠀⠆⠂⠩⠉⠂⠀⠮⠀⠗⠀⠅⠇⠁⠏⠏⠻⠾⠢⠹&lt;/row&gt;
          &lt;row&gt;⠀⠀⠬⠀⠅⠔⠙⠻⠀⠃⠛⠞⠒⠀⠵⠺⠀⠼⠁⠊⠋⠙⠀⠥⠀⠼⠁⠊⠛⠓⠀⠛⠁⠃⠀⠿&lt;/row&gt;
          &lt;row&gt;⠀⠀⠔⠀⠙⠱⠇⠖⠙⠀⠧⠀⠚⠗⠀⠵⠀⠚⠗⠀⠺⠘⠻⠀⠯⠃⠥⠗⠞⠉⠂⠀⠛⠹⠵⠞⠘&lt;/row&gt;
          &lt;row&gt;⠀⠀⠝⠍⠀⠬⠀⠖⠵⠇⠀⠗⠀⠾⠪⠗⠹⠑⠀⠁⠃⠄&lt;/row&gt;
          &lt;row/&gt;
          &lt;row&gt;⠗⠀⠁⠃⠃⠄⠀⠼⠙⠙⠄⠁⠀⠤⠱⠬⠙⠉⠑⠀⠴⠞⠉⠂⠀⠵⠇⠉⠀⠙⠴⠂⠵⠂⠽⠉⠒&lt;/row&gt;
          &lt;row&gt;⠀⠀⠀⠀⠏⠀⠯⠝⠖⠝⠦⠀⠞⠢⠞⠉⠙⠊⠁⠛⠗⠁⠭⠑⠀⠰⠶⠘⠊⠠⠰⠶⠀⠋⠓⠉&lt;/row&gt;
          &lt;row&gt;⠀⠀⠀⠀⠫⠷⠀⠖⠞⠩⠇⠑⠀⠢⠀⠡⠛⠉⠄⠀⠞⠀⠫⠷⠀⠃⠇⠊⠨⠀⠇⠀⠉&lt;/row&gt;
          &lt;row&gt;⠀⠀⠀⠀⠁⠃⠱⠜⠞⠵⠉⠂⠀⠣⠀⠧⠇⠀⠗⠀⠓⠡⠎⠍⠳⠟⠀⠧⠍⠀⠯⠎⠁⠍⠞⠤&lt;/row&gt;
          &lt;row&gt;⠀⠀⠀⠀⠁⠃⠋⠟⠀⠌⠍⠰⠞⠄⠀⠾⠁⠞⠞⠀⠝⠳⠹⠞⠻⠝⠻⠀⠅⠥⠗⠧⠉&lt;/row&gt;
          &lt;row&gt;⠀⠀⠀⠀⠰⠶⠘⠊⠊⠠⠰⠶⠀⠎⠙⠀⠓⠌⠋⠘⠀⠃⠊⠇⠙⠻⠀⠵⠀⠎⠶⠉⠄⠀⠲⠞⠉&lt;/row&gt;
          &lt;row&gt;⠀⠀⠀⠀⠑⠁⠀⠰⠶⠘⠊⠊⠊⠠⠰⠶⠀⠤⠙⠣⠞⠸⠉⠀⠬⠀⠅⠇⠫⠉⠀⠡⠞⠕⠎⠂&lt;/row&gt;
          &lt;row&gt;⠀⠀⠀⠀⠣⠀⠾⠴⠅⠀⠫⠑⠀⠾⠗⠁⠮⠑⠀⠔⠀⠑⠀⠖⠯⠯⠃⠉⠉⠀⠍⠕⠝⠁⠞⠉&lt;/row&gt;
          &lt;row&gt;⠀⠀⠀⠀⠆⠂⠗⠉⠀⠾⠄&lt;/row&gt;
          &lt;row/&gt;
          &lt;row&gt;⠀⠀⠁⠃⠃⠄⠀⠼⠙⠑⠄⠁⠠⠔⠀⠞⠀⠾⠁⠞⠊⠾⠊⠅⠀⠅⠀⠍⠀⠦⠆⠂⠩⠉⠴⠂&lt;/row&gt;
          &lt;row&gt;⠀⠀⠀⠀⠮⠀⠙⠹⠀⠗⠀⠅⠇⠁⠏⠏⠻⠾⠢⠹⠀⠬⠀⠅⠔⠙⠻⠀⠃⠛⠞⠄&lt;/row&gt;
          &lt;row/&gt;
          &lt;row&gt;⠀⠀⠀⠀⠵⠞⠥⠉⠀⠥⠀⠋⠻⠝⠎⠶⠉⠀⠂⠽⠉⠀⠵⠇⠉⠀⠛⠻⠝⠑⠀⠞⠀⠵⠩⠹⠤&lt;/row&gt;
          &lt;row&gt;⠀⠀⠝⠥⠉⠀⠙⠁⠗⠄⠀⠏⠀⠂⠅⠉⠀⠇⠿⠻⠀⠥⠀⠂⠵⠱⠡⠻⠀⠞⠀⠫⠷&lt;/row&gt;
          &lt;row&gt;⠀⠀⠃⠇⠊⠨⠀⠬⠀⠔⠋⠢⠍⠐⠝⠀⠻⠋⠁⠮⠉⠄⠀⠙⠹⠀⠯⠃⠉⠀⠵⠩⠹⠝⠥⠉&lt;/row&gt;
          &lt;row&gt;⠸⠼⠙⠙⠲⠢⠀⠀⠀⠀⠀⠀⠀⠀⠀⠀⠺⠓⠱⠫⠸⠅⠀⠀⠀⠀⠀⠀⠀⠀⠀⠀⠀⠼⠁⠁⠁&lt;/row&gt;
        &lt;/page&gt;
        &lt;page&gt;
          &lt;row&gt;⠀⠀⠕⠋⠞⠀⠬⠀⠵⠇⠉⠀⠤⠋⠜⠇⠱⠞⠀⠬⠙⠄⠀⠔⠀⠲⠎⠻⠻⠀⠊⠟⠥⠾⠗⠐⠝&lt;/row&gt;
          &lt;row&gt;⠀⠀⠰⠶⠁⠃⠃⠄⠀⠼⠙⠑⠄⠃⠠⠰⠶⠀⠛⠶⠉⠀⠁⠑⠀⠧⠬⠗⠀⠇⠔⠊⠉⠀⠡&lt;/row&gt;
          &lt;row&gt;⠀⠀⠙⠬⠎⠽⠃⠉⠀⠵⠇⠉⠀⠵⠨⠂⠀⠬⠀⠵⠍⠀⠂⠃⠂⠬⠀⠋⠀⠁⠅⠞⠊⠉⠺⠻⠦&lt;/row&gt;
          &lt;row&gt;⠀⠀⠕⠀⠤⠅⠡⠋⠦⠀⠟⠙⠥⠅⠦⠀⠔⠀⠑⠀⠚⠗⠉⠀⠼⠁⠊⠊⠑⠀⠃⠎&lt;/row&gt;
          &lt;row&gt;⠀⠀⠼⠃⠚⠚⠚⠀⠾⠶⠉⠀⠂⠅⠞⠉⠄⠀⠙⠉⠝⠹⠀⠻⠺⠑⠨⠉⠀⠎⠀⠃⠍&lt;/row&gt;
          &lt;row&gt;⠀⠀⠆⠞⠗⠰⠞⠻⠀⠐⠟⠘⠀⠤⠱⠬⠙⠉⠑⠀⠫⠐⠙⠨⠑⠒⠀⠬⠀⠻⠾⠑⠀⠵⠩⠛⠞&lt;/row&gt;
          &lt;row&gt;⠀⠀⠬⠀⠵⠇⠉⠀⠲⠧⠻⠋⠜⠇⠱⠞⠄⠀⠃⠀⠗⠀⠵⠺⠩⠞⠉⠀⠎⠙⠀⠬⠀⠻⠾⠉&lt;/row&gt;
          &lt;row&gt;⠀⠀⠃⠙⠉⠀⠚⠗⠑⠀⠺⠛⠯⠂⠇⠉⠄⠀⠝⠗⠀⠙⠿⠓⠒⠃⠀⠛⠶⠞⠀⠎⠀⠚⠗⠀⠋&lt;/row&gt;
          &lt;row&gt;⠀⠀⠚⠗⠀⠝⠰⠀⠕⠃⠉⠄⠀⠔⠀⠗⠀⠙⠗⠊⠞⠞⠉⠀⠙⠴⠂⠽⠥⠀⠋⠶⠇⠞⠀⠗&lt;/row&gt;
          &lt;row&gt;⠀⠀⠂⠲⠑⠀⠞⠩⠇⠄⠀⠙⠙⠀⠎⠬⠓⠞⠀⠬⠀⠮⠺⠊⠨⠇⠥⠀⠛⠹⠀⠧⠇⠀⠆⠫⠤&lt;/row&gt;
          &lt;row&gt;⠀⠀⠙⠨⠉⠙⠻⠀⠡⠎⠄⠀⠬⠀⠧⠬⠗⠦⠀⠱⠮⠸⠀⠋⠓⠞⠀⠐⠟⠘⠀⠔⠀⠬&lt;/row&gt;
          &lt;row&gt;⠀⠀⠊⠗⠗⠑⠄⠀⠡⠎⠀⠑⠀⠇⠹⠀⠱⠺⠖⠅⠉⠙⠉⠀⠵⠇⠉⠀⠺⠙⠀⠫⠑⠀⠾⠩⠇&lt;/row&gt;
          &lt;row&gt;⠀⠀⠾⠩⠛⠉⠙⠑⠀⠇⠔⠊⠑⠄⠀⠗⠀⠏⠋⠩⠇⠀⠗⠞⠎⠀⠤⠎⠏⠗⠼⠞⠀⠺⠞⠻⠉&lt;/row&gt;
          &lt;row&gt;⠀⠀⠖⠾⠬⠛⠀⠔⠀⠗⠀⠂⠵⠅⠲⠋⠞⠄&lt;/row&gt;
          &lt;row/&gt;
          &lt;row&gt;⠗⠀⠁⠃⠃⠄⠀⠼⠙⠑⠄⠃⠀⠑⠀⠧⠬⠗⠀⠏⠀⠂⠲⠱⠬⠙⠸⠀⠌⠎⠶⠉⠙⠉&lt;/row&gt;
          &lt;row&gt;⠀⠀⠀⠀⠾⠁⠞⠊⠾⠊⠅⠉⠀⠇⠬⠛⠉⠀⠬⠀⠛⠹⠉⠀⠵⠇⠉⠀⠂⠵⠛⠙⠑⠄&lt;/row&gt;
          &lt;row/&gt;
          &lt;row&gt;⠀⠀⠽⠊⠎⠁⠆⠞⠓⠀⠝⠕⠑⠟⠑⠤⠝⠣⠍⠖⠝&lt;/row&gt;
          &lt;row&gt;⠀⠀⠂⠂⠂⠂⠂⠂⠂⠂⠂⠂⠂⠂⠂⠂⠂⠂⠂⠂⠂&lt;/row&gt;
          &lt;row&gt;⠀⠀⠀⠀⠽⠊⠎⠁⠆⠞⠓⠀⠝⠕⠑⠟⠑⠤⠝⠣⠍⠖⠝⠂⠀⠙⠱⠇⠖⠙⠎⠀⠆⠅⠖⠝⠤&lt;/row&gt;
          &lt;row&gt;⠀⠀⠦⠾⠑⠀⠍⠫⠥⠎⠋⠢⠱⠻⠔⠂⠀⠎⠛⠞⠀⠳⠀⠊⠀⠩⠛⠉⠿⠀⠋⠰⠒⠀⠦⠿&lt;/row&gt;
          &lt;row&gt;⠀⠀⠾⠀⠍⠗⠀⠝⠹⠀⠓⠣⠦⠀⠗⠜⠞⠎⠽⠓⠋⠂⠀⠮⠀⠍⠀⠓⠻⠡⠎⠃⠛⠞⠂⠀⠺&lt;/row&gt;
          &lt;row&gt;⠀⠀⠼⠋⠚⠀⠍⠊⠟⠊⠕⠝⠉⠀⠍⠉⠱⠉⠀⠙⠉⠅⠉⠂⠀⠺⠝⠀⠍⠀⠼⠃⠚⠚⠚&lt;/row&gt;
          &lt;row&gt;⠀⠀⠍⠉⠱⠉⠀⠆⠋⠗⠞⠄⠀⠻⠅⠇⠜⠗⠉⠀⠅⠀⠼⠀⠙⠀⠝⠄⠀⠿⠀⠾⠀⠑⠃⠉&lt;/row&gt;
          &lt;row&gt;⠀⠀⠏⠄⠴&lt;/row&gt;
          &lt;row/&gt;
          &lt;row&gt;⠸⠼⠙⠑⠀⠀⠀⠀⠀⠀⠀⠀⠀⠀⠀⠺⠓⠱⠫⠸⠅⠀⠀⠀⠀⠀⠀⠀⠀⠀⠀⠀⠀⠼⠁⠁⠃&lt;/row&gt;
        &lt;/page&gt;
      &lt;/section&gt;
    &lt;/volume&gt;
  &lt;/body&gt;
&lt;/pef&gt;

Was:



application/x-pef+xml
identifier?
2015-12-03






⠞⠕⠙⠕




</system-err></testcase></testsuite></testsuites>