<?xml version="1.0" encoding="UTF-8" standalone="no"?><testsuites tests="6" failures="3" time="6.278" errors="0" name="test"><testsuite timestamp="2015-10-14T20:24:47.944Z" hostname="localhost" tests="2" errors="0" failures="1" skipped="0" id="d4346e1" name="4474Single+DoubleLineSpacing4474SingleLineSpacing" package="http://www.daisy.org/ns/pipeline/xproc/internal" time="0.597">
<properties><property name="input: source" value="&lt;_ xmlns=&#34;&#34; ...&gt;...&lt;/_&gt; (Base URI: file:/Users/bert/src/snaekobbi/src/requirements/src/test/line-spacing/test.xprocspec)"/>

<property name="option: stylesheet" value="file:/Users/bert/src/snaekobbi/src/requirements/src/test/line-spacing/single.css"/>
<property name="option: transform" value="(formatter:dotify)(translator:nlb)(grade:0)"/>
<property name="option: temp-dir" value="file:/Users/bert/src/snaekobbi/src/requirements/target/xprocspec//tmp/xprocspec-20151014222441956/"/>

</properties>
<testcase name="theStepShouldExecuteSuccessfullyWithoutThrowingAnyErrors" classname="css-inline-and-px-transform-type-css" assertions="1" time="0" status="SUCCESS"><system-out>the step should execute successfully without throwing any errors: SUCCESS</system-out>
<system-err/></testcase><testcase name="result" classname="css-inline-and-px-transform-type-css" assertions="1" time="0" status="FAILED"><failure message="result" type="custom"/><system-out>result: FAILED</system-out>
<system-err>Expected:
&lt;pef xmlns="http://www.daisy.org/ns/2008/pef" version="2008-1"&gt;
  &lt;head xmlns:dc="http://purl.org/dc/elements/1.1/"&gt;
    &lt;meta&gt;
      &lt;dc:format&gt;application/x-pef+xml&lt;/dc:format&gt;
    &lt;/meta&gt;
  &lt;/head&gt;
  &lt;body&gt;
    &lt;volume rows="28" cols="32" rowgap="0" duplex="false"&gt;
      &lt;section&gt;
        &lt;page&gt;
          &lt;row&gt;⠀⠀⠀⠀⠠⠊⠝⠝⠑⠎⠊⠞⠞⠑⠗⠝⠑⠀⠋⠕⠗⠃⠁⠝⠝⠑⠞⠀⠙⠑⠀⠀&lt;/row&gt;
          &lt;row&gt;⠀⠀⠞⠕⠇⠧⠀⠍⠊⠝⠥⠎⠛⠗⠁⠙⠑⠝⠑⠂⠀⠕⠛⠀⠕⠍⠀⠝⠕⠑⠀⠀&lt;/row&gt;
          &lt;row&gt;⠀⠀⠞⠧⠁⠝⠛⠀⠙⠑⠍⠀⠥⠞⠂⠀⠓⠥⠞⠗⠑⠞⠀⠙⠑⠀⠁⠧⠀⠀⠀⠀&lt;/row&gt;
          &lt;row&gt;⠀⠀⠎⠞⠑⠙⠀⠊⠀⠧⠁⠗⠍⠑⠀⠏⠑⠇⠎⠚⠁⠅⠅⠑⠗⠀⠕⠛⠀⠀⠀⠀&lt;/row&gt;
          &lt;row&gt;⠀⠀⠋⠈⠕⠗⠑⠙⠑⠀⠎⠞⠪⠧⠇⠑⠞⠞⠑⠗⠄⠀⠠⠥⠝⠛⠑⠝⠑⠀⠀⠀&lt;/row&gt;
          &lt;row&gt;⠀⠀⠧⠁⠗⠀⠏⠁⠅⠅⠑⠞⠀⠊⠝⠝⠀⠊⠀⠋⠇⠑⠗⠑⠀⠇⠁⠛⠀⠥⠇⠇&lt;/row&gt;
          &lt;row&gt;⠀⠀⠥⠝⠙⠑⠗⠀⠃⠕⠃⠇⠑⠙⠗⠑⠎⠎⠑⠝⠑⠄⠀⠠⠓⠧⠊⠝⠀⠕⠛⠀&lt;/row&gt;
          &lt;row&gt;⠀⠀⠓⠽⠇⠀⠓⠪⠗⠞⠑⠎⠀⠋⠗⠁⠀⠁⠅⠑⠃⠁⠅⠅⠑⠝⠑⠀⠊⠀⠀⠀&lt;/row&gt;
          &lt;row&gt;⠀⠀⠃⠁⠗⠝⠑⠓⠁⠛⠑⠝⠑⠀⠎⠕⠍⠀⠓⠁⠙⠙⠑⠀⠎⠅⠥⠞⠞⠀⠀⠀&lt;/row&gt;
          &lt;row&gt;⠀⠀⠕⠏⠏⠀⠕⠧⠑⠗⠁⠇⠞⠀⠑⠞⠞⠑⠗⠀⠎⠕⠍⠀⠎⠞⠁⠙⠊⠛⠀⠀&lt;/row&gt;
          &lt;row&gt;⠀⠀⠋⠇⠑⠗⠑⠀⠅⠧⠊⠝⠝⠑⠗⠀⠛⠊⠅⠅⠀⠥⠞⠀⠊⠀⠋⠥⠇⠇⠀⠀&lt;/row&gt;
          &lt;row&gt;⠀⠀⠚⠕⠃⠃⠄⠀⠀⠀⠀⠀⠀⠀⠀⠀⠀⠀⠀⠀⠀⠀⠀⠀⠀⠀⠀⠀⠀⠀⠀⠀&lt;/row&gt;
          &lt;row&gt;⠿⠀⠀⠀⠠⠇⠁⠝⠛⠎⠀⠛⠚⠑⠗⠙⠑⠝⠑⠀⠏⠡⠀⠎⠽⠅⠑⠓⠥⠎⠤⠀&lt;/row&gt;
          &lt;row&gt;⠀⠀⠕⠍⠗⠡⠙⠑⠞⠀⠅⠝⠑⠊⠎⠞⠑⠀⠓⠪⠽⠑⠀⠋⠕⠝⠝⠑⠗⠀⠁⠧&lt;/row&gt;
          &lt;row&gt;⠀⠀⠎⠝⠪⠀⠎⠕⠍⠀⠧⠁⠗⠀⠍⠡⠅⠞⠀⠧⠑⠅⠅⠀⠋⠗⠁⠀⠧⠑⠊⠤&lt;/row&gt;
          &lt;row&gt;⠀⠀⠑⠗⠀⠕⠛⠀⠛⠁⠝⠛⠎⠞⠊⠑⠗⠄⠀⠠⠅⠥⠇⠙⠁⠀⠋⠊⠅⠅⠀⠀&lt;/row&gt;
          &lt;row&gt;⠀⠀⠎⠝⠪⠑⠝⠀⠞⠊⠇⠀⠡⠀⠅⠝⠊⠗⠅⠑⠀⠥⠝⠙⠑⠗⠀⠋⠪⠞⠤⠀&lt;/row&gt;
          &lt;row&gt;⠀⠀⠞⠑⠝⠑⠀⠏⠡⠀⠙⠑⠍⠀⠎⠕⠍⠀⠏⠁⠎⠎⠑⠗⠞⠑⠀⠙⠑⠝⠀⠀&lt;/row&gt;
          &lt;row&gt;⠀⠀⠛⠁⠍⠇⠑⠀⠎⠽⠅⠑⠓⠥⠎⠃⠽⠛⠝⠊⠝⠛⠑⠝⠀⠝⠕⠗⠙⠀⠊⠀&lt;/row&gt;
          &lt;row&gt;⠀⠀⠃⠽⠑⠝⠄⠀⠀⠀⠀⠀⠀⠀⠀⠀⠀⠀⠀⠀⠀⠀⠀⠀⠀⠀⠀⠀⠀⠀⠀⠀&lt;/row&gt;
          &lt;row&gt;⠀⠀⠀⠀⠠⠙⠑⠞⠀⠧⠁⠗⠀⠞⠊⠗⠎⠙⠁⠛⠀⠙⠑⠝⠀⠞⠗⠑⠞⠤⠀⠀&lt;/row&gt;
          &lt;row&gt;⠀⠀⠞⠑⠝⠙⠑⠀⠊⠀⠡⠗⠑⠞⠎⠀⠁⠝⠙⠗⠑⠀⠍⠡⠝⠑⠙⠄⠀⠀⠀⠀&lt;/row&gt;
          &lt;row&gt;⠀⠀⠀⠀⠠⠧⠑⠙⠀⠓⠕⠧⠑⠙⠊⠝⠝⠛⠁⠝⠛⠑⠝⠀⠎⠧⠊⠝⠛⠞⠑⠀&lt;/row&gt;
          &lt;row&gt;⠀⠀⠃⠊⠇⠑⠗⠀⠕⠏⠏⠂⠀⠎⠞⠁⠝⠎⠑⠞⠀⠕⠛⠀⠧⠑⠝⠞⠑⠞⠀⠀&lt;/row&gt;
          &lt;row&gt;⠀⠀⠍⠑⠝⠎⠀⠙⠪⠗⠑⠗⠀⠃⠇⠑⠀⠡⠏⠝⠑⠞⠀⠕⠛⠀⠧⠕⠗⠤⠀⠀&lt;/row&gt;
          &lt;row&gt;⠀⠀⠙⠑⠝⠙⠑⠀⠍⠪⠙⠗⠑⠀⠅⠗⠪⠏⠀⠥⠞⠂⠀⠎⠞⠪⠞⠞⠑⠞⠀⠀&lt;/row&gt;
          &lt;row&gt;⠀⠀⠁⠧⠀⠍⠑⠝⠝⠀⠎⠕⠍⠀⠎⠅⠥⠇⠇⠑⠀⠃⠇⠊⠀⠋⠑⠙⠗⠑⠄⠀&lt;/row&gt;
          &lt;row&gt;⠀⠀⠀⠀⠀⠀⠀⠀⠀⠀⠀⠀⠀⠀⠀⠼⠙⠀⠀⠀⠀⠀⠀⠀⠀⠀⠀⠀⠿⠼⠁⠋&lt;/row&gt;
        &lt;/page&gt;
      &lt;/section&gt;
    &lt;/volume&gt;
  &lt;/body&gt;
&lt;/pef&gt;

Was:



application/x-pef+xml
identifier?
2015-10-14






⠀⠀⠀⠀⠠⠊⠝⠝⠑⠎⠊⠞⠞⠑⠗⠝⠑⠀⠋⠕⠗⠃⠁⠝⠝⠑⠞⠀⠙⠑⠀
⠀⠀⠞⠕⠇⠧⠀⠍⠊⠝⠥⠎⠛⠗⠁⠙⠑⠝⠑⠂⠀⠕⠛⠀⠕⠍⠀⠝⠕⠑⠀
⠀⠀⠞⠧⠁⠝⠛⠀⠙⠑⠍⠀⠥⠞⠂⠀⠓⠥⠞⠗⠑⠞⠀⠙⠑⠀⠁⠧⠀
⠀⠀⠎⠞⠑⠙⠀⠊⠀⠧⠁⠗⠍⠑⠀⠏⠑⠇⠎⠚⠁⠅⠅⠑⠗⠀⠕⠛⠀
⠀⠀⠋⠨⠕⠗⠑⠙⠑⠀⠎⠞⠪⠧⠇⠑⠞⠞⠑⠗⠄⠀⠠⠥⠝⠛⠑⠝⠑⠀
⠀⠀⠧⠁⠗⠀⠏⠁⠅⠅⠑⠞⠀⠊⠝⠝⠀⠊⠀⠋⠇⠑⠗⠑⠀⠇⠁⠛⠀⠥⠇⠇
⠀⠀⠥⠝⠙⠑⠗⠀⠃⠕⠃⠇⠑⠙⠗⠑⠎⠎⠑⠝⠑⠄⠀⠠⠓⠧⠊⠝⠀⠕⠛⠀
⠀⠀⠓⠽⠇⠀⠓⠪⠗⠞⠑⠎⠀⠋⠗⠁⠀⠁⠅⠑⠃⠁⠅⠅⠑⠝⠑⠀⠊⠀
⠀⠀⠃⠁⠗⠝⠑⠓⠁⠛⠑⠝⠑⠀⠎⠕⠍⠀⠓⠁⠙⠙⠑⠀⠎⠅⠥⠞⠞⠀
⠀⠀⠕⠏⠏⠀⠕⠧⠑⠗⠁⠇⠞⠀⠑⠞⠞⠑⠗⠀⠎⠕⠍⠀⠎⠞⠁⠙⠊⠛⠀
⠀⠀⠋⠇⠑⠗⠑⠀⠅⠧⠊⠝⠝⠑⠗⠀⠛⠊⠅⠅⠀⠥⠞⠀⠊⠀⠋⠥⠇⠇⠀
⠀⠀⠚⠕⠃⠃⠄
⠀⠀⠀⠀⠠⠇⠁⠝⠛⠎⠀⠛⠚⠑⠗⠙⠑⠝⠑⠀⠏⠡⠀
⠀⠀⠎⠽⠅⠑⠓⠥⠎⠕⠍⠗⠡⠙⠑⠞⠀⠅⠝⠑⠊⠎⠞⠑⠀⠓⠪⠽⠑⠀
⠀⠀⠋⠕⠝⠝⠑⠗⠀⠁⠧⠀⠎⠝⠪⠀⠎⠕⠍⠀⠧⠁⠗⠀⠍⠡⠅⠞⠀
⠀⠀⠧⠑⠅⠅⠀⠋⠗⠁⠀⠧⠑⠊⠑⠗⠀⠕⠛⠀⠛⠁⠝⠛⠎⠞⠊⠑⠗⠄⠀
⠀⠀⠠⠅⠥⠇⠙⠁⠀⠋⠊⠅⠅⠀⠎⠝⠪⠑⠝⠀⠞⠊⠇⠀⠡⠀⠅⠝⠊⠗⠅⠑
⠀⠀⠥⠝⠙⠑⠗⠀⠋⠪⠞⠞⠑⠝⠑⠀⠏⠡⠀⠙⠑⠍⠀⠎⠕⠍⠀
⠀⠀⠏⠁⠎⠎⠑⠗⠞⠑⠀⠙⠑⠝⠀⠛⠁⠍⠇⠑⠀
⠀⠀⠎⠽⠅⠑⠓⠥⠎⠃⠽⠛⠝⠊⠝⠛⠑⠝⠀⠝⠕⠗⠙⠀⠊⠀⠃⠽⠑⠝⠄
⠀⠀⠀⠀⠠⠙⠑⠞⠀⠧⠁⠗⠀⠞⠊⠗⠎⠙⠁⠛⠀⠙⠑⠝⠀
⠀⠀⠞⠗⠑⠞⠞⠑⠝⠙⠑⠀⠊⠀⠡⠗⠑⠞⠎⠀⠁⠝⠙⠗⠑⠀⠍⠡⠝⠑⠙⠄
⠀⠀⠀⠀⠠⠧⠑⠙⠀⠓⠕⠧⠑⠙⠊⠝⠝⠛⠁⠝⠛⠑⠝⠀⠎⠧⠊⠝⠛⠞⠑⠀
⠀⠀⠃⠊⠇⠑⠗⠀⠕⠏⠏⠂⠀⠎⠞⠁⠝⠎⠑⠞⠀⠕⠛⠀⠧⠑⠝⠞⠑⠞⠀
⠀⠀⠍⠑⠝⠎⠀⠙⠪⠗⠑⠗⠀⠃⠇⠑⠀⠡⠏⠝⠑⠞⠀⠕⠛⠀
⠀⠀⠧⠕⠗⠙⠑⠝⠙⠑⠀⠍⠪⠙⠗⠑⠀⠅⠗⠪⠏⠀⠥⠞⠂⠀
⠀⠀⠎⠞⠪⠞⠞⠑⠞⠀⠁⠧⠀⠍⠑⠝⠝⠀⠎⠕⠍⠀⠎⠅⠥⠇⠇⠑⠀⠃⠇⠊
⠀⠀⠋⠑⠙⠗⠑⠄




</system-err></testcase></testsuite><testsuite timestamp="2015-10-14T20:24:47.952Z" hostname="localhost" tests="2" errors="0" failures="1" skipped="0" id="d4354e1" name="4474Single+DoubleLineSpacing4474DoubleLineSpacing" package="http://www.daisy.org/ns/pipeline/xproc/internal" time="0.459">
<properties><property name="input: source" value="&lt;_ xmlns=&#34;&#34; ...&gt;...&lt;/_&gt; (Base URI: file:/Users/bert/src/snaekobbi/src/requirements/src/test/line-spacing/test.xprocspec)"/>

<property name="option: stylesheet" value="file:/Users/bert/src/snaekobbi/src/requirements/src/test/line-spacing/double.css"/>
<property name="option: transform" value="(formatter:dotify)(translator:nlb)(grade:0)"/>
<property name="option: temp-dir" value="file:/Users/bert/src/snaekobbi/src/requirements/target/xprocspec//tmp/xprocspec-20151014222441956/"/>

</properties>
<testcase name="theStepShouldExecuteSuccessfullyWithoutThrowingAnyErrors" classname="css-inline-and-px-transform-type-css" assertions="1" time="0" status="SUCCESS"><system-out>the step should execute successfully without throwing any errors: SUCCESS</system-out>
<system-err/></testcase><testcase name="result" classname="css-inline-and-px-transform-type-css" assertions="1" time="0" status="FAILED"><failure message="result" type="custom"/><system-out>result: FAILED</system-out>
<system-err>Expected:
&lt;pef xmlns="http://www.daisy.org/ns/2008/pef" version="2008-1"&gt;
  &lt;head xmlns:dc="http://purl.org/dc/elements/1.1/"&gt;
    &lt;meta&gt;
      &lt;dc:format&gt;application/x-pef+xml&lt;/dc:format&gt;
    &lt;/meta&gt;
  &lt;/head&gt;
  &lt;body&gt;
    &lt;volume rows="28" cols="32" rowgap="0" duplex="false"&gt;
      &lt;section&gt;
        &lt;page&gt;
          &lt;row&gt;⠀⠀⠀⠀⠀⠀⠀⠀⠀⠀⠀⠀⠀⠀⠀⠀⠀⠀⠀⠀⠀⠀⠀⠀⠀⠀⠀⠀⠀⠀⠀⠀&lt;/row&gt;
          &lt;row&gt;⠀⠀⠎⠞⠑⠙⠀⠊⠀⠧⠁⠗⠍⠑⠀⠏⠑⠇⠎⠚⠁⠅⠅⠑⠗⠀⠕⠛⠀⠀⠀⠀&lt;/row&gt;
          &lt;row&gt;⠀⠀⠀⠀⠀⠀⠀⠀⠀⠀⠀⠀⠀⠀⠀⠀⠀⠀⠀⠀⠀⠀⠀⠀⠀⠀⠀⠀⠀⠀⠀⠀&lt;/row&gt;
          &lt;row&gt;⠀⠀⠋⠈⠕⠗⠑⠙⠑⠀⠎⠞⠪⠧⠇⠑⠞⠞⠑⠗⠄⠀⠠⠥⠝⠛⠑⠝⠑⠀⠀⠀&lt;/row&gt;
          &lt;row&gt;⠀⠀⠀⠀⠀⠀⠀⠀⠀⠀⠀⠀⠀⠀⠀⠀⠀⠀⠀⠀⠀⠀⠀⠀⠀⠀⠀⠀⠀⠀⠀⠀&lt;/row&gt;
          &lt;row&gt;⠀⠀⠧⠁⠗⠀⠏⠁⠅⠅⠑⠞⠀⠊⠝⠝⠀⠊⠀⠋⠇⠑⠗⠑⠀⠇⠁⠛⠀⠥⠇⠇&lt;/row&gt;
          &lt;row&gt;⠀⠀⠀⠀⠀⠀⠀⠀⠀⠀⠀⠀⠀⠀⠀⠀⠀⠀⠀⠀⠀⠀⠀⠀⠀⠀⠀⠀⠀⠀⠀⠀&lt;/row&gt;
          &lt;row&gt;⠀⠀⠥⠝⠙⠑⠗⠀⠃⠕⠃⠇⠑⠙⠗⠑⠎⠎⠑⠝⠑⠄⠀⠠⠓⠧⠊⠝⠀⠕⠛⠀&lt;/row&gt;
          &lt;row&gt;⠀⠀⠀⠀⠀⠀⠀⠀⠀⠀⠀⠀⠀⠀⠀⠀⠀⠀⠀⠀⠀⠀⠀⠀⠀⠀⠀⠀⠀⠀⠀⠀&lt;/row&gt;
          &lt;row&gt;⠀⠀⠓⠽⠇⠀⠓⠪⠗⠞⠑⠎⠀⠋⠗⠁⠀⠁⠅⠑⠃⠁⠅⠅⠑⠝⠑⠀⠊⠀⠀⠀&lt;/row&gt;
          &lt;row&gt;⠀⠀⠀⠀⠀⠀⠀⠀⠀⠀⠀⠀⠀⠀⠀⠀⠀⠀⠀⠀⠀⠀⠀⠀⠀⠀⠀⠀⠀⠀⠀⠀&lt;/row&gt;
          &lt;row&gt;⠀⠀⠃⠁⠗⠝⠑⠓⠁⠛⠑⠝⠑⠀⠎⠕⠍⠀⠓⠁⠙⠙⠑⠀⠎⠅⠥⠞⠞⠀⠀⠀&lt;/row&gt;
          &lt;row&gt;⠀⠀⠀⠀⠀⠀⠀⠀⠀⠀⠀⠀⠀⠀⠀⠀⠀⠀⠀⠀⠀⠀⠀⠀⠀⠀⠀⠀⠀⠀⠀⠀&lt;/row&gt;
          &lt;row&gt;⠀⠀⠕⠏⠏⠀⠕⠧⠑⠗⠁⠇⠞⠀⠑⠞⠞⠑⠗⠀⠎⠕⠍⠀⠎⠞⠁⠙⠊⠛⠀⠀&lt;/row&gt;
          &lt;row&gt;⠀⠀⠀⠀⠀⠀⠀⠀⠀⠀⠀⠀⠀⠀⠀⠀⠀⠀⠀⠀⠀⠀⠀⠀⠀⠀⠀⠀⠀⠀⠀⠀&lt;/row&gt;
          &lt;row&gt;⠀⠀⠋⠇⠑⠗⠑⠀⠅⠧⠊⠝⠝⠑⠗⠀⠛⠊⠅⠅⠀⠥⠞⠀⠊⠀⠋⠥⠇⠇⠀⠀&lt;/row&gt;
          &lt;row&gt;⠀⠀⠀⠀⠀⠀⠀⠀⠀⠀⠀⠀⠀⠀⠀⠀⠀⠀⠀⠀⠀⠀⠀⠀⠀⠀⠀⠀⠀⠀⠀⠀&lt;/row&gt;
          &lt;row&gt;⠀⠀⠚⠕⠃⠃⠄⠀⠀⠀⠀⠀⠀⠀⠀⠀⠀⠀⠀⠀⠀⠀⠀⠀⠀⠀⠀⠀⠀⠀⠀⠀&lt;/row&gt;
          &lt;row&gt;⠀⠀⠀⠀⠀⠀⠀⠀⠀⠀⠀⠀⠀⠀⠀⠀⠀⠀⠀⠀⠀⠀⠀⠀⠀⠀⠀⠀⠀⠀⠀⠀&lt;/row&gt;
          &lt;row&gt;⠿⠀⠀⠀⠠⠇⠁⠝⠛⠎⠀⠛⠚⠑⠗⠙⠑⠝⠑⠀⠏⠡⠀⠎⠽⠅⠑⠓⠥⠎⠤⠀&lt;/row&gt;
          &lt;row&gt;⠀⠀⠀⠀⠀⠀⠀⠀⠀⠀⠀⠀⠀⠀⠀⠀⠀⠀⠀⠀⠀⠀⠀⠀⠀⠀⠀⠀⠀⠀⠀⠀&lt;/row&gt;
          &lt;row&gt;⠀⠀⠕⠍⠗⠡⠙⠑⠞⠀⠅⠝⠑⠊⠎⠞⠑⠀⠓⠪⠽⠑⠀⠋⠕⠝⠝⠑⠗⠀⠁⠧&lt;/row&gt;
          &lt;row&gt;⠀⠀⠀⠀⠀⠀⠀⠀⠀⠀⠀⠀⠀⠀⠀⠀⠀⠀⠀⠀⠀⠀⠀⠀⠀⠀⠀⠀⠀⠀⠀⠀&lt;/row&gt;
          &lt;row&gt;⠀⠀⠎⠝⠪⠀⠎⠕⠍⠀⠧⠁⠗⠀⠍⠡⠅⠞⠀⠧⠑⠅⠅⠀⠋⠗⠁⠀⠧⠑⠊⠤&lt;/row&gt;
          &lt;row&gt;⠀⠀⠀⠀⠀⠀⠀⠀⠀⠀⠀⠀⠀⠀⠀⠀⠀⠀⠀⠀⠀⠀⠀⠀⠀⠀⠀⠀⠀⠀⠀⠀&lt;/row&gt;
          &lt;row&gt;⠀⠀⠑⠗⠀⠕⠛⠀⠛⠁⠝⠛⠎⠞⠊⠑⠗⠄⠀⠠⠅⠥⠇⠙⠁⠀⠋⠊⠅⠅⠀⠀&lt;/row&gt;
          &lt;row&gt;⠀⠀⠀⠀⠀⠀⠀⠀⠀⠀⠀⠀⠀⠀⠀⠀⠀⠀⠀⠀⠀⠀⠀⠀⠀⠀⠀⠀⠀⠀⠀⠀&lt;/row&gt;
          &lt;row&gt;⠀⠀⠀⠀⠀⠀⠀⠀⠀⠀⠀⠀⠀⠀⠀⠼⠑⠀⠀⠀⠀⠀⠀⠀⠀⠀⠀⠀⠿⠼⠁⠋&lt;/row&gt;
        &lt;/page&gt;
      &lt;/section&gt;
    &lt;/volume&gt;
  &lt;/body&gt;
&lt;/pef&gt;

Was:



application/x-pef+xml
identifier?
2015-10-14






⠀⠀⠀⠀⠠⠊⠝⠝⠑⠎⠊⠞⠞⠑⠗⠝⠑⠀⠋⠕⠗⠃⠁⠝⠝⠑⠞⠀⠙⠑⠀
⠀⠀⠞⠕⠇⠧⠀⠍⠊⠝⠥⠎⠛⠗⠁⠙⠑⠝⠑⠂⠀⠕⠛⠀⠕⠍⠀⠝⠕⠑⠀
⠀⠀⠞⠧⠁⠝⠛⠀⠙⠑⠍⠀⠥⠞⠂⠀⠓⠥⠞⠗⠑⠞⠀⠙⠑⠀⠁⠧⠀
⠀⠀⠎⠞⠑⠙⠀⠊⠀⠧⠁⠗⠍⠑⠀⠏⠑⠇⠎⠚⠁⠅⠅⠑⠗⠀⠕⠛⠀
⠀⠀⠋⠨⠕⠗⠑⠙⠑⠀⠎⠞⠪⠧⠇⠑⠞⠞⠑⠗⠄⠀⠠⠥⠝⠛⠑⠝⠑⠀
⠀⠀⠧⠁⠗⠀⠏⠁⠅⠅⠑⠞⠀⠊⠝⠝⠀⠊⠀⠋⠇⠑⠗⠑⠀⠇⠁⠛⠀⠥⠇⠇
⠀⠀⠥⠝⠙⠑⠗⠀⠃⠕⠃⠇⠑⠙⠗⠑⠎⠎⠑⠝⠑⠄⠀⠠⠓⠧⠊⠝⠀⠕⠛⠀
⠀⠀⠓⠽⠇⠀⠓⠪⠗⠞⠑⠎⠀⠋⠗⠁⠀⠁⠅⠑⠃⠁⠅⠅⠑⠝⠑⠀⠊⠀
⠀⠀⠃⠁⠗⠝⠑⠓⠁⠛⠑⠝⠑⠀⠎⠕⠍⠀⠓⠁⠙⠙⠑⠀⠎⠅⠥⠞⠞⠀
⠀⠀⠕⠏⠏⠀⠕⠧⠑⠗⠁⠇⠞⠀⠑⠞⠞⠑⠗⠀⠎⠕⠍⠀⠎⠞⠁⠙⠊⠛⠀
⠀⠀⠋⠇⠑⠗⠑⠀⠅⠧⠊⠝⠝⠑⠗⠀⠛⠊⠅⠅⠀⠥⠞⠀⠊⠀⠋⠥⠇⠇⠀
⠀⠀⠚⠕⠃⠃⠄
⠀⠀⠀⠀⠠⠇⠁⠝⠛⠎⠀⠛⠚⠑⠗⠙⠑⠝⠑⠀⠏⠡⠀
⠀⠀⠎⠽⠅⠑⠓⠥⠎⠕⠍⠗⠡⠙⠑⠞⠀⠅⠝⠑⠊⠎⠞⠑⠀⠓⠪⠽⠑⠀


⠀⠀⠋⠕⠝⠝⠑⠗⠀⠁⠧⠀⠎⠝⠪⠀⠎⠕⠍⠀⠧⠁⠗⠀⠍⠡⠅⠞⠀
⠀⠀⠧⠑⠅⠅⠀⠋⠗⠁⠀⠧⠑⠊⠑⠗⠀⠕⠛⠀⠛⠁⠝⠛⠎⠞⠊⠑⠗⠄⠀
⠀⠀⠠⠅⠥⠇⠙⠁⠀⠋⠊⠅⠅⠀⠎⠝⠪⠑⠝⠀⠞⠊⠇⠀⠡⠀⠅⠝⠊⠗⠅⠑
⠀⠀⠥⠝⠙⠑⠗⠀⠋⠪⠞⠞⠑⠝⠑⠀⠏⠡⠀⠙⠑⠍⠀⠎⠕⠍⠀
⠀⠀⠏⠁⠎⠎⠑⠗⠞⠑⠀⠙⠑⠝⠀⠛⠁⠍⠇⠑⠀
⠀⠀⠎⠽⠅⠑⠓⠥⠎⠃⠽⠛⠝⠊⠝⠛⠑⠝⠀⠝⠕⠗⠙⠀⠊⠀⠃⠽⠑⠝⠄
⠀⠀⠀⠀⠠⠙⠑⠞⠀⠧⠁⠗⠀⠞⠊⠗⠎⠙⠁⠛⠀⠙⠑⠝⠀
⠀⠀⠞⠗⠑⠞⠞⠑⠝⠙⠑⠀⠊⠀⠡⠗⠑⠞⠎⠀⠁⠝⠙⠗⠑⠀⠍⠡⠝⠑⠙⠄
⠀⠀⠀⠀⠠⠧⠑⠙⠀⠓⠕⠧⠑⠙⠊⠝⠝⠛⠁⠝⠛⠑⠝⠀⠎⠧⠊⠝⠛⠞⠑⠀
⠀⠀⠃⠊⠇⠑⠗⠀⠕⠏⠏⠂⠀⠎⠞⠁⠝⠎⠑⠞⠀⠕⠛⠀⠧⠑⠝⠞⠑⠞⠀
⠀⠀⠍⠑⠝⠎⠀⠙⠪⠗⠑⠗⠀⠃⠇⠑⠀⠡⠏⠝⠑⠞⠀⠕⠛⠀
⠀⠀⠧⠕⠗⠙⠑⠝⠙⠑⠀⠍⠪⠙⠗⠑⠀⠅⠗⠪⠏⠀⠥⠞⠂⠀
⠀⠀⠎⠞⠪⠞⠞⠑⠞⠀⠁⠧⠀⠍⠑⠝⠝⠀⠎⠕⠍⠀⠎⠅⠥⠇⠇⠑⠀⠃⠇⠊
⠀⠀⠋⠑⠙⠗⠑⠄




</system-err></testcase></testsuite><testsuite timestamp="2015-10-14T20:24:47.96Z" hostname="localhost" tests="2" errors="0" failures="1" skipped="0" id="d4361e1" name="4475DoubleSidedWithAlternatingLines" package="http://www.daisy.org/ns/pipeline/xproc/internal" time="3.608">
<properties><property name="input: source" value="&lt;level1 xmlns=&#34;http://www.daisy.org/z3986/2005/dtbook/&#34; ...&gt;...&lt;/level1&gt; (Base URI: file:/Users/bert/src/snaekobbi/src/requirements/src/test/line-spacing/test.xprocspec)"/>

<property name="option: stylesheet" value="file:/Users/bert/src/snaekobbi/src/requirements/src/test/line-spacing/style-sbs.css"/>
<property name="option: transform" value="(formatter:dotify)(translator:sbs)(grade:0)"/>
<property name="option: ascii-table" value="(liblouis-table:&#34;http://www.sbs.ch/pipeline/liblouis/tables/sbs.dis&#34;)"/>
<property name="option: temp-dir" value="file:/Users/bert/src/snaekobbi/src/requirements/target/xprocspec//tmp/xprocspec-20151014222441956/"/>

</properties>
<testcase name="theStepShouldExecuteSuccessfullyWithoutThrowingAnyErrors" classname="css-inline-and-px-transform-type-css" assertions="1" time="0" status="SUCCESS"><system-out>the step should execute successfully without throwing any errors: SUCCESS</system-out>
<system-err/></testcase><testcase name="result" classname="css-inline-and-px-transform-type-css" assertions="1" time="0" status="FAILED"><failure message="result" type="custom"/><system-out>result: FAILED</system-out>
<system-err>Expected:
&lt;pef xmlns="http://www.daisy.org/ns/2008/pef" version="2008-1"&gt;
  &lt;!--
      Generated from line_spacing.txt using table "sbs.dis"
  --&gt;
  &lt;head&gt;
    &lt;meta xmlns:dc="http://purl.org/dc/elements/1.1/" xmlns:dp2="http://www.daisy.org/ns/pipeline"&gt;
      &lt;dc:format&gt;application/x-pef+xml&lt;/dc:format&gt;
      &lt;dp2:ascii-table&gt;(liblouis-table:"http://www.sbs.ch/pipeline/liblouis/tables/sbs.dis")&lt;/dp2:ascii-table&gt;
    &lt;/meta&gt;
  &lt;/head&gt;
  &lt;body&gt;
    &lt;volume cols="28" rows="28" rowgap="0" duplex="false"&gt;
      &lt;section&gt;
        &lt;page&gt;
          &lt;row&gt;⠀⠀⠀⠀⠀⠀⠀⠀⠀⠀⠍⠊⠞⠞⠺⠕⠹&lt;/row&gt;
          &lt;row/&gt;
          &lt;row&gt;⠀⠀⠀⠀⠀⠀⠀⠀⠀⠀⠒⠒⠒⠒⠒⠒⠒&lt;/row&gt;
          &lt;row/&gt;
          &lt;row&gt;⠙⠁⠎⠀⠊⠾⠀⠝⠊⠝⠝⠊⠂⠀⠁⠇⠎⠀⠎⠬⠀⠝⠕⠹&lt;/row&gt;
          &lt;row/&gt;
          &lt;row&gt;⠎⠑⠹⠎⠀⠚⠁⠓⠗⠑⠀⠁⠇⠞⠀⠺⠁⠗⠄&lt;/row&gt;
          &lt;row/&gt;
          &lt;row&gt;⠃⠊⠎⠀⠵⠥⠀⠊⠓⠗⠑⠍⠀⠎⠬⠃⠞⠑⠝&lt;/row&gt;
          &lt;row/&gt;
          &lt;row&gt;⠛⠑⠃⠥⠗⠞⠎⠞⠁⠛⠀⠺⠁⠗⠀⠑⠎⠀⠝⠊⠹⠞⠀⠍⠑⠓⠗&lt;/row&gt;
          &lt;row/&gt;
          &lt;row&gt;⠇⠁⠝⠛⠑⠀⠓⠊⠝⠄&lt;/row&gt;
          &lt;row/&gt;
          &lt;row&gt;⠝⠊⠝⠝⠊⠀⠅⠕⠝⠝⠞⠑⠀⠙⠑⠝⠀⠞⠁⠛⠀⠅⠡⠍&lt;/row&gt;
          &lt;row/&gt;
          &lt;row&gt;⠑⠗⠺⠁⠗⠞⠑⠝⠄⠀⠺⠜⠓⠗⠑⠝⠙⠀⠎⠬&lt;/row&gt;
          &lt;row/&gt;
          &lt;row&gt;⠺⠁⠗⠞⠑⠞⠑⠂⠀⠃⠡⠞⠑⠀⠎⠬⠀⠓⠪⠓⠇⠑⠝⠀⠋⠳⠗&lt;/row&gt;
          &lt;row/&gt;
          &lt;row&gt;⠎⠊⠹⠀⠥⠝⠙⠀⠊⠓⠗⠑⠀⠅⠇⠩⠝⠑⠀⠱⠺⠑⠾⠑⠗⠄&lt;/row&gt;
          &lt;row/&gt;
          &lt;row&gt;⠓⠪⠓⠇⠑⠝⠀⠡⠎⠀⠾⠳⠓⠇⠑⠝⠀⠥⠝⠙&lt;/row&gt;
          &lt;row/&gt;
          &lt;row&gt;⠺⠕⠇⠇⠙⠑⠉⠅⠑⠝⠀⠥⠝⠙⠀⠱⠊⠗⠍⠑⠝⠄&lt;/row&gt;
          &lt;row/&gt;
          &lt;row&gt;⠙⠬⠀⠅⠇⠩⠝⠑⠀⠱⠺⠑⠾⠑⠗⠀⠓⠩⠮⠞⠀⠙⠊⠝⠊⠄&lt;/row&gt;
        &lt;/page&gt;
        &lt;page&gt;
          &lt;row/&gt;
          &lt;row&gt;⠁⠃⠑⠗⠀⠓⠣⠞⠑⠀⠺⠕⠇⠇⠞⠑⠀⠙⠊⠝⠊⠀⠊⠝&lt;/row&gt;
          &lt;row/&gt;
          &lt;row&gt;⠅⠩⠝⠑⠗⠀⠓⠪⠓⠇⠑⠀⠎⠩⠝⠄⠀⠙⠡⠑⠗⠝⠙&lt;/row&gt;
          &lt;row/&gt;
          &lt;row&gt;⠅⠗⠁⠃⠃⠑⠇⠞⠑⠀⠎⠬⠀⠓⠊⠝⠡⠎⠀⠊⠝⠀⠙⠑⠝&lt;/row&gt;
          &lt;row/&gt;
          &lt;row&gt;⠋⠇⠥⠗⠂⠀⠥⠍⠀⠍⠊⠞⠀⠍⠁⠍⠁⠎⠀⠱⠥⠓⠑⠝⠀⠵⠥&lt;/row&gt;
          &lt;row/&gt;
          &lt;row&gt;⠎⠏⠬⠇⠑⠝⠄&lt;/row&gt;
        &lt;/page&gt;
      &lt;/section&gt;
    &lt;/volume&gt;
  &lt;/body&gt;
&lt;/pef&gt;

Was:



application/x-pef+xml
identifier?
2015-10-14
(liblouis-table:"http://www.sbs.ch/pipeline/liblouis/tables/sbs.dis")







⠀⠀⠀⠍⠊⠞⠞⠺⠕⠹
⠀⠀⠀⠒⠒⠒⠒⠒⠒⠒⠒⠒⠒⠒⠒⠒⠒⠒⠒⠒⠒⠒⠒⠒⠒

⠙⠀⠾⠀⠝⠔⠝⠊⠂⠀⠩⠀⠎⠀⠝⠹⠀⠎⠑⠹⠎⠀⠚⠗⠑⠀⠒⠞
⠴⠄
⠃⠎⠀⠵⠀⠊⠷⠀⠎⠬⠃⠞⠉⠀⠯⠃⠥⠗⠞⠎⠞⠁⠛⠀⠴⠀⠿⠀
⠝⠀⠶⠀⠇⠛⠑⠀⠓⠔⠄
⠝⠔⠝⠊⠀⠅⠞⠑⠀⠑⠀⠞⠁⠛⠀⠅⠡⠍⠀⠻⠺⠴⠞⠉⠄⠀⠜⠙
⠎⠀⠺⠴⠦⠦⠂⠀⠃⠡⠦⠀⠎⠀⠓⠪⠓⠇⠉⠀⠋⠀⠉⠀⠥⠀⠊⠑
⠅⠇⠫⠑⠀⠱⠺⠑⠾⠻⠄
⠓⠪⠓⠇⠉⠀⠡⠎⠀⠾⠳⠓⠇⠉⠀⠥⠀⠂⠕⠙⠑⠨⠉⠀⠥⠀
⠱⠊⠗⠍⠉⠄
⠬⠀⠅⠇⠫⠑⠀⠱⠺⠑⠾⠻⠀⠓⠩⠠⠮⠞⠀⠙⠔⠊⠄
⠁⠀⠓⠣⠦⠀⠂⠕⠦⠀⠙⠔⠊⠀⠔⠀⠅⠫⠻⠀⠓⠪⠓⠇⠑⠀⠪⠄



⠙⠡⠻⠝⠙⠀⠅⠗⠁⠃⠃⠽⠦⠀⠎⠀⠓⠔⠡⠎⠀⠔⠀⠑⠀
⠋⠇⠥⠗⠂⠀⠥⠍⠀⠞⠀⠍⠁⠍⠁⠎⠀⠱⠥⠓⠉⠀⠵⠀⠂⠬⠉⠄




</system-err></testcase></testsuite></testsuites>