<?xml version="1.0" encoding="UTF-8"?>
<testsuite xmlns:test="http://www.jenitennison.com/xslt/unit-test"
           xmlns:x="http://www.jenitennison.com/xslt/xspec"
           xmlns:xs="http://www.w3.org/2001/XMLSchema"
           name="xslt.emphasis_test-no"
           errors="0"
           failures="2"
           skipped="count(//x:test[@pending='true'])"
           time="0.039">
   <testcase classname="xslt.emphasis_test-no"
             name="[4.3:38] Norwegian (preserving structure) expect">
      <failure type="Expectation Error" xml:space="preserve">Expected:

&lt;expect xmlns:pkg="http://expath.org/ns/pkg"
         xmlns:impl="urn:x-xspec:compile:xslt:impl"
         xmlns:louis="http://liblouis.org/liblouis"
         xmlns:css="http://www.daisy.org/ns/pipeline/braille-css"
         xmlns:html="http://www.w3.org/1999/xhtml"&gt;    ⠓⠥⠝⠙ ⠓⠥⠝⠙&lt;html:strong&gt;⠆⠑⠝&lt;/html:strong&gt;⠰ ⠓⠥⠝⠙&lt;html:strong&gt;⠆⠑⠗&lt;/html:strong&gt;⠰    ⠓⠥⠝⠙&lt;html:strong&gt;⠆⠑⠝⠑&lt;/html:strong&gt;⠰   &lt;/expect&gt;&lt;expect xmlns:pkg="http://expath.org/ns/pkg"
         xmlns:impl="urn:x-xspec:compile:xslt:impl"
         xmlns:louis="http://liblouis.org/liblouis"
         xmlns:css="http://www.daisy.org/ns/pipeline/braille-css"
         xmlns:html="http://www.w3.org/1999/xhtml"&gt;    ⠓⠥⠝⠙ ⠓⠥⠝⠙&lt;html:strong&gt;⠆⠑⠝ &lt;/html:strong&gt;⠰⠓⠥⠝⠙&lt;html:strong&gt;⠆⠑⠗    &lt;/html:strong&gt;⠰⠓⠥⠝⠙&lt;html:strong&gt;⠆⠑⠝⠑&lt;/html:strong&gt;⠰   &lt;/expect&gt;&lt;expect xmlns:pkg="http://expath.org/ns/pkg"
         xmlns:impl="urn:x-xspec:compile:xslt:impl"
         xmlns:louis="http://liblouis.org/liblouis"
         xmlns:css="http://www.daisy.org/ns/pipeline/braille-css"
         xmlns:html="http://www.w3.org/1999/xhtml"&gt;    ⠠⠙⠑⠞ ⠧⠁⠗ ⠃⠁⠗⠑ ⠙⠑⠞ ⠁⠞ ⠓⠥⠝ ⠕⠛⠎⠡ &lt;html:strong&gt;⠆⠍⠊⠎&lt;/html:strong&gt;⠰⠥⠝⠞⠑ ⠓⠁⠍ ⠙⠑⠞   &lt;/expect&gt;&lt;expect xmlns:pkg="http://expath.org/ns/pkg"
         xmlns:impl="urn:x-xspec:compile:xslt:impl"
         xmlns:louis="http://liblouis.org/liblouis"
         xmlns:css="http://www.daisy.org/ns/pipeline/braille-css"
         xmlns:html="http://www.w3.org/1999/xhtml"&gt;    ⠠⠚⠑⠛ ⠧⠑⠗⠅⠑⠝ &lt;html:strong&gt;⠆⠧⠊⠇ &lt;/html:strong&gt;⠰⠑⠇⠇⠑⠗ &lt;html:strong&gt;⠆⠅⠁⠝ &lt;/html:strong&gt;⠰⠛⠚⠪⠗⠑    ⠙⠑⠞⠞⠑ ⠋⠕⠗ ⠙⠑⠛⠖   &lt;/expect&gt;&lt;expect xmlns:pkg="http://expath.org/ns/pkg"
         xmlns:impl="urn:x-xspec:compile:xslt:impl"
         xmlns:louis="http://liblouis.org/liblouis"
         xmlns:css="http://www.daisy.org/ns/pipeline/braille-css"
         xmlns:html="http://www.w3.org/1999/xhtml"&gt;    ⠠⠅⠁⠗⠊⠝ ⠠⠋⠕⠎⠎⠥⠍ ⠎⠇⠕ ⠛⠚⠑⠝⠝⠕⠍ ⠎⠕⠍ ⠅⠗⠊⠍⠋⠕⠗⠋⠁⠞⠞⠑⠗ ⠍⠑⠙ ⠗⠕⠍⠁⠝⠑⠝ &lt;html:strong&gt;⠆⠠⠑⠧⠁⠎    ⠪⠽⠑&lt;/html:strong&gt;⠰⠂ ⠎⠕⠍ ⠅⠕⠍ ⠥⠞ ⠊ ⠼⠁⠊⠊⠑⠄   &lt;/expect&gt;&lt;expect xmlns:pkg="http://expath.org/ns/pkg"
         xmlns:impl="urn:x-xspec:compile:xslt:impl"
         xmlns:louis="http://liblouis.org/liblouis"
         xmlns:css="http://www.daisy.org/ns/pipeline/braille-css"
         xmlns:html="http://www.w3.org/1999/xhtml"&gt;    ⠲⠠⠓⠪⠗ ⠓⠑⠗⠒ &lt;html:strong&gt;⠆⠙⠥ &lt;html:u&gt;⠰⠆⠍⠡ &lt;/html:u&gt;⠰⠰⠆⠛⠚⠪⠗⠑ ⠙⠑⠞&lt;/html:strong&gt;⠰⠖⠲   &lt;/expect&gt;&lt;expect xmlns:pkg="http://expath.org/ns/pkg"
         xmlns:impl="urn:x-xspec:compile:xslt:impl"
         xmlns:louis="http://liblouis.org/liblouis"
         xmlns:css="http://www.daisy.org/ns/pipeline/braille-css"
         xmlns:html="http://www.w3.org/1999/xhtml"&gt;    ⠠⠗⠕⠍⠁⠝⠑⠝ &lt;html:strong&gt;⠆⠠⠞⠥⠎⠑⠝ ⠎⠞⠗⠡⠇⠑⠝⠙⠑ ⠎⠕⠇⠑⠗ &lt;/html:strong&gt;⠰⠁⠧ ⠙⠑⠝ ⠁⠋⠛⠓⠁⠝⠎⠅⠤⠁⠍⠑⠗⠊⠅⠁⠝⠎⠅⠑    ⠋⠕⠗⠋⠁⠞⠞⠑⠗⠑⠝ ⠠⠅⠓⠁⠇⠑⠙ ⠠⠓⠕⠎⠎⠑⠊⠝⠊ ⠞⠽⠙⠑⠗ ⠏⠡ ⠡ ⠃⠇⠊ ⠑⠝ ⠇⠊⠅⠑ ⠎⠞⠕⠗ ⠎⠥⠅⠎⠑⠎⠎ ⠎⠕⠍ ⠙⠑⠝ ⠋⠕⠗⠗⠊⠛⠑ ⠗⠕⠍⠁⠝⠑⠝⠂    &lt;html:strong&gt;⠆⠠⠙⠗⠁⠛⠑⠇⠪⠏⠑⠗⠑⠝&lt;/html:strong&gt;⠰⠄ ⠠⠊ ⠃⠕⠅⠁⠝⠍⠑⠇⠙⠑⠇⠎⠑⠝ ⠋⠗⠁ &lt;html:strong&gt;⠆⠠⠙⠁⠛⠃⠇⠁⠙⠑⠞    &lt;/html:strong&gt;⠰⠼⠚⠋⠄⠚⠋⠄⠚⠛ ⠋⠕⠗⠅⠇⠁⠗⠑⠎ ⠙⠑⠞⠞⠑ ⠍⠑⠙⠒ &lt;html:em&gt;⠆⠠⠊⠅⠅⠑ ⠋⠕⠗⠙⠊ ⠠⠓⠕⠎⠎⠑⠊⠝⠊ ⠑⠗ ⠑⠝ ⠎⠏⠑⠎⠊⠑⠇⠞    ⠛⠕⠙ ⠋⠕⠗⠋⠁⠞⠞⠑⠗⠄ ⠠⠍⠑⠝ ⠋⠕⠗⠙⠊ ⠞⠑⠍⠁⠞⠊⠅⠅⠑⠝ ⠞⠊⠇ ⠙⠑⠝ ⠠⠠⠥⠎⠁⠤⠃⠕⠎⠁⠞⠞⠑ ⠠⠓⠕⠎⠎⠑⠊⠝⠊⠂ ⠓⠁⠗ ⠑⠝ ⠎⠏⠑⠎⠊⠑⠇⠇    ⠙⠗⠁⠛⠝⠊⠝⠛ ⠏⠡ ⠑⠞ ⠧⠑⠎⠞⠇⠊⠛ ⠏⠥⠃⠇⠊⠅⠥⠍⠄&lt;/html:em&gt;⠰   &lt;/expect&gt;&lt;expect xmlns:pkg="http://expath.org/ns/pkg"
         xmlns:impl="urn:x-xspec:compile:xslt:impl"
         xmlns:louis="http://liblouis.org/liblouis"
         xmlns:css="http://www.daisy.org/ns/pipeline/braille-css"
         xmlns:html="http://www.w3.org/1999/xhtml"&gt;    ⠠⠧⠊⠝⠚⠑⠂ ⠠⠋⠊⠝⠝⠤⠠⠑⠗⠊⠅⠄ ⠼⠃⠚⠚⠙⠄ &lt;html:em&gt;⠆⠠⠎⠅⠗⠊⠧⠑⠗⠑⠛⠇⠑⠗&lt;/html:em&gt;⠰⠄ ⠼⠓⠄ ⠥⠞⠛⠄ ⠠⠕⠎⠇⠕   &lt;/expect&gt;&lt;expect xmlns:pkg="http://expath.org/ns/pkg"
         xmlns:impl="urn:x-xspec:compile:xslt:impl"
         xmlns:louis="http://liblouis.org/liblouis"
         xmlns:css="http://www.daisy.org/ns/pipeline/braille-css"
         xmlns:html="http://www.w3.org/1999/xhtml"&gt;    ⠠⠓⠑⠇⠇⠑⠧⠊⠅⠂ ⠠⠁⠇⠋⠄ ⠼⠁⠊⠛⠚⠄ &lt;html:em&gt;⠆⠠⠛⠕⠙ ⠝⠽⠝⠕⠗⠎⠅&lt;/html:em&gt;⠰⠄  ⠠⠕⠎⠇⠕   &lt;/expect&gt;&lt;expect xmlns:pkg="http://expath.org/ns/pkg"
         xmlns:impl="urn:x-xspec:compile:xslt:impl"
         xmlns:louis="http://liblouis.org/liblouis"
         xmlns:css="http://www.daisy.org/ns/pipeline/braille-css"
         xmlns:html="http://www.w3.org/1999/xhtml"&gt;    ⠠⠝⠽ ⠁⠋⠛⠓⠁⠝⠎⠅ ⠃⠑⠎⠞⠎⠑⠇⠛⠑⠗⠄ ⠠⠃⠕⠅⠁⠝⠍⠑⠇⠙⠑⠇⠎⠑ &lt;html:em&gt;⠆⠠⠙⠁⠛⠃⠇⠁⠙⠑⠞ &lt;/html:em&gt;⠰⠼⠚⠋⠄⠚⠋⠄⠚⠛   &lt;/expect&gt;

But Was:

&lt;expect xmlns:pkg="http://expath.org/ns/pkg"
         xmlns:impl="urn:x-xspec:compile:xslt:impl"
         xmlns:louis="http://liblouis.org/liblouis"
         xmlns:css="http://www.daisy.org/ns/pipeline/braille-css"
         xmlns:html="http://www.w3.org/1999/xhtml"&gt; ⠓⠥⠝⠙ ⠓⠥⠝⠙&lt;html:strong&gt;⠆⠑⠝⠰&lt;/html:strong&gt; ⠓⠥⠝⠙&lt;html:strong&gt;⠆⠑⠗⠰&lt;/html:strong&gt; ⠓⠥⠝⠙&lt;html:strong&gt;⠆⠑⠝⠑⠰&lt;/html:strong&gt;&lt;/expect&gt;&lt;expect xmlns:pkg="http://expath.org/ns/pkg"
         xmlns:impl="urn:x-xspec:compile:xslt:impl"
         xmlns:louis="http://liblouis.org/liblouis"
         xmlns:css="http://www.daisy.org/ns/pipeline/braille-css"
         xmlns:html="http://www.w3.org/1999/xhtml"&gt; ⠓⠥⠝⠙ ⠓⠥⠝⠙&lt;html:strong&gt;⠆⠑⠝⠰ &lt;/html:strong&gt;⠓⠥⠝⠙&lt;html:strong&gt;⠆⠑⠗⠰ &lt;/html:strong&gt;⠓⠥⠝⠙&lt;html:strong&gt;⠆⠑⠝⠑⠰&lt;/html:strong&gt;&lt;/expect&gt;&lt;expect xmlns:pkg="http://expath.org/ns/pkg"
         xmlns:impl="urn:x-xspec:compile:xslt:impl"
         xmlns:louis="http://liblouis.org/liblouis"
         xmlns:css="http://www.daisy.org/ns/pipeline/braille-css"
         xmlns:html="http://www.w3.org/1999/xhtml"&gt; ⠠⠙⠑⠞ ⠧⠁⠗ ⠃⠁⠗⠑ ⠙⠑⠞ ⠁⠞ ⠓⠥⠝ ⠕⠛⠎⠡ &lt;html:strong&gt;⠆⠍⠊⠎⠰&lt;/html:strong&gt;⠥⠝⠞⠑ ⠓⠁⠍ ⠙⠑⠞⠄ &lt;/expect&gt;&lt;expect xmlns:pkg="http://expath.org/ns/pkg"
         xmlns:impl="urn:x-xspec:compile:xslt:impl"
         xmlns:louis="http://liblouis.org/liblouis"
         xmlns:css="http://www.daisy.org/ns/pipeline/braille-css"
         xmlns:html="http://www.w3.org/1999/xhtml"&gt; ⠠⠚⠑⠛ ⠧⠑⠗⠅⠑⠝ &lt;html:strong&gt;⠆⠧⠊⠇⠰ &lt;/html:strong&gt;⠑⠇⠇⠑⠗ &lt;html:strong&gt;⠆⠅⠁⠝⠰ &lt;/html:strong&gt;⠛⠚⠪⠗⠑ ⠙⠑⠞⠞⠑ ⠋⠕⠗ ⠙⠑⠛⠖ &lt;/expect&gt;&lt;expect xmlns:pkg="http://expath.org/ns/pkg"
         xmlns:impl="urn:x-xspec:compile:xslt:impl"
         xmlns:louis="http://liblouis.org/liblouis"
         xmlns:css="http://www.daisy.org/ns/pipeline/braille-css"
         xmlns:html="http://www.w3.org/1999/xhtml"&gt; ⠠⠅⠁⠗⠊⠝ ⠠⠋⠕⠎⠎⠥⠍ ⠎⠇⠕ ⠛⠚⠑⠝⠝⠕⠍ ⠎⠕⠍ ⠅⠗⠊⠍⠋⠕⠗⠋⠁⠞⠞⠑⠗ ⠍⠑⠙ ⠗⠕⠍⠁⠝⠑⠝ &lt;html:strong&gt;⠆⠑⠧⠁⠎ ⠪⠽⠑⠰&lt;/html:strong&gt;⠂ ⠎⠕⠍ ⠅⠕⠍ ⠥⠞ ⠊ ⠼⠁⠊⠊⠑⠄ &lt;/expect&gt;&lt;expect xmlns:pkg="http://expath.org/ns/pkg"
         xmlns:impl="urn:x-xspec:compile:xslt:impl"
         xmlns:louis="http://liblouis.org/liblouis"
         xmlns:css="http://www.daisy.org/ns/pipeline/braille-css"
         xmlns:html="http://www.w3.org/1999/xhtml"&gt; ⠲⠠⠓⠪⠗ ⠓⠑⠗⠒ &lt;html:strong&gt;⠆⠙⠥ &lt;html:u&gt;⠸⠍⠡⠸ &lt;/html:u&gt;⠛⠚⠪⠗⠑ ⠙⠑⠞⠰&lt;/html:strong&gt;⠖⠲ &lt;/expect&gt;&lt;expect xmlns:pkg="http://expath.org/ns/pkg"
         xmlns:impl="urn:x-xspec:compile:xslt:impl"
         xmlns:louis="http://liblouis.org/liblouis"
         xmlns:css="http://www.daisy.org/ns/pipeline/braille-css"
         xmlns:html="http://www.w3.org/1999/xhtml"&gt; ⠠⠗⠕⠍⠁⠝⠑⠝ &lt;html:strong&gt;⠆⠠⠞⠥⠎⠑⠝ ⠎⠞⠗⠡⠇⠑⠝⠙⠑ ⠎⠕⠇⠑⠗⠰ &lt;/html:strong&gt;⠁⠧ ⠙⠑⠝ ⠁⠋⠛⠓⠁⠝⠎⠅⠁⠍⠑⠗⠊⠅⠁⠝⠎⠅⠑ ⠋⠕⠗⠋⠁⠞⠞⠑⠗⠑⠝ ⠠⠅⠓⠁⠇⠑⠙ ⠠⠓⠕⠎⠎⠑⠊⠝⠊ ⠞⠽⠙⠑⠗ ⠏⠡ ⠡ ⠃⠇⠊ ⠑⠝ ⠇⠊⠅⠑ ⠎⠞⠕⠗ ⠎⠥⠅⠎⠑⠎⠎ ⠎⠕⠍ ⠙⠑⠝ ⠋⠕⠗⠗⠊⠛⠑ ⠗⠕⠍⠁⠝⠑⠝⠂ &lt;html:strong&gt;⠆⠠⠙⠗⠁⠛⠑⠇⠪⠏⠑⠗⠑⠝⠰&lt;/html:strong&gt;⠄ ⠠⠊ ⠃⠕⠅⠁⠝⠍⠑⠇⠙⠑⠇⠎⠑⠝ ⠋⠗⠁ &lt;html:strong&gt;⠆⠠⠙⠁⠛⠃⠇⠁⠙⠑⠞⠰ &lt;/html:strong&gt;⠼⠚⠋⠄⠚⠋⠄⠚⠛ ⠋⠕⠗⠅⠇⠁⠗⠑⠎ ⠙⠑⠞⠞⠑ ⠍⠑⠙⠒ &lt;html:em&gt;⠠⠄⠊⠅⠅⠑ ⠋⠕⠗⠙⠊ ⠠⠓⠕⠎⠎⠑⠊⠝⠊ ⠑⠗ ⠑⠝ ⠎⠏⠑⠎⠊⠑⠇⠞ ⠛⠕⠙ ⠋⠕⠗⠋⠁⠞⠞⠑⠗⠄ ⠠⠍⠑⠝ ⠋⠕⠗⠙⠊ ⠞⠑⠍⠁⠞⠊⠅⠅⠑⠝ ⠞⠊⠇ ⠙⠑⠝ ⠠⠠⠥⠎⠁⠃⠕⠎⠁⠞⠞⠑ ⠠⠓⠕⠎⠎⠑⠊⠝⠊⠂ ⠓⠁⠗ ⠑⠝ ⠎⠏⠑⠎⠊⠑⠇⠇ ⠙⠗⠁⠛⠝⠊⠝⠛ ⠏⠡ ⠑⠞ ⠧⠑⠎⠞⠇⠊⠛ ⠏⠥⠃⠇⠊⠅⠥⠍⠄⠠⠄&lt;/html:em&gt;&lt;/expect&gt;&lt;expect xmlns:pkg="http://expath.org/ns/pkg"
         xmlns:impl="urn:x-xspec:compile:xslt:impl"
         xmlns:louis="http://liblouis.org/liblouis"
         xmlns:css="http://www.daisy.org/ns/pipeline/braille-css"
         xmlns:html="http://www.w3.org/1999/xhtml"&gt; ⠠⠧⠊⠝⠚⠑⠂ ⠠⠋⠊⠝⠝⠤⠠⠑⠗⠊⠅⠄ ⠼⠃⠚⠚⠙⠄ &lt;html:em&gt;⠠⠄⠠⠎⠅⠗⠊⠧⠑⠗⠑⠛⠇⠑⠗⠠⠄&lt;/html:em&gt;⠄ ⠼⠓⠄ ⠥⠞⠛⠄⠠⠕⠎⠇⠕ &lt;/expect&gt;&lt;expect xmlns:pkg="http://expath.org/ns/pkg"
         xmlns:impl="urn:x-xspec:compile:xslt:impl"
         xmlns:louis="http://liblouis.org/liblouis"
         xmlns:css="http://www.daisy.org/ns/pipeline/braille-css"
         xmlns:html="http://www.w3.org/1999/xhtml"&gt; ⠠⠓⠑⠇⠇⠑⠧⠊⠅⠂ ⠠⠁⠇⠋⠄ ⠼⠁⠊⠛⠚⠄ &lt;html:em&gt;⠠⠄⠛⠕⠙ ⠝⠽⠝⠕⠗⠎⠅⠠⠄&lt;/html:em&gt;⠄ ⠠⠕⠎⠇⠕ &lt;/expect&gt;&lt;expect xmlns:pkg="http://expath.org/ns/pkg"
         xmlns:impl="urn:x-xspec:compile:xslt:impl"
         xmlns:louis="http://liblouis.org/liblouis"
         xmlns:css="http://www.daisy.org/ns/pipeline/braille-css"
         xmlns:html="http://www.w3.org/1999/xhtml"&gt; ⠠⠝⠽ ⠁⠋⠛⠓⠁⠝⠎⠅ ⠃⠑⠎⠞⠎⠑⠇⠛⠑⠗⠄⠃⠕⠅⠁⠝⠍⠑⠇⠙⠑⠇⠎⠑ &lt;html:em&gt;⠠⠄⠙⠁⠛⠃⠇⠁⠙⠑⠞⠠⠄&lt;/html:em&gt;⠼⠚⠋⠄⠚⠋⠄⠚⠛ &lt;/expect&gt;
                </failure>
   </testcase>
   <testcase classname="xslt.emphasis_test-no"
             name="[4.3:38] Norwegian (not preserving structure) expect">
      <failure type="Expectation Error" xml:space="preserve">Expected:

&lt;expect xmlns:pkg="http://expath.org/ns/pkg"
         xmlns:impl="urn:x-xspec:compile:xslt:impl"
         xmlns:louis="http://liblouis.org/liblouis"
         xmlns:css="http://www.daisy.org/ns/pipeline/braille-css"
         xmlns:html="http://www.w3.org/1999/xhtml"&gt;    ⠓⠥⠝⠙ ⠓⠥⠝⠙&lt;html:strong&gt;⠆⠑⠝&lt;/html:strong&gt;⠰ ⠓⠥⠝⠙&lt;html:strong&gt;⠆⠑⠗&lt;/html:strong&gt;⠰    ⠓⠥⠝⠙&lt;html:strong&gt;⠆⠑⠝⠑&lt;/html:strong&gt;⠰   &lt;/expect&gt;&lt;expect xmlns:pkg="http://expath.org/ns/pkg"
         xmlns:impl="urn:x-xspec:compile:xslt:impl"
         xmlns:louis="http://liblouis.org/liblouis"
         xmlns:css="http://www.daisy.org/ns/pipeline/braille-css"
         xmlns:html="http://www.w3.org/1999/xhtml"&gt;    ⠓⠥⠝⠙ ⠓⠥⠝⠙&lt;html:strong&gt;⠆⠑⠝ &lt;/html:strong&gt;⠰⠓⠥⠝⠙&lt;html:strong&gt;⠆⠑⠗    &lt;/html:strong&gt;⠰⠓⠥⠝⠙&lt;html:strong&gt;⠆⠑⠝⠑&lt;/html:strong&gt;⠰   &lt;/expect&gt;&lt;expect xmlns:pkg="http://expath.org/ns/pkg"
         xmlns:impl="urn:x-xspec:compile:xslt:impl"
         xmlns:louis="http://liblouis.org/liblouis"
         xmlns:css="http://www.daisy.org/ns/pipeline/braille-css"
         xmlns:html="http://www.w3.org/1999/xhtml"&gt;    ⠠⠙⠑⠞ ⠧⠁⠗ ⠃⠁⠗⠑ ⠙⠑⠞ ⠁⠞ ⠓⠥⠝ ⠕⠛⠎⠡ &lt;html:strong&gt;⠆⠍⠊⠎&lt;/html:strong&gt;⠰⠥⠝⠞⠑ ⠓⠁⠍ ⠙⠑⠞   &lt;/expect&gt;&lt;expect xmlns:pkg="http://expath.org/ns/pkg"
         xmlns:impl="urn:x-xspec:compile:xslt:impl"
         xmlns:louis="http://liblouis.org/liblouis"
         xmlns:css="http://www.daisy.org/ns/pipeline/braille-css"
         xmlns:html="http://www.w3.org/1999/xhtml"&gt;    ⠠⠚⠑⠛ ⠧⠑⠗⠅⠑⠝ &lt;html:strong&gt;⠆⠧⠊⠇ &lt;/html:strong&gt;⠰⠑⠇⠇⠑⠗ &lt;html:strong&gt;⠆⠅⠁⠝ &lt;/html:strong&gt;⠰⠛⠚⠪⠗⠑    ⠙⠑⠞⠞⠑ ⠋⠕⠗ ⠙⠑⠛⠖   &lt;/expect&gt;&lt;expect xmlns:pkg="http://expath.org/ns/pkg"
         xmlns:impl="urn:x-xspec:compile:xslt:impl"
         xmlns:louis="http://liblouis.org/liblouis"
         xmlns:css="http://www.daisy.org/ns/pipeline/braille-css"
         xmlns:html="http://www.w3.org/1999/xhtml"&gt;    ⠠⠅⠁⠗⠊⠝ ⠠⠋⠕⠎⠎⠥⠍ ⠎⠇⠕ ⠛⠚⠑⠝⠝⠕⠍ ⠎⠕⠍ ⠅⠗⠊⠍⠋⠕⠗⠋⠁⠞⠞⠑⠗ ⠍⠑⠙ ⠗⠕⠍⠁⠝⠑⠝ &lt;html:strong&gt;⠆⠠⠑⠧⠁⠎    ⠪⠽⠑&lt;/html:strong&gt;⠰⠂ ⠎⠕⠍ ⠅⠕⠍ ⠥⠞ ⠊ ⠼⠁⠊⠊⠑⠄   &lt;/expect&gt;&lt;expect xmlns:pkg="http://expath.org/ns/pkg"
         xmlns:impl="urn:x-xspec:compile:xslt:impl"
         xmlns:louis="http://liblouis.org/liblouis"
         xmlns:css="http://www.daisy.org/ns/pipeline/braille-css"
         xmlns:html="http://www.w3.org/1999/xhtml"&gt;    ⠲⠠⠓⠪⠗ ⠓⠑⠗⠒ &lt;html:strong&gt;⠆⠙⠥ &lt;html:u&gt;⠰⠆⠍⠡ &lt;/html:u&gt;⠰⠰⠆⠛⠚⠪⠗⠑ ⠙⠑⠞&lt;/html:strong&gt;⠰⠖⠲   &lt;/expect&gt;&lt;expect xmlns:pkg="http://expath.org/ns/pkg"
         xmlns:impl="urn:x-xspec:compile:xslt:impl"
         xmlns:louis="http://liblouis.org/liblouis"
         xmlns:css="http://www.daisy.org/ns/pipeline/braille-css"
         xmlns:html="http://www.w3.org/1999/xhtml"&gt;    ⠠⠗⠕⠍⠁⠝⠑⠝ &lt;html:strong&gt;⠆⠠⠞⠥⠎⠑⠝ ⠎⠞⠗⠡⠇⠑⠝⠙⠑ ⠎⠕⠇⠑⠗ &lt;/html:strong&gt;⠰⠁⠧ ⠙⠑⠝ ⠁⠋⠛⠓⠁⠝⠎⠅⠤⠁⠍⠑⠗⠊⠅⠁⠝⠎⠅⠑    ⠋⠕⠗⠋⠁⠞⠞⠑⠗⠑⠝ ⠠⠅⠓⠁⠇⠑⠙ ⠠⠓⠕⠎⠎⠑⠊⠝⠊ ⠞⠽⠙⠑⠗ ⠏⠡ ⠡ ⠃⠇⠊ ⠑⠝ ⠇⠊⠅⠑ ⠎⠞⠕⠗ ⠎⠥⠅⠎⠑⠎⠎ ⠎⠕⠍ ⠙⠑⠝ ⠋⠕⠗⠗⠊⠛⠑ ⠗⠕⠍⠁⠝⠑⠝⠂    &lt;html:strong&gt;⠆⠠⠙⠗⠁⠛⠑⠇⠪⠏⠑⠗⠑⠝&lt;/html:strong&gt;⠰⠄ ⠠⠊ ⠃⠕⠅⠁⠝⠍⠑⠇⠙⠑⠇⠎⠑⠝ ⠋⠗⠁ &lt;html:strong&gt;⠆⠠⠙⠁⠛⠃⠇⠁⠙⠑⠞    &lt;/html:strong&gt;⠰⠼⠚⠋⠄⠚⠋⠄⠚⠛ ⠋⠕⠗⠅⠇⠁⠗⠑⠎ ⠙⠑⠞⠞⠑ ⠍⠑⠙⠒ &lt;html:em&gt;⠆⠠⠊⠅⠅⠑ ⠋⠕⠗⠙⠊ ⠠⠓⠕⠎⠎⠑⠊⠝⠊ ⠑⠗ ⠑⠝ ⠎⠏⠑⠎⠊⠑⠇⠞    ⠛⠕⠙ ⠋⠕⠗⠋⠁⠞⠞⠑⠗⠄ ⠠⠍⠑⠝ ⠋⠕⠗⠙⠊ ⠞⠑⠍⠁⠞⠊⠅⠅⠑⠝ ⠞⠊⠇ ⠙⠑⠝ ⠠⠠⠥⠎⠁⠤⠃⠕⠎⠁⠞⠞⠑ ⠠⠓⠕⠎⠎⠑⠊⠝⠊⠂ ⠓⠁⠗ ⠑⠝ ⠎⠏⠑⠎⠊⠑⠇⠇    ⠙⠗⠁⠛⠝⠊⠝⠛ ⠏⠡ ⠑⠞ ⠧⠑⠎⠞⠇⠊⠛ ⠏⠥⠃⠇⠊⠅⠥⠍⠄&lt;/html:em&gt;⠰   &lt;/expect&gt;&lt;expect xmlns:pkg="http://expath.org/ns/pkg"
         xmlns:impl="urn:x-xspec:compile:xslt:impl"
         xmlns:louis="http://liblouis.org/liblouis"
         xmlns:css="http://www.daisy.org/ns/pipeline/braille-css"
         xmlns:html="http://www.w3.org/1999/xhtml"&gt;    ⠠⠧⠊⠝⠚⠑⠂ ⠠⠋⠊⠝⠝⠤⠠⠑⠗⠊⠅⠄ ⠼⠃⠚⠚⠙⠄ &lt;html:em&gt;⠆⠠⠎⠅⠗⠊⠧⠑⠗⠑⠛⠇⠑⠗&lt;/html:em&gt;⠰⠄ ⠼⠓⠄ ⠥⠞⠛⠄ ⠠⠕⠎⠇⠕   &lt;/expect&gt;&lt;expect xmlns:pkg="http://expath.org/ns/pkg"
         xmlns:impl="urn:x-xspec:compile:xslt:impl"
         xmlns:louis="http://liblouis.org/liblouis"
         xmlns:css="http://www.daisy.org/ns/pipeline/braille-css"
         xmlns:html="http://www.w3.org/1999/xhtml"&gt;    ⠠⠓⠑⠇⠇⠑⠧⠊⠅⠂ ⠠⠁⠇⠋⠄ ⠼⠁⠊⠛⠚⠄ &lt;html:em&gt;⠆⠠⠛⠕⠙ ⠝⠽⠝⠕⠗⠎⠅&lt;/html:em&gt;⠰⠄  ⠠⠕⠎⠇⠕   &lt;/expect&gt;&lt;expect xmlns:pkg="http://expath.org/ns/pkg"
         xmlns:impl="urn:x-xspec:compile:xslt:impl"
         xmlns:louis="http://liblouis.org/liblouis"
         xmlns:css="http://www.daisy.org/ns/pipeline/braille-css"
         xmlns:html="http://www.w3.org/1999/xhtml"&gt;    ⠠⠝⠽ ⠁⠋⠛⠓⠁⠝⠎⠅ ⠃⠑⠎⠞⠎⠑⠇⠛⠑⠗⠄ ⠠⠃⠕⠅⠁⠝⠍⠑⠇⠙⠑⠇⠎⠑ &lt;html:em&gt;⠆⠠⠙⠁⠛⠃⠇⠁⠙⠑⠞ &lt;/html:em&gt;⠰⠼⠚⠋⠄⠚⠋⠄⠚⠛   &lt;/expect&gt;

But Was:

&lt;expect xmlns:pkg="http://expath.org/ns/pkg"
         xmlns:impl="urn:x-xspec:compile:xslt:impl"
         xmlns:louis="http://liblouis.org/liblouis"
         xmlns:css="http://www.daisy.org/ns/pipeline/braille-css"
         xmlns:html="http://www.w3.org/1999/xhtml"&gt; ⠓⠥⠝⠙ ⠓⠥⠝⠙⠆⠑⠝⠰ ⠓⠥⠝⠙⠆⠑⠗⠰ ⠓⠥⠝⠙⠆⠑⠝⠑⠰ &lt;/expect&gt;&lt;expect xmlns:pkg="http://expath.org/ns/pkg"
         xmlns:impl="urn:x-xspec:compile:xslt:impl"
         xmlns:louis="http://liblouis.org/liblouis"
         xmlns:css="http://www.daisy.org/ns/pipeline/braille-css"
         xmlns:html="http://www.w3.org/1999/xhtml"&gt; ⠓⠥⠝⠙ ⠓⠥⠝⠙⠆⠑⠝⠰ ⠓⠥⠝⠙⠆⠑⠗⠰ ⠓⠥⠝⠙⠆⠑⠝⠑⠰ &lt;/expect&gt;&lt;expect xmlns:pkg="http://expath.org/ns/pkg"
         xmlns:impl="urn:x-xspec:compile:xslt:impl"
         xmlns:louis="http://liblouis.org/liblouis"
         xmlns:css="http://www.daisy.org/ns/pipeline/braille-css"
         xmlns:html="http://www.w3.org/1999/xhtml"&gt; ⠠⠙⠑⠞ ⠧⠁⠗ ⠃⠁⠗⠑ ⠙⠑⠞ ⠁⠞ ⠓⠥⠝ ⠕⠛⠎⠡ ⠆⠍⠊⠎⠰⠥⠝⠞⠑ ⠓⠁⠍ ⠙⠑⠞⠄ &lt;/expect&gt;&lt;expect xmlns:pkg="http://expath.org/ns/pkg"
         xmlns:impl="urn:x-xspec:compile:xslt:impl"
         xmlns:louis="http://liblouis.org/liblouis"
         xmlns:css="http://www.daisy.org/ns/pipeline/braille-css"
         xmlns:html="http://www.w3.org/1999/xhtml"&gt; ⠠⠚⠑⠛ ⠧⠑⠗⠅⠑⠝ ⠆⠧⠊⠇⠰ ⠑⠇⠇⠑⠗ ⠆⠅⠁⠝⠰ ⠛⠚⠪⠗⠑ ⠙⠑⠞⠞⠑ ⠋⠕⠗ ⠙⠑⠛⠖ &lt;/expect&gt;&lt;expect xmlns:pkg="http://expath.org/ns/pkg"
         xmlns:impl="urn:x-xspec:compile:xslt:impl"
         xmlns:louis="http://liblouis.org/liblouis"
         xmlns:css="http://www.daisy.org/ns/pipeline/braille-css"
         xmlns:html="http://www.w3.org/1999/xhtml"&gt; ⠠⠅⠁⠗⠊⠝ ⠠⠋⠕⠎⠎⠥⠍ ⠎⠇⠕ ⠛⠚⠑⠝⠝⠕⠍ ⠎⠕⠍ ⠅⠗⠊⠍⠋⠕⠗⠋⠁⠞⠞⠑⠗ ⠍⠑⠙ ⠗⠕⠍⠁⠝⠑⠝ ⠆⠑⠧⠁⠎ ⠪⠽⠑⠰⠂ ⠎⠕⠍ ⠅⠕⠍ ⠥⠞ ⠊ ⠼⠁⠊⠊⠑⠄ &lt;/expect&gt;&lt;expect xmlns:pkg="http://expath.org/ns/pkg"
         xmlns:impl="urn:x-xspec:compile:xslt:impl"
         xmlns:louis="http://liblouis.org/liblouis"
         xmlns:css="http://www.daisy.org/ns/pipeline/braille-css"
         xmlns:html="http://www.w3.org/1999/xhtml"&gt; ⠲⠠⠓⠪⠗ ⠓⠑⠗⠒ ⠆⠙⠥ ⠸⠍⠡⠸ ⠛⠚⠪⠗⠑ ⠙⠑⠞⠰⠖⠲ &lt;/expect&gt;&lt;expect xmlns:pkg="http://expath.org/ns/pkg"
         xmlns:impl="urn:x-xspec:compile:xslt:impl"
         xmlns:louis="http://liblouis.org/liblouis"
         xmlns:css="http://www.daisy.org/ns/pipeline/braille-css"
         xmlns:html="http://www.w3.org/1999/xhtml"&gt; ⠠⠗⠕⠍⠁⠝⠑⠝ ⠆⠠⠞⠥⠎⠑⠝ ⠎⠞⠗⠡⠇⠑⠝⠙⠑ ⠎⠕⠇⠑⠗⠰ ⠁⠧ ⠙⠑⠝ ⠁⠋⠛⠓⠁⠝⠎⠅⠁⠍⠑⠗⠊⠅⠁⠝⠎⠅⠑ ⠋⠕⠗⠋⠁⠞⠞⠑⠗⠑⠝ ⠠⠅⠓⠁⠇⠑⠙ ⠠⠓⠕⠎⠎⠑⠊⠝⠊ ⠞⠽⠙⠑⠗ ⠏⠡ ⠡ ⠃⠇⠊ ⠑⠝ ⠇⠊⠅⠑ ⠎⠞⠕⠗ ⠎⠥⠅⠎⠑⠎⠎ ⠎⠕⠍ ⠙⠑⠝ ⠋⠕⠗⠗⠊⠛⠑ ⠗⠕⠍⠁⠝⠑⠝⠂ ⠆⠠⠙⠗⠁⠛⠑⠇⠪⠏⠑⠗⠑⠝⠰⠄ ⠠⠊ ⠃⠕⠅⠁⠝⠍⠑⠇⠙⠑⠇⠎⠑⠝ ⠋⠗⠁ ⠆⠠⠙⠁⠛⠃⠇⠁⠙⠑⠞⠰ ⠼⠚⠋⠄⠚⠋⠄⠚⠛ ⠋⠕⠗⠅⠇⠁⠗⠑⠎ ⠙⠑⠞⠞⠑ ⠍⠑⠙⠒ ⠠⠄⠊⠅⠅⠑ ⠋⠕⠗⠙⠊ ⠠⠓⠕⠎⠎⠑⠊⠝⠊ ⠑⠗ ⠑⠝ ⠎⠏⠑⠎⠊⠑⠇⠞ ⠛⠕⠙ ⠋⠕⠗⠋⠁⠞⠞⠑⠗⠄ ⠠⠍⠑⠝ ⠋⠕⠗⠙⠊ ⠞⠑⠍⠁⠞⠊⠅⠅⠑⠝ ⠞⠊⠇ ⠙⠑⠝ ⠠⠠⠥⠎⠁⠃⠕⠎⠁⠞⠞⠑ ⠠⠓⠕⠎⠎⠑⠊⠝⠊⠂ ⠓⠁⠗ ⠑⠝ ⠎⠏⠑⠎⠊⠑⠇⠇ ⠙⠗⠁⠛⠝⠊⠝⠛ ⠏⠡ ⠑⠞ ⠧⠑⠎⠞⠇⠊⠛ ⠏⠥⠃⠇⠊⠅⠥⠍⠄⠠⠄ &lt;/expect&gt;&lt;expect xmlns:pkg="http://expath.org/ns/pkg"
         xmlns:impl="urn:x-xspec:compile:xslt:impl"
         xmlns:louis="http://liblouis.org/liblouis"
         xmlns:css="http://www.daisy.org/ns/pipeline/braille-css"
         xmlns:html="http://www.w3.org/1999/xhtml"&gt; ⠠⠧⠊⠝⠚⠑⠂ ⠠⠋⠊⠝⠝⠤⠠⠑⠗⠊⠅⠄ ⠼⠃⠚⠚⠙⠄ ⠠⠄⠠⠎⠅⠗⠊⠧⠑⠗⠑⠛⠇⠑⠗⠠⠄⠄ ⠼⠓⠄ ⠥⠞⠛⠄⠠⠕⠎⠇⠕ &lt;/expect&gt;&lt;expect xmlns:pkg="http://expath.org/ns/pkg"
         xmlns:impl="urn:x-xspec:compile:xslt:impl"
         xmlns:louis="http://liblouis.org/liblouis"
         xmlns:css="http://www.daisy.org/ns/pipeline/braille-css"
         xmlns:html="http://www.w3.org/1999/xhtml"&gt; ⠠⠓⠑⠇⠇⠑⠧⠊⠅⠂ ⠠⠁⠇⠋⠄ ⠼⠁⠊⠛⠚⠄ ⠠⠄⠛⠕⠙ ⠝⠽⠝⠕⠗⠎⠅⠠⠄⠄ ⠠⠕⠎⠇⠕ &lt;/expect&gt;&lt;expect xmlns:pkg="http://expath.org/ns/pkg"
         xmlns:impl="urn:x-xspec:compile:xslt:impl"
         xmlns:louis="http://liblouis.org/liblouis"
         xmlns:css="http://www.daisy.org/ns/pipeline/braille-css"
         xmlns:html="http://www.w3.org/1999/xhtml"&gt; ⠠⠝⠽ ⠁⠋⠛⠓⠁⠝⠎⠅ ⠃⠑⠎⠞⠎⠑⠇⠛⠑⠗⠄⠃⠕⠅⠁⠝⠍⠑⠇⠙⠑⠇⠎⠑ ⠠⠄⠙⠁⠛⠃⠇⠁⠙⠑⠞⠠⠄⠼⠚⠋⠄⠚⠋⠄⠚⠛ &lt;/expect&gt;
                </failure>
   </testcase>
</testsuite>