<?xml version="1.0" encoding="UTF-8" standalone="no"?><testsuites tests="6" failures="3" time="4.943" errors="0" name="testcelia"><testsuite timestamp="2015-10-21T10:27:19.108Z" hostname="localhost" tests="2" errors="0" failures="1" skipped="0" id="d3491e1" name="4336DoubleLetterSpacingPt1" package="http://www.daisy.org/ns/pipeline/xproc/internal" time="0.291">
<properties><property name="input: source" value="&lt;_ xmlns=&#34;http://www.daisy.org/z3986/2005/dtbook/&#34; ...&gt;...&lt;/_&gt; (Base URI: file:/Users/bert/src/snaekobbi/src/requirements/src/test/letter-spacing/test-celia.xprocspec)"/>

<property name="option: stylesheet" value="file:/Users/bert/src/snaekobbi/src/requirements/src/test/letter-spacing/style-celia.css"/>
<property name="option: transform" value="(formatter:dotify)(translator:celia)"/>
<property name="option: ascii-table" value="(id:&#34;com_braillo.BrailloTableProvider.TableType.BRAILLO_6DOT_001_00&#34;)"/>
<property name="option: temp-dir" value="file:/Users/bert/src/snaekobbi/src/requirements/target/xprocspec//tmp/xprocspec-20151021122714272/"/>

</properties>
<testcase name="theStepShouldExecuteSuccessfullyWithoutThrowingAnyErrors" classname="css-inline-and-px-transform-type-css" assertions="1" time="0" status="SUCCESS"><system-out>the step should execute successfully without throwing any errors: SUCCESS</system-out>
<system-err/></testcase><testcase name="result" classname="css-inline-and-px-transform-type-css" assertions="1" time="0" status="FAILED"><failure message="result" type="custom"/><system-out>result: FAILED</system-out>
<system-err>Expected:
&lt;pef xmlns="http://www.daisy.org/ns/2008/pef" version="2008-1"&gt;
  &lt;head&gt;
    &lt;meta xmlns:dc="http://purl.org/dc/elements/1.1/" xmlns:dp2="http://www.daisy.org/ns/pipeline"&gt;
      &lt;dc:date&gt;2015-10-21&lt;/dc:date&gt;
      &lt;dc:format&gt;application/x-pef+xml&lt;/dc:format&gt;
      &lt;dc:identifier&gt;AUTO_ID_128055554&lt;/dc:identifier&gt;
      &lt;dp2:ascii-table&gt;(id:'com_braillo.BrailloTableProvider.TableType.BRAILLO_6DOT_001_00')&lt;/dp2:ascii-table&gt;
    &lt;/meta&gt;
  &lt;/head&gt;
  &lt;body&gt;
    &lt;volume cols="30" rows="27" rowgap="0" duplex="false"&gt;
      &lt;section&gt;
        &lt;page&gt;
          &lt;row&gt;⠀⠀⠀⠀⠀⠀⠀⠀⠀⠀⠀⠀⠀⠀⠀⠀⠀⠀⠀⠀⠀⠀⠀⠀⠀⠀⠀⠀⠼⠁&lt;/row&gt;
          &lt;row&gt;⠠⠍⠀⠊⠀⠑⠀⠎⠀⠀⠀⠗⠀⠁⠀⠝⠀⠝⠀⠁⠀⠇⠀⠇⠀⠁&lt;/row&gt;
          &lt;row&gt;⠀&lt;/row&gt;
          &lt;row&gt;⠀&lt;/row&gt;
          &lt;row&gt;⠠⠓⠀⠑⠀⠝⠀⠝⠀⠊⠀⠝⠀⠛&lt;/row&gt;
          &lt;row&gt;⠀&lt;/row&gt;
          &lt;row&gt;⠠⠍⠀⠁⠀⠝⠀⠅⠀⠑⠀⠇⠀⠇&lt;/row&gt;
          &lt;row&gt;⠀&lt;/row&gt;
          &lt;row&gt;⠀&lt;/row&gt;
          &lt;row&gt;⠠⠚⠀⠕⠀⠓⠀⠁⠀⠝&lt;/row&gt;
          &lt;row&gt;⠀&lt;/row&gt;
          &lt;row&gt;⠠⠺⠀⠑⠀⠗⠀⠅⠀⠍⠀⠜⠀⠎⠀⠞⠀⠑⠀⠗&lt;/row&gt;
          &lt;row&gt;⠀&lt;/row&gt;
          &lt;row&gt;⠀&lt;/row&gt;
          &lt;row&gt;⠀&lt;/row&gt;
          &lt;row&gt;⠠⠞⠀⠑⠀⠕⠀⠎⠀⠀⠀⠕⠀⠝⠀⠀⠀⠎⠀⠁⠀⠁⠀⠝⠀⠥⠀⠞&lt;/row&gt;
          &lt;row&gt;⠀&lt;/row&gt;
          &lt;row&gt;⠧⠀⠁⠀⠇⠀⠞⠀⠊⠀⠕⠀⠝⠀⠀⠀⠎⠀⠑⠀⠇⠀⠅⠀⠕⠀⠤&lt;/row&gt;
          &lt;row&gt;⠀&lt;/row&gt;
          &lt;row&gt;⠅⠀⠊⠀⠗⠀⠚⠀⠁⠀⠞⠀⠥⠀⠅⠀⠑⠀⠁⠄&lt;/row&gt;
          &lt;row&gt;⠀&lt;/row&gt;
          &lt;row&gt;⠀&lt;/row&gt;
          &lt;row&gt;⠠⠉⠀⠀⠀⠠⠅⠀⠑⠀⠓⠀⠊⠀⠞⠀⠽⠀⠎⠀⠤&lt;/row&gt;
          &lt;row&gt;⠀&lt;/row&gt;
          &lt;row&gt;⠧⠀⠁⠀⠍⠀⠍⠀⠁⠀⠇⠀⠊⠀⠊⠀⠞⠀⠞⠀⠕⠀⠀⠀⠗⠀⠽&lt;/row&gt;
          &lt;row&gt;⠀&lt;/row&gt;
          &lt;row&gt;⠼⠃⠚⠁⠃&lt;/row&gt;
        &lt;/page&gt;
        &lt;page&gt;
          &lt;row&gt;⠀⠀⠀⠀⠀⠀⠀⠀⠀⠀⠀⠀⠀⠀⠀⠀⠀⠀⠀⠀⠀⠀⠀⠀⠀⠀⠀⠀⠼⠃&lt;/row&gt;
          &lt;row&gt;⠺⠀⠺⠀⠺⠄⠕⠀⠏⠀⠊⠀⠅⠀⠑⠄⠋⠀⠊&lt;/row&gt;
          &lt;row&gt;⠀&lt;/row&gt;
          &lt;row&gt;⠠⠎⠀⠑⠀⠇⠀⠅⠀⠕⠀⠅⠀⠊⠀⠑⠀⠇⠀⠊⠀⠝⠀⠑⠀⠝&lt;/row&gt;
          &lt;row&gt;⠀&lt;/row&gt;
          &lt;row&gt;⠁⠀⠇⠀⠅⠀⠥⠀⠏⠀⠑⠀⠗⠀⠜⠀⠊⠀⠎⠀⠞⠀⠑⠀⠕⠀⠎⠒&lt;/row&gt;
          &lt;row&gt;⠀&lt;/row&gt;
          &lt;row&gt;⠠⠓⠀⠑⠀⠝⠀⠝⠀⠊⠀⠝⠀⠛&lt;/row&gt;
          &lt;row&gt;⠀&lt;/row&gt;
          &lt;row&gt;⠠⠍⠀⠁⠀⠝⠀⠅⠀⠑⠀⠇⠀⠇⠀⠀⠀⠤&lt;/row&gt;
          &lt;row&gt;⠀&lt;/row&gt;
          &lt;row&gt;⠠⠚⠀⠕⠀⠓⠀⠁⠀⠝&lt;/row&gt;
          &lt;row&gt;⠀&lt;/row&gt;
          &lt;row&gt;⠠⠺⠀⠑⠀⠗⠀⠅⠀⠍⠀⠜⠀⠎⠀⠞⠀⠑⠀⠗⠒&lt;/row&gt;
          &lt;row&gt;⠀&lt;/row&gt;
          &lt;row&gt;⠠⠍⠀⠁⠀⠝⠀⠝⠀⠑⠀⠝⠀⠀⠀⠏⠀⠡&lt;/row&gt;
          &lt;row&gt;⠀&lt;/row&gt;
          &lt;row&gt;⠎⠀⠞⠀⠗⠀⠁⠀⠝⠀⠙⠀⠑⠀⠝⠄&lt;/row&gt;
          &lt;row&gt;⠀&lt;/row&gt;
          &lt;row&gt;⠀&lt;/row&gt;
          &lt;row&gt;⠠⠠⠇⠀⠇⠀⠤⠀⠋⠀⠪⠀⠗⠀⠇⠀⠁⠀⠛⠀⠑⠀⠞&lt;/row&gt;
          &lt;row&gt;⠀&lt;/row&gt;
          &lt;row&gt;⠼⠃⠚⠚⠋⠄&lt;/row&gt;
          &lt;row&gt;⠀&lt;/row&gt;
          &lt;row&gt;⠠⠎⠀⠥⠀⠕⠀⠍⠀⠑⠀⠝⠀⠝⠀⠕⠀⠎⠒⠀⠀⠀⠠⠁⠀⠗⠀⠊&lt;/row&gt;
          &lt;row&gt;⠀&lt;/row&gt;
          &lt;row&gt;⠠⠎⠀⠁⠀⠊⠀⠝⠀⠊⠀⠕&lt;/row&gt;
        &lt;/page&gt;
        &lt;page&gt;
          &lt;row&gt;⠀⠀⠀⠀⠀⠀⠀⠀⠀⠀⠀⠀⠀⠀⠀⠀⠀⠀⠀⠀⠀⠀⠀⠀⠀⠀⠀⠀⠼⠉&lt;/row&gt;
          &lt;row&gt;⠠⠥⠀⠇⠀⠅⠀⠕⠀⠁⠀⠎⠀⠥⠀⠀⠀⠚⠀⠁&lt;/row&gt;
          &lt;row&gt;⠀&lt;/row&gt;
          &lt;row&gt;⠞⠀⠁⠀⠊⠀⠞⠀⠞⠀⠕⠒⠀⠀⠀⠠⠃⠀⠊⠀⠗⠀⠛⠀⠊⠀⠞&lt;/row&gt;
          &lt;row&gt;⠀&lt;/row&gt;
          &lt;row&gt;⠠⠞⠀⠥⠀⠇⠀⠇⠀⠁&lt;/row&gt;
          &lt;row&gt;⠀&lt;/row&gt;
          &lt;row&gt;⠠⠠⠊⠀⠎⠀⠃⠀⠝⠀⠀⠀⠼⠊⠛⠓⠤⠼⠊⠑⠁⠤⠼⠑⠓⠚⠤&lt;/row&gt;
          &lt;row&gt;⠀&lt;/row&gt;
          &lt;row&gt;⠼⠑⠁⠊⠤⠼⠑&lt;/row&gt;
          &lt;row&gt;⠀&lt;/row&gt;
          &lt;row&gt;⠠⠍⠀⠥⠀⠇⠀⠞⠀⠊⠀⠏⠀⠗⠀⠊⠀⠝⠀⠞⠀⠀⠀⠠⠕⠀⠽⠂&lt;/row&gt;
          &lt;row&gt;⠀&lt;/row&gt;
          &lt;row&gt;⠼⠃⠚⠁⠃&lt;/row&gt;
          &lt;row&gt;⠀&lt;/row&gt;
          &lt;row&gt;⠠⠞⠀⠥⠀⠕⠀⠞⠀⠞⠀⠁⠀⠚⠀⠁⠒&lt;/row&gt;
          &lt;row&gt;⠀&lt;/row&gt;
          &lt;row&gt;⠠⠉⠀⠑⠀⠇⠀⠊⠀⠁⠀⠀⠀⠤&lt;/row&gt;
          &lt;row&gt;⠀&lt;/row&gt;
          &lt;row&gt;⠠⠝⠀⠜⠀⠅⠀⠪⠀⠧⠀⠁⠀⠍⠀⠍⠀⠁⠀⠊⠀⠎⠀⠞⠀⠑⠀⠝&lt;/row&gt;
          &lt;row&gt;⠀&lt;/row&gt;
          &lt;row&gt;⠅⠀⠊⠀⠗⠀⠚⠀⠁⠀⠎⠀⠞⠀⠕⠀⠀⠀⠼⠃⠚⠁⠑&lt;/row&gt;
          &lt;row&gt;⠀&lt;/row&gt;
          &lt;row&gt;⠠⠅⠀⠜⠀⠽⠀⠞⠀⠞⠀⠪⠀⠕⠀⠊⠀⠅⠀⠑⠀⠥⠀⠎⠒&lt;/row&gt;
          &lt;row&gt;⠀&lt;/row&gt;
          &lt;row&gt;⠀&lt;/row&gt;
          &lt;row&gt;⠠⠞⠀⠜⠀⠍⠀⠜⠀⠀⠀⠅⠀⠊⠀⠗⠀⠚⠀⠁⠀⠀⠀⠕⠀⠝&lt;/row&gt;
        &lt;/page&gt;
        &lt;page&gt;
          &lt;row&gt;⠀⠀⠀⠀⠀⠀⠀⠀⠀⠀⠀⠀⠀⠀⠀⠀⠀⠀⠀⠀⠀⠀⠀⠀⠀⠀⠀⠀⠼⠙&lt;/row&gt;
          &lt;row&gt;⠧⠀⠁⠀⠇⠀⠍⠀⠊⠀⠎⠀⠞⠀⠑⠀⠞⠀⠞⠀⠥&lt;/row&gt;
          &lt;row&gt;⠀&lt;/row&gt;
          &lt;row&gt;⠞⠀⠑⠀⠅⠀⠊⠀⠚⠀⠜⠀⠝⠀⠕⠀⠊⠀⠅⠀⠑⠀⠥⠀⠎⠀⠤&lt;/row&gt;
          &lt;row&gt;⠀&lt;/row&gt;
          &lt;row&gt;⠇⠀⠁⠀⠊⠀⠝⠀⠀⠀⠼⠁⠛&lt;/row&gt;
          &lt;row&gt;⠀&lt;/row&gt;
          &lt;row&gt;⠏⠀⠽⠀⠅⠀⠜⠀⠇⠀⠜⠀⠝&lt;/row&gt;
          &lt;row&gt;⠀&lt;/row&gt;
          &lt;row&gt;⠝⠀⠕⠀⠚⠀⠁⠀⠇⠀⠇⠀⠁⠀⠀⠀⠚⠀⠁⠀⠀⠀⠕⠀⠝&lt;/row&gt;
          &lt;row&gt;⠀&lt;/row&gt;
          &lt;row&gt;⠞⠀⠁⠀⠗⠀⠅⠀⠕⠀⠊⠀⠞⠀⠑⠀⠞⠀⠞⠀⠥&lt;/row&gt;
          &lt;row&gt;⠀&lt;/row&gt;
          &lt;row&gt;⠁⠀⠊⠀⠝⠀⠕⠀⠁⠀⠎⠀⠞⠀⠁⠀⠁⠀⠝&lt;/row&gt;
          &lt;row&gt;⠀&lt;/row&gt;
          &lt;row&gt;⠝⠀⠜⠀⠅⠀⠪⠀⠧⠀⠁⠀⠍⠀⠍⠀⠁⠀⠊⠀⠎⠀⠞⠀⠑⠀⠝&lt;/row&gt;
          &lt;row&gt;⠀&lt;/row&gt;
          &lt;row&gt;⠚⠀⠁⠀⠀⠀⠍⠀⠥⠀⠊⠀⠙⠀⠑⠀⠝&lt;/row&gt;
          &lt;row&gt;⠀&lt;/row&gt;
          &lt;row&gt;⠇⠀⠥⠀⠅⠀⠑⠀⠍⠀⠊⠀⠎⠀⠤&lt;/row&gt;
          &lt;row&gt;⠀&lt;/row&gt;
          &lt;row&gt;⠑⠀⠎⠀⠞⠀⠑⠀⠊⠀⠎⠀⠞⠀⠑⠀⠝&lt;/row&gt;
          &lt;row&gt;⠀&lt;/row&gt;
          &lt;row&gt;⠅⠀⠜⠀⠽⠀⠞⠀⠞⠀⠪⠀⠪⠀⠝⠄&lt;/row&gt;
          &lt;row&gt;⠀&lt;/row&gt;
          &lt;row&gt;⠀&lt;/row&gt;
          &lt;row/&gt;
        &lt;/page&gt;
        &lt;page&gt;
          &lt;row&gt;⠀⠀⠀⠀⠀⠀⠀⠀⠀⠀⠀⠀⠀⠀⠀⠀⠀⠀⠀⠀⠀⠀⠀⠀⠀⠀⠀⠀⠼⠑&lt;/row&gt;
          &lt;row&gt;⠠⠅⠀⠥⠀⠎⠀⠞⠀⠁⠀⠝⠀⠞⠀⠁⠀⠚⠀⠁&lt;/row&gt;
          &lt;row&gt;⠀&lt;/row&gt;
          &lt;row&gt;⠑⠀⠎⠀⠊⠀⠞⠀⠞⠀⠑⠀⠇⠀⠑⠀⠑⠒&lt;/row&gt;
          &lt;row&gt;⠀&lt;/row&gt;
          &lt;row&gt;⠠⠍⠀⠊⠀⠑⠀⠎⠀⠀⠀⠝⠀⠕⠀⠥⠀⠎⠀⠑⠀⠑&lt;/row&gt;
          &lt;row&gt;⠀&lt;/row&gt;
          &lt;row&gt;⠞⠀⠁⠀⠅⠀⠎⠀⠊⠀⠊⠀⠝⠄&lt;/row&gt;
          &lt;row&gt;⠀&lt;/row&gt;
          &lt;row&gt;⠠⠏⠀⠑⠀⠗⠀⠊⠀⠇⠀⠇⠀⠜&lt;/row&gt;
          &lt;row&gt;⠀&lt;/row&gt;
          &lt;row&gt;⠞⠀⠁⠀⠅⠀⠎⠀⠊⠀⠅⠀⠥⠀⠎⠀⠅⠀⠊&lt;/row&gt;
          &lt;row&gt;⠀&lt;/row&gt;
          &lt;row&gt;⠓⠀⠥⠀⠕⠀⠍⠀⠁⠀⠁⠂⠀⠀⠀⠑⠀⠞⠀⠞⠀⠜&lt;/row&gt;
          &lt;row&gt;⠀&lt;/row&gt;
          &lt;row&gt;⠍⠀⠊⠀⠑⠀⠎⠀⠀⠀⠊⠀⠎⠀⠞⠀⠥⠀⠥&lt;/row&gt;
          &lt;row&gt;⠀&lt;/row&gt;
          &lt;row&gt;⠞⠀⠁⠀⠅⠀⠁⠀⠏⠀⠑⠀⠝⠀⠅⠀⠊⠀⠇⠀⠇⠀⠜&lt;/row&gt;
          &lt;row&gt;⠀&lt;/row&gt;
          &lt;row&gt;⠅⠀⠥⠀⠕⠀⠇⠀⠇⠀⠑⠀⠑⠀⠝⠀⠁⠄&lt;/row&gt;
          &lt;row&gt;⠀&lt;/row&gt;
          &lt;row&gt;⠠⠕⠀⠝⠀⠅⠀⠕⠀⠀⠀⠓⠀⠜⠀⠝&lt;/row&gt;
          &lt;row&gt;⠀&lt;/row&gt;
          &lt;row&gt;⠎⠀⠁⠀⠁⠀⠝⠀⠥⠀⠞⠀⠀⠀⠎⠀⠁⠀⠊⠀⠗⠀⠁⠀⠎⠀⠤&lt;/row&gt;
          &lt;row&gt;⠀&lt;/row&gt;
          &lt;row&gt;⠅⠀⠕⠀⠓⠀⠞⠀⠁⠀⠥⠀⠅⠀⠎⠀⠑⠀⠝⠂&lt;/row&gt;
          &lt;row/&gt;
        &lt;/page&gt;
        &lt;page&gt;
          &lt;row&gt;⠀⠀⠀⠀⠀⠀⠀⠀⠀⠀⠀⠀⠀⠀⠀⠀⠀⠀⠀⠀⠀⠀⠀⠀⠀⠀⠀⠀⠼⠋&lt;/row&gt;
          &lt;row&gt;⠧⠀⠁⠀⠊⠀⠀⠀⠕⠀⠝⠀⠅⠀⠕⠀⠀⠀⠓⠀⠜⠀⠝&lt;/row&gt;
          &lt;row&gt;⠀&lt;/row&gt;
          &lt;row&gt;⠞⠀⠑⠀⠓⠀⠝⠀⠽⠀⠞⠀⠀⠀⠊⠀⠞⠀⠎⠀⠑⠀⠤&lt;/row&gt;
          &lt;row&gt;⠀&lt;/row&gt;
          &lt;row&gt;⠍⠀⠥⠀⠗⠀⠓⠀⠁⠢&lt;/row&gt;
          &lt;row&gt;⠀&lt;/row&gt;
          &lt;row&gt;⠠⠅⠀⠕⠀⠍⠀⠊⠀⠎⠀⠁⠀⠗⠀⠊⠀⠕&lt;/row&gt;
          &lt;row&gt;⠀&lt;/row&gt;
          &lt;row&gt;⠠⠅⠀⠥⠀⠗⠀⠞&lt;/row&gt;
          &lt;row&gt;⠀&lt;/row&gt;
          &lt;row&gt;⠠⠺⠀⠁⠀⠇⠀⠇⠀⠁⠀⠝⠀⠙⠀⠑⠀⠗⠀⠀⠀⠎⠀⠁⠀⠁&lt;/row&gt;
          &lt;row&gt;⠀&lt;/row&gt;
          &lt;row&gt;⠏⠀⠊⠀⠁⠀⠝⠀⠀⠀⠞⠀⠊⠀⠑⠀⠞⠀⠜⠀⠜⠂&lt;/row&gt;
          &lt;row&gt;⠀&lt;/row&gt;
          &lt;row&gt;⠑⠀⠞⠀⠞⠀⠜⠀⠀⠀⠍⠀⠊⠀⠑⠀⠎⠀⠀⠀⠕⠀⠝&lt;/row&gt;
          &lt;row&gt;⠀&lt;/row&gt;
          &lt;row&gt;⠍⠀⠥⠀⠗⠀⠓⠀⠁⠀⠞⠀⠞⠀⠥⠄⠀⠀⠠⠍⠀⠥⠀⠞⠀⠞⠀⠁&lt;/row&gt;
          &lt;row&gt;⠀&lt;/row&gt;
          &lt;row&gt;⠅⠀⠥⠀⠅⠀⠁⠀⠀⠀⠕⠀⠝&lt;/row&gt;
          &lt;row&gt;⠀&lt;/row&gt;
          &lt;row&gt;⠍⠀⠥⠀⠗⠀⠓⠀⠁⠀⠝⠀⠝⠀⠥⠀⠞&lt;/row&gt;
          &lt;row&gt;⠀&lt;/row&gt;
          &lt;row&gt;⠓⠀⠜⠀⠝⠀⠑⠀⠞⠀⠀⠀⠚⠀⠁⠀⠀⠀⠍⠀⠊⠀⠅⠀⠎⠀⠊⠢&lt;/row&gt;
          &lt;row&gt;⠀&lt;/row&gt;
          &lt;row&gt;⠀&lt;/row&gt;
          &lt;row/&gt;
        &lt;/page&gt;
        &lt;page&gt;
          &lt;row&gt;⠀⠀⠀⠀⠀⠀⠀⠀⠀⠀⠀⠀⠀⠀⠀⠀⠀⠀⠀⠀⠀⠀⠀⠀⠀⠀⠀⠀⠼⠛&lt;/row&gt;
          &lt;row&gt;⠼⠁⠄&lt;/row&gt;
          &lt;row&gt;⠀&lt;/row&gt;
          &lt;row&gt;⠀&lt;/row&gt;
          &lt;row&gt;⠠⠕⠀⠇⠀⠊⠀⠀⠀⠊⠀⠇⠀⠞⠀⠁⠀⠏⠀⠜⠀⠊⠀⠧⠀⠜&lt;/row&gt;
          &lt;row&gt;⠀&lt;/row&gt;
          &lt;row&gt;⠓⠀⠥⠀⠓⠀⠞⠀⠊⠀⠅⠀⠥⠀⠥⠀⠝&lt;/row&gt;
          &lt;row&gt;⠀&lt;/row&gt;
          &lt;row&gt;⠇⠀⠕⠀⠏⠀⠥⠀⠇⠀⠇⠀⠁⠄&lt;/row&gt;
          &lt;row&gt;⠀&lt;/row&gt;
          &lt;row&gt;⠠⠅⠀⠕⠀⠍⠀⠊⠀⠎⠀⠁⠀⠗⠀⠊⠀⠕&lt;/row&gt;
          &lt;row&gt;⠀&lt;/row&gt;
          &lt;row&gt;⠠⠅⠀⠥⠀⠗⠀⠞&lt;/row&gt;
          &lt;row&gt;⠀&lt;/row&gt;
          &lt;row&gt;⠠⠺⠀⠁⠀⠇⠀⠇⠀⠁⠀⠝⠀⠙⠀⠑⠀⠗&lt;/row&gt;
          &lt;row&gt;⠀&lt;/row&gt;
          &lt;row&gt;⠊⠀⠎⠀⠞⠀⠥⠀⠊&lt;/row&gt;
          &lt;row&gt;⠀&lt;/row&gt;
          &lt;row&gt;⠞⠀⠽⠀⠪⠀⠓⠀⠥⠀⠕⠀⠝⠀⠑⠀⠑⠀⠎⠀⠎⠀⠁⠀⠁⠀⠝&lt;/row&gt;
          &lt;row&gt;⠀&lt;/row&gt;
          &lt;row&gt;⠠⠽⠀⠎⠀⠞⠀⠁⠀⠙⠀⠊⠀⠝&lt;/row&gt;
          &lt;row&gt;⠀&lt;/row&gt;
          &lt;row&gt;⠏⠀⠕⠀⠇⠀⠊⠀⠊⠀⠎⠀⠊⠀⠞⠀⠁⠀⠇⠀⠕⠀⠎⠀⠎⠀⠁⠄&lt;/row&gt;
          &lt;row&gt;⠀&lt;/row&gt;
          &lt;row&gt;⠠⠅⠀⠑⠀⠇⠀⠇⠀⠕⠀⠀⠀⠕⠀⠇⠀⠊&lt;/row&gt;
          &lt;row&gt;⠀&lt;/row&gt;
          &lt;row&gt;⠧⠀⠜⠀⠓⠀⠜⠀⠝⠀⠀⠀⠽⠀⠇⠀⠊&lt;/row&gt;
        &lt;/page&gt;
        &lt;page&gt;
          &lt;row&gt;⠀⠀⠀⠀⠀⠀⠀⠀⠀⠀⠀⠀⠀⠀⠀⠀⠀⠀⠀⠀⠀⠀⠀⠀⠀⠀⠀⠀⠼⠓&lt;/row&gt;
          &lt;row&gt;⠧⠀⠊⠀⠊⠀⠎⠀⠊⠄&lt;/row&gt;
          &lt;row&gt;⠀&lt;/row&gt;
          &lt;row&gt;⠠⠺⠀⠁⠀⠇⠀⠇⠀⠁⠀⠝⠀⠙⠀⠑⠀⠗&lt;/row&gt;
          &lt;row&gt;⠀&lt;/row&gt;
          &lt;row&gt;⠝⠀⠕⠀⠥⠀⠎⠀⠊⠂⠀⠀⠁⠀⠎⠀⠞⠀⠑⠀⠇⠀⠊&lt;/row&gt;
          &lt;row&gt;⠀&lt;/row&gt;
          &lt;row&gt;⠊⠀⠅⠀⠅⠀⠥⠀⠝⠀⠁⠀⠝⠀⠀⠀⠜⠀⠜⠀⠗⠀⠑⠀⠑⠀⠝&lt;/row&gt;
          &lt;row&gt;⠀&lt;/row&gt;
          &lt;row&gt;⠚⠀⠁⠀⠀⠀⠅⠀⠁⠀⠞⠀⠎⠀⠑⠀⠇⠀⠊&lt;/row&gt;
          &lt;row&gt;⠀&lt;/row&gt;
          &lt;row&gt;⠥⠀⠇⠀⠕⠀⠎⠄⠀⠠⠥⠀⠇⠀⠅⠀⠕⠀⠝⠀⠁&lt;/row&gt;
          &lt;row&gt;⠀&lt;/row&gt;
          &lt;row&gt;⠏⠀⠥⠀⠥⠀⠞⠀⠀⠀⠓⠀⠑⠀⠊⠀⠇⠀⠥⠀⠊⠀⠧⠀⠁⠀⠞&lt;/row&gt;
          &lt;row&gt;⠀&lt;/row&gt;
          &lt;row&gt;⠅⠀⠕⠀⠧⠀⠁⠀⠎⠀⠎⠀⠁&lt;/row&gt;
          &lt;row&gt;⠀&lt;/row&gt;
          &lt;row&gt;⠞⠀⠥⠀⠥⠀⠇⠀⠑⠀⠎⠀⠎⠀⠁⠄&lt;/row&gt;
          &lt;row&gt;⠀&lt;/row&gt;
          &lt;row&gt;⠠⠎⠀⠁⠀⠞⠀⠕⠀⠊⠄&lt;/row&gt;
          &lt;row&gt;⠀&lt;/row&gt;
          &lt;row&gt;⠠⠇⠀⠜⠀⠍⠀⠏⠀⠪⠀⠍⠀⠊⠀⠞⠀⠞⠀⠁⠀⠗⠀⠊&lt;/row&gt;
          &lt;row&gt;⠀&lt;/row&gt;
          &lt;row&gt;⠝⠀⠜⠀⠽⠀⠞⠀⠞⠀⠊⠀⠀⠀⠝⠀⠑⠀⠇⠀⠚⠀⠜⠀⠜&lt;/row&gt;
          &lt;row&gt;⠀&lt;/row&gt;
          &lt;row&gt;⠁⠀⠎⠀⠞⠀⠑⠀⠞⠀⠞⠀⠁⠄&lt;/row&gt;
          &lt;row/&gt;
        &lt;/page&gt;
        &lt;page&gt;
          &lt;row&gt;⠀⠀⠀⠀⠀⠀⠀⠀⠀⠀⠀⠀⠀⠀⠀⠀⠀⠀⠀⠀⠀⠀⠀⠀⠀⠀⠀⠀⠼⠊&lt;/row&gt;
          &lt;row&gt;⠠⠅⠀⠑⠀⠧⠀⠜⠀⠞⠀⠀⠀⠑⠀⠊⠀⠀⠀⠕⠀⠇⠀⠇⠀⠥⠀⠞&lt;/row&gt;
          &lt;row&gt;⠀&lt;/row&gt;
          &lt;row&gt;⠏⠀⠜⠀⠜⠀⠎⠀⠎⠀⠽⠀⠞⠀⠀⠀⠧⠀⠊⠀⠑⠀⠇⠀⠜&lt;/row&gt;
          &lt;row&gt;⠀&lt;/row&gt;
          &lt;row&gt;⠅⠀⠥⠀⠝⠀⠝⠀⠕⠀⠇⠀⠇⠀⠁&lt;/row&gt;
          &lt;row&gt;⠀&lt;/row&gt;
          &lt;row&gt;⠧⠀⠁⠀⠥⠀⠓⠀⠞⠀⠊⠀⠊⠀⠝⠄&lt;/row&gt;
          &lt;row&gt;⠀&lt;/row&gt;
          &lt;row&gt;⠀&lt;/row&gt;
          &lt;row&gt;⠠⠺⠀⠁⠀⠇⠀⠇⠀⠁⠀⠝⠀⠙⠀⠑⠀⠗⠀⠀⠀⠏⠀⠥⠀⠅⠀⠊&lt;/row&gt;
          &lt;row&gt;⠀&lt;/row&gt;
          &lt;row&gt;⠞⠀⠁⠀⠅⠀⠊⠀⠝⠀⠀⠀⠏⠀⠜⠀⠜⠀⠇⠀⠇⠀⠑⠀⠑⠀⠝⠄&lt;/row&gt;
          &lt;row&gt;⠀&lt;/row&gt;
          &lt;row&gt;⠠⠓⠀⠜⠀⠝⠀⠀⠀⠅⠀⠜⠀⠧⠀⠑⠀⠇⠀⠊&lt;/row&gt;
          &lt;row&gt;⠀&lt;/row&gt;
          &lt;row&gt;⠥⠀⠇⠀⠕⠀⠎⠀⠀⠀⠏⠀⠕⠀⠇⠀⠊⠀⠊⠀⠎⠀⠊⠀⠤&lt;/row&gt;
          &lt;row&gt;⠀&lt;/row&gt;
          &lt;row&gt;⠞⠀⠁⠀⠇⠀⠕⠀⠝⠀⠀⠀⠕⠀⠧⠀⠑⠀⠎⠀⠞⠀⠁&lt;/row&gt;
          &lt;row&gt;⠀&lt;/row&gt;
          &lt;row&gt;⠚⠀⠁⠀⠀⠀⠍⠀⠑⠀⠝⠀⠊&lt;/row&gt;
          &lt;row&gt;⠀&lt;/row&gt;
          &lt;row&gt;⠁⠀⠥⠀⠞⠀⠕⠀⠝⠀⠎⠀⠁⠀⠀⠀⠇⠀⠥⠀⠕⠄&lt;/row&gt;
          &lt;row&gt;⠀&lt;/row&gt;
          &lt;row&gt;⠀&lt;/row&gt;
          &lt;row&gt;⠀&lt;/row&gt;
          &lt;row/&gt;
        &lt;/page&gt;
        &lt;page&gt;
          &lt;row&gt;⠀⠀⠀⠀⠀⠀⠀⠀⠀⠀⠀⠀⠀⠀⠀⠀⠀⠀⠀⠀⠀⠀⠀⠀⠀⠀⠀⠼⠁⠚&lt;/row&gt;
          &lt;row&gt;⠠⠓⠀⠜⠀⠝⠀⠀⠀⠁⠀⠚⠀⠕⠀⠊⠀⠀⠀⠅⠀⠕⠀⠓⠀⠞⠀⠊&lt;/row&gt;
          &lt;row&gt;⠀&lt;/row&gt;
          &lt;row&gt;⠅⠀⠁⠀⠥⠀⠏⠀⠥⠀⠝⠀⠛⠀⠊⠀⠝&lt;/row&gt;
          &lt;row&gt;⠀&lt;/row&gt;
          &lt;row&gt;⠅⠀⠑⠀⠎⠀⠅⠀⠥⠀⠎⠀⠞⠀⠁⠀⠁⠂&lt;/row&gt;
          &lt;row&gt;⠀&lt;/row&gt;
          &lt;row&gt;⠅⠀⠜⠀⠜⠀⠝⠀⠞⠀⠽⠀⠊&lt;/row&gt;
          &lt;row&gt;⠀&lt;/row&gt;
          &lt;row&gt;⠠⠍⠀⠁⠀⠇⠀⠍⠀⠪⠀⠧⠀⠜⠀⠛⠀⠑⠀⠝⠀⠊⠀⠇⠀⠇⠀⠑&lt;/row&gt;
          &lt;row&gt;⠀&lt;/row&gt;
          &lt;row&gt;⠚⠀⠁⠀⠀⠀⠏⠀⠽⠀⠎⠀⠜⠀⠓⠀⠞⠀⠽⠀⠊&lt;/row&gt;
          &lt;row&gt;⠀&lt;/row&gt;
          &lt;row&gt;⠍⠀⠁⠀⠗⠀⠅⠀⠑⠀⠞⠀⠊⠀⠝&lt;/row&gt;
          &lt;row&gt;⠀&lt;/row&gt;
          &lt;row&gt;⠏⠀⠊⠀⠓⠀⠁⠀⠁⠀⠝⠄&lt;/row&gt;
          &lt;row&gt;⠀&lt;/row&gt;
          &lt;row&gt;⠀&lt;/row&gt;
          &lt;row&gt;⠀&lt;/row&gt;
          &lt;row&gt;⠠⠅⠀⠜⠀⠝⠀⠝⠀⠽⠀⠅⠀⠅⠀⠜⠀⠀⠀⠎⠀⠕⠀⠊&lt;/row&gt;
          &lt;row&gt;⠀&lt;/row&gt;
          &lt;row&gt;⠚⠀⠥⠀⠥⠀⠗⠀⠊⠂⠀⠀⠀⠅⠀⠥⠀⠝&lt;/row&gt;
          &lt;row&gt;⠀&lt;/row&gt;
          &lt;row&gt;⠠⠺⠀⠁⠀⠇⠀⠇⠀⠁⠀⠝⠀⠙⠀⠑⠀⠗&lt;/row&gt;
          &lt;row&gt;⠀&lt;/row&gt;
          &lt;row&gt;⠕⠀⠇⠀⠊⠀⠀⠀⠁⠀⠎⠀⠞⠀⠥⠀⠍⠀⠁⠀⠎⠀⠎⠀⠁&lt;/row&gt;
          &lt;row/&gt;
        &lt;/page&gt;
        &lt;page&gt;
          &lt;row&gt;⠀⠀⠀⠀⠀⠀⠀⠀⠀⠀⠀⠀⠀⠀⠀⠀⠀⠀⠀⠀⠀⠀⠀⠀⠀⠀⠀⠼⠁⠁&lt;/row&gt;
          &lt;row&gt;⠥⠀⠇⠀⠕⠀⠎⠀⠀⠀⠁⠀⠥⠀⠞⠀⠕⠀⠎⠀⠞⠀⠁⠄&lt;/row&gt;
          &lt;row&gt;⠀&lt;/row&gt;
          &lt;row&gt;⠠⠎⠀⠕⠀⠊⠀⠞⠀⠞⠀⠁⠀⠚⠀⠁⠀⠀⠀⠕⠀⠇⠀⠊&lt;/row&gt;
          &lt;row&gt;⠀&lt;/row&gt;
          &lt;row&gt;⠠⠓⠀⠁⠀⠝⠀⠎⠀⠎⠀⠕⠀⠝⠂&lt;/row&gt;
          &lt;row&gt;⠀&lt;/row&gt;
          &lt;row&gt;⠞⠀⠕⠀⠊⠀⠝⠀⠑⠀⠝⠀⠀⠀⠏⠀⠕⠀⠇⠀⠊⠀⠊⠀⠎⠀⠊⠄&lt;/row&gt;
          &lt;row&gt;⠀&lt;/row&gt;
          &lt;row&gt;⠀&lt;/row&gt;
          &lt;row&gt;⠤⠀⠀⠀⠠⠍⠀⠊⠀⠎⠀⠎⠀⠜⠀⠀⠀⠕⠀⠇⠀⠑⠀⠞⠢&lt;/row&gt;
          &lt;row&gt;⠀&lt;/row&gt;
          &lt;row&gt;⠠⠓⠀⠁⠀⠝⠀⠎⠀⠎⠀⠕⠀⠝⠀⠀⠀⠅⠀⠽⠀⠎⠀⠽⠀⠊⠄&lt;/row&gt;
          &lt;row&gt;⠀&lt;/row&gt;
          &lt;row&gt;⠀&lt;/row&gt;
          &lt;row&gt;⠤⠀⠀⠀⠠⠕⠀⠇⠀⠊⠀⠝⠀⠀⠀⠍⠀⠑⠀⠝⠀⠕⠀⠎⠀⠎⠀⠁&lt;/row&gt;
          &lt;row&gt;⠀&lt;/row&gt;
          &lt;row&gt;⠕⠀⠎⠀⠞⠀⠁⠀⠍⠀⠁⠀⠁⠀⠝&lt;/row&gt;
          &lt;row&gt;⠀&lt;/row&gt;
          &lt;row&gt;⠗⠀⠥⠀⠕⠀⠅⠀⠁⠀⠁⠂&lt;/row&gt;
          &lt;row&gt;⠀&lt;/row&gt;
          &lt;row&gt;⠠⠺⠀⠁⠀⠇⠀⠇⠀⠁⠀⠝⠀⠙⠀⠑⠀⠗&lt;/row&gt;
          &lt;row&gt;⠀&lt;/row&gt;
          &lt;row&gt;⠧⠀⠁⠀⠎⠀⠞⠀⠁⠀⠎⠀⠊⠄&lt;/row&gt;
          &lt;row&gt;⠀&lt;/row&gt;
          &lt;row&gt;⠀&lt;/row&gt;
          &lt;row/&gt;
        &lt;/page&gt;
        &lt;page&gt;
          &lt;row&gt;⠀⠀⠀⠀⠀⠀⠀⠀⠀⠀⠀⠀⠀⠀⠀⠀⠀⠀⠀⠀⠀⠀⠀⠀⠀⠀⠀⠼⠁⠃&lt;/row&gt;
          &lt;row&gt;⠤⠀⠀⠀⠠⠎⠀⠑⠀⠀⠀⠎⠀⠁⠀⠁&lt;/row&gt;
          &lt;row&gt;⠀&lt;/row&gt;
          &lt;row&gt;⠕⠀⠙⠀⠕⠀⠞⠀⠞⠀⠁⠀⠁⠂&lt;/row&gt;
          &lt;row&gt;⠀&lt;/row&gt;
          &lt;row&gt;⠠⠓⠀⠁⠀⠝⠀⠎⠀⠎⠀⠕⠀⠝⠀⠀⠀⠚⠀⠁⠀⠞⠀⠅⠀⠕⠀⠊⠄&lt;/row&gt;
          &lt;row&gt;⠀&lt;/row&gt;
          &lt;row&gt;⠠⠎⠀⠊⠀⠝⠀⠥⠀⠝⠀⠀⠀⠏⠀⠊⠀⠞⠀⠜⠀⠜&lt;/row&gt;
          &lt;row&gt;⠀&lt;/row&gt;
          &lt;row&gt;⠞⠀⠥⠀⠇⠀⠇⠀⠁⠀⠀⠀⠞⠀⠜⠀⠝⠀⠝⠀⠑⠄&lt;/row&gt;
          &lt;row&gt;⠀&lt;/row&gt;
          &lt;row&gt;⠠⠕⠀⠇⠀⠑⠀⠝&lt;/row&gt;
          &lt;row&gt;⠀&lt;/row&gt;
          &lt;row&gt;⠎⠀⠁⠀⠊⠀⠗⠀⠁⠀⠁⠀⠇⠀⠁⠀⠎⠀⠎⠀⠁⠄&lt;/row&gt;
          &lt;row&gt;⠀&lt;/row&gt;
          &lt;row&gt;⠠⠞⠀⠁⠀⠏⠀⠁⠀⠁⠀⠍⠀⠍⠀⠑&lt;/row&gt;
          &lt;row&gt;⠀&lt;/row&gt;
          &lt;row&gt;⠏⠀⠊⠀⠓⠀⠁⠀⠇⠀⠇⠀⠁⠄&lt;/row&gt;
          &lt;row&gt;⠀&lt;/row&gt;
          &lt;row&gt;⠀&lt;/row&gt;
          &lt;row&gt;⠤⠀⠀⠀⠠⠍⠀⠊⠀⠞⠀⠜⠀⠀⠀⠕⠀⠝&lt;/row&gt;
          &lt;row&gt;⠀&lt;/row&gt;
          &lt;row&gt;⠞⠀⠁⠀⠏⠀⠁⠀⠓⠀⠞⠀⠥⠀⠝⠀⠥⠀⠞⠢&lt;/row&gt;
          &lt;row&gt;⠀&lt;/row&gt;
          &lt;row&gt;⠠⠺⠀⠁⠀⠇⠀⠇⠀⠁⠀⠝⠀⠙⠀⠑⠀⠗&lt;/row&gt;
          &lt;row&gt;⠀&lt;/row&gt;
          &lt;row&gt;⠅⠀⠽⠀⠎⠀⠽⠀⠊⠄&lt;/row&gt;
        &lt;/page&gt;
        &lt;page&gt;
          &lt;row&gt;⠀⠀⠀⠀⠀⠀⠀⠀⠀⠀⠀⠀⠀⠀⠀⠀⠀⠀⠀⠀⠀⠀⠀⠀⠀⠀⠀⠼⠁⠉&lt;/row&gt;
          &lt;row&gt;⠤⠀⠀⠀⠠⠎⠀⠊⠀⠞⠀⠜⠀⠀⠀⠕⠀⠝&lt;/row&gt;
          &lt;row&gt;⠀&lt;/row&gt;
          &lt;row&gt;⠧⠀⠜⠀⠓⠀⠜⠀⠝⠀⠀⠀⠧⠀⠁⠀⠊⠀⠅⠀⠑⠀⠁&lt;/row&gt;
          &lt;row&gt;⠀&lt;/row&gt;
          &lt;row&gt;⠎⠀⠑⠀⠇⠀⠊⠀⠞⠀⠞⠀⠜⠀⠜⠄&lt;/row&gt;
          &lt;row&gt;⠀&lt;/row&gt;
          &lt;row&gt;⠀&lt;/row&gt;
          &lt;row&gt;⠠⠏⠀⠁⠀⠗⠀⠁⠀⠎⠀⠞⠀⠁⠀⠀⠀⠑⠀⠞⠀⠞⠀⠜&lt;/row&gt;
          &lt;row&gt;⠀&lt;/row&gt;
          &lt;row&gt;⠞⠀⠥⠀⠇⠀⠑⠀⠞⠀⠀⠀⠞⠀⠜⠀⠝⠀⠝⠀⠑⠂&lt;/row&gt;
          &lt;row&gt;⠀&lt;/row&gt;
          &lt;row&gt;⠠⠓⠀⠁⠀⠝⠀⠎⠀⠎⠀⠕⠀⠝&lt;/row&gt;
          &lt;row&gt;⠀&lt;/row&gt;
          &lt;row&gt;⠧⠀⠁⠀⠎⠀⠞⠀⠁⠀⠎⠀⠊⠄&lt;/row&gt;
          &lt;row&gt;⠀&lt;/row&gt;
          &lt;row&gt;⠀&lt;/row&gt;
          &lt;row&gt;⠠⠺⠀⠁⠀⠇⠀⠇⠀⠁⠀⠝⠀⠙⠀⠑⠀⠗⠀⠀⠀⠁⠀⠚⠀⠕⠀⠊&lt;/row&gt;
          &lt;row&gt;⠀&lt;/row&gt;
          &lt;row&gt;⠎⠀⠁⠀⠊⠀⠗⠀⠁⠀⠁⠀⠇⠀⠁⠀⠁⠀⠝⠄&lt;/row&gt;
          &lt;row&gt;⠀&lt;/row&gt;
          &lt;row&gt;⠠⠍⠀⠁⠀⠞⠀⠅⠀⠁⠀⠀⠀⠅⠀⠑⠀⠎⠀⠞⠀⠊&lt;/row&gt;
          &lt;row&gt;⠀&lt;/row&gt;
          &lt;row&gt;⠧⠀⠁⠀⠊⠀⠝⠀⠀⠀⠍⠀⠥⠀⠥⠀⠞⠀⠁⠀⠍⠀⠁⠀⠝&lt;/row&gt;
          &lt;row&gt;⠀&lt;/row&gt;
          &lt;row&gt;⠍⠀⠊⠀⠝⠀⠥⠀⠥⠀⠞⠀⠊⠀⠝⠄&lt;/row&gt;
          &lt;row/&gt;
        &lt;/page&gt;
        &lt;page&gt;
          &lt;row&gt;⠀⠀⠀⠀⠀⠀⠀⠀⠀⠀⠀⠀⠀⠀⠀⠀⠀⠀⠀⠀⠀⠀⠀⠀⠀⠀⠀⠼⠁⠙&lt;/row&gt;
          &lt;row&gt;⠠⠓⠀⠁⠀⠝⠀⠎⠀⠎⠀⠕⠀⠝⠀⠀⠀⠕⠀⠙⠀⠕⠀⠞⠀⠞⠀⠊&lt;/row&gt;
          &lt;row&gt;⠀&lt;/row&gt;
          &lt;row&gt;⠎⠀⠁⠀⠊⠀⠗⠀⠁⠀⠁⠀⠇⠀⠁⠀⠝&lt;/row&gt;
          &lt;row&gt;⠀&lt;/row&gt;
          &lt;row&gt;⠏⠀⠜⠀⠜⠀⠕⠀⠧⠀⠑⠀⠝⠀⠀⠀⠇⠀⠥⠀⠕⠀⠝⠀⠁⠄&lt;/row&gt;
          &lt;row&gt;⠀&lt;/row&gt;
          &lt;row&gt;⠠⠓⠀⠜⠀⠝⠀⠀⠀⠝⠀⠜⠀⠽⠀⠞⠀⠞⠀⠊&lt;/row&gt;
          &lt;row&gt;⠀&lt;/row&gt;
          &lt;row&gt;⠏⠀⠁⠀⠇⠀⠑⠀⠇⠀⠑⠀⠧⠀⠁⠀⠝&lt;/row&gt;
          &lt;row&gt;⠀&lt;/row&gt;
          &lt;row&gt;⠅⠀⠽⠀⠇⠀⠍⠀⠜⠀⠎⠀⠎⠀⠜&lt;/row&gt;
          &lt;row&gt;⠀&lt;/row&gt;
          &lt;row&gt;⠎⠀⠁⠀⠞⠀⠑⠀⠑⠀⠎⠀⠎⠀⠁⠄&lt;/row&gt;
          &lt;row&gt;⠀&lt;/row&gt;
          &lt;row&gt;⠀&lt;/row&gt;
          &lt;row&gt;⠤⠀⠀⠀⠠⠎⠀⠊⠀⠝⠀⠥⠀⠝⠀⠀⠀⠏⠀⠊⠀⠞⠀⠜⠀⠜&lt;/row&gt;
          &lt;row&gt;⠀&lt;/row&gt;
          &lt;row&gt;⠏⠀⠥⠀⠓⠀⠥⠀⠁⠀⠀⠀⠑⠀⠗⠀⠜⠀⠜⠀⠝&lt;/row&gt;
          &lt;row&gt;⠀&lt;/row&gt;
          &lt;row&gt;⠞⠀⠁⠀⠅⠀⠎⠀⠊⠀⠝⠀⠅⠀⠥⠀⠇⠀⠚⠀⠑⠀⠞⠀⠤&lt;/row&gt;
          &lt;row&gt;⠀&lt;/row&gt;
          &lt;row&gt;⠞⠀⠁⠀⠚⠀⠁⠀⠝⠀⠀⠀⠅⠀⠁⠀⠝⠀⠎⠀⠎⠀⠁⠂&lt;/row&gt;
          &lt;row&gt;⠀&lt;/row&gt;
          &lt;row&gt;⠠⠓⠀⠁⠀⠝⠀⠎⠀⠎⠀⠕⠀⠝&lt;/row&gt;
          &lt;row&gt;⠀&lt;/row&gt;
          &lt;row&gt;⠎⠀⠑⠀⠇⠀⠊⠀⠞⠀⠞⠀⠊⠄&lt;/row&gt;
        &lt;/page&gt;
        &lt;page&gt;
          &lt;row&gt;⠀⠀⠀⠀⠀⠀⠀⠀⠀⠀⠀⠀⠀⠀⠀⠀⠀⠀⠀⠀⠀⠀⠀⠀⠀⠀⠀⠼⠁⠑&lt;/row&gt;
          &lt;row&gt;⠤⠀⠀⠀⠠⠓⠀⠜⠀⠝⠀⠀⠀⠕⠀⠝&lt;/row&gt;
          &lt;row&gt;⠀&lt;/row&gt;
          &lt;row&gt;⠞⠀⠥⠀⠕⠀⠇⠀⠇⠀⠁⠀⠀⠀⠎⠀⠊⠀⠎⠀⠜⠀⠇⠀⠇⠀⠜&lt;/row&gt;
          &lt;row&gt;⠀&lt;/row&gt;
          &lt;row&gt;⠅⠀⠁⠀⠓⠀⠧⠀⠊⠀⠇⠀⠇⠀⠁⠄&lt;/row&gt;
          &lt;row&gt;⠀&lt;/row&gt;
          &lt;row&gt;⠀&lt;/row&gt;
          &lt;row&gt;⠠⠓⠀⠜⠀⠝⠀⠀⠀⠕⠀⠝⠀⠀⠀⠓⠀⠽⠀⠧⠀⠊⠀⠝&lt;/row&gt;
          &lt;row&gt;⠀&lt;/row&gt;
          &lt;row&gt;⠚⠀⠜⠀⠗⠀⠅⠀⠽⠀⠞⠀⠞⠀⠽⠀⠝⠀⠽⠀⠞⠄&lt;/row&gt;
          &lt;row&gt;⠀&lt;/row&gt;
          &lt;row&gt;⠠⠺⠀⠁⠀⠇⠀⠇⠀⠁⠀⠝⠀⠙⠀⠑⠀⠗&lt;/row&gt;
          &lt;row&gt;⠀&lt;/row&gt;
          &lt;row&gt;⠎⠀⠑⠀⠥⠀⠗⠀⠁⠀⠎⠀⠊&lt;/row&gt;
          &lt;row&gt;⠀&lt;/row&gt;
          &lt;row&gt;⠠⠓⠀⠁⠀⠝⠀⠎⠀⠎⠀⠕⠀⠝⠀⠊⠀⠁&lt;/row&gt;
          &lt;row&gt;⠀&lt;/row&gt;
          &lt;row&gt;⠎⠀⠁⠀⠊⠀⠗⠀⠁⠀⠁⠀⠇⠀⠁⠀⠝&lt;/row&gt;
          &lt;row&gt;⠀&lt;/row&gt;
          &lt;row&gt;⠅⠀⠁⠀⠓⠀⠧⠀⠊⠀⠇⠀⠁⠀⠁⠀⠝⠄&lt;/row&gt;
          &lt;row&gt;⠀&lt;/row&gt;
          &lt;row&gt;⠠⠞⠀⠁⠀⠅⠀⠎⠀⠊⠀⠝⠀⠅⠀⠥⠀⠇⠀⠚⠀⠑⠀⠞⠀⠞⠀⠁⠤&lt;/row&gt;
          &lt;row&gt;⠀&lt;/row&gt;
          &lt;row&gt;⠚⠀⠁⠀⠀⠀⠊⠀⠎⠀⠞⠀⠥⠀⠊&lt;/row&gt;
          &lt;row&gt;⠀&lt;/row&gt;
          &lt;row&gt;⠎⠀⠊⠀⠑⠀⠇⠀⠇⠀⠜⠄&lt;/row&gt;
        &lt;/page&gt;
        &lt;page&gt;
          &lt;row&gt;⠀⠀⠀⠀⠀⠀⠀⠀⠀⠀⠀⠀⠀⠀⠀⠀⠀⠀⠀⠀⠀⠀⠀⠀⠀⠀⠀⠼⠁⠋&lt;/row&gt;
          &lt;row&gt;⠠⠓⠀⠜⠀⠝⠀⠀⠀⠕⠀⠇⠀⠊⠀⠀⠀⠝⠀⠕⠀⠊⠀⠝&lt;/row&gt;
          &lt;row&gt;⠀&lt;/row&gt;
          &lt;row&gt;⠼⠑⠚⠤⠀⠧⠀⠥⠀⠕⠀⠞⠀⠊⠀⠁⠀⠎⠂&lt;/row&gt;
          &lt;row&gt;⠀&lt;/row&gt;
          &lt;row&gt;⠇⠀⠊⠀⠓⠀⠁⠀⠧⠀⠁⠀⠀⠀⠍⠀⠊⠀⠑⠀⠎⠄&lt;/row&gt;
          &lt;row&gt;⠀&lt;/row&gt;
          &lt;row&gt;⠀&lt;/row&gt;
          &lt;row&gt;⠠⠍⠀⠊⠀⠑⠀⠓⠀⠑⠀⠝⠀⠀⠀⠝⠀⠊⠀⠍⠀⠊&lt;/row&gt;
          &lt;row&gt;⠀&lt;/row&gt;
          &lt;row&gt;⠕⠀⠇⠀⠊⠀⠀⠀⠠⠎⠀⠞⠀⠑⠀⠝⠀⠃⠀⠑⠀⠗⠀⠛⠄&lt;/row&gt;
          &lt;row&gt;⠀&lt;/row&gt;
          &lt;row&gt;⠠⠓⠀⠜⠀⠝⠀⠀⠀⠝⠀⠜⠀⠽⠀⠞⠀⠞⠀⠊&lt;/row&gt;
          &lt;row&gt;⠀&lt;/row&gt;
          &lt;row&gt;⠎⠀⠜⠀⠊⠀⠅⠀⠜⠀⠓⠀⠞⠀⠜⠀⠝⠀⠑⠀⠑⠀⠇⠀⠞⠀⠜⠄&lt;/row&gt;
          &lt;row&gt;⠀&lt;/row&gt;
          &lt;row&gt;⠀&lt;/row&gt;
          &lt;row&gt;⠤⠀⠀⠀⠠⠍⠀⠊⠀⠞⠀⠜⠀⠀⠀⠕⠀⠝&lt;/row&gt;
          &lt;row&gt;⠀&lt;/row&gt;
          &lt;row&gt;⠞⠀⠁⠀⠏⠀⠁⠀⠓⠀⠞⠀⠥⠀⠝⠀⠥⠀⠞⠢&lt;/row&gt;
          &lt;row&gt;⠀&lt;/row&gt;
          &lt;row&gt;⠠⠺⠀⠁⠀⠇⠀⠇⠀⠁⠀⠝⠀⠙⠀⠑⠀⠗&lt;/row&gt;
          &lt;row&gt;⠀&lt;/row&gt;
          &lt;row&gt;⠅⠀⠽⠀⠎⠀⠽⠀⠊⠄&lt;/row&gt;
          &lt;row&gt;⠀&lt;/row&gt;
          &lt;row&gt;⠀&lt;/row&gt;
          &lt;row/&gt;
        &lt;/page&gt;
        &lt;page&gt;
          &lt;row&gt;⠀⠀⠀⠀⠀⠀⠀⠀⠀⠀⠀⠀⠀⠀⠀⠀⠀⠀⠀⠀⠀⠀⠀⠀⠀⠀⠀⠼⠁⠛&lt;/row&gt;
          &lt;row&gt;⠠⠞⠀⠁⠀⠅⠀⠎⠀⠊⠀⠍⠀⠊⠀⠑⠀⠎&lt;/row&gt;
          &lt;row&gt;⠀&lt;/row&gt;
          &lt;row&gt;⠅⠀⠑⠀⠗⠀⠞⠀⠕⠀⠊⠄&lt;/row&gt;
          &lt;row&gt;⠀&lt;/row&gt;
          &lt;row&gt;⠠⠓⠀⠜⠀⠝⠀⠀⠀⠕⠀⠇⠀⠊⠀⠀⠀⠎⠀⠁⠀⠁⠀⠝⠀⠥⠀⠞&lt;/row&gt;
          &lt;row&gt;⠀&lt;/row&gt;
          &lt;row&gt;⠞⠀⠊⠀⠇⠀⠁⠀⠥⠀⠅⠀⠎⠀⠑⠀⠝&lt;/row&gt;
          &lt;row&gt;⠀&lt;/row&gt;
          &lt;row&gt;⠠⠎⠀⠧⠀⠁⠀⠗⠀⠞⠀⠑⠀⠎⠀⠞⠀⠁⠂&lt;/row&gt;
          &lt;row&gt;⠀&lt;/row&gt;
          &lt;row&gt;⠏⠀⠊⠀⠑⠀⠝⠀⠑⠀⠇⠀⠞⠀⠜&lt;/row&gt;
          &lt;row&gt;⠀&lt;/row&gt;
          &lt;row&gt;⠁⠀⠎⠀⠥⠀⠊⠀⠝⠀⠁⠀⠇⠀⠥⠀⠑⠀⠑⠀⠇⠀⠞⠀⠁&lt;/row&gt;
          &lt;row&gt;⠀&lt;/row&gt;
          &lt;row&gt;⠠⠽⠀⠎⠀⠞⠀⠁⠀⠙⠀⠊⠀⠝&lt;/row&gt;
          &lt;row&gt;⠀&lt;/row&gt;
          &lt;row&gt;⠇⠀⠜⠀⠓⠀⠑⠀⠇⠀⠞⠀⠜⠄&lt;/row&gt;
          &lt;row&gt;⠀&lt;/row&gt;
          &lt;row&gt;⠠⠞⠀⠊⠀⠇⠀⠁⠀⠁⠀⠚⠀⠁⠀⠝⠀⠀⠀⠝⠀⠊⠀⠍⠀⠊&lt;/row&gt;
          &lt;row&gt;⠀&lt;/row&gt;
          &lt;row&gt;⠕⠀⠇⠀⠊⠀⠀⠀⠕⠀⠇⠀⠇⠀⠥⠀⠞&lt;/row&gt;
          &lt;row&gt;⠀&lt;/row&gt;
          &lt;row&gt;⠠⠁⠀⠇⠀⠑⠀⠭⠀⠁⠀⠝⠀⠙⠀⠑⠀⠗⠀⠎⠀⠎⠀⠕⠀⠝⠄&lt;/row&gt;
          &lt;row&gt;⠀&lt;/row&gt;
          &lt;row&gt;⠀&lt;/row&gt;
          &lt;row/&gt;
        &lt;/page&gt;
        &lt;page&gt;
          &lt;row&gt;⠀⠀⠀⠀⠀⠀⠀⠀⠀⠀⠀⠀⠀⠀⠀⠀⠀⠀⠀⠀⠀⠀⠀⠀⠀⠀⠀⠼⠁⠓&lt;/row&gt;
          &lt;row&gt;⠠⠍⠀⠊⠀⠑⠀⠎⠀⠀⠀⠕⠀⠇⠀⠊&lt;/row&gt;
          &lt;row&gt;⠀&lt;/row&gt;
          &lt;row&gt;⠎⠀⠁⠀⠝⠀⠕⠀⠝⠀⠥⠀⠞⠂⠀⠀⠀⠑⠀⠞⠀⠞⠀⠜&lt;/row&gt;
          &lt;row&gt;⠀&lt;/row&gt;
          &lt;row&gt;⠓⠀⠜⠀⠝⠀⠀⠀⠕⠀⠙⠀⠕⠀⠞⠀⠞⠀⠁⠀⠁&lt;/row&gt;
          &lt;row&gt;⠀&lt;/row&gt;
          &lt;row&gt;⠞⠀⠁⠀⠅⠀⠎⠀⠊⠀⠁⠀⠀⠀⠏⠀⠜⠀⠜⠀⠞⠀⠊⠀⠑⠀⠝&lt;/row&gt;
          &lt;row&gt;⠀&lt;/row&gt;
          &lt;row&gt;⠧⠀⠁⠀⠗⠀⠗⠀⠑⠀⠎⠀⠎⠀⠁⠄&lt;/row&gt;
          &lt;row&gt;⠀&lt;/row&gt;
          &lt;row&gt;⠀&lt;/row&gt;
          &lt;row&gt;⠤⠀⠀⠀⠠⠅⠀⠥⠀⠝⠀⠀⠀⠞⠀⠥⠀⠇⠀⠊⠀⠝&lt;/row&gt;
          &lt;row&gt;⠀&lt;/row&gt;
          &lt;row&gt;⠠⠎⠀⠧⠀⠁⠀⠗⠀⠞⠀⠑⠀⠑⠀⠝⠂⠀⠍⠀⠊⠀⠑⠀⠎&lt;/row&gt;
          &lt;row&gt;⠀&lt;/row&gt;
          &lt;row&gt;⠎⠀⠑⠀⠊⠀⠎⠀⠕⠀⠊⠀⠀⠀⠎⠀⠊⠀⠑⠀⠇⠀⠇⠀⠜&lt;/row&gt;
          &lt;row&gt;⠀&lt;/row&gt;
          &lt;row&gt;⠕⠀⠙⠀⠕⠀⠞⠀⠞⠀⠁⠀⠍⠀⠁⠀⠎⠀⠎⠀⠁&lt;/row&gt;
          &lt;row&gt;⠀&lt;/row&gt;
          &lt;row&gt;⠅⠀⠥⠀⠞⠀⠑⠀⠝⠀⠀⠀⠕⠀⠇⠀⠊&lt;/row&gt;
          &lt;row&gt;⠀&lt;/row&gt;
          &lt;row&gt;⠇⠀⠥⠀⠧⠀⠁⠀⠝⠀⠝⠀⠥⠀⠞⠂&lt;/row&gt;
          &lt;row&gt;⠀&lt;/row&gt;
          &lt;row&gt;⠠⠎⠀⠞⠀⠑⠀⠝⠀⠃⠀⠑⠀⠗⠀⠛&lt;/row&gt;
          &lt;row&gt;⠀&lt;/row&gt;
          &lt;row&gt;⠅⠀⠑⠀⠗⠀⠞⠀⠕⠀⠊⠄&lt;/row&gt;
        &lt;/page&gt;
        &lt;page&gt;
          &lt;row&gt;⠀⠀⠀⠀⠀⠀⠀⠀⠀⠀⠀⠀⠀⠀⠀⠀⠀⠀⠀⠀⠀⠀⠀⠀⠀⠀⠀⠼⠁⠊&lt;/row&gt;
          &lt;row&gt;⠤⠀⠀⠀⠠⠓⠀⠜⠀⠝⠀⠀⠀⠊⠀⠎⠀⠞⠀⠥⠀⠊&lt;/row&gt;
          &lt;row&gt;⠀&lt;/row&gt;
          &lt;row&gt;⠞⠀⠁⠀⠅⠀⠁⠀⠏⠀⠑⠀⠝⠀⠅⠀⠊⠀⠇⠀⠇⠀⠑&lt;/row&gt;
          &lt;row&gt;⠀&lt;/row&gt;
          &lt;row&gt;⠚⠀⠁⠀⠀⠀⠏⠀⠽⠀⠽⠀⠎⠀⠊&lt;/row&gt;
          &lt;row&gt;⠀&lt;/row&gt;
          &lt;row&gt;⠁⠀⠚⠀⠁⠀⠍⠀⠁⠀⠁⠀⠝&lt;/row&gt;
          &lt;row&gt;⠀&lt;/row&gt;
          &lt;row&gt;⠅⠀⠑⠀⠎⠀⠅⠀⠥⠀⠎⠀⠞⠀⠁⠀⠁⠀⠝⠄&lt;/row&gt;
          &lt;row&gt;⠀&lt;/row&gt;
          &lt;row&gt;⠠⠝⠀⠜⠀⠊⠀⠝⠀⠀⠀⠏⠀⠑⠀⠊⠀⠇⠀⠊⠀⠎⠀⠞⠀⠜⠂&lt;/row&gt;
          &lt;row&gt;⠀&lt;/row&gt;
          &lt;row&gt;⠑⠀⠞⠀⠞⠀⠜⠀⠀⠀⠍⠀⠊⠀⠑⠀⠎&lt;/row&gt;
          &lt;row&gt;⠀&lt;/row&gt;
          &lt;row&gt;⠇⠀⠁⠀⠊⠀⠞⠀⠞⠀⠕⠀⠊⠀⠀⠀⠎⠀⠊⠀⠇⠀⠍⠀⠜⠀⠞&lt;/row&gt;
          &lt;row&gt;⠀&lt;/row&gt;
          &lt;row&gt;⠅⠀⠊⠀⠊⠀⠝⠀⠝⠀⠊⠄&lt;/row&gt;
          &lt;row&gt;⠀&lt;/row&gt;
          &lt;row&gt;⠠⠇⠀⠥⠀⠥⠀⠇⠀⠊⠀⠝⠂⠀⠀⠀⠑⠀⠞⠀⠞⠀⠜&lt;/row&gt;
          &lt;row&gt;⠀&lt;/row&gt;
          &lt;row&gt;⠓⠀⠜⠀⠝⠀⠀⠀⠝⠀⠥⠀⠅⠀⠁⠀⠓⠀⠞⠀⠊⠄&lt;/row&gt;
          &lt;row&gt;⠀&lt;/row&gt;
          &lt;row&gt;⠠⠅⠀⠁⠀⠥⠀⠏⠀⠥⠀⠝⠀⠛⠀⠊⠀⠎⠀⠎⠀⠁&lt;/row&gt;
          &lt;row&gt;⠀&lt;/row&gt;
          &lt;row&gt;⠏⠀⠽⠀⠎⠀⠜⠀⠽⠀⠞⠀⠊⠀⠝⠀⠀⠀⠁⠀⠥⠀⠞⠀⠕⠀⠝&lt;/row&gt;
          &lt;row/&gt;
        &lt;/page&gt;
        &lt;page&gt;
          &lt;row&gt;⠀⠀⠀⠀⠀⠀⠀⠀⠀⠀⠀⠀⠀⠀⠀⠀⠀⠀⠀⠀⠀⠀⠀⠀⠀⠀⠀⠼⠃⠚&lt;/row&gt;
          &lt;row&gt;⠞⠀⠕⠀⠗⠀⠊⠀⠝⠀⠀⠀⠇⠀⠁⠀⠊⠀⠞⠀⠁⠀⠁⠀⠝⠄&lt;/row&gt;
          &lt;row&gt;⠀&lt;/row&gt;
          &lt;row&gt;⠠⠍⠀⠊⠀⠑⠀⠎⠀⠀⠀⠑⠀⠊&lt;/row&gt;
          &lt;row&gt;⠀&lt;/row&gt;
          &lt;row&gt;⠇⠀⠊⠀⠊⠀⠅⠀⠁⠀⠓⠀⠞⠀⠁⠀⠝⠀⠥⠀⠞⠄&lt;/row&gt;
          &lt;row&gt;⠀&lt;/row&gt;
          &lt;row&gt;⠠⠽⠀⠗⠀⠊⠀⠞⠀⠊⠀⠝&lt;/row&gt;
          &lt;row&gt;⠀&lt;/row&gt;
          &lt;row&gt;⠓⠀⠑⠀⠗⠀⠜⠀⠞⠀⠞⠀⠜⠀⠜⠀⠀⠀⠓⠀⠜⠀⠝⠀⠞⠀⠜⠂&lt;/row&gt;
          &lt;row&gt;⠀&lt;/row&gt;
          &lt;row&gt;⠍⠀⠥⠀⠞⠀⠞⠀⠁⠀⠀⠀⠑⠀⠝&lt;/row&gt;
          &lt;row&gt;⠀&lt;/row&gt;
          &lt;row&gt;⠎⠀⠁⠀⠁⠀⠝⠀⠥⠀⠞⠀⠀⠀⠓⠀⠜⠀⠝⠀⠞⠀⠜&lt;/row&gt;
          &lt;row&gt;⠀&lt;/row&gt;
          &lt;row&gt;⠓⠀⠑⠀⠗⠀⠑⠀⠊⠀⠇⠀⠇⠀⠑⠄&lt;/row&gt;
          &lt;row&gt;⠀&lt;/row&gt;
          &lt;row&gt;⠠⠁⠀⠚⠀⠕⠀⠊⠀⠝⠀⠀⠀⠎⠀⠥⠀⠕⠀⠗⠀⠁⠀⠁⠀⠝&lt;/row&gt;
          &lt;row&gt;⠀&lt;/row&gt;
          &lt;row&gt;⠎⠀⠁⠀⠊⠀⠗⠀⠁⠀⠁⠀⠇⠀⠁⠀⠁⠀⠝⠄&lt;/row&gt;
          &lt;row&gt;⠀&lt;/row&gt;
          &lt;row&gt;⠠⠞⠀⠜⠀⠜⠀⠇⠀⠇⠀⠜&lt;/row&gt;
          &lt;row&gt;⠀&lt;/row&gt;
          &lt;row&gt;⠇⠀⠜⠀⠜⠀⠅⠀⠜⠀⠗⠀⠊⠀⠞&lt;/row&gt;
          &lt;row&gt;⠀&lt;/row&gt;
          &lt;row&gt;⠅⠀⠑⠀⠗⠀⠞⠀⠕⠀⠊⠀⠧⠀⠁⠀⠞⠂⠀⠀⠀⠑⠀⠞⠀⠞⠀⠜&lt;/row&gt;
          &lt;row/&gt;
        &lt;/page&gt;
        &lt;page&gt;
          &lt;row&gt;⠀⠀⠀⠀⠀⠀⠀⠀⠀⠀⠀⠀⠀⠀⠀⠀⠀⠀⠀⠀⠀⠀⠀⠀⠀⠀⠀⠼⠃⠁&lt;/row&gt;
          &lt;row&gt;⠍⠀⠊⠀⠑⠀⠎⠀⠀⠀⠕⠀⠇⠀⠊&lt;/row&gt;
          &lt;row&gt;⠀&lt;/row&gt;
          &lt;row&gt;⠅⠀⠥⠀⠕⠀⠇⠀⠇⠀⠥⠀⠞⠄&lt;/row&gt;
          &lt;row&gt;⠀&lt;/row&gt;
          &lt;row&gt;⠀&lt;/row&gt;
          &lt;row&gt;⠤⠀⠀⠀⠠⠕⠀⠇⠀⠊⠀⠅⠀⠕⠀⠀⠀⠓⠀⠜⠀⠝&lt;/row&gt;
          &lt;row&gt;⠀&lt;/row&gt;
          &lt;row&gt;⠅⠀⠥⠀⠕⠀⠇⠀⠇⠀⠥⠀⠞⠢&lt;/row&gt;
          &lt;row&gt;⠀&lt;/row&gt;
          &lt;row&gt;⠠⠺⠀⠁⠀⠇⠀⠇⠀⠁⠀⠝⠀⠙⠀⠑⠀⠗&lt;/row&gt;
          &lt;row&gt;⠀&lt;/row&gt;
          &lt;row&gt;⠧⠀⠁⠀⠗⠀⠍⠀⠊⠀⠎⠀⠞⠀⠊⠀⠀⠀⠚⠀⠁&lt;/row&gt;
          &lt;row&gt;⠀&lt;/row&gt;
          &lt;row&gt;⠗⠀⠽⠀⠏⠀⠊⠀⠎⠀⠞⠀⠊&lt;/row&gt;
          &lt;row&gt;⠀&lt;/row&gt;
          &lt;row&gt;⠕⠀⠞⠀⠎⠀⠁⠀⠁⠀⠝⠀⠎⠀⠁⠄&lt;/row&gt;
          &lt;row&gt;⠀&lt;/row&gt;
          &lt;row&gt;⠠⠎⠀⠞⠀⠑⠀⠝⠀⠃⠀⠑⠀⠗⠀⠛⠀⠀⠀⠚⠀⠁&lt;/row&gt;
          &lt;row&gt;⠀&lt;/row&gt;
          &lt;row&gt;⠠⠓⠀⠁⠀⠝⠀⠎⠀⠎⠀⠕⠀⠝&lt;/row&gt;
          &lt;row&gt;⠀&lt;/row&gt;
          &lt;row&gt;⠝⠀⠽⠀⠪⠀⠅⠀⠅⠀⠜⠀⠎⠀⠊⠀⠧⠀⠜⠀⠞&lt;/row&gt;
          &lt;row&gt;⠀&lt;/row&gt;
          &lt;row&gt;⠍⠀⠕⠀⠇⠀⠑⠀⠍⠀⠍⠀⠁⠀⠞⠄&lt;/row&gt;
          &lt;row&gt;⠀&lt;/row&gt;
          &lt;row/&gt;
        &lt;/page&gt;
        &lt;page&gt;
          &lt;row&gt;⠀⠀⠀⠀⠀⠀⠀⠀⠀⠀⠀⠀⠀⠀⠀⠀⠀⠀⠀⠀⠀⠀⠀⠀⠀⠀⠀⠼⠃⠃&lt;/row&gt;
          &lt;row&gt;⠤⠀⠀⠀⠠⠝⠀⠜⠀⠽⠀⠞⠀⠞⠀⠊⠀⠅⠀⠪&lt;/row&gt;
          &lt;row&gt;⠀&lt;/row&gt;
          &lt;row&gt;⠍⠀⠊⠀⠑⠀⠎⠀⠀⠀⠎⠀⠁⠀⠊⠀⠗⠀⠁⠀⠁⠀⠇⠀⠞⠀⠁&lt;/row&gt;
          &lt;row&gt;⠀&lt;/row&gt;
          &lt;row&gt;⠞⠀⠁⠀⠊⠀⠀⠀⠕⠀⠇⠀⠊⠀⠅⠀⠕⠀⠀⠀⠓⠀⠜⠀⠝&lt;/row&gt;
          &lt;row&gt;⠀&lt;/row&gt;
          &lt;row&gt;⠇⠀⠕⠀⠥⠀⠅⠀⠁⠀⠝⠀⠝⠀⠥⠀⠞&lt;/row&gt;
          &lt;row&gt;⠀&lt;/row&gt;
          &lt;row&gt;⠊⠀⠞⠀⠎⠀⠑⠀⠝⠀⠎⠀⠜⠢&lt;/row&gt;
          &lt;row&gt;⠀&lt;/row&gt;
          &lt;row&gt;⠠⠺⠀⠁⠀⠇⠀⠇⠀⠁⠀⠝⠀⠙⠀⠑⠀⠗&lt;/row&gt;
          &lt;row&gt;⠀&lt;/row&gt;
          &lt;row&gt;⠅⠀⠽⠀⠎⠀⠽⠀⠊⠄&lt;/row&gt;
          &lt;row&gt;⠀&lt;/row&gt;
          &lt;row&gt;⠀&lt;/row&gt;
          &lt;row&gt;⠤⠀⠀⠀⠠⠑⠀⠊⠂&lt;/row&gt;
          &lt;row&gt;⠀&lt;/row&gt;
          &lt;row&gt;⠎⠀⠑⠀⠇⠀⠇⠀⠁⠀⠊⠀⠎⠀⠞⠀⠁⠀⠀⠀⠑⠀⠝&lt;/row&gt;
          &lt;row&gt;⠀&lt;/row&gt;
          &lt;row&gt;⠓⠀⠥⠀⠕⠀⠍⠀⠁⠀⠝⠀⠝⠀⠥⠀⠞⠂&lt;/row&gt;
          &lt;row&gt;⠀&lt;/row&gt;
          &lt;row&gt;⠠⠎⠀⠞⠀⠑⠀⠝⠀⠃⠀⠑⠀⠗⠀⠛⠀⠀⠀⠎⠀⠁⠀⠝⠀⠕⠀⠊⠄&lt;/row&gt;
          &lt;row&gt;⠀&lt;/row&gt;
          &lt;row&gt;⠀&lt;/row&gt;
          &lt;row&gt;⠀&lt;/row&gt;
          &lt;row/&gt;
        &lt;/page&gt;
        &lt;page&gt;
          &lt;row&gt;⠀⠀⠀⠀⠀⠀⠀⠀⠀⠀⠀⠀⠀⠀⠀⠀⠀⠀⠀⠀⠀⠀⠀⠀⠀⠀⠀⠼⠃⠉&lt;/row&gt;
          &lt;row&gt;⠤⠀⠀⠀⠠⠞⠀⠊⠀⠑⠀⠙⠀⠜⠀⠍⠀⠍⠀⠑⠀⠅⠀⠪⠂&lt;/row&gt;
          &lt;row&gt;⠀&lt;/row&gt;
          &lt;row&gt;⠅⠀⠥⠀⠅⠀⠁⠀⠀⠀⠅⠀⠥⠀⠕⠀⠇⠀⠇⠀⠥⠀⠞&lt;/row&gt;
          &lt;row&gt;⠀&lt;/row&gt;
          &lt;row&gt;⠍⠀⠊⠀⠑⠀⠎⠀⠀⠀⠕⠀⠝⠢&lt;/row&gt;
          &lt;row&gt;⠀&lt;/row&gt;
          &lt;row&gt;⠠⠺⠀⠁⠀⠇⠀⠇⠀⠁⠀⠝⠀⠙⠀⠑⠀⠗&lt;/row&gt;
          &lt;row&gt;⠀&lt;/row&gt;
          &lt;row&gt;⠅⠀⠽⠀⠎⠀⠽⠀⠊⠄&lt;/row&gt;
          &lt;row&gt;⠀&lt;/row&gt;
          &lt;row&gt;⠀&lt;/row&gt;
          &lt;row&gt;⠠⠓⠀⠁⠀⠝⠀⠎⠀⠎⠀⠕⠀⠝⠀⠀⠀⠕⠀⠞⠀⠞⠀⠊&lt;/row&gt;
          &lt;row&gt;⠀&lt;/row&gt;
          &lt;row&gt;⠑⠀⠎⠀⠊⠀⠊⠀⠝&lt;/row&gt;
          &lt;row&gt;⠀&lt;/row&gt;
          &lt;row&gt;⠍⠀⠥⠀⠊⠀⠎⠀⠞⠀⠊⠀⠅⠀⠊⠀⠗⠀⠚⠀⠁⠀⠝⠀⠎⠀⠁&lt;/row&gt;
          &lt;row&gt;⠀&lt;/row&gt;
          &lt;row&gt;⠚⠀⠁⠀⠀⠀⠇⠀⠥⠀⠅⠀⠊⠒&lt;/row&gt;
          &lt;row&gt;⠀&lt;/row&gt;
          &lt;row&gt;⠀&lt;/row&gt;
          &lt;row&gt;⠤⠀⠀⠀⠠⠛⠀⠪⠀⠗⠀⠁⠀⠝&lt;/row&gt;
          &lt;row&gt;⠀&lt;/row&gt;
          &lt;row&gt;⠠⠁⠀⠇⠀⠑⠀⠭⠀⠁⠀⠝⠀⠙⠀⠑⠀⠗⠀⠎⠀⠎⠀⠕⠀⠝⠂&lt;/row&gt;
          &lt;row&gt;⠀&lt;/row&gt;
          &lt;row&gt;⠼⠙⠊⠀⠀⠀⠧⠀⠥⠀⠕⠀⠞⠀⠞⠀⠁⠄&lt;/row&gt;
          &lt;row/&gt;
        &lt;/page&gt;
        &lt;page&gt;
          &lt;row&gt;⠀⠀⠀⠀⠀⠀⠀⠀⠀⠀⠀⠀⠀⠀⠀⠀⠀⠀⠀⠀⠀⠀⠀⠀⠀⠀⠀⠼⠃⠙&lt;/row&gt;
          &lt;row&gt;⠠⠽⠀⠅⠀⠎⠀⠊⠀⠞⠀⠽⠀⠊⠀⠎⠀⠤&lt;/row&gt;
          &lt;row&gt;⠀&lt;/row&gt;
          &lt;row&gt;⠽⠀⠗⠀⠊⠀⠞⠀⠞⠀⠜⠀⠚⠀⠜⠂&lt;/row&gt;
          &lt;row&gt;⠀&lt;/row&gt;
          &lt;row&gt;⠞⠀⠕⠀⠊⠀⠍⠀⠊⠀⠊⠀⠀⠀⠞⠀⠊⠀⠑⠀⠞⠀⠕⠀⠤&lt;/row&gt;
          &lt;row&gt;⠀&lt;/row&gt;
          &lt;row&gt;⠅⠀⠕⠀⠝⠀⠑⠀⠁⠀⠇⠀⠁⠀⠇⠀⠇⠀⠁⠄&lt;/row&gt;
          &lt;row&gt;⠀&lt;/row&gt;
          &lt;row&gt;⠠⠁⠀⠎⠀⠥⠀⠥&lt;/row&gt;
          &lt;row&gt;⠀&lt;/row&gt;
          &lt;row&gt;⠠⠞⠀⠥⠀⠅⠀⠓⠀⠕⠀⠇⠀⠍⠀⠁⠀⠎⠀⠎⠀⠁⠄&lt;/row&gt;
          &lt;row&gt;⠀&lt;/row&gt;
          &lt;row&gt;⠀&lt;/row&gt;
          &lt;row&gt;⠠⠓⠀⠜⠀⠝⠀⠑⠀⠇⠀⠇⠀⠜⠀⠀⠀⠕⠀⠇⠀⠊&lt;/row&gt;
          &lt;row&gt;⠀&lt;/row&gt;
          &lt;row&gt;⠇⠀⠕⠀⠍⠀⠏⠀⠁⠀⠅⠀⠕⠀⠎⠀⠎⠀⠁&lt;/row&gt;
          &lt;row&gt;⠀&lt;/row&gt;
          &lt;row&gt;⠁⠀⠊⠀⠅⠀⠁⠀⠀⠀⠏⠀⠁⠀⠇⠀⠚⠀⠕⠀⠝&lt;/row&gt;
          &lt;row&gt;⠀&lt;/row&gt;
          &lt;row&gt;⠗⠀⠁⠀⠓⠀⠁⠀⠁⠀⠀⠚⠀⠁⠀⠀⠀⠥⠀⠎⠀⠑⠀⠊⠀⠞⠀⠁&lt;/row&gt;
          &lt;row&gt;⠀&lt;/row&gt;
          &lt;row&gt;⠇⠀⠥⠀⠕⠀⠞⠀⠞⠀⠕⠀⠅⠀⠕⠀⠗⠀⠞⠀⠞⠀⠑⠀⠚⠀⠁⠄&lt;/row&gt;
          &lt;row&gt;⠀&lt;/row&gt;
          &lt;row&gt;⠀&lt;/row&gt;
          &lt;row&gt;⠀&lt;/row&gt;
          &lt;row/&gt;
        &lt;/page&gt;
        &lt;page&gt;
          &lt;row&gt;⠀⠀⠀⠀⠀⠀⠀⠀⠀⠀⠀⠀⠀⠀⠀⠀⠀⠀⠀⠀⠀⠀⠀⠀⠀⠀⠀⠼⠃⠑&lt;/row&gt;
          &lt;row&gt;⠤⠀⠀⠀⠠⠍⠀⠑⠀⠗⠀⠅⠀⠊⠀⠇⠀⠇⠀⠊⠀⠝⠀⠑⠀⠝&lt;/row&gt;
          &lt;row&gt;⠀&lt;/row&gt;
          &lt;row&gt;⠞⠀⠁⠀⠏⠀⠁⠀⠥⠀⠎⠂⠀⠀⠀⠍⠀⠥⠀⠞⠀⠞⠀⠁&lt;/row&gt;
          &lt;row&gt;⠀&lt;/row&gt;
          &lt;row&gt;⠕⠀⠇⠀⠑⠀⠞⠀⠁⠀⠝⠂⠀⠀⠑⠀⠞⠀⠞⠀⠜&lt;/row&gt;
          &lt;row&gt;⠀&lt;/row&gt;
          &lt;row&gt;⠍⠀⠊⠀⠑⠀⠎⠀⠀⠀⠎⠀⠁⠀⠊&lt;/row&gt;
          &lt;row&gt;⠀&lt;/row&gt;
          &lt;row&gt;⠎⠀⠽⠀⠙⠀⠜⠀⠝⠀⠤&lt;/row&gt;
          &lt;row&gt;⠀&lt;/row&gt;
          &lt;row&gt;⠅⠀⠕⠀⠓⠀⠞⠀⠁⠀⠥⠀⠅⠀⠎⠀⠑⠀⠝⠄&lt;/row&gt;
          &lt;row&gt;⠀&lt;/row&gt;
          &lt;row&gt;⠀&lt;/row&gt;
          &lt;row&gt;⠠⠍⠀⠊⠀⠞⠀⠜⠀⠀⠀⠇⠀⠜⠀⠜⠀⠅⠀⠜⠀⠗⠀⠊⠀⠞&lt;/row&gt;
          &lt;row&gt;⠀&lt;/row&gt;
          &lt;row&gt;⠎⠀⠁⠀⠝⠀⠕⠀⠧⠀⠁⠀⠞⠢&lt;/row&gt;
          &lt;row&gt;⠀&lt;/row&gt;
          &lt;row&gt;⠠⠺⠀⠁⠀⠇⠀⠇⠀⠁⠀⠝⠀⠙⠀⠑⠀⠗&lt;/row&gt;
          &lt;row&gt;⠀&lt;/row&gt;
          &lt;row&gt;⠅⠀⠽⠀⠎⠀⠽⠀⠊⠄&lt;/row&gt;
          &lt;row&gt;⠀&lt;/row&gt;
          &lt;row&gt;⠤⠀⠀⠀⠠⠓⠀⠑⠀⠀⠀⠑⠀⠊⠀⠧⠀⠜⠀⠞&lt;/row&gt;
          &lt;row&gt;⠀&lt;/row&gt;
          &lt;row&gt;⠞⠀⠊⠀⠑⠀⠙⠀⠜⠂⠀⠀⠀⠍⠀⠊⠀⠓⠀⠊⠀⠝&lt;/row&gt;
          &lt;row&gt;⠀&lt;/row&gt;
          &lt;row&gt;⠍⠀⠊⠀⠑⠀⠎⠀⠀⠀⠅⠀⠥⠀⠕⠀⠇⠀⠊⠄&lt;/row&gt;
        &lt;/page&gt;
        &lt;page&gt;
          &lt;row&gt;⠀⠀⠀⠀⠀⠀⠀⠀⠀⠀⠀⠀⠀⠀⠀⠀⠀⠀⠀⠀⠀⠀⠀⠀⠀⠀⠀⠼⠃⠋&lt;/row&gt;
          &lt;row&gt;⠤⠀⠀⠀⠠⠓⠀⠑⠀⠀⠀⠞⠀⠥⠀⠞⠀⠅⠀⠊⠀⠧⠀⠁⠀⠞&lt;/row&gt;
          &lt;row&gt;⠀&lt;/row&gt;
          &lt;row&gt;⠍⠀⠊⠀⠑⠀⠓⠀⠑⠀⠝⠀⠀⠀⠗⠀⠥⠀⠥⠀⠍⠀⠊⠀⠊⠀⠝&lt;/row&gt;
          &lt;row&gt;⠀&lt;/row&gt;
          &lt;row&gt;⠞⠀⠁⠀⠗⠀⠅⠀⠑⠀⠍⠀⠍⠀⠊⠀⠝⠀⠀⠚⠀⠁&lt;/row&gt;
          &lt;row&gt;⠀&lt;/row&gt;
          &lt;row&gt;⠎⠀⠑⠀⠇⠀⠧⠀⠊⠀⠞⠀⠞⠀⠜⠀⠧⠀⠜⠀⠞&lt;/row&gt;
          &lt;row&gt;⠀&lt;/row&gt;
          &lt;row&gt;⠅⠀⠥⠀⠕⠀⠇⠀⠊⠀⠝⠀⠎⠀⠽⠀⠽⠀⠝⠂&lt;/row&gt;
          &lt;row&gt;⠀&lt;/row&gt;
          &lt;row&gt;⠠⠓⠀⠁⠀⠝⠀⠎⠀⠎⠀⠕⠀⠝&lt;/row&gt;
          &lt;row&gt;⠀&lt;/row&gt;
          &lt;row&gt;⠎⠀⠑⠀⠇⠀⠊⠀⠞⠀⠞⠀⠊⠄&lt;/row&gt;
          &lt;row&gt;⠀&lt;/row&gt;
          &lt;row&gt;⠀&lt;/row&gt;
          &lt;row&gt;⠠⠞⠀⠥⠀⠝⠀⠞⠀⠊⠀⠁&lt;/row&gt;
          &lt;row&gt;⠀&lt;/row&gt;
          &lt;row&gt;⠍⠀⠽⠀⠪⠀⠓⠀⠑⠀⠍⠀⠍⠀⠊⠀⠝&lt;/row&gt;
          &lt;row&gt;⠀&lt;/row&gt;
          &lt;row&gt;⠠⠺⠀⠁⠀⠇⠀⠇⠀⠁⠀⠝⠀⠙⠀⠑⠀⠗&lt;/row&gt;
          &lt;row&gt;⠀&lt;/row&gt;
          &lt;row&gt;⠞⠀⠊⠀⠑⠀⠎⠀⠊⠀⠀⠧⠀⠜⠀⠓⠀⠜⠀⠝&lt;/row&gt;
          &lt;row&gt;⠀&lt;/row&gt;
          &lt;row&gt;⠑⠀⠝⠀⠑⠀⠍⠀⠍⠀⠜⠀⠝&lt;/row&gt;
          &lt;row&gt;⠀&lt;/row&gt;
          &lt;row&gt;⠅⠀⠥⠀⠕⠀⠇⠀⠇⠀⠑⠀⠑⠀⠎⠀⠞⠀⠁&lt;/row&gt;
        &lt;/page&gt;
        &lt;page&gt;
          &lt;row&gt;⠀⠀⠀⠀⠀⠀⠀⠀⠀⠀⠀⠀⠀⠀⠀⠀⠀⠀⠀⠀⠀⠀⠀⠀⠀⠀⠀⠼⠃⠛&lt;/row&gt;
          &lt;row&gt;⠍⠀⠊⠀⠑⠀⠓⠀⠑⠀⠎⠀⠞⠀⠜⠄&lt;/row&gt;
          &lt;row&gt;⠀&lt;/row&gt;
          &lt;row&gt;⠠⠓⠀⠁⠀⠝⠀⠎⠀⠎⠀⠕⠀⠝⠀⠀⠀⠕⠀⠇⠀⠊&lt;/row&gt;
          &lt;row&gt;⠀&lt;/row&gt;
          &lt;row&gt;⠎⠀⠕⠀⠊⠀⠞⠀⠞⠀⠁⠀⠝⠀⠥⠀⠞&lt;/row&gt;
          &lt;row&gt;⠀&lt;/row&gt;
          &lt;row&gt;⠠⠞⠀⠥⠀⠅⠀⠓⠀⠕⠀⠇⠀⠍⠀⠁⠀⠁⠀⠝&lt;/row&gt;
          &lt;row&gt;⠀&lt;/row&gt;
          &lt;row&gt;⠚⠀⠁⠀⠀⠀⠏⠀⠥⠀⠓⠀⠥⠀⠝⠀⠥⠀⠞&lt;/row&gt;
          &lt;row&gt;⠀&lt;/row&gt;
          &lt;row&gt;⠠⠁⠀⠇⠀⠑⠀⠭⠀⠁⠀⠝⠀⠙⠀⠑⠀⠗⠀⠎⠀⠤&lt;/row&gt;
          &lt;row&gt;⠀&lt;/row&gt;
          &lt;row&gt;⠎⠀⠕⠀⠝⠀⠊⠀⠝&lt;/row&gt;
          &lt;row&gt;⠀&lt;/row&gt;
          &lt;row&gt;⠎⠀⠊⠀⠓⠀⠞⠀⠑⠀⠑⠀⠗⠀⠊⠀⠝&lt;/row&gt;
          &lt;row&gt;⠀&lt;/row&gt;
          &lt;row&gt;⠅⠀⠁⠀⠝⠀⠎⠀⠎⠀⠁⠄&lt;/row&gt;
          &lt;row&gt;⠀&lt;/row&gt;
          &lt;row&gt;⠠⠁⠀⠇⠀⠑⠀⠭⠀⠁⠀⠝⠀⠙⠀⠑⠀⠗⠀⠎⠀⠎⠀⠕⠀⠝&lt;/row&gt;
          &lt;row&gt;⠀&lt;/row&gt;
          &lt;row&gt;⠕⠀⠇⠀⠊⠀⠀⠀⠕⠀⠇⠀⠇⠀⠥⠀⠞&lt;/row&gt;
          &lt;row&gt;⠀&lt;/row&gt;
          &lt;row&gt;⠝⠀⠁⠀⠊⠀⠍⠀⠊⠀⠎⠀⠊⠀⠎⠀⠎⠀⠁⠂&lt;/row&gt;
          &lt;row&gt;⠀&lt;/row&gt;
          &lt;row&gt;⠍⠀⠥⠀⠞⠀⠞⠀⠁⠀⠀⠀⠑⠀⠗⠀⠕⠀⠝⠀⠝⠀⠥⠀⠞&lt;/row&gt;
          &lt;row/&gt;
        &lt;/page&gt;
        &lt;page&gt;
          &lt;row&gt;⠀⠀⠀⠀⠀⠀⠀⠀⠀⠀⠀⠀⠀⠀⠀⠀⠀⠀⠀⠀⠀⠀⠀⠀⠀⠀⠀⠼⠃⠓&lt;/row&gt;
          &lt;row&gt;⠅⠀⠽⠀⠍⠀⠍⠀⠑⠀⠝⠀⠑⠀⠝&lt;/row&gt;
          &lt;row&gt;⠀&lt;/row&gt;
          &lt;row&gt;⠧⠀⠥⠀⠕⠀⠞⠀⠞⠀⠁⠀⠀⠀⠎⠀⠊⠀⠞⠀⠞⠀⠑⠀⠝⠄&lt;/row&gt;
          &lt;row&gt;⠀&lt;/row&gt;
          &lt;row&gt;⠠⠓⠀⠜⠀⠝⠀⠑⠀⠇⠀⠇⠀⠜⠀⠀⠀⠕⠀⠇⠀⠊&lt;/row&gt;
          &lt;row&gt;⠀&lt;/row&gt;
          &lt;row&gt;⠕⠀⠇⠀⠇⠀⠥⠀⠞⠀⠀⠀⠍⠀⠽⠀⠪⠀⠎&lt;/row&gt;
          &lt;row&gt;⠀&lt;/row&gt;
          &lt;row&gt;⠽⠀⠅⠀⠎⠀⠊⠀⠀⠀⠇⠀⠁⠀⠏⠀⠎⠀⠊⠂&lt;/row&gt;
          &lt;row&gt;⠀&lt;/row&gt;
          &lt;row&gt;⠏⠀⠕⠀⠊⠀⠅⠀⠁⠄&lt;/row&gt;
          &lt;row&gt;⠀&lt;/row&gt;
          &lt;row&gt;⠠⠏⠀⠕⠀⠊⠀⠅⠀⠁⠀⠀⠀⠕⠀⠇⠀⠊&lt;/row&gt;
          &lt;row&gt;⠀&lt;/row&gt;
          &lt;row&gt;⠅⠀⠥⠀⠕⠀⠇⠀⠇⠀⠥⠀⠞&lt;/row&gt;
          &lt;row&gt;⠀&lt;/row&gt;
          &lt;row&gt;⠎⠀⠑⠀⠊⠀⠞⠀⠎⠀⠑⠀⠍⠀⠜⠀⠝&lt;/row&gt;
          &lt;row&gt;⠀&lt;/row&gt;
          &lt;row&gt;⠧⠀⠥⠀⠕⠀⠞⠀⠞⠀⠁⠀⠀⠀⠎⠀⠊⠀⠞⠀⠞⠀⠑⠀⠝⠄&lt;/row&gt;
          &lt;row&gt;⠀&lt;/row&gt;
          &lt;row&gt;⠀&lt;/row&gt;
          &lt;row&gt;⠤⠀⠀⠀⠠⠅⠀⠽⠀⠎⠀⠽⠀⠊⠀⠞⠀⠅⠀⠪⠂&lt;/row&gt;
          &lt;row&gt;⠀&lt;/row&gt;
          &lt;row&gt;⠍⠀⠊⠀⠞⠀⠜⠀⠀⠀⠍⠀⠊⠀⠑⠀⠎⠀⠀⠀⠞⠀⠑⠀⠅⠀⠊&lt;/row&gt;
          &lt;row&gt;⠀&lt;/row&gt;
          &lt;row&gt;⠠⠽⠀⠎⠀⠞⠀⠁⠀⠙⠀⠊⠀⠎⠀⠎⠀⠁⠢&lt;/row&gt;
        &lt;/page&gt;
        &lt;page&gt;
          &lt;row&gt;⠀⠀⠀⠀⠀⠀⠀⠀⠀⠀⠀⠀⠀⠀⠀⠀⠀⠀⠀⠀⠀⠀⠀⠀⠀⠀⠀⠼⠃⠊&lt;/row&gt;
          &lt;row&gt;⠠⠺⠀⠁⠀⠇⠀⠇⠀⠁⠀⠝⠀⠙⠀⠑⠀⠗&lt;/row&gt;
          &lt;row&gt;⠀&lt;/row&gt;
          &lt;row&gt;⠅⠀⠽⠀⠎⠀⠽⠀⠊⠄&lt;/row&gt;
          &lt;row&gt;⠀&lt;/row&gt;
          &lt;row&gt;⠀&lt;/row&gt;
          &lt;row&gt;⠤⠀⠀⠀⠠⠅⠀⠽⠀⠇⠀⠇⠀⠜⠂&lt;/row&gt;
          &lt;row&gt;⠀&lt;/row&gt;
          &lt;row&gt;⠠⠓⠀⠁⠀⠝⠀⠎⠀⠎⠀⠕⠀⠝&lt;/row&gt;
          &lt;row&gt;⠀&lt;/row&gt;
          &lt;row&gt;⠧⠀⠁⠀⠎⠀⠞⠀⠁⠀⠎⠀⠊⠄&lt;/row&gt;
          &lt;row&gt;⠀&lt;/row&gt;
          &lt;row&gt;⠠⠓⠀⠜⠀⠝⠀⠀⠀⠕⠀⠇⠀⠊&lt;/row&gt;
          &lt;row&gt;⠀&lt;/row&gt;
          &lt;row&gt;⠎⠀⠁⠀⠝⠀⠕⠀⠝⠀⠥⠀⠞&lt;/row&gt;
          &lt;row&gt;⠀&lt;/row&gt;
          &lt;row&gt;⠎⠀⠊⠀⠓⠀⠞⠀⠑⠀⠑⠀⠗⠀⠊⠀⠇⠀⠇⠀⠑⠂&lt;/row&gt;
          &lt;row&gt;⠀&lt;/row&gt;
          &lt;row&gt;⠑⠀⠞⠀⠞⠀⠜⠀⠀⠀⠓⠀⠜⠀⠝⠀⠀⠀⠕⠀⠝&lt;/row&gt;
          &lt;row&gt;⠀&lt;/row&gt;
          &lt;row&gt;⠧⠀⠊⠀⠊⠀⠅⠀⠕⠀⠝⠀⠀⠀⠇⠀⠕⠀⠍⠀⠁⠀⠇⠀⠇⠀⠁⠄&lt;/row&gt;
          &lt;row&gt;⠀&lt;/row&gt;
          &lt;row&gt;⠠⠓⠀⠜⠀⠝⠀⠑⠀⠇⠀⠇⠀⠜⠀⠀⠀⠕⠀⠇⠀⠊&lt;/row&gt;
          &lt;row&gt;⠀&lt;/row&gt;
          &lt;row&gt;⠓⠀⠥⠀⠕⠀⠝⠀⠑&lt;/row&gt;
          &lt;row&gt;⠀&lt;/row&gt;
          &lt;row&gt;⠠⠽⠀⠎⠀⠞⠀⠁⠀⠙⠀⠊⠀⠎⠀⠎⠀⠁⠂&lt;/row&gt;
        &lt;/page&gt;
        &lt;page&gt;
          &lt;row&gt;⠀⠀⠀⠀⠀⠀⠀⠀⠀⠀⠀⠀⠀⠀⠀⠀⠀⠀⠀⠀⠀⠀⠀⠀⠀⠀⠀⠼⠉⠚&lt;/row&gt;
          &lt;row&gt;⠓⠀⠕⠀⠞⠀⠑⠀⠇⠀⠇⠀⠊⠀⠀⠀⠠⠅⠀⠥⠀⠝⠀⠛&lt;/row&gt;
          &lt;row&gt;⠀&lt;/row&gt;
          &lt;row&gt;⠠⠅⠀⠁⠀⠗⠀⠇⠀⠊⠀⠎⠀⠎⠀⠁⠄&lt;/row&gt;
          &lt;row&gt;⠀&lt;/row&gt;
          &lt;row&gt;⠀&lt;/row&gt;
          &lt;row&gt;⠤⠀⠀⠀⠠⠇⠀⠜⠀⠓⠀⠙⠀⠑⠀⠞⠀⠜⠀⠜⠀⠝⠀⠏⠀⠜&lt;/row&gt;
          &lt;row&gt;⠀&lt;/row&gt;
          &lt;row&gt;⠅⠀⠜⠀⠽⠀⠍⠀⠜⠀⠜⠀⠝⠀⠀⠀⠎⠀⠊⠀⠑⠀⠇⠀⠇⠀⠜⠂&lt;/row&gt;
          &lt;row&gt;⠀&lt;/row&gt;
          &lt;row&gt;⠠⠺⠀⠁⠀⠇⠀⠇⠀⠁⠀⠝⠀⠙⠀⠑⠀⠗&lt;/row&gt;
          &lt;row&gt;⠀&lt;/row&gt;
          &lt;row&gt;⠎⠀⠁⠀⠝⠀⠕⠀⠊⠄&lt;/row&gt;
          &lt;row&gt;⠀&lt;/row&gt;
          &lt;row&gt;⠀&lt;/row&gt;
          &lt;row&gt;⠠⠺⠀⠁⠀⠇⠀⠇⠀⠁⠀⠝⠀⠙⠀⠑⠀⠗⠀⠀⠀⠚⠀⠁&lt;/row&gt;
          &lt;row&gt;⠀&lt;/row&gt;
          &lt;row&gt;⠠⠓⠀⠁⠀⠝⠀⠎⠀⠎⠀⠕⠀⠝&lt;/row&gt;
          &lt;row&gt;⠀&lt;/row&gt;
          &lt;row&gt;⠞⠀⠥⠀⠞⠀⠅⠀⠊⠀⠧⠀⠁⠀⠞&lt;/row&gt;
          &lt;row&gt;⠀&lt;/row&gt;
          &lt;row&gt;⠠⠁⠀⠇⠀⠑⠀⠭⠀⠁⠀⠝⠀⠙⠀⠑⠀⠗⠀⠎⠀⠤&lt;/row&gt;
          &lt;row&gt;⠀&lt;/row&gt;
          &lt;row&gt;⠎⠀⠕⠀⠝⠀⠊⠀⠝&lt;/row&gt;
          &lt;row&gt;⠀&lt;/row&gt;
          &lt;row&gt;⠓⠀⠕⠀⠞⠀⠑⠀⠇⠀⠇⠀⠊⠀⠓⠀⠥⠀⠕⠀⠝⠀⠑⠀⠑⠀⠝⠄&lt;/row&gt;
          &lt;row/&gt;
        &lt;/page&gt;
        &lt;page&gt;
          &lt;row&gt;⠀⠀⠀⠀⠀⠀⠀⠀⠀⠀⠀⠀⠀⠀⠀⠀⠀⠀⠀⠀⠀⠀⠀⠀⠀⠀⠀⠼⠉⠁&lt;/row&gt;
          &lt;row&gt;⠠⠓⠀⠑⠀⠀⠀⠅⠀⠜⠀⠧⠀⠊⠀⠧⠀⠜⠀⠞&lt;/row&gt;
          &lt;row&gt;⠀&lt;/row&gt;
          &lt;row&gt;⠓⠀⠥⠀⠕⠀⠝⠀⠑⠀⠑⠀⠝&lt;/row&gt;
          &lt;row&gt;⠀&lt;/row&gt;
          &lt;row&gt;⠞⠀⠁⠀⠗⠀⠅⠀⠁⠀⠎⠀⠞⠀⠊⠀⠀⠀⠇⠀⠜⠀⠏⠀⠊⠂&lt;/row&gt;
          &lt;row&gt;⠀&lt;/row&gt;
          &lt;row&gt;⠍⠀⠥⠀⠞⠀⠞⠀⠁⠀⠀⠀⠑⠀⠊⠀⠧⠀⠜⠀⠞&lt;/row&gt;
          &lt;row&gt;⠀&lt;/row&gt;
          &lt;row&gt;⠇⠀⠪⠀⠽⠀⠞⠀⠜⠀⠝⠀⠑⠀⠑⠀⠞&lt;/row&gt;
          &lt;row&gt;⠀&lt;/row&gt;
          &lt;row&gt;⠍⠀⠊⠀⠞⠀⠜⠀⠜⠀⠝⠀⠀⠀⠍⠀⠊⠀⠑⠀⠇⠀⠑⠀⠝⠀⠤&lt;/row&gt;
          &lt;row&gt;⠀&lt;/row&gt;
          &lt;row&gt;⠅⠀⠊⠀⠊⠀⠝⠀⠞⠀⠕⠀⠊⠀⠎⠀⠞⠀⠁⠄&lt;/row&gt;
          &lt;row&gt;⠀&lt;/row&gt;
          &lt;row&gt;⠠⠎⠀⠑⠀⠝⠀⠀⠀⠚⠀⠜⠀⠇⠀⠅⠀⠑⠀⠑⠀⠝⠀⠀⠀⠓⠀⠑&lt;/row&gt;
          &lt;row&gt;⠀&lt;/row&gt;
          &lt;row&gt;⠅⠀⠽⠀⠎⠀⠑⠀⠇⠀⠊⠀⠧⠀⠜⠀⠞&lt;/row&gt;
          &lt;row&gt;⠀&lt;/row&gt;
          &lt;row&gt;⠓⠀⠕⠀⠞⠀⠑⠀⠇⠀⠇⠀⠊⠀⠝&lt;/row&gt;
          &lt;row&gt;⠀&lt;/row&gt;
          &lt;row&gt;⠞⠀⠽⠀⠪⠀⠝⠀⠞⠀⠑⠀⠅⠀⠊⠀⠚⠀⠪⠀⠊⠀⠇⠀⠞⠀⠜⠂&lt;/row&gt;
          &lt;row&gt;⠀&lt;/row&gt;
          &lt;row&gt;⠕⠀⠇⠀⠊⠀⠅⠀⠕⠀⠀⠀⠓⠀⠑⠀⠊⠀⠇⠀⠇⠀⠜&lt;/row&gt;
          &lt;row&gt;⠀&lt;/row&gt;
          &lt;row&gt;⠚⠀⠕⠀⠞⠀⠁⠀⠊⠀⠝⠀⠀⠀⠞⠀⠊⠀⠑⠀⠞⠀⠕⠀⠁&lt;/row&gt;
          &lt;row/&gt;
        &lt;/page&gt;
        &lt;page&gt;
          &lt;row&gt;⠀⠀⠀⠀⠀⠀⠀⠀⠀⠀⠀⠀⠀⠀⠀⠀⠀⠀⠀⠀⠀⠀⠀⠀⠀⠀⠀⠼⠉⠃&lt;/row&gt;
          &lt;row&gt;⠍⠀⠊⠀⠑⠀⠓⠀⠑⠀⠎⠀⠞⠀⠜⠂&lt;/row&gt;
          &lt;row&gt;⠀&lt;/row&gt;
          &lt;row&gt;⠍⠀⠥⠀⠞⠀⠞⠀⠁⠀⠀⠀⠍⠀⠊⠀⠞⠀⠜⠀⠜⠀⠝&lt;/row&gt;
          &lt;row&gt;⠀&lt;/row&gt;
          &lt;row&gt;⠑⠀⠊⠀⠀⠀⠎⠀⠑⠀⠇⠀⠧⠀⠊⠀⠝⠀⠝⠀⠽⠀⠞⠄&lt;/row&gt;
          &lt;row&gt;⠀&lt;/row&gt;
          &lt;row&gt;⠠⠅⠀⠥⠀⠅⠀⠁⠀⠁⠀⠝⠀⠀⠀⠑⠀⠊&lt;/row&gt;
          &lt;row&gt;⠀&lt;/row&gt;
          &lt;row&gt;⠕⠀⠇⠀⠇⠀⠥⠀⠞&lt;/row&gt;
          &lt;row&gt;⠀&lt;/row&gt;
          &lt;row&gt;⠎⠀⠕⠀⠊⠀⠞⠀⠞⠀⠁⠀⠝⠀⠥⠀⠞&lt;/row&gt;
          &lt;row&gt;⠀&lt;/row&gt;
          &lt;row&gt;⠠⠁⠀⠇⠀⠑⠀⠭⠀⠁⠀⠝⠀⠙⠀⠑⠀⠗⠀⠎⠀⠤&lt;/row&gt;
          &lt;row&gt;⠀&lt;/row&gt;
          &lt;row&gt;⠎⠀⠕⠀⠝⠀⠊⠀⠝&lt;/row&gt;
          &lt;row&gt;⠀&lt;/row&gt;
          &lt;row&gt;⠓⠀⠥⠀⠕⠀⠝⠀⠑⠀⠑⠀⠎⠀⠑⠀⠑⠀⠝⠀⠀⠀⠞⠀⠁⠀⠊&lt;/row&gt;
          &lt;row&gt;⠀&lt;/row&gt;
          &lt;row&gt;⠅⠀⠜⠀⠽⠀⠝⠀⠽⠀⠞⠀⠀⠀⠓⠀⠜⠀⠝⠀⠑⠀⠝&lt;/row&gt;
          &lt;row&gt;⠀&lt;/row&gt;
          &lt;row&gt;⠇⠀⠥⠀⠕⠀⠝⠀⠁⠀⠁⠀⠝⠄&lt;/row&gt;
          &lt;row&gt;⠀&lt;/row&gt;
          &lt;row&gt;⠀&lt;/row&gt;
          &lt;row&gt;⠤⠀⠀⠀⠠⠍⠀⠊⠀⠑⠀⠎⠀⠀⠀⠁⠀⠎⠀⠥⠀⠊&lt;/row&gt;
          &lt;row&gt;⠀&lt;/row&gt;
          &lt;row&gt;⠞⠀⠜⠀⠜⠀⠇⠀⠇⠀⠜&lt;/row&gt;
        &lt;/page&gt;
        &lt;page&gt;
          &lt;row&gt;⠀⠀⠀⠀⠀⠀⠀⠀⠀⠀⠀⠀⠀⠀⠀⠀⠀⠀⠀⠀⠀⠀⠀⠀⠀⠀⠀⠼⠉⠉&lt;/row&gt;
          &lt;row&gt;⠠⠽⠀⠎⠀⠞⠀⠁⠀⠙⠀⠊⠀⠎⠀⠎⠀⠁⠂&lt;/row&gt;
          &lt;row&gt;⠀&lt;/row&gt;
          &lt;row&gt;⠍⠀⠥⠀⠞⠀⠞⠀⠁⠀⠀⠀⠕⠀⠇⠀⠊&lt;/row&gt;
          &lt;row&gt;⠀&lt;/row&gt;
          &lt;row&gt;⠠⠎⠀⠧⠀⠁⠀⠗⠀⠞⠀⠑⠀⠎⠀⠎⠀⠁⠀⠀⠀⠅⠀⠥⠀⠝&lt;/row&gt;
          &lt;row&gt;⠀&lt;/row&gt;
          &lt;row&gt;⠞⠀⠊⠀⠇⠀⠁⠀⠎⠀⠊⠀⠀⠀⠞⠀⠁⠀⠅⠀⠎⠀⠊⠀⠝⠄&lt;/row&gt;
          &lt;row&gt;⠀&lt;/row&gt;
          &lt;row&gt;⠠⠍⠀⠊⠀⠞⠀⠑⠀⠝⠀⠀⠀⠓⠀⠜⠀⠝&lt;/row&gt;
          &lt;row&gt;⠀&lt;/row&gt;
          &lt;row&gt;⠎⠀⠊⠀⠝⠀⠝⠀⠑⠀⠀⠀⠏⠀⠜⠀⠜⠀⠎⠀⠊⠢&lt;/row&gt;
          &lt;row&gt;⠀&lt;/row&gt;
          &lt;row&gt;⠠⠺⠀⠁⠀⠇⠀⠇⠀⠁⠀⠝⠀⠙⠀⠑⠀⠗&lt;/row&gt;
          &lt;row&gt;⠀&lt;/row&gt;
          &lt;row&gt;⠍⠀⠊⠀⠑⠀⠞⠀⠞⠀⠊⠄&lt;/row&gt;
          &lt;row&gt;⠀&lt;/row&gt;
          &lt;row&gt;⠀&lt;/row&gt;
          &lt;row&gt;⠤⠀⠀⠀⠠⠅⠀⠽⠀⠎⠀⠑⠀⠇⠀⠑⠀⠝&lt;/row&gt;
          &lt;row&gt;⠀&lt;/row&gt;
          &lt;row&gt;⠞⠀⠁⠀⠅⠀⠎⠀⠊⠀⠽⠀⠓⠀⠞⠀⠊⠀⠪⠀⠎⠀⠞⠀⠜⠂&lt;/row&gt;
          &lt;row&gt;⠀&lt;/row&gt;
          &lt;row&gt;⠕⠀⠝⠀⠅⠀⠕⠀⠀⠀⠚⠀⠕⠀⠅⠀⠥&lt;/row&gt;
          &lt;row&gt;⠀&lt;/row&gt;
          &lt;row&gt;⠅⠀⠥⠀⠇⠀⠚⠀⠑⠀⠞⠀⠞⠀⠁⠀⠝⠀⠥⠀⠞&lt;/row&gt;
          &lt;row&gt;⠀&lt;/row&gt;
          &lt;row&gt;⠓⠀⠜⠀⠝⠀⠑⠀⠞⠀⠀⠀⠎⠀⠊⠀⠝⠀⠝⠀⠑⠂&lt;/row&gt;
        &lt;/page&gt;
        &lt;page&gt;
          &lt;row&gt;⠀⠀⠀⠀⠀⠀⠀⠀⠀⠀⠀⠀⠀⠀⠀⠀⠀⠀⠀⠀⠀⠀⠀⠀⠀⠀⠀⠼⠉⠙&lt;/row&gt;
          &lt;row&gt;⠠⠓⠀⠁⠀⠝⠀⠎⠀⠎⠀⠕⠀⠝⠀⠀⠀⠎⠀⠁⠀⠝⠀⠕⠀⠊⠄&lt;/row&gt;
          &lt;row&gt;⠀&lt;/row&gt;
          &lt;row&gt;⠠⠓⠀⠑⠀⠀⠀⠁⠀⠚⠀⠕⠀⠊⠀⠧⠀⠁⠀⠞&lt;/row&gt;
          &lt;row&gt;⠀&lt;/row&gt;
          &lt;row&gt;⠞⠀⠁⠀⠅⠀⠁⠀⠊⠀⠎⠀⠊⠀⠝&lt;/row&gt;
          &lt;row&gt;⠀&lt;/row&gt;
          &lt;row&gt;⠏⠀⠕⠀⠇⠀⠊⠀⠊⠀⠎⠀⠊⠀⠤&lt;/row&gt;
          &lt;row&gt;⠀&lt;/row&gt;
          &lt;row&gt;⠁⠀⠎⠀⠑⠀⠍⠀⠁⠀⠇⠀⠇⠀⠑⠄&lt;/row&gt;
          &lt;row&gt;⠀&lt;/row&gt;
          &lt;row&gt;⠠⠺⠀⠁⠀⠇⠀⠇⠀⠁⠀⠝⠀⠙⠀⠑⠀⠗⠀⠀⠀⠍⠀⠑⠀⠝⠀⠊&lt;/row&gt;
          &lt;row&gt;⠀&lt;/row&gt;
          &lt;row&gt;⠞⠀⠽⠀⠪⠀⠓⠀⠥⠀⠕⠀⠝⠀⠑⠀⠑⠀⠎⠀⠑⠀⠑⠀⠝⠀⠤&lt;/row&gt;
          &lt;row&gt;⠀&lt;/row&gt;
          &lt;row&gt;⠎⠀⠁⠄⠀⠀⠠⠅⠀⠑⠀⠇⠀⠇⠀⠕⠀⠀⠀⠕⠀⠇⠀⠊&lt;/row&gt;
          &lt;row&gt;⠀&lt;/row&gt;
          &lt;row&gt;⠍⠀⠑⠀⠇⠀⠅⠀⠑⠀⠊⠀⠝&lt;/row&gt;
          &lt;row&gt;⠀&lt;/row&gt;
          &lt;row&gt;⠅⠀⠁⠀⠓⠀⠙⠀⠑⠀⠅⠀⠎⠀⠁⠀⠝⠂&lt;/row&gt;
          &lt;row&gt;⠀&lt;/row&gt;
          &lt;row&gt;⠅⠀⠥⠀⠝⠀⠀⠀⠠⠓⠀⠁⠀⠝⠀⠎⠀⠎⠀⠕⠀⠝&lt;/row&gt;
          &lt;row&gt;⠀&lt;/row&gt;
          &lt;row&gt;⠅⠀⠕⠀⠏⠀⠥⠀⠞⠀⠞⠀⠊⠀⠀⠀⠕⠀⠧⠀⠑⠀⠇⠀⠇⠀⠑⠄&lt;/row&gt;
          &lt;row&gt;⠀&lt;/row&gt;
          &lt;row&gt;⠀&lt;/row&gt;
          &lt;row/&gt;
        &lt;/page&gt;
        &lt;page&gt;
          &lt;row&gt;⠀⠀⠀⠀⠀⠀⠀⠀⠀⠀⠀⠀⠀⠀⠀⠀⠀⠀⠀⠀⠀⠀⠀⠀⠀⠀⠀⠼⠉⠑&lt;/row&gt;
          &lt;row&gt;⠤⠀⠀⠀⠠⠕⠀⠇⠀⠑⠀⠞⠀⠅⠀⠕&lt;/row&gt;
          &lt;row&gt;⠀&lt;/row&gt;
          &lt;row&gt;⠎⠀⠁⠀⠁⠀⠝⠀⠥⠀⠞⠀⠀⠀⠚⠀⠕⠀⠞⠀⠁⠀⠊⠀⠝&lt;/row&gt;
          &lt;row&gt;⠀&lt;/row&gt;
          &lt;row&gt;⠎⠀⠑⠀⠇⠀⠧⠀⠊⠀⠇⠀⠇⠀⠑⠢&lt;/row&gt;
          &lt;row&gt;⠀&lt;/row&gt;
          &lt;row&gt;⠠⠺⠀⠁⠀⠇⠀⠇⠀⠁⠀⠝⠀⠙⠀⠑⠀⠗&lt;/row&gt;
          &lt;row&gt;⠀&lt;/row&gt;
          &lt;row&gt;⠅⠀⠽⠀⠎⠀⠽⠀⠊⠄&lt;/row&gt;
          &lt;row&gt;⠀&lt;/row&gt;
          &lt;row&gt;⠀&lt;/row&gt;
          &lt;row&gt;⠤⠀⠀⠀⠠⠅⠀⠽⠀⠇⠀⠇⠀⠜⠂&lt;/row&gt;
          &lt;row&gt;⠀&lt;/row&gt;
          &lt;row&gt;⠞⠀⠁⠀⠗⠀⠅⠀⠊⠀⠎⠀⠞⠀⠊⠀⠝&lt;/row&gt;
          &lt;row&gt;⠀&lt;/row&gt;
          &lt;row&gt;⠞⠀⠁⠀⠅⠀⠎⠀⠊⠀⠞⠂&lt;/row&gt;
          &lt;row&gt;⠀&lt;/row&gt;
          &lt;row&gt;⠠⠓⠀⠁⠀⠝⠀⠎⠀⠎⠀⠕⠀⠝⠀⠀⠀⠅⠀⠑⠀⠗⠀⠞⠀⠕⠀⠊⠄&lt;/row&gt;
          &lt;row&gt;⠀&lt;/row&gt;
          &lt;row&gt;⠠⠁⠀⠇⠀⠑⠀⠭⠀⠁⠀⠝⠀⠙⠀⠑⠀⠗⠀⠎⠀⠎⠀⠕⠀⠝&lt;/row&gt;
          &lt;row&gt;⠀&lt;/row&gt;
          &lt;row&gt;⠕⠀⠝⠀⠀⠀⠁⠀⠚⠀⠁⠀⠝⠀⠥⠀⠞&lt;/row&gt;
          &lt;row&gt;⠀&lt;/row&gt;
          &lt;row&gt;⠞⠀⠁⠀⠅⠀⠎⠀⠊⠀⠇⠀⠇⠀⠁&lt;/row&gt;
          &lt;row&gt;⠀&lt;/row&gt;
          &lt;row&gt;⠠⠎⠀⠧⠀⠁⠀⠗⠀⠞⠀⠑⠀⠑⠀⠝&lt;/row&gt;
        &lt;/page&gt;
        &lt;page&gt;
          &lt;row&gt;⠀⠀⠀⠀⠀⠀⠀⠀⠀⠀⠀⠀⠀⠀⠀⠀⠀⠀⠀⠀⠀⠀⠀⠀⠀⠀⠀⠼⠉⠋&lt;/row&gt;
          &lt;row&gt;⠅⠀⠕⠀⠇⠀⠍⠀⠑⠀⠀⠀⠅⠀⠑⠀⠗⠀⠞⠀⠁⠀⠁&lt;/row&gt;
          &lt;row&gt;⠀&lt;/row&gt;
          &lt;row&gt;⠝⠀⠑⠀⠇⠀⠚⠀⠜⠀⠝⠀⠀⠀⠏⠀⠜⠀⠊⠀⠧⠀⠜⠀⠝&lt;/row&gt;
          &lt;row&gt;⠀&lt;/row&gt;
          &lt;row&gt;⠁⠀⠊⠀⠅⠀⠁⠀⠝⠀⠁⠄&lt;/row&gt;
          &lt;row&gt;⠀&lt;/row&gt;
          &lt;row&gt;⠠⠚⠀⠕⠀⠅⠀⠁⠀⠀⠀⠅⠀⠑⠀⠗⠀⠞⠀⠁⠀⠀⠀⠓⠀⠜⠀⠝&lt;/row&gt;
          &lt;row&gt;⠀&lt;/row&gt;
          &lt;row&gt;⠕⠀⠝⠀⠀⠀⠚⠀⠜⠀⠜⠀⠝⠀⠽⠀⠞⠀⠀⠀⠏⠀⠕⠀⠊⠀⠎&lt;/row&gt;
          &lt;row&gt;⠀&lt;/row&gt;
          &lt;row&gt;⠠⠎⠀⠧⠀⠁⠀⠗⠀⠞⠀⠑⠀⠝&lt;/row&gt;
          &lt;row&gt;⠀&lt;/row&gt;
          &lt;row&gt;⠇⠀⠁⠀⠊⠀⠞⠀⠁⠀⠍⠀⠊⠀⠇⠀⠇⠀⠁⠄&lt;/row&gt;
          &lt;row&gt;⠀&lt;/row&gt;
          &lt;row&gt;⠠⠓⠀⠜⠀⠝⠀⠀⠀⠕⠀⠝⠀⠀⠀⠁⠀⠚⠀⠁⠀⠝⠀⠥⠀⠞&lt;/row&gt;
          &lt;row&gt;⠀&lt;/row&gt;
          &lt;row&gt;⠎⠀⠊⠀⠝⠀⠝⠀⠑⠀⠀⠀⠏⠀⠜⠀⠊⠀⠝&lt;/row&gt;
          &lt;row&gt;⠀&lt;/row&gt;
          &lt;row&gt;⠁⠀⠊⠀⠅⠀⠁⠀⠊⠀⠎⠀⠊⠀⠝&lt;/row&gt;
          &lt;row&gt;⠀&lt;/row&gt;
          &lt;row&gt;⠁⠀⠁⠀⠍⠀⠥⠀⠇⠀⠇⠀⠁⠀⠀⠚⠀⠁&lt;/row&gt;
          &lt;row&gt;⠀&lt;/row&gt;
          &lt;row&gt;⠎⠀⠕⠀⠊⠀⠞⠀⠞⠀⠁⠀⠝⠀⠥⠀⠞&lt;/row&gt;
          &lt;row&gt;⠀&lt;/row&gt;
          &lt;row&gt;⠊⠀⠇⠀⠞⠀⠁⠀⠏⠀⠜⠀⠊⠀⠧⠀⠜⠀⠇⠀⠇⠀⠜&lt;/row&gt;
          &lt;row/&gt;
        &lt;/page&gt;
        &lt;page&gt;
          &lt;row&gt;⠀⠀⠀⠀⠀⠀⠀⠀⠀⠀⠀⠀⠀⠀⠀⠀⠀⠀⠀⠀⠀⠀⠀⠀⠀⠀⠀⠼⠉⠛&lt;/row&gt;
          &lt;row&gt;⠞⠀⠁⠀⠅⠀⠎⠀⠊⠀⠝&lt;/row&gt;
          &lt;row&gt;⠀&lt;/row&gt;
          &lt;row&gt;⠓⠀⠁⠀⠅⠀⠑⠀⠍⠀⠁⠀⠁⠀⠝⠀⠀⠀⠏⠀⠕⠀⠊⠀⠎⠄&lt;/row&gt;
          &lt;row&gt;⠀&lt;/row&gt;
          &lt;row&gt;⠀&lt;/row&gt;
          &lt;row&gt;⠠⠺⠀⠁⠀⠇⠀⠇⠀⠁⠀⠝⠀⠙⠀⠑⠀⠗&lt;/row&gt;
          &lt;row&gt;⠀&lt;/row&gt;
          &lt;row&gt;⠝⠀⠽⠀⠪⠀⠅⠀⠅⠀⠜⠀⠎⠀⠊⠄&lt;/row&gt;
          &lt;row&gt;⠀&lt;/row&gt;
          &lt;row&gt;⠀&lt;/row&gt;
          &lt;row&gt;⠤⠀⠀⠀⠠⠑⠀⠓⠀⠅⠀⠜⠀⠀⠀⠓⠀⠜⠀⠝⠀⠑⠀⠇⠀⠇⠀⠜&lt;/row&gt;
          &lt;row&gt;⠀&lt;/row&gt;
          &lt;row&gt;⠕⠀⠇⠀⠊&lt;/row&gt;
          &lt;row&gt;⠀&lt;/row&gt;
          &lt;row&gt;⠗⠀⠁⠀⠅⠀⠁⠀⠎⠀⠞⠀⠁⠀⠚⠀⠁⠀⠞⠀⠁⠀⠗&lt;/row&gt;
          &lt;row&gt;⠀&lt;/row&gt;
          &lt;row&gt;⠠⠎⠀⠧⠀⠁⠀⠗⠀⠞⠀⠑⠀⠎⠀⠎⠀⠁⠂&lt;/row&gt;
          &lt;row&gt;⠀&lt;/row&gt;
          &lt;row&gt;⠠⠺⠀⠁⠀⠇⠀⠇⠀⠁⠀⠝⠀⠙⠀⠑⠀⠗&lt;/row&gt;
          &lt;row&gt;⠀&lt;/row&gt;
          &lt;row&gt;⠎⠀⠁⠀⠝⠀⠕⠀⠊⠄&lt;/row&gt;
          &lt;row&gt;⠀&lt;/row&gt;
          &lt;row&gt;⠀&lt;/row&gt;
          &lt;row&gt;⠠⠓⠀⠜⠀⠝⠀⠀⠀⠝⠀⠕⠀⠥⠀⠎⠀⠊⠀⠀⠀⠚⠀⠁&lt;/row&gt;
          &lt;row&gt;⠀&lt;/row&gt;
          &lt;row&gt;⠁⠀⠎⠀⠞⠀⠑⠀⠇⠀⠊⠀⠀⠀⠊⠀⠅⠀⠅⠀⠥⠀⠝⠀⠁⠀⠝&lt;/row&gt;
        &lt;/page&gt;
        &lt;page&gt;
          &lt;row&gt;⠀⠀⠀⠀⠀⠀⠀⠀⠀⠀⠀⠀⠀⠀⠀⠀⠀⠀⠀⠀⠀⠀⠀⠀⠀⠀⠀⠼⠉⠓&lt;/row&gt;
          &lt;row&gt;⠜⠀⠜⠀⠗⠀⠑⠀⠑⠀⠝⠄&lt;/row&gt;
          &lt;row&gt;⠀&lt;/row&gt;
          &lt;row&gt;⠠⠏⠀⠥⠀⠊⠀⠎⠀⠞⠀⠁⠀⠀⠀⠝⠀⠜⠀⠅⠀⠊⠂&lt;/row&gt;
          &lt;row&gt;⠀&lt;/row&gt;
          &lt;row&gt;⠑⠀⠞⠀⠞⠀⠜⠀⠀⠀⠞⠀⠥⠀⠥⠀⠇⠀⠊⠀⠀⠀⠕⠀⠇⠀⠊&lt;/row&gt;
          &lt;row&gt;⠀&lt;/row&gt;
          &lt;row&gt;⠽⠀⠇⠀⠞⠀⠽⠀⠝⠀⠽⠀⠞⠄&lt;/row&gt;
          &lt;row&gt;⠀&lt;/row&gt;
          &lt;row&gt;⠠⠏⠀⠊⠀⠁⠀⠝⠀⠀⠀⠞⠀⠥⠀⠇⠀⠊⠀⠎⠀⠊&lt;/row&gt;
          &lt;row&gt;⠀&lt;/row&gt;
          &lt;row&gt;⠍⠀⠽⠀⠗⠀⠎⠀⠅⠀⠽⠄&lt;/row&gt;
          &lt;row&gt;⠀&lt;/row&gt;
          &lt;row&gt;⠀&lt;/row&gt;
          &lt;row&gt;⠠⠅⠀⠁⠀⠅⠀⠎⠀⠊⠀⠀⠀⠏⠀⠜⠀⠊⠀⠧⠀⠜⠀⠜&lt;/row&gt;
          &lt;row&gt;⠀&lt;/row&gt;
          &lt;row&gt;⠍⠀⠽⠀⠪⠀⠓⠀⠑⠀⠍⠀⠍⠀⠊⠀⠝&lt;/row&gt;
          &lt;row&gt;⠀&lt;/row&gt;
          &lt;row&gt;⠁⠀⠁⠀⠍⠀⠥⠀⠇⠀⠇⠀⠁&lt;/row&gt;
          &lt;row&gt;⠀&lt;/row&gt;
          &lt;row&gt;⠠⠺⠀⠁⠀⠇⠀⠇⠀⠁⠀⠝⠀⠙⠀⠑⠀⠗⠀⠊⠀⠝&lt;/row&gt;
          &lt;row&gt;⠀&lt;/row&gt;
          &lt;row&gt;⠏⠀⠥⠀⠓⠀⠑⠀⠇⠀⠊⠀⠝⠀⠀⠀⠎⠀⠕⠀⠊⠄&lt;/row&gt;
          &lt;row&gt;⠀&lt;/row&gt;
          &lt;row&gt;⠠⠎⠀⠕⠀⠊⠀⠞⠀⠞⠀⠁⠀⠚⠀⠁⠀⠀⠀⠕⠀⠇⠀⠊&lt;/row&gt;
          &lt;row&gt;⠀&lt;/row&gt;
          &lt;row&gt;⠇⠀⠜⠀⠜⠀⠅⠀⠜⠀⠗⠀⠊⠂⠀⠀⠚⠕⠀⠇⠀⠇⠀⠁&lt;/row&gt;
        &lt;/page&gt;
        &lt;page&gt;
          &lt;row&gt;⠀⠀⠀⠀⠀⠀⠀⠀⠀⠀⠀⠀⠀⠀⠀⠀⠀⠀⠀⠀⠀⠀⠀⠀⠀⠀⠀⠼⠉⠊&lt;/row&gt;
          &lt;row&gt;⠕⠀⠇⠀⠊⠀⠀⠀⠞⠀⠊⠀⠑⠀⠞⠀⠕⠀⠚⠀⠁&lt;/row&gt;
          &lt;row&gt;⠀&lt;/row&gt;
          &lt;row&gt;⠠⠁⠀⠇⠀⠑⠀⠭⠀⠁⠀⠝⠀⠙⠀⠑⠀⠗⠀⠎⠀⠤&lt;/row&gt;
          &lt;row&gt;⠀&lt;/row&gt;
          &lt;row&gt;⠎⠀⠕⠀⠝⠀⠊⠀⠎⠀⠞⠀⠁⠄&lt;/row&gt;
          &lt;row&gt;⠀&lt;/row&gt;
          &lt;row&gt;⠠⠇⠀⠜⠀⠜⠀⠅⠀⠜⠀⠗⠀⠊⠀⠀⠀⠕⠀⠇⠀⠊&lt;/row&gt;
          &lt;row&gt;⠀&lt;/row&gt;
          &lt;row&gt;⠞⠀⠥⠀⠞⠀⠅⠀⠊⠀⠝⠀⠥⠀⠞&lt;/row&gt;
          &lt;row&gt;⠀&lt;/row&gt;
          &lt;row&gt;⠍⠀⠊⠀⠑⠀⠓⠀⠑⠀⠝⠀⠀⠀⠗⠀⠥⠀⠥⠀⠍⠀⠊⠀⠊⠀⠝⠄&lt;/row&gt;
          &lt;row&gt;⠀&lt;/row&gt;
          &lt;row&gt;⠀&lt;/row&gt;
          &lt;row&gt;⠤⠀⠀⠀⠠⠍⠀⠊⠀⠓⠀⠊⠀⠝⠀⠀⠀⠓⠀⠜⠀⠝&lt;/row&gt;
          &lt;row&gt;⠀&lt;/row&gt;
          &lt;row&gt;⠅⠀⠥⠀⠕⠀⠇⠀⠊⠢&lt;/row&gt;
          &lt;row&gt;⠀&lt;/row&gt;
          &lt;row&gt;⠠⠺⠀⠁⠀⠇⠀⠇⠀⠁⠀⠝⠀⠙⠀⠑⠀⠗&lt;/row&gt;
          &lt;row&gt;⠀&lt;/row&gt;
          &lt;row&gt;⠅⠀⠽⠀⠎⠀⠽⠀⠊⠄⠀⠀⠠⠕⠀⠇⠀⠊⠀⠅⠀⠕⠀⠀⠀⠎⠀⠑&lt;/row&gt;
          &lt;row&gt;⠀&lt;/row&gt;
          &lt;row&gt;⠎⠀⠽⠀⠙⠀⠜⠀⠝⠀⠅⠀⠕⠀⠓⠀⠞⠀⠁⠀⠥⠀⠎&lt;/row&gt;
          &lt;row&gt;⠀&lt;/row&gt;
          &lt;row&gt;⠧⠀⠁⠀⠊&lt;/row&gt;
          &lt;row&gt;⠀&lt;/row&gt;
          &lt;row&gt;⠁⠀⠊⠀⠧⠀⠕⠀⠧⠀⠑⠀⠗⠀⠑⠀⠝⠀⠧⠀⠥⠀⠕⠀⠞⠀⠕⠢&lt;/row&gt;
        &lt;/page&gt;
        &lt;page&gt;
          &lt;row&gt;⠀⠀⠀⠀⠀⠀⠀⠀⠀⠀⠀⠀⠀⠀⠀⠀⠀⠀⠀⠀⠀⠀⠀⠀⠀⠀⠀⠼⠙⠚&lt;/row&gt;
          &lt;row&gt;⠤⠀⠀⠀⠠⠑⠀⠊&lt;/row&gt;
          &lt;row&gt;⠀&lt;/row&gt;
          &lt;row&gt;⠅⠀⠥⠀⠍⠀⠏⠀⠊⠀⠅⠀⠁⠀⠁⠀⠝⠂&lt;/row&gt;
          &lt;row&gt;⠀&lt;/row&gt;
          &lt;row&gt;⠇⠀⠜⠀⠜⠀⠅⠀⠜⠀⠗⠀⠊&lt;/row&gt;
          &lt;row&gt;⠀&lt;/row&gt;
          &lt;row&gt;⠧⠀⠁⠀⠎⠀⠞⠀⠁⠀⠎⠀⠊⠄&lt;/row&gt;
          &lt;row&gt;⠀&lt;/row&gt;
          &lt;row&gt;⠤⠀⠀⠀⠠⠝⠀⠜⠀⠽⠀⠞⠀⠞⠀⠜⠀⠜&lt;/row&gt;
          &lt;row&gt;⠀&lt;/row&gt;
          &lt;row&gt;⠎⠀⠊⠀⠇⠀⠞⠀⠜⠂⠀⠀⠀⠑⠀⠞⠀⠞⠀⠜⠀⠀⠀⠓⠀⠜⠀⠝&lt;/row&gt;
          &lt;row&gt;⠀&lt;/row&gt;
          &lt;row&gt;⠚⠀⠕⠀⠅⠀⠕⠀⠀⠀⠞⠀⠑⠀⠅⠀⠊&lt;/row&gt;
          &lt;row&gt;⠀&lt;/row&gt;
          &lt;row&gt;⠊⠀⠞⠀⠎⠀⠑⠀⠍⠀⠥⠀⠗⠀⠓⠀⠁⠀⠝&lt;/row&gt;
          &lt;row&gt;⠀&lt;/row&gt;
          &lt;row&gt;⠞⠀⠁⠀⠊⠀⠀⠀⠎⠀⠊⠀⠞⠀⠞⠀⠑⠀⠝&lt;/row&gt;
          &lt;row&gt;⠀&lt;/row&gt;
          &lt;row&gt;⠚⠀⠕⠀⠅⠀⠥⠀⠀⠀⠍⠀⠥⠀⠗⠀⠓⠀⠁⠀⠎⠀⠊&lt;/row&gt;
          &lt;row&gt;⠀&lt;/row&gt;
          &lt;row&gt;⠓⠀⠜⠀⠝⠀⠑⠀⠞⠄&lt;/row&gt;
          &lt;row&gt;⠀&lt;/row&gt;
          &lt;row&gt;⠀&lt;/row&gt;
          &lt;row&gt;⠤⠀⠀⠀⠠⠍⠀⠥⠀⠗⠀⠓⠀⠁⠀⠎⠀⠊⠢&lt;/row&gt;
          &lt;row&gt;⠀&lt;/row&gt;
          &lt;row/&gt;
        &lt;/page&gt;
        &lt;page&gt;
          &lt;row&gt;⠀⠀⠀⠀⠀⠀⠀⠀⠀⠀⠀⠀⠀⠀⠀⠀⠀⠀⠀⠀⠀⠀⠀⠀⠀⠀⠀⠼⠙⠁&lt;/row&gt;
          &lt;row&gt;⠠⠞⠀⠁⠀⠗⠀⠅⠀⠕⠀⠊⠀⠞⠀⠁⠀⠞⠀⠅⠀⠕⠂&lt;/row&gt;
          &lt;row&gt;⠀&lt;/row&gt;
          &lt;row&gt;⠑⠀⠞⠀⠞⠀⠜&lt;/row&gt;
          &lt;row&gt;⠀&lt;/row&gt;
          &lt;row&gt;⠠⠁⠀⠇⠀⠑⠀⠭⠀⠁⠀⠝⠀⠙⠀⠑⠀⠗⠀⠎⠀⠎⠀⠕⠀⠝&lt;/row&gt;
          &lt;row&gt;⠀&lt;/row&gt;
          &lt;row&gt;⠍⠀⠥⠀⠗⠀⠓⠀⠁⠀⠞⠀⠞⠀⠊⠀⠊⠀⠝&lt;/row&gt;
          &lt;row&gt;⠀&lt;/row&gt;
          &lt;row&gt;⠞⠀⠁⠀⠅⠀⠎⠀⠊⠀⠝&lt;/row&gt;
          &lt;row&gt;⠀&lt;/row&gt;
          &lt;row&gt;⠞⠀⠁⠀⠅⠀⠁⠀⠏⠀⠑⠀⠝⠀⠅⠀⠊⠀⠇⠀⠇⠀⠜⠢&lt;/row&gt;
          &lt;row&gt;⠀&lt;/row&gt;
          &lt;row&gt;⠠⠺⠀⠁⠀⠇⠀⠇⠀⠁⠀⠝⠀⠙⠀⠑⠀⠗&lt;/row&gt;
          &lt;row&gt;⠀&lt;/row&gt;
          &lt;row&gt;⠊⠀⠓⠀⠍⠀⠑⠀⠞⠀⠞⠀⠑⠀⠇⠀⠊⠄&lt;/row&gt;
          &lt;row&gt;⠀&lt;/row&gt;
          &lt;row&gt;⠀&lt;/row&gt;
          &lt;row&gt;⠠⠇⠀⠜⠀⠜⠀⠅⠀⠜⠀⠗⠀⠊⠀⠀⠀⠎⠀⠁⠀⠝⠀⠕⠀⠊⠒&lt;/row&gt;
          &lt;row&gt;⠀&lt;/row&gt;
          &lt;row&gt;⠤⠀⠀⠀⠠⠑⠀⠝⠀⠀⠀⠞⠀⠊⠀⠑⠀⠙⠀⠜⠂&lt;/row&gt;
          &lt;row&gt;⠀&lt;/row&gt;
          &lt;row&gt;⠍⠀⠊⠀⠞⠀⠑⠀⠝⠀⠀⠀⠍⠀⠥⠀⠗⠀⠓⠀⠁⠀⠀⠀⠕⠀⠝&lt;/row&gt;
          &lt;row&gt;⠀&lt;/row&gt;
          &lt;row&gt;⠞⠀⠁⠀⠏⠀⠁⠀⠓⠀⠞⠀⠥⠀⠝⠀⠥⠀⠞⠄&lt;/row&gt;
          &lt;row&gt;⠀&lt;/row&gt;
          &lt;row/&gt;
        &lt;/page&gt;
        &lt;page&gt;
          &lt;row&gt;⠀⠀⠀⠀⠀⠀⠀⠀⠀⠀⠀⠀⠀⠀⠀⠀⠀⠀⠀⠀⠀⠀⠀⠀⠀⠀⠀⠼⠙⠃&lt;/row&gt;
          &lt;row&gt;⠠⠞⠀⠊⠀⠑⠀⠙⠀⠜⠀⠝⠀⠀⠀⠧⠀⠁⠀⠊⠀⠝⠂&lt;/row&gt;
          &lt;row&gt;⠀&lt;/row&gt;
          &lt;row&gt;⠑⠀⠞⠀⠞⠀⠜⠀⠀⠀⠓⠀⠜⠀⠝⠀⠀⠀⠅⠀⠥⠀⠕⠀⠇⠀⠊&lt;/row&gt;
          &lt;row&gt;⠀&lt;/row&gt;
          &lt;row&gt;⠍⠀⠽⠀⠗⠀⠅⠀⠅⠀⠽⠀⠽⠀⠝⠄&lt;/row&gt;
          &lt;row&gt;⠀&lt;/row&gt;
          &lt;row&gt;⠠⠍⠀⠽⠀⠗⠀⠅⠀⠅⠀⠽⠀⠀⠀⠕⠀⠝&lt;/row&gt;
          &lt;row&gt;⠀&lt;/row&gt;
          &lt;row&gt;⠕⠀⠇⠀⠇⠀⠥⠀⠞&lt;/row&gt;
          &lt;row&gt;⠀&lt;/row&gt;
          &lt;row&gt;⠎⠀⠑⠀⠅⠀⠕⠀⠊⠀⠞⠀⠑⠀⠞⠀⠞⠀⠥⠀⠝⠀⠁&lt;/row&gt;
          &lt;row&gt;⠀&lt;/row&gt;
          &lt;row&gt;⠚⠀⠕⠀⠓⠀⠕⠀⠝⠀⠅⠀⠊⠀⠝&lt;/row&gt;
          &lt;row&gt;⠀&lt;/row&gt;
          &lt;row&gt;⠚⠀⠥⠀⠕⠀⠍⠀⠁⠀⠁⠀⠝⠀⠀⠀⠞⠀⠁⠀⠊&lt;/row&gt;
          &lt;row&gt;⠀&lt;/row&gt;
          &lt;row&gt;⠗⠀⠥⠀⠕⠀⠅⠀⠁⠀⠁⠀⠝⠂⠀⠀⠚⠀⠕⠀⠞⠀⠁&lt;/row&gt;
          &lt;row&gt;⠀&lt;/row&gt;
          &lt;row&gt;⠠⠁⠀⠇⠀⠑⠀⠭⠀⠁⠀⠝⠀⠙⠀⠑⠀⠗⠀⠎⠀⠎⠀⠕⠀⠝&lt;/row&gt;
          &lt;row&gt;⠀&lt;/row&gt;
          &lt;row&gt;⠕⠀⠝⠀⠀⠀⠎⠀⠽⠀⠪⠀⠝⠀⠽⠀⠞⠄&lt;/row&gt;
          &lt;row&gt;⠀&lt;/row&gt;
          &lt;row&gt;⠀&lt;/row&gt;
          &lt;row&gt;⠀&lt;/row&gt;
          &lt;row&gt;⠀&lt;/row&gt;
          &lt;row/&gt;
        &lt;/page&gt;
        &lt;page&gt;
          &lt;row&gt;⠀⠀⠀⠀⠀⠀⠀⠀⠀⠀⠀⠀⠀⠀⠀⠀⠀⠀⠀⠀⠀⠀⠀⠀⠀⠀⠀⠼⠙⠉&lt;/row&gt;
          &lt;row&gt;⠠⠎⠀⠑⠀⠀⠀⠕⠀⠇⠀⠊&lt;/row&gt;
          &lt;row&gt;⠀&lt;/row&gt;
          &lt;row&gt;⠽⠀⠇⠀⠇⠀⠜⠀⠞⠀⠞⠀⠜⠀⠧⠀⠜&lt;/row&gt;
          &lt;row&gt;⠀&lt;/row&gt;
          &lt;row&gt;⠞⠀⠊⠀⠑⠀⠞⠀⠕⠄&lt;/row&gt;
          &lt;row&gt;⠀&lt;/row&gt;
          &lt;row&gt;⠠⠺⠀⠁⠀⠇⠀⠇⠀⠁⠀⠝⠀⠙⠀⠑⠀⠗⠀⠀⠀⠑⠀⠊&lt;/row&gt;
          &lt;row&gt;⠀&lt;/row&gt;
          &lt;row&gt;⠕⠀⠇⠀⠊⠀⠎⠀⠊⠀⠀⠀⠊⠀⠅⠀⠊⠀⠝⠀⠜&lt;/row&gt;
          &lt;row&gt;⠀&lt;/row&gt;
          &lt;row&gt;⠥⠀⠎⠀⠅⠀⠕⠀⠝⠀⠥⠀⠞⠂⠀⠀⠑⠀⠞⠀⠞⠀⠜&lt;/row&gt;
          &lt;row&gt;⠀&lt;/row&gt;
          &lt;row&gt;⠚⠀⠕⠀⠅⠀⠥⠀⠀⠀⠕⠀⠇⠀⠊⠀⠎⠀⠊&lt;/row&gt;
          &lt;row&gt;⠀&lt;/row&gt;
          &lt;row&gt;⠍⠀⠥⠀⠗⠀⠓⠀⠁⠀⠝⠀⠝⠀⠥⠀⠞&lt;/row&gt;
          &lt;row&gt;⠀&lt;/row&gt;
          &lt;row&gt;⠍⠀⠊⠀⠑⠀⠓⠀⠑⠀⠝⠄&lt;/row&gt;
          &lt;row&gt;⠀&lt;/row&gt;
          &lt;row&gt;⠀&lt;/row&gt;
          &lt;row&gt;⠀&lt;/row&gt;
          &lt;row&gt;⠀&lt;/row&gt;
          &lt;row&gt;⠀&lt;/row&gt;
          &lt;row&gt;⠀&lt;/row&gt;
          &lt;row&gt;⠀&lt;/row&gt;
          &lt;row&gt;⠀&lt;/row&gt;
          &lt;row/&gt;
        &lt;/page&gt;
        &lt;page&gt;
          &lt;row&gt;⠀⠀⠀⠀⠀⠀⠀⠀⠀⠀⠀⠀⠀⠀⠀⠀⠀⠀⠀⠀⠀⠀⠀⠀⠀⠀⠀⠼⠙⠙&lt;/row&gt;
          &lt;row&gt;⠼⠃⠄&lt;/row&gt;
          &lt;row&gt;⠀&lt;/row&gt;
          &lt;row&gt;⠀&lt;/row&gt;
          &lt;row&gt;⠠⠺⠀⠁⠀⠇⠀⠇⠀⠁⠀⠝⠀⠙⠀⠑⠀⠗&lt;/row&gt;
          &lt;row&gt;⠀&lt;/row&gt;
          &lt;row&gt;⠊⠀⠎⠀⠞⠀⠥⠀⠊&lt;/row&gt;
          &lt;row&gt;⠀&lt;/row&gt;
          &lt;row&gt;⠞⠀⠽⠀⠪⠀⠏⠀⠪⠀⠽⠀⠞⠀⠜⠀⠝⠀⠎⠀⠜&lt;/row&gt;
          &lt;row&gt;⠀&lt;/row&gt;
          &lt;row&gt;⠜⠀⠜⠀⠗⠀⠑⠀⠎⠀⠎⠀⠜⠄&lt;/row&gt;
          &lt;row&gt;⠀&lt;/row&gt;
          &lt;row&gt;⠠⠓⠀⠥⠀⠕⠀⠝⠀⠑⠀⠑⠀⠎⠀⠎⠀⠁⠀⠀⠀⠕⠀⠇⠀⠊&lt;/row&gt;
          &lt;row&gt;⠀&lt;/row&gt;
          &lt;row&gt;⠍⠀⠽⠀⠪⠀⠎⠀⠀⠀⠅⠀⠁⠀⠅⠀⠎⠀⠊&lt;/row&gt;
          &lt;row&gt;⠀&lt;/row&gt;
          &lt;row&gt;⠍⠀⠥⠀⠥⠀⠞⠀⠁⠀⠀⠀⠏⠀⠕⠀⠇⠀⠊⠀⠊⠀⠎⠀⠊⠀⠁⠒&lt;/row&gt;
          &lt;row&gt;⠀&lt;/row&gt;
          &lt;row&gt;⠠⠓⠀⠁⠀⠝⠀⠎⠀⠎⠀⠕⠀⠝⠀⠀⠀⠚⠀⠁&lt;/row&gt;
          &lt;row&gt;⠀&lt;/row&gt;
          &lt;row&gt;⠠⠁⠀⠝⠀⠝⠀⠤⠠⠃⠀⠗⠀⠊⠀⠞⠀⠞&lt;/row&gt;
          &lt;row&gt;⠀&lt;/row&gt;
          &lt;row&gt;⠠⠓⠀⠪⠀⠛⠀⠇⠀⠥⠀⠝⠀⠙⠄&lt;/row&gt;
          &lt;row&gt;⠀&lt;/row&gt;
          &lt;row&gt;⠀&lt;/row&gt;
          &lt;row&gt;⠀&lt;/row&gt;
          &lt;row/&gt;
        &lt;/page&gt;
        &lt;page&gt;
          &lt;row&gt;⠀⠀⠀⠀⠀⠀⠀⠀⠀⠀⠀⠀⠀⠀⠀⠀⠀⠀⠀⠀⠀⠀⠀⠀⠀⠀⠀⠼⠙⠑&lt;/row&gt;
          &lt;row&gt;⠤⠀⠀⠀⠠⠝⠀⠜⠀⠽⠀⠞⠀⠞⠀⠜⠀⠜⠀⠀⠀⠎⠀⠊⠀⠊⠀⠎&lt;/row&gt;
          &lt;row&gt;⠀&lt;/row&gt;
          &lt;row&gt;⠎⠀⠊⠀⠇⠀⠞⠀⠜⠂⠀⠀⠑⠀⠞⠀⠞⠀⠜&lt;/row&gt;
          &lt;row&gt;⠀&lt;/row&gt;
          &lt;row&gt;⠠⠁⠀⠇⠀⠑⠀⠭⠀⠁⠀⠝⠀⠙⠀⠑⠀⠗⠀⠎⠀⠎⠀⠕⠀⠝&lt;/row&gt;
          &lt;row&gt;⠀&lt;/row&gt;
          &lt;row&gt;⠕⠀⠝⠀⠀⠀⠍⠀⠥⠀⠗⠀⠓⠀⠁⠀⠞⠀⠞⠀⠥⠂&lt;/row&gt;
          &lt;row&gt;⠀&lt;/row&gt;
          &lt;row&gt;⠠⠺⠀⠁⠀⠇⠀⠇⠀⠁⠀⠝⠀⠙⠀⠑⠀⠗&lt;/row&gt;
          &lt;row&gt;⠀&lt;/row&gt;
          &lt;row&gt;⠎⠀⠁⠀⠝⠀⠕⠀⠊⠄&lt;/row&gt;
          &lt;row&gt;⠀&lt;/row&gt;
          &lt;row&gt;⠤⠀⠀⠀⠠⠓⠀⠜⠀⠝⠀⠑⠀⠝&lt;/row&gt;
          &lt;row&gt;⠀&lt;/row&gt;
          &lt;row&gt;⠅⠀⠥⠀⠕⠀⠇⠀⠑⠀⠍⠀⠁⠀⠝⠀⠎⠀⠁⠀⠀⠀⠑⠀⠊&lt;/row&gt;
          &lt;row&gt;⠀&lt;/row&gt;
          &lt;row&gt;⠕⠀⠇⠀⠇⠀⠥⠀⠞&lt;/row&gt;
          &lt;row&gt;⠀&lt;/row&gt;
          &lt;row&gt;⠇⠀⠥⠀⠕⠀⠝⠀⠝⠀⠕⠀⠇⠀⠇⠀⠊⠀⠝⠀⠑⠀⠝⠂&lt;/row&gt;
          &lt;row&gt;⠀&lt;/row&gt;
          &lt;row&gt;⠧⠀⠁⠀⠁⠀⠝⠀⠀⠀⠓⠀⠜⠀⠝⠀⠑⠀⠞&lt;/row&gt;
          &lt;row&gt;⠀&lt;/row&gt;
          &lt;row&gt;⠍⠀⠽⠀⠗⠀⠅⠀⠽⠀⠞⠀⠑⠀⠞⠀⠞⠀⠊⠀⠊⠀⠝⠄&lt;/row&gt;
          &lt;row&gt;⠀&lt;/row&gt;
          &lt;row&gt;⠀&lt;/row&gt;
          &lt;row/&gt;
        &lt;/page&gt;
        &lt;page&gt;
          &lt;row&gt;⠀⠀⠀⠀⠀⠀⠀⠀⠀⠀⠀⠀⠀⠀⠀⠀⠀⠀⠀⠀⠀⠀⠀⠀⠀⠀⠀⠼⠙⠋&lt;/row&gt;
          &lt;row&gt;⠠⠑⠀⠍⠀⠍⠀⠑⠀⠀⠀⠧⠀⠊⠀⠑⠀⠇⠀⠜&lt;/row&gt;
          &lt;row&gt;⠀&lt;/row&gt;
          &lt;row&gt;⠞⠀⠊⠀⠑⠀⠙⠀⠜⠂⠀⠀⠀⠍⠀⠊⠀⠇⠀⠇⠀⠕⠀⠊⠀⠝&lt;/row&gt;
          &lt;row&gt;⠀&lt;/row&gt;
          &lt;row&gt;⠓⠀⠜⠀⠝⠀⠀⠀⠎⠀⠁⠀⠊⠀⠀⠀⠍⠀⠽⠀⠗⠀⠅⠀⠅⠀⠽⠀⠜&lt;/row&gt;
          &lt;row&gt;⠀&lt;/row&gt;
          &lt;row&gt;⠚⠀⠁⠀⠀⠀⠍⠀⠊⠀⠞⠀⠑⠀⠝⠀⠀⠀⠅⠀⠁⠀⠥⠀⠁⠀⠝&lt;/row&gt;
          &lt;row&gt;⠀&lt;/row&gt;
          &lt;row&gt;⠅⠀⠑⠀⠎⠀⠞⠀⠊⠀⠀⠀⠑⠀⠝⠀⠝⠀⠑⠀⠝&lt;/row&gt;
          &lt;row&gt;⠀&lt;/row&gt;
          &lt;row&gt;⠅⠀⠥⠀⠊⠀⠝⠀⠀⠀⠍⠀⠽⠀⠗⠀⠅⠀⠅⠀⠽&lt;/row&gt;
          &lt;row&gt;⠀&lt;/row&gt;
          &lt;row&gt;⠁⠀⠇⠀⠅⠀⠕⠀⠊&lt;/row&gt;
          &lt;row&gt;⠀&lt;/row&gt;
          &lt;row&gt;⠧⠀⠁⠀⠊⠀⠅⠀⠥⠀⠞⠀⠞⠀⠁⠀⠁⠄&lt;/row&gt;
          &lt;row&gt;⠀&lt;/row&gt;
          &lt;row&gt;⠀&lt;/row&gt;
          &lt;row&gt;⠤⠀⠀⠀⠠⠕⠀⠝⠀⠅⠀⠕&lt;/row&gt;
          &lt;row&gt;⠀&lt;/row&gt;
          &lt;row&gt;⠍⠀⠁⠀⠓⠀⠙⠀⠕⠀⠇⠀⠇⠀⠊⠀⠎⠀⠞⠀⠁⠂&lt;/row&gt;
          &lt;row&gt;⠀&lt;/row&gt;
          &lt;row&gt;⠑⠀⠞⠀⠞⠀⠜⠀⠀⠀⠓⠀⠜⠀⠝⠀⠀⠀⠞⠀⠑⠀⠅⠀⠊&lt;/row&gt;
          &lt;row&gt;⠀&lt;/row&gt;
          &lt;row&gt;⠊⠀⠞⠀⠎⠀⠑⠀⠍⠀⠥⠀⠗⠀⠓⠀⠁⠀⠝⠢&lt;/row&gt;
          &lt;row&gt;⠀&lt;/row&gt;
          &lt;row&gt;⠠⠁⠀⠝⠀⠝⠀⠤⠠⠃⠀⠗⠀⠊⠀⠞⠀⠞&lt;/row&gt;
        &lt;/page&gt;
        &lt;page&gt;
          &lt;row&gt;⠀⠀⠀⠀⠀⠀⠀⠀⠀⠀⠀⠀⠀⠀⠀⠀⠀⠀⠀⠀⠀⠀⠀⠀⠀⠀⠀⠼⠙⠛&lt;/row&gt;
          &lt;row&gt;⠠⠓⠀⠪⠀⠛⠀⠇⠀⠥⠀⠝⠀⠙⠀⠀⠀⠅⠀⠽⠀⠎⠀⠽⠀⠊⠄&lt;/row&gt;
          &lt;row&gt;⠀&lt;/row&gt;
          &lt;row&gt;⠀&lt;/row&gt;
          &lt;row&gt;⠤⠀⠀⠀⠠⠑⠀⠊⠂&lt;/row&gt;
          &lt;row&gt;⠀&lt;/row&gt;
          &lt;row&gt;⠠⠺⠀⠁⠀⠇⠀⠇⠀⠁⠀⠝⠀⠙⠀⠑⠀⠗&lt;/row&gt;
          &lt;row&gt;⠀&lt;/row&gt;
          &lt;row&gt;⠧⠀⠁⠀⠎⠀⠞⠀⠁⠀⠎⠀⠊⠄&lt;/row&gt;
          &lt;row&gt;⠀&lt;/row&gt;
          &lt;row&gt;⠀&lt;/row&gt;
          &lt;row&gt;⠤⠀⠀⠀⠠⠑⠀⠝⠀⠀⠀⠥⠀⠎⠀⠅⠀⠕⠂&lt;/row&gt;
          &lt;row&gt;⠀&lt;/row&gt;
          &lt;row&gt;⠑⠀⠞⠀⠞⠀⠜&lt;/row&gt;
          &lt;row&gt;⠀&lt;/row&gt;
          &lt;row&gt;⠅⠀⠥⠀⠕⠀⠇⠀⠑⠀⠞⠀⠞⠀⠁⠀⠧⠀⠁⠀⠁&lt;/row&gt;
          &lt;row&gt;⠀&lt;/row&gt;
          &lt;row&gt;⠍⠀⠽⠀⠗⠀⠅⠀⠅⠀⠽⠀⠜⠀⠀⠕⠀⠞⠀⠞⠀⠁⠀⠝⠀⠥⠀⠞&lt;/row&gt;
          &lt;row&gt;⠀&lt;/row&gt;
          &lt;row&gt;⠓⠀⠑⠀⠝⠀⠅⠀⠊⠀⠇⠀⠪&lt;/row&gt;
          &lt;row&gt;⠀&lt;/row&gt;
          &lt;row&gt;⠎⠀⠕⠀⠊⠀⠞⠀⠞⠀⠁⠀⠊⠀⠎⠀⠊&lt;/row&gt;
          &lt;row&gt;⠀&lt;/row&gt;
          &lt;row&gt;⠞⠀⠁⠀⠅⠀⠎⠀⠊⠀⠝⠄&lt;/row&gt;
          &lt;row&gt;⠀&lt;/row&gt;
          &lt;row&gt;⠀&lt;/row&gt;
          &lt;row/&gt;
        &lt;/page&gt;
        &lt;page&gt;
          &lt;row&gt;⠀⠀⠀⠀⠀⠀⠀⠀⠀⠀⠀⠀⠀⠀⠀⠀⠀⠀⠀⠀⠀⠀⠀⠀⠀⠀⠀⠼⠙⠓&lt;/row&gt;
          &lt;row&gt;⠠⠕⠀⠇⠀⠑⠀⠝⠀⠀⠀⠍⠀⠑⠀⠇⠀⠅⠀⠕&lt;/row&gt;
          &lt;row&gt;⠀&lt;/row&gt;
          &lt;row&gt;⠧⠀⠁⠀⠗⠀⠍⠀⠁⠀⠀⠀⠎⠀⠊⠀⠊⠀⠞⠀⠜⠂&lt;/row&gt;
          &lt;row&gt;⠀&lt;/row&gt;
          &lt;row&gt;⠑⠀⠞⠀⠞⠀⠜&lt;/row&gt;
          &lt;row&gt;⠀&lt;/row&gt;
          &lt;row&gt;⠠⠁⠀⠇⠀⠑⠀⠭⠀⠁⠀⠝⠀⠙⠀⠑⠀⠗⠀⠎⠀⠎⠀⠕⠀⠝&lt;/row&gt;
          &lt;row&gt;⠀&lt;/row&gt;
          &lt;row&gt;⠍⠀⠥⠀⠗⠀⠓⠀⠁⠀⠞⠀⠞⠀⠊⠀⠊⠀⠝⠄&lt;/row&gt;
          &lt;row&gt;⠀&lt;/row&gt;
          &lt;row&gt;⠀&lt;/row&gt;
          &lt;row&gt;⠠⠓⠀⠑⠀⠀⠀⠏⠀⠜⠀⠜⠀⠞⠀⠞⠀⠊⠀⠧⠀⠜⠀⠞⠂&lt;/row&gt;
          &lt;row&gt;⠀&lt;/row&gt;
          &lt;row&gt;⠑⠀⠞⠀⠞⠀⠜⠀⠀⠀⠠⠁⠀⠝⠀⠝⠀⠤⠠⠃⠀⠗⠀⠊⠀⠞⠀⠞&lt;/row&gt;
          &lt;row&gt;⠀&lt;/row&gt;
          &lt;row&gt;⠠⠓⠀⠪⠀⠛⠀⠇⠀⠥⠀⠝⠀⠙&lt;/row&gt;
          &lt;row&gt;⠀&lt;/row&gt;
          &lt;row&gt;⠽⠀⠗⠀⠊⠀⠞⠀⠞⠀⠜⠀⠜⠀⠀⠀⠎⠀⠁⠀⠁⠀⠙⠀⠁&lt;/row&gt;
          &lt;row&gt;⠀&lt;/row&gt;
          &lt;row&gt;⠽⠀⠓⠀⠞⠀⠑⠀⠽⠀⠞⠀⠞⠀⠜&lt;/row&gt;
          &lt;row&gt;⠀&lt;/row&gt;
          &lt;row&gt;⠠⠁⠀⠇⠀⠑⠀⠭⠀⠁⠀⠝⠀⠙⠀⠑⠀⠗⠀⠎⠀⠤&lt;/row&gt;
          &lt;row&gt;⠀&lt;/row&gt;
          &lt;row&gt;⠎⠀⠕⠀⠝⠀⠊⠀⠝⠀⠀⠀⠑⠀⠝⠀⠞⠀⠊⠀⠎⠀⠑⠀⠑⠀⠝&lt;/row&gt;
          &lt;row&gt;⠀&lt;/row&gt;
          &lt;row&gt;⠏⠀⠥⠀⠕⠀⠇⠀⠊⠀⠎⠀⠕⠀⠕⠀⠝⠄&lt;/row&gt;
        &lt;/page&gt;
        &lt;page&gt;
          &lt;row&gt;⠀⠀⠀⠀⠀⠀⠀⠀⠀⠀⠀⠀⠀⠀⠀⠀⠀⠀⠀⠀⠀⠀⠀⠀⠀⠀⠀⠼⠙⠊&lt;/row&gt;
          &lt;row&gt;⠠⠝⠀⠁⠀⠊⠀⠝⠀⠑⠀⠝⠀⠀⠀⠁⠀⠎⠀⠥⠀⠊&lt;/row&gt;
          &lt;row&gt;⠀&lt;/row&gt;
          &lt;row&gt;⠞⠀⠊⠀⠑⠀⠞⠀⠞⠀⠜⠀⠧⠀⠜⠀⠎⠀⠞⠀⠊&lt;/row&gt;
          &lt;row&gt;⠀&lt;/row&gt;
          &lt;row&gt;⠠⠗⠀⠁⠀⠝⠀⠎⠀⠅⠀⠁⠀⠎⠀⠎⠀⠁⠄&lt;/row&gt;
          &lt;row&gt;⠀&lt;/row&gt;
          &lt;row&gt;⠠⠓⠀⠁⠀⠝⠀⠎⠀⠎⠀⠕⠀⠝&lt;/row&gt;
          &lt;row&gt;⠀&lt;/row&gt;
          &lt;row&gt;⠏⠀⠥⠀⠕⠀⠇⠀⠑⠀⠎⠀⠞⠀⠁⠀⠁⠀⠝&lt;/row&gt;
          &lt;row&gt;⠀&lt;/row&gt;
          &lt;row&gt;⠏⠀⠽⠀⠽⠀⠞⠀⠜⠀⠊⠀⠎⠀⠊&lt;/row&gt;
          &lt;row&gt;⠀&lt;/row&gt;
          &lt;row&gt;⠠⠞⠀⠥⠀⠅⠀⠓⠀⠕⠀⠇⠀⠍⠀⠁⠀⠝&lt;/row&gt;
          &lt;row&gt;⠀&lt;/row&gt;
          &lt;row&gt;⠏⠀⠕⠀⠇⠀⠊⠀⠊⠀⠎⠀⠊⠀⠁&lt;/row&gt;
          &lt;row&gt;⠀&lt;/row&gt;
          &lt;row&gt;⠞⠀⠥⠀⠞⠀⠅⠀⠊⠀⠍⠀⠁⠀⠁⠀⠝&lt;/row&gt;
          &lt;row&gt;⠀&lt;/row&gt;
          &lt;row&gt;⠠⠁⠀⠇⠀⠑⠀⠭⠀⠁⠀⠝⠀⠙⠀⠑⠀⠗⠀⠎⠀⠤&lt;/row&gt;
          &lt;row&gt;⠀&lt;/row&gt;
          &lt;row&gt;⠎⠀⠕⠀⠝⠀⠊⠀⠝⠀⠀⠀⠅⠀⠕⠀⠙⠀⠊⠀⠝⠄&lt;/row&gt;
          &lt;row&gt;⠀&lt;/row&gt;
          &lt;row&gt;⠀&lt;/row&gt;
          &lt;row&gt;⠀&lt;/row&gt;
          &lt;row&gt;⠀&lt;/row&gt;
          &lt;row/&gt;
        &lt;/page&gt;
        &lt;page&gt;
          &lt;row&gt;⠀⠀⠀⠀⠀⠀⠀⠀⠀⠀⠀⠀⠀⠀⠀⠀⠀⠀⠀⠀⠀⠀⠀⠀⠀⠀⠀⠼⠑⠚&lt;/row&gt;
          &lt;row&gt;⠠⠓⠀⠁⠀⠝⠀⠎⠀⠎⠀⠕⠀⠝⠀⠀⠀⠚⠀⠁&lt;/row&gt;
          &lt;row&gt;⠀&lt;/row&gt;
          &lt;row&gt;⠠⠁⠀⠝⠀⠝⠀⠤⠠⠃⠀⠗⠀⠊⠀⠞⠀⠞&lt;/row&gt;
          &lt;row&gt;⠀&lt;/row&gt;
          &lt;row&gt;⠠⠓⠀⠪⠀⠛⠀⠇⠀⠥⠀⠝⠀⠙&lt;/row&gt;
          &lt;row&gt;⠀&lt;/row&gt;
          &lt;row&gt;⠇⠀⠜⠀⠓⠀⠞⠀⠊⠀⠧⠀⠜⠀⠞&lt;/row&gt;
          &lt;row&gt;⠀&lt;/row&gt;
          &lt;row&gt;⠓⠀⠥⠀⠕⠀⠝⠀⠑⠀⠑⠀⠎⠀⠞⠀⠁⠄&lt;/row&gt;
          &lt;row&gt;⠀&lt;/row&gt;
          &lt;row&gt;⠠⠺⠀⠁⠀⠇⠀⠇⠀⠁⠀⠝⠀⠙⠀⠑⠀⠗&lt;/row&gt;
          &lt;row&gt;⠀&lt;/row&gt;
          &lt;row&gt;⠅⠀⠁⠀⠁⠀⠞⠀⠕⠀⠊&lt;/row&gt;
          &lt;row&gt;⠀&lt;/row&gt;
          &lt;row&gt;⠊⠀⠞⠀⠎⠀⠑⠀⠇⠀⠇⠀⠑⠀⠑⠀⠝&lt;/row&gt;
          &lt;row&gt;⠀&lt;/row&gt;
          &lt;row&gt;⠅⠀⠥⠀⠏⠀⠊⠀⠝⠀⠀⠀⠅⠀⠁⠀⠓⠀⠧⠀⠊⠀⠁⠄&lt;/row&gt;
          &lt;row&gt;⠀&lt;/row&gt;
          &lt;row&gt;⠠⠓⠀⠜⠀⠝⠀⠀⠀⠁⠀⠎⠀⠞⠀⠑⠀⠇⠀⠊&lt;/row&gt;
          &lt;row&gt;⠀&lt;/row&gt;
          &lt;row&gt;⠊⠀⠅⠀⠅⠀⠥⠀⠝⠀⠁⠀⠝⠀⠀⠀⠜⠀⠜⠀⠗⠀⠑⠀⠑⠀⠝&lt;/row&gt;
          &lt;row&gt;⠀&lt;/row&gt;
          &lt;row&gt;⠚⠀⠁⠀⠀⠀⠏⠀⠕⠀⠓⠀⠞⠀⠊⠂⠀⠀⠍⠀⠊⠀⠎⠀⠞⠀⠜&lt;/row&gt;
          &lt;row&gt;⠀&lt;/row&gt;
          &lt;row&gt;⠁⠀⠇⠀⠕⠀⠊⠀⠞⠀⠞⠀⠁⠀⠊⠀⠎⠀⠊⠄&lt;/row&gt;
          &lt;row/&gt;
        &lt;/page&gt;
        &lt;page&gt;
          &lt;row&gt;⠀⠀⠀⠀⠀⠀⠀⠀⠀⠀⠀⠀⠀⠀⠀⠀⠀⠀⠀⠀⠀⠀⠀⠀⠀⠀⠀⠼⠑⠁&lt;/row&gt;
          &lt;row&gt;⠠⠏⠀⠥⠀⠕⠀⠇⠀⠊⠀⠀⠀⠞⠀⠥⠀⠝⠀⠞⠀⠊⠀⠁&lt;/row&gt;
          &lt;row&gt;⠀&lt;/row&gt;
          &lt;row&gt;⠍⠀⠽⠀⠪⠀⠓⠀⠑⠀⠍⠀⠍⠀⠊⠀⠝⠀⠀⠀⠓⠀⠜⠀⠝&lt;/row&gt;
          &lt;row&gt;⠀&lt;/row&gt;
          &lt;row&gt;⠊⠀⠎⠀⠞⠀⠥⠀⠊&lt;/row&gt;
          &lt;row&gt;⠀&lt;/row&gt;
          &lt;row&gt;⠁⠀⠥⠀⠞⠀⠕⠀⠎⠀⠎⠀⠁⠀⠁⠀⠝⠀⠀⠀⠚⠀⠁&lt;/row&gt;
          &lt;row&gt;⠀&lt;/row&gt;
          &lt;row&gt;⠁⠀⠚⠀⠕⠀⠊⠀⠀⠀⠅⠀⠕⠀⠓⠀⠞⠀⠊&lt;/row&gt;
          &lt;row&gt;⠀&lt;/row&gt;
          &lt;row&gt;⠠⠎⠀⠧⠀⠁⠀⠗⠀⠞⠀⠑⠀⠁⠄&lt;/row&gt;
          &lt;row&gt;⠀&lt;/row&gt;
          &lt;row&gt;⠠⠁⠀⠥⠀⠗⠀⠊⠀⠝⠀⠅⠀⠕&lt;/row&gt;
          &lt;row&gt;⠀&lt;/row&gt;
          &lt;row&gt;⠏⠀⠁⠀⠊⠀⠎⠀⠞⠀⠕⠀⠊⠀⠀⠀⠚⠀⠁&lt;/row&gt;
          &lt;row&gt;⠀&lt;/row&gt;
          &lt;row&gt;⠞⠀⠥⠀⠥⠀⠇⠀⠊⠀⠀⠀⠕⠀⠇⠀⠊&lt;/row&gt;
          &lt;row&gt;⠀&lt;/row&gt;
          &lt;row&gt;⠞⠀⠽⠀⠽⠀⠝⠀⠞⠀⠽⠀⠝⠀⠽⠀⠞⠄&lt;/row&gt;
          &lt;row&gt;⠀&lt;/row&gt;
          &lt;row&gt;⠠⠺⠀⠁⠀⠇⠀⠇⠀⠁⠀⠝⠀⠙⠀⠑⠀⠗&lt;/row&gt;
          &lt;row&gt;⠀&lt;/row&gt;
          &lt;row&gt;⠁⠀⠚⠀⠁⠀⠞⠀⠞⠀⠑⠀⠇⠀⠊⠂⠀⠀⠀⠑⠀⠞⠀⠞⠀⠜&lt;/row&gt;
          &lt;row&gt;⠀&lt;/row&gt;
          &lt;row&gt;⠑⠀⠓⠀⠅⠀⠜⠀⠀⠀⠅⠀⠑⠀⠧⠀⠜⠀⠞&lt;/row&gt;
          &lt;row/&gt;
        &lt;/page&gt;
        &lt;page&gt;
          &lt;row&gt;⠀⠀⠀⠀⠀⠀⠀⠀⠀⠀⠀⠀⠀⠀⠀⠀⠀⠀⠀⠀⠀⠀⠀⠀⠀⠀⠀⠼⠑⠃&lt;/row&gt;
          &lt;row&gt;⠎⠀⠊⠀⠞⠀⠞⠀⠑⠀⠝⠀⠅⠀⠊⠀⠝&lt;/row&gt;
          &lt;row&gt;⠀&lt;/row&gt;
          &lt;row&gt;⠞⠀⠥⠀⠇⠀⠊⠀⠎⠀⠊⠀⠀⠀⠏⠀⠊⠀⠁⠀⠝⠄&lt;/row&gt;
          &lt;row&gt;⠀&lt;/row&gt;
          &lt;row&gt;⠀&lt;/row&gt;
          &lt;row&gt;⠠⠓⠀⠜⠀⠝⠀⠀⠀⠏⠀⠽⠀⠎⠀⠜⠀⠽⠀⠞⠀⠞⠀⠊&lt;/row&gt;
          &lt;row&gt;⠀&lt;/row&gt;
          &lt;row&gt;⠁⠀⠥⠀⠞⠀⠕⠀⠝⠀⠀⠀⠚⠀⠁⠀⠀⠀⠁⠀⠎⠀⠞⠀⠥⠀⠊&lt;/row&gt;
          &lt;row&gt;⠀&lt;/row&gt;
          &lt;row&gt;⠥⠀⠇⠀⠕⠀⠎⠄&lt;/row&gt;
          &lt;row&gt;⠀&lt;/row&gt;
          &lt;row&gt;⠀&lt;/row&gt;
          &lt;row&gt;⠠⠞⠀⠜⠀⠝⠀⠝⠀⠑&lt;/row&gt;
          &lt;row&gt;⠀&lt;/row&gt;
          &lt;row&gt;⠠⠁⠀⠇⠀⠑⠀⠭⠀⠁⠀⠝⠀⠙⠀⠑⠀⠗⠀⠎⠀⠎⠀⠕⠀⠝&lt;/row&gt;
          &lt;row&gt;⠀&lt;/row&gt;
          &lt;row&gt;⠕⠀⠇⠀⠊⠀⠀⠀⠎⠀⠊⠀⠊⠀⠎&lt;/row&gt;
          &lt;row&gt;⠀&lt;/row&gt;
          &lt;row&gt;⠞⠀⠥⠀⠇⠀⠇⠀⠥⠀⠞⠂&lt;/row&gt;
          &lt;row&gt;⠀&lt;/row&gt;
          &lt;row&gt;⠠⠺⠀⠁⠀⠇⠀⠇⠀⠁⠀⠝⠀⠙⠀⠑⠀⠗&lt;/row&gt;
          &lt;row&gt;⠀&lt;/row&gt;
          &lt;row&gt;⠁⠀⠚⠀⠁⠀⠞⠀⠞⠀⠑⠀⠇⠀⠊⠄&lt;/row&gt;
          &lt;row&gt;⠀&lt;/row&gt;
          &lt;row&gt;⠀&lt;/row&gt;
          &lt;row/&gt;
        &lt;/page&gt;
        &lt;page&gt;
          &lt;row&gt;⠀⠀⠀⠀⠀⠀⠀⠀⠀⠀⠀⠀⠀⠀⠀⠀⠀⠀⠀⠀⠀⠀⠀⠀⠀⠀⠀⠼⠑⠉&lt;/row&gt;
          &lt;row&gt;⠠⠍⠀⠊⠀⠑⠀⠎⠀⠀⠀⠕⠀⠇⠀⠊&lt;/row&gt;
          &lt;row&gt;⠀&lt;/row&gt;
          &lt;row&gt;⠞⠀⠥⠀⠇⠀⠇⠀⠥⠀⠞⠀⠀⠀⠞⠀⠜⠀⠝⠀⠝⠀⠑&lt;/row&gt;
          &lt;row&gt;⠀&lt;/row&gt;
          &lt;row&gt;⠁⠀⠁⠀⠍⠀⠥⠀⠇⠀⠇⠀⠁⠀⠀⠀⠚⠀⠁&lt;/row&gt;
          &lt;row&gt;⠀&lt;/row&gt;
          &lt;row&gt;⠏⠀⠁⠀⠇⠀⠁⠀⠝⠀⠝⠀⠥⠀⠞&lt;/row&gt;
          &lt;row&gt;⠀&lt;/row&gt;
          &lt;row&gt;⠞⠀⠁⠀⠅⠀⠁⠀⠊⠀⠎⠀⠊⠀⠝&lt;/row&gt;
          &lt;row&gt;⠀&lt;/row&gt;
          &lt;row&gt;⠠⠽⠀⠎⠀⠞⠀⠁⠀⠙⠀⠊⠀⠊⠀⠝&lt;/row&gt;
          &lt;row&gt;⠀&lt;/row&gt;
          &lt;row&gt;⠊⠀⠇⠀⠞⠀⠁⠀⠏⠀⠜⠀⠊⠀⠧⠀⠜⠀⠇⠀⠇⠀⠜⠄&lt;/row&gt;
          &lt;row&gt;⠀&lt;/row&gt;
          &lt;row&gt;⠠⠓⠀⠜⠀⠝⠀⠀⠀⠕⠀⠇⠀⠊⠀⠀⠀⠞⠀⠑⠀⠓⠀⠝⠀⠽⠀⠞&lt;/row&gt;
          &lt;row&gt;⠀&lt;/row&gt;
          &lt;row&gt;⠎⠀⠁⠀⠍⠀⠁⠀⠝⠀⠀⠀⠍⠀⠕⠀⠝⠀⠑⠀⠝⠀⠁&lt;/row&gt;
          &lt;row&gt;⠀&lt;/row&gt;
          &lt;row&gt;⠏⠀⠜⠀⠊⠀⠧⠀⠜⠀⠝⠀⠜&lt;/row&gt;
          &lt;row&gt;⠀&lt;/row&gt;
          &lt;row&gt;⠏⠀⠑⠀⠗⠀⠜⠀⠅⠀⠅⠀⠜⠀⠊⠀⠝⠄&lt;/row&gt;
          &lt;row&gt;⠀&lt;/row&gt;
          &lt;row&gt;⠀&lt;/row&gt;
          &lt;row&gt;⠠⠝⠀⠑⠀⠇⠀⠚⠀⠜⠀⠝⠀⠞⠀⠑⠀⠝⠀⠜&lt;/row&gt;
          &lt;row&gt;⠀&lt;/row&gt;
          &lt;row&gt;⠏⠀⠜⠀⠊⠀⠧⠀⠜⠀⠝⠀⠜⠀⠀⠀⠓⠀⠜⠀⠝⠀⠑⠀⠞&lt;/row&gt;
        &lt;/page&gt;
        &lt;page&gt;
          &lt;row&gt;⠀⠀⠀⠀⠀⠀⠀⠀⠀⠀⠀⠀⠀⠀⠀⠀⠀⠀⠀⠀⠀⠀⠀⠀⠀⠀⠀⠼⠑⠙&lt;/row&gt;
          &lt;row&gt;⠕⠀⠇⠀⠊⠀⠀⠀⠍⠀⠽⠀⠗⠀⠅⠀⠽⠀⠞⠀⠑⠀⠞⠀⠞⠀⠽⠂&lt;/row&gt;
          &lt;row&gt;⠀&lt;/row&gt;
          &lt;row&gt;⠚⠀⠁⠀⠀⠀⠓⠀⠜⠀⠝⠀⠀⠀⠕⠀⠇⠀⠊&lt;/row&gt;
          &lt;row&gt;⠀&lt;/row&gt;
          &lt;row&gt;⠅⠀⠥⠀⠕⠀⠇⠀⠇⠀⠥⠀⠞⠀⠀⠀⠞⠀⠁⠀⠅⠀⠎⠀⠊⠀⠝&lt;/row&gt;
          &lt;row&gt;⠀&lt;/row&gt;
          &lt;row&gt;⠞⠀⠁⠀⠅⠀⠁⠀⠏⠀⠑⠀⠝⠀⠅⠀⠊⠀⠇⠀⠇⠀⠑⠄&lt;/row&gt;
          &lt;row&gt;⠀&lt;/row&gt;
          &lt;row&gt;⠀&lt;/row&gt;
          &lt;row&gt;⠠⠺⠀⠁⠀⠇⠀⠇⠀⠁⠀⠝⠀⠙⠀⠑⠀⠗&lt;/row&gt;
          &lt;row&gt;⠀&lt;/row&gt;
          &lt;row&gt;⠇⠀⠜⠀⠓⠀⠞⠀⠊&lt;/row&gt;
          &lt;row&gt;⠀&lt;/row&gt;
          &lt;row&gt;⠅⠀⠜⠀⠧⠀⠑⠀⠇⠀⠑⠀⠍⠀⠜⠀⠜⠀⠝⠀⠀⠀⠚⠀⠁&lt;/row&gt;
          &lt;row&gt;⠀&lt;/row&gt;
          &lt;row&gt;⠞⠀⠥⠀⠞⠀⠅⠀⠊⠀⠀⠀⠁⠀⠇⠀⠥⠀⠑⠀⠞⠀⠞⠀⠁⠄&lt;/row&gt;
          &lt;row&gt;⠀&lt;/row&gt;
          &lt;row&gt;⠠⠗⠀⠁⠀⠝⠀⠝⠀⠁⠀⠇⠀⠇⠀⠁⠀⠀⠀⠕⠀⠇⠀⠊&lt;/row&gt;
          &lt;row&gt;⠀&lt;/row&gt;
          &lt;row&gt;⠥⠀⠎⠀⠑⠀⠊⠀⠞⠀⠁⠀⠀⠀⠅⠀⠑⠀⠎⠀⠜⠀⠤&lt;/row&gt;
          &lt;row&gt;⠀&lt;/row&gt;
          &lt;row&gt;⠓⠀⠥⠀⠧⠀⠊⠀⠇⠀⠕⠀⠊⠀⠞⠀⠁⠂&lt;/row&gt;
          &lt;row&gt;⠀&lt;/row&gt;
          &lt;row&gt;⠚⠀⠕⠀⠞⠀⠅⠀⠁⠀⠀⠀⠕⠀⠇⠀⠊⠀⠧⠀⠁⠀⠞&lt;/row&gt;
          &lt;row&gt;⠀&lt;/row&gt;
          &lt;row&gt;⠞⠀⠽⠀⠓⠀⠚⠀⠊⠀⠇⠀⠇⠀⠜⠀⠜⠀⠝&lt;/row&gt;
        &lt;/page&gt;
        &lt;page&gt;
          &lt;row&gt;⠀⠀⠀⠀⠀⠀⠀⠀⠀⠀⠀⠀⠀⠀⠀⠀⠀⠀⠀⠀⠀⠀⠀⠀⠀⠀⠀⠼⠑⠑&lt;/row&gt;
          &lt;row&gt;⠞⠀⠜⠀⠓⠀⠜⠀⠝⠀⠀⠀⠁⠀⠊⠀⠅⠀⠁⠀⠁⠀⠝&lt;/row&gt;
          &lt;row&gt;⠀&lt;/row&gt;
          &lt;row&gt;⠧⠀⠥⠀⠕⠀⠙⠀⠑⠀⠎⠀⠞⠀⠁⠄&lt;/row&gt;
          &lt;row&gt;⠀&lt;/row&gt;
          &lt;row&gt;⠠⠺⠀⠁⠀⠇⠀⠇⠀⠁⠀⠝⠀⠙⠀⠑⠀⠗&lt;/row&gt;
          &lt;row&gt;⠀&lt;/row&gt;
          &lt;row&gt;⠅⠀⠕⠀⠓⠀⠞⠀⠁⠀⠎⠀⠊&lt;/row&gt;
          &lt;row&gt;⠀&lt;/row&gt;
          &lt;row&gt;⠅⠀⠜⠀⠧⠀⠑⠀⠇⠀⠽⠀⠇⠀⠇⠀⠜⠀⠜⠀⠝&lt;/row&gt;
          &lt;row&gt;⠀&lt;/row&gt;
          &lt;row&gt;⠧⠀⠁⠀⠊⠀⠝⠀⠀⠀⠏⠀⠁⠀⠗⠀⠊&lt;/row&gt;
          &lt;row&gt;⠀&lt;/row&gt;
          &lt;row&gt;⠊⠀⠓⠀⠍⠀⠊⠀⠎⠀⠞⠀⠜⠄&lt;/row&gt;
          &lt;row&gt;⠀&lt;/row&gt;
          &lt;row&gt;⠠⠁⠀⠇⠀⠥⠀⠑⠀⠀⠀⠞⠀⠥⠀⠝⠀⠞⠀⠥⠀⠊&lt;/row&gt;
          &lt;row&gt;⠀&lt;/row&gt;
          &lt;row&gt;⠍⠀⠑⠀⠇⠀⠅⠀⠑⠀⠊⠀⠝&lt;/row&gt;
          &lt;row&gt;⠀&lt;/row&gt;
          &lt;row&gt;⠁⠀⠥⠀⠞⠀⠊⠀⠕⠀⠇⠀⠞⠀⠁⠄&lt;/row&gt;
          &lt;row&gt;⠀&lt;/row&gt;
          &lt;row&gt;⠠⠓⠀⠜⠀⠝⠀⠀⠀⠅⠀⠜⠀⠜⠀⠝⠀⠞⠀⠽⠀⠊⠀⠀⠀⠚⠀⠁&lt;/row&gt;
          &lt;row&gt;⠀&lt;/row&gt;
          &lt;row&gt;⠏⠀⠁⠀⠇⠀⠁⠀⠎⠀⠊⠀⠀⠀⠁⠀⠥⠀⠞⠀⠕⠀⠇⠀⠇⠀⠑⠄&lt;/row&gt;
          &lt;row&gt;⠀&lt;/row&gt;
          &lt;row&gt;⠀&lt;/row&gt;
          &lt;row/&gt;
        &lt;/page&gt;
        &lt;page&gt;
          &lt;row&gt;⠀⠀⠀⠀⠀⠀⠀⠀⠀⠀⠀⠀⠀⠀⠀⠀⠀⠀⠀⠀⠀⠀⠀⠀⠀⠀⠀⠼⠑⠋&lt;/row&gt;
          &lt;row&gt;⠠⠓⠀⠜⠀⠝⠀⠀⠀⠁⠀⠊⠀⠅⠀⠕⠀⠊&lt;/row&gt;
          &lt;row&gt;⠀&lt;/row&gt;
          &lt;row&gt;⠚⠀⠥⠀⠥⠀⠗⠀⠊⠀⠀⠀⠇⠀⠜⠀⠓⠀⠞⠀⠑⠀⠜&lt;/row&gt;
          &lt;row&gt;⠀&lt;/row&gt;
          &lt;row&gt;⠁⠀⠚⠀⠁⠀⠍⠀⠁⠀⠁⠀⠝⠂⠀⠀⠅⠀⠥⠀⠝&lt;/row&gt;
          &lt;row&gt;⠀&lt;/row&gt;
          &lt;row&gt;⠓⠀⠜⠀⠝⠀⠀⠀⠝⠀⠜⠀⠅⠀⠊&lt;/row&gt;
          &lt;row&gt;⠀&lt;/row&gt;
          &lt;row&gt;⠧⠀⠁⠀⠝⠀⠓⠀⠁⠀⠝⠀⠀⠀⠝⠀⠁⠀⠊⠀⠎⠀⠑⠀⠝&lt;/row&gt;
          &lt;row&gt;⠀&lt;/row&gt;
          &lt;row&gt;⠑⠀⠗⠀⠜⠀⠜⠀⠎⠀⠎⠀⠜&lt;/row&gt;
          &lt;row&gt;⠀&lt;/row&gt;
          &lt;row&gt;⠏⠀⠥⠀⠥⠀⠞⠀⠁⠀⠗⠀⠓⠀⠁⠀⠎⠀⠎⠀⠁⠄&lt;/row&gt;
          &lt;row&gt;⠀&lt;/row&gt;
          &lt;row&gt;⠠⠓⠀⠜⠀⠝⠀⠀⠀⠁⠀⠎⠀⠞⠀⠑⠀⠇⠀⠊&lt;/row&gt;
          &lt;row&gt;⠀&lt;/row&gt;
          &lt;row&gt;⠁⠀⠊⠀⠙⠀⠁⠀⠝⠀⠀⠀⠇⠀⠥⠀⠕⠄&lt;/row&gt;
          &lt;row&gt;⠀&lt;/row&gt;
          &lt;row&gt;⠀&lt;/row&gt;
          &lt;row&gt;⠤⠀⠀⠀⠠⠁⠀⠝⠀⠞⠀⠑⠀⠑⠀⠅⠀⠎⠀⠊⠂&lt;/row&gt;
          &lt;row&gt;⠀&lt;/row&gt;
          &lt;row&gt;⠠⠺⠀⠁⠀⠇⠀⠇⠀⠁⠀⠝⠀⠙⠀⠑⠀⠗&lt;/row&gt;
          &lt;row&gt;⠀&lt;/row&gt;
          &lt;row&gt;⠓⠀⠥⠀⠥⠀⠎⠀⠊⠀⠀⠀⠝⠀⠁⠀⠊⠀⠎⠀⠑⠀⠇⠀⠇⠀⠑⠄&lt;/row&gt;
          &lt;row&gt;⠀&lt;/row&gt;
          &lt;row/&gt;
        &lt;/page&gt;
        &lt;page&gt;
          &lt;row&gt;⠀⠀⠀⠀⠀⠀⠀⠀⠀⠀⠀⠀⠀⠀⠀⠀⠀⠀⠀⠀⠀⠀⠀⠀⠀⠀⠀⠼⠑⠛&lt;/row&gt;
          &lt;row&gt;⠠⠝⠀⠁⠀⠊⠀⠝⠀⠑⠀⠝⠀⠀⠀⠅⠀⠜⠀⠜⠀⠝⠀⠞⠀⠽⠀⠊&lt;/row&gt;
          &lt;row&gt;⠀&lt;/row&gt;
          &lt;row&gt;⠽⠀⠍⠀⠏⠀⠜⠀⠗⠀⠊⠀⠀⠀⠚⠀⠁&lt;/row&gt;
          &lt;row&gt;⠀&lt;/row&gt;
          &lt;row&gt;⠅⠀⠁⠀⠞⠀⠎⠀⠕⠀⠊&lt;/row&gt;
          &lt;row&gt;⠀&lt;/row&gt;
          &lt;row&gt;⠥⠀⠞⠀⠑⠀⠇⠀⠊⠀⠁⠀⠁⠀⠝⠀⠁&lt;/row&gt;
          &lt;row&gt;⠀&lt;/row&gt;
          &lt;row&gt;⠠⠺⠀⠁⠀⠇⠀⠇⠀⠁⠀⠝⠀⠙⠀⠑⠀⠗⠀⠊⠀⠁⠄&lt;/row&gt;
          &lt;row&gt;⠀&lt;/row&gt;
          &lt;row&gt;⠀&lt;/row&gt;
          &lt;row&gt;⠤⠀⠀⠀⠠⠍⠀⠊⠀⠝⠀⠥⠀⠝⠀⠀⠀⠝⠀⠊⠀⠍⠀⠑⠀⠝⠀⠊&lt;/row&gt;
          &lt;row&gt;⠀&lt;/row&gt;
          &lt;row&gt;⠕⠀⠝⠀⠀⠀⠠⠅⠀⠥⠀⠗⠀⠞&lt;/row&gt;
          &lt;row&gt;⠀&lt;/row&gt;
          &lt;row&gt;⠠⠺⠀⠁⠀⠇⠀⠇⠀⠁⠀⠝⠀⠙⠀⠑⠀⠗⠄&lt;/row&gt;
          &lt;row&gt;⠀&lt;/row&gt;
          &lt;row&gt;⠠⠕⠀⠇⠀⠑⠀⠝⠀⠀⠀⠠⠽⠀⠎⠀⠞⠀⠁⠀⠙⠀⠊⠀⠝&lt;/row&gt;
          &lt;row&gt;⠀&lt;/row&gt;
          &lt;row&gt;⠏⠀⠕⠀⠇⠀⠊⠀⠊⠀⠎⠀⠊⠀⠎⠀⠞⠀⠁⠂&lt;/row&gt;
          &lt;row&gt;⠀&lt;/row&gt;
          &lt;row&gt;⠠⠺⠀⠁⠀⠇⠀⠇⠀⠁⠀⠝⠀⠙⠀⠑⠀⠗&lt;/row&gt;
          &lt;row&gt;⠀&lt;/row&gt;
          &lt;row&gt;⠎⠀⠁⠀⠝⠀⠕⠀⠊⠄&lt;/row&gt;
          &lt;row&gt;⠀&lt;/row&gt;
          &lt;row/&gt;
        &lt;/page&gt;
        &lt;page&gt;
          &lt;row&gt;⠀⠀⠀⠀⠀⠀⠀⠀⠀⠀⠀⠀⠀⠀⠀⠀⠀⠀⠀⠀⠀⠀⠀⠀⠀⠀⠀⠼⠑⠓&lt;/row&gt;
          &lt;row&gt;⠠⠝⠀⠁⠀⠊⠀⠝⠀⠑⠀⠝⠀⠀⠀⠞⠀⠥⠀⠇⠀⠊&lt;/row&gt;
          &lt;row&gt;⠀&lt;/row&gt;
          &lt;row&gt;⠁⠀⠊⠀⠙⠀⠁⠀⠝⠀⠀⠀⠇⠀⠥⠀⠕⠀⠀⠀⠚⠀⠁&lt;/row&gt;
          &lt;row&gt;⠀&lt;/row&gt;
          &lt;row&gt;⠕⠀⠚⠀⠑⠀⠝⠀⠎⠀⠊⠀⠀⠀⠅⠀⠜⠀⠞⠀⠑⠀⠝⠀⠎⠀⠜⠄&lt;/row&gt;
          &lt;row&gt;⠀&lt;/row&gt;
          &lt;row&gt;⠀&lt;/row&gt;
          &lt;row&gt;⠤⠀⠀⠀⠠⠍⠀⠊⠀⠝⠀⠜⠀⠀⠀⠕⠀⠇⠀⠑⠀⠝&lt;/row&gt;
          &lt;row&gt;⠀&lt;/row&gt;
          &lt;row&gt;⠠⠁⠀⠛⠀⠝⠀⠑⠀⠎⠀⠀⠀⠠⠑⠀⠓⠀⠝⠂&lt;/row&gt;
          &lt;row&gt;⠀&lt;/row&gt;
          &lt;row&gt;⠝⠀⠁⠀⠊⠀⠝⠀⠑⠀⠝&lt;/row&gt;
          &lt;row&gt;⠀&lt;/row&gt;
          &lt;row&gt;⠑⠀⠎⠀⠊⠀⠞⠀⠞⠀⠑⠀⠇⠀⠊&lt;/row&gt;
          &lt;row&gt;⠀&lt;/row&gt;
          &lt;row&gt;⠊⠀⠞⠀⠎⠀⠑⠀⠝⠀⠎⠀⠜⠄&lt;/row&gt;
          &lt;row&gt;⠀&lt;/row&gt;
          &lt;row&gt;⠀&lt;/row&gt;
          &lt;row&gt;⠤⠀⠀⠀⠠⠞⠀⠜⠀⠜⠀⠇⠀⠇⠀⠜⠀⠀⠀⠕⠀⠝&lt;/row&gt;
          &lt;row&gt;⠀&lt;/row&gt;
          &lt;row&gt;⠅⠀⠁⠀⠥⠀⠝⠀⠊⠀⠎⠀⠞⠀⠁⠂&lt;/row&gt;
          &lt;row&gt;⠀&lt;/row&gt;
          &lt;row&gt;⠠⠺⠀⠁⠀⠇⠀⠇⠀⠁⠀⠝⠀⠙⠀⠑⠀⠗&lt;/row&gt;
          &lt;row&gt;⠀&lt;/row&gt;
          &lt;row&gt;⠎⠀⠁⠀⠝⠀⠕⠀⠊⠄&lt;/row&gt;
          &lt;row/&gt;
        &lt;/page&gt;
        &lt;page&gt;
          &lt;row&gt;⠀⠀⠀⠀⠀⠀⠀⠀⠀⠀⠀⠀⠀⠀⠀⠀⠀⠀⠀⠀⠀⠀⠀⠀⠀⠀⠀⠼⠑⠊&lt;/row&gt;
          &lt;row&gt;⠤⠀⠀⠀⠠⠁⠀⠎⠀⠥⠀⠞⠀⠞⠀⠑⠀⠅⠀⠕&lt;/row&gt;
          &lt;row&gt;⠀&lt;/row&gt;
          &lt;row&gt;⠞⠀⠜⠀⠜⠀⠇⠀⠇⠀⠜⠀⠀⠀⠽⠀⠍⠀⠏⠀⠜⠀⠗⠀⠊&lt;/row&gt;
          &lt;row&gt;⠀&lt;/row&gt;
          &lt;row&gt;⠧⠀⠥⠀⠕⠀⠙⠀⠑⠀⠝⠢⠀⠀⠀⠓⠀⠜⠀⠝&lt;/row&gt;
          &lt;row&gt;⠀&lt;/row&gt;
          &lt;row&gt;⠅⠀⠽⠀⠎⠀⠽⠀⠊⠀⠀⠀⠝⠀⠁⠀⠊⠀⠎⠀⠑⠀⠇⠀⠞⠀⠁⠄&lt;/row&gt;
          &lt;row&gt;⠀&lt;/row&gt;
          &lt;row&gt;⠀&lt;/row&gt;
          &lt;row&gt;⠤⠀⠀⠀⠠⠑⠀⠊⠂⠀⠀⠀⠧⠀⠁⠀⠊⠀⠝&lt;/row&gt;
          &lt;row&gt;⠀&lt;/row&gt;
          &lt;row&gt;⠏⠀⠥⠀⠕⠀⠇⠀⠊⠀⠀⠀⠧⠀⠥⠀⠕⠀⠞⠀⠞⠀⠁&lt;/row&gt;
          &lt;row&gt;⠀&lt;/row&gt;
          &lt;row&gt;⠅⠀⠑⠀⠎⠀⠜⠀⠁⠀⠊⠀⠅⠀⠁⠀⠁⠀⠝⠂&lt;/row&gt;
          &lt;row&gt;⠀&lt;/row&gt;
          &lt;row&gt;⠝⠀⠁⠀⠊⠀⠝⠀⠑⠀⠝⠀⠀⠀⠧⠀⠁⠀⠎⠀⠞⠀⠁⠀⠎⠀⠊⠄&lt;/row&gt;
          &lt;row&gt;⠀&lt;/row&gt;
          &lt;row&gt;⠤⠀⠀⠀⠠⠞⠀⠥⠀⠇⠀⠑⠀⠝&lt;/row&gt;
          &lt;row&gt;⠀&lt;/row&gt;
          &lt;row&gt;⠽⠀⠇⠀⠑⠀⠑⠀⠝⠀⠎⠀⠜&lt;/row&gt;
          &lt;row&gt;⠀&lt;/row&gt;
          &lt;row&gt;⠓⠀⠥⠀⠓⠀⠞⠀⠊⠀⠅⠀⠥⠀⠥⠀⠝&lt;/row&gt;
          &lt;row&gt;⠀&lt;/row&gt;
          &lt;row&gt;⠁⠀⠇⠀⠥⠀⠎⠀⠎⠀⠁⠀⠀⠀⠚⠀⠁&lt;/row&gt;
          &lt;row&gt;⠀&lt;/row&gt;
          &lt;row&gt;⠧⠀⠊⠀⠊⠀⠧⠀⠽⠀⠝&lt;/row&gt;
        &lt;/page&gt;
        &lt;page&gt;
          &lt;row&gt;⠀⠀⠀⠀⠀⠀⠀⠀⠀⠀⠀⠀⠀⠀⠀⠀⠀⠀⠀⠀⠀⠀⠀⠀⠀⠀⠀⠼⠋⠚&lt;/row&gt;
          &lt;row&gt;⠇⠀⠕⠀⠅⠀⠁⠀⠅⠀⠥⠀⠥⠀⠓⠀⠥⠀⠝⠄&lt;/row&gt;
          &lt;row&gt;⠀&lt;/row&gt;
          &lt;row&gt;⠠⠞⠀⠁⠀⠇⠀⠧⠀⠑⠀⠇⠀⠇⠀⠁⠀⠀⠀⠁⠀⠎⠀⠥⠀⠝&lt;/row&gt;
          &lt;row&gt;⠀&lt;/row&gt;
          &lt;row&gt;⠠⠓⠀⠁⠀⠇⠀⠍⠀⠎⠀⠞⠀⠁⠀⠙⠀⠊⠀⠎⠀⠎⠀⠁⠄&lt;/row&gt;
          &lt;row&gt;⠀&lt;/row&gt;
          &lt;row&gt;⠠⠕⠀⠇⠀⠑⠀⠝&lt;/row&gt;
          &lt;row&gt;⠀&lt;/row&gt;
          &lt;row&gt;⠑⠀⠇⠀⠜⠀⠅⠀⠅⠀⠑⠀⠑⠀⠇⠀⠇⠀⠜&lt;/row&gt;
          &lt;row&gt;⠀&lt;/row&gt;
          &lt;row&gt;⠕⠀⠇⠀⠑⠀⠧⠀⠁⠀⠀⠀⠕⠀⠏⠀⠑⠀⠞⠀⠞⠀⠁⠀⠚⠀⠁⠄&lt;/row&gt;
          &lt;row&gt;⠀&lt;/row&gt;
          &lt;row&gt;⠠⠍⠀⠊⠀⠑⠀⠓⠀⠑⠀⠝⠀⠊⠀⠀⠀⠅⠀⠥⠀⠕⠀⠇⠀⠊&lt;/row&gt;
          &lt;row&gt;⠀&lt;/row&gt;
          &lt;row&gt;⠚⠀⠕⠀⠊⠀⠞⠀⠁⠀⠅⠀⠊⠀⠝&lt;/row&gt;
          &lt;row&gt;⠀&lt;/row&gt;
          &lt;row&gt;⠧⠀⠥⠀⠕⠀⠎⠀⠊⠀⠁⠀⠀⠀⠎⠀⠊⠀⠞⠀⠞⠀⠑⠀⠝⠄&lt;/row&gt;
          &lt;row&gt;⠀&lt;/row&gt;
          &lt;row&gt;⠀&lt;/row&gt;
          &lt;row&gt;⠤⠀⠀⠀⠠⠎⠀⠁⠀⠞⠀⠥⠀⠊⠀⠞⠀⠞⠀⠑⠀⠅⠀⠕&lt;/row&gt;
          &lt;row&gt;⠀&lt;/row&gt;
          &lt;row&gt;⠝⠀⠜⠀⠅⠀⠑⠀⠍⠀⠜⠀⠜⠀⠝⠀⠀⠀⠧⠀⠊⠀⠊⠀⠍⠀⠑&lt;/row&gt;
          &lt;row&gt;⠀&lt;/row&gt;
          &lt;row&gt;⠧⠀⠊⠀⠊⠀⠅⠀⠕⠀⠇⠀⠇⠀⠁&lt;/row&gt;
          &lt;row&gt;⠀&lt;/row&gt;
          &lt;row&gt;⠍⠀⠊⠀⠑⠀⠎⠀⠞⠀⠜⠂&lt;/row&gt;
        &lt;/page&gt;
        &lt;page&gt;
          &lt;row&gt;⠀⠀⠀⠀⠀⠀⠀⠀⠀⠀⠀⠀⠀⠀⠀⠀⠀⠀⠀⠀⠀⠀⠀⠀⠀⠀⠀⠼⠋⠁&lt;/row&gt;
          &lt;row&gt;⠚⠀⠕⠀⠅⠀⠁⠀⠀⠀⠞⠀⠥⠀⠇⠀⠊&lt;/row&gt;
          &lt;row&gt;⠀&lt;/row&gt;
          &lt;row&gt;⠞⠀⠜⠀⠝⠀⠝⠀⠑⠀⠀⠀⠍⠀⠥⠀⠥⠀⠞⠀⠁⠀⠍⠀⠁⠀⠝&lt;/row&gt;
          &lt;row&gt;⠀&lt;/row&gt;
          &lt;row&gt;⠅⠀⠑⠀⠗⠀⠗⠀⠁⠀⠝⠀⠀⠀⠽⠀⠅⠀⠎⠀⠊⠀⠝&lt;/row&gt;
          &lt;row&gt;⠀&lt;/row&gt;
          &lt;row&gt;⠞⠀⠁⠀⠅⠀⠎⠀⠊⠀⠇⠀⠇⠀⠁⠢&lt;/row&gt;
          &lt;row&gt;⠀&lt;/row&gt;
          &lt;row&gt;⠠⠺⠀⠁⠀⠇⠀⠇⠀⠁⠀⠝⠀⠙⠀⠑⠀⠗&lt;/row&gt;
          &lt;row&gt;⠀&lt;/row&gt;
          &lt;row&gt;⠅⠀⠽⠀⠎⠀⠽⠀⠊⠄&lt;/row&gt;
          &lt;row&gt;⠀&lt;/row&gt;
          &lt;row&gt;⠀&lt;/row&gt;
          &lt;row&gt;⠠⠝⠀⠁⠀⠊⠀⠎⠀⠑⠀⠝⠀⠀⠀⠧⠀⠁⠀⠎⠀⠞⠀⠁⠀⠥⠀⠎&lt;/row&gt;
          &lt;row&gt;⠀&lt;/row&gt;
          &lt;row&gt;⠽⠀⠇⠀⠇⠀⠜⠀⠞⠀⠞⠀⠊⠀⠀⠀⠓⠀⠜⠀⠝⠀⠑⠀⠞⠄&lt;/row&gt;
          &lt;row&gt;⠀&lt;/row&gt;
          &lt;row&gt;⠀&lt;/row&gt;
          &lt;row&gt;⠤⠀⠀⠀⠠⠅⠀⠽⠀⠇⠀⠇⠀⠜⠀⠀⠀⠍⠀⠊⠀⠝⠀⠜&lt;/row&gt;
          &lt;row&gt;⠀&lt;/row&gt;
          &lt;row&gt;⠝⠀⠜⠀⠊⠀⠝⠄⠀⠀⠠⠓⠀⠜⠀⠝&lt;/row&gt;
          &lt;row&gt;⠀&lt;/row&gt;
          &lt;row&gt;⠓⠀⠁⠀⠇⠀⠥⠀⠎⠀⠊⠀⠀⠀⠞⠀⠊⠀⠇⠀⠁⠀⠞⠀⠁&lt;/row&gt;
          &lt;row&gt;⠀&lt;/row&gt;
          &lt;row&gt;⠞⠀⠁⠀⠅⠀⠎⠀⠊⠀⠝&lt;/row&gt;
          &lt;row/&gt;
        &lt;/page&gt;
        &lt;page&gt;
          &lt;row&gt;⠀⠀⠀⠀⠀⠀⠀⠀⠀⠀⠀⠀⠀⠀⠀⠀⠀⠀⠀⠀⠀⠀⠀⠀⠀⠀⠀⠼⠋⠃&lt;/row&gt;
          &lt;row&gt;⠚⠀⠁⠀⠀⠀⠇⠀⠁⠀⠊⠀⠝⠀⠁⠀⠎⠀⠊&lt;/row&gt;
          &lt;row&gt;⠀&lt;/row&gt;
          &lt;row&gt;⠍⠀⠊⠀⠝⠀⠥⠀⠇⠀⠞⠀⠁&lt;/row&gt;
          &lt;row&gt;⠀&lt;/row&gt;
          &lt;row&gt;⠏⠀⠥⠀⠓⠀⠑⠀⠇⠀⠊⠀⠝⠀⠞⠀⠁⠀⠀⠀⠎⠀⠊⠀⠞⠀⠜&lt;/row&gt;
          &lt;row&gt;⠀&lt;/row&gt;
          &lt;row&gt;⠧⠀⠁⠀⠗⠀⠞⠀⠑⠀⠝⠄&lt;/row&gt;
          &lt;row&gt;⠀&lt;/row&gt;
          &lt;row&gt;⠠⠚⠀⠕⠀⠎⠀⠀⠀⠎⠀⠑⠀⠀⠀⠝⠀⠽⠀⠞⠀⠀⠀⠕⠀⠇⠀⠊&lt;/row&gt;
          &lt;row&gt;⠀&lt;/row&gt;
          &lt;row&gt;⠎⠀⠑⠀⠀⠀⠍⠀⠊⠀⠑⠀⠎⠂⠀⠀⠀⠚⠀⠕⠀⠞⠀⠁&lt;/row&gt;
          &lt;row&gt;⠀&lt;/row&gt;
          &lt;row&gt;⠞⠀⠁⠀⠗⠀⠅⠀⠕⠀⠊⠀⠞⠀⠁⠀⠞⠄&lt;/row&gt;
          &lt;row&gt;⠀&lt;/row&gt;
          &lt;row&gt;⠠⠓⠀⠜⠀⠝⠀⠀⠀⠕⠀⠇⠀⠊⠀⠀⠀⠓⠀⠽⠀⠧⠀⠊⠀⠝&lt;/row&gt;
          &lt;row&gt;⠀&lt;/row&gt;
          &lt;row&gt;⠅⠀⠕⠀⠓⠀⠞⠀⠑⠀⠇⠀⠊⠀⠁⠀⠎⠄&lt;/row&gt;
          &lt;row&gt;⠀&lt;/row&gt;
          &lt;row&gt;⠠⠓⠀⠜⠀⠝⠀⠑⠀⠝⠀⠀⠀⠝⠀⠊⠀⠍⠀⠑⠀⠝⠀⠎⠀⠜&lt;/row&gt;
          &lt;row&gt;⠀&lt;/row&gt;
          &lt;row&gt;⠞⠀⠁⠀⠊⠀⠎⠀⠊⠀⠀⠀⠕⠀⠇⠀⠇⠀⠁&lt;/row&gt;
          &lt;row&gt;⠀&lt;/row&gt;
          &lt;row&gt;⠠⠁⠀⠇⠀⠑⠀⠭⠀⠁⠀⠝⠀⠙⠀⠑⠀⠗⠀⠎⠀⠎⠀⠕⠀⠝⠄&lt;/row&gt;
          &lt;row&gt;⠀&lt;/row&gt;
          &lt;row&gt;⠀&lt;/row&gt;
          &lt;row/&gt;
        &lt;/page&gt;
        &lt;page&gt;
          &lt;row&gt;⠀⠀⠀⠀⠀⠀⠀⠀⠀⠀⠀⠀⠀⠀⠀⠀⠀⠀⠀⠀⠀⠀⠀⠀⠀⠀⠀⠼⠋⠉&lt;/row&gt;
          &lt;row&gt;⠤⠀⠀⠀⠠⠚⠀⠥⠀⠥⠀⠗⠀⠊⠀⠀⠀⠓⠀⠜⠀⠝⠀⠞⠀⠜&lt;/row&gt;
          &lt;row&gt;⠀&lt;/row&gt;
          &lt;row&gt;⠍⠀⠊⠀⠝⠀⠜⠀⠀⠀⠞⠀⠁⠀⠗⠀⠅⠀⠕⠀⠊⠀⠞⠀⠁⠀⠝⠂&lt;/row&gt;
          &lt;row&gt;⠀&lt;/row&gt;
          &lt;row&gt;⠠⠺⠀⠁⠀⠇⠀⠇⠀⠁⠀⠝⠀⠙⠀⠑⠀⠗&lt;/row&gt;
          &lt;row&gt;⠀&lt;/row&gt;
          &lt;row&gt;⠎⠀⠁⠀⠝⠀⠕⠀⠊⠄&lt;/row&gt;
          &lt;row&gt;⠀&lt;/row&gt;
          &lt;row&gt;⠀&lt;/row&gt;
          &lt;row&gt;⠤⠀⠀⠀⠠⠕⠀⠝⠀⠅⠀⠕⠀⠀⠀⠚⠀⠕⠀⠞⠀⠁⠀⠊⠀⠝&lt;/row&gt;
          &lt;row&gt;⠀&lt;/row&gt;
          &lt;row&gt;⠞⠀⠁⠀⠏⠀⠁⠀⠓⠀⠞⠀⠥⠀⠝⠀⠥⠀⠞⠢&lt;/row&gt;
          &lt;row&gt;⠀&lt;/row&gt;
          &lt;row&gt;⠠⠁⠀⠛⠀⠝⠀⠑⠀⠎⠀⠀⠀⠠⠑⠀⠓⠀⠝&lt;/row&gt;
          &lt;row&gt;⠀&lt;/row&gt;
          &lt;row&gt;⠅⠀⠽⠀⠎⠀⠽⠀⠊⠄&lt;/row&gt;
          &lt;row&gt;⠀&lt;/row&gt;
          &lt;row&gt;⠀&lt;/row&gt;
          &lt;row&gt;⠤⠀⠀⠀⠠⠧⠀⠁⠀⠇⠀⠊⠀⠞⠀⠑⠀⠞⠀⠤&lt;/row&gt;
          &lt;row&gt;⠀&lt;/row&gt;
          &lt;row&gt;⠞⠀⠁⠀⠧⠀⠁⠀⠎⠀⠞⠀⠊&lt;/row&gt;
          &lt;row&gt;⠀&lt;/row&gt;
          &lt;row&gt;⠠⠁⠀⠇⠀⠑⠀⠭⠀⠁⠀⠝⠀⠙⠀⠑⠀⠗⠀⠎⠀⠎⠀⠕⠀⠝&lt;/row&gt;
          &lt;row&gt;⠀&lt;/row&gt;
          &lt;row&gt;⠕⠀⠝⠀⠀⠀⠅⠀⠥⠀⠕⠀⠇⠀⠇⠀⠥⠀⠞⠂&lt;/row&gt;
          &lt;row/&gt;
        &lt;/page&gt;
        &lt;page&gt;
          &lt;row&gt;⠀⠀⠀⠀⠀⠀⠀⠀⠀⠀⠀⠀⠀⠀⠀⠀⠀⠀⠀⠀⠀⠀⠀⠀⠀⠀⠀⠼⠋⠙&lt;/row&gt;
          &lt;row&gt;⠠⠺⠀⠁⠀⠇⠀⠇⠀⠁⠀⠝⠀⠙⠀⠑⠀⠗&lt;/row&gt;
          &lt;row&gt;⠀&lt;/row&gt;
          &lt;row&gt;⠎⠀⠁⠀⠝⠀⠕⠀⠊⠄&lt;/row&gt;
          &lt;row&gt;⠀&lt;/row&gt;
          &lt;row&gt;⠀&lt;/row&gt;
          &lt;row&gt;⠠⠝⠀⠁⠀⠊⠀⠝⠀⠑⠀⠝⠀⠀⠀⠝⠀⠜⠀⠽⠀⠞⠀⠞⠀⠊&lt;/row&gt;
          &lt;row&gt;⠀&lt;/row&gt;
          &lt;row&gt;⠏⠀⠑⠀⠇⠀⠜⠀⠎⠀⠞⠀⠽⠀⠝⠀⠑⠀⠑⠀⠇⠀⠞⠀⠜⠄&lt;/row&gt;
          &lt;row&gt;⠀&lt;/row&gt;
          &lt;row&gt;⠀&lt;/row&gt;
          &lt;row&gt;⠤⠀⠀⠀⠠⠅⠀⠁⠀⠍⠀⠁⠀⠇⠀⠁⠀⠁⠄&lt;/row&gt;
          &lt;row&gt;⠀&lt;/row&gt;
          &lt;row&gt;⠠⠍⠀⠊⠀⠞⠀⠜⠀⠀⠀⠞⠀⠁⠀⠏⠀⠁⠀⠓⠀⠞⠀⠥⠀⠊⠢&lt;/row&gt;
          &lt;row&gt;⠀&lt;/row&gt;
          &lt;row&gt;⠓⠀⠜⠀⠝⠀⠀⠀⠅⠀⠽⠀⠎⠀⠽⠀⠊⠄&lt;/row&gt;
          &lt;row&gt;⠀&lt;/row&gt;
          &lt;row&gt;⠀&lt;/row&gt;
          &lt;row&gt;⠤⠀⠀⠀⠠⠑⠀⠍⠀⠍⠀⠑⠀⠀⠀⠞⠀⠊⠀⠑⠀⠙⠀⠜&lt;/row&gt;
          &lt;row&gt;⠀&lt;/row&gt;
          &lt;row&gt;⠧⠀⠊⠀⠑⠀⠇⠀⠜⠂&lt;/row&gt;
          &lt;row&gt;⠀&lt;/row&gt;
          &lt;row&gt;⠠⠺⠀⠁⠀⠇⠀⠇⠀⠁⠀⠝⠀⠙⠀⠑⠀⠗&lt;/row&gt;
          &lt;row&gt;⠀&lt;/row&gt;
          &lt;row&gt;⠧⠀⠁⠀⠎⠀⠞⠀⠁⠀⠎⠀⠊⠄&lt;/row&gt;
          &lt;row&gt;⠀&lt;/row&gt;
          &lt;row/&gt;
        &lt;/page&gt;
        &lt;page&gt;
          &lt;row&gt;⠀⠀⠀⠀⠀⠀⠀⠀⠀⠀⠀⠀⠀⠀⠀⠀⠀⠀⠀⠀⠀⠀⠀⠀⠀⠀⠀⠼⠋⠑&lt;/row&gt;
          &lt;row&gt;⠠⠞⠀⠕⠀⠊⠀⠎⠀⠞⠀⠁⠀⠊⠀⠎⠀⠑⠀⠅⠀⠎⠀⠊&lt;/row&gt;
          &lt;row&gt;⠀&lt;/row&gt;
          &lt;row&gt;⠞⠀⠊⠀⠑⠀⠙⠀⠜⠀⠍⠀⠍⠀⠑⠀⠀⠀⠧⠀⠁⠀⠊⠀⠝⠂&lt;/row&gt;
          &lt;row&gt;⠀&lt;/row&gt;
          &lt;row&gt;⠑⠀⠞⠀⠞⠀⠜⠀⠀⠀⠓⠀⠜⠀⠝⠀⠀⠀⠕⠀⠝&lt;/row&gt;
          &lt;row&gt;⠀&lt;/row&gt;
          &lt;row&gt;⠅⠀⠥⠀⠕⠀⠇⠀⠇⠀⠥⠀⠞⠄&lt;/row&gt;
          &lt;row&gt;⠀&lt;/row&gt;
          &lt;row&gt;⠠⠕⠀⠝⠀⠅⠀⠕⠀⠀⠀⠞⠀⠑⠀⠊⠀⠇⠀⠇⠀⠜&lt;/row&gt;
          &lt;row&gt;⠀&lt;/row&gt;
          &lt;row&gt;⠍⠀⠊⠀⠞⠀⠜⠀⠜⠀⠝⠀⠀⠀⠞⠀⠊⠀⠑⠀⠞⠀⠕⠀⠁⠂&lt;/row&gt;
          &lt;row&gt;⠀&lt;/row&gt;
          &lt;row&gt;⠍⠀⠊⠀⠞⠀⠜⠀⠀⠀⠓⠀⠜⠀⠝⠀⠀⠀⠞⠀⠑⠀⠅⠀⠊&lt;/row&gt;
          &lt;row&gt;⠀&lt;/row&gt;
          &lt;row&gt;⠞⠀⠜⠀⠜⠀⠇⠀⠇⠀⠜&lt;/row&gt;
          &lt;row&gt;⠀&lt;/row&gt;
          &lt;row&gt;⠠⠎⠀⠧⠀⠁⠀⠗⠀⠞⠀⠑⠀⠎⠀⠎⠀⠁⠢&lt;/row&gt;
          &lt;row&gt;⠀&lt;/row&gt;
          &lt;row&gt;⠠⠓⠀⠜⠀⠝⠀⠀⠀⠕⠀⠝⠀⠀⠀⠅⠀⠁⠀⠊&lt;/row&gt;
          &lt;row&gt;⠀&lt;/row&gt;
          &lt;row&gt;⠅⠀⠜⠀⠽⠀⠝⠀⠽⠀⠞&lt;/row&gt;
          &lt;row&gt;⠀&lt;/row&gt;
          &lt;row&gt;⠞⠀⠁⠀⠏⠀⠁⠀⠁⠀⠍⠀⠁⠀⠎⠀⠎⠀⠁&lt;/row&gt;
          &lt;row&gt;⠀&lt;/row&gt;
          &lt;row&gt;⠚⠀⠕⠀⠞⠀⠁⠀⠅⠀⠥⠀⠞⠀⠁⠄&lt;/row&gt;
          &lt;row/&gt;
        &lt;/page&gt;
        &lt;page&gt;
          &lt;row&gt;⠀⠀⠀⠀⠀⠀⠀⠀⠀⠀⠀⠀⠀⠀⠀⠀⠀⠀⠀⠀⠀⠀⠀⠀⠀⠀⠀⠼⠋⠋&lt;/row&gt;
          &lt;row&gt;⠠⠝⠀⠁⠀⠊⠀⠝⠀⠑⠀⠝⠀⠀⠀⠍⠀⠊⠀⠑⠀⠞⠀⠞⠀⠊⠄&lt;/row&gt;
          &lt;row&gt;⠀&lt;/row&gt;
          &lt;row&gt;⠠⠓⠀⠜⠀⠝⠀⠀⠀⠑⠀⠊⠀⠀⠀⠕⠀⠎⠀⠁⠀⠝⠀⠝⠀⠥⠀⠞&lt;/row&gt;
          &lt;row&gt;⠀&lt;/row&gt;
          &lt;row&gt;⠅⠀⠑⠀⠗⠀⠞⠀⠕⠀⠁⠀⠀⠀⠏⠀⠁⠀⠇⠀⠚⠀⠕⠀⠝⠄&lt;/row&gt;
          &lt;row&gt;⠀&lt;/row&gt;
          &lt;row&gt;⠀&lt;/row&gt;
          &lt;row&gt;⠤⠀⠀⠀⠠⠍⠀⠊⠀⠑⠀⠎⠀⠀⠀⠍⠀⠑⠀⠝⠀⠊&lt;/row&gt;
          &lt;row&gt;⠀&lt;/row&gt;
          &lt;row&gt;⠞⠀⠜⠀⠎⠀⠞⠀⠜⠀⠀⠀⠗⠀⠁⠀⠝⠀⠞⠀⠁⠀⠁⠀⠝&lt;/row&gt;
          &lt;row&gt;⠀&lt;/row&gt;
          &lt;row&gt;⠏⠀⠜⠀⠊⠀⠝⠄&lt;/row&gt;
          &lt;row&gt;⠀&lt;/row&gt;
          &lt;row&gt;⠠⠞⠀⠕⠀⠊⠀⠎⠀⠑⠀⠇⠀⠞⠀⠁&lt;/row&gt;
          &lt;row&gt;⠀&lt;/row&gt;
          &lt;row&gt;⠏⠀⠥⠀⠕⠀⠇⠀⠑⠀⠇⠀⠞⠀⠁⠀⠀⠀⠞⠀⠁⠀⠇⠀⠕⠀⠁&lt;/row&gt;
          &lt;row&gt;⠀&lt;/row&gt;
          &lt;row&gt;⠍⠀⠑⠀⠝⠀⠑⠀⠑⠀⠀⠀⠏⠀⠕⠀⠇⠀⠅⠀⠥&lt;/row&gt;
          &lt;row&gt;⠀&lt;/row&gt;
          &lt;row&gt;⠗⠀⠁⠀⠝⠀⠞⠀⠁⠀⠁⠀⠝⠄&lt;/row&gt;
          &lt;row&gt;⠀&lt;/row&gt;
          &lt;row&gt;⠠⠁⠀⠇⠀⠑⠀⠭⠀⠁⠀⠝⠀⠙⠀⠑⠀⠗⠀⠎⠀⠎⠀⠕⠀⠝&lt;/row&gt;
          &lt;row&gt;⠀&lt;/row&gt;
          &lt;row&gt;⠅⠀⠜⠀⠧⠀⠑⠀⠇⠀⠊⠀⠀⠀⠏⠀⠕⠀⠇⠀⠅⠀⠥⠀⠁&lt;/row&gt;
          &lt;row&gt;⠀&lt;/row&gt;
          &lt;row&gt;⠚⠀⠁⠀⠀⠀⠚⠀⠁⠀⠞⠀⠅⠀⠕⠀⠊&lt;/row&gt;
        &lt;/page&gt;
        &lt;page&gt;
          &lt;row&gt;⠀⠀⠀⠀⠀⠀⠀⠀⠀⠀⠀⠀⠀⠀⠀⠀⠀⠀⠀⠀⠀⠀⠀⠀⠀⠀⠀⠼⠋⠛&lt;/row&gt;
          &lt;row&gt;⠑⠀⠞⠀⠑⠀⠑⠀⠝⠀⠏⠀⠜⠀⠊⠀⠝&lt;/row&gt;
          &lt;row&gt;⠀&lt;/row&gt;
          &lt;row&gt;⠗⠀⠁⠀⠝⠀⠞⠀⠁⠀⠁⠀⠀⠀⠏⠀⠊⠀⠞⠀⠅⠀⠊⠀⠝⠄&lt;/row&gt;
          &lt;row&gt;⠀&lt;/row&gt;
          &lt;row&gt;⠠⠓⠀⠜⠀⠝⠀⠀⠀⠞⠀⠥⠀⠇⠀⠊&lt;/row&gt;
          &lt;row&gt;⠀&lt;/row&gt;
          &lt;row&gt;⠞⠀⠁⠀⠅⠀⠁⠀⠊⠀⠎⠀⠊⠀⠝⠀⠀⠀⠧⠀⠁⠀⠎⠀⠞⠀⠁&lt;/row&gt;
          &lt;row&gt;⠀&lt;/row&gt;
          &lt;row&gt;⠊⠀⠇⠀⠞⠀⠁⠀⠏⠀⠜⠀⠊⠀⠧⠀⠜⠀⠇⠀⠇⠀⠜⠂&lt;/row&gt;
          &lt;row&gt;⠀&lt;/row&gt;
          &lt;row&gt;⠝⠀⠁⠀⠊⠀⠝⠀⠑⠀⠝⠀⠀⠀⠅⠀⠑⠀⠗⠀⠞⠀⠕⠀⠊⠄&lt;/row&gt;
          &lt;row&gt;⠀&lt;/row&gt;
          &lt;row&gt;⠀&lt;/row&gt;
          &lt;row&gt;⠤⠀⠀⠀⠠⠕⠀⠇⠀⠊⠀⠅⠀⠕⠀⠀⠀⠓⠀⠜⠀⠝&lt;/row&gt;
          &lt;row&gt;⠀&lt;/row&gt;
          &lt;row&gt;⠽⠀⠅⠀⠎⠀⠊⠀⠝⠢&lt;/row&gt;
          &lt;row&gt;⠀&lt;/row&gt;
          &lt;row&gt;⠠⠺⠀⠁⠀⠇⠀⠇⠀⠁⠀⠝⠀⠙⠀⠑⠀⠗&lt;/row&gt;
          &lt;row&gt;⠀&lt;/row&gt;
          &lt;row&gt;⠅⠀⠽⠀⠎⠀⠽⠀⠊⠄&lt;/row&gt;
          &lt;row&gt;⠀&lt;/row&gt;
          &lt;row&gt;⠀&lt;/row&gt;
          &lt;row&gt;⠤⠀⠀⠀⠠⠅⠀⠽⠀⠇⠀⠇⠀⠜⠂⠀⠀⠀⠍⠀⠥⠀⠞⠀⠞⠀⠁&lt;/row&gt;
          &lt;row&gt;⠀&lt;/row&gt;
          &lt;row&gt;⠓⠀⠜⠀⠝⠀⠀⠀⠕⠀⠝&lt;/row&gt;
          &lt;row/&gt;
        &lt;/page&gt;
        &lt;page&gt;
          &lt;row&gt;⠀⠀⠀⠀⠀⠀⠀⠀⠀⠀⠀⠀⠀⠀⠀⠀⠀⠀⠀⠀⠀⠀⠀⠀⠀⠀⠀⠼⠋⠓&lt;/row&gt;
          &lt;row&gt;⠞⠀⠊⠀⠑⠀⠞⠀⠑⠀⠝⠀⠅⠀⠊⠀⠝&lt;/row&gt;
          &lt;row&gt;⠀&lt;/row&gt;
          &lt;row&gt;⠧⠀⠕⠀⠊⠀⠝⠀⠥⠀⠞⠀⠀⠀⠞⠀⠁⠀⠧⠀⠁⠀⠞⠀⠁&lt;/row&gt;
          &lt;row&gt;⠀&lt;/row&gt;
          &lt;row&gt;⠚⠀⠕⠀⠝⠀⠅⠀⠥⠀⠝&lt;/row&gt;
          &lt;row&gt;⠀&lt;/row&gt;
          &lt;row&gt;⠗⠀⠁⠀⠝⠀⠝⠀⠁⠀⠇⠀⠇⠀⠁⠂&lt;/row&gt;
          &lt;row&gt;⠀&lt;/row&gt;
          &lt;row&gt;⠠⠁⠀⠛⠀⠝⠀⠑⠀⠎⠀⠀⠀⠠⠑⠀⠓⠀⠝&lt;/row&gt;
          &lt;row&gt;⠀&lt;/row&gt;
          &lt;row&gt;⠧⠀⠁⠀⠎⠀⠞⠀⠁⠀⠎⠀⠊⠄&lt;/row&gt;
          &lt;row&gt;⠀&lt;/row&gt;
          &lt;row&gt;⠤⠀⠀⠀⠠⠗⠀⠁⠀⠝⠀⠞⠀⠁⠀⠀⠀⠞⠀⠑⠀⠅⠀⠑⠀⠑&lt;/row&gt;
          &lt;row&gt;⠀&lt;/row&gt;
          &lt;row&gt;⠍⠀⠥⠀⠞⠀⠅⠀⠁⠀⠝⠂⠀⠀⠚⠀⠕⠀⠞⠀⠑⠀⠝&lt;/row&gt;
          &lt;row&gt;⠀&lt;/row&gt;
          &lt;row&gt;⠝⠀⠜⠀⠑⠀⠝⠀⠀⠀⠎⠀⠊⠀⠊⠀⠞⠀⠜&lt;/row&gt;
          &lt;row&gt;⠀&lt;/row&gt;
          &lt;row&gt;⠧⠀⠁⠀⠊⠀⠝⠀⠀⠀⠏⠀⠊⠀⠑⠀⠝⠀⠑⠀⠝&lt;/row&gt;
          &lt;row&gt;⠀&lt;/row&gt;
          &lt;row&gt;⠕⠀⠎⠀⠁⠀⠝⠄&lt;/row&gt;
          &lt;row&gt;⠀&lt;/row&gt;
          &lt;row&gt;⠀&lt;/row&gt;
          &lt;row&gt;⠠⠺⠀⠁⠀⠇⠀⠇⠀⠁⠀⠝⠀⠙⠀⠑⠀⠗&lt;/row&gt;
          &lt;row&gt;⠀&lt;/row&gt;
          &lt;row&gt;⠚⠀⠁⠀⠞⠀⠅⠀⠕⠀⠊&lt;/row&gt;
        &lt;/page&gt;
        &lt;page&gt;
          &lt;row&gt;⠀⠀⠀⠀⠀⠀⠀⠀⠀⠀⠀⠀⠀⠀⠀⠀⠀⠀⠀⠀⠀⠀⠀⠀⠀⠀⠀⠼⠋⠊&lt;/row&gt;
          &lt;row&gt;⠅⠀⠽⠀⠎⠀⠑⠀⠇⠀⠑⠀⠍⠀⠊⠀⠎⠀⠞⠀⠜⠂&lt;/row&gt;
          &lt;row&gt;⠀&lt;/row&gt;
          &lt;row&gt;⠚⠀⠁⠀⠀⠀⠠⠁⠀⠛⠀⠝⠀⠑⠀⠎⠀⠀⠀⠠⠑⠀⠓⠀⠝&lt;/row&gt;
          &lt;row&gt;⠀&lt;/row&gt;
          &lt;row&gt;⠧⠀⠁⠀⠎⠀⠞⠀⠁⠀⠎⠀⠊⠀⠀⠀⠎⠀⠑⠀⠝&lt;/row&gt;
          &lt;row&gt;⠀&lt;/row&gt;
          &lt;row&gt;⠧⠀⠑⠀⠗⠀⠗⠀⠁⠀⠝⠀⠀⠀⠅⠀⠥⠀⠊⠀⠝&lt;/row&gt;
          &lt;row&gt;⠀&lt;/row&gt;
          &lt;row&gt;⠏⠀⠽⠀⠎⠀⠞⠀⠽⠀⠊⠄&lt;/row&gt;
          &lt;row&gt;⠀&lt;/row&gt;
          &lt;row&gt;⠀&lt;/row&gt;
          &lt;row&gt;⠠⠁⠀⠇⠀⠑⠀⠭⠀⠁⠀⠝⠀⠙⠀⠑⠀⠗⠀⠎⠀⠎⠀⠕⠀⠝&lt;/row&gt;
          &lt;row&gt;⠀&lt;/row&gt;
          &lt;row&gt;⠑⠀⠊⠀⠀⠀⠕⠀⠇⠀⠇⠀⠥⠀⠞&lt;/row&gt;
          &lt;row&gt;⠀&lt;/row&gt;
          &lt;row&gt;⠝⠀⠜⠀⠽⠀⠞⠀⠞⠀⠜⠀⠝⠀⠽⠀⠞&lt;/row&gt;
          &lt;row&gt;⠀&lt;/row&gt;
          &lt;row&gt;⠇⠀⠑⠀⠧⠀⠕⠀⠞⠀⠞⠀⠕⠀⠍⠀⠁⠀⠇⠀⠞⠀⠁&lt;/row&gt;
          &lt;row&gt;⠀&lt;/row&gt;
          &lt;row&gt;⠞⠀⠁⠀⠊&lt;/row&gt;
          &lt;row&gt;⠀&lt;/row&gt;
          &lt;row&gt;⠅⠀⠜⠀⠽⠀⠞⠀⠞⠀⠜⠀⠽⠀⠞⠀⠽⠀⠝⠀⠽⠀⠞&lt;/row&gt;
          &lt;row&gt;⠀&lt;/row&gt;
          &lt;row&gt;⠍⠀⠊⠀⠇⠀⠇⠀⠜⠀⠜⠀⠝&lt;/row&gt;
          &lt;row&gt;⠀&lt;/row&gt;
          &lt;row&gt;⠞⠀⠁⠀⠧⠀⠁⠀⠇⠀⠇⠀⠁&lt;/row&gt;
        &lt;/page&gt;
        &lt;page&gt;
          &lt;row&gt;⠀⠀⠀⠀⠀⠀⠀⠀⠀⠀⠀⠀⠀⠀⠀⠀⠀⠀⠀⠀⠀⠀⠀⠀⠀⠀⠀⠼⠛⠚&lt;/row&gt;
          &lt;row&gt;⠕⠀⠥⠀⠙⠀⠕⠀⠎⠀⠞⠀⠊⠄&lt;/row&gt;
          &lt;row&gt;⠀&lt;/row&gt;
          &lt;row&gt;⠠⠓⠀⠜⠀⠝⠀⠀⠀⠕⠀⠇⠀⠊⠀⠀⠀⠕⠀⠇⠀⠇⠀⠥⠀⠞&lt;/row&gt;
          &lt;row&gt;⠀&lt;/row&gt;
          &lt;row&gt;⠅⠀⠊⠀⠇⠀⠞⠀⠞⠀⠊⠂&lt;/row&gt;
          &lt;row&gt;⠀&lt;/row&gt;
          &lt;row&gt;⠅⠀⠕⠀⠓⠀⠞⠀⠑⠀⠇⠀⠊⠀⠁⠀⠎⠀⠀⠀⠚⠀⠁&lt;/row&gt;
          &lt;row&gt;⠀&lt;/row&gt;
          &lt;row&gt;⠽⠀⠎⠀⠞⠀⠜⠀⠧⠀⠜⠀⠇⠀⠇⠀⠊⠀⠝⠀⠑⠀⠝⠄&lt;/row&gt;
          &lt;row&gt;⠀&lt;/row&gt;
          &lt;row&gt;⠀&lt;/row&gt;
          &lt;row&gt;⠤⠀⠀⠀⠠⠓⠀⠜⠀⠝⠀⠀⠀⠓⠀⠁⠀⠇⠀⠥⠀⠎⠀⠊&lt;/row&gt;
          &lt;row&gt;⠀&lt;/row&gt;
          &lt;row&gt;⠑⠀⠓⠀⠙⠀⠕⠀⠞⠀⠞⠀⠕⠀⠍⠀⠁⠀⠎⠀⠞⠀⠊&lt;/row&gt;
          &lt;row&gt;⠀&lt;/row&gt;
          &lt;row&gt;⠍⠀⠁⠀⠅⠀⠎⠀⠁⠀⠁&lt;/row&gt;
          &lt;row&gt;⠀&lt;/row&gt;
          &lt;row&gt;⠏⠀⠥⠀⠓⠀⠑⠀⠇⠀⠥⠀⠝⠀⠎⠀⠁⠂&lt;/row&gt;
          &lt;row&gt;⠀&lt;/row&gt;
          &lt;row&gt;⠠⠁⠀⠛⠀⠝⠀⠑⠀⠎⠀⠀⠀⠠⠑⠀⠓⠀⠝&lt;/row&gt;
          &lt;row&gt;⠀&lt;/row&gt;
          &lt;row&gt;⠅⠀⠑⠀⠗⠀⠞⠀⠕⠀⠊⠄&lt;/row&gt;
          &lt;row&gt;⠀&lt;/row&gt;
          &lt;row&gt;⠤⠀⠀⠀⠠⠎⠀⠥⠀⠗⠀⠥⠀⠇⠀⠇⠀⠊⠀⠎⠀⠞⠀⠁⠂&lt;/row&gt;
          &lt;row&gt;⠀&lt;/row&gt;
          &lt;row&gt;⠑⠀⠞⠀⠞⠀⠜⠀⠀⠀⠓⠀⠜⠀⠝⠀⠀⠀⠕⠀⠝&lt;/row&gt;
        &lt;/page&gt;
        &lt;page&gt;
          &lt;row&gt;⠀⠀⠀⠀⠀⠀⠀⠀⠀⠀⠀⠀⠀⠀⠀⠀⠀⠀⠀⠀⠀⠀⠀⠀⠀⠀⠀⠼⠛⠁&lt;/row&gt;
          &lt;row&gt;⠅⠀⠥⠀⠕⠀⠇⠀⠇⠀⠥⠀⠞⠄&lt;/row&gt;
          &lt;row&gt;⠀&lt;/row&gt;
          &lt;row&gt;⠠⠓⠀⠜⠀⠝⠀⠀⠀⠕⠀⠇⠀⠊⠀⠀⠀⠕⠀⠊⠀⠅⠀⠑⠀⠊⠀⠝&lt;/row&gt;
          &lt;row&gt;⠀&lt;/row&gt;
          &lt;row&gt;⠍⠀⠥⠀⠅⠀⠁⠀⠧⠀⠁⠀⠀⠀⠍⠀⠊⠀⠑⠀⠎⠄&lt;/row&gt;
          &lt;row&gt;⠀&lt;/row&gt;
          &lt;row&gt;⠀&lt;/row&gt;
          &lt;row&gt;⠠⠺⠀⠁⠀⠇⠀⠇⠀⠁⠀⠝⠀⠙⠀⠑⠀⠗&lt;/row&gt;
          &lt;row&gt;⠀&lt;/row&gt;
          &lt;row&gt;⠝⠀⠽⠀⠪⠀⠅⠀⠅⠀⠜⠀⠎⠀⠊⠄&lt;/row&gt;
          &lt;row&gt;⠀&lt;/row&gt;
          &lt;row&gt;⠠⠓⠀⠜⠀⠝⠀⠀⠀⠁⠀⠝⠀⠞⠀⠕⠀⠊&lt;/row&gt;
          &lt;row&gt;⠀&lt;/row&gt;
          &lt;row&gt;⠏⠀⠥⠀⠓⠀⠑⠀⠇⠀⠊⠀⠝⠀⠤&lt;/row&gt;
          &lt;row&gt;⠀&lt;/row&gt;
          &lt;row&gt;⠝⠀⠥⠀⠍⠀⠑⠀⠗⠀⠕⠀⠝⠀⠎⠀⠁&lt;/row&gt;
          &lt;row&gt;⠀&lt;/row&gt;
          &lt;row&gt;⠠⠁⠀⠛⠀⠝⠀⠑⠀⠎⠀⠀⠀⠠⠑⠀⠓⠀⠝⠀⠊⠀⠇⠀⠇⠀⠑&lt;/row&gt;
          &lt;row&gt;⠀&lt;/row&gt;
          &lt;row&gt;⠚⠀⠁⠀⠀⠀⠏⠀⠽⠀⠽⠀⠎⠀⠊&lt;/row&gt;
          &lt;row&gt;⠀&lt;/row&gt;
          &lt;row&gt;⠎⠀⠕⠀⠊⠀⠞⠀⠞⠀⠁⠀⠍⠀⠁⠀⠁⠀⠝⠂&lt;/row&gt;
          &lt;row&gt;⠀&lt;/row&gt;
          &lt;row&gt;⠚⠀⠕⠀⠎⠀⠀⠀⠞⠀⠜⠀⠍⠀⠜&lt;/row&gt;
          &lt;row&gt;⠀&lt;/row&gt;
          &lt;row&gt;⠍⠀⠥⠀⠊⠀⠎⠀⠞⠀⠁⠀⠊⠀⠎⠀⠊&lt;/row&gt;
        &lt;/page&gt;
        &lt;page&gt;
          &lt;row&gt;⠀⠀⠀⠀⠀⠀⠀⠀⠀⠀⠀⠀⠀⠀⠀⠀⠀⠀⠀⠀⠀⠀⠀⠀⠀⠀⠀⠼⠛⠃&lt;/row&gt;
          &lt;row&gt;⠧⠀⠊⠀⠑⠀⠇⠀⠜⠀⠀⠀⠚⠀⠕⠀⠞⠀⠁⠀⠊⠀⠝⠄&lt;/row&gt;
          &lt;row&gt;⠀&lt;/row&gt;
          &lt;row&gt;⠠⠎⠀⠊⠀⠞⠀⠞⠀⠑⠀⠝⠀⠀⠀⠓⠀⠜⠀⠝&lt;/row&gt;
          &lt;row&gt;⠀&lt;/row&gt;
          &lt;row&gt;⠕⠀⠚⠀⠑⠀⠝⠀⠎⠀⠊⠀⠀⠀⠅⠀⠜⠀⠞⠀⠑⠀⠝⠀⠎⠀⠜&lt;/row&gt;
          &lt;row&gt;⠀&lt;/row&gt;
          &lt;row&gt;⠚⠀⠁⠀⠀⠀⠅⠀⠊⠀⠊⠀⠞⠀⠞⠀⠊&lt;/row&gt;
          &lt;row&gt;⠀&lt;/row&gt;
          &lt;row&gt;⠁⠀⠧⠀⠥⠀⠎⠀⠞⠀⠁⠄&lt;/row&gt;
          &lt;row&gt;⠀&lt;/row&gt;
          &lt;row&gt;⠀&lt;/row&gt;
          &lt;row&gt;⠠⠓⠀⠜⠀⠝⠀⠀⠀⠅⠀⠊⠀⠑⠀⠗⠀⠎⠀⠊&lt;/row&gt;
          &lt;row&gt;⠀&lt;/row&gt;
          &lt;row&gt;⠞⠀⠁⠀⠇⠀⠕⠀⠝⠀⠀⠀⠚⠀⠁&lt;/row&gt;
          &lt;row&gt;⠀&lt;/row&gt;
          &lt;row&gt;⠅⠀⠜⠀⠧⠀⠑⠀⠇⠀⠊⠀⠀⠀⠏⠀⠕⠀⠇⠀⠅⠀⠥⠀⠁&lt;/row&gt;
          &lt;row&gt;⠀&lt;/row&gt;
          &lt;row&gt;⠏⠀⠊⠀⠞⠀⠅⠀⠊⠀⠝⠀⠀⠀⠗⠀⠁⠀⠝⠀⠞⠀⠁⠀⠁⠀⠝⠄&lt;/row&gt;
          &lt;row&gt;⠀&lt;/row&gt;
          &lt;row&gt;⠠⠓⠀⠜⠀⠝⠀⠀⠀⠁⠀⠎⠀⠞⠀⠑⠀⠇⠀⠊&lt;/row&gt;
          &lt;row&gt;⠀&lt;/row&gt;
          &lt;row&gt;⠧⠀⠑⠀⠎⠀⠊⠀⠗⠀⠁⠀⠚⠀⠁⠀⠁⠀⠝&lt;/row&gt;
          &lt;row&gt;⠀&lt;/row&gt;
          &lt;row&gt;⠁⠀⠎⠀⠞⠀⠊⠄&lt;/row&gt;
          &lt;row&gt;⠀&lt;/row&gt;
          &lt;row/&gt;
        &lt;/page&gt;
        &lt;page&gt;
          &lt;row&gt;⠀⠀⠀⠀⠀⠀⠀⠀⠀⠀⠀⠀⠀⠀⠀⠀⠀⠀⠀⠀⠀⠀⠀⠀⠀⠀⠀⠼⠛⠉&lt;/row&gt;
          &lt;row&gt;⠠⠗⠀⠁⠀⠝⠀⠞⠀⠁⠀⠀⠀⠕⠀⠇⠀⠊&lt;/row&gt;
          &lt;row&gt;⠀&lt;/row&gt;
          &lt;row&gt;⠁⠀⠥⠀⠞⠀⠊⠀⠕⠄&lt;/row&gt;
          &lt;row&gt;⠀&lt;/row&gt;
          &lt;row&gt;⠠⠅⠀⠑⠀⠞⠀⠜⠀⠜⠀⠝⠀⠀⠀⠍⠀⠥⠀⠊⠀⠞⠀⠁&lt;/row&gt;
          &lt;row&gt;⠀&lt;/row&gt;
          &lt;row&gt;⠑⠀⠊⠀⠀⠀⠝⠀⠜⠀⠅⠀⠽⠀⠝⠀⠽⠀⠞⠂&lt;/row&gt;
          &lt;row&gt;⠀&lt;/row&gt;
          &lt;row&gt;⠍⠀⠥⠀⠞⠀⠞⠀⠁⠀⠀⠀⠅⠀⠥⠀⠝&lt;/row&gt;
          &lt;row&gt;⠀&lt;/row&gt;
          &lt;row&gt;⠠⠺⠀⠁⠀⠇⠀⠇⠀⠁⠀⠝⠀⠙⠀⠑⠀⠗&lt;/row&gt;
          &lt;row&gt;⠀&lt;/row&gt;
          &lt;row&gt;⠅⠀⠜⠀⠜⠀⠝⠀⠞⠀⠽⠀⠊⠂⠀⠀⠀⠓⠀⠜⠀⠝&lt;/row&gt;
          &lt;row&gt;⠀&lt;/row&gt;
          &lt;row&gt;⠝⠀⠜⠀⠅⠀⠊⠂⠀⠀⠀⠑⠀⠞⠀⠞⠀⠜&lt;/row&gt;
          &lt;row&gt;⠀&lt;/row&gt;
          &lt;row&gt;⠠⠁⠀⠛⠀⠝⠀⠑⠀⠎⠀⠀⠀⠠⠑⠀⠓⠀⠝&lt;/row&gt;
          &lt;row&gt;⠀&lt;/row&gt;
          &lt;row&gt;⠅⠀⠁⠀⠞⠀⠎⠀⠑⠀⠇⠀⠊⠀⠀⠀⠓⠀⠜⠀⠝⠀⠞⠀⠜⠄&lt;/row&gt;
          &lt;row&gt;⠀&lt;/row&gt;
          &lt;row&gt;⠀&lt;/row&gt;
          &lt;row&gt;⠠⠁⠀⠇⠀⠑⠀⠭⠀⠁⠀⠝⠀⠙⠀⠑⠀⠗⠀⠎⠀⠤&lt;/row&gt;
          &lt;row&gt;⠀&lt;/row&gt;
          &lt;row&gt;⠎⠀⠕⠀⠝⠀⠊⠀⠝⠀⠀⠀⠕⠀⠝&lt;/row&gt;
          &lt;row&gt;⠀&lt;/row&gt;
          &lt;row&gt;⠞⠀⠜⠀⠽⠀⠞⠀⠽⠀⠝⠀⠽⠀⠞&lt;/row&gt;
        &lt;/page&gt;
        &lt;page&gt;
          &lt;row&gt;⠀⠀⠀⠀⠀⠀⠀⠀⠀⠀⠀⠀⠀⠀⠀⠀⠀⠀⠀⠀⠀⠀⠀⠀⠀⠀⠀⠼⠛⠙&lt;/row&gt;
          &lt;row&gt;⠞⠀⠁⠀⠧⠀⠁⠀⠞⠀⠁⠀⠀⠀⠚⠀⠕⠀⠅⠀⠥&lt;/row&gt;
          &lt;row&gt;⠀&lt;/row&gt;
          &lt;row&gt;⠞⠀⠜⠀⠜⠀⠇⠀⠇⠀⠜&lt;/row&gt;
          &lt;row&gt;⠀&lt;/row&gt;
          &lt;row&gt;⠗⠀⠁⠀⠝⠀⠝⠀⠁⠀⠇⠀⠇⠀⠁⠀⠀⠀⠞⠀⠁⠀⠊&lt;/row&gt;
          &lt;row&gt;⠀&lt;/row&gt;
          &lt;row&gt;⠚⠀⠕⠀⠎⠀⠎⠀⠁⠀⠅⠀⠊⠀⠝&lt;/row&gt;
          &lt;row&gt;⠀&lt;/row&gt;
          &lt;row&gt;⠍⠀⠥⠀⠥⠀⠁⠀⠇⠀⠇⠀⠁&lt;/row&gt;
          &lt;row&gt;⠀&lt;/row&gt;
          &lt;row&gt;⠠⠎⠀⠧⠀⠁⠀⠗⠀⠞⠀⠑⠀⠎⠀⠎⠀⠁⠂&lt;/row&gt;
          &lt;row&gt;⠀&lt;/row&gt;
          &lt;row&gt;⠠⠺⠀⠁⠀⠇⠀⠇⠀⠁⠀⠝⠀⠙⠀⠑⠀⠗&lt;/row&gt;
          &lt;row&gt;⠀&lt;/row&gt;
          &lt;row&gt;⠁⠀⠚⠀⠁⠀⠞⠀⠞⠀⠑⠀⠇⠀⠊⠄&lt;/row&gt;
          &lt;row&gt;⠀&lt;/row&gt;
          &lt;row&gt;⠀&lt;/row&gt;
          &lt;row&gt;⠠⠅⠀⠽⠀⠎⠀⠽⠀⠍⠀⠽⠀⠎&lt;/row&gt;
          &lt;row&gt;⠀&lt;/row&gt;
          &lt;row&gt;⠅⠀⠥⠀⠥⠀⠇⠀⠥⠀⠊⠂⠀⠀⠀⠅⠀⠥⠀⠅⠀⠁⠀⠀⠀⠎⠀⠑&lt;/row&gt;
          &lt;row&gt;⠀&lt;/row&gt;
          &lt;row&gt;⠕⠀⠝⠀⠀⠀⠕⠀⠇⠀⠇⠀⠥⠀⠞⠄&lt;/row&gt;
          &lt;row&gt;⠀&lt;/row&gt;
          &lt;row&gt;⠠⠺⠀⠁⠀⠇⠀⠇⠀⠁⠀⠝⠀⠙⠀⠑⠀⠗&lt;/row&gt;
          &lt;row&gt;⠀&lt;/row&gt;
          &lt;row&gt;⠅⠀⠜⠀⠧⠀⠑⠀⠇⠀⠊⠀⠀⠀⠗⠀⠁⠀⠝⠀⠞⠀⠁⠀⠁&lt;/row&gt;
        &lt;/page&gt;
        &lt;page&gt;
          &lt;row&gt;⠀⠀⠀⠀⠀⠀⠀⠀⠀⠀⠀⠀⠀⠀⠀⠀⠀⠀⠀⠀⠀⠀⠀⠀⠀⠀⠀⠼⠛⠑&lt;/row&gt;
          &lt;row&gt;⠏⠀⠊⠀⠞⠀⠅⠀⠊⠀⠝⠀⠀⠀⠧⠀⠜⠀⠓⠀⠜⠀⠝&lt;/row&gt;
          &lt;row&gt;⠀&lt;/row&gt;
          &lt;row&gt;⠍⠀⠁⠀⠞⠀⠅⠀⠁⠀⠁⠄&lt;/row&gt;
          &lt;row&gt;⠀&lt;/row&gt;
          &lt;row&gt;⠠⠎⠀⠊⠀⠞⠀⠞⠀⠑⠀⠝⠀⠀⠀⠓⠀⠜⠀⠝&lt;/row&gt;
          &lt;row&gt;⠀&lt;/row&gt;
          &lt;row&gt;⠅⠀⠜⠀⠜⠀⠝⠀⠞⠀⠽⠀⠊&lt;/row&gt;
          &lt;row&gt;⠀&lt;/row&gt;
          &lt;row&gt;⠞⠀⠁⠀⠅⠀⠁⠀⠊⠀⠎⠀⠊⠀⠝&lt;/row&gt;
          &lt;row&gt;⠀&lt;/row&gt;
          &lt;row&gt;⠁⠀⠥⠀⠞⠀⠕⠀⠇⠀⠇⠀⠑⠀⠑⠀⠝&lt;/row&gt;
          &lt;row&gt;⠀&lt;/row&gt;
          &lt;row&gt;⠚⠀⠁⠀⠀⠀⠁⠀⠚⠀⠕⠀⠊&lt;/row&gt;
          &lt;row&gt;⠀&lt;/row&gt;
          &lt;row&gt;⠏⠀⠕⠀⠇⠀⠊⠀⠊⠀⠎⠀⠊⠀⠞⠀⠁⠀⠇⠀⠕⠀⠇⠀⠇⠀⠑⠄&lt;/row&gt;
          &lt;row&gt;⠀&lt;/row&gt;
          &lt;row&gt;⠠⠓⠀⠜⠀⠝⠀⠀⠀⠍⠀⠑⠀⠝⠀⠊⠀⠀⠀⠞⠀⠽⠀⠪⠀⠤&lt;/row&gt;
          &lt;row&gt;⠀&lt;/row&gt;
          &lt;row&gt;⠓⠀⠥⠀⠕⠀⠝⠀⠑⠀⠑⠀⠎⠀⠑⠀⠑⠀⠝⠀⠎⠀⠁&lt;/row&gt;
          &lt;row&gt;⠀&lt;/row&gt;
          &lt;row&gt;⠚⠀⠁⠀⠀⠀⠎⠀⠥⠀⠇⠀⠅⠀⠊⠀⠀⠀⠕⠀⠧⠀⠑⠀⠝⠄&lt;/row&gt;
          &lt;row&gt;⠀&lt;/row&gt;
          &lt;row&gt;⠀&lt;/row&gt;
          &lt;row&gt;⠠⠽⠀⠓⠀⠙⠀⠑⠀⠝⠀⠀⠀⠁⠀⠊⠀⠅⠀⠁⠀⠁⠀⠝&lt;/row&gt;
          &lt;row&gt;⠀&lt;/row&gt;
          &lt;row&gt;⠓⠀⠜⠀⠝⠀⠑⠀⠇⠀⠇⠀⠜⠀⠀⠀⠁⠀⠇⠀⠅⠀⠕⠀⠊&lt;/row&gt;
        &lt;/page&gt;
        &lt;page&gt;
          &lt;row&gt;⠀⠀⠀⠀⠀⠀⠀⠀⠀⠀⠀⠀⠀⠀⠀⠀⠀⠀⠀⠀⠀⠀⠀⠀⠀⠀⠀⠼⠛⠋&lt;/row&gt;
          &lt;row&gt;⠕⠀⠇⠀⠇⠀⠁⠀⠀⠀⠝⠀⠜⠀⠇⠀⠅⠀⠜⠄&lt;/row&gt;
          &lt;row&gt;⠀&lt;/row&gt;
          &lt;row&gt;⠠⠚⠀⠥⠀⠥⠀⠗⠀⠊⠀⠀⠀⠅⠀⠥⠀⠝⠀⠀⠀⠓⠀⠜⠀⠝&lt;/row&gt;
          &lt;row&gt;⠀&lt;/row&gt;
          &lt;row&gt;⠕⠀⠇⠀⠊⠀⠀⠀⠇⠀⠜⠀⠓⠀⠙⠀⠪⠀⠎⠀⠎⠀⠜&lt;/row&gt;
          &lt;row&gt;⠀&lt;/row&gt;
          &lt;row&gt;⠇⠀⠕⠀⠥⠀⠝⠀⠁⠀⠁⠀⠇⠀⠇⠀⠑⠂&lt;/row&gt;
          &lt;row&gt;⠀&lt;/row&gt;
          &lt;row&gt;⠕⠀⠧⠀⠑⠀⠑⠀⠝&lt;/row&gt;
          &lt;row&gt;⠀&lt;/row&gt;
          &lt;row&gt;⠅⠀⠕⠀⠏⠀⠥⠀⠞⠀⠑⠀⠞⠀⠞⠀⠊⠀⠊⠀⠝⠄&lt;/row&gt;
          &lt;row&gt;⠀&lt;/row&gt;
          &lt;row&gt;⠠⠓⠀⠁⠀⠝⠀⠎⠀⠎⠀⠕⠀⠝⠀⠀⠀⠁⠀⠎⠀⠞⠀⠥⠀⠊&lt;/row&gt;
          &lt;row&gt;⠀&lt;/row&gt;
          &lt;row&gt;⠎⠀⠊⠀⠎⠀⠜⠀⠜⠀⠝⠄&lt;/row&gt;
          &lt;row&gt;⠀&lt;/row&gt;
          &lt;row&gt;⠠⠓⠀⠜⠀⠝⠀⠀⠀⠝⠀⠜⠀⠽⠀⠞⠀⠞⠀⠊&lt;/row&gt;
          &lt;row&gt;⠀&lt;/row&gt;
          &lt;row&gt;⠎⠀⠊⠀⠇⠀⠞⠀⠜⠀⠀⠀⠅⠀⠥⠀⠊⠀⠝&lt;/row&gt;
          &lt;row&gt;⠀&lt;/row&gt;
          &lt;row&gt;⠓⠀⠜⠀⠝⠀⠑⠀⠇⠀⠇⠀⠜⠀⠀⠀⠕⠀⠇⠀⠊⠀⠎⠀⠊&lt;/row&gt;
          &lt;row&gt;⠀&lt;/row&gt;
          &lt;row&gt;⠚⠀⠕⠀⠞⠀⠁⠀⠊⠀⠝⠀⠀⠀⠞⠀⠜⠀⠗⠀⠅⠀⠑⠀⠜⠀⠜&lt;/row&gt;
          &lt;row&gt;⠀&lt;/row&gt;
          &lt;row&gt;⠅⠀⠑⠀⠗⠀⠗⠀⠕⠀⠞⠀⠞⠀⠁⠀⠧⠀⠁⠀⠁⠄&lt;/row&gt;
          &lt;row/&gt;
        &lt;/page&gt;
        &lt;page&gt;
          &lt;row&gt;⠀⠀⠀⠀⠀⠀⠀⠀⠀⠀⠀⠀⠀⠀⠀⠀⠀⠀⠀⠀⠀⠀⠀⠀⠀⠀⠀⠼⠛⠛&lt;/row&gt;
          &lt;row&gt;⠤⠀⠀⠀⠠⠅⠀⠥⠀⠞⠀⠑⠀⠝&lt;/row&gt;
          &lt;row&gt;⠀&lt;/row&gt;
          &lt;row&gt;⠍⠀⠥⠀⠊⠀⠎⠀⠞⠀⠁⠀⠞⠂&lt;/row&gt;
          &lt;row&gt;⠀&lt;/row&gt;
          &lt;row&gt;⠠⠁⠀⠇⠀⠑⠀⠭⠀⠁⠀⠝⠀⠙⠀⠑⠀⠗⠀⠎⠀⠤&lt;/row&gt;
          &lt;row&gt;⠀&lt;/row&gt;
          &lt;row&gt;⠎⠀⠕⠀⠝⠀⠊⠀⠝⠀⠀⠀⠏⠀⠕⠀⠊⠀⠅⠀⠁&lt;/row&gt;
          &lt;row&gt;⠀&lt;/row&gt;
          &lt;row&gt;⠅⠀⠥⠀⠕⠀⠇⠀⠊&lt;/row&gt;
          &lt;row&gt;⠀&lt;/row&gt;
          &lt;row&gt;⠎⠀⠑⠀⠊⠀⠞⠀⠎⠀⠑⠀⠍⠀⠜⠀⠝&lt;/row&gt;
          &lt;row&gt;⠀&lt;/row&gt;
          &lt;row&gt;⠧⠀⠥⠀⠕⠀⠞⠀⠞⠀⠁⠀⠀⠀⠎⠀⠊⠀⠞⠀⠞⠀⠑⠀⠝⠂&lt;/row&gt;
          &lt;row&gt;⠀&lt;/row&gt;
          &lt;row&gt;⠠⠓⠀⠁⠀⠝⠀⠎⠀⠎⠀⠕⠀⠝&lt;/row&gt;
          &lt;row&gt;⠀&lt;/row&gt;
          &lt;row&gt;⠁⠀⠇⠀⠕⠀⠊⠀⠞⠀⠞⠀⠊⠄&lt;/row&gt;
          &lt;row&gt;⠀&lt;/row&gt;
          &lt;row&gt;⠤⠀⠀⠀⠠⠓⠀⠜⠀⠝⠀⠑⠀⠞&lt;/row&gt;
          &lt;row&gt;⠀&lt;/row&gt;
          &lt;row&gt;⠎⠀⠥⠀⠗⠀⠍⠀⠁⠀⠞⠀⠞⠀⠊⠀⠊⠀⠝⠄&lt;/row&gt;
          &lt;row&gt;⠀&lt;/row&gt;
          &lt;row&gt;⠠⠅⠀⠑⠀⠞⠀⠜⠀⠜⠀⠝⠀⠀⠀⠑⠀⠊&lt;/row&gt;
          &lt;row&gt;⠀&lt;/row&gt;
          &lt;row&gt;⠅⠀⠥⠀⠊⠀⠞⠀⠑⠀⠝⠀⠅⠀⠁⠀⠁⠀⠝&lt;/row&gt;
          &lt;row/&gt;
        &lt;/page&gt;
        &lt;page&gt;
          &lt;row&gt;⠀⠀⠀⠀⠀⠀⠀⠀⠀⠀⠀⠀⠀⠀⠀⠀⠀⠀⠀⠀⠀⠀⠀⠀⠀⠀⠀⠼⠛⠓&lt;/row&gt;
          &lt;row&gt;⠎⠀⠁⠀⠁⠀⠞⠀⠥⠀⠀⠀⠅⠀⠊⠀⠊⠀⠝⠀⠝⠀⠊&lt;/row&gt;
          &lt;row&gt;⠀&lt;/row&gt;
          &lt;row&gt;⠞⠀⠁⠀⠊⠀⠀⠀⠞⠀⠥⠀⠕⠀⠍⠀⠊⠀⠞⠀⠞⠀⠥&lt;/row&gt;
          &lt;row&gt;⠀&lt;/row&gt;
          &lt;row&gt;⠞⠀⠑⠀⠕⠀⠎⠀⠞⠀⠁⠄&lt;/row&gt;
          &lt;row&gt;⠀&lt;/row&gt;
          &lt;row&gt;⠀&lt;/row&gt;
          &lt;row&gt;⠠⠺⠀⠁⠀⠇⠀⠇⠀⠁⠀⠝⠀⠙⠀⠑⠀⠗&lt;/row&gt;
          &lt;row&gt;⠀&lt;/row&gt;
          &lt;row&gt;⠞⠀⠥⠀⠊⠀⠚⠀⠕⠀⠞⠀⠞⠀⠊&lt;/row&gt;
          &lt;row&gt;⠀&lt;/row&gt;
          &lt;row&gt;⠠⠓⠀⠁⠀⠝⠀⠎⠀⠎⠀⠕⠀⠝⠀⠊⠀⠁&lt;/row&gt;
          &lt;row&gt;⠀&lt;/row&gt;
          &lt;row&gt;⠏⠀⠊⠀⠞⠀⠅⠀⠜⠀⠜⠀⠝⠄&lt;/row&gt;
          &lt;row&gt;⠀&lt;/row&gt;
          &lt;row&gt;⠀&lt;/row&gt;
          &lt;row&gt;⠤⠀⠀⠀⠠⠓⠀⠽⠀⠧⠀⠜⠂⠀⠀⠀⠓⠀⠜⠀⠝&lt;/row&gt;
          &lt;row&gt;⠀&lt;/row&gt;
          &lt;row&gt;⠎⠀⠁⠀⠝⠀⠕⠀⠊⠀⠀⠀⠎⠀⠊⠀⠞⠀⠞⠀⠑⠀⠝⠄&lt;/row&gt;
          &lt;row&gt;⠀&lt;/row&gt;
          &lt;row&gt;⠤⠀⠀⠀⠠⠝⠀⠽⠀⠞⠀⠀⠀⠍⠀⠑⠀⠊⠀⠇⠀⠇⠀⠜&lt;/row&gt;
          &lt;row&gt;⠀&lt;/row&gt;
          &lt;row&gt;⠕⠀⠝⠀⠀⠀⠚⠀⠕⠀⠞⠀⠁⠀⠊⠀⠝⠂&lt;/row&gt;
          &lt;row&gt;⠀&lt;/row&gt;
          &lt;row&gt;⠍⠀⠊⠀⠎⠀⠞⠀⠜⠀⠀⠀⠧⠀⠕⠀⠊⠀⠍⠀⠍⠀⠑&lt;/row&gt;
          &lt;row/&gt;
        &lt;/page&gt;
        &lt;page&gt;
          &lt;row&gt;⠀⠀⠀⠀⠀⠀⠀⠀⠀⠀⠀⠀⠀⠀⠀⠀⠀⠀⠀⠀⠀⠀⠀⠀⠀⠀⠀⠼⠛⠊&lt;/row&gt;
          &lt;row&gt;⠚⠀⠁⠀⠞⠀⠅⠀⠁⠀⠁⠄⠀⠀⠠⠞⠀⠕⠀⠎⠀⠊⠀⠝&lt;/row&gt;
          &lt;row&gt;⠀&lt;/row&gt;
          &lt;row&gt;⠑⠀⠝⠀⠀⠀⠕⠀⠊⠀⠅⠀⠑⠀⠊⠀⠝&lt;/row&gt;
          &lt;row&gt;⠀&lt;/row&gt;
          &lt;row&gt;⠞⠀⠊⠀⠑⠀⠙⠀⠜⠂⠀⠀⠀⠍⠀⠊⠀⠞⠀⠜⠄&lt;/row&gt;
          &lt;row&gt;⠀&lt;/row&gt;
          &lt;row&gt;⠀&lt;/row&gt;
          &lt;row&gt;⠠⠝⠀⠜⠀⠇⠀⠅⠀⠜⠀⠀⠀⠕⠀⠇⠀⠊&lt;/row&gt;
          &lt;row&gt;⠀&lt;/row&gt;
          &lt;row&gt;⠏⠀⠕⠀⠊⠀⠎⠀⠎⠀⠁⠄&lt;/row&gt;
          &lt;row&gt;⠀&lt;/row&gt;
          &lt;row&gt;⠠⠺⠀⠁⠀⠇⠀⠇⠀⠁⠀⠝⠀⠙⠀⠑⠀⠗⠀⠊⠀⠇⠀⠇⠀⠁&lt;/row&gt;
          &lt;row&gt;⠀&lt;/row&gt;
          &lt;row&gt;⠕⠀⠇⠀⠊⠀⠀⠀⠝⠀⠽⠀⠞⠀⠀⠀⠍⠀⠥⠀⠥⠀⠞⠀⠁&lt;/row&gt;
          &lt;row&gt;⠀&lt;/row&gt;
          &lt;row&gt;⠁⠀⠚⠀⠁⠀⠞⠀⠑⠀⠇⠀⠞⠀⠁⠀⠧⠀⠁⠀⠁⠄&lt;/row&gt;
          &lt;row&gt;⠀&lt;/row&gt;
          &lt;row&gt;⠀&lt;/row&gt;
          &lt;row&gt;⠀&lt;/row&gt;
          &lt;row&gt;⠀&lt;/row&gt;
          &lt;row&gt;⠀&lt;/row&gt;
          &lt;row&gt;⠀&lt;/row&gt;
          &lt;row&gt;⠀&lt;/row&gt;
          &lt;row&gt;⠀&lt;/row&gt;
          &lt;row&gt;⠀&lt;/row&gt;
          &lt;row/&gt;
        &lt;/page&gt;
        &lt;page&gt;
          &lt;row&gt;⠀⠀⠀⠀⠀⠀⠀⠀⠀⠀⠀⠀⠀⠀⠀⠀⠀⠀⠀⠀⠀⠀⠀⠀⠀⠀⠀⠼⠓⠚&lt;/row&gt;
          &lt;row&gt;⠼⠉⠄&lt;/row&gt;
          &lt;row&gt;⠀&lt;/row&gt;
          &lt;row&gt;⠀&lt;/row&gt;
          &lt;row&gt;⠠⠅⠀⠑⠀⠇⠀⠇⠀⠕⠀⠀⠀⠝⠀⠑⠀⠇⠀⠚⠀⠜&lt;/row&gt;
          &lt;row&gt;⠀&lt;/row&gt;
          &lt;row&gt;⠊⠀⠇⠀⠞⠀⠁⠀⠏⠀⠜⠀⠊⠀⠧⠀⠜⠀⠇⠀⠇⠀⠜&lt;/row&gt;
          &lt;row&gt;⠀&lt;/row&gt;
          &lt;row&gt;⠠⠁⠀⠝⠀⠝⠀⠤⠠⠃⠀⠗⠀⠊⠀⠞⠀⠞&lt;/row&gt;
          &lt;row&gt;⠀&lt;/row&gt;
          &lt;row&gt;⠠⠓⠀⠪⠀⠛⠀⠇⠀⠥⠀⠝⠀⠙&lt;/row&gt;
          &lt;row&gt;⠀&lt;/row&gt;
          &lt;row&gt;⠅⠀⠕⠀⠏⠀⠥⠀⠞⠀⠞⠀⠊&lt;/row&gt;
          &lt;row&gt;⠀&lt;/row&gt;
          &lt;row&gt;⠠⠺⠀⠁⠀⠇⠀⠇⠀⠁⠀⠝⠀⠙⠀⠑⠀⠗⠀⠊⠀⠝&lt;/row&gt;
          &lt;row&gt;⠀&lt;/row&gt;
          &lt;row&gt;⠕⠀⠧⠀⠑⠀⠑⠀⠝⠄&lt;/row&gt;
          &lt;row&gt;⠀&lt;/row&gt;
          &lt;row&gt;⠀&lt;/row&gt;
          &lt;row&gt;⠤⠀⠀⠀⠠⠎⠀⠁⠀⠊⠀⠝⠀⠀⠀⠅⠀⠊⠀⠊⠀⠝⠀⠝⠀⠊&lt;/row&gt;
          &lt;row&gt;⠀&lt;/row&gt;
          &lt;row&gt;⠠⠁⠀⠇⠀⠑⠀⠭⠀⠁⠀⠝⠀⠙⠀⠑⠀⠗⠀⠎⠀⠤&lt;/row&gt;
          &lt;row&gt;⠀&lt;/row&gt;
          &lt;row&gt;⠎⠀⠕⠀⠝⠀⠊⠀⠝⠀⠀⠀⠑⠀⠝⠀⠞⠀⠊⠀⠎⠀⠑⠀⠝&lt;/row&gt;
          &lt;row&gt;⠀&lt;/row&gt;
          &lt;row&gt;⠏⠀⠥⠀⠕⠀⠇⠀⠊⠀⠎⠀⠕⠀⠝⠂&lt;/row&gt;
          &lt;row/&gt;
        &lt;/page&gt;
        &lt;page&gt;
          &lt;row&gt;⠀⠀⠀⠀⠀⠀⠀⠀⠀⠀⠀⠀⠀⠀⠀⠀⠀⠀⠀⠀⠀⠀⠀⠀⠀⠀⠀⠼⠓⠁&lt;/row&gt;
          &lt;row&gt;⠓⠀⠜⠀⠝⠀⠀⠀⠎⠀⠁⠀⠝⠀⠕⠀⠊⠀⠀⠀⠚⠀⠁&lt;/row&gt;
          &lt;row&gt;⠀&lt;/row&gt;
          &lt;row&gt;⠁⠀⠎⠀⠞⠀⠥⠀⠊&lt;/row&gt;
          &lt;row&gt;⠀&lt;/row&gt;
          &lt;row&gt;⠓⠀⠥⠀⠕⠀⠝⠀⠑⠀⠑⠀⠎⠀⠑⠀⠑⠀⠝⠄&lt;/row&gt;
          &lt;row&gt;⠀&lt;/row&gt;
          &lt;row&gt;⠤⠀⠀⠀⠠⠓⠀⠑⠀⠀⠀⠕⠀⠧⠀⠁⠀⠞&lt;/row&gt;
          &lt;row&gt;⠀&lt;/row&gt;
          &lt;row&gt;⠕⠀⠇⠀⠇⠀⠑⠀⠑⠀⠞⠀⠀⠀⠑⠀⠗⠀⠕⠀⠎⠀⠎⠀⠁&lt;/row&gt;
          &lt;row&gt;⠀&lt;/row&gt;
          &lt;row&gt;⠥⠀⠎⠀⠑⠀⠊⠀⠞⠀⠁⠀⠀⠀⠧⠀⠥⠀⠕⠀⠎⠀⠊⠀⠁&lt;/row&gt;
          &lt;row&gt;⠀&lt;/row&gt;
          &lt;row&gt;⠑⠀⠊⠀⠧⠀⠜⠀⠞⠀⠅⠀⠜⠀⠀⠀⠕⠀⠇⠀⠑&lt;/row&gt;
          &lt;row&gt;⠀&lt;/row&gt;
          &lt;row&gt;⠞⠀⠁⠀⠧⠀⠁⠀⠝⠀⠝⠀⠑⠀⠑⠀⠞⠀⠀⠀⠞⠀⠁⠀⠊&lt;/row&gt;
          &lt;row&gt;⠀&lt;/row&gt;
          &lt;row&gt;⠏⠀⠥⠀⠓⠀⠥⠀⠝⠀⠑⠀⠑⠀⠞&lt;/row&gt;
          &lt;row&gt;⠀&lt;/row&gt;
          &lt;row&gt;⠅⠀⠑⠀⠎⠀⠅⠀⠑⠀⠝⠀⠜⠀⠜⠀⠝⠄&lt;/row&gt;
          &lt;row&gt;⠀&lt;/row&gt;
          &lt;row&gt;⠠⠍⠀⠥⠀⠞⠀⠞⠀⠁⠀⠀⠀⠝⠀⠁⠀⠊⠀⠝⠀⠑⠀⠝&lt;/row&gt;
          &lt;row&gt;⠀&lt;/row&gt;
          &lt;row&gt;⠞⠀⠊⠀⠑⠀⠞⠀⠽⠀⠎⠀⠞⠀⠊&lt;/row&gt;
          &lt;row&gt;⠀&lt;/row&gt;
          &lt;row&gt;⠚⠀⠜⠀⠗⠀⠅⠀⠽⠀⠞⠀⠞⠀⠽⠀⠊⠂&lt;/row&gt;
          &lt;row/&gt;
        &lt;/page&gt;
        &lt;page&gt;
          &lt;row&gt;⠀⠀⠀⠀⠀⠀⠀⠀⠀⠀⠀⠀⠀⠀⠀⠀⠀⠀⠀⠀⠀⠀⠀⠀⠀⠀⠀⠼⠓⠃&lt;/row&gt;
          &lt;row&gt;⠅⠀⠥⠀⠝⠀⠀⠀⠅⠀⠑⠀⠗⠀⠗⠀⠕⠀⠊⠀⠝⠂&lt;/row&gt;
          &lt;row&gt;⠀&lt;/row&gt;
          &lt;row&gt;⠑⠀⠞⠀⠞⠀⠜&lt;/row&gt;
          &lt;row&gt;⠀&lt;/row&gt;
          &lt;row&gt;⠠⠁⠀⠇⠀⠑⠀⠭⠀⠁⠀⠝⠀⠙⠀⠑⠀⠗⠀⠎⠀⠎⠀⠕⠀⠝&lt;/row&gt;
          &lt;row&gt;⠀&lt;/row&gt;
          &lt;row&gt;⠕⠀⠝⠀⠀⠀⠅⠀⠥⠀⠕⠀⠇⠀⠇⠀⠥⠀⠞⠄&lt;/row&gt;
          &lt;row&gt;⠀&lt;/row&gt;
          &lt;row&gt;⠀&lt;/row&gt;
          &lt;row&gt;⠤⠀⠀⠀⠠⠕⠀⠇⠀⠊⠀⠅⠀⠕&lt;/row&gt;
          &lt;row&gt;⠀&lt;/row&gt;
          &lt;row&gt;⠓⠀⠜⠀⠝⠀⠑⠀⠇⠀⠇⠀⠜⠀⠀⠀⠍⠀⠊⠀⠞⠀⠜⠀⠜⠀⠝&lt;/row&gt;
          &lt;row&gt;⠀&lt;/row&gt;
          &lt;row&gt;⠞⠀⠊⠀⠑⠀⠞⠀⠕⠀⠁⠀⠀⠀⠎⠀⠊⠀⠊⠀⠞⠀⠜⠂&lt;/row&gt;
          &lt;row&gt;⠀&lt;/row&gt;
          &lt;row&gt;⠍⠀⠊⠀⠅⠀⠎⠀⠊⠀⠀⠀⠍⠀⠊⠀⠑⠀⠎⠀⠀⠀⠕⠀⠇⠀⠊&lt;/row&gt;
          &lt;row&gt;⠀&lt;/row&gt;
          &lt;row&gt;⠞⠀⠥⠀⠇⠀⠇⠀⠥⠀⠞⠀⠀⠀⠞⠀⠜⠀⠝⠀⠝⠀⠑⠢&lt;/row&gt;
          &lt;row&gt;⠀&lt;/row&gt;
          &lt;row&gt;⠠⠺⠀⠁⠀⠇⠀⠇⠀⠁⠀⠝⠀⠙⠀⠑⠀⠗&lt;/row&gt;
          &lt;row&gt;⠀&lt;/row&gt;
          &lt;row&gt;⠅⠀⠽⠀⠎⠀⠽⠀⠊⠄&lt;/row&gt;
          &lt;row&gt;⠀&lt;/row&gt;
          &lt;row&gt;⠀&lt;/row&gt;
          &lt;row&gt;⠠⠁⠀⠝⠀⠝⠀⠤⠠⠃⠀⠗⠀⠊⠀⠞⠀⠞&lt;/row&gt;
          &lt;row/&gt;
        &lt;/page&gt;
        &lt;page&gt;
          &lt;row&gt;⠀⠀⠀⠀⠀⠀⠀⠀⠀⠀⠀⠀⠀⠀⠀⠀⠀⠀⠀⠀⠀⠀⠀⠀⠀⠀⠀⠼⠓⠉&lt;/row&gt;
          &lt;row&gt;⠠⠓⠀⠪⠀⠛⠀⠇⠀⠥⠀⠝⠀⠙&lt;/row&gt;
          &lt;row&gt;⠀&lt;/row&gt;
          &lt;row&gt;⠧⠀⠁⠀⠎⠀⠞⠀⠁⠀⠎⠀⠊⠒&lt;/row&gt;
          &lt;row&gt;⠀&lt;/row&gt;
          &lt;row&gt;⠀&lt;/row&gt;
          &lt;row&gt;⠤⠀⠀⠀⠠⠑⠀⠊⠄⠀⠀⠀⠠⠓⠀⠜⠀⠝⠀⠀⠀⠑⠀⠊&lt;/row&gt;
          &lt;row&gt;⠀&lt;/row&gt;
          &lt;row&gt;⠞⠀⠊⠀⠑⠀⠝⠀⠝⠀⠽⠀⠞&lt;/row&gt;
          &lt;row&gt;⠀&lt;/row&gt;
          &lt;row&gt;⠍⠀⠽⠀⠪⠀⠎⠀⠅⠀⠜⠀⠜⠀⠝&lt;/row&gt;
          &lt;row&gt;⠀&lt;/row&gt;
          &lt;row&gt;⠅⠀⠑⠀⠞⠀⠜⠀⠜⠀⠝⠂⠀⠀⠚⠀⠕⠀⠇⠀⠇⠀⠁&lt;/row&gt;
          &lt;row&gt;⠀&lt;/row&gt;
          &lt;row&gt;⠕⠀⠇⠀⠊⠀⠎⠀⠊⠀⠀⠀⠚⠀⠕⠀⠅⠀⠊⠀⠝&lt;/row&gt;
          &lt;row&gt;⠀&lt;/row&gt;
          &lt;row&gt;⠎⠀⠽⠀⠽⠀⠀⠀⠍⠀⠥⠀⠗⠀⠓⠀⠁⠀⠞⠀⠁&lt;/row&gt;
          &lt;row&gt;⠀&lt;/row&gt;
          &lt;row&gt;⠠⠁⠀⠇⠀⠑⠀⠭⠀⠁⠀⠝⠀⠙⠀⠑⠀⠗⠀⠎⠀⠎⠀⠕⠀⠝⠄&lt;/row&gt;
          &lt;row&gt;⠀&lt;/row&gt;
          &lt;row&gt;⠀&lt;/row&gt;
          &lt;row&gt;⠤⠀⠀⠀⠠⠅⠀⠽⠀⠎⠀⠽⠀⠊⠀⠞⠀⠅⠀⠪&lt;/row&gt;
          &lt;row&gt;⠀&lt;/row&gt;
          &lt;row&gt;⠚⠀⠕⠀⠞⠀⠁⠀⠊⠀⠝⠀⠀⠀⠓⠀⠑⠀⠊⠀⠙⠀⠜⠀⠝&lt;/row&gt;
          &lt;row&gt;⠀&lt;/row&gt;
          &lt;row&gt;⠏⠀⠕⠀⠚⠀⠁⠀⠎⠀⠞⠀⠁⠀⠁⠀⠝⠀⠀⠚⠀⠁&lt;/row&gt;
          &lt;row/&gt;
        &lt;/page&gt;
        &lt;page&gt;
          &lt;row&gt;⠀⠀⠀⠀⠀⠀⠀⠀⠀⠀⠀⠀⠀⠀⠀⠀⠀⠀⠀⠀⠀⠀⠀⠀⠀⠀⠀⠼⠓⠙&lt;/row&gt;
          &lt;row&gt;⠏⠀⠕⠀⠚⠀⠁⠀⠝&lt;/row&gt;
          &lt;row&gt;⠀&lt;/row&gt;
          &lt;row&gt;⠅⠀⠥⠀⠕⠀⠇⠀⠑⠀⠍⠀⠁⠀⠎⠀⠞⠀⠁⠢&lt;/row&gt;
          &lt;row&gt;⠀&lt;/row&gt;
          &lt;row&gt;⠠⠺⠀⠁⠀⠇⠀⠇⠀⠁⠀⠝⠀⠙⠀⠑⠀⠗&lt;/row&gt;
          &lt;row&gt;⠀&lt;/row&gt;
          &lt;row&gt;⠞⠀⠊⠀⠑⠀⠙⠀⠥⠀⠎⠀⠞⠀⠑⠀⠇⠀⠊⠄&lt;/row&gt;
          &lt;row&gt;⠀&lt;/row&gt;
          &lt;row&gt;⠀&lt;/row&gt;
          &lt;row&gt;⠤⠀⠀⠀⠠⠑⠀⠊⠂⠀⠀⠀⠑⠀⠝&lt;/row&gt;
          &lt;row&gt;⠀&lt;/row&gt;
          &lt;row&gt;⠅⠀⠽⠀⠎⠀⠽⠀⠝⠀⠽⠀⠞⠂⠀⠀⠀⠠⠁⠀⠝⠀⠝⠀⠤&lt;/row&gt;
          &lt;row&gt;⠀&lt;/row&gt;
          &lt;row&gt;⠠⠃⠀⠗⠀⠊⠀⠞⠀⠞⠀⠀⠀⠠⠓⠀⠪⠀⠛⠀⠇⠀⠥⠀⠝⠀⠙&lt;/row&gt;
          &lt;row&gt;⠀&lt;/row&gt;
          &lt;row&gt;⠎⠀⠁⠀⠝⠀⠕⠀⠊⠄&lt;/row&gt;
          &lt;row&gt;⠀&lt;/row&gt;
          &lt;row&gt;⠀&lt;/row&gt;
          &lt;row&gt;⠤⠀⠀⠀⠠⠎⠀⠑⠀⠀⠀⠏⠀⠊⠀⠞⠀⠜⠀⠊⠀⠎⠀⠊&lt;/row&gt;
          &lt;row&gt;⠀&lt;/row&gt;
          &lt;row&gt;⠞⠀⠑⠀⠓⠀⠙⠀⠜⠄&lt;/row&gt;
          &lt;row&gt;⠀&lt;/row&gt;
          &lt;row&gt;⠠⠎⠀⠊⠀⠝⠀⠥⠀⠝⠀⠀⠀⠏⠀⠊⠀⠞⠀⠜⠀⠜&lt;/row&gt;
          &lt;row&gt;⠀&lt;/row&gt;
          &lt;row&gt;⠎⠀⠕⠀⠊⠀⠞⠀⠞⠀⠁⠀⠁&lt;/row&gt;
          &lt;row/&gt;
        &lt;/page&gt;
        &lt;page&gt;
          &lt;row&gt;⠀⠀⠀⠀⠀⠀⠀⠀⠀⠀⠀⠀⠀⠀⠀⠀⠀⠀⠀⠀⠀⠀⠀⠀⠀⠀⠀⠼⠓⠑&lt;/row&gt;
          &lt;row&gt;⠝⠀⠁⠀⠊⠀⠎⠀⠑⠀⠇⠀⠇⠀⠑&lt;/row&gt;
          &lt;row&gt;⠀&lt;/row&gt;
          &lt;row&gt;⠥⠀⠥⠀⠙⠀⠑⠀⠎⠀⠞⠀⠁⠀⠁⠀⠝⠂&lt;/row&gt;
          &lt;row&gt;⠀&lt;/row&gt;
          &lt;row&gt;⠠⠺⠀⠁⠀⠇⠀⠇⠀⠁⠀⠝⠀⠙⠀⠑⠀⠗&lt;/row&gt;
          &lt;row&gt;⠀&lt;/row&gt;
          &lt;row&gt;⠎⠀⠁⠀⠝⠀⠕⠀⠊⠄&lt;/row&gt;
          &lt;row&gt;⠀&lt;/row&gt;
          &lt;row&gt;⠀&lt;/row&gt;
          &lt;row&gt;⠠⠁⠀⠝⠀⠝⠀⠤⠠⠃⠀⠗⠀⠊⠀⠞⠀⠞&lt;/row&gt;
          &lt;row&gt;⠀&lt;/row&gt;
          &lt;row&gt;⠠⠓⠀⠪⠀⠛⠀⠇⠀⠥⠀⠝⠀⠙&lt;/row&gt;
          &lt;row&gt;⠀&lt;/row&gt;
          &lt;row&gt;⠝⠀⠽⠀⠪⠀⠅⠀⠅⠀⠜⠀⠎⠀⠊⠀⠀⠀⠚⠀⠁&lt;/row&gt;
          &lt;row&gt;⠀&lt;/row&gt;
          &lt;row&gt;⠇⠀⠜⠀⠓⠀⠞⠀⠊&lt;/row&gt;
          &lt;row&gt;⠀&lt;/row&gt;
          &lt;row&gt;⠓⠀⠥⠀⠕⠀⠝⠀⠑⠀⠑⠀⠎⠀⠞⠀⠁⠄&lt;/row&gt;
          &lt;row&gt;⠀&lt;/row&gt;
          &lt;row&gt;⠀&lt;/row&gt;
          &lt;row&gt;⠠⠺⠀⠁⠀⠇⠀⠇⠀⠁⠀⠝⠀⠙⠀⠑⠀⠗&lt;/row&gt;
          &lt;row&gt;⠀&lt;/row&gt;
          &lt;row&gt;⠇⠀⠜⠀⠓⠀⠞⠀⠊⠀⠀⠀⠏⠀⠕⠀⠇⠀⠊⠀⠊⠀⠎⠀⠊⠀⠤&lt;/row&gt;
          &lt;row&gt;⠀&lt;/row&gt;
          &lt;row&gt;⠞⠀⠁⠀⠇⠀⠕⠀⠇⠀⠞⠀⠁⠀⠀⠀⠧⠀⠜⠀⠓⠀⠜⠀⠝&lt;/row&gt;
          &lt;row/&gt;
        &lt;/page&gt;
        &lt;page&gt;
          &lt;row&gt;⠀⠀⠀⠀⠀⠀⠀⠀⠀⠀⠀⠀⠀⠀⠀⠀⠀⠀⠀⠀⠀⠀⠀⠀⠀⠀⠀⠼⠓⠋&lt;/row&gt;
          &lt;row&gt;⠽⠀⠇⠀⠊⠀⠀⠀⠧⠀⠊⠀⠊⠀⠎⠀⠊⠄&lt;/row&gt;
          &lt;row&gt;⠀&lt;/row&gt;
          &lt;row&gt;⠠⠓⠀⠜⠀⠝⠀⠀⠀⠊⠀⠎⠀⠞⠀⠥⠀⠊&lt;/row&gt;
          &lt;row&gt;⠀&lt;/row&gt;
          &lt;row&gt;⠁⠀⠥⠀⠞⠀⠕⠀⠕⠀⠝⠀⠀⠀⠚⠀⠁&lt;/row&gt;
          &lt;row&gt;⠀&lt;/row&gt;
          &lt;row&gt;⠇⠀⠜⠀⠓⠀⠞⠀⠊⠀⠀⠀⠁⠀⠚⠀⠁⠀⠍⠀⠁⠀⠁⠀⠝&lt;/row&gt;
          &lt;row&gt;⠀&lt;/row&gt;
          &lt;row&gt;⠠⠎⠀⠧⠀⠁⠀⠗⠀⠞⠀⠑⠀⠑⠀⠝⠀⠀⠀⠏⠀⠜⠀⠊⠀⠝⠄&lt;/row&gt;
          &lt;row&gt;⠀&lt;/row&gt;
          &lt;row&gt;⠠⠞⠀⠜⠀⠇⠀⠇⠀⠜⠀⠀⠀⠅⠀⠑⠀⠗⠀⠞⠀⠁⠀⠁&lt;/row&gt;
          &lt;row&gt;⠀&lt;/row&gt;
          &lt;row&gt;⠓⠀⠜⠀⠝⠀⠀⠀⠚⠀⠜⠀⠞⠀⠞⠀⠊⠀⠀⠀⠁⠀⠥⠀⠞⠀⠕⠀⠝&lt;/row&gt;
          &lt;row&gt;⠀&lt;/row&gt;
          &lt;row&gt;⠧⠀⠜⠀⠓⠀⠜⠀⠝⠀⠀⠀⠅⠀⠁⠀⠥⠀⠑⠀⠍⠀⠍⠀⠁⠀⠎&lt;/row&gt;
          &lt;row&gt;⠀&lt;/row&gt;
          &lt;row&gt;⠞⠀⠁⠀⠇⠀⠕⠀⠊⠀⠎⠀⠞⠀⠁⠄&lt;/row&gt;
          &lt;row&gt;⠀&lt;/row&gt;
          &lt;row&gt;⠀&lt;/row&gt;
          &lt;row&gt;⠠⠓⠀⠜⠀⠝⠀⠀⠀⠁⠀⠧⠀⠁⠀⠎⠀⠊&lt;/row&gt;
          &lt;row&gt;⠀&lt;/row&gt;
          &lt;row&gt;⠞⠀⠁⠀⠅⠀⠁⠀⠇⠀⠥⠀⠥⠀⠅⠀⠥⠀⠝&lt;/row&gt;
          &lt;row&gt;⠀&lt;/row&gt;
          &lt;row&gt;⠚⠀⠁⠀⠀⠀⠕⠀⠞⠀⠞⠀⠊⠀⠀⠀⠑⠀⠎⠀⠊⠀⠊⠀⠝&lt;/row&gt;
          &lt;row&gt;⠀&lt;/row&gt;
          &lt;row&gt;⠅⠀⠥⠀⠍⠀⠊⠀⠎⠀⠁⠀⠁⠀⠏⠀⠏⠀⠁⠀⠁⠀⠞⠄&lt;/row&gt;
        &lt;/page&gt;
        &lt;page&gt;
          &lt;row&gt;⠀⠀⠀⠀⠀⠀⠀⠀⠀⠀⠀⠀⠀⠀⠀⠀⠀⠀⠀⠀⠀⠀⠀⠀⠀⠀⠀⠼⠓⠛&lt;/row&gt;
          &lt;row&gt;⠠⠓⠀⠜⠀⠝⠀⠀⠀⠏⠀⠁⠀⠝⠀⠊&lt;/row&gt;
          &lt;row&gt;⠀&lt;/row&gt;
          &lt;row&gt;⠎⠀⠁⠀⠁⠀⠏⠀⠏⠀⠁⠀⠁⠀⠞&lt;/row&gt;
          &lt;row&gt;⠀&lt;/row&gt;
          &lt;row&gt;⠚⠀⠁⠀⠇⠀⠅⠀⠁⠀⠁⠀⠝⠀⠀⠀⠚⠀⠁&lt;/row&gt;
          &lt;row&gt;⠀&lt;/row&gt;
          &lt;row&gt;⠅⠀⠜⠀⠧⠀⠑⠀⠇⠀⠊⠀⠀⠀⠁⠀⠇⠀⠁⠀⠎&lt;/row&gt;
          &lt;row&gt;⠀&lt;/row&gt;
          &lt;row&gt;⠗⠀⠁⠀⠝⠀⠞⠀⠁⠀⠁⠀⠝⠄&lt;/row&gt;
          &lt;row&gt;⠀&lt;/row&gt;
          &lt;row&gt;⠀&lt;/row&gt;
          &lt;row&gt;⠠⠁⠀⠇⠀⠑⠀⠭⠀⠁⠀⠝⠀⠙⠀⠑⠀⠗⠀⠎⠀⠤&lt;/row&gt;
          &lt;row&gt;⠀&lt;/row&gt;
          &lt;row&gt;⠎⠀⠕⠀⠝⠀⠊⠀⠝⠀⠀⠀⠕⠀⠝&lt;/row&gt;
          &lt;row&gt;⠀&lt;/row&gt;
          &lt;row&gt;⠞⠀⠜⠀⠽⠀⠞⠀⠽⠀⠝⠀⠽⠀⠞&lt;/row&gt;
          &lt;row&gt;⠀&lt;/row&gt;
          &lt;row&gt;⠞⠀⠁⠀⠧⠀⠁⠀⠞⠀⠁⠀⠀⠀⠚⠀⠕⠀⠅⠀⠥&lt;/row&gt;
          &lt;row&gt;⠀&lt;/row&gt;
          &lt;row&gt;⠞⠀⠜⠀⠜⠀⠇⠀⠇⠀⠜&lt;/row&gt;
          &lt;row&gt;⠀&lt;/row&gt;
          &lt;row&gt;⠗⠀⠁⠀⠝⠀⠝⠀⠁⠀⠎⠀⠎⠀⠁⠂&lt;/row&gt;
          &lt;row&gt;⠀&lt;/row&gt;
          &lt;row&gt;⠠⠺⠀⠁⠀⠇⠀⠇⠀⠁⠀⠝⠀⠙⠀⠑⠀⠗&lt;/row&gt;
          &lt;row&gt;⠀&lt;/row&gt;
          &lt;row&gt;⠁⠀⠚⠀⠁⠀⠞⠀⠞⠀⠑⠀⠇⠀⠊⠄&lt;/row&gt;
        &lt;/page&gt;
        &lt;page&gt;
          &lt;row&gt;⠀⠀⠀⠀⠀⠀⠀⠀⠀⠀⠀⠀⠀⠀⠀⠀⠀⠀⠀⠀⠀⠀⠀⠀⠀⠀⠀⠼⠓⠓&lt;/row&gt;
          &lt;row&gt;⠠⠞⠀⠁⠀⠗⠀⠅⠀⠑⠀⠍⠀⠍⠀⠊⠀⠝&lt;/row&gt;
          &lt;row&gt;⠀&lt;/row&gt;
          &lt;row&gt;⠎⠀⠁⠀⠝⠀⠕⠀⠞⠀⠞⠀⠥⠀⠝⠀⠁&lt;/row&gt;
          &lt;row&gt;⠀&lt;/row&gt;
          &lt;row&gt;⠓⠀⠜⠀⠝⠀⠑⠀⠝⠀⠀⠀⠕⠀⠝&lt;/row&gt;
          &lt;row&gt;⠀&lt;/row&gt;
          &lt;row&gt;⠞⠀⠜⠀⠽⠀⠞⠀⠽⠀⠝⠀⠽⠀⠞⠀⠀⠀⠎⠀⠕⠀⠏⠀⠊⠀⠁&lt;/row&gt;
          &lt;row&gt;⠀&lt;/row&gt;
          &lt;row&gt;⠞⠀⠁⠀⠏⠀⠁⠀⠁⠀⠍⠀⠊⠀⠎⠀⠑⠀⠎⠀⠞⠀⠁&lt;/row&gt;
          &lt;row&gt;⠀&lt;/row&gt;
          &lt;row&gt;⠚⠀⠕⠀⠝⠀⠅⠀⠥⠀⠝⠀⠀⠀⠅⠀⠁⠀⠝⠀⠎⠀⠎⠀⠁⠄&lt;/row&gt;
          &lt;row&gt;⠀&lt;/row&gt;
          &lt;row&gt;⠠⠍⠀⠽⠀⠗⠀⠅⠀⠅⠀⠽⠀⠍⠀⠥⠀⠗⠀⠓⠀⠁⠀⠁⠀⠚⠀⠁⠤&lt;/row&gt;
          &lt;row&gt;⠀&lt;/row&gt;
          &lt;row&gt;⠁⠀⠀⠀⠑⠀⠊⠀⠀⠀⠅⠀⠕⠀⠓⠀⠙⠀⠁⠀⠞⠀⠁&lt;/row&gt;
          &lt;row&gt;⠀&lt;/row&gt;
          &lt;row&gt;⠎⠀⠁⠀⠞⠀⠞⠀⠥⠀⠍⠀⠁⠀⠇⠀⠞⠀⠁⠄&lt;/row&gt;
          &lt;row&gt;⠀&lt;/row&gt;
          &lt;row&gt;⠀&lt;/row&gt;
          &lt;row&gt;⠠⠺⠀⠁⠀⠇⠀⠇⠀⠁⠀⠝⠀⠙⠀⠑⠀⠗&lt;/row&gt;
          &lt;row&gt;⠀&lt;/row&gt;
          &lt;row&gt;⠅⠀⠜⠀⠧⠀⠑⠀⠇⠀⠊⠀⠀⠀⠗⠀⠁⠀⠝⠀⠞⠀⠁⠀⠁&lt;/row&gt;
          &lt;row&gt;⠀&lt;/row&gt;
          &lt;row&gt;⠏⠀⠊⠀⠞⠀⠅⠀⠊⠀⠝⠀⠀⠀⠚⠀⠁&lt;/row&gt;
          &lt;row&gt;⠀&lt;/row&gt;
          &lt;row&gt;⠞⠀⠁⠀⠗⠀⠅⠀⠁⠀⠎⠀⠞⠀⠑⠀⠇⠀⠊&lt;/row&gt;
        &lt;/page&gt;
        &lt;page&gt;
          &lt;row&gt;⠀⠀⠀⠀⠀⠀⠀⠀⠀⠀⠀⠀⠀⠀⠀⠀⠀⠀⠀⠀⠀⠀⠀⠀⠀⠀⠀⠼⠓⠊&lt;/row&gt;
          &lt;row&gt;⠅⠀⠑⠀⠎⠀⠜⠀⠓⠀⠥⠀⠧⠀⠊⠀⠇⠀⠕⠀⠊⠀⠞⠀⠁⠄&lt;/row&gt;
          &lt;row&gt;⠀&lt;/row&gt;
          &lt;row&gt;⠠⠑⠀⠓⠀⠅⠀⠜⠀⠀⠀⠚⠀⠕⠀⠅⠀⠁&lt;/row&gt;
          &lt;row&gt;⠀&lt;/row&gt;
          &lt;row&gt;⠅⠀⠕⠀⠇⠀⠍⠀⠁⠀⠝⠀⠝⠀⠑⠀⠎⠀⠎⠀⠁&lt;/row&gt;
          &lt;row&gt;⠀&lt;/row&gt;
          &lt;row&gt;⠞⠀⠁⠀⠇⠀⠕⠀⠎⠀⠎⠀⠁&lt;/row&gt;
          &lt;row&gt;⠀&lt;/row&gt;
          &lt;row&gt;⠝⠀⠜⠀⠽⠀⠞⠀⠞⠀⠊⠀⠀⠀⠕⠀⠇⠀⠑⠀⠧⠀⠁⠀⠝&lt;/row&gt;
          &lt;row&gt;⠀&lt;/row&gt;
          &lt;row&gt;⠁⠀⠎⠀⠥⠀⠅⠀⠅⠀⠁⠀⠊⠀⠞⠀⠁⠄&lt;/row&gt;
          &lt;row&gt;⠀&lt;/row&gt;
          &lt;row&gt;⠀&lt;/row&gt;
          &lt;row&gt;⠠⠎⠀⠑⠀⠥⠀⠗⠀⠁⠀⠁⠀⠧⠀⠁⠀⠝⠀⠁&lt;/row&gt;
          &lt;row&gt;⠀&lt;/row&gt;
          &lt;row&gt;⠏⠀⠜⠀⠊⠀⠧⠀⠜⠀⠝⠀⠜&lt;/row&gt;
          &lt;row&gt;⠀&lt;/row&gt;
          &lt;row&gt;⠠⠺⠀⠁⠀⠇⠀⠇⠀⠁⠀⠝⠀⠙⠀⠑⠀⠗⠀⠀⠀⠚⠀⠁&lt;/row&gt;
          &lt;row&gt;⠀&lt;/row&gt;
          &lt;row&gt;⠠⠁⠀⠝⠀⠝⠀⠤⠠⠃⠀⠗⠀⠊⠀⠞⠀⠞&lt;/row&gt;
          &lt;row&gt;⠀&lt;/row&gt;
          &lt;row&gt;⠠⠓⠀⠪⠀⠛⠀⠇⠀⠥⠀⠝⠀⠙&lt;/row&gt;
          &lt;row&gt;⠀&lt;/row&gt;
          &lt;row&gt;⠞⠀⠥⠀⠇⠀⠊⠀⠎⠀⠊⠀⠧⠀⠁⠀⠞&lt;/row&gt;
          &lt;row&gt;⠀&lt;/row&gt;
          &lt;row&gt;⠞⠀⠁⠀⠅⠀⠁⠀⠊⠀⠎⠀⠊⠀⠝⠄⠀⠀⠠⠓⠀⠑&lt;/row&gt;
        &lt;/page&gt;
        &lt;page&gt;
          &lt;row&gt;⠀⠀⠀⠀⠀⠀⠀⠀⠀⠀⠀⠀⠀⠀⠀⠀⠀⠀⠀⠀⠀⠀⠀⠀⠀⠀⠀⠼⠊⠚&lt;/row&gt;
          &lt;row&gt;⠅⠀⠕⠀⠏⠀⠥⠀⠞⠀⠞⠀⠑⠀⠇⠀⠊⠀⠎⠀⠊⠀⠧⠀⠁⠀⠞&lt;/row&gt;
          &lt;row&gt;⠀&lt;/row&gt;
          &lt;row&gt;⠓⠀⠥⠀⠧⠀⠊⠀⠇⠀⠕⠀⠊⠀⠙⠀⠑⠀⠝&lt;/row&gt;
          &lt;row&gt;⠀&lt;/row&gt;
          &lt;row&gt;⠕⠀⠧⠀⠊⠀⠇⠀⠇⠀⠑⠀⠀⠚⠀⠁&lt;/row&gt;
          &lt;row&gt;⠀&lt;/row&gt;
          &lt;row&gt;⠅⠀⠽⠀⠎⠀⠑⠀⠇⠀⠊⠀⠎⠀⠊⠀⠧⠀⠜⠀⠞&lt;/row&gt;
          &lt;row&gt;⠀&lt;/row&gt;
          &lt;row&gt;⠠⠁⠀⠇⠀⠑⠀⠭⠀⠁⠀⠝⠀⠙⠀⠑⠀⠗⠀⠎⠀⠤&lt;/row&gt;
          &lt;row&gt;⠀&lt;/row&gt;
          &lt;row&gt;⠎⠀⠕⠀⠝⠀⠊⠀⠎⠀⠞⠀⠁⠄&lt;/row&gt;
          &lt;row&gt;⠀&lt;/row&gt;
          &lt;row&gt;⠠⠚⠀⠕⠀⠝⠀⠅⠀⠥⠀⠝⠀⠀⠀⠕⠀⠝&lt;/row&gt;
          &lt;row&gt;⠀&lt;/row&gt;
          &lt;row&gt;⠞⠀⠜⠀⠽⠀⠞⠀⠽⠀⠝⠀⠽⠀⠞⠀⠀⠀⠝⠀⠜⠀⠓⠀⠙⠀⠜&lt;/row&gt;
          &lt;row&gt;⠀&lt;/row&gt;
          &lt;row&gt;⠓⠀⠜⠀⠝⠀⠑⠀⠞⠀⠀⠀⠗⠀⠁⠀⠝⠀⠝⠀⠁⠀⠇⠀⠇⠀⠁⠄&lt;/row&gt;
          &lt;row&gt;⠀&lt;/row&gt;
          &lt;row&gt;⠠⠚⠀⠕⠀⠝⠀⠅⠀⠥⠀⠝⠀⠀⠀⠕⠀⠝&lt;/row&gt;
          &lt;row&gt;⠀&lt;/row&gt;
          &lt;row&gt;⠞⠀⠜⠀⠽⠀⠞⠀⠽⠀⠝⠀⠽⠀⠞⠀⠀⠀⠝⠀⠜⠀⠓⠀⠙⠀⠜⠂&lt;/row&gt;
          &lt;row&gt;⠀&lt;/row&gt;
          &lt;row&gt;⠅⠀⠑⠀⠝⠀⠑⠀⠞⠀⠀⠀⠓⠀⠜⠀⠝⠀⠀⠀⠕⠀⠝&lt;/row&gt;
          &lt;row&gt;⠀&lt;/row&gt;
          &lt;row&gt;⠞⠀⠁⠀⠧⠀⠁⠀⠝⠀⠝⠀⠥⠀⠞⠄&lt;/row&gt;
          &lt;row/&gt;
        &lt;/page&gt;
        &lt;page&gt;
          &lt;row&gt;⠀⠀⠀⠀⠀⠀⠀⠀⠀⠀⠀⠀⠀⠀⠀⠀⠀⠀⠀⠀⠀⠀⠀⠀⠀⠀⠀⠼⠊⠁&lt;/row&gt;
          &lt;row&gt;⠠⠜⠀⠅⠀⠅⠀⠊⠀⠜&lt;/row&gt;
          &lt;row&gt;⠀&lt;/row&gt;
          &lt;row&gt;⠠⠺⠀⠁⠀⠇⠀⠇⠀⠁⠀⠝⠀⠙⠀⠑⠀⠗⠀⠀⠀⠝⠀⠜⠀⠅⠀⠊⠂&lt;/row&gt;
          &lt;row&gt;⠀&lt;/row&gt;
          &lt;row&gt;⠑⠀⠞⠀⠞⠀⠜⠀⠀⠀⠓⠀⠜⠀⠝⠀⠀⠀⠑⠀⠊&lt;/row&gt;
          &lt;row&gt;⠀&lt;/row&gt;
          &lt;row&gt;⠕⠀⠇⠀⠇⠀⠥⠀⠞⠀⠀⠀⠗⠀⠁⠀⠝⠀⠝⠀⠁⠀⠇⠀⠇⠀⠁&lt;/row&gt;
          &lt;row&gt;⠀&lt;/row&gt;
          &lt;row&gt;⠽⠀⠅⠀⠎⠀⠊⠀⠝⠄&lt;/row&gt;
          &lt;row&gt;⠀&lt;/row&gt;
          &lt;row&gt;⠠⠓⠀⠜⠀⠝⠀⠞⠀⠜⠀⠀⠀⠧⠀⠁⠀⠎⠀⠞⠀⠁⠀⠁⠀⠝&lt;/row&gt;
          &lt;row&gt;⠀&lt;/row&gt;
          &lt;row&gt;⠁⠀⠎⠀⠞⠀⠑⠀⠇⠀⠊⠀⠀⠀⠧⠀⠁⠀⠝⠀⠓⠀⠁&lt;/row&gt;
          &lt;row&gt;⠀&lt;/row&gt;
          &lt;row&gt;⠍⠀⠊⠀⠑⠀⠎⠄&lt;/row&gt;
          &lt;row&gt;⠀&lt;/row&gt;
          &lt;row&gt;⠠⠍⠀⠊⠀⠑⠀⠓⠀⠑⠀⠝&lt;/row&gt;
          &lt;row&gt;⠀&lt;/row&gt;
          &lt;row&gt;⠧⠀⠊⠀⠑⠀⠗⠀⠑⠀⠇⠀⠇⠀⠜⠀⠀⠀⠅⠀⠥⠀⠇⠀⠅⠀⠊&lt;/row&gt;
          &lt;row&gt;⠀&lt;/row&gt;
          &lt;row&gt;⠊⠀⠎⠀⠕⠀⠀⠀⠍⠀⠥⠀⠎⠀⠞⠀⠁&lt;/row&gt;
          &lt;row&gt;⠀&lt;/row&gt;
          &lt;row&gt;⠅⠀⠕⠀⠊⠀⠗⠀⠁⠄&lt;/row&gt;
          &lt;row&gt;⠀&lt;/row&gt;
          &lt;row&gt;⠀&lt;/row&gt;
          &lt;row/&gt;
        &lt;/page&gt;
        &lt;page&gt;
          &lt;row&gt;⠀⠀⠀⠀⠀⠀⠀⠀⠀⠀⠀⠀⠀⠀⠀⠀⠀⠀⠀⠀⠀⠀⠀⠀⠀⠀⠀⠼⠊⠃&lt;/row&gt;
          &lt;row&gt;⠠⠍⠀⠊⠀⠑⠀⠎⠀⠀⠀⠝⠀⠕⠀⠎⠀⠞⠀⠊&lt;/row&gt;
          &lt;row&gt;⠀&lt;/row&gt;
          &lt;row&gt;⠓⠀⠁⠀⠞⠀⠞⠀⠥⠀⠁⠀⠀⠀⠚⠀⠁&lt;/row&gt;
          &lt;row&gt;⠀&lt;/row&gt;
          &lt;row&gt;⠞⠀⠑⠀⠗⠀⠧⠀⠑⠀⠓⠀⠞⠀⠊&lt;/row&gt;
          &lt;row&gt;⠀&lt;/row&gt;
          &lt;row&gt;⠠⠺⠀⠁⠀⠇⠀⠇⠀⠁⠀⠝⠀⠙⠀⠑⠀⠗⠀⠊⠀⠁⠄&lt;/row&gt;
          &lt;row&gt;⠀&lt;/row&gt;
          &lt;row&gt;⠀&lt;/row&gt;
          &lt;row&gt;⠤⠀⠀⠀⠠⠅⠀⠑⠀⠧⠀⠜⠀⠞⠀⠀⠀⠕⠀⠝&lt;/row&gt;
          &lt;row&gt;⠀&lt;/row&gt;
          &lt;row&gt;⠍⠀⠽⠀⠪⠀⠓⠀⠜⠀⠎⠀⠎⠀⠜⠀⠀⠀⠞⠀⠜⠀⠝⠀⠜&lt;/row&gt;
          &lt;row&gt;⠀&lt;/row&gt;
          &lt;row&gt;⠧⠀⠥⠀⠕⠀⠝⠀⠝⠀⠁⠂⠀⠀⠀⠍⠀⠊⠀⠑⠀⠎&lt;/row&gt;
          &lt;row&gt;⠀&lt;/row&gt;
          &lt;row&gt;⠎⠀⠁⠀⠝⠀⠕⠀⠊⠄&lt;/row&gt;
          &lt;row&gt;⠀&lt;/row&gt;
          &lt;row&gt;⠤⠀⠀⠀⠠⠝⠀⠊⠀⠊⠀⠝⠀⠀⠀⠕⠀⠝⠂&lt;/row&gt;
          &lt;row&gt;⠀&lt;/row&gt;
          &lt;row&gt;⠍⠀⠥⠀⠞⠀⠞⠀⠁⠀⠀⠀⠅⠀⠽⠀⠇⠀⠇⠀⠜⠀⠀⠀⠎⠀⠑&lt;/row&gt;
          &lt;row&gt;⠀&lt;/row&gt;
          &lt;row&gt;⠏⠀⠊⠀⠁⠀⠝⠀⠀⠀⠞⠀⠥⠀⠇⠀⠑⠀⠑⠂&lt;/row&gt;
          &lt;row&gt;⠀&lt;/row&gt;
          &lt;row&gt;⠠⠺⠀⠁⠀⠇⠀⠇⠀⠁⠀⠝⠀⠙⠀⠑⠀⠗&lt;/row&gt;
          &lt;row&gt;⠀&lt;/row&gt;
          &lt;row&gt;⠧⠀⠁⠀⠎⠀⠞⠀⠁⠀⠎⠀⠊⠄&lt;/row&gt;
        &lt;/page&gt;
        &lt;page&gt;
          &lt;row&gt;⠀⠀⠀⠀⠀⠀⠀⠀⠀⠀⠀⠀⠀⠀⠀⠀⠀⠀⠀⠀⠀⠀⠀⠀⠀⠀⠀⠼⠊⠉&lt;/row&gt;
          &lt;row&gt;⠠⠓⠀⠜⠀⠝⠀⠀⠀⠅⠀⠥⠀⠍⠀⠁⠀⠗⠀⠞⠀⠥⠀⠊&lt;/row&gt;
          &lt;row&gt;⠀&lt;/row&gt;
          &lt;row&gt;⠞⠀⠁⠀⠏⠀⠥⠀⠞⠀⠞⠀⠁⠀⠍⠀⠁⠀⠁⠀⠝&lt;/row&gt;
          &lt;row&gt;⠀&lt;/row&gt;
          &lt;row&gt;⠅⠀⠕⠀⠊⠀⠗⠀⠁⠀⠁⠄&lt;/row&gt;
          &lt;row&gt;⠀&lt;/row&gt;
          &lt;row&gt;⠀&lt;/row&gt;
          &lt;row&gt;⠤⠀⠀⠀⠠⠞⠀⠑⠀⠀⠀⠧⠀⠁⠀⠗⠀⠍⠀⠁⠀⠁⠀⠝&lt;/row&gt;
          &lt;row&gt;⠀&lt;/row&gt;
          &lt;row&gt;⠅⠀⠜⠀⠽⠀⠞⠀⠞⠀⠑&lt;/row&gt;
          &lt;row&gt;⠀&lt;/row&gt;
          &lt;row&gt;⠗⠀⠁⠀⠝⠀⠝⠀⠁⠀⠇⠀⠇⠀⠁⠀⠀⠀⠚⠀⠕⠀⠅⠀⠁&lt;/row&gt;
          &lt;row&gt;⠀&lt;/row&gt;
          &lt;row&gt;⠏⠀⠜⠀⠊⠀⠧⠀⠜⠂&lt;/row&gt;
          &lt;row&gt;⠀&lt;/row&gt;
          &lt;row&gt;⠠⠺⠀⠁⠀⠇⠀⠇⠀⠁⠀⠝⠀⠙⠀⠑⠀⠗&lt;/row&gt;
          &lt;row&gt;⠀&lt;/row&gt;
          &lt;row&gt;⠎⠀⠁⠀⠝⠀⠕⠀⠊⠄&lt;/row&gt;
          &lt;row&gt;⠀&lt;/row&gt;
          &lt;row&gt;⠀&lt;/row&gt;
          &lt;row&gt;⠤⠀⠀⠀⠠⠅⠀⠽⠀⠇⠀⠇⠀⠜⠄⠀⠀⠀⠠⠕⠀⠇⠀⠑⠀⠝&lt;/row&gt;
          &lt;row&gt;⠀&lt;/row&gt;
          &lt;row&gt;⠁⠀⠎⠀⠥⠀⠝⠀⠥⠀⠞⠀⠀⠀⠞⠀⠜⠀⠜⠀⠇⠀⠇⠀⠜&lt;/row&gt;
          &lt;row&gt;⠀&lt;/row&gt;
          &lt;row&gt;⠎⠀⠊⠀⠊⠀⠞⠀⠜⠀⠀⠀⠁⠀⠎⠀⠞⠀⠊⠂⠀⠀⠅⠀⠥⠀⠝&lt;/row&gt;
          &lt;row/&gt;
        &lt;/page&gt;
        &lt;page&gt;
          &lt;row&gt;⠀⠀⠀⠀⠀⠀⠀⠀⠀⠀⠀⠀⠀⠀⠀⠀⠀⠀⠀⠀⠀⠀⠀⠀⠀⠀⠀⠼⠊⠙&lt;/row&gt;
          &lt;row&gt;⠚⠀⠜⠀⠊⠀⠝&lt;/row&gt;
          &lt;row&gt;⠀&lt;/row&gt;
          &lt;row&gt;⠑⠀⠇⠀⠜⠀⠅⠀⠅⠀⠑⠀⠑⠀⠇⠀⠇⠀⠑⠄&lt;/row&gt;
          &lt;row&gt;⠀&lt;/row&gt;
          &lt;row&gt;⠀&lt;/row&gt;
          &lt;row&gt;⠤⠀⠀⠀⠠⠁⠀⠎⠀⠥⠀⠝⠀⠀⠀⠞⠀⠥⠀⠕⠀⠎⠀⠎⠀⠁&lt;/row&gt;
          &lt;row&gt;⠀&lt;/row&gt;
          &lt;row&gt;⠞⠀⠁⠀⠇⠀⠕⠀⠎⠀⠎⠀⠁⠀⠀⠀⠧⠀⠜⠀⠓⠀⠜⠀⠝&lt;/row&gt;
          &lt;row&gt;⠀&lt;/row&gt;
          &lt;row&gt;⠍⠀⠁⠀⠞⠀⠅⠀⠁⠀⠝⠀⠀⠀⠏⠀⠜⠀⠜⠀⠎⠀⠎⠀⠜⠂&lt;/row&gt;
          &lt;row&gt;⠀&lt;/row&gt;
          &lt;row&gt;⠍⠀⠊⠀⠑⠀⠎⠀⠀⠀⠎⠀⠁⠀⠝⠀⠕⠀⠊⠀⠀⠀⠚⠀⠁&lt;/row&gt;
          &lt;row&gt;⠀&lt;/row&gt;
          &lt;row&gt;⠕⠀⠎⠀⠕⠀⠊⠀⠞⠀⠞⠀⠊⠀⠀⠀⠗⠀⠁⠀⠝⠀⠝⠀⠁⠀⠝&lt;/row&gt;
          &lt;row&gt;⠀&lt;/row&gt;
          &lt;row&gt;⠞⠀⠁⠀⠇⠀⠕⠀⠚⠀⠁⠄&lt;/row&gt;
          &lt;row&gt;⠀&lt;/row&gt;
          &lt;row&gt;⠀&lt;/row&gt;
          &lt;row&gt;⠠⠺⠀⠁⠀⠇⠀⠇⠀⠁⠀⠝⠀⠙⠀⠑⠀⠗&lt;/row&gt;
          &lt;row&gt;⠀&lt;/row&gt;
          &lt;row&gt;⠝⠀⠽⠀⠪⠀⠅⠀⠅⠀⠜⠀⠎⠀⠊⠄⠀⠀⠀⠠⠓⠀⠜⠀⠝&lt;/row&gt;
          &lt;row&gt;⠀&lt;/row&gt;
          &lt;row&gt;⠎⠀⠁⠀⠝⠀⠕⠀⠊⠒&lt;/row&gt;
          &lt;row&gt;⠀&lt;/row&gt;
          &lt;row&gt;⠀&lt;/row&gt;
          &lt;row/&gt;
        &lt;/page&gt;
        &lt;page&gt;
          &lt;row&gt;⠀⠀⠀⠀⠀⠀⠀⠀⠀⠀⠀⠀⠀⠀⠀⠀⠀⠀⠀⠀⠀⠀⠀⠀⠀⠀⠀⠼⠊⠑&lt;/row&gt;
          &lt;row&gt;⠤⠀⠀⠀⠠⠕⠀⠇⠀⠑⠀⠝&lt;/row&gt;
          &lt;row&gt;⠀&lt;/row&gt;
          &lt;row&gt;⠠⠽⠀⠎⠀⠞⠀⠁⠀⠙⠀⠊⠀⠝&lt;/row&gt;
          &lt;row&gt;⠀&lt;/row&gt;
          &lt;row&gt;⠏⠀⠕⠀⠇⠀⠊⠀⠊⠀⠎⠀⠊⠀⠎⠀⠞⠀⠁⠄&lt;/row&gt;
          &lt;row&gt;⠀&lt;/row&gt;
          &lt;row&gt;⠠⠕⠀⠇⠀⠑⠀⠞⠀⠞⠀⠑⠀⠅⠀⠕&lt;/row&gt;
          &lt;row&gt;⠀&lt;/row&gt;
          &lt;row&gt;⠝⠀⠜⠀⠓⠀⠝⠀⠽⠀⠞⠀⠀⠀⠞⠀⠜⠀⠜⠀⠇⠀⠇⠀⠜&lt;/row&gt;
          &lt;row&gt;⠀&lt;/row&gt;
          &lt;row&gt;⠧⠀⠊⠀⠊⠀⠍⠀⠑⠀⠀⠀⠏⠀⠜⠀⠊⠀⠧⠀⠊⠀⠝⠀⠜&lt;/row&gt;
          &lt;row&gt;⠀&lt;/row&gt;
          &lt;row&gt;⠍⠀⠊⠀⠑⠀⠎⠀⠞⠀⠜⠂⠀⠀⠀⠚⠀⠕⠀⠅⠀⠁⠀⠀⠀⠕⠀⠝&lt;/row&gt;
          &lt;row&gt;⠀&lt;/row&gt;
          &lt;row&gt;⠅⠀⠥⠀⠇⠀⠚⠀⠑⠀⠎⠀⠅⠀⠑⠀⠇⠀⠇⠀⠥⠀⠞&lt;/row&gt;
          &lt;row&gt;⠀&lt;/row&gt;
          &lt;row&gt;⠽⠀⠅⠀⠎⠀⠊⠀⠝⠀⠀⠀⠗⠀⠁⠀⠝⠀⠝⠀⠁⠀⠇⠀⠇⠀⠁⠢&lt;/row&gt;
          &lt;row&gt;⠀&lt;/row&gt;
          &lt;row&gt;⠀&lt;/row&gt;
          &lt;row&gt;⠤⠀⠀⠀⠠⠑⠀⠝⠂⠀⠀⠀⠅⠀⠥⠀⠅⠀⠁⠀⠀⠀⠎⠀⠑&lt;/row&gt;
          &lt;row&gt;⠀&lt;/row&gt;
          &lt;row&gt;⠕⠀⠇⠀⠊⠀⠎⠀⠊⠀⠀⠀⠍⠀⠁⠀⠓⠀⠞⠀⠁⠀⠝⠀⠥⠀⠞&lt;/row&gt;
          &lt;row&gt;⠀&lt;/row&gt;
          &lt;row&gt;⠕⠀⠇⠀⠇⠀⠁⠢⠀⠀⠍⠀⠊⠀⠑⠀⠎&lt;/row&gt;
          &lt;row&gt;⠀&lt;/row&gt;
          &lt;row&gt;⠎⠀⠁⠀⠝⠀⠕⠀⠊⠀⠀⠀⠚⠀⠁&lt;/row&gt;
        &lt;/page&gt;
        &lt;page&gt;
          &lt;row&gt;⠀⠀⠀⠀⠀⠀⠀⠀⠀⠀⠀⠀⠀⠀⠀⠀⠀⠀⠀⠀⠀⠀⠀⠀⠀⠀⠀⠼⠊⠋&lt;/row&gt;
          &lt;row&gt;⠓⠀⠽⠀⠍⠀⠽⠀⠊⠀⠇⠀⠊⠄&lt;/row&gt;
          &lt;row&gt;⠀&lt;/row&gt;
          &lt;row&gt;⠤⠀⠀⠀⠠⠞⠀⠜⠀⠓⠀⠜⠀⠝⠀⠀⠀⠁⠀⠊⠀⠅⠀⠁⠀⠁⠀⠝&lt;/row&gt;
          &lt;row&gt;⠀&lt;/row&gt;
          &lt;row&gt;⠧⠀⠥⠀⠕⠀⠙⠀⠑⠀⠎⠀⠞⠀⠁⠀⠀⠀⠞⠀⠜⠀⠜⠀⠇⠀⠇⠀⠜&lt;/row&gt;
          &lt;row&gt;⠀&lt;/row&gt;
          &lt;row&gt;⠑⠀⠊⠀⠀⠀⠕⠀⠇⠀⠑⠀⠀⠀⠍⠀⠥⠀⠊⠀⠞⠀⠁&lt;/row&gt;
          &lt;row&gt;⠀&lt;/row&gt;
          &lt;row&gt;⠅⠀⠥⠀⠇⠀⠅⠀⠊⠀⠚⠀⠕⠀⠊⠀⠞⠀⠁&lt;/row&gt;
          &lt;row&gt;⠀&lt;/row&gt;
          &lt;row&gt;⠅⠀⠥⠀⠊⠀⠝⠀⠀⠀⠍⠀⠊⠀⠝⠀⠜⠄&lt;/row&gt;
          &lt;row&gt;⠀&lt;/row&gt;
          &lt;row&gt;⠀&lt;/row&gt;
          &lt;row&gt;⠤⠀⠀⠀⠠⠕⠀⠇⠀⠑⠀⠞⠀⠞⠀⠑⠀⠅⠀⠕&lt;/row&gt;
          &lt;row&gt;⠀&lt;/row&gt;
          &lt;row&gt;⠁⠀⠊⠀⠧⠀⠁⠀⠝⠀⠀⠀⠧⠀⠁⠀⠗⠀⠍⠀⠁⠢&lt;/row&gt;
          &lt;row&gt;⠀&lt;/row&gt;
          &lt;row&gt;⠠⠺⠀⠁⠀⠇⠀⠇⠀⠁⠀⠝⠀⠙⠀⠑⠀⠗&lt;/row&gt;
          &lt;row&gt;⠀&lt;/row&gt;
          &lt;row&gt;⠅⠀⠽⠀⠎⠀⠽⠀⠊⠄&lt;/row&gt;
          &lt;row&gt;⠀&lt;/row&gt;
          &lt;row&gt;⠠⠍⠀⠊⠀⠑⠀⠎⠀⠀⠀⠎⠀⠁⠀⠝⠀⠕⠀⠊⠒&lt;/row&gt;
          &lt;row&gt;⠀&lt;/row&gt;
          &lt;row&gt;⠤⠀⠀⠀⠠⠅⠀⠽⠀⠇⠀⠇⠀⠜⠂⠀⠀⠀⠅⠀⠜⠀⠽⠀⠝&lt;/row&gt;
          &lt;row&gt;⠀&lt;/row&gt;
          &lt;row&gt;⠅⠀⠕⠀⠊⠀⠗⠀⠁⠀⠝⠀⠀⠀⠅⠀⠁⠀⠝⠀⠎⠀⠎⠀⠁&lt;/row&gt;
        &lt;/page&gt;
        &lt;page&gt;
          &lt;row&gt;⠀⠀⠀⠀⠀⠀⠀⠀⠀⠀⠀⠀⠀⠀⠀⠀⠀⠀⠀⠀⠀⠀⠀⠀⠀⠀⠀⠼⠊⠛&lt;/row&gt;
          &lt;row&gt;⠥⠀⠇⠀⠅⠀⠕⠀⠝⠀⠁⠀⠀⠀⠅⠀⠕⠀⠇⠀⠍⠀⠑&lt;/row&gt;
          &lt;row&gt;⠀&lt;/row&gt;
          &lt;row&gt;⠅⠀⠑⠀⠗⠀⠞⠀⠁⠀⠁&lt;/row&gt;
          &lt;row&gt;⠀&lt;/row&gt;
          &lt;row&gt;⠏⠀⠜⠀⠊⠀⠧⠀⠜⠀⠎⠀⠎⠀⠜⠄&lt;/row&gt;
          &lt;row&gt;⠀&lt;/row&gt;
          &lt;row&gt;⠠⠑⠀⠝⠀⠀⠀⠕⠀⠇⠀⠑⠀⠀⠀⠝⠀⠜⠀⠓⠀⠝⠀⠽⠀⠞&lt;/row&gt;
          &lt;row&gt;⠀&lt;/row&gt;
          &lt;row&gt;⠞⠀⠜⠀⠜⠀⠇⠀⠇⠀⠜&lt;/row&gt;
          &lt;row&gt;⠀&lt;/row&gt;
          &lt;row&gt;⠅⠀⠥⠀⠇⠀⠅⠀⠑⠀⠍⠀⠁⠀⠎⠀⠎⠀⠁&lt;/row&gt;
          &lt;row&gt;⠀&lt;/row&gt;
          &lt;row&gt;⠅⠀⠑⠀⠞⠀⠜⠀⠜⠀⠝⠂⠀⠀⠑⠀⠝⠀⠝⠀⠑⠀⠝&lt;/row&gt;
          &lt;row&gt;⠀&lt;/row&gt;
          &lt;row&gt;⠅⠀⠥⠀⠊⠀⠝⠀⠀⠀⠝⠀⠽⠀⠞&lt;/row&gt;
          &lt;row&gt;⠀&lt;/row&gt;
          &lt;row&gt;⠞⠀⠁⠀⠏⠀⠁⠀⠎⠀⠊⠀⠝⠀⠀⠀⠞⠀⠑⠀⠊⠀⠙⠀⠜⠀⠞⠄&lt;/row&gt;
          &lt;row&gt;⠀&lt;/row&gt;
          &lt;row&gt;⠀&lt;/row&gt;
          &lt;row&gt;⠠⠺⠀⠁⠀⠇⠀⠇⠀⠁⠀⠝⠀⠙⠀⠑⠀⠗&lt;/row&gt;
          &lt;row&gt;⠀&lt;/row&gt;
          &lt;row&gt;⠝⠀⠽⠀⠪⠀⠅⠀⠅⠀⠜⠀⠎⠀⠊⠄&lt;/row&gt;
          &lt;row&gt;⠀&lt;/row&gt;
          &lt;row&gt;⠤⠀⠀⠀⠠⠎⠀⠊⠀⠞⠀⠞⠀⠑⠀⠝⠀⠀⠀⠑⠀⠝&lt;/row&gt;
          &lt;row&gt;⠀&lt;/row&gt;
          &lt;row&gt;⠓⠀⠜⠀⠊⠀⠗⠀⠊⠀⠞⠀⠎⠀⠑⠀⠀⠀⠞⠀⠑⠀⠊⠀⠞⠀⠜&lt;/row&gt;
        &lt;/page&gt;
        &lt;page&gt;
          &lt;row&gt;⠀⠀⠀⠀⠀⠀⠀⠀⠀⠀⠀⠀⠀⠀⠀⠀⠀⠀⠀⠀⠀⠀⠀⠀⠀⠀⠀⠼⠊⠓&lt;/row&gt;
          &lt;row&gt;⠑⠀⠝⠀⠑⠀⠍⠀⠏⠀⠜⠀⠜⠂⠀⠀⠀⠓⠀⠜⠀⠝&lt;/row&gt;
          &lt;row&gt;⠀&lt;/row&gt;
          &lt;row&gt;⠎⠀⠁⠀⠝⠀⠕⠀⠊⠄&lt;/row&gt;
          &lt;row&gt;⠀&lt;/row&gt;
          &lt;row&gt;⠀&lt;/row&gt;
          &lt;row&gt;⠠⠺⠀⠁⠀⠇⠀⠇⠀⠁⠀⠝⠀⠙⠀⠑⠀⠗&lt;/row&gt;
          &lt;row&gt;⠀&lt;/row&gt;
          &lt;row&gt;⠚⠀⠁⠀⠞⠀⠅⠀⠕⠀⠊&lt;/row&gt;
          &lt;row&gt;⠀&lt;/row&gt;
          &lt;row&gt;⠑⠀⠞⠀⠑⠀⠑⠀⠝⠀⠏⠀⠜⠀⠊⠀⠝⠄&lt;/row&gt;
          &lt;row&gt;⠀&lt;/row&gt;
          &lt;row&gt;⠠⠧⠀⠜⠀⠓⠀⠜⠀⠝⠀⠀⠀⠁⠀⠚⠀⠁⠀⠝&lt;/row&gt;
          &lt;row&gt;⠀&lt;/row&gt;
          &lt;row&gt;⠏⠀⠜⠀⠜⠀⠎⠀⠞⠀⠜⠀⠀⠀⠓⠀⠜⠀⠝&lt;/row&gt;
          &lt;row&gt;⠀&lt;/row&gt;
          &lt;row&gt;⠏⠀⠽⠀⠎⠀⠜⠀⠓⠀⠞⠀⠽⠀⠊⠀⠀⠀⠚⠀⠁&lt;/row&gt;
          &lt;row&gt;⠀&lt;/row&gt;
          &lt;row&gt;⠅⠀⠜⠀⠜⠀⠝⠀⠞⠀⠽⠀⠊⠄&lt;/row&gt;
          &lt;row&gt;⠀&lt;/row&gt;
          &lt;row&gt;⠠⠅⠀⠕⠀⠊⠀⠗⠀⠁⠀⠁&lt;/row&gt;
          &lt;row&gt;⠀&lt;/row&gt;
          &lt;row&gt;⠞⠀⠁⠀⠇⠀⠥⠀⠞⠀⠞⠀⠁⠀⠧⠀⠁⠀⠁&lt;/row&gt;
          &lt;row&gt;⠀&lt;/row&gt;
          &lt;row&gt;⠍⠀⠊⠀⠑⠀⠎⠀⠞⠀⠜⠀⠀⠀⠑⠀⠊⠀⠀⠀⠑⠀⠝⠀⠜⠀⠜&lt;/row&gt;
          &lt;row&gt;⠀&lt;/row&gt;
          &lt;row&gt;⠝⠀⠜⠀⠅⠀⠽⠀⠝⠀⠽⠀⠞⠄&lt;/row&gt;
        &lt;/page&gt;
        &lt;page&gt;
          &lt;row&gt;⠀⠀⠀⠀⠀⠀⠀⠀⠀⠀⠀⠀⠀⠀⠀⠀⠀⠀⠀⠀⠀⠀⠀⠀⠀⠀⠀⠼⠊⠊&lt;/row&gt;
          &lt;row&gt;⠠⠍⠀⠊⠀⠑⠀⠎⠀⠀⠀⠞⠀⠊⠀⠑⠀⠞⠀⠜⠀⠜&lt;/row&gt;
          &lt;row&gt;⠀&lt;/row&gt;
          &lt;row&gt;⠚⠀⠕⠀⠞⠀⠁⠀⠊⠀⠝⠂&lt;/row&gt;
          &lt;row&gt;⠀&lt;/row&gt;
          &lt;row&gt;⠠⠺⠀⠁⠀⠇⠀⠇⠀⠁⠀⠝⠀⠙⠀⠑⠀⠗&lt;/row&gt;
          &lt;row&gt;⠀&lt;/row&gt;
          &lt;row&gt;⠁⠀⠚⠀⠁⠀⠞⠀⠞⠀⠑⠀⠇⠀⠊⠄&lt;/row&gt;
          &lt;row&gt;⠀&lt;/row&gt;
          &lt;row&gt;⠠⠓⠀⠜⠀⠝⠀⠀⠀⠕⠀⠇⠀⠊⠀⠀⠀⠝⠀⠜⠀⠓⠀⠝⠀⠽⠀⠞&lt;/row&gt;
          &lt;row&gt;⠀&lt;/row&gt;
          &lt;row&gt;⠍⠀⠊⠀⠑⠀⠓⠀⠑⠀⠝&lt;/row&gt;
          &lt;row&gt;⠀&lt;/row&gt;
          &lt;row&gt;⠎⠀⠊⠀⠇⠀⠍⠀⠊⠀⠎⠀⠞⠀⠜⠂⠀⠀⠑⠀⠞⠀⠞⠀⠜&lt;/row&gt;
          &lt;row&gt;⠀&lt;/row&gt;
          &lt;row&gt;⠞⠀⠜⠀⠍⠀⠜⠀⠀⠀⠞⠀⠊⠀⠑⠀⠎⠀⠊&lt;/row&gt;
          &lt;row&gt;⠀&lt;/row&gt;
          &lt;row&gt;⠚⠀⠕⠀⠞⠀⠁⠀⠊⠀⠝⠂⠀⠀⠀⠍⠀⠊⠀⠞⠀⠜⠀⠀⠀⠑⠀⠊&lt;/row&gt;
          &lt;row&gt;⠀&lt;/row&gt;
          &lt;row&gt;⠓⠀⠁⠀⠇⠀⠥⠀⠝⠀⠝⠀⠥⠀⠞&lt;/row&gt;
          &lt;row&gt;⠀&lt;/row&gt;
          &lt;row&gt;⠅⠀⠑⠀⠗⠀⠞⠀⠕⠀⠁⠄&lt;/row&gt;
          &lt;row&gt;⠀&lt;/row&gt;
          &lt;row&gt;⠠⠺⠀⠁⠀⠇⠀⠇⠀⠁⠀⠝⠀⠙⠀⠑⠀⠗&lt;/row&gt;
          &lt;row&gt;⠀&lt;/row&gt;
          &lt;row&gt;⠍⠀⠊⠀⠑⠀⠞⠀⠞⠀⠊⠂⠀⠀⠀⠍⠀⠊⠀⠞⠀⠜⠀⠀⠀⠎⠀⠑&lt;/row&gt;
          &lt;row/&gt;
        &lt;/page&gt;
        &lt;page&gt;
          &lt;row&gt;⠀⠀⠀⠀⠀⠀⠀⠀⠀⠀⠀⠀⠀⠀⠀⠀⠀⠀⠀⠀⠀⠀⠀⠀⠀⠀⠼⠁⠚⠚&lt;/row&gt;
          &lt;row&gt;⠧⠀⠕⠀⠊⠀⠎⠀⠊⠀⠀⠀⠕⠀⠇⠀⠇⠀⠁⠄&lt;/row&gt;
          &lt;row&gt;⠀&lt;/row&gt;
          &lt;row&gt;⠠⠺⠀⠁⠀⠇⠀⠇⠀⠁⠀⠝⠀⠙⠀⠑⠀⠗&lt;/row&gt;
          &lt;row&gt;⠀&lt;/row&gt;
          &lt;row&gt;⠅⠀⠁⠀⠞⠀⠎⠀⠑⠀⠇⠀⠊&lt;/row&gt;
          &lt;row&gt;⠀&lt;/row&gt;
          &lt;row&gt;⠽⠀⠍⠀⠏⠀⠜⠀⠗⠀⠊⠀⠇⠀⠇⠀⠑⠀⠑⠀⠝⠄&lt;/row&gt;
          &lt;row&gt;⠀&lt;/row&gt;
          &lt;row&gt;⠠⠗⠀⠁⠀⠝⠀⠞⠀⠁⠀⠀⠀⠕⠀⠇⠀⠊&lt;/row&gt;
          &lt;row&gt;⠀&lt;/row&gt;
          &lt;row&gt;⠞⠀⠽⠀⠓⠀⠚⠀⠜⠄&lt;/row&gt;
          &lt;row&gt;⠀&lt;/row&gt;
          &lt;row&gt;⠠⠓⠀⠜⠀⠝⠀⠀⠀⠎⠀⠑⠀⠊⠀⠎⠀⠕⠀⠊&lt;/row&gt;
          &lt;row&gt;⠀&lt;/row&gt;
          &lt;row&gt;⠁⠀⠊⠀⠧⠀⠁⠀⠝⠀⠀⠀⠓⠀⠊⠀⠇⠀⠚⠀⠁⠀⠁&lt;/row&gt;
          &lt;row&gt;⠀&lt;/row&gt;
          &lt;row&gt;⠥⠀⠎⠀⠑⠀⠊⠀⠞⠀⠁&lt;/row&gt;
          &lt;row&gt;⠀&lt;/row&gt;
          &lt;row&gt;⠍⠀⠊⠀⠝⠀⠥⠀⠥⠀⠞⠀⠞⠀⠑⠀⠚⠀⠁⠄&lt;/row&gt;
          &lt;row&gt;⠀&lt;/row&gt;
          &lt;row&gt;⠠⠎⠀⠊⠀⠞⠀⠞⠀⠑⠀⠝⠀⠀⠀⠓⠀⠜⠀⠝&lt;/row&gt;
          &lt;row&gt;⠀&lt;/row&gt;
          &lt;row&gt;⠅⠀⠜⠀⠧⠀⠑⠀⠇⠀⠊&lt;/row&gt;
          &lt;row&gt;⠀&lt;/row&gt;
          &lt;row&gt;⠞⠀⠁⠀⠅⠀⠁⠀⠊⠀⠎⠀⠊⠀⠝&lt;/row&gt;
          &lt;row/&gt;
        &lt;/page&gt;
        &lt;page&gt;
          &lt;row&gt;⠀⠀⠀⠀⠀⠀⠀⠀⠀⠀⠀⠀⠀⠀⠀⠀⠀⠀⠀⠀⠀⠀⠀⠀⠀⠀⠼⠁⠚⠁&lt;/row&gt;
          &lt;row&gt;⠁⠀⠥⠀⠞⠀⠕⠀⠇⠀⠇⠀⠑⠀⠑⠀⠝&lt;/row&gt;
          &lt;row&gt;⠀&lt;/row&gt;
          &lt;row&gt;⠚⠀⠁⠀⠀⠀⠁⠀⠚⠀⠕⠀⠊⠀⠀⠀⠅⠀⠕⠀⠞⠀⠊⠀⠊⠀⠝⠄&lt;/row&gt;
          &lt;row&gt;⠀&lt;/row&gt;
          &lt;row&gt;⠀&lt;/row&gt;
          &lt;row&gt;⠀&lt;/row&gt;
          &lt;row&gt;⠀&lt;/row&gt;
          &lt;row&gt;⠼⠙⠄&lt;/row&gt;
          &lt;row&gt;⠀&lt;/row&gt;
          &lt;row&gt;⠀&lt;/row&gt;
          &lt;row&gt;⠠⠎⠀⠑⠀⠥⠀⠗⠀⠁⠀⠁⠀⠧⠀⠁⠀⠝⠀⠁&lt;/row&gt;
          &lt;row&gt;⠀&lt;/row&gt;
          &lt;row&gt;⠁⠀⠁⠀⠍⠀⠥⠀⠝⠀⠁&lt;/row&gt;
          &lt;row&gt;⠀&lt;/row&gt;
          &lt;row&gt;⠠⠺⠀⠁⠀⠇⠀⠇⠀⠁⠀⠝⠀⠙⠀⠑⠀⠗&lt;/row&gt;
          &lt;row&gt;⠀&lt;/row&gt;
          &lt;row&gt;⠓⠀⠑⠀⠗⠀⠜⠀⠎⠀⠊&lt;/row&gt;
          &lt;row&gt;⠀&lt;/row&gt;
          &lt;row&gt;⠁⠀⠊⠀⠅⠀⠁⠀⠊⠀⠎⠀⠊⠀⠝⠀⠀⠀⠚⠀⠁&lt;/row&gt;
          &lt;row&gt;⠀&lt;/row&gt;
          &lt;row&gt;⠓⠀⠊⠀⠅⠀⠊⠀⠎⠀⠑⠀⠝⠀⠜⠄&lt;/row&gt;
          &lt;row&gt;⠀&lt;/row&gt;
          &lt;row&gt;⠠⠓⠀⠜⠀⠝⠀⠀⠀⠕⠀⠇⠀⠊⠀⠀⠀⠝⠀⠜⠀⠓⠀⠝⠀⠽⠀⠞&lt;/row&gt;
          &lt;row&gt;⠀&lt;/row&gt;
          &lt;row&gt;⠏⠀⠁⠀⠊⠀⠝⠀⠁⠀⠚⠀⠁⠀⠊⠀⠎⠀⠥⠀⠝⠀⠞⠀⠁⠂&lt;/row&gt;
          &lt;row/&gt;
        &lt;/page&gt;
        &lt;page&gt;
          &lt;row&gt;⠀⠀⠀⠀⠀⠀⠀⠀⠀⠀⠀⠀⠀⠀⠀⠀⠀⠀⠀⠀⠀⠀⠀⠀⠀⠀⠼⠁⠚⠃&lt;/row&gt;
          &lt;row&gt;⠍⠀⠥⠀⠞⠀⠞⠀⠁⠀⠀⠀⠓⠀⠜⠀⠝⠀⠀⠀⠑⠀⠊&lt;/row&gt;
          &lt;row&gt;⠀&lt;/row&gt;
          &lt;row&gt;⠍⠀⠥⠀⠊⠀⠎⠀⠞⠀⠁⠀⠝⠀⠥⠀⠞⠂⠀⠀⠀⠍⠀⠊⠀⠞⠀⠜&lt;/row&gt;
          &lt;row&gt;⠀&lt;/row&gt;
          &lt;row&gt;⠥⠀⠝⠀⠑⠀⠎⠀⠎⠀⠁⠀⠀⠀⠕⠀⠇⠀⠊&lt;/row&gt;
          &lt;row&gt;⠀&lt;/row&gt;
          &lt;row&gt;⠕⠀⠇⠀⠇⠀⠥⠀⠞⠄&lt;/row&gt;
          &lt;row&gt;⠀&lt;/row&gt;
          &lt;row&gt;⠀&lt;/row&gt;
          &lt;row&gt;⠠⠓⠀⠜⠀⠝⠀⠀⠀⠅⠀⠜⠀⠧⠀⠊&lt;/row&gt;
          &lt;row&gt;⠀&lt;/row&gt;
          &lt;row&gt;⠎⠀⠥⠀⠊⠀⠓⠀⠅⠀⠥⠀⠎⠀⠎⠀⠁⠂⠀⠀⠚⠀⠕⠀⠊&lt;/row&gt;
          &lt;row&gt;⠀&lt;/row&gt;
          &lt;row&gt;⠁⠀⠁⠀⠍⠀⠥⠀⠅⠀⠁⠀⠓⠀⠧⠀⠊⠀⠝⠀⠀⠀⠚⠀⠁&lt;/row&gt;
          &lt;row&gt;⠀&lt;/row&gt;
          &lt;row&gt;⠇⠀⠥⠀⠅⠀⠊⠀⠀⠀⠇⠀⠑⠀⠓⠀⠙⠀⠑⠀⠝⠄&lt;/row&gt;
          &lt;row&gt;⠀&lt;/row&gt;
          &lt;row&gt;⠀&lt;/row&gt;
          &lt;row&gt;⠠⠅⠀⠥⠀⠝⠀⠀⠀⠓⠀⠜⠀⠝⠀⠀⠀⠁⠀⠚⠀⠕⠀⠊&lt;/row&gt;
          &lt;row&gt;⠀&lt;/row&gt;
          &lt;row&gt;⠅⠀⠕⠀⠓⠀⠞⠀⠊&lt;/row&gt;
          &lt;row&gt;⠀&lt;/row&gt;
          &lt;row&gt;⠏⠀⠕⠀⠇⠀⠊⠀⠊⠀⠎⠀⠊⠀⠞⠀⠁⠀⠇⠀⠕⠀⠁⠂&lt;/row&gt;
          &lt;row&gt;⠀&lt;/row&gt;
          &lt;row&gt;⠁⠀⠥⠀⠗⠀⠊⠀⠝⠀⠅⠀⠕&lt;/row&gt;
          &lt;row/&gt;
        &lt;/page&gt;
        &lt;page&gt;
          &lt;row&gt;⠀⠀⠀⠀⠀⠀⠀⠀⠀⠀⠀⠀⠀⠀⠀⠀⠀⠀⠀⠀⠀⠀⠀⠀⠀⠀⠼⠁⠚⠉&lt;/row&gt;
          &lt;row&gt;⠏⠀⠁⠀⠊⠀⠎⠀⠞⠀⠕⠀⠊&lt;/row&gt;
          &lt;row&gt;⠀&lt;/row&gt;
          &lt;row&gt;⠎⠀⠊⠀⠝⠀⠊⠀⠎⠀⠑⠀⠇⠀⠞⠀⠜&lt;/row&gt;
          &lt;row&gt;⠀&lt;/row&gt;
          &lt;row&gt;⠞⠀⠁⠀⠊⠀⠧⠀⠁⠀⠁⠀⠇⠀⠞⠀⠁⠄&lt;/row&gt;
          &lt;row&gt;⠀&lt;/row&gt;
          &lt;row&gt;⠠⠏⠀⠜⠀⠊⠀⠧⠀⠜⠀⠎⠀⠞⠀⠜⠀⠀⠀⠧⠀⠕⠀⠊⠀⠎⠀⠊&lt;/row&gt;
          &lt;row&gt;⠀&lt;/row&gt;
          &lt;row&gt;⠞⠀⠥⠀⠇⠀⠇⠀⠁⠀⠀⠀⠇⠀⠜⠀⠍⠀⠍⠀⠊⠀⠝⠄&lt;/row&gt;
          &lt;row&gt;⠀&lt;/row&gt;
          &lt;row&gt;⠠⠅⠀⠑⠀⠧⠀⠜⠀⠞⠀⠀⠀⠕⠀⠇⠀⠊&lt;/row&gt;
          &lt;row&gt;⠀&lt;/row&gt;
          &lt;row&gt;⠧⠀⠊⠀⠓⠀⠙⠀⠕⠀⠊⠀⠝⠀⠀⠀⠞⠀⠥⠀⠇⠀⠇⠀⠥⠀⠞⠄&lt;/row&gt;
          &lt;row&gt;⠀&lt;/row&gt;
          &lt;row&gt;⠀&lt;/row&gt;
          &lt;row&gt;⠠⠅⠀⠁⠀⠓⠀⠙⠀⠑⠀⠅⠀⠎⠀⠁⠀⠇⠀⠞⠀⠁&lt;/row&gt;
          &lt;row&gt;⠀&lt;/row&gt;
          &lt;row&gt;⠠⠺⠀⠁⠀⠇⠀⠇⠀⠁⠀⠝⠀⠙⠀⠑⠀⠗⠀⠊⠀⠇⠀⠇⠀⠁&lt;/row&gt;
          &lt;row&gt;⠀&lt;/row&gt;
          &lt;row&gt;⠕⠀⠇⠀⠊⠀⠀⠀⠅⠀⠕⠀⠅⠀⠕⠀⠥⠀⠎&lt;/row&gt;
          &lt;row&gt;⠀&lt;/row&gt;
          &lt;row&gt;⠠⠓⠀⠁⠀⠝⠀⠎⠀⠎⠀⠕⠀⠝⠀⠊⠀⠝⠀⠀⠀⠚⠀⠁&lt;/row&gt;
          &lt;row&gt;⠀&lt;/row&gt;
          &lt;row&gt;⠠⠁⠀⠝⠀⠝⠀⠤⠠⠃⠀⠗⠀⠊⠀⠞⠀⠞&lt;/row&gt;
          &lt;row&gt;⠀&lt;/row&gt;
          &lt;row&gt;⠠⠓⠀⠪⠀⠛⠀⠇⠀⠥⠀⠝⠀⠙⠀⠊⠀⠝&lt;/row&gt;
        &lt;/page&gt;
        &lt;page&gt;
          &lt;row&gt;⠀⠀⠀⠀⠀⠀⠀⠀⠀⠀⠀⠀⠀⠀⠀⠀⠀⠀⠀⠀⠀⠀⠀⠀⠀⠀⠼⠁⠚⠙&lt;/row&gt;
          &lt;row&gt;⠅⠀⠁⠀⠝⠀⠎⠀⠎⠀⠁⠄&lt;/row&gt;
          &lt;row&gt;⠀&lt;/row&gt;
          &lt;row&gt;⠀&lt;/row&gt;
          &lt;row&gt;⠤⠀⠀⠀⠠⠏⠀⠥⠀⠓⠀⠥⠀⠊⠀⠝&lt;/row&gt;
          &lt;row&gt;⠀&lt;/row&gt;
          &lt;row&gt;⠥⠀⠥⠀⠙⠀⠑⠀⠇⠀⠇⠀⠑⠀⠑⠀⠝&lt;/row&gt;
          &lt;row&gt;⠀&lt;/row&gt;
          &lt;row&gt;⠠⠁⠀⠇⠀⠑⠀⠭⠀⠁⠀⠝⠀⠙⠀⠑⠀⠗⠀⠎⠀⠤&lt;/row&gt;
          &lt;row&gt;⠀&lt;/row&gt;
          &lt;row&gt;⠎⠀⠕⠀⠝⠀⠊⠀⠝&lt;/row&gt;
          &lt;row&gt;⠀&lt;/row&gt;
          &lt;row&gt;⠑⠀⠝⠀⠞⠀⠊⠀⠎⠀⠑⠀⠝&lt;/row&gt;
          &lt;row&gt;⠀&lt;/row&gt;
          &lt;row&gt;⠏⠀⠥⠀⠕⠀⠇⠀⠊⠀⠎⠀⠕⠀⠝&lt;/row&gt;
          &lt;row&gt;⠀&lt;/row&gt;
          &lt;row&gt;⠅⠀⠁⠀⠝⠀⠎⠀⠎⠀⠁⠂&lt;/row&gt;
          &lt;row&gt;⠀&lt;/row&gt;
          &lt;row&gt;⠠⠁⠀⠝⠀⠝⠀⠤⠠⠃⠀⠗⠀⠊⠀⠞⠀⠞&lt;/row&gt;
          &lt;row&gt;⠀&lt;/row&gt;
          &lt;row&gt;⠠⠓⠀⠪⠀⠛⠀⠇⠀⠥⠀⠝⠀⠙⠀⠀⠀⠎⠀⠁⠀⠝⠀⠕⠀⠊⠄&lt;/row&gt;
          &lt;row&gt;⠀&lt;/row&gt;
          &lt;row&gt;⠤⠀⠀⠀⠠⠅⠀⠽⠀⠎⠀⠽⠀⠊⠀⠝&lt;/row&gt;
          &lt;row&gt;⠀&lt;/row&gt;
          &lt;row&gt;⠓⠀⠑⠀⠊⠀⠙⠀⠜⠀⠝&lt;/row&gt;
          &lt;row&gt;⠀&lt;/row&gt;
          &lt;row&gt;⠏⠀⠕⠀⠚⠀⠁⠀⠎⠀⠞⠀⠁⠀⠁⠀⠝⠄&lt;/row&gt;
        &lt;/page&gt;
        &lt;page&gt;
          &lt;row&gt;⠀⠀⠀⠀⠀⠀⠀⠀⠀⠀⠀⠀⠀⠀⠀⠀⠀⠀⠀⠀⠀⠀⠀⠀⠀⠀⠼⠁⠚⠑&lt;/row&gt;
          &lt;row&gt;⠠⠓⠀⠜⠀⠝⠀⠀⠀⠑⠀⠊&lt;/row&gt;
          &lt;row&gt;⠀&lt;/row&gt;
          &lt;row&gt;⠓⠀⠁⠀⠇⠀⠥⠀⠝⠀⠝⠀⠥⠀⠞⠀⠀⠀⠏⠀⠥⠀⠓⠀⠥⠀⠁&lt;/row&gt;
          &lt;row&gt;⠀&lt;/row&gt;
          &lt;row&gt;⠎⠀⠊⠀⠊⠀⠞⠀⠜⠄&lt;/row&gt;
          &lt;row&gt;⠀&lt;/row&gt;
          &lt;row&gt;⠀&lt;/row&gt;
          &lt;row&gt;⠠⠓⠀⠜⠀⠝⠀⠀⠀⠅⠀⠑⠀⠗⠀⠞⠀⠕⠀⠊⠂&lt;/row&gt;
          &lt;row&gt;⠀&lt;/row&gt;
          &lt;row&gt;⠑⠀⠞⠀⠞⠀⠜⠀⠀⠀⠏⠀⠕⠀⠚⠀⠁⠀⠝&lt;/row&gt;
          &lt;row&gt;⠀&lt;/row&gt;
          &lt;row&gt;⠅⠀⠊⠀⠍⠀⠏⠀⠏⠀⠥⠀⠥⠀⠝⠀⠀⠀⠕⠀⠇⠀⠊&lt;/row&gt;
          &lt;row&gt;⠀&lt;/row&gt;
          &lt;row&gt;⠅⠀⠜⠀⠽⠀⠞⠀⠽⠀⠀⠀⠅⠀⠁⠀⠙⠀⠥⠀⠇⠀⠇⠀⠁&lt;/row&gt;
          &lt;row&gt;⠀&lt;/row&gt;
          &lt;row&gt;⠠⠞⠀⠥⠀⠅⠀⠓⠀⠕⠀⠇⠀⠍⠀⠁⠀⠎⠀⠎⠀⠁⠄&lt;/row&gt;
          &lt;row&gt;⠀&lt;/row&gt;
          &lt;row&gt;⠠⠧⠀⠁⠀⠊⠀⠅⠀⠥⠀⠞⠀⠞⠀⠊&lt;/row&gt;
          &lt;row&gt;⠀&lt;/row&gt;
          &lt;row&gt;⠎⠀⠊⠀⠇⠀⠞⠀⠜⠂⠀⠀⠀⠑⠀⠞⠀⠞⠀⠜&lt;/row&gt;
          &lt;row&gt;⠀&lt;/row&gt;
          &lt;row&gt;⠓⠀⠽⠀⠪⠀⠅⠀⠅⠀⠜⠀⠽⠀⠅⠀⠎⠀⠑⠀⠇⠀⠇⠀⠜&lt;/row&gt;
          &lt;row&gt;⠀&lt;/row&gt;
          &lt;row&gt;⠑⠀⠊⠀⠀⠀⠕⠀⠇⠀⠇⠀⠥⠀⠞&lt;/row&gt;
          &lt;row&gt;⠀&lt;/row&gt;
          &lt;row&gt;⠍⠀⠊⠀⠞⠀⠜⠀⠜⠀⠝&lt;/row&gt;
        &lt;/page&gt;
        &lt;page&gt;
          &lt;row&gt;⠀⠀⠀⠀⠀⠀⠀⠀⠀⠀⠀⠀⠀⠀⠀⠀⠀⠀⠀⠀⠀⠀⠀⠀⠀⠀⠼⠁⠚⠋&lt;/row&gt;
          &lt;row&gt;⠞⠀⠁⠀⠗⠀⠅⠀⠕⠀⠊⠀⠞⠀⠥⠀⠎⠀⠞⠀⠁⠄&lt;/row&gt;
          &lt;row&gt;⠀&lt;/row&gt;
          &lt;row&gt;⠠⠏⠀⠕⠀⠊⠀⠅⠀⠁⠀⠁⠀⠀⠀⠑⠀⠊⠀⠀⠀⠑⠀⠙⠀⠑⠀⠎&lt;/row&gt;
          &lt;row&gt;⠀&lt;/row&gt;
          &lt;row&gt;⠗⠀⠽⠀⠪⠀⠎⠀⠞⠀⠑⠀⠞⠀⠞⠀⠽⠄&lt;/row&gt;
          &lt;row&gt;⠀&lt;/row&gt;
          &lt;row&gt;⠀&lt;/row&gt;
          &lt;row&gt;⠤⠀⠀⠀⠠⠥⠀⠎⠀⠅⠀⠕⠀⠝&lt;/row&gt;
          &lt;row&gt;⠀&lt;/row&gt;
          &lt;row&gt;⠑⠀⠙⠀⠑⠀⠇⠀⠇⠀⠑⠀⠑⠀⠝⠂&lt;/row&gt;
          &lt;row&gt;⠀&lt;/row&gt;
          &lt;row&gt;⠑⠀⠞⠀⠞⠀⠜&lt;/row&gt;
          &lt;row&gt;⠀&lt;/row&gt;
          &lt;row&gt;⠠⠁⠀⠇⠀⠑⠀⠭⠀⠁⠀⠝⠀⠙⠀⠑⠀⠗⠀⠎⠀⠤&lt;/row&gt;
          &lt;row&gt;⠀&lt;/row&gt;
          &lt;row&gt;⠎⠀⠕⠀⠝⠀⠊⠀⠝⠀⠀⠀⠅⠀⠥⠀⠕⠀⠇⠀⠑⠀⠍⠀⠁&lt;/row&gt;
          &lt;row&gt;⠀&lt;/row&gt;
          &lt;row&gt;⠇⠀⠊⠀⠊⠀⠞⠀⠞⠀⠽⠀⠽&lt;/row&gt;
          &lt;row&gt;⠀&lt;/row&gt;
          &lt;row&gt;⠚⠀⠕⠀⠇⠀⠇⠀⠁⠀⠊⠀⠝&lt;/row&gt;
          &lt;row&gt;⠀&lt;/row&gt;
          &lt;row&gt;⠞⠀⠁⠀⠧⠀⠁⠀⠇⠀⠇⠀⠁⠀⠀⠀⠓⠀⠜⠀⠝⠀⠑⠀⠝&lt;/row&gt;
          &lt;row&gt;⠀&lt;/row&gt;
          &lt;row&gt;⠏⠀⠕⠀⠊⠀⠅⠀⠁⠀⠝⠀⠎⠀⠁&lt;/row&gt;
          &lt;row&gt;⠀&lt;/row&gt;
          &lt;row&gt;⠅⠀⠥⠀⠕⠀⠇⠀⠑⠀⠍⠀⠁⠀⠁⠀⠝⠂&lt;/row&gt;
        &lt;/page&gt;
        &lt;page&gt;
          &lt;row&gt;⠀⠀⠀⠀⠀⠀⠀⠀⠀⠀⠀⠀⠀⠀⠀⠀⠀⠀⠀⠀⠀⠀⠀⠀⠀⠀⠼⠁⠚⠛&lt;/row&gt;
          &lt;row&gt;⠠⠺⠀⠁⠀⠇⠀⠇⠀⠁⠀⠝⠀⠙⠀⠑⠀⠗&lt;/row&gt;
          &lt;row&gt;⠀&lt;/row&gt;
          &lt;row&gt;⠎⠀⠁⠀⠝⠀⠕⠀⠊⠄&lt;/row&gt;
          &lt;row&gt;⠀&lt;/row&gt;
          &lt;row&gt;⠠⠓⠀⠜⠀⠝⠀⠀⠀⠅⠀⠜⠀⠜⠀⠝⠀⠞⠀⠽⠀⠊&lt;/row&gt;
          &lt;row&gt;⠀&lt;/row&gt;
          &lt;row&gt;⠠⠓⠀⠁⠀⠝⠀⠎⠀⠎⠀⠕⠀⠝⠀⠊⠀⠁&lt;/row&gt;
          &lt;row&gt;⠀&lt;/row&gt;
          &lt;row&gt;⠅⠀⠕⠀⠓⠀⠞⠀⠊⠄&lt;/row&gt;
          &lt;row&gt;⠀&lt;/row&gt;
          &lt;row&gt;⠤⠀⠀⠀⠠⠎⠀⠊⠀⠝⠀⠜⠀⠀⠀⠎⠀⠁⠀⠁⠀⠞&lt;/row&gt;
          &lt;row&gt;⠀&lt;/row&gt;
          &lt;row&gt;⠎⠀⠑⠀⠇⠀⠧⠀⠊⠀⠞⠀⠞⠀⠜⠀⠜&lt;/row&gt;
          &lt;row&gt;⠀&lt;/row&gt;
          &lt;row&gt;⠏⠀⠕⠀⠚⠀⠁⠀⠝⠀⠀⠀⠅⠀⠥⠀⠕⠀⠇⠀⠑⠀⠍⠀⠁⠀⠁&lt;/row&gt;
          &lt;row&gt;⠀&lt;/row&gt;
          &lt;row&gt;⠞⠀⠁⠀⠗⠀⠅⠀⠑⠀⠍⠀⠍⠀⠊⠀⠝⠄&lt;/row&gt;
          &lt;row&gt;⠀&lt;/row&gt;
          &lt;row&gt;⠠⠍⠀⠊⠀⠝⠀⠜⠀⠀⠀⠚⠀⠁⠀⠀⠀⠠⠁⠀⠝⠀⠝⠀⠤&lt;/row&gt;
          &lt;row&gt;⠀&lt;/row&gt;
          &lt;row&gt;⠠⠃⠀⠗⠀⠊⠀⠞⠀⠞⠀⠀⠀⠇⠀⠜⠀⠓⠀⠙⠀⠑⠀⠍⠀⠍⠀⠑&lt;/row&gt;
          &lt;row&gt;⠀&lt;/row&gt;
          &lt;row&gt;⠠⠎⠀⠧⠀⠁⠀⠗⠀⠞⠀⠑⠀⠑⠀⠝&lt;/row&gt;
          &lt;row&gt;⠀&lt;/row&gt;
          &lt;row&gt;⠅⠀⠽⠀⠎⠀⠑⠀⠇⠀⠑⠀⠍⠀⠜⠀⠜⠀⠝&lt;/row&gt;
          &lt;row/&gt;
        &lt;/page&gt;
        &lt;page&gt;
          &lt;row&gt;⠀⠀⠀⠀⠀⠀⠀⠀⠀⠀⠀⠀⠀⠀⠀⠀⠀⠀⠀⠀⠀⠀⠀⠀⠀⠀⠼⠁⠚⠓&lt;/row&gt;
          &lt;row&gt;⠞⠀⠊⠀⠑⠀⠞⠀⠕⠀⠚⠀⠁&lt;/row&gt;
          &lt;row&gt;⠀&lt;/row&gt;
          &lt;row&gt;⠁⠀⠎⠀⠥⠀⠅⠀⠅⠀⠁⠀⠊⠀⠇⠀⠞⠀⠁⠄&lt;/row&gt;
          &lt;row&gt;⠀&lt;/row&gt;
          &lt;row&gt;⠀&lt;/row&gt;
          &lt;row&gt;⠠⠅⠀⠥⠀⠗⠀⠞&lt;/row&gt;
          &lt;row&gt;⠀&lt;/row&gt;
          &lt;row&gt;⠠⠺⠀⠁⠀⠇⠀⠇⠀⠁⠀⠝⠀⠙⠀⠑⠀⠗⠀⠀⠀⠚⠀⠁&lt;/row&gt;
          &lt;row&gt;⠀&lt;/row&gt;
          &lt;row&gt;⠠⠁⠀⠝⠀⠝⠀⠤⠠⠃⠀⠗⠀⠊⠀⠞⠀⠞&lt;/row&gt;
          &lt;row&gt;⠀&lt;/row&gt;
          &lt;row&gt;⠠⠓⠀⠪⠀⠛⠀⠇⠀⠥⠀⠝⠀⠙&lt;/row&gt;
          &lt;row&gt;⠀&lt;/row&gt;
          &lt;row&gt;⠁⠀⠚⠀⠕⠀⠊⠀⠧⠀⠁⠀⠞⠀⠀⠀⠅⠀⠕⠀⠓⠀⠞⠀⠊&lt;/row&gt;
          &lt;row&gt;⠀&lt;/row&gt;
          &lt;row&gt;⠠⠎⠀⠧⠀⠁⠀⠗⠀⠞⠀⠑⠀⠁⠄&lt;/row&gt;
          &lt;row&gt;⠀&lt;/row&gt;
          &lt;row&gt;⠀&lt;/row&gt;
          &lt;row&gt;⠤⠀⠀⠀⠠⠞⠀⠜⠀⠜⠀⠇⠀⠇⠀⠜⠀⠀⠀⠕⠀⠝&lt;/row&gt;
          &lt;row&gt;⠀&lt;/row&gt;
          &lt;row&gt;⠅⠀⠁⠀⠥⠀⠝⠀⠊⠀⠎⠀⠞⠀⠁⠂&lt;/row&gt;
          &lt;row&gt;⠀&lt;/row&gt;
          &lt;row&gt;⠠⠁⠀⠝⠀⠝⠀⠤⠠⠃⠀⠗⠀⠊⠀⠞⠀⠞&lt;/row&gt;
          &lt;row&gt;⠀&lt;/row&gt;
          &lt;row&gt;⠠⠓⠀⠪⠀⠛⠀⠇⠀⠥⠀⠝⠀⠙⠀⠀⠀⠎⠀⠁⠀⠝⠀⠕⠀⠊⠄&lt;/row&gt;
          &lt;row/&gt;
        &lt;/page&gt;
        &lt;page&gt;
          &lt;row&gt;⠀⠀⠀⠀⠀⠀⠀⠀⠀⠀⠀⠀⠀⠀⠀⠀⠀⠀⠀⠀⠀⠀⠀⠀⠀⠀⠼⠁⠚⠊&lt;/row&gt;
          &lt;row&gt;⠤⠀⠀⠀⠠⠅⠀⠽⠀⠇⠀⠇⠀⠜⠂&lt;/row&gt;
          &lt;row&gt;⠀&lt;/row&gt;
          &lt;row&gt;⠁⠀⠊⠀⠝⠀⠁⠀⠅⠀⠊⠀⠝&lt;/row&gt;
          &lt;row&gt;⠀&lt;/row&gt;
          &lt;row&gt;⠎⠀⠊⠀⠇⠀⠇⠀⠕⠀⠊⠀⠝⠀⠀⠀⠅⠀⠥⠀⠝&lt;/row&gt;
          &lt;row&gt;⠀&lt;/row&gt;
          &lt;row&gt;⠁⠀⠥⠀⠗⠀⠊⠀⠝⠀⠅⠀⠕&lt;/row&gt;
          &lt;row&gt;⠀&lt;/row&gt;
          &lt;row&gt;⠏⠀⠁⠀⠊⠀⠎⠀⠞⠀⠁⠀⠁⠂&lt;/row&gt;
          &lt;row&gt;⠀&lt;/row&gt;
          &lt;row&gt;⠠⠺⠀⠁⠀⠇⠀⠇⠀⠁⠀⠝⠀⠙⠀⠑⠀⠗&lt;/row&gt;
          &lt;row&gt;⠀&lt;/row&gt;
          &lt;row&gt;⠧⠀⠁⠀⠓⠀⠧⠀⠊⠀⠎⠀⠞⠀⠊⠄&lt;/row&gt;
          &lt;row&gt;⠀&lt;/row&gt;
          &lt;row&gt;⠀&lt;/row&gt;
          &lt;row&gt;⠠⠓⠀⠑⠀⠀⠀⠏⠀⠽⠀⠎⠀⠜⠀⠅⠀⠪⠀⠊⠀⠧⠀⠜⠀⠞&lt;/row&gt;
          &lt;row&gt;⠀&lt;/row&gt;
          &lt;row&gt;⠁⠀⠇⠀⠥⠀⠑⠀⠑⠀⠝&lt;/row&gt;
          &lt;row&gt;⠀&lt;/row&gt;
          &lt;row&gt;⠅⠀⠑⠀⠎⠀⠅⠀⠑⠀⠇⠀⠇⠀⠑⠄&lt;/row&gt;
          &lt;row&gt;⠀&lt;/row&gt;
          &lt;row&gt;⠀&lt;/row&gt;
          &lt;row&gt;⠠⠓⠀⠑⠀⠀⠀⠕⠀⠇⠀⠊⠀⠧⠀⠁⠀⠞&lt;/row&gt;
          &lt;row&gt;⠀&lt;/row&gt;
          &lt;row&gt;⠎⠀⠥⠀⠥⠀⠗⠀⠑⠀⠝⠀⠞⠀⠁⠀⠝⠀⠑⠀⠑⠀⠞&lt;/row&gt;
          &lt;row/&gt;
        &lt;/page&gt;
        &lt;page&gt;
          &lt;row&gt;⠀⠀⠀⠀⠀⠀⠀⠀⠀⠀⠀⠀⠀⠀⠀⠀⠀⠀⠀⠀⠀⠀⠀⠀⠀⠀⠼⠁⠁⠚&lt;/row&gt;
          &lt;row&gt;⠠⠁⠀⠇⠀⠑⠀⠭⠀⠁⠀⠝⠀⠙⠀⠑⠀⠗⠀⠎⠀⠤&lt;/row&gt;
          &lt;row&gt;⠀&lt;/row&gt;
          &lt;row&gt;⠎⠀⠕⠀⠝⠀⠊⠀⠝&lt;/row&gt;
          &lt;row&gt;⠀&lt;/row&gt;
          &lt;row&gt;⠧⠀⠁⠀⠇⠀⠕⠀⠅⠀⠥⠀⠧⠀⠁⠀⠝&lt;/row&gt;
          &lt;row&gt;⠀&lt;/row&gt;
          &lt;row&gt;⠞⠀⠜⠀⠍⠀⠜⠀⠝&lt;/row&gt;
          &lt;row&gt;⠀&lt;/row&gt;
          &lt;row&gt;⠁⠀⠚⠀⠕⠀⠅⠀⠕⠀⠗⠀⠞⠀⠊⠀⠎⠀⠞⠀⠁&lt;/row&gt;
          &lt;row&gt;⠀&lt;/row&gt;
          &lt;row&gt;⠚⠀⠁⠀⠀⠀⠕⠀⠞⠀⠞⠀⠁⠀⠝⠀⠑⠀⠑⠀⠞&lt;/row&gt;
          &lt;row&gt;⠀&lt;/row&gt;
          &lt;row&gt;⠎⠀⠊⠀⠊⠀⠞⠀⠜⠀⠀⠀⠅⠀⠕⠀⠏⠀⠊⠀⠕⠀⠊⠀⠞⠀⠁⠄&lt;/row&gt;
          &lt;row&gt;⠀&lt;/row&gt;
          &lt;row&gt;⠠⠓⠀⠑⠀⠀⠀⠁⠀⠊⠀⠅⠀⠕⠀⠊⠀⠧⠀⠁⠀⠞&lt;/row&gt;
          &lt;row&gt;⠀&lt;/row&gt;
          &lt;row&gt;⠝⠀⠜⠀⠽⠀⠞⠀⠞⠀⠜⠀⠜&lt;/row&gt;
          &lt;row&gt;⠀&lt;/row&gt;
          &lt;row&gt;⠧⠀⠁⠀⠇⠀⠕⠀⠅⠀⠥⠀⠧⠀⠁⠀⠁&lt;/row&gt;
          &lt;row&gt;⠀&lt;/row&gt;
          &lt;row&gt;⠊⠀⠓⠀⠍⠀⠊⠀⠎⠀⠊⠀⠇⠀⠇⠀⠑&lt;/row&gt;
          &lt;row&gt;⠀&lt;/row&gt;
          &lt;row&gt;⠚⠀⠁⠀⠀⠀⠅⠀⠽⠀⠎⠀⠑⠀⠇⠀⠇⠀⠜⠂&lt;/row&gt;
          &lt;row&gt;⠀&lt;/row&gt;
          &lt;row&gt;⠕⠀⠇⠀⠊⠀⠧⠀⠁⠀⠞⠀⠅⠀⠕⠀⠀⠀⠝⠀⠜⠀⠍⠀⠜&lt;/row&gt;
          &lt;row/&gt;
        &lt;/page&gt;
        &lt;page&gt;
          &lt;row&gt;⠀⠀⠀⠀⠀⠀⠀⠀⠀⠀⠀⠀⠀⠀⠀⠀⠀⠀⠀⠀⠀⠀⠀⠀⠀⠀⠼⠁⠁⠁&lt;/row&gt;
          &lt;row&gt;⠝⠀⠜⠀⠓⠀⠝⠀⠑⠀⠑⠀⠞&lt;/row&gt;
          &lt;row&gt;⠀&lt;/row&gt;
          &lt;row&gt;⠠⠁⠀⠇⠀⠑⠀⠭⠀⠁⠀⠝⠀⠙⠀⠑⠀⠗⠀⠎⠀⠤&lt;/row&gt;
          &lt;row&gt;⠀&lt;/row&gt;
          &lt;row&gt;⠎⠀⠕⠀⠝⠀⠊⠀⠁⠄&lt;/row&gt;
          &lt;row&gt;⠀&lt;/row&gt;
          &lt;row&gt;⠀&lt;/row&gt;
          &lt;row&gt;⠠⠺⠀⠁⠀⠇⠀⠇⠀⠁⠀⠝⠀⠙⠀⠑⠀⠗&lt;/row&gt;
          &lt;row&gt;⠀&lt;/row&gt;
          &lt;row&gt;⠎⠀⠁⠀⠝⠀⠕⠀⠊⠒&lt;/row&gt;
          &lt;row&gt;⠀&lt;/row&gt;
          &lt;row&gt;⠤⠀⠀⠀⠠⠁⠀⠇⠀⠕⠀⠊⠀⠞⠀⠑⠀⠞⠀⠁⠀⠁⠀⠝&lt;/row&gt;
          &lt;row&gt;⠀&lt;/row&gt;
          &lt;row&gt;⠗⠀⠁⠀⠝⠀⠝⠀⠁⠀⠇⠀⠇⠀⠁&lt;/row&gt;
          &lt;row&gt;⠀&lt;/row&gt;
          &lt;row&gt;⠕⠀⠇⠀⠑⠀⠧⠀⠊⠀⠎⠀⠞⠀⠁&lt;/row&gt;
          &lt;row&gt;⠀&lt;/row&gt;
          &lt;row&gt;⠓⠀⠥⠀⠧⠀⠊⠀⠇⠀⠕⠀⠊⠀⠎⠀⠞⠀⠁⠄&lt;/row&gt;
          &lt;row&gt;⠀&lt;/row&gt;
          &lt;row&gt;⠠⠁⠀⠇⠀⠕⠀⠊⠀⠞⠀⠁⠀⠀⠀⠎⠀⠊⠀⠝⠀⠜&lt;/row&gt;
          &lt;row&gt;⠀&lt;/row&gt;
          &lt;row&gt;⠞⠀⠕⠀⠊⠀⠎⠀⠑⠀⠎⠀⠞⠀⠁&lt;/row&gt;
          &lt;row&gt;⠀&lt;/row&gt;
          &lt;row&gt;⠏⠀⠜⠀⠜⠀⠎⠀⠞⠀⠜⠀⠀⠀⠗⠀⠁⠀⠝⠀⠞⠀⠁⠀⠁⠂&lt;/row&gt;
          &lt;row&gt;⠀&lt;/row&gt;
          &lt;row&gt;⠝⠀⠊⠀⠊⠀⠝⠀⠀⠀⠍⠀⠊⠀⠝⠀⠜&lt;/row&gt;
        &lt;/page&gt;
        &lt;page&gt;
          &lt;row&gt;⠀⠀⠀⠀⠀⠀⠀⠀⠀⠀⠀⠀⠀⠀⠀⠀⠀⠀⠀⠀⠀⠀⠀⠀⠀⠀⠼⠁⠁⠃&lt;/row&gt;
          &lt;row&gt;⠁⠀⠇⠀⠕⠀⠊⠀⠞⠀⠁⠀⠝&lt;/row&gt;
          &lt;row&gt;⠀&lt;/row&gt;
          &lt;row&gt;⠞⠀⠕⠀⠊⠀⠎⠀⠑⠀⠎⠀⠞⠀⠁&lt;/row&gt;
          &lt;row&gt;⠀&lt;/row&gt;
          &lt;row&gt;⠏⠀⠜⠀⠜⠀⠎⠀⠞⠀⠜⠄&lt;/row&gt;
          &lt;row&gt;⠀&lt;/row&gt;
          &lt;row&gt;⠠⠞⠀⠁⠀⠏⠀⠁⠀⠁⠀⠍⠀⠍⠀⠑&lt;/row&gt;
          &lt;row&gt;⠀&lt;/row&gt;
          &lt;row&gt;⠏⠀⠥⠀⠕⠀⠇⠀⠊⠀⠧⠀⠜⠀⠇⠀⠊⠀⠎⠀⠎⠀⠜⠄&lt;/row&gt;
          &lt;row&gt;⠀&lt;/row&gt;
          &lt;row&gt;⠠⠽⠀⠗⠀⠊⠀⠞⠀⠜⠀⠀⠀⠍⠀⠽⠀⠪⠀⠎&lt;/row&gt;
          &lt;row&gt;⠀&lt;/row&gt;
          &lt;row&gt;⠎⠀⠑⠀⠇⠀⠧⠀⠊⠀⠞⠀⠞⠀⠜⠀⠜⠂&lt;/row&gt;
          &lt;row&gt;⠀&lt;/row&gt;
          &lt;row&gt;⠅⠀⠑⠀⠊⠀⠞⠀⠜⠀⠀⠀⠁⠀⠎⠀⠥⠀⠥&lt;/row&gt;
          &lt;row&gt;⠀&lt;/row&gt;
          &lt;row&gt;⠞⠀⠽⠀⠓⠀⠚⠀⠊⠀⠎⠀⠎⠀⠜&lt;/row&gt;
          &lt;row&gt;⠀&lt;/row&gt;
          &lt;row&gt;⠓⠀⠥⠀⠧⠀⠊⠀⠇⠀⠕⠀⠊⠀⠎⠀⠎⠀⠁⠄&lt;/row&gt;
          &lt;row&gt;⠀&lt;/row&gt;
          &lt;row&gt;⠀&lt;/row&gt;
          &lt;row&gt;⠤⠀⠀⠀⠠⠍⠀⠊⠀⠞⠀⠜&lt;/row&gt;
          &lt;row&gt;⠀&lt;/row&gt;
          &lt;row&gt;⠕⠀⠊⠀⠅⠀⠑⠀⠁⠀⠎⠀⠞⠀⠁⠀⠁⠀⠝&lt;/row&gt;
          &lt;row&gt;⠀&lt;/row&gt;
          &lt;row&gt;⠓⠀⠁⠀⠇⠀⠥⠀⠁⠀⠞⠀⠀⠀⠎⠀⠁⠀⠁⠀⠙⠀⠁&lt;/row&gt;
        &lt;/page&gt;
        &lt;page&gt;
          &lt;row&gt;⠀⠀⠀⠀⠀⠀⠀⠀⠀⠀⠀⠀⠀⠀⠀⠀⠀⠀⠀⠀⠀⠀⠀⠀⠀⠀⠼⠁⠁⠉&lt;/row&gt;
          &lt;row&gt;⠎⠀⠑⠀⠇⠀⠧⠀⠊⠀⠇⠀⠇⠀⠑⠢&lt;/row&gt;
          &lt;row&gt;⠀&lt;/row&gt;
          &lt;row&gt;⠠⠁⠀⠝⠀⠝⠀⠤⠠⠃⠀⠗⠀⠊⠀⠞⠀⠞&lt;/row&gt;
          &lt;row&gt;⠀&lt;/row&gt;
          &lt;row&gt;⠠⠓⠀⠪⠀⠛⠀⠇⠀⠥⠀⠝⠀⠙⠀⠀⠀⠅⠀⠽⠀⠎⠀⠽⠀⠊⠄&lt;/row&gt;
          &lt;row&gt;⠀&lt;/row&gt;
          &lt;row&gt;⠀&lt;/row&gt;
          &lt;row&gt;⠤⠀⠀⠀⠠⠞⠀⠕⠀⠞⠀⠥⠀⠥⠀⠙⠀⠑⠀⠝⠂&lt;/row&gt;
          &lt;row&gt;⠀&lt;/row&gt;
          &lt;row&gt;⠠⠺⠀⠁⠀⠇⠀⠇⠀⠁⠀⠝⠀⠙⠀⠑⠀⠗&lt;/row&gt;
          &lt;row&gt;⠀&lt;/row&gt;
          &lt;row&gt;⠧⠀⠁⠀⠎⠀⠞⠀⠁⠀⠎⠀⠊⠄&lt;/row&gt;
          &lt;row&gt;⠀&lt;/row&gt;
          &lt;row&gt;⠤⠀⠀⠀⠠⠚⠀⠕⠀⠅⠀⠥⠀⠀⠀⠕⠀⠝&lt;/row&gt;
          &lt;row&gt;⠀&lt;/row&gt;
          &lt;row&gt;⠧⠀⠁⠀⠗⠀⠍⠀⠁⠀⠎⠀⠞⠀⠊⠀⠀⠀⠝⠀⠜⠀⠓⠀⠝⠀⠽⠀⠞&lt;/row&gt;
          &lt;row&gt;⠀&lt;/row&gt;
          &lt;row&gt;⠠⠁⠀⠇⠀⠑⠀⠭⠀⠁⠀⠝⠀⠙⠀⠑⠀⠗⠀⠎⠀⠤&lt;/row&gt;
          &lt;row&gt;⠀&lt;/row&gt;
          &lt;row&gt;⠎⠀⠕⠀⠝⠀⠊⠀⠝⠀⠀⠀⠗⠀⠁⠀⠝⠀⠝⠀⠁⠀⠇⠀⠇⠀⠁⠄&lt;/row&gt;
          &lt;row&gt;⠀&lt;/row&gt;
          &lt;row&gt;⠠⠚⠀⠕⠀⠝⠀⠅⠀⠥⠀⠝⠀⠀⠀⠕⠀⠝&lt;/row&gt;
          &lt;row&gt;⠀&lt;/row&gt;
          &lt;row&gt;⠞⠀⠜⠀⠽⠀⠞⠀⠽⠀⠝⠀⠽⠀⠞⠀⠀⠀⠝⠀⠜⠀⠓⠀⠙⠀⠜⠂&lt;/row&gt;
          &lt;row&gt;⠀&lt;/row&gt;
          &lt;row&gt;⠅⠀⠑⠀⠝⠀⠑⠀⠞⠀⠀⠀⠓⠀⠜⠀⠝⠀⠀⠀⠕⠀⠝&lt;/row&gt;
        &lt;/page&gt;
        &lt;page&gt;
          &lt;row&gt;⠀⠀⠀⠀⠀⠀⠀⠀⠀⠀⠀⠀⠀⠀⠀⠀⠀⠀⠀⠀⠀⠀⠀⠀⠀⠀⠼⠁⠁⠙&lt;/row&gt;
          &lt;row&gt;⠞⠀⠁⠀⠧⠀⠁⠀⠝⠀⠝⠀⠥⠀⠞⠄&lt;/row&gt;
          &lt;row&gt;⠀&lt;/row&gt;
          &lt;row&gt;⠀&lt;/row&gt;
          &lt;row&gt;⠠⠁⠀⠝⠀⠝⠀⠤⠠⠃⠀⠗⠀⠊⠀⠞⠀⠞&lt;/row&gt;
          &lt;row&gt;⠀&lt;/row&gt;
          &lt;row&gt;⠠⠓⠀⠪⠀⠛⠀⠇⠀⠥⠀⠝⠀⠙⠀⠀⠀⠍⠀⠑⠀⠝⠀⠊&lt;/row&gt;
          &lt;row&gt;⠀&lt;/row&gt;
          &lt;row&gt;⠑⠀⠝⠀⠎⠀⠊⠀⠝⠀⠀⠀⠠⠁⠀⠛⠀⠝⠀⠑⠀⠎&lt;/row&gt;
          &lt;row&gt;⠀&lt;/row&gt;
          &lt;row&gt;⠠⠑⠀⠓⠀⠝⠀⠊⠀⠝⠀⠀⠀⠞⠀⠁⠀⠇⠀⠕⠀⠕⠀⠝⠄&lt;/row&gt;
          &lt;row&gt;⠀&lt;/row&gt;
          &lt;row&gt;⠠⠺⠀⠁⠀⠇⠀⠇⠀⠁⠀⠝⠀⠙⠀⠑⠀⠗&lt;/row&gt;
          &lt;row&gt;⠀&lt;/row&gt;
          &lt;row&gt;⠁⠀⠇⠀⠕⠀⠊⠀⠞⠀⠞⠀⠊&lt;/row&gt;
          &lt;row&gt;⠀&lt;/row&gt;
          &lt;row&gt;⠞⠀⠕⠀⠊⠀⠎⠀⠑⠀⠎⠀⠞⠀⠁&lt;/row&gt;
          &lt;row&gt;⠀&lt;/row&gt;
          &lt;row&gt;⠏⠀⠜⠀⠜⠀⠎⠀⠞⠀⠜&lt;/row&gt;
          &lt;row&gt;⠀&lt;/row&gt;
          &lt;row&gt;⠞⠀⠁⠀⠇⠀⠕⠀⠗⠀⠊⠀⠧⠀⠊⠀⠎⠀⠞⠀⠪⠀⠜⠄&lt;/row&gt;
          &lt;row&gt;⠀&lt;/row&gt;
          &lt;row&gt;⠠⠑⠀⠝⠀⠎⠀⠊⠀⠍⠀⠍⠀⠜⠀⠊⠀⠎⠀⠑⠀⠎⠀⠎⠀⠜&lt;/row&gt;
          &lt;row&gt;⠀&lt;/row&gt;
          &lt;row&gt;⠞⠀⠁⠀⠇⠀⠕⠀⠎⠀⠎⠀⠁&lt;/row&gt;
          &lt;row&gt;⠀&lt;/row&gt;
          &lt;row&gt;⠕⠀⠧⠀⠑⠀⠝⠀⠀⠀⠁⠀⠧⠀⠁⠀⠎⠀⠊&lt;/row&gt;
        &lt;/page&gt;
        &lt;page&gt;
          &lt;row&gt;⠀⠀⠀⠀⠀⠀⠀⠀⠀⠀⠀⠀⠀⠀⠀⠀⠀⠀⠀⠀⠀⠀⠀⠀⠀⠀⠼⠁⠁⠑&lt;/row&gt;
          &lt;row&gt;⠼⠉⠚⠤⠀⠧⠀⠥⠀⠕⠀⠞⠀⠊⠀⠁⠀⠎&lt;/row&gt;
          &lt;row&gt;⠀&lt;/row&gt;
          &lt;row&gt;⠝⠀⠁⠀⠊⠀⠝⠀⠑⠀⠝⠄&lt;/row&gt;
          &lt;row&gt;⠀&lt;/row&gt;
          &lt;row&gt;⠠⠓⠀⠜⠀⠝⠀⠑⠀⠇⠀⠇⠀⠜⠀⠀⠀⠕⠀⠇⠀⠊&lt;/row&gt;
          &lt;row&gt;⠀&lt;/row&gt;
          &lt;row&gt;⠏⠀⠜⠀⠜⠀⠇⠀⠇⠀⠜⠀⠜⠀⠝&lt;/row&gt;
          &lt;row&gt;⠀&lt;/row&gt;
          &lt;row&gt;⠞⠀⠁⠀⠓⠀⠗⠀⠁⠀⠊⠀⠝⠀⠑⠀⠝&lt;/row&gt;
          &lt;row&gt;⠀&lt;/row&gt;
          &lt;row&gt;⠓⠀⠁⠀⠁⠀⠇⠀⠁⠀⠗⠀⠊⠄&lt;/row&gt;
          &lt;row&gt;⠀&lt;/row&gt;
          &lt;row&gt;⠀&lt;/row&gt;
          &lt;row&gt;⠤⠀⠀⠀⠠⠑⠀⠝⠀⠀⠀⠓⠀⠁⠀⠇⠀⠥⠀⠁⠂&lt;/row&gt;
          &lt;row&gt;⠀&lt;/row&gt;
          &lt;row&gt;⠑⠀⠞⠀⠞⠀⠜⠀⠀⠀⠍⠀⠊⠀⠝⠀⠥⠀⠁&lt;/row&gt;
          &lt;row&gt;⠀&lt;/row&gt;
          &lt;row&gt;⠓⠀⠜⠀⠊⠀⠗⠀⠊⠀⠞⠀⠜⠀⠜⠀⠝⠂&lt;/row&gt;
          &lt;row&gt;⠀&lt;/row&gt;
          &lt;row&gt;⠝⠀⠁⠀⠊⠀⠝⠀⠑⠀⠝⠀⠀⠀⠎⠀⠁⠀⠝⠀⠕⠀⠊&lt;/row&gt;
          &lt;row&gt;⠀&lt;/row&gt;
          &lt;row&gt;⠜⠀⠗⠀⠞⠀⠽⠀⠝⠀⠑⠀⠑⠀⠝⠀⠜⠄&lt;/row&gt;
          &lt;row&gt;⠀&lt;/row&gt;
          &lt;row&gt;⠀&lt;/row&gt;
          &lt;row&gt;⠀&lt;/row&gt;
          &lt;row/&gt;
        &lt;/page&gt;
        &lt;page&gt;
          &lt;row&gt;⠀⠀⠀⠀⠀⠀⠀⠀⠀⠀⠀⠀⠀⠀⠀⠀⠀⠀⠀⠀⠀⠀⠀⠀⠀⠀⠼⠁⠁⠋&lt;/row&gt;
          &lt;row&gt;⠤⠀⠀⠀⠠⠕⠀⠇⠀⠑⠀⠝&lt;/row&gt;
          &lt;row&gt;⠀&lt;/row&gt;
          &lt;row&gt;⠏⠀⠕⠀⠇⠀⠊⠀⠊⠀⠎⠀⠊⠀⠎⠀⠞⠀⠁⠂&lt;/row&gt;
          &lt;row&gt;⠀&lt;/row&gt;
          &lt;row&gt;⠠⠺⠀⠁⠀⠇⠀⠇⠀⠁⠀⠝⠀⠙⠀⠑⠀⠗&lt;/row&gt;
          &lt;row&gt;⠀&lt;/row&gt;
          &lt;row&gt;⠎⠀⠁⠀⠝⠀⠕⠀⠊⠄&lt;/row&gt;
          &lt;row&gt;⠀&lt;/row&gt;
          &lt;row&gt;⠤⠀⠀⠀⠠⠕⠀⠇⠀⠑⠀⠞⠀⠅⠀⠕⠀⠀⠀⠑⠀⠓⠀⠅⠀⠜&lt;/row&gt;
          &lt;row&gt;⠀&lt;/row&gt;
          &lt;row&gt;⠝⠀⠜⠀⠓⠀⠝⠀⠽⠀⠞⠀⠀⠀⠧⠀⠊⠀⠊⠀⠍⠀⠑&lt;/row&gt;
          &lt;row&gt;⠀&lt;/row&gt;
          &lt;row&gt;⠏⠀⠜⠀⠊⠀⠧⠀⠊⠀⠝⠀⠜&lt;/row&gt;
          &lt;row&gt;⠀&lt;/row&gt;
          &lt;row&gt;⠍⠀⠊⠀⠑⠀⠎⠀⠞⠀⠜&lt;/row&gt;
          &lt;row&gt;⠀&lt;/row&gt;
          &lt;row&gt;⠅⠀⠥⠀⠇⠀⠅⠀⠑⠀⠍⠀⠁⠀⠎⠀⠎⠀⠁&lt;/row&gt;
          &lt;row&gt;⠀&lt;/row&gt;
          &lt;row&gt;⠽⠀⠅⠀⠎⠀⠊⠀⠝⠀⠀⠀⠗⠀⠁⠀⠝⠀⠝⠀⠁⠀⠇⠀⠇⠀⠁⠢&lt;/row&gt;
          &lt;row&gt;⠀&lt;/row&gt;
          &lt;row&gt;⠓⠀⠜⠀⠝⠀⠀⠀⠅⠀⠽⠀⠎⠀⠽⠀⠊&lt;/row&gt;
          &lt;row&gt;⠀&lt;/row&gt;
          &lt;row&gt;⠝⠀⠁⠀⠊⠀⠎⠀⠑⠀⠇⠀⠞⠀⠁⠄&lt;/row&gt;
          &lt;row&gt;⠀&lt;/row&gt;
          &lt;row&gt;⠀&lt;/row&gt;
          &lt;row/&gt;
        &lt;/page&gt;
        &lt;page&gt;
          &lt;row&gt;⠀⠀⠀⠀⠀⠀⠀⠀⠀⠀⠀⠀⠀⠀⠀⠀⠀⠀⠀⠀⠀⠀⠀⠀⠀⠀⠼⠁⠁⠛&lt;/row&gt;
          &lt;row&gt;⠤⠀⠀⠀⠠⠅⠀⠥⠀⠝⠀⠀⠀⠍⠀⠁⠀⠁⠀⠇⠀⠁⠀⠁⠀⠝⠂&lt;/row&gt;
          &lt;row&gt;⠀&lt;/row&gt;
          &lt;row&gt;⠍⠀⠊⠀⠝⠀⠥⠀⠇⠀⠇⠀⠁⠀⠀⠀⠕⠀⠝&lt;/row&gt;
          &lt;row&gt;⠀&lt;/row&gt;
          &lt;row&gt;⠧⠀⠑⠀⠗⠀⠓⠀⠕⠀⠞&lt;/row&gt;
          &lt;row&gt;⠀&lt;/row&gt;
          &lt;row&gt;⠁⠀⠇⠀⠓⠀⠁⠀⠁⠀⠇⠀⠇⠀⠁⠄&lt;/row&gt;
          &lt;row&gt;⠀&lt;/row&gt;
          &lt;row&gt;⠠⠑⠀⠝⠀⠀⠀⠕⠀⠇⠀⠑⠀⠀⠀⠝⠀⠜⠀⠓⠀⠝⠀⠽⠀⠞&lt;/row&gt;
          &lt;row&gt;⠀&lt;/row&gt;
          &lt;row&gt;⠅⠀⠑⠀⠞⠀⠜⠀⠜⠀⠝⠂⠀⠀⠀⠝⠀⠁⠀⠊⠀⠝⠀⠑⠀⠝&lt;/row&gt;
          &lt;row&gt;⠀&lt;/row&gt;
          &lt;row&gt;⠧⠀⠁⠀⠎⠀⠞⠀⠁⠀⠎⠀⠊⠄&lt;/row&gt;
          &lt;row&gt;⠀&lt;/row&gt;
          &lt;row&gt;⠀&lt;/row&gt;
          &lt;row&gt;⠤⠀⠀⠀⠠⠕⠀⠇⠀⠑⠀⠞⠀⠅⠀⠕&lt;/row&gt;
          &lt;row&gt;⠀&lt;/row&gt;
          &lt;row&gt;⠞⠀⠁⠀⠊⠀⠞⠀⠑⠀⠊⠀⠇⠀⠊⠀⠚⠀⠁⠢&lt;/row&gt;
          &lt;row&gt;⠀&lt;/row&gt;
          &lt;row&gt;⠠⠺⠀⠁⠀⠇⠀⠇⠀⠁⠀⠝⠀⠙⠀⠑⠀⠗&lt;/row&gt;
          &lt;row&gt;⠀&lt;/row&gt;
          &lt;row&gt;⠅⠀⠽⠀⠎⠀⠽⠀⠊⠄&lt;/row&gt;
          &lt;row&gt;⠀&lt;/row&gt;
          &lt;row&gt;⠀&lt;/row&gt;
          &lt;row&gt;⠀&lt;/row&gt;
          &lt;row/&gt;
        &lt;/page&gt;
        &lt;page&gt;
          &lt;row&gt;⠀⠀⠀⠀⠀⠀⠀⠀⠀⠀⠀⠀⠀⠀⠀⠀⠀⠀⠀⠀⠀⠀⠀⠀⠀⠀⠼⠁⠁⠓&lt;/row&gt;
          &lt;row&gt;⠤⠀⠀⠀⠠⠅⠀⠽⠀⠇⠀⠇⠀⠜⠄⠀⠀⠀⠠⠎⠀⠑⠀⠀⠀⠑⠀⠊&lt;/row&gt;
          &lt;row&gt;⠀&lt;/row&gt;
          &lt;row&gt;⠅⠀⠁⠀⠊⠀⠀⠀⠕⠀⠇⠀⠑⠀⠀⠀⠗⠀⠊⠀⠅⠀⠕⠀⠎⠂&lt;/row&gt;
          &lt;row&gt;⠀&lt;/row&gt;
          &lt;row&gt;⠝⠀⠁⠀⠊⠀⠝⠀⠑⠀⠝⠀⠀⠀⠎⠀⠁⠀⠝⠀⠕⠀⠊⠄&lt;/row&gt;
          &lt;row&gt;⠀&lt;/row&gt;
          &lt;row&gt;⠀&lt;/row&gt;
          &lt;row&gt;⠤⠀⠀⠀⠠⠑⠀⠞⠀⠅⠀⠜⠀⠀⠀⠕⠀⠇⠀⠑&lt;/row&gt;
          &lt;row&gt;⠀&lt;/row&gt;
          &lt;row&gt;⠝⠀⠜⠀⠓⠀⠝⠀⠽⠀⠞⠀⠀⠀⠍⠀⠊⠀⠞⠀⠜⠀⠜⠀⠝⠢&lt;/row&gt;
          &lt;row&gt;⠀&lt;/row&gt;
          &lt;row&gt;⠠⠺⠀⠁⠀⠇⠀⠇⠀⠁⠀⠝⠀⠙⠀⠑⠀⠗&lt;/row&gt;
          &lt;row&gt;⠀&lt;/row&gt;
          &lt;row&gt;⠧⠀⠁⠀⠗⠀⠍⠀⠊⠀⠎⠀⠞⠀⠊⠄&lt;/row&gt;
          &lt;row&gt;⠀&lt;/row&gt;
          &lt;row&gt;⠀&lt;/row&gt;
          &lt;row&gt;⠠⠝⠀⠁⠀⠊⠀⠝⠀⠑⠀⠝⠀⠀⠀⠏⠀⠥⠀⠊⠀⠎⠀⠞⠀⠊&lt;/row&gt;
          &lt;row&gt;⠀&lt;/row&gt;
          &lt;row&gt;⠏⠀⠜⠀⠜⠀⠞⠀⠜⠀⠜⠀⠝⠄&lt;/row&gt;
          &lt;row&gt;⠀&lt;/row&gt;
          &lt;row&gt;⠀&lt;/row&gt;
          &lt;row&gt;⠤⠀⠀⠀⠠⠎⠀⠊⠀⠞⠀⠞⠀⠑⠀⠝⠀⠀⠀⠑⠀⠝&lt;/row&gt;
          &lt;row&gt;⠀&lt;/row&gt;
          &lt;row&gt;⠓⠀⠜⠀⠊⠀⠗⠀⠊⠀⠞⠀⠎⠀⠑&lt;/row&gt;
          &lt;row&gt;⠀&lt;/row&gt;
          &lt;row&gt;⠑⠀⠝⠀⠑⠀⠍⠀⠏⠀⠜⠀⠜⠂&lt;/row&gt;
        &lt;/page&gt;
        &lt;page&gt;
          &lt;row&gt;⠀⠀⠀⠀⠀⠀⠀⠀⠀⠀⠀⠀⠀⠀⠀⠀⠀⠀⠀⠀⠀⠀⠀⠀⠀⠀⠼⠁⠁⠊&lt;/row&gt;
          &lt;row&gt;⠠⠺⠀⠁⠀⠇⠀⠇⠀⠁⠀⠝⠀⠙⠀⠑⠀⠗&lt;/row&gt;
          &lt;row&gt;⠀&lt;/row&gt;
          &lt;row&gt;⠎⠀⠁⠀⠝⠀⠕⠀⠊⠄&lt;/row&gt;
          &lt;row&gt;⠀&lt;/row&gt;
          &lt;row&gt;⠀&lt;/row&gt;
          &lt;row&gt;⠠⠝⠀⠁⠀⠊⠀⠝⠀⠑⠀⠝⠀⠀⠀⠎⠀⠥⠀⠇⠀⠅⠀⠊&lt;/row&gt;
          &lt;row&gt;⠀&lt;/row&gt;
          &lt;row&gt;⠕⠀⠧⠀⠑⠀⠝⠀⠀⠀⠚⠀⠁⠀⠀⠀⠏⠀⠁⠀⠝⠀⠊&lt;/row&gt;
          &lt;row&gt;⠀&lt;/row&gt;
          &lt;row&gt;⠎⠀⠑⠀⠝⠀⠀⠀⠇⠀⠥⠀⠅⠀⠅⠀⠕⠀⠕⠀⠝⠄&lt;/row&gt;
          &lt;row&gt;⠀&lt;/row&gt;
          &lt;row&gt;⠠⠺⠀⠁⠀⠇⠀⠇⠀⠁⠀⠝⠀⠙⠀⠑⠀⠗&lt;/row&gt;
          &lt;row&gt;⠀&lt;/row&gt;
          &lt;row&gt;⠁⠀⠎⠀⠞⠀⠑⠀⠇⠀⠊&lt;/row&gt;
          &lt;row&gt;⠀&lt;/row&gt;
          &lt;row&gt;⠎⠀⠑⠀⠥⠀⠗⠀⠁⠀⠁⠀⠧⠀⠁⠀⠁⠀⠝&lt;/row&gt;
          &lt;row&gt;⠀&lt;/row&gt;
          &lt;row&gt;⠞⠀⠁⠀⠇⠀⠕⠀⠕⠀⠝⠄&lt;/row&gt;
          &lt;row&gt;⠀&lt;/row&gt;
          &lt;row&gt;⠠⠞⠀⠁⠀⠇⠀⠕⠀⠀⠀⠕⠀⠇⠀⠊⠀⠀⠀⠍⠀⠑⠀⠇⠀⠅⠀⠕&lt;/row&gt;
          &lt;row&gt;⠀&lt;/row&gt;
          &lt;row&gt;⠥⠀⠥⠀⠎⠀⠊⠂⠀⠀⠚⠀⠁⠀⠀⠀⠎⠀⠊⠀⠊⠀⠝⠀⠜&lt;/row&gt;
          &lt;row&gt;⠀&lt;/row&gt;
          &lt;row&gt;⠕⠀⠇⠀⠊⠀⠀⠀⠅⠀⠁⠀⠅⠀⠎⠀⠊&lt;/row&gt;
          &lt;row&gt;⠀&lt;/row&gt;
          &lt;row&gt;⠅⠀⠑⠀⠗⠀⠗⠀⠕⠀⠎⠀⠞⠀⠁⠄&lt;/row&gt;
        &lt;/page&gt;
        &lt;page&gt;
          &lt;row&gt;⠀⠀⠀⠀⠀⠀⠀⠀⠀⠀⠀⠀⠀⠀⠀⠀⠀⠀⠀⠀⠀⠀⠀⠀⠀⠀⠼⠁⠃⠚&lt;/row&gt;
          &lt;row&gt;⠠⠅⠀⠥⠀⠝⠀⠀⠀⠓⠀⠜⠀⠝⠀⠀⠀⠎⠀⠕⠀⠊⠀⠞⠀⠞⠀⠊&lt;/row&gt;
          &lt;row&gt;⠀&lt;/row&gt;
          &lt;row&gt;⠕⠀⠧⠀⠊⠀⠅⠀⠑⠀⠇⠀⠇⠀⠕⠀⠁⠂&lt;/row&gt;
          &lt;row&gt;⠀&lt;/row&gt;
          &lt;row&gt;⠎⠀⠊⠀⠎⠀⠜⠀⠇⠀⠞⠀⠜⠀⠀⠀⠅⠀⠥⠀⠥⠀⠇⠀⠥⠀⠊&lt;/row&gt;
          &lt;row&gt;⠀&lt;/row&gt;
          &lt;row&gt;⠅⠀⠕⠀⠊⠀⠗⠀⠁⠀⠝&lt;/row&gt;
          &lt;row&gt;⠀&lt;/row&gt;
          &lt;row&gt;⠓⠀⠁⠀⠥⠀⠅⠀⠥⠀⠝⠀⠞⠀⠁⠀⠁⠄&lt;/row&gt;
          &lt;row&gt;⠀&lt;/row&gt;
          &lt;row&gt;⠠⠺⠀⠁⠀⠇⠀⠇⠀⠁⠀⠝⠀⠙⠀⠑⠀⠗&lt;/row&gt;
          &lt;row&gt;⠀&lt;/row&gt;
          &lt;row&gt;⠕⠀⠙⠀⠕⠀⠞⠀⠞⠀⠊⠄&lt;/row&gt;
          &lt;row&gt;⠀&lt;/row&gt;
          &lt;row&gt;⠠⠅⠀⠕⠀⠊⠀⠗⠀⠁⠀⠀⠀⠇⠀⠕⠀⠏⠀⠑⠀⠞⠀⠞⠀⠊&lt;/row&gt;
          &lt;row&gt;⠀&lt;/row&gt;
          &lt;row&gt;⠓⠀⠁⠀⠥⠀⠅⠀⠅⠀⠥⠀⠍⠀⠊⠀⠎⠀⠑⠀⠝⠄&lt;/row&gt;
          &lt;row&gt;⠀&lt;/row&gt;
          &lt;row&gt;⠠⠕⠀⠧⠀⠑⠀⠝⠀⠀⠀⠁⠀⠧⠀⠁⠀⠎⠀⠊&lt;/row&gt;
          &lt;row&gt;⠀&lt;/row&gt;
          &lt;row&gt;⠎⠀⠁⠀⠍⠀⠁⠀⠀⠀⠧⠀⠁⠀⠝⠀⠓⠀⠁&lt;/row&gt;
          &lt;row&gt;⠀&lt;/row&gt;
          &lt;row&gt;⠍⠀⠊⠀⠑⠀⠎⠂⠀⠀⠚⠀⠕⠀⠝⠀⠅⠀⠁&lt;/row&gt;
          &lt;row&gt;⠀&lt;/row&gt;
          &lt;row&gt;⠠⠺⠀⠁⠀⠇⠀⠇⠀⠁⠀⠝⠀⠙⠀⠑⠀⠗⠀⠀⠀⠕⠀⠇⠀⠊&lt;/row&gt;
          &lt;row/&gt;
        &lt;/page&gt;
        &lt;page&gt;
          &lt;row&gt;⠀⠀⠀⠀⠀⠀⠀⠀⠀⠀⠀⠀⠀⠀⠀⠀⠀⠀⠀⠀⠀⠀⠀⠀⠀⠀⠼⠁⠃⠁&lt;/row&gt;
          &lt;row&gt;⠁⠀⠊⠀⠑⠀⠍⠀⠍⠀⠊⠀⠝&lt;/row&gt;
          &lt;row&gt;⠀&lt;/row&gt;
          &lt;row&gt;⠞⠀⠁⠀⠧⠀⠁⠀⠝⠀⠝⠀⠥⠀⠞&lt;/row&gt;
          &lt;row&gt;⠀&lt;/row&gt;
          &lt;row&gt;⠗⠀⠁⠀⠝⠀⠝⠀⠁⠀⠇⠀⠇⠀⠁⠄&lt;/row&gt;
          &lt;row&gt;⠀&lt;/row&gt;
          &lt;row&gt;⠀&lt;/row&gt;
          &lt;row&gt;⠤⠀⠀⠀⠠⠚⠀⠁⠀⠓⠀⠁⠂⠀⠀⠀⠞⠀⠑&lt;/row&gt;
          &lt;row&gt;⠀&lt;/row&gt;
          &lt;row&gt;⠞⠀⠁⠀⠁⠀⠎⠂⠀⠀⠀⠍⠀⠊⠀⠑⠀⠎&lt;/row&gt;
          &lt;row&gt;⠀&lt;/row&gt;
          &lt;row&gt;⠎⠀⠁⠀⠝⠀⠕⠀⠊⠂⠀⠀⠑⠀⠊⠀⠅⠀⠜&lt;/row&gt;
          &lt;row&gt;⠀&lt;/row&gt;
          &lt;row&gt;⠝⠀⠜⠀⠽⠀⠞⠀⠞⠀⠜⠀⠝⠀⠽⠀⠞&lt;/row&gt;
          &lt;row&gt;⠀&lt;/row&gt;
          &lt;row&gt;⠽⠀⠇⠀⠇⠀⠜⠀⠞⠀⠞⠀⠽⠀⠝⠀⠑⠀⠑⠀⠇⠀⠞⠀⠜⠄&lt;/row&gt;
          &lt;row&gt;⠀&lt;/row&gt;
          &lt;row&gt;⠀&lt;/row&gt;
          &lt;row&gt;⠤⠀⠀⠀⠠⠕⠀⠇⠀⠑⠀⠝⠀⠀⠀⠞⠀⠜⠀⠜⠀⠇⠀⠇⠀⠜&lt;/row&gt;
          &lt;row&gt;⠀&lt;/row&gt;
          &lt;row&gt;⠅⠀⠽⠀⠎⠀⠑⠀⠇⠀⠑⠀⠍⠀⠜⠀⠎⠀⠎⠀⠜&lt;/row&gt;
          &lt;row&gt;⠀&lt;/row&gt;
          &lt;row&gt;⠗⠀⠁⠀⠝⠀⠝⠀⠁⠀⠝⠀⠀⠀⠞⠀⠁⠀⠇⠀⠕⠀⠊⠀⠎⠀⠎⠀⠁&lt;/row&gt;
          &lt;row&gt;⠀&lt;/row&gt;
          &lt;row&gt;⠁⠀⠎⠀⠥⠀⠧⠀⠊⠀⠇⠀⠞⠀⠁&lt;/row&gt;
          &lt;row/&gt;
        &lt;/page&gt;
        &lt;page&gt;
          &lt;row&gt;⠀⠀⠀⠀⠀⠀⠀⠀⠀⠀⠀⠀⠀⠀⠀⠀⠀⠀⠀⠀⠀⠀⠀⠀⠀⠀⠼⠁⠃⠃&lt;/row&gt;
          &lt;row&gt;⠊⠀⠓⠀⠍⠀⠊⠀⠎⠀⠊⠀⠇⠀⠞⠀⠜⠂&lt;/row&gt;
          &lt;row&gt;⠀&lt;/row&gt;
          &lt;row&gt;⠕⠀⠧⠀⠁⠀⠞⠀⠅⠀⠕⠀⠀⠀⠓⠀⠑&lt;/row&gt;
          &lt;row&gt;⠀&lt;/row&gt;
          &lt;row&gt;⠝⠀⠜⠀⠓⠀⠝⠀⠑⠀⠑⠀⠞⠀⠀⠀⠚⠀⠕⠀⠞⠀⠁⠀⠊⠀⠝⠂&lt;/row&gt;
          &lt;row&gt;⠀&lt;/row&gt;
          &lt;row&gt;⠠⠺⠀⠁⠀⠇⠀⠇⠀⠁⠀⠝⠀⠙⠀⠑⠀⠗&lt;/row&gt;
          &lt;row&gt;⠀&lt;/row&gt;
          &lt;row&gt;⠎⠀⠁⠀⠝⠀⠕⠀⠊⠄&lt;/row&gt;
          &lt;row&gt;⠀&lt;/row&gt;
          &lt;row&gt;⠀&lt;/row&gt;
          &lt;row&gt;⠤⠀⠀⠀⠠⠅⠀⠑⠀⠗⠀⠗⠀⠕⠀⠊⠀⠝⠀⠀⠀⠚⠀⠕⠂&lt;/row&gt;
          &lt;row&gt;⠀&lt;/row&gt;
          &lt;row&gt;⠑⠀⠞⠀⠞⠀⠜⠀⠀⠀⠑⠀⠝⠀⠀⠀⠕⠀⠇⠀⠑&lt;/row&gt;
          &lt;row&gt;⠀&lt;/row&gt;
          &lt;row&gt;⠝⠀⠜⠀⠓⠀⠝⠀⠽⠀⠞⠀⠀⠀⠅⠀⠑⠀⠞⠀⠜⠀⠜⠀⠝⠂&lt;/row&gt;
          &lt;row&gt;⠀&lt;/row&gt;
          &lt;row&gt;⠍⠀⠊⠀⠑⠀⠎⠀⠀⠀⠎⠀⠁⠀⠝⠀⠕⠀⠊⠄&lt;/row&gt;
          &lt;row&gt;⠀&lt;/row&gt;
          &lt;row&gt;⠀&lt;/row&gt;
          &lt;row&gt;⠤⠀⠀⠀⠠⠚⠀⠕⠀⠎⠀⠅⠀⠥⠀⠎⠀⠀⠀⠧⠀⠕⠀⠊&lt;/row&gt;
          &lt;row&gt;⠀&lt;/row&gt;
          &lt;row&gt;⠍⠀⠥⠀⠊⠀⠎⠀⠞⠀⠁⠀⠁⠀⠀⠀⠚⠀⠕⠀⠞⠀⠁⠀⠊⠀⠝&lt;/row&gt;
          &lt;row&gt;⠀&lt;/row&gt;
          &lt;row&gt;⠚⠀⠜⠀⠇⠀⠅⠀⠑⠀⠑⠀⠝⠀⠏⠀⠜⠀⠊⠀⠝⠂&lt;/row&gt;
          &lt;row/&gt;
        &lt;/page&gt;
        &lt;page&gt;
          &lt;row&gt;⠀⠀⠀⠀⠀⠀⠀⠀⠀⠀⠀⠀⠀⠀⠀⠀⠀⠀⠀⠀⠀⠀⠀⠀⠀⠀⠼⠁⠃⠉&lt;/row&gt;
          &lt;row&gt;⠠⠺⠀⠁⠀⠇⠀⠇⠀⠁⠀⠝⠀⠙⠀⠑⠀⠗&lt;/row&gt;
          &lt;row&gt;⠀&lt;/row&gt;
          &lt;row&gt;⠎⠀⠁⠀⠝⠀⠕⠀⠊⠄&lt;/row&gt;
          &lt;row&gt;⠀&lt;/row&gt;
          &lt;row&gt;⠀&lt;/row&gt;
          &lt;row&gt;⠠⠍⠀⠊⠀⠑⠀⠎⠀⠀⠀⠁⠀⠎⠀⠞⠀⠥⠀⠊&lt;/row&gt;
          &lt;row&gt;⠀&lt;/row&gt;
          &lt;row&gt;⠎⠀⠊⠀⠧⠀⠥⠀⠥⠀⠝⠀⠀⠀⠚⠀⠁&lt;/row&gt;
          &lt;row&gt;⠀&lt;/row&gt;
          &lt;row&gt;⠏⠀⠜⠀⠜⠀⠎⠀⠞⠀⠊&lt;/row&gt;
          &lt;row&gt;⠀&lt;/row&gt;
          &lt;row&gt;⠠⠺⠀⠁⠀⠇⠀⠇⠀⠁⠀⠝⠀⠙⠀⠑⠀⠗⠀⠊⠀⠝&lt;/row&gt;
          &lt;row&gt;⠀&lt;/row&gt;
          &lt;row&gt;⠎⠀⠊⠀⠎⠀⠜⠀⠜⠀⠝⠄&lt;/row&gt;
          &lt;row&gt;⠀&lt;/row&gt;
          &lt;row&gt;⠠⠅⠀⠕⠀⠊⠀⠗⠀⠁⠀⠀⠀⠝⠀⠥⠀⠥⠀⠓⠀⠅⠀⠊&lt;/row&gt;
          &lt;row&gt;⠀&lt;/row&gt;
          &lt;row&gt;⠞⠀⠥⠀⠇⠀⠊⠀⠚⠀⠁⠀⠁&lt;/row&gt;
          &lt;row&gt;⠀&lt;/row&gt;
          &lt;row&gt;⠥⠀⠞⠀⠑⠀⠇⠀⠊⠀⠁⠀⠁⠀⠝⠀⠁⠄&lt;/row&gt;
          &lt;row&gt;⠀&lt;/row&gt;
          &lt;row&gt;⠀&lt;/row&gt;
          &lt;row&gt;⠤⠀⠀⠀⠠⠁⠀⠎⠀⠥⠀⠞⠀⠞⠀⠑⠀⠅⠀⠕&lt;/row&gt;
          &lt;row&gt;⠀&lt;/row&gt;
          &lt;row&gt;⠞⠀⠜⠀⠜⠀⠇⠀⠇⠀⠜⠀⠀⠀⠽⠀⠍⠀⠏⠀⠜⠀⠗⠀⠊&lt;/row&gt;
          &lt;row/&gt;
        &lt;/page&gt;
        &lt;page&gt;
          &lt;row&gt;⠀⠀⠀⠀⠀⠀⠀⠀⠀⠀⠀⠀⠀⠀⠀⠀⠀⠀⠀⠀⠀⠀⠀⠀⠀⠀⠼⠁⠃⠙&lt;/row&gt;
          &lt;row&gt;⠧⠀⠥⠀⠕⠀⠙⠀⠑⠀⠝⠢&lt;/row&gt;
          &lt;row&gt;⠀&lt;/row&gt;
          &lt;row&gt;⠠⠺⠀⠁⠀⠇⠀⠇⠀⠁⠀⠝⠀⠙⠀⠑⠀⠗&lt;/row&gt;
          &lt;row&gt;⠀&lt;/row&gt;
          &lt;row&gt;⠅⠀⠽⠀⠎⠀⠽⠀⠊⠄&lt;/row&gt;
          &lt;row&gt;⠀&lt;/row&gt;
          &lt;row&gt;⠀&lt;/row&gt;
          &lt;row&gt;⠤⠀⠀⠀⠠⠅⠀⠽⠀⠇⠀⠇⠀⠜⠂⠀⠀⠀⠍⠀⠊⠀⠑⠀⠎&lt;/row&gt;
          &lt;row&gt;⠀&lt;/row&gt;
          &lt;row&gt;⠧⠀⠁⠀⠎⠀⠞⠀⠁⠀⠎⠀⠊⠄&lt;/row&gt;
          &lt;row&gt;⠀&lt;/row&gt;
          &lt;row&gt;⠤⠀⠀⠀⠠⠕⠀⠇⠀⠊⠀⠝⠀⠀⠀⠽⠀⠇⠀⠊⠀⠀⠀⠼⠃⠚&lt;/row&gt;
          &lt;row&gt;⠀&lt;/row&gt;
          &lt;row&gt;⠧⠀⠥⠀⠕⠀⠞⠀⠞⠀⠁&lt;/row&gt;
          &lt;row&gt;⠀&lt;/row&gt;
          &lt;row&gt;⠇⠀⠜⠀⠜⠀⠅⠀⠜⠀⠗⠀⠊⠀⠝⠀⠜&lt;/row&gt;
          &lt;row&gt;⠀&lt;/row&gt;
          &lt;row&gt;⠠⠝⠀⠽⠀⠝⠀⠜⠀⠎⠀⠓⠀⠁⠀⠍⠀⠝⠀⠊⠀⠎⠀⠎⠀⠁⠄&lt;/row&gt;
          &lt;row&gt;⠀&lt;/row&gt;
          &lt;row&gt;⠠⠅⠀⠥⠀⠝⠀⠀⠀⠚⠀⠜⠀⠊⠀⠝&lt;/row&gt;
          &lt;row&gt;⠀&lt;/row&gt;
          &lt;row&gt;⠑⠀⠇⠀⠜⠀⠅⠀⠅⠀⠑⠀⠑⠀⠇⠀⠇⠀⠑⠂&lt;/row&gt;
          &lt;row&gt;⠀&lt;/row&gt;
          &lt;row&gt;⠍⠀⠥⠀⠥⠀⠞⠀⠊⠀⠝⠀⠀⠀⠧⠀⠁⠀⠊⠀⠍⠀⠕⠀⠝⠀⠊&lt;/row&gt;
          &lt;row&gt;⠀&lt;/row&gt;
          &lt;row&gt;⠅⠀⠁⠀⠝⠀⠎⠀⠎⠀⠁⠀⠀⠀⠞⠀⠜⠀⠝⠀⠝⠀⠑⠄&lt;/row&gt;
        &lt;/page&gt;
        &lt;page&gt;
          &lt;row&gt;⠀⠀⠀⠀⠀⠀⠀⠀⠀⠀⠀⠀⠀⠀⠀⠀⠀⠀⠀⠀⠀⠀⠀⠀⠀⠀⠼⠁⠃⠑&lt;/row&gt;
          &lt;row&gt;⠤⠀⠀⠀⠠⠑⠀⠓⠀⠅⠀⠜&lt;/row&gt;
          &lt;row&gt;⠀&lt;/row&gt;
          &lt;row&gt;⠏⠀⠥⠀⠕⠀⠇⠀⠊⠀⠎⠀⠕⠀⠝⠀⠝⠀⠑⠀⠀⠀⠕⠀⠝&lt;/row&gt;
          &lt;row&gt;⠀&lt;/row&gt;
          &lt;row&gt;⠝⠀⠜⠀⠓⠀⠝⠀⠽⠀⠞⠀⠀⠀⠚⠀⠕⠀⠞⠀⠁⠀⠊⠀⠝⠄&lt;/row&gt;
          &lt;row&gt;⠀&lt;/row&gt;
          &lt;row&gt;⠠⠕⠀⠝⠀⠅⠀⠕⠀⠀⠀⠓⠀⠜⠀⠝&lt;/row&gt;
          &lt;row&gt;⠀&lt;/row&gt;
          &lt;row&gt;⠏⠀⠁⠀⠊⠀⠅⠀⠁⠀⠇⠀⠇⠀⠁⠢&lt;/row&gt;
          &lt;row&gt;⠀&lt;/row&gt;
          &lt;row&gt;⠠⠺⠀⠁⠀⠇⠀⠇⠀⠁⠀⠝⠀⠙⠀⠑⠀⠗&lt;/row&gt;
          &lt;row&gt;⠀&lt;/row&gt;
          &lt;row&gt;⠅⠀⠽⠀⠎⠀⠽⠀⠊⠄&lt;/row&gt;
          &lt;row&gt;⠀&lt;/row&gt;
          &lt;row&gt;⠀&lt;/row&gt;
          &lt;row&gt;⠤⠀⠀⠀⠠⠓⠀⠜⠀⠝⠀⠀⠀⠕⠀⠝&lt;/row&gt;
          &lt;row&gt;⠀&lt;/row&gt;
          &lt;row&gt;⠎⠀⠁⠀⠊⠀⠗⠀⠁⠀⠎⠄⠀⠀⠀⠠⠓⠀⠜⠀⠝⠀⠀⠀⠑⠀⠊&lt;/row&gt;
          &lt;row&gt;⠀&lt;/row&gt;
          &lt;row&gt;⠕⠀⠇⠀⠑⠀⠀⠀⠝⠀⠜⠀⠓⠀⠝⠀⠽⠀⠞&lt;/row&gt;
          &lt;row&gt;⠀&lt;/row&gt;
          &lt;row&gt;⠍⠀⠊⠀⠞⠀⠜⠀⠜⠀⠝⠂⠀⠀⠍⠀⠊⠀⠑⠀⠎&lt;/row&gt;
          &lt;row&gt;⠀&lt;/row&gt;
          &lt;row&gt;⠧⠀⠁⠀⠎⠀⠞⠀⠁⠀⠎⠀⠊⠄&lt;/row&gt;
          &lt;row&gt;⠀&lt;/row&gt;
          &lt;row/&gt;
        &lt;/page&gt;
        &lt;page&gt;
          &lt;row&gt;⠀⠀⠀⠀⠀⠀⠀⠀⠀⠀⠀⠀⠀⠀⠀⠀⠀⠀⠀⠀⠀⠀⠀⠀⠀⠀⠼⠁⠃⠋&lt;/row&gt;
          &lt;row&gt;⠠⠺⠀⠁⠀⠇⠀⠇⠀⠁⠀⠝⠀⠙⠀⠑⠀⠗⠀⠀⠀⠕⠀⠞⠀⠞⠀⠊&lt;/row&gt;
          &lt;row&gt;⠀&lt;/row&gt;
          &lt;row&gt;⠑⠀⠎⠀⠊⠀⠊⠀⠝⠀⠀⠀⠍⠀⠥⠀⠊⠀⠎⠀⠞⠀⠊⠀⠤&lt;/row&gt;
          &lt;row&gt;⠀&lt;/row&gt;
          &lt;row&gt;⠅⠀⠊⠀⠗⠀⠚⠀⠁⠀⠝⠀⠎⠀⠁⠄&lt;/row&gt;
          &lt;row&gt;⠀&lt;/row&gt;
          &lt;row&gt;⠀&lt;/row&gt;
          &lt;row&gt;⠤⠀⠀⠀⠠⠍⠀⠊⠀⠅⠀⠜⠀⠀⠀⠞⠀⠑⠀⠊⠀⠙⠀⠜⠀⠝&lt;/row&gt;
          &lt;row&gt;⠀&lt;/row&gt;
          &lt;row&gt;⠝⠀⠊⠀⠍⠀⠑⠀⠝⠀⠝⠀⠑⠀⠀⠀⠕⠀⠝⠢&lt;/row&gt;
          &lt;row&gt;⠀&lt;/row&gt;
          &lt;row&gt;⠠⠺⠀⠁⠀⠇⠀⠇⠀⠁⠀⠝⠀⠙⠀⠑⠀⠗&lt;/row&gt;
          &lt;row&gt;⠀&lt;/row&gt;
          &lt;row&gt;⠅⠀⠽⠀⠎⠀⠽⠀⠊⠄&lt;/row&gt;
          &lt;row&gt;⠀&lt;/row&gt;
          &lt;row&gt;⠀&lt;/row&gt;
          &lt;row&gt;⠤⠀⠀⠀⠠⠞⠀⠥⠀⠗⠀⠑&lt;/row&gt;
          &lt;row&gt;⠀&lt;/row&gt;
          &lt;row&gt;⠠⠎⠀⠞⠀⠑⠀⠝⠀⠓⠀⠕⠀⠇⠀⠍⠂⠀⠀⠀⠍⠀⠊⠀⠑⠀⠎&lt;/row&gt;
          &lt;row&gt;⠀&lt;/row&gt;
          &lt;row&gt;⠧⠀⠁⠀⠎⠀⠞⠀⠁⠀⠎⠀⠊⠄&lt;/row&gt;
          &lt;row&gt;⠀&lt;/row&gt;
          &lt;row&gt;⠠⠧⠀⠁⠀⠊⠀⠍⠀⠕⠀⠝⠀⠊⠀⠀⠀⠝⠀⠊⠀⠍⠀⠊&lt;/row&gt;
          &lt;row&gt;⠀&lt;/row&gt;
          &lt;row&gt;⠕⠀⠝⠀⠀⠀⠠⠅⠀⠁⠀⠚⠀⠎⠀⠁⠄&lt;/row&gt;
          &lt;row/&gt;
        &lt;/page&gt;
        &lt;page&gt;
          &lt;row&gt;⠀⠀⠀⠀⠀⠀⠀⠀⠀⠀⠀⠀⠀⠀⠀⠀⠀⠀⠀⠀⠀⠀⠀⠀⠀⠀⠼⠁⠃⠛&lt;/row&gt;
          &lt;row&gt;⠠⠺⠀⠁⠀⠇⠀⠇⠀⠁⠀⠝⠀⠙⠀⠑⠀⠗&lt;/row&gt;
          &lt;row&gt;⠀&lt;/row&gt;
          &lt;row&gt;⠎⠀⠁⠀⠝⠀⠕⠀⠊⠒&lt;/row&gt;
          &lt;row&gt;⠀&lt;/row&gt;
          &lt;row&gt;⠀&lt;/row&gt;
          &lt;row&gt;⠤⠀⠀⠀⠠⠑⠀⠝⠀⠀⠀⠓⠀⠜⠀⠊⠀⠗⠀⠊⠀⠞⠀⠎⠀⠑&lt;/row&gt;
          &lt;row&gt;⠀&lt;/row&gt;
          &lt;row&gt;⠞⠀⠜⠀⠍⠀⠜⠀⠝⠀⠀⠀⠑⠀⠝⠀⠑⠀⠍⠀⠏⠀⠜⠀⠜⠄&lt;/row&gt;
          &lt;row&gt;⠀&lt;/row&gt;
          &lt;row&gt;⠠⠍⠀⠥⠀⠞⠀⠞⠀⠁⠀⠀⠀⠞⠀⠥⠀⠇⠀⠑⠀⠝&lt;/row&gt;
          &lt;row&gt;⠀&lt;/row&gt;
          &lt;row&gt;⠑⠀⠓⠀⠅⠀⠜⠀⠀⠀⠞⠀⠁⠀⠅⠀⠁⠀⠊⠀⠎⠀⠊⠀⠝&lt;/row&gt;
          &lt;row&gt;⠀&lt;/row&gt;
          &lt;row&gt;⠍⠀⠥⠀⠥⠀⠞⠀⠁⠀⠍⠀⠁⠀⠝&lt;/row&gt;
          &lt;row&gt;⠀&lt;/row&gt;
          &lt;row&gt;⠏⠀⠜⠀⠊⠀⠧⠀⠜⠀⠝⠀⠀⠀⠏⠀⠜⠀⠜⠀⠎⠀⠞⠀⠜&lt;/row&gt;
          &lt;row&gt;⠀&lt;/row&gt;
          &lt;row&gt;⠏⠀⠥⠀⠓⠀⠥⠀⠍⠀⠁⠀⠁⠀⠝&lt;/row&gt;
          &lt;row&gt;⠀&lt;/row&gt;
          &lt;row&gt;⠗⠀⠕⠀⠥⠀⠧⠀⠁⠀⠝⠀⠀⠀⠅⠀⠁⠀⠝⠀⠎⠀⠎⠀⠁⠄&lt;/row&gt;
          &lt;row&gt;⠀&lt;/row&gt;
          &lt;row&gt;⠀&lt;/row&gt;
          &lt;row&gt;⠤⠀⠀⠀⠠⠎⠀⠑⠀⠀⠀⠑⠀⠊&lt;/row&gt;
          &lt;row&gt;⠀&lt;/row&gt;
          &lt;row&gt;⠅⠀⠁⠀⠝⠀⠝⠀⠁⠀⠞⠀⠁⠂⠀⠀⠀⠠⠞⠀⠥⠀⠗⠀⠑&lt;/row&gt;
          &lt;row/&gt;
        &lt;/page&gt;
        &lt;page&gt;
          &lt;row&gt;⠀⠀⠀⠀⠀⠀⠀⠀⠀⠀⠀⠀⠀⠀⠀⠀⠀⠀⠀⠀⠀⠀⠀⠀⠀⠀⠼⠁⠃⠓&lt;/row&gt;
          &lt;row&gt;⠠⠎⠀⠞⠀⠑⠀⠝⠀⠓⠀⠕⠀⠇⠀⠍⠀⠀⠀⠎⠀⠁⠀⠝⠀⠕⠀⠊⠄&lt;/row&gt;
          &lt;row&gt;⠀&lt;/row&gt;
          &lt;row&gt;⠤⠀⠀⠀⠠⠓⠀⠜⠀⠝⠀⠀⠀⠕⠀⠝⠀⠀⠀⠓⠀⠽⠀⠧⠀⠊⠀⠝&lt;/row&gt;
          &lt;row&gt;⠀&lt;/row&gt;
          &lt;row&gt;⠎⠀⠁⠀⠊⠀⠗⠀⠁⠀⠎⠄&lt;/row&gt;
          &lt;row&gt;⠀&lt;/row&gt;
          &lt;row&gt;⠠⠓⠀⠜⠀⠝⠀⠑⠀⠇⠀⠇⠀⠜⠀⠀⠀⠕⠀⠝&lt;/row&gt;
          &lt;row&gt;⠀&lt;/row&gt;
          &lt;row&gt;⠎⠀⠽⠀⠪⠀⠏⠀⠜⠀⠀⠀⠚⠀⠁⠀⠀⠀⠓⠀⠜⠀⠝&lt;/row&gt;
          &lt;row&gt;⠀&lt;/row&gt;
          &lt;row&gt;⠅⠀⠥⠀⠕⠀⠇⠀⠑⠀⠑⠀⠀⠀⠏⠀⠊⠀⠁⠀⠝⠄&lt;/row&gt;
          &lt;row&gt;⠀&lt;/row&gt;
          &lt;row&gt;⠀&lt;/row&gt;
          &lt;row&gt;⠤⠀⠀⠀⠠⠽⠀⠍⠀⠍⠀⠜⠀⠗⠀⠗⠀⠜⠀⠝⠂&lt;/row&gt;
          &lt;row&gt;⠀&lt;/row&gt;
          &lt;row&gt;⠠⠺⠀⠁⠀⠇⠀⠇⠀⠁⠀⠝⠀⠙⠀⠑⠀⠗&lt;/row&gt;
          &lt;row&gt;⠀&lt;/row&gt;
          &lt;row&gt;⠎⠀⠁⠀⠝⠀⠕⠀⠊⠀⠀⠚⠀⠁&lt;/row&gt;
          &lt;row&gt;⠀&lt;/row&gt;
          &lt;row&gt;⠚⠀⠁⠀⠞⠀⠅⠀⠕⠀⠊⠒⠀⠀⠀⠤⠀⠀⠀⠠⠑⠀⠝&lt;/row&gt;
          &lt;row&gt;⠀&lt;/row&gt;
          &lt;row&gt;⠓⠀⠜⠀⠊⠀⠗⠀⠊⠀⠞⠀⠎⠀⠑⠀⠀⠀⠞⠀⠑⠀⠊⠀⠞⠀⠜&lt;/row&gt;
          &lt;row&gt;⠀&lt;/row&gt;
          &lt;row&gt;⠑⠀⠝⠀⠑⠀⠍⠀⠏⠀⠜⠀⠜⠄&lt;/row&gt;
          &lt;row&gt;⠀&lt;/row&gt;
          &lt;row/&gt;
        &lt;/page&gt;
        &lt;page&gt;
          &lt;row&gt;⠀⠀⠀⠀⠀⠀⠀⠀⠀⠀⠀⠀⠀⠀⠀⠀⠀⠀⠀⠀⠀⠀⠀⠀⠀⠀⠼⠁⠃⠊&lt;/row&gt;
          &lt;row&gt;⠠⠞⠀⠥⠀⠗⠀⠑⠀⠀⠀⠠⠎⠀⠞⠀⠑⠀⠝⠀⠓⠀⠕⠀⠇⠀⠍&lt;/row&gt;
          &lt;row&gt;⠀&lt;/row&gt;
          &lt;row&gt;⠁⠀⠧⠀⠁⠀⠎⠀⠊⠀⠀⠀⠕⠀⠧⠀⠑⠀⠝&lt;/row&gt;
          &lt;row&gt;⠀&lt;/row&gt;
          &lt;row&gt;⠠⠺⠀⠁⠀⠇⠀⠇⠀⠁⠀⠝⠀⠙⠀⠑⠀⠗⠀⠊⠀⠇⠀⠇⠀⠑⠄&lt;/row&gt;
          &lt;row&gt;⠀&lt;/row&gt;
          &lt;row&gt;⠀&lt;/row&gt;
          &lt;row&gt;⠤⠀⠀⠀⠠⠕⠀⠇⠀⠊⠀⠅⠀⠕⠀⠀⠀⠍⠀⠽⠀⠪⠀⠎&lt;/row&gt;
          &lt;row&gt;⠀&lt;/row&gt;
          &lt;row&gt;⠏⠀⠥⠀⠕⠀⠇⠀⠊⠀⠎⠀⠕⠀⠝⠀⠝⠀⠑&lt;/row&gt;
          &lt;row&gt;⠀&lt;/row&gt;
          &lt;row&gt;⠇⠀⠜⠀⠜⠀⠅⠀⠜⠀⠗⠀⠊⠢&lt;/row&gt;
          &lt;row&gt;⠀&lt;/row&gt;
          &lt;row&gt;⠠⠺⠀⠁⠀⠇⠀⠇⠀⠁⠀⠝⠀⠙⠀⠑⠀⠗&lt;/row&gt;
          &lt;row&gt;⠀&lt;/row&gt;
          &lt;row&gt;⠅⠀⠽⠀⠎⠀⠽⠀⠊⠄&lt;/row&gt;
          &lt;row&gt;⠀&lt;/row&gt;
          &lt;row&gt;⠀&lt;/row&gt;
          &lt;row&gt;⠤⠀⠀⠀⠠⠑⠀⠊⠄⠀⠀⠀⠠⠓⠀⠜⠀⠝⠀⠀⠀⠕⠀⠇⠀⠊&lt;/row&gt;
          &lt;row&gt;⠀&lt;/row&gt;
          &lt;row&gt;⠚⠀⠥⠀⠗⠀⠊⠀⠎⠀⠞⠀⠊⠂⠀⠀⠓⠀⠜⠀⠝&lt;/row&gt;
          &lt;row&gt;⠀&lt;/row&gt;
          &lt;row&gt;⠞⠀⠕⠀⠊⠀⠍⠀⠊&lt;/row&gt;
          &lt;row&gt;⠀&lt;/row&gt;
          &lt;row&gt;⠎⠀⠽⠀⠽⠀⠞⠀⠞⠀⠜⠀⠚⠀⠜⠀⠝⠀⠜⠂&lt;/row&gt;
          &lt;row/&gt;
        &lt;/page&gt;
        &lt;page&gt;
          &lt;row&gt;⠀⠀⠀⠀⠀⠀⠀⠀⠀⠀⠀⠀⠀⠀⠀⠀⠀⠀⠀⠀⠀⠀⠀⠀⠀⠀⠼⠁⠉⠚&lt;/row&gt;
          &lt;row&gt;⠍⠀⠊⠀⠑⠀⠎⠀⠀⠀⠧⠀⠁⠀⠎⠀⠞⠀⠁⠀⠎⠀⠊⠄&lt;/row&gt;
          &lt;row&gt;⠀&lt;/row&gt;
          &lt;row&gt;⠀&lt;/row&gt;
          &lt;row&gt;⠠⠺⠀⠁⠀⠇⠀⠇⠀⠁⠀⠝⠀⠙⠀⠑⠀⠗⠀⠀⠀⠅⠀⠜⠀⠧⠀⠊&lt;/row&gt;
          &lt;row&gt;⠀&lt;/row&gt;
          &lt;row&gt;⠧⠀⠊⠀⠑⠀⠇⠀⠜⠀⠀⠀⠅⠀⠕⠀⠇⠀⠍⠀⠑⠀⠎⠀⠎⠀⠁&lt;/row&gt;
          &lt;row&gt;⠀&lt;/row&gt;
          &lt;row&gt;⠞⠀⠁⠀⠇⠀⠕⠀⠎⠀⠎⠀⠁⠂&lt;/row&gt;
          &lt;row&gt;⠀&lt;/row&gt;
          &lt;row&gt;⠍⠀⠥⠀⠞⠀⠞⠀⠁⠀⠀⠀⠍⠀⠊⠀⠞⠀⠜⠀⠜⠀⠝&lt;/row&gt;
          &lt;row&gt;⠀&lt;/row&gt;
          &lt;row&gt;⠥⠀⠥⠀⠞⠀⠞⠀⠁⠀⠀⠀⠑⠀⠊&lt;/row&gt;
          &lt;row&gt;⠀&lt;/row&gt;
          &lt;row&gt;⠎⠀⠑⠀⠇⠀⠧⠀⠊⠀⠝⠀⠝⠀⠽⠀⠞⠄&lt;/row&gt;
          &lt;row&gt;⠀&lt;/row&gt;
          &lt;row&gt;⠠⠓⠀⠜⠀⠝⠀⠀⠀⠅⠀⠜⠀⠧⠀⠑⠀⠇⠀⠊&lt;/row&gt;
          &lt;row&gt;⠀&lt;/row&gt;
          &lt;row&gt;⠁⠀⠥⠀⠞⠀⠕⠀⠇⠀⠇⠀⠑&lt;/row&gt;
          &lt;row&gt;⠀&lt;/row&gt;
          &lt;row&gt;⠕⠀⠙⠀⠕⠀⠞⠀⠞⠀⠁⠀⠍⠀⠁⠀⠁⠀⠝&lt;/row&gt;
          &lt;row&gt;⠀&lt;/row&gt;
          &lt;row&gt;⠠⠁⠀⠝⠀⠝⠀⠤⠠⠃⠀⠗⠀⠊⠀⠞⠀⠞&lt;/row&gt;
          &lt;row&gt;⠀&lt;/row&gt;
          &lt;row&gt;⠠⠓⠀⠪⠀⠛⠀⠇⠀⠥⠀⠝⠀⠙⠀⠊⠀⠁⠄&lt;/row&gt;
          &lt;row&gt;⠀&lt;/row&gt;
          &lt;row/&gt;
        &lt;/page&gt;
        &lt;page&gt;
          &lt;row&gt;⠀⠀⠀⠀⠀⠀⠀⠀⠀⠀⠀⠀⠀⠀⠀⠀⠀⠀⠀⠀⠀⠀⠀⠀⠀⠀⠼⠁⠉⠁&lt;/row&gt;
          &lt;row&gt;⠠⠞⠀⠜⠀⠇⠀⠇⠀⠜⠀⠅⠀⠜⠀⠜⠀⠝⠀⠀⠀⠑⠀⠊&lt;/row&gt;
          &lt;row&gt;⠀&lt;/row&gt;
          &lt;row&gt;⠕⠀⠇⠀⠇⠀⠥⠀⠞⠀⠀⠀⠍⠀⠊⠀⠞⠀⠜⠀⠜⠀⠝&lt;/row&gt;
          &lt;row&gt;⠀&lt;/row&gt;
          &lt;row&gt;⠅⠀⠑⠀⠗⠀⠗⠀⠕⠀⠞⠀⠞⠀⠁⠀⠧⠀⠁⠀⠁⠄&lt;/row&gt;
          &lt;row&gt;⠀&lt;/row&gt;
          &lt;row&gt;⠀&lt;/row&gt;
          &lt;row&gt;⠠⠧⠀⠁⠀⠊⠀⠝⠀⠀⠀⠠⠁⠀⠛⠀⠝⠀⠑⠀⠎&lt;/row&gt;
          &lt;row&gt;⠀&lt;/row&gt;
          &lt;row&gt;⠠⠑⠀⠓⠀⠝⠀⠀⠀⠕⠀⠇⠀⠊⠀⠀⠀⠝⠀⠜⠀⠓⠀⠝⠀⠽⠀⠞&lt;/row&gt;
          &lt;row&gt;⠀&lt;/row&gt;
          &lt;row&gt;⠠⠁⠀⠇⠀⠑⠀⠭⠀⠁⠀⠝⠀⠙⠀⠑⠀⠗⠀⠎⠀⠤&lt;/row&gt;
          &lt;row&gt;⠀&lt;/row&gt;
          &lt;row&gt;⠎⠀⠕⠀⠝⠀⠊⠀⠝⠂⠀⠀⠀⠑⠀⠊&lt;/row&gt;
          &lt;row&gt;⠀&lt;/row&gt;
          &lt;row&gt;⠅⠀⠥⠀⠅⠀⠁⠀⠁⠀⠝⠀⠀⠀⠍⠀⠥⠀⠥⠄&lt;/row&gt;
          &lt;row&gt;⠀&lt;/row&gt;
          &lt;row&gt;⠀&lt;/row&gt;
          &lt;row&gt;⠠⠓⠀⠑⠀⠀⠀⠁⠀⠚⠀⠕⠀⠊⠀⠧⠀⠁⠀⠞&lt;/row&gt;
          &lt;row&gt;⠀&lt;/row&gt;
          &lt;row&gt;⠞⠀⠁⠀⠅⠀⠁⠀⠊⠀⠎⠀⠊⠀⠝&lt;/row&gt;
          &lt;row&gt;⠀&lt;/row&gt;
          &lt;row&gt;⠠⠽⠀⠎⠀⠞⠀⠁⠀⠙⠀⠊⠀⠊⠀⠝⠄&lt;/row&gt;
          &lt;row&gt;⠀&lt;/row&gt;
          &lt;row&gt;⠀&lt;/row&gt;
          &lt;row/&gt;
        &lt;/page&gt;
        &lt;page&gt;
          &lt;row&gt;⠀⠀⠀⠀⠀⠀⠀⠀⠀⠀⠀⠀⠀⠀⠀⠀⠀⠀⠀⠀⠀⠀⠀⠀⠀⠀⠼⠁⠉⠃&lt;/row&gt;
          &lt;row&gt;⠠⠅⠀⠥⠀⠝⠀⠀⠀⠠⠺⠀⠁⠀⠇⠀⠇⠀⠁⠀⠝⠀⠙⠀⠑⠀⠗&lt;/row&gt;
          &lt;row&gt;⠀&lt;/row&gt;
          &lt;row&gt;⠁⠀⠎⠀⠞⠀⠥⠀⠊⠀⠀⠀⠞⠀⠽⠀⠪⠀⠤&lt;/row&gt;
          &lt;row&gt;⠀&lt;/row&gt;
          &lt;row&gt;⠓⠀⠥⠀⠕⠀⠝⠀⠑⠀⠑⠀⠎⠀⠑⠀⠑⠀⠝⠀⠎⠀⠁⠂&lt;/row&gt;
          &lt;row&gt;⠀&lt;/row&gt;
          &lt;row&gt;⠏⠀⠥⠀⠓⠀⠑⠀⠇⠀⠊⠀⠝⠀⠀⠀⠎⠀⠕⠀⠊⠄&lt;/row&gt;
          &lt;row&gt;⠀&lt;/row&gt;
          &lt;row&gt;⠠⠎⠀⠕⠀⠊⠀⠞⠀⠞⠀⠁⠀⠚⠀⠁⠀⠀⠀⠕⠀⠇⠀⠊&lt;/row&gt;
          &lt;row&gt;⠀&lt;/row&gt;
          &lt;row&gt;⠇⠀⠜⠀⠜⠀⠅⠀⠜⠀⠗⠀⠊⠂⠀⠀⠚⠀⠕⠀⠅⠀⠁&lt;/row&gt;
          &lt;row&gt;⠀&lt;/row&gt;
          &lt;row&gt;⠕⠀⠇⠀⠊⠀⠀⠀⠞⠀⠥⠀⠞⠀⠅⠀⠊⠀⠝⠀⠥⠀⠞&lt;/row&gt;
          &lt;row&gt;⠀&lt;/row&gt;
          &lt;row&gt;⠠⠁⠀⠇⠀⠑⠀⠭⠀⠁⠀⠝⠀⠙⠀⠑⠀⠗⠀⠎⠀⠤&lt;/row&gt;
          &lt;row&gt;⠀&lt;/row&gt;
          &lt;row&gt;⠎⠀⠕⠀⠝⠀⠊⠀⠝⠀⠀⠀⠗⠀⠥⠀⠥⠀⠍⠀⠊⠀⠊⠀⠝⠄&lt;/row&gt;
          &lt;row&gt;⠀&lt;/row&gt;
          &lt;row&gt;⠠⠓⠀⠜⠀⠝⠀⠑⠀⠇⠀⠇⠀⠜⠀⠀⠀⠕⠀⠇⠀⠊&lt;/row&gt;
          &lt;row&gt;⠀&lt;/row&gt;
          &lt;row&gt;⠇⠀⠊⠀⠎⠀⠜⠀⠜⠀⠀⠀⠞⠀⠊⠀⠑⠀⠞⠀⠕⠀⠁&lt;/row&gt;
          &lt;row&gt;⠀&lt;/row&gt;
          &lt;row&gt;⠍⠀⠽⠀⠗⠀⠅⠀⠽⠀⠎⠀⠞⠀⠜⠄&lt;/row&gt;
          &lt;row&gt;⠀&lt;/row&gt;
          &lt;row&gt;⠀&lt;/row&gt;
          &lt;row/&gt;
        &lt;/page&gt;
        &lt;page&gt;
          &lt;row&gt;⠀⠀⠀⠀⠀⠀⠀⠀⠀⠀⠀⠀⠀⠀⠀⠀⠀⠀⠀⠀⠀⠀⠀⠀⠀⠀⠼⠁⠉⠉&lt;/row&gt;
          &lt;row&gt;⠠⠇⠀⠜⠀⠜⠀⠅⠀⠜⠀⠗⠀⠊⠀⠀⠀⠅⠀⠑⠀⠗⠀⠞⠀⠕⠀⠊⠒&lt;/row&gt;
          &lt;row&gt;⠀&lt;/row&gt;
          &lt;row&gt;⠀&lt;/row&gt;
          &lt;row&gt;⠤⠀⠠⠁⠀⠇⠀⠑⠀⠭⠀⠁⠀⠝⠀⠙⠀⠑⠀⠗⠀⠎⠀⠎⠀⠕⠀⠝&lt;/row&gt;
          &lt;row&gt;⠀&lt;/row&gt;
          &lt;row&gt;⠕⠀⠝⠀⠀⠀⠧⠀⠕⠀⠊⠀⠝⠀⠥⠀⠞&lt;/row&gt;
          &lt;row&gt;⠀&lt;/row&gt;
          &lt;row&gt;⠎⠀⠁⠀⠁⠀⠙⠀⠁⠀⠀⠀⠍⠀⠽⠀⠗⠀⠅⠀⠽⠀⠝&lt;/row&gt;
          &lt;row&gt;⠀&lt;/row&gt;
          &lt;row&gt;⠎⠀⠊⠀⠞⠀⠑⠀⠝⠂⠀⠀⠑⠀⠞⠀⠞⠀⠜⠀⠀⠀⠓⠀⠜⠀⠝&lt;/row&gt;
          &lt;row&gt;⠀&lt;/row&gt;
          &lt;row&gt;⠑⠀⠊⠀⠀⠀⠕⠀⠇⠀⠑&lt;/row&gt;
          &lt;row&gt;⠀&lt;/row&gt;
          &lt;row&gt;⠓⠀⠥⠀⠕⠀⠍⠀⠁⠀⠝⠀⠝⠀⠥⠀⠞⠀⠀⠀⠎⠀⠊⠀⠞⠀⠜⠄&lt;/row&gt;
          &lt;row&gt;⠀&lt;/row&gt;
          &lt;row&gt;⠠⠑⠀⠝⠀⠀⠀⠕⠀⠎⠀⠁⠀⠁⠀⠀⠀⠎⠀⠁⠀⠝⠀⠕⠀⠁⠂&lt;/row&gt;
          &lt;row&gt;⠀&lt;/row&gt;
          &lt;row&gt;⠍⠀⠊⠀⠞⠀⠑⠀⠝⠀⠀⠀⠝⠀⠕⠀⠏⠀⠑⠀⠁⠀⠎⠀⠞⠀⠊&lt;/row&gt;
          &lt;row&gt;⠀&lt;/row&gt;
          &lt;row&gt;⠍⠀⠽⠀⠗⠀⠅⠀⠅⠀⠽⠀⠀⠀⠕⠀⠝&lt;/row&gt;
          &lt;row&gt;⠀&lt;/row&gt;
          &lt;row&gt;⠁⠀⠇⠀⠅⠀⠁⠀⠝⠀⠥⠀⠞&lt;/row&gt;
          &lt;row&gt;⠀&lt;/row&gt;
          &lt;row&gt;⠧⠀⠁⠀⠊⠀⠅⠀⠥⠀⠞⠀⠞⠀⠁⠀⠁⠂&lt;/row&gt;
          &lt;row&gt;⠀&lt;/row&gt;
          &lt;row&gt;⠍⠀⠥⠀⠞⠀⠞⠀⠁⠀⠀⠀⠎⠀⠊⠀⠊⠀⠓⠀⠑⠀⠝&lt;/row&gt;
        &lt;/page&gt;
        &lt;page&gt;
          &lt;row&gt;⠀⠀⠀⠀⠀⠀⠀⠀⠀⠀⠀⠀⠀⠀⠀⠀⠀⠀⠀⠀⠀⠀⠀⠀⠀⠀⠼⠁⠉⠙&lt;/row&gt;
          &lt;row&gt;⠕⠀⠝⠀⠀⠀⠅⠀⠥⠀⠇⠀⠥⠀⠝⠀⠥⠀⠞&lt;/row&gt;
          &lt;row&gt;⠀&lt;/row&gt;
          &lt;row&gt;⠁⠀⠊⠀⠝⠀⠁⠀⠅⠀⠊⠀⠝⠀⠀⠀⠏⠀⠥⠀⠕⠀⠇⠀⠊&lt;/row&gt;
          &lt;row&gt;⠀&lt;/row&gt;
          &lt;row&gt;⠞⠀⠥⠀⠝⠀⠞⠀⠊⠀⠁⠄&lt;/row&gt;
          &lt;row&gt;⠀&lt;/row&gt;
          &lt;row&gt;⠠⠎⠀⠑⠀⠝⠀⠀⠀⠚⠀⠜⠀⠇⠀⠅⠀⠑⠀⠑⠀⠝&lt;/row&gt;
          &lt;row&gt;⠀&lt;/row&gt;
          &lt;row&gt;⠅⠀⠥⠀⠕⠀⠇⠀⠑⠀⠍⠀⠁⠀⠀⠀⠕⠀⠝&lt;/row&gt;
          &lt;row&gt;⠀&lt;/row&gt;
          &lt;row&gt;⠎⠀⠑⠀⠥⠀⠗⠀⠁⠀⠝⠀⠝⠀⠥⠀⠞&lt;/row&gt;
          &lt;row&gt;⠀&lt;/row&gt;
          &lt;row&gt;⠝⠀⠕⠀⠏⠀⠑⠀⠁⠀⠎⠀⠞⠀⠊⠄&lt;/row&gt;
          &lt;row&gt;⠀&lt;/row&gt;
          &lt;row&gt;⠀&lt;/row&gt;
          &lt;row&gt;⠠⠺⠀⠁⠀⠇⠀⠇⠀⠁⠀⠝⠀⠙⠀⠑⠀⠗&lt;/row&gt;
          &lt;row&gt;⠀&lt;/row&gt;
          &lt;row&gt;⠅⠀⠊⠀⠊⠀⠞⠀⠞⠀⠊⠀⠀⠀⠇⠀⠜⠀⠜⠀⠅⠀⠜⠀⠗⠀⠊⠀⠜&lt;/row&gt;
          &lt;row&gt;⠀&lt;/row&gt;
          &lt;row&gt;⠚⠀⠁⠀⠀⠀⠇⠀⠕⠀⠏⠀⠑⠀⠞⠀⠞⠀⠊&lt;/row&gt;
          &lt;row&gt;⠀&lt;/row&gt;
          &lt;row&gt;⠏⠀⠥⠀⠓⠀⠑⠀⠇⠀⠥⠀⠝⠄&lt;/row&gt;
          &lt;row&gt;⠀&lt;/row&gt;
          &lt;row&gt;⠠⠓⠀⠜⠀⠝⠀⠀⠀⠅⠀⠥⠀⠞⠀⠎⠀⠥⠀⠊&lt;/row&gt;
          &lt;row&gt;⠀&lt;/row&gt;
          &lt;row&gt;⠏⠀⠁⠀⠊⠀⠅⠀⠁⠀⠇⠀⠇⠀⠑&lt;/row&gt;
        &lt;/page&gt;
        &lt;page&gt;
          &lt;row&gt;⠀⠀⠀⠀⠀⠀⠀⠀⠀⠀⠀⠀⠀⠀⠀⠀⠀⠀⠀⠀⠀⠀⠀⠀⠀⠀⠼⠁⠉⠑&lt;/row&gt;
          &lt;row&gt;⠠⠓⠀⠁⠀⠝⠀⠎⠀⠎⠀⠕⠀⠝⠀⠊⠀⠝&lt;/row&gt;
          &lt;row&gt;⠀&lt;/row&gt;
          &lt;row&gt;⠚⠀⠁⠀⠀⠀⠠⠁⠀⠝⠀⠝⠀⠤⠠⠃⠀⠗⠀⠊⠀⠞⠀⠞&lt;/row&gt;
          &lt;row&gt;⠀&lt;/row&gt;
          &lt;row&gt;⠠⠓⠀⠪⠀⠛⠀⠇⠀⠥⠀⠝⠀⠙⠀⠊⠀⠝⠀⠀⠀⠚⠀⠁&lt;/row&gt;
          &lt;row&gt;⠀&lt;/row&gt;
          &lt;row&gt;⠅⠀⠑⠀⠗⠀⠞⠀⠕⠀⠊⠀⠀⠀⠓⠀⠑⠀⠊⠀⠇⠀⠇⠀⠑&lt;/row&gt;
          &lt;row&gt;⠀&lt;/row&gt;
          &lt;row&gt;⠇⠀⠜⠀⠜⠀⠅⠀⠜⠀⠗⠀⠊⠀⠝&lt;/row&gt;
          &lt;row&gt;⠀&lt;/row&gt;
          &lt;row&gt;⠏⠀⠥⠀⠓⠀⠑⠀⠇⠀⠥⠀⠎⠀⠞⠀⠁⠄&lt;/row&gt;
          &lt;row&gt;⠀&lt;/row&gt;
          &lt;row&gt;⠀&lt;/row&gt;
          &lt;row&gt;⠠⠎⠀⠑⠀⠝⠀⠀⠀⠚⠀⠜⠀⠇⠀⠅⠀⠑⠀⠑⠀⠝&lt;/row&gt;
          &lt;row&gt;⠀&lt;/row&gt;
          &lt;row&gt;⠓⠀⠜⠀⠝⠀⠀⠀⠅⠀⠑⠀⠗⠀⠞⠀⠕⠀⠊&lt;/row&gt;
          &lt;row&gt;⠀&lt;/row&gt;
          &lt;row&gt;⠞⠀⠕⠀⠊⠀⠎⠀⠑⠀⠎⠀⠞⠀⠁&lt;/row&gt;
          &lt;row&gt;⠀&lt;/row&gt;
          &lt;row&gt;⠇⠀⠜⠀⠜⠀⠅⠀⠜⠀⠗⠀⠊⠀⠎⠀⠞⠀⠜⠂&lt;/row&gt;
          &lt;row&gt;⠀&lt;/row&gt;
          &lt;row&gt;⠠⠞⠀⠥⠀⠗⠀⠑&lt;/row&gt;
          &lt;row&gt;⠀&lt;/row&gt;
          &lt;row&gt;⠠⠎⠀⠞⠀⠑⠀⠝⠀⠓⠀⠕⠀⠇⠀⠍⠀⠊⠀⠎⠀⠞⠀⠁⠂&lt;/row&gt;
          &lt;row&gt;⠀&lt;/row&gt;
          &lt;row&gt;⠚⠀⠕⠀⠅⠀⠁⠀⠀⠀⠁⠀⠎⠀⠥⠀⠊&lt;/row&gt;
        &lt;/page&gt;
        &lt;page&gt;
          &lt;row&gt;⠀⠀⠀⠀⠀⠀⠀⠀⠀⠀⠀⠀⠀⠀⠀⠀⠀⠀⠀⠀⠀⠀⠀⠀⠀⠀⠼⠁⠉⠋&lt;/row&gt;
          &lt;row&gt;⠗⠀⠁⠀⠝⠀⠞⠀⠁⠀⠓⠀⠥⠀⠧⠀⠊⠀⠇⠀⠁⠀⠎⠀⠎⠀⠁&lt;/row&gt;
          &lt;row&gt;⠀&lt;/row&gt;
          &lt;row&gt;⠠⠎⠀⠧⠀⠁⠀⠗⠀⠞⠀⠑⠀⠎⠀⠎⠀⠁⠄&lt;/row&gt;
          &lt;row&gt;⠀&lt;/row&gt;
          &lt;row&gt;⠀&lt;/row&gt;
          &lt;row&gt;⠤⠀⠀⠀⠠⠍⠀⠊⠀⠝⠀⠥⠀⠇⠀⠇⠀⠁⠀⠀⠀⠕⠀⠝&lt;/row&gt;
          &lt;row&gt;⠀&lt;/row&gt;
          &lt;row&gt;⠎⠀⠑⠀⠇⠀⠇⠀⠁⠀⠊⠀⠝⠀⠑⠀⠝&lt;/row&gt;
          &lt;row&gt;⠀&lt;/row&gt;
          &lt;row&gt;⠞⠀⠥⠀⠝⠀⠝⠀⠑⠂⠀⠀⠀⠑⠀⠞⠀⠞⠀⠜&lt;/row&gt;
          &lt;row&gt;⠀&lt;/row&gt;
          &lt;row&gt;⠗⠀⠁⠀⠞⠀⠅⠀⠁⠀⠊⠀⠎⠀⠥&lt;/row&gt;
          &lt;row&gt;⠀&lt;/row&gt;
          &lt;row&gt;⠇⠀⠪⠀⠽⠀⠞⠀⠽⠀⠽&lt;/row&gt;
          &lt;row&gt;⠀&lt;/row&gt;
          &lt;row&gt;⠠⠎⠀⠞⠀⠑⠀⠝⠀⠓⠀⠕⠀⠇⠀⠍⠀⠊⠀⠝&lt;/row&gt;
          &lt;row&gt;⠀&lt;/row&gt;
          &lt;row&gt;⠞⠀⠁⠀⠇⠀⠕⠀⠎⠀⠞⠀⠁⠂&lt;/row&gt;
          &lt;row&gt;⠀&lt;/row&gt;
          &lt;row&gt;⠠⠺⠀⠁⠀⠇⠀⠇⠀⠁⠀⠝⠀⠙⠀⠑⠀⠗&lt;/row&gt;
          &lt;row&gt;⠀&lt;/row&gt;
          &lt;row&gt;⠎⠀⠁⠀⠝⠀⠕⠀⠊⠄&lt;/row&gt;
          &lt;row&gt;⠀&lt;/row&gt;
          &lt;row&gt;⠀&lt;/row&gt;
          &lt;row&gt;⠀&lt;/row&gt;
          &lt;row/&gt;
        &lt;/page&gt;
        &lt;page&gt;
          &lt;row&gt;⠀⠀⠀⠀⠀⠀⠀⠀⠀⠀⠀⠀⠀⠀⠀⠀⠀⠀⠀⠀⠀⠀⠀⠀⠀⠀⠼⠁⠉⠛&lt;/row&gt;
          &lt;row&gt;⠤⠀⠀⠀⠠⠇⠀⠜⠀⠜⠀⠅⠀⠜⠀⠗⠀⠊&lt;/row&gt;
          &lt;row&gt;⠀&lt;/row&gt;
          &lt;row&gt;⠞⠀⠥⠀⠝⠀⠞⠀⠑⠀⠑⠀⠀⠀⠍⠀⠽⠀⠗⠀⠅⠀⠽⠀⠞⠂&lt;/row&gt;
          &lt;row&gt;⠀&lt;/row&gt;
          &lt;row&gt;⠠⠁⠀⠝⠀⠝⠀⠤⠠⠃⠀⠗⠀⠊⠀⠞⠀⠞&lt;/row&gt;
          &lt;row&gt;⠀&lt;/row&gt;
          &lt;row&gt;⠠⠓⠀⠪⠀⠛⠀⠇⠀⠥⠀⠝⠀⠙⠀⠀⠀⠎⠀⠁⠀⠝⠀⠕⠀⠊⠄&lt;/row&gt;
          &lt;row&gt;⠀&lt;/row&gt;
          &lt;row&gt;⠀&lt;/row&gt;
          &lt;row&gt;⠤⠀⠀⠀⠠⠅⠀⠽⠀⠇⠀⠇⠀⠜⠂⠀⠀⠀⠍⠀⠥⠀⠞⠀⠞⠀⠁&lt;/row&gt;
          &lt;row&gt;⠀&lt;/row&gt;
          &lt;row&gt;⠑⠀⠝⠀⠀⠀⠍⠀⠊⠀⠝⠀⠜⠀⠀⠀⠎⠀⠊⠀⠞⠀⠜&lt;/row&gt;
          &lt;row&gt;⠀&lt;/row&gt;
          &lt;row&gt;⠁⠀⠚⠀⠁⠀⠞⠀⠞⠀⠑⠀⠇⠀⠑⠂&lt;/row&gt;
          &lt;row&gt;⠀&lt;/row&gt;
          &lt;row&gt;⠠⠺⠀⠁⠀⠇⠀⠇⠀⠁⠀⠝⠀⠙⠀⠑⠀⠗&lt;/row&gt;
          &lt;row&gt;⠀&lt;/row&gt;
          &lt;row&gt;⠎⠀⠁⠀⠝⠀⠕⠀⠊⠄&lt;/row&gt;
          &lt;row&gt;⠀&lt;/row&gt;
          &lt;row&gt;⠤⠀⠀⠀⠠⠎⠀⠑⠀⠀⠀⠕⠀⠝⠀⠀⠀⠚⠀⠕⠀⠞⠀⠁⠀⠊⠀⠝&lt;/row&gt;
          &lt;row&gt;⠀&lt;/row&gt;
          &lt;row&gt;⠍⠀⠥⠀⠥⠀⠞⠀⠁⠄&lt;/row&gt;
          &lt;row&gt;⠀&lt;/row&gt;
          &lt;row&gt;⠠⠑⠀⠝⠀⠀⠀⠧⠀⠁⠀⠊⠀⠝⠀⠀⠀⠅⠀⠑⠀⠅⠀⠎⠀⠊⠂&lt;/row&gt;
          &lt;row&gt;⠀&lt;/row&gt;
          &lt;row&gt;⠍⠀⠊⠀⠞⠀⠜⠀⠀⠀⠎⠀⠑⠀⠀⠀⠕⠀⠝⠄&lt;/row&gt;
        &lt;/page&gt;
        &lt;page&gt;
          &lt;row&gt;⠀⠀⠀⠀⠀⠀⠀⠀⠀⠀⠀⠀⠀⠀⠀⠀⠀⠀⠀⠀⠀⠀⠀⠀⠀⠀⠼⠁⠉⠓&lt;/row&gt;
          &lt;row&gt;⠠⠓⠀⠜⠀⠝⠀⠀⠀⠏⠀⠽⠀⠽⠀⠎⠀⠊&lt;/row&gt;
          &lt;row&gt;⠀&lt;/row&gt;
          &lt;row&gt;⠠⠓⠀⠁⠀⠝⠀⠎⠀⠎⠀⠕⠀⠝⠀⠊⠀⠁&lt;/row&gt;
          &lt;row&gt;⠀&lt;/row&gt;
          &lt;row&gt;⠎⠀⠑⠀⠇⠀⠧⠀⠊⠀⠞⠀⠞⠀⠜⠀⠍⠀⠜⠀⠜⠀⠝&lt;/row&gt;
          &lt;row&gt;⠀&lt;/row&gt;
          &lt;row&gt;⠅⠀⠁⠀⠊⠀⠅⠀⠑⠀⠝&lt;/row&gt;
          &lt;row&gt;⠀&lt;/row&gt;
          &lt;row&gt;⠍⠀⠁⠀⠓⠀⠙⠀⠕⠀⠇⠀⠇⠀⠊⠀⠎⠀⠑⠀⠝&lt;/row&gt;
          &lt;row&gt;⠀&lt;/row&gt;
          &lt;row&gt;⠠⠞⠀⠥⠀⠗⠀⠑&lt;/row&gt;
          &lt;row&gt;⠀&lt;/row&gt;
          &lt;row&gt;⠠⠎⠀⠞⠀⠑⠀⠝⠀⠓⠀⠕⠀⠇⠀⠍⠀⠊⠀⠎⠀⠞⠀⠁&lt;/row&gt;
          &lt;row&gt;⠀&lt;/row&gt;
          &lt;row&gt;⠚⠀⠁⠀⠀⠀⠓⠀⠜⠀⠝⠀⠑⠀⠝&lt;/row&gt;
          &lt;row&gt;⠀&lt;/row&gt;
          &lt;row&gt;⠏⠀⠥⠀⠕⠀⠇⠀⠊⠀⠎⠀⠕⠀⠎⠀⠞⠀⠁⠀⠁⠀⠝⠄&lt;/row&gt;
          &lt;row&gt;⠀&lt;/row&gt;
          &lt;row&gt;⠀&lt;/row&gt;
          &lt;row&gt;⠀&lt;/row&gt;
          &lt;row&gt;⠀&lt;/row&gt;
          &lt;row&gt;⠀&lt;/row&gt;
          &lt;row&gt;⠀&lt;/row&gt;
          &lt;row&gt;⠀&lt;/row&gt;
          &lt;row&gt;⠀&lt;/row&gt;
          &lt;row/&gt;
        &lt;/page&gt;
        &lt;page&gt;
          &lt;row&gt;⠀⠀⠀⠀⠀⠀⠀⠀⠀⠀⠀⠀⠀⠀⠀⠀⠀⠀⠀⠀⠀⠀⠀⠀⠀⠀⠼⠁⠉⠊&lt;/row&gt;
          &lt;row&gt;⠼⠑⠄&lt;/row&gt;
          &lt;row&gt;⠀&lt;/row&gt;
          &lt;row&gt;⠀&lt;/row&gt;
          &lt;row&gt;⠠⠺⠀⠁⠀⠇⠀⠇⠀⠁⠀⠝⠀⠙⠀⠑⠀⠗⠂&lt;/row&gt;
          &lt;row&gt;⠀&lt;/row&gt;
          &lt;row&gt;⠠⠓⠀⠁⠀⠝⠀⠎⠀⠎⠀⠕⠀⠝⠀⠀⠀⠚⠀⠁&lt;/row&gt;
          &lt;row&gt;⠀&lt;/row&gt;
          &lt;row&gt;⠠⠁⠀⠝⠀⠝⠀⠤⠠⠃⠀⠗⠀⠊⠀⠞⠀⠞&lt;/row&gt;
          &lt;row&gt;⠀&lt;/row&gt;
          &lt;row&gt;⠠⠓⠀⠪⠀⠛⠀⠇⠀⠥⠀⠝⠀⠙⠀⠀⠀⠑⠀⠊⠀⠧⠀⠜⠀⠞&lt;/row&gt;
          &lt;row&gt;⠀&lt;/row&gt;
          &lt;row&gt;⠞⠀⠁⠀⠏⠀⠁⠀⠊⠀⠎⠀⠊&lt;/row&gt;
          &lt;row&gt;⠀&lt;/row&gt;
          &lt;row&gt;⠍⠀⠥⠀⠥⠀⠞⠀⠁⠀⠍⠀⠁⠀⠁⠀⠝&lt;/row&gt;
          &lt;row&gt;⠀&lt;/row&gt;
          &lt;row&gt;⠏⠀⠜⠀⠊⠀⠧⠀⠜⠀⠜⠀⠝⠄&lt;/row&gt;
          &lt;row&gt;⠀&lt;/row&gt;
          &lt;row&gt;⠠⠓⠀⠥⠀⠕⠀⠍⠀⠑⠀⠝⠀⠝⠀⠁⠀⠀⠀⠕⠀⠇⠀⠊⠀⠎⠀⠊&lt;/row&gt;
          &lt;row&gt;⠀&lt;/row&gt;
          &lt;row&gt;⠧⠀⠁⠀⠏⠀⠏⠀⠥⠀⠁⠀⠁⠀⠞⠀⠞⠀⠕⠄&lt;/row&gt;
          &lt;row&gt;⠀&lt;/row&gt;
          &lt;row&gt;⠠⠓⠀⠑⠀⠊⠀⠇⠀⠇⠀⠜&lt;/row&gt;
          &lt;row&gt;⠀&lt;/row&gt;
          &lt;row&gt;⠅⠀⠁⠀⠊⠀⠅⠀⠊⠀⠇⠀⠇⠀⠁⠀⠀⠀⠕⠀⠇⠀⠊⠀⠎⠀⠊&lt;/row&gt;
          &lt;row&gt;⠀&lt;/row&gt;
          &lt;row&gt;⠧⠀⠁⠀⠏⠀⠏⠀⠥⠀⠝⠀⠁&lt;/row&gt;
        &lt;/page&gt;
        &lt;page&gt;
          &lt;row&gt;⠀⠀⠀⠀⠀⠀⠀⠀⠀⠀⠀⠀⠀⠀⠀⠀⠀⠀⠀⠀⠀⠀⠀⠀⠀⠀⠼⠁⠙⠚&lt;/row&gt;
          &lt;row&gt;⠧⠀⠁⠀⠏⠀⠁⠀⠁⠀⠞⠀⠁⠄&lt;/row&gt;
          &lt;row&gt;⠀&lt;/row&gt;
          &lt;row&gt;⠀&lt;/row&gt;
          &lt;row&gt;⠠⠧⠀⠁⠀⠏⠀⠥⠀⠝⠀⠏⠀⠜⠀⠊⠀⠧⠀⠜⠀⠝⠀⠜&lt;/row&gt;
          &lt;row&gt;⠀&lt;/row&gt;
          &lt;row&gt;⠠⠺⠀⠁⠀⠇⠀⠇⠀⠁⠀⠝⠀⠙⠀⠑⠀⠗&lt;/row&gt;
          &lt;row&gt;⠀&lt;/row&gt;
          &lt;row&gt;⠅⠀⠜⠀⠧⠀⠊&lt;/row&gt;
          &lt;row&gt;⠀&lt;/row&gt;
          &lt;row&gt;⠞⠀⠁⠀⠏⠀⠁⠀⠁⠀⠍⠀⠁⠀⠎⠀⠎⠀⠁&lt;/row&gt;
          &lt;row&gt;⠀&lt;/row&gt;
          &lt;row&gt;⠧⠀⠁⠀⠝⠀⠓⠀⠁⠀⠁⠀⠀⠀⠊⠀⠎⠀⠜⠀⠜⠀⠝⠀⠎⠀⠜⠄&lt;/row&gt;
          &lt;row&gt;⠀&lt;/row&gt;
          &lt;row&gt;⠠⠓⠀⠜⠀⠝⠀⠀⠀⠍⠀⠽⠀⠪⠀⠎&lt;/row&gt;
          &lt;row&gt;⠀&lt;/row&gt;
          &lt;row&gt;⠅⠀⠜⠀⠽⠀⠞⠀⠞⠀⠊&lt;/row&gt;
          &lt;row&gt;⠀&lt;/row&gt;
          &lt;row&gt;⠞⠀⠊⠀⠇⠀⠁⠀⠊⠀⠎⠀⠥⠀⠥⠀⠞⠀⠞⠀⠁&lt;/row&gt;
          &lt;row&gt;⠀&lt;/row&gt;
          &lt;row&gt;⠓⠀⠽⠀⠧⠀⠜⠀⠅⠀⠎⠀⠑⠀⠑⠀⠝⠀⠀⠀⠚⠀⠁&lt;/row&gt;
          &lt;row&gt;⠀&lt;/row&gt;
          &lt;row&gt;⠍⠀⠁⠀⠁⠀⠇⠀⠁⠀⠎⠀⠊&lt;/row&gt;
          &lt;row&gt;⠀&lt;/row&gt;
          &lt;row&gt;⠅⠀⠑⠀⠊⠀⠞⠀⠞⠀⠊⠀⠪⠀⠝⠄&lt;/row&gt;
          &lt;row&gt;⠀&lt;/row&gt;
          &lt;row/&gt;
        &lt;/page&gt;
        &lt;page&gt;
          &lt;row&gt;⠀⠀⠀⠀⠀⠀⠀⠀⠀⠀⠀⠀⠀⠀⠀⠀⠀⠀⠀⠀⠀⠀⠀⠀⠀⠀⠼⠁⠙⠁&lt;/row&gt;
          &lt;row&gt;⠠⠧⠀⠁⠀⠏⠀⠁⠀⠁⠀⠏⠀⠜⠀⠊⠀⠧⠀⠜⠀⠞&lt;/row&gt;
          &lt;row&gt;⠀&lt;/row&gt;
          &lt;row&gt;⠅⠀⠥⠀⠇⠀⠥⠀⠊⠀⠧⠀⠁⠀⠞&lt;/row&gt;
          &lt;row&gt;⠀&lt;/row&gt;
          &lt;row&gt;⠝⠀⠕⠀⠏⠀⠑⠀⠁⠀⠎⠀⠞⠀⠊⠄&lt;/row&gt;
          &lt;row&gt;⠀&lt;/row&gt;
          &lt;row&gt;⠠⠏⠀⠊⠀⠁⠀⠝⠀⠀⠀⠓⠀⠜⠀⠝⠀⠀⠀⠕⠀⠇⠀⠊&lt;/row&gt;
          &lt;row&gt;⠀&lt;/row&gt;
          &lt;row&gt;⠚⠀⠜⠀⠇⠀⠇⠀⠑⠀⠑⠀⠝⠀⠀⠀⠞⠀⠽⠀⠪⠀⠝&lt;/row&gt;
          &lt;row&gt;⠀&lt;/row&gt;
          &lt;row&gt;⠜⠀⠜⠀⠗⠀⠑⠀⠎⠀⠎⠀⠜&lt;/row&gt;
          &lt;row&gt;⠀&lt;/row&gt;
          &lt;row&gt;⠏⠀⠕⠀⠇⠀⠊⠀⠊⠀⠎⠀⠊⠀⠞⠀⠁⠀⠇⠀⠕⠀⠇⠀⠇⠀⠁⠄&lt;/row&gt;
          &lt;row&gt;⠀&lt;/row&gt;
          &lt;row&gt;⠀&lt;/row&gt;
          &lt;row&gt;⠠⠓⠀⠁⠀⠝⠀⠎⠀⠎⠀⠕⠀⠝⠀⠀⠀⠞⠀⠥⠀⠇⠀⠊&lt;/row&gt;
          &lt;row&gt;⠀&lt;/row&gt;
          &lt;row&gt;⠠⠺⠀⠁⠀⠇⠀⠇⠀⠁⠀⠝⠀⠙⠀⠑⠀⠗⠀⠊⠀⠝&lt;/row&gt;
          &lt;row&gt;⠀&lt;/row&gt;
          &lt;row&gt;⠞⠀⠽⠀⠪⠀⠓⠀⠥⠀⠕⠀⠝⠀⠑⠀⠑⠀⠎⠀⠑⠀⠑⠀⠝⠄&lt;/row&gt;
          &lt;row&gt;⠀&lt;/row&gt;
          &lt;row&gt;⠠⠓⠀⠜⠀⠝⠀⠀⠀⠕⠀⠇⠀⠊&lt;/row&gt;
          &lt;row&gt;⠀&lt;/row&gt;
          &lt;row&gt;⠕⠀⠞⠀⠞⠀⠁⠀⠝⠀⠥⠀⠞⠀⠀⠀⠎⠀⠑⠀⠇⠀⠧⠀⠜⠀⠜&lt;/row&gt;
          &lt;row&gt;⠀&lt;/row&gt;
          &lt;row&gt;⠠⠞⠀⠥⠀⠗⠀⠑&lt;/row&gt;
        &lt;/page&gt;
        &lt;page&gt;
          &lt;row&gt;⠀⠀⠀⠀⠀⠀⠀⠀⠀⠀⠀⠀⠀⠀⠀⠀⠀⠀⠀⠀⠀⠀⠀⠀⠀⠀⠼⠁⠙⠃&lt;/row&gt;
          &lt;row&gt;⠠⠎⠀⠞⠀⠑⠀⠝⠀⠓⠀⠕⠀⠇⠀⠍⠀⠊⠀⠎⠀⠞⠀⠁&lt;/row&gt;
          &lt;row&gt;⠀&lt;/row&gt;
          &lt;row&gt;⠚⠀⠁⠀⠀⠀⠞⠀⠜⠀⠍⠀⠜⠀⠝&lt;/row&gt;
          &lt;row&gt;⠀&lt;/row&gt;
          &lt;row&gt;⠧⠀⠁⠀⠊⠀⠍⠀⠕⠀⠎⠀⠞⠀⠁⠄&lt;/row&gt;
          &lt;row&gt;⠀&lt;/row&gt;
          &lt;row&gt;⠀&lt;/row&gt;
          &lt;row&gt;⠤⠀⠀⠀⠠⠑⠀⠝⠀⠀⠀⠇⠀⠪⠀⠽⠀⠞⠀⠜⠀⠝⠀⠽⠀⠞&lt;/row&gt;
          &lt;row&gt;⠀&lt;/row&gt;
          &lt;row&gt;⠍⠀⠊⠀⠞⠀⠜⠀⠜⠀⠝&lt;/row&gt;
          &lt;row&gt;⠀&lt;/row&gt;
          &lt;row&gt;⠑⠀⠏⠀⠜⠀⠊⠀⠇⠀⠽⠀⠞⠀⠞⠀⠜⠀⠧⠀⠜⠀⠜⠂&lt;/row&gt;
          &lt;row&gt;⠀&lt;/row&gt;
          &lt;row&gt;⠠⠓⠀⠁⠀⠝⠀⠎⠀⠎⠀⠕⠀⠝⠀⠀⠀⠎⠀⠁⠀⠝⠀⠕⠀⠊⠄&lt;/row&gt;
          &lt;row&gt;⠀&lt;/row&gt;
          &lt;row&gt;⠠⠅⠀⠥⠀⠍⠀⠏⠀⠊⠀⠅⠀⠁⠀⠁⠀⠝⠀⠀⠀⠑⠀⠊&lt;/row&gt;
          &lt;row&gt;⠀&lt;/row&gt;
          &lt;row&gt;⠕⠀⠇⠀⠑⠀⠀⠀⠞⠀⠑⠀⠓⠀⠝⠀⠽⠀⠞&lt;/row&gt;
          &lt;row&gt;⠀&lt;/row&gt;
          &lt;row&gt;⠍⠀⠊⠀⠞⠀⠜⠀⠜⠀⠝&lt;/row&gt;
          &lt;row&gt;⠀&lt;/row&gt;
          &lt;row&gt;⠇⠀⠁⠀⠊⠀⠞⠀⠕⠀⠝⠀⠞⠀⠁⠀⠀⠀⠞⠀⠁⠀⠊&lt;/row&gt;
          &lt;row&gt;⠀&lt;/row&gt;
          &lt;row&gt;⠗⠀⠊⠀⠅⠀⠕⠀⠅⠀⠎⠀⠑⠀⠑⠀⠝&lt;/row&gt;
          &lt;row&gt;⠀&lt;/row&gt;
          &lt;row&gt;⠧⠀⠊⠀⠊⠀⠞⠀⠞⠀⠁⠀⠁⠀⠧⠀⠁⠀⠁⠄&lt;/row&gt;
        &lt;/page&gt;
        &lt;page&gt;
          &lt;row&gt;⠀⠀⠀⠀⠀⠀⠀⠀⠀⠀⠀⠀⠀⠀⠀⠀⠀⠀⠀⠀⠀⠀⠀⠀⠀⠀⠼⠁⠙⠉&lt;/row&gt;
          &lt;row&gt;⠠⠅⠀⠁⠀⠚⠀⠎⠀⠁&lt;/row&gt;
          &lt;row&gt;⠀&lt;/row&gt;
          &lt;row&gt;⠠⠎⠀⠞⠀⠑⠀⠝⠀⠓⠀⠕⠀⠇⠀⠍⠀⠀⠀⠕⠀⠇⠀⠊&lt;/row&gt;
          &lt;row&gt;⠀&lt;/row&gt;
          &lt;row&gt;⠚⠀⠥⠀⠗⠀⠊⠀⠎⠀⠞⠀⠊⠄&lt;/row&gt;
          &lt;row&gt;⠀&lt;/row&gt;
          &lt;row&gt;⠠⠓⠀⠜⠀⠝⠀⠀⠀⠞⠀⠕⠀⠊⠀⠍⠀⠊&lt;/row&gt;
          &lt;row&gt;⠀&lt;/row&gt;
          &lt;row&gt;⠎⠀⠽⠀⠽⠀⠞⠀⠞⠀⠜⠀⠚⠀⠜⠀⠝⠀⠜&lt;/row&gt;
          &lt;row&gt;⠀&lt;/row&gt;
          &lt;row&gt;⠠⠝⠀⠽⠀⠝⠀⠜⠀⠎⠀⠓⠀⠁⠀⠍⠀⠝⠀⠊⠀⠎⠀⠎⠀⠁&lt;/row&gt;
          &lt;row&gt;⠀&lt;/row&gt;
          &lt;row&gt;⠍⠀⠕⠀⠝⠀⠞⠀⠁⠀⠀⠀⠧⠀⠥⠀⠕⠀⠞⠀⠞⠀⠁⠄&lt;/row&gt;
          &lt;row&gt;⠀&lt;/row&gt;
          &lt;row&gt;⠀&lt;/row&gt;
          &lt;row&gt;⠤⠀⠀⠀⠠⠞⠀⠊⠀⠑⠀⠙⠀⠜⠀⠝⠂&lt;/row&gt;
          &lt;row&gt;⠀&lt;/row&gt;
          &lt;row&gt;⠠⠺⠀⠁⠀⠇⠀⠇⠀⠁⠀⠝⠀⠙⠀⠑⠀⠗&lt;/row&gt;
          &lt;row&gt;⠀&lt;/row&gt;
          &lt;row&gt;⠎⠀⠁⠀⠝⠀⠕⠀⠊⠄&lt;/row&gt;
          &lt;row&gt;⠀&lt;/row&gt;
          &lt;row&gt;⠀&lt;/row&gt;
          &lt;row&gt;⠠⠓⠀⠁⠀⠝⠀⠎⠀⠎⠀⠕⠀⠝⠀⠀⠀⠇⠀⠁⠀⠎⠀⠅⠀⠊&lt;/row&gt;
          &lt;row&gt;⠀&lt;/row&gt;
          &lt;row&gt;⠠⠺⠀⠁⠀⠇⠀⠇⠀⠁⠀⠝⠀⠙⠀⠑⠀⠗⠀⠊⠀⠝&lt;/row&gt;
          &lt;row/&gt;
        &lt;/page&gt;
        &lt;page&gt;
          &lt;row&gt;⠀⠀⠀⠀⠀⠀⠀⠀⠀⠀⠀⠀⠀⠀⠀⠀⠀⠀⠀⠀⠀⠀⠀⠀⠀⠀⠼⠁⠙⠙&lt;/row&gt;
          &lt;row&gt;⠏⠀⠪⠀⠽⠀⠙⠀⠜⠀⠇⠀⠇⠀⠑&lt;/row&gt;
          &lt;row&gt;⠀&lt;/row&gt;
          &lt;row&gt;⠅⠀⠁⠀⠝⠀⠎⠀⠊⠀⠕⠀⠝⠄&lt;/row&gt;
          &lt;row&gt;⠀&lt;/row&gt;
          &lt;row&gt;⠀&lt;/row&gt;
          &lt;row&gt;⠤⠀⠀⠀⠠⠞⠀⠜⠀⠎⠀⠎⠀⠜⠀⠀⠀⠕⠀⠧⠀⠁⠀⠞&lt;/row&gt;
          &lt;row&gt;⠀&lt;/row&gt;
          &lt;row&gt;⠅⠀⠁⠀⠊⠀⠅⠀⠅⠀⠊⠀⠀⠀⠞⠀⠊⠀⠑⠀⠙⠀⠕⠀⠞&lt;/row&gt;
          &lt;row&gt;⠀&lt;/row&gt;
          &lt;row&gt;⠠⠎⠀⠞⠀⠑⠀⠝⠀⠓⠀⠕⠀⠇⠀⠍⠀⠊⠀⠝&lt;/row&gt;
          &lt;row&gt;⠀&lt;/row&gt;
          &lt;row&gt;⠏⠀⠁⠀⠗⠀⠊⠀⠎⠀⠅⠀⠥⠀⠝⠀⠝⠀⠁⠀⠎⠀⠞⠀⠁⠂&lt;/row&gt;
          &lt;row&gt;⠀&lt;/row&gt;
          &lt;row&gt;⠠⠓⠀⠁⠀⠝⠀⠎⠀⠎⠀⠕⠀⠝⠀⠀⠀⠎⠀⠁⠀⠝⠀⠕⠀⠊⠄&lt;/row&gt;
          &lt;row&gt;⠀&lt;/row&gt;
          &lt;row&gt;⠀&lt;/row&gt;
          &lt;row&gt;⠠⠺⠀⠁⠀⠇⠀⠇⠀⠁⠀⠝⠀⠙⠀⠑⠀⠗&lt;/row&gt;
          &lt;row&gt;⠀&lt;/row&gt;
          &lt;row&gt;⠅⠀⠊⠀⠊⠀⠞⠀⠞⠀⠊&lt;/row&gt;
          &lt;row&gt;⠀&lt;/row&gt;
          &lt;row&gt;⠠⠓⠀⠁⠀⠝⠀⠎⠀⠎⠀⠕⠀⠝⠀⠊⠀⠁⠄&lt;/row&gt;
          &lt;row&gt;⠀&lt;/row&gt;
          &lt;row&gt;⠠⠅⠀⠥⠀⠝⠀⠀⠀⠓⠀⠜⠀⠝⠀⠀⠀⠕⠀⠇⠀⠊&lt;/row&gt;
          &lt;row&gt;⠀&lt;/row&gt;
          &lt;row&gt;⠚⠀⠜⠀⠇⠀⠇⠀⠑⠀⠑⠀⠝⠀⠀⠀⠽⠀⠅⠀⠎⠀⠊⠀⠝&lt;/row&gt;
          &lt;row/&gt;
        &lt;/page&gt;
        &lt;page&gt;
          &lt;row&gt;⠀⠀⠀⠀⠀⠀⠀⠀⠀⠀⠀⠀⠀⠀⠀⠀⠀⠀⠀⠀⠀⠀⠀⠀⠀⠀⠼⠁⠙⠑&lt;/row&gt;
          &lt;row&gt;⠓⠀⠥⠀⠕⠀⠝⠀⠑⠀⠑⠀⠎⠀⠎⠀⠁⠀⠁⠀⠝⠂&lt;/row&gt;
          &lt;row&gt;⠀&lt;/row&gt;
          &lt;row&gt;⠓⠀⠜⠀⠝⠀⠀⠀⠁⠀⠇⠀⠅⠀⠕⠀⠊&lt;/row&gt;
          &lt;row&gt;⠀&lt;/row&gt;
          &lt;row&gt;⠞⠀⠥⠀⠞⠀⠅⠀⠊⠀⠁&lt;/row&gt;
          &lt;row&gt;⠀&lt;/row&gt;
          &lt;row&gt;⠅⠀⠁⠀⠝⠀⠎⠀⠊⠀⠕⠀⠎⠀⠎⠀⠁&lt;/row&gt;
          &lt;row&gt;⠀&lt;/row&gt;
          &lt;row&gt;⠕⠀⠇⠀⠑⠀⠧⠀⠊⠀⠁&lt;/row&gt;
          &lt;row&gt;⠀&lt;/row&gt;
          &lt;row&gt;⠏⠀⠁⠀⠏⠀⠑⠀⠗⠀⠑⠀⠊⠀⠞⠀⠁⠄&lt;/row&gt;
          &lt;row&gt;⠀&lt;/row&gt;
          &lt;row&gt;⠠⠞⠀⠥⠀⠝⠀⠝⠀⠊⠀⠝⠀⠀⠀⠏⠀⠜⠀⠜⠀⠎⠀⠞⠀⠜&lt;/row&gt;
          &lt;row&gt;⠀&lt;/row&gt;
          &lt;row&gt;⠓⠀⠜⠀⠝⠀⠀⠀⠕⠀⠇⠀⠊⠀⠀⠀⠇⠀⠥⠀⠅⠀⠑⠀⠝⠀⠥⠀⠞&lt;/row&gt;
          &lt;row&gt;⠀&lt;/row&gt;
          &lt;row&gt;⠏⠀⠁⠀⠏⠀⠑⠀⠗⠀⠊⠀⠞&lt;/row&gt;
          &lt;row&gt;⠀&lt;/row&gt;
          &lt;row&gt;⠓⠀⠥⠀⠕⠀⠇⠀⠑⠀⠇⠀⠇⠀⠊⠀⠎⠀⠑⠀⠎⠀⠞⠀⠊&lt;/row&gt;
          &lt;row&gt;⠀&lt;/row&gt;
          &lt;row&gt;⠇⠀⠜⠀⠏⠀⠊⠄&lt;/row&gt;
          &lt;row&gt;⠀&lt;/row&gt;
          &lt;row&gt;⠠⠓⠀⠜⠀⠝⠀⠀⠀⠑⠀⠊⠀⠀⠀⠕⠀⠇⠀⠇⠀⠥⠀⠞&lt;/row&gt;
          &lt;row&gt;⠀&lt;/row&gt;
          &lt;row&gt;⠇⠀⠪⠀⠽⠀⠞⠀⠜⠀⠝⠀⠽⠀⠞&lt;/row&gt;
          &lt;row/&gt;
        &lt;/page&gt;
        &lt;page&gt;
          &lt;row&gt;⠀⠀⠀⠀⠀⠀⠀⠀⠀⠀⠀⠀⠀⠀⠀⠀⠀⠀⠀⠀⠀⠀⠀⠀⠀⠀⠼⠁⠙⠋&lt;/row&gt;
          &lt;row&gt;⠍⠀⠊⠀⠞⠀⠜⠀⠜⠀⠝&lt;/row&gt;
          &lt;row&gt;⠀&lt;/row&gt;
          &lt;row&gt;⠑⠀⠏⠀⠜⠀⠊⠀⠇⠀⠽⠀⠞⠀⠞⠀⠜⠀⠧⠀⠜⠀⠜⠄&lt;/row&gt;
          &lt;row&gt;⠀&lt;/row&gt;
          &lt;row&gt;⠠⠎⠀⠊⠀⠇⠀⠞⠀⠊⠀⠀⠀⠓⠀⠜⠀⠝⠀⠀⠀⠕⠀⠇⠀⠊&lt;/row&gt;
          &lt;row&gt;⠀&lt;/row&gt;
          &lt;row&gt;⠧⠀⠁⠀⠗⠀⠍⠀⠁⠂⠀⠀⠑⠀⠞⠀⠞⠀⠜&lt;/row&gt;
          &lt;row&gt;⠀&lt;/row&gt;
          &lt;row&gt;⠠⠎⠀⠞⠀⠑⠀⠝⠀⠓⠀⠕⠀⠇⠀⠍⠀⠊⠀⠇⠀⠇⠀⠁&lt;/row&gt;
          &lt;row&gt;⠀&lt;/row&gt;
          &lt;row&gt;⠕⠀⠇⠀⠊⠀⠀⠀⠚⠀⠕⠀⠞⠀⠁⠀⠊⠀⠝&lt;/row&gt;
          &lt;row&gt;⠀&lt;/row&gt;
          &lt;row&gt;⠞⠀⠑⠀⠅⠀⠑⠀⠍⠀⠊⠀⠎⠀⠞⠀⠜&lt;/row&gt;
          &lt;row&gt;⠀&lt;/row&gt;
          &lt;row&gt;⠠⠁⠀⠇⠀⠑⠀⠭⠀⠁⠀⠝⠀⠙⠀⠑⠀⠗⠀⠎⠀⠤&lt;/row&gt;
          &lt;row&gt;⠀&lt;/row&gt;
          &lt;row&gt;⠎⠀⠕⠀⠝⠀⠊⠀⠝⠀⠀⠀⠅⠀⠥⠀⠕⠀⠇⠀⠑⠀⠍⠀⠁⠀⠝&lt;/row&gt;
          &lt;row&gt;⠀&lt;/row&gt;
          &lt;row&gt;⠅⠀⠁⠀⠝⠀⠎⠀⠎⠀⠁⠄&lt;/row&gt;
          &lt;row&gt;⠀&lt;/row&gt;
          &lt;row&gt;⠀&lt;/row&gt;
          &lt;row&gt;⠠⠺⠀⠁⠀⠇⠀⠇⠀⠁⠀⠝⠀⠙⠀⠑⠀⠗⠀⠀⠀⠍⠀⠑⠀⠝⠀⠊&lt;/row&gt;
          &lt;row&gt;⠀&lt;/row&gt;
          &lt;row&gt;⠠⠁⠀⠝⠀⠝⠀⠤⠠⠃⠀⠗⠀⠊⠀⠞⠀⠞&lt;/row&gt;
          &lt;row&gt;⠀&lt;/row&gt;
          &lt;row&gt;⠠⠓⠀⠪⠀⠛⠀⠇⠀⠥⠀⠝⠀⠙⠀⠊⠀⠝⠀⠀⠀⠇⠀⠥⠀⠕&lt;/row&gt;
        &lt;/page&gt;
        &lt;page&gt;
          &lt;row&gt;⠀⠀⠀⠀⠀⠀⠀⠀⠀⠀⠀⠀⠀⠀⠀⠀⠀⠀⠀⠀⠀⠀⠀⠀⠀⠀⠼⠁⠙⠛&lt;/row&gt;
          &lt;row&gt;⠚⠀⠁⠀⠀⠀⠁⠀⠝⠀⠞⠀⠕⠀⠊&lt;/row&gt;
          &lt;row&gt;⠀&lt;/row&gt;
          &lt;row&gt;⠅⠀⠁⠀⠝⠀⠎⠀⠊⠀⠕⠀⠝&lt;/row&gt;
          &lt;row&gt;⠀&lt;/row&gt;
          &lt;row&gt;⠓⠀⠜⠀⠝⠀⠑⠀⠇⠀⠇⠀⠑⠄&lt;/row&gt;
          &lt;row&gt;⠀&lt;/row&gt;
          &lt;row&gt;⠀&lt;/row&gt;
          &lt;row&gt;⠤⠀⠀⠀⠠⠓⠀⠁⠀⠇⠀⠥⠀⠁⠀⠝⠂⠀⠀⠀⠑⠀⠞⠀⠞⠀⠜&lt;/row&gt;
          &lt;row&gt;⠀&lt;/row&gt;
          &lt;row&gt;⠅⠀⠜⠀⠽⠀⠞⠀⠀⠀⠇⠀⠜⠀⠏⠀⠊⠀⠀⠀⠝⠀⠜⠀⠍⠀⠜&lt;/row&gt;
          &lt;row&gt;⠀&lt;/row&gt;
          &lt;row&gt;⠏⠀⠁⠀⠏⠀⠑⠀⠗⠀⠊⠀⠞⠂&lt;/row&gt;
          &lt;row&gt;⠀&lt;/row&gt;
          &lt;row&gt;⠠⠺⠀⠁⠀⠇⠀⠇⠀⠁⠀⠝⠀⠙⠀⠑⠀⠗&lt;/row&gt;
          &lt;row&gt;⠀&lt;/row&gt;
          &lt;row&gt;⠎⠀⠁⠀⠝⠀⠕⠀⠊⠄&lt;/row&gt;
          &lt;row&gt;⠀&lt;/row&gt;
          &lt;row&gt;⠤⠀⠀⠀⠠⠍⠀⠊⠀⠝⠀⠜⠀⠀⠀⠚⠀⠁&lt;/row&gt;
          &lt;row&gt;⠀&lt;/row&gt;
          &lt;row&gt;⠠⠓⠀⠁⠀⠝⠀⠎⠀⠎⠀⠕⠀⠝⠀⠀⠀⠕⠀⠇⠀⠑⠀⠍⠀⠍⠀⠑&lt;/row&gt;
          &lt;row&gt;⠀&lt;/row&gt;
          &lt;row&gt;⠇⠀⠥⠀⠅⠀⠑⠀⠝⠀⠑⠀⠑⠀⠞⠀⠀⠀⠝⠀⠑⠂&lt;/row&gt;
          &lt;row&gt;⠀&lt;/row&gt;
          &lt;row&gt;⠍⠀⠥⠀⠞⠀⠞⠀⠁⠀⠀⠀⠑⠀⠍⠀⠍⠀⠑⠀⠀⠀⠕⠀⠇⠀⠑&lt;/row&gt;
          &lt;row&gt;⠀&lt;/row&gt;
          &lt;row&gt;⠇⠀⠪⠀⠽⠀⠞⠀⠜⠀⠝⠀⠑⠀⠑⠀⠞&lt;/row&gt;
        &lt;/page&gt;
        &lt;page&gt;
          &lt;row&gt;⠀⠀⠀⠀⠀⠀⠀⠀⠀⠀⠀⠀⠀⠀⠀⠀⠀⠀⠀⠀⠀⠀⠀⠀⠀⠀⠼⠁⠙⠓&lt;/row&gt;
          &lt;row&gt;⠍⠀⠊⠀⠞⠀⠜⠀⠜⠀⠝⠄&lt;/row&gt;
          &lt;row&gt;⠀&lt;/row&gt;
          &lt;row&gt;⠠⠑⠀⠓⠀⠅⠀⠜⠀⠀⠀⠎⠀⠊⠀⠝⠀⠜&lt;/row&gt;
          &lt;row&gt;⠀&lt;/row&gt;
          &lt;row&gt;⠇⠀⠪⠀⠽⠀⠙⠀⠜⠀⠞⠀⠀⠀⠚⠀⠕⠀⠞⠀⠁⠀⠊⠀⠝⠄&lt;/row&gt;
          &lt;row&gt;⠀&lt;/row&gt;
          &lt;row&gt;⠀&lt;/row&gt;
          &lt;row&gt;⠠⠍⠀⠽⠀⠪⠀⠓⠀⠑⠀⠍⠀⠍⠀⠊⠀⠝&lt;/row&gt;
          &lt;row&gt;⠀&lt;/row&gt;
          &lt;row&gt;⠊⠀⠇⠀⠞⠀⠁⠀⠏⠀⠜⠀⠊⠀⠧⠀⠜⠀⠇⠀⠇⠀⠜&lt;/row&gt;
          &lt;row&gt;⠀&lt;/row&gt;
          &lt;row&gt;⠠⠁⠀⠝⠀⠝⠀⠤⠠⠃⠀⠗⠀⠊⠀⠞⠀⠞&lt;/row&gt;
          &lt;row&gt;⠀&lt;/row&gt;
          &lt;row&gt;⠠⠓⠀⠪⠀⠛⠀⠇⠀⠥⠀⠝⠀⠙&lt;/row&gt;
          &lt;row&gt;⠀&lt;/row&gt;
          &lt;row&gt;⠏⠀⠁⠀⠇⠀⠁⠀⠥⠀⠞⠀⠞⠀⠊&lt;/row&gt;
          &lt;row&gt;⠀&lt;/row&gt;
          &lt;row&gt;⠅⠀⠁⠀⠝⠀⠎⠀⠊⠀⠕⠀⠝⠀⠀⠀⠚⠀⠁&lt;/row&gt;
          &lt;row&gt;⠀&lt;/row&gt;
          &lt;row&gt;⠗⠀⠁⠀⠧⠀⠊⠀⠎⠀⠞⠀⠊&lt;/row&gt;
          &lt;row&gt;⠀&lt;/row&gt;
          &lt;row&gt;⠏⠀⠜⠀⠜⠀⠞⠀⠜⠀⠜⠀⠝⠄&lt;/row&gt;
          &lt;row&gt;⠀&lt;/row&gt;
          &lt;row&gt;⠠⠓⠀⠜⠀⠝⠀⠅⠀⠜⠀⠜⠀⠝⠀⠀⠀⠑⠀⠊&lt;/row&gt;
          &lt;row&gt;⠀&lt;/row&gt;
          &lt;row&gt;⠕⠀⠇⠀⠇⠀⠥⠀⠞⠀⠀⠀⠇⠀⠪⠀⠽⠀⠞⠀⠜⠀⠝⠀⠽⠀⠞&lt;/row&gt;
        &lt;/page&gt;
        &lt;page&gt;
          &lt;row&gt;⠀⠀⠀⠀⠀⠀⠀⠀⠀⠀⠀⠀⠀⠀⠀⠀⠀⠀⠀⠀⠀⠀⠀⠀⠀⠀⠼⠁⠙⠊&lt;/row&gt;
          &lt;row&gt;⠏⠀⠁⠀⠏⠀⠑⠀⠗⠀⠑⠀⠊⠀⠎⠀⠞⠀⠁&lt;/row&gt;
          &lt;row&gt;⠀&lt;/row&gt;
          &lt;row&gt;⠍⠀⠊⠀⠞⠀⠜⠀⠜⠀⠝⠀⠀⠀⠕⠀⠥⠀⠞⠀⠕⠀⠁⠄&lt;/row&gt;
          &lt;row&gt;⠀&lt;/row&gt;
          &lt;row&gt;⠀&lt;/row&gt;
          &lt;row&gt;⠠⠺⠀⠁⠀⠇⠀⠇⠀⠁⠀⠝⠀⠙⠀⠑⠀⠗&lt;/row&gt;
          &lt;row&gt;⠀&lt;/row&gt;
          &lt;row&gt;⠎⠀⠁⠀⠝⠀⠕⠀⠊⠒&lt;/row&gt;
          &lt;row&gt;⠀&lt;/row&gt;
          &lt;row&gt;⠀&lt;/row&gt;
          &lt;row&gt;⠤⠀⠀⠀⠠⠍⠀⠑⠀⠊⠀⠙⠀⠜⠀⠝⠀⠀⠀⠏⠀⠊⠀⠞⠀⠜⠀⠜&lt;/row&gt;
          &lt;row&gt;⠀&lt;/row&gt;
          &lt;row&gt;⠧⠀⠁⠀⠗⠀⠍⠀⠁⠀⠁⠀⠝&lt;/row&gt;
          &lt;row&gt;⠀&lt;/row&gt;
          &lt;row&gt;⠁⠀⠇⠀⠕⠀⠊⠀⠞⠀⠞⠀⠁⠀⠁&lt;/row&gt;
          &lt;row&gt;⠀&lt;/row&gt;
          &lt;row&gt;⠁⠀⠇⠀⠥⠀⠎⠀⠞⠀⠁⠄&lt;/row&gt;
          &lt;row&gt;⠀&lt;/row&gt;
          &lt;row&gt;⠠⠝⠀⠜⠀⠓⠀⠙⠀⠜⠀⠜⠀⠝&lt;/row&gt;
          &lt;row&gt;⠀&lt;/row&gt;
          &lt;row&gt;⠁⠀⠁⠀⠍⠀⠥⠀⠇⠀⠇⠀⠁⠄&lt;/row&gt;
          &lt;row&gt;⠀&lt;/row&gt;
          &lt;row&gt;⠠⠏⠀⠜⠀⠜⠀⠞⠀⠑⠀⠞⠀⠜⠀⠜⠀⠝&lt;/row&gt;
          &lt;row&gt;⠀&lt;/row&gt;
          &lt;row&gt;⠎⠀⠊⠀⠇⠀⠇⠀⠕⠀⠊⠀⠝⠂⠀⠀⠀⠍⠀⠊⠀⠞⠀⠑⠀⠝&lt;/row&gt;
          &lt;row/&gt;
        &lt;/page&gt;
        &lt;page&gt;
          &lt;row&gt;⠀⠀⠀⠀⠀⠀⠀⠀⠀⠀⠀⠀⠀⠀⠀⠀⠀⠀⠀⠀⠀⠀⠀⠀⠀⠀⠼⠁⠑⠚&lt;/row&gt;
          &lt;row&gt;⠚⠀⠁⠀⠞⠀⠅⠀⠑⠀⠞⠀⠁⠀⠁⠀⠝⠄&lt;/row&gt;
          &lt;row&gt;⠀&lt;/row&gt;
          &lt;row&gt;⠀&lt;/row&gt;
          &lt;row&gt;⠠⠺⠀⠁⠀⠇⠀⠇⠀⠁⠀⠝⠀⠙⠀⠑⠀⠗&lt;/row&gt;
          &lt;row&gt;⠀&lt;/row&gt;
          &lt;row&gt;⠇⠀⠜⠀⠓⠀⠞⠀⠊⠀⠀⠀⠏⠀⠕⠀⠇⠀⠊⠀⠊⠀⠎⠀⠊⠀⠤&lt;/row&gt;
          &lt;row&gt;⠀&lt;/row&gt;
          &lt;row&gt;⠞⠀⠁⠀⠇⠀⠕⠀⠎⠀⠞⠀⠁⠀⠀⠀⠚⠀⠁&lt;/row&gt;
          &lt;row&gt;⠀&lt;/row&gt;
          &lt;row&gt;⠁⠀⠚⠀⠕⠀⠊⠀⠀⠀⠠⠎⠀⠧⠀⠁⠀⠗⠀⠞⠀⠑⠀⠑⠀⠝⠄&lt;/row&gt;
          &lt;row&gt;⠀&lt;/row&gt;
          &lt;row&gt;⠠⠓⠀⠜⠀⠝⠀⠀⠀⠞⠀⠑⠀⠅⠀⠊&lt;/row&gt;
          &lt;row&gt;⠀&lt;/row&gt;
          &lt;row&gt;⠅⠀⠜⠀⠧⠀⠑⠀⠇⠀⠽⠀⠗⠀⠑⠀⠞⠀⠅⠀⠑⠀⠝&lt;/row&gt;
          &lt;row&gt;⠀&lt;/row&gt;
          &lt;row&gt;⠗⠀⠁⠀⠝⠀⠝⠀⠁⠀⠇⠀⠇⠀⠁⠂⠀⠀⠍⠀⠥⠀⠞⠀⠞⠀⠁&lt;/row&gt;
          &lt;row&gt;⠀&lt;/row&gt;
          &lt;row&gt;⠑⠀⠊⠀⠀⠀⠞⠀⠁⠀⠧⠀⠁⠀⠝⠀⠝⠀⠥⠀⠞&lt;/row&gt;
          &lt;row&gt;⠀&lt;/row&gt;
          &lt;row&gt;⠅⠀⠑⠀⠞⠀⠜⠀⠜⠀⠝⠄&lt;/row&gt;
          &lt;row&gt;⠀&lt;/row&gt;
          &lt;row&gt;⠀&lt;/row&gt;
          &lt;row&gt;⠠⠍⠀⠊⠀⠅⠀⠜⠀⠀⠀⠕⠀⠝⠀⠀⠀⠎⠀⠑&lt;/row&gt;
          &lt;row&gt;⠀&lt;/row&gt;
          &lt;row&gt;⠁⠀⠎⠀⠊⠀⠁⠂⠀⠀⠀⠍⠀⠊⠀⠞⠀⠜⠀⠀⠀⠍⠀⠊⠀⠝⠀⠜&lt;/row&gt;
          &lt;row/&gt;
        &lt;/page&gt;
        &lt;page&gt;
          &lt;row&gt;⠀⠀⠀⠀⠀⠀⠀⠀⠀⠀⠀⠀⠀⠀⠀⠀⠀⠀⠀⠀⠀⠀⠀⠀⠀⠀⠼⠁⠑⠁&lt;/row&gt;
          &lt;row&gt;⠑⠀⠝⠀⠀⠀⠓⠀⠥⠀⠕⠀⠍⠀⠁⠀⠁⠢&lt;/row&gt;
          &lt;row&gt;⠀&lt;/row&gt;
          &lt;row&gt;⠠⠧⠀⠁⠀⠝⠀⠓⠀⠁⠀⠝⠀⠀⠀⠇⠀⠜⠀⠜⠀⠅⠀⠜⠀⠗⠀⠊&lt;/row&gt;
          &lt;row&gt;⠀&lt;/row&gt;
          &lt;row&gt;⠠⠎⠀⠞⠀⠑⠀⠝⠀⠓⠀⠕⠀⠇⠀⠍⠀⠊⠀⠝⠀⠀⠀⠚⠀⠁&lt;/row&gt;
          &lt;row&gt;⠀&lt;/row&gt;
          &lt;row&gt;⠠⠁⠀⠇⠀⠑⠀⠭⠀⠁⠀⠝⠀⠙⠀⠑⠀⠗⠀⠎⠀⠤&lt;/row&gt;
          &lt;row&gt;⠀&lt;/row&gt;
          &lt;row&gt;⠎⠀⠕⠀⠝⠀⠊⠀⠝⠀⠀⠀⠧⠀⠜⠀⠇⠀⠊⠀⠇⠀⠇⠀⠜&lt;/row&gt;
          &lt;row&gt;⠀&lt;/row&gt;
          &lt;row&gt;⠕⠀⠝⠀⠀⠀⠚⠀⠕⠀⠅⠀⠊⠀⠝&lt;/row&gt;
          &lt;row&gt;⠀&lt;/row&gt;
          &lt;row&gt;⠽⠀⠓⠀⠞⠀⠑⠀⠽⠀⠎⠄&lt;/row&gt;
          &lt;row&gt;⠀&lt;/row&gt;
          &lt;row&gt;⠠⠑⠀⠝⠀⠀⠀⠧⠀⠁⠀⠊⠀⠝⠀⠀⠀⠅⠀⠑⠀⠅⠀⠎⠀⠊⠂&lt;/row&gt;
          &lt;row&gt;⠀&lt;/row&gt;
          &lt;row&gt;⠍⠀⠊⠀⠅⠀⠜⠀⠀⠀⠎⠀⠑⠀⠀⠀⠕⠀⠝⠂⠀⠀⠀⠓⠀⠜⠀⠝&lt;/row&gt;
          &lt;row&gt;⠀&lt;/row&gt;
          &lt;row&gt;⠍⠀⠊⠀⠑⠀⠞⠀⠞⠀⠊⠄&lt;/row&gt;
          &lt;row&gt;⠀&lt;/row&gt;
          &lt;row&gt;⠀&lt;/row&gt;
          &lt;row&gt;⠠⠺⠀⠁⠀⠇⠀⠇⠀⠁⠀⠝⠀⠙⠀⠑⠀⠗⠀⠀⠀⠁⠀⠚⠀⠕⠀⠊&lt;/row&gt;
          &lt;row&gt;⠀&lt;/row&gt;
          &lt;row&gt;⠞⠀⠁⠀⠅⠀⠁⠀⠊⠀⠎⠀⠊⠀⠝&lt;/row&gt;
          &lt;row&gt;⠀&lt;/row&gt;
          &lt;row&gt;⠠⠽⠀⠎⠀⠞⠀⠁⠀⠙⠀⠊⠀⠊⠀⠝⠄&lt;/row&gt;
        &lt;/page&gt;
        &lt;page&gt;
          &lt;row&gt;⠀⠀⠀⠀⠀⠀⠀⠀⠀⠀⠀⠀⠀⠀⠀⠀⠀⠀⠀⠀⠀⠀⠀⠀⠀⠀⠼⠁⠑⠃&lt;/row&gt;
          &lt;row&gt;⠠⠓⠀⠜⠀⠝⠀⠀⠀⠕⠀⠞⠀⠞⠀⠊&lt;/row&gt;
          &lt;row&gt;⠀&lt;/row&gt;
          &lt;row&gt;⠠⠎⠀⠞⠀⠑⠀⠝⠀⠓⠀⠕⠀⠇⠀⠍⠀⠊⠀⠝&lt;/row&gt;
          &lt;row&gt;⠀&lt;/row&gt;
          &lt;row&gt;⠞⠀⠊⠀⠑⠀⠙⠀⠕⠀⠞&lt;/row&gt;
          &lt;row&gt;⠀&lt;/row&gt;
          &lt;row&gt;⠎⠀⠊⠀⠎⠀⠜⠀⠇⠀⠞⠀⠜⠀⠧⠀⠜⠀⠝&lt;/row&gt;
          &lt;row&gt;⠀&lt;/row&gt;
          &lt;row&gt;⠅⠀⠁⠀⠝⠀⠎⠀⠊⠀⠕⠀⠝⠀⠀⠀⠍⠀⠥⠀⠅⠀⠁⠀⠁⠀⠝&lt;/row&gt;
          &lt;row&gt;⠀&lt;/row&gt;
          &lt;row&gt;⠅⠀⠕⠀⠞⠀⠊⠀⠊⠀⠝⠀⠎⠀⠁⠄&lt;/row&gt;
          &lt;row&gt;⠀&lt;/row&gt;
          &lt;row&gt;⠀&lt;/row&gt;
          &lt;row&gt;⠠⠓⠀⠜⠀⠝⠀⠀⠀⠊⠀⠎⠀⠞⠀⠥⠀⠊&lt;/row&gt;
          &lt;row&gt;⠀&lt;/row&gt;
          &lt;row&gt;⠍⠀⠽⠀⠪⠀⠓⠀⠜⠀⠜⠀⠝⠀⠀⠀⠊⠀⠇⠀⠞⠀⠁⠀⠁⠀⠝&lt;/row&gt;
          &lt;row&gt;⠀&lt;/row&gt;
          &lt;row&gt;⠅⠀⠑⠀⠊⠀⠞⠀⠞⠀⠊⠀⠪⠀⠝⠀⠀⠀⠏⠀⠪⠀⠽⠀⠙⠀⠜⠀⠝&lt;/row&gt;
          &lt;row&gt;⠀&lt;/row&gt;
          &lt;row&gt;⠜⠀⠜⠀⠗⠀⠑⠀⠎⠀⠎⠀⠜⠀⠀⠀⠚⠀⠁&lt;/row&gt;
          &lt;row&gt;⠀&lt;/row&gt;
          &lt;row&gt;⠞⠀⠥⠀⠞⠀⠅⠀⠊&lt;/row&gt;
          &lt;row&gt;⠀&lt;/row&gt;
          &lt;row&gt;⠅⠀⠁⠀⠝⠀⠎⠀⠊⠀⠕⠀⠎⠀⠎⠀⠁&lt;/row&gt;
          &lt;row&gt;⠀&lt;/row&gt;
          &lt;row&gt;⠕⠀⠇⠀⠑⠀⠧⠀⠊⠀⠁&lt;/row&gt;
        &lt;/page&gt;
        &lt;page&gt;
          &lt;row&gt;⠀⠀⠀⠀⠀⠀⠀⠀⠀⠀⠀⠀⠀⠀⠀⠀⠀⠀⠀⠀⠀⠀⠀⠀⠀⠀⠼⠁⠑⠉&lt;/row&gt;
          &lt;row&gt;⠏⠀⠁⠀⠏⠀⠑⠀⠗⠀⠑⠀⠊⠀⠞⠀⠁&lt;/row&gt;
          &lt;row&gt;⠀&lt;/row&gt;
          &lt;row&gt;⠽⠀⠓⠀⠜⠀⠀⠀⠥⠀⠥⠀⠙⠀⠑⠀⠇⠀⠇⠀⠑⠀⠑⠀⠝⠄&lt;/row&gt;
          &lt;row&gt;⠀&lt;/row&gt;
          &lt;row&gt;⠀&lt;/row&gt;
          &lt;row&gt;⠠⠜⠀⠅⠀⠅⠀⠊⠀⠜⠀⠀⠀⠓⠀⠜⠀⠝⠀⠀⠀⠏⠀⠁⠀⠝⠀⠊&lt;/row&gt;
          &lt;row&gt;⠀&lt;/row&gt;
          &lt;row&gt;⠍⠀⠑⠀⠗⠀⠅⠀⠊⠀⠇⠀⠇⠀⠑⠀⠀⠀⠁⠀⠎⠀⠊⠀⠁⠀⠝⠂&lt;/row&gt;
          &lt;row&gt;⠀&lt;/row&gt;
          &lt;row&gt;⠚⠀⠕⠀⠞⠀⠁⠀⠀⠀⠓⠀⠜⠀⠝⠀⠀⠀⠑⠀⠊&lt;/row&gt;
          &lt;row&gt;⠀&lt;/row&gt;
          &lt;row&gt;⠕⠀⠇⠀⠇⠀⠥⠀⠞&lt;/row&gt;
          &lt;row&gt;⠀&lt;/row&gt;
          &lt;row&gt;⠁⠀⠚⠀⠁⠀⠞⠀⠑⠀⠇⠀⠇⠀⠥⠀⠞&lt;/row&gt;
          &lt;row&gt;⠀&lt;/row&gt;
          &lt;row&gt;⠁⠀⠊⠀⠅⠀⠁⠀⠊⠀⠎⠀⠑⠀⠍⠀⠍⠀⠊⠀⠝⠄&lt;/row&gt;
          &lt;row&gt;⠀&lt;/row&gt;
          &lt;row&gt;⠠⠎⠀⠑⠀⠀⠀⠕⠀⠇⠀⠊⠀⠀⠀⠧⠀⠁⠀⠊⠀⠝&lt;/row&gt;
          &lt;row&gt;⠀&lt;/row&gt;
          &lt;row&gt;⠏⠀⠊⠀⠑⠀⠝⠀⠊&lt;/row&gt;
          &lt;row&gt;⠀&lt;/row&gt;
          &lt;row&gt;⠽⠀⠅⠀⠎⠀⠊⠀⠞⠀⠽⠀⠊⠀⠎⠀⠅⠀⠕⠀⠓⠀⠞⠀⠁⠂&lt;/row&gt;
          &lt;row&gt;⠀&lt;/row&gt;
          &lt;row&gt;⠚⠀⠕⠀⠅⠀⠁⠀⠀⠀⠑⠀⠊&lt;/row&gt;
          &lt;row&gt;⠀&lt;/row&gt;
          &lt;row&gt;⠇⠀⠥⠀⠥⠀⠇⠀⠞⠀⠁⠀⠧⠀⠁⠀⠎⠀⠞⠀⠊&lt;/row&gt;
        &lt;/page&gt;
        &lt;page&gt;
          &lt;row&gt;⠀⠀⠀⠀⠀⠀⠀⠀⠀⠀⠀⠀⠀⠀⠀⠀⠀⠀⠀⠀⠀⠀⠀⠀⠀⠀⠼⠁⠑⠙&lt;/row&gt;
          &lt;row&gt;⠍⠀⠑⠀⠗⠀⠅⠀⠊⠀⠝⠀⠝⠀⠽⠀⠞&lt;/row&gt;
          &lt;row&gt;⠀&lt;/row&gt;
          &lt;row&gt;⠍⠀⠊⠀⠞⠀⠜⠀⠜⠀⠝⠄&lt;/row&gt;
          &lt;row&gt;⠀&lt;/row&gt;
          &lt;row&gt;⠠⠓⠀⠜⠀⠝⠀⠀⠀⠏⠀⠜⠀⠜⠀⠞⠀⠞⠀⠊&lt;/row&gt;
          &lt;row&gt;⠀&lt;/row&gt;
          &lt;row&gt;⠅⠀⠥⠀⠊⠀⠞⠀⠑⠀⠝⠀⠅⠀⠊⠀⠝&lt;/row&gt;
          &lt;row&gt;⠀&lt;/row&gt;
          &lt;row&gt;⠞⠀⠥⠀⠞⠀⠅⠀⠊⠀⠁⠀⠀⠀⠁⠀⠎⠀⠊⠀⠁⠀⠁&lt;/row&gt;
          &lt;row&gt;⠀&lt;/row&gt;
          &lt;row&gt;⠎⠀⠑⠀⠥⠀⠗⠀⠁⠀⠁⠀⠧⠀⠁⠀⠝⠀⠁&lt;/row&gt;
          &lt;row&gt;⠀&lt;/row&gt;
          &lt;row&gt;⠏⠀⠜⠀⠊⠀⠧⠀⠜⠀⠝⠀⠜⠄&lt;/row&gt;
          &lt;row&gt;⠀&lt;/row&gt;
          &lt;row&gt;⠀&lt;/row&gt;
          &lt;row&gt;⠠⠎⠀⠊⠀⠝⠀⠜⠀⠀⠀⠽⠀⠪⠀⠝⠀⠜&lt;/row&gt;
          &lt;row&gt;⠀&lt;/row&gt;
          &lt;row&gt;⠠⠺⠀⠁⠀⠇⠀⠇⠀⠁⠀⠝⠀⠙⠀⠑⠀⠗&lt;/row&gt;
          &lt;row&gt;⠀&lt;/row&gt;
          &lt;row&gt;⠝⠀⠥⠀⠅⠀⠅⠀⠥⠀⠊&lt;/row&gt;
          &lt;row&gt;⠀&lt;/row&gt;
          &lt;row&gt;⠓⠀⠥⠀⠕⠀⠝⠀⠕⠀⠎⠀⠞⠀⠊⠄&lt;/row&gt;
          &lt;row&gt;⠀&lt;/row&gt;
          &lt;row&gt;⠀&lt;/row&gt;
          &lt;row&gt;⠀&lt;/row&gt;
          &lt;row/&gt;
        &lt;/page&gt;
        &lt;page&gt;
          &lt;row&gt;⠀⠀⠀⠀⠀⠀⠀⠀⠀⠀⠀⠀⠀⠀⠀⠀⠀⠀⠀⠀⠀⠀⠀⠀⠀⠀⠼⠁⠑⠑&lt;/row&gt;
          &lt;row&gt;⠠⠎⠀⠑⠀⠥⠀⠗⠀⠁⠀⠁⠀⠧⠀⠁⠀⠝⠀⠁&lt;/row&gt;
          &lt;row&gt;⠀&lt;/row&gt;
          &lt;row&gt;⠏⠀⠜⠀⠊⠀⠧⠀⠜⠀⠝⠀⠜&lt;/row&gt;
          &lt;row&gt;⠀&lt;/row&gt;
          &lt;row&gt;⠠⠽⠀⠎⠀⠞⠀⠁⠀⠙⠀⠊⠀⠎⠀⠎⠀⠁&lt;/row&gt;
          &lt;row&gt;⠀&lt;/row&gt;
          &lt;row&gt;⠎⠀⠁⠀⠞⠀⠕⠀⠊⠄&lt;/row&gt;
          &lt;row&gt;⠀&lt;/row&gt;
          &lt;row&gt;⠠⠺⠀⠁⠀⠇⠀⠇⠀⠁⠀⠝⠀⠙⠀⠑⠀⠗&lt;/row&gt;
          &lt;row&gt;⠀&lt;/row&gt;
          &lt;row&gt;⠎⠀⠁⠀⠁⠀⠏⠀⠥⠀⠊&lt;/row&gt;
          &lt;row&gt;⠀&lt;/row&gt;
          &lt;row&gt;⠏⠀⠕⠀⠇⠀⠊⠀⠊⠀⠎⠀⠊⠀⠞⠀⠁⠀⠇⠀⠕⠀⠇⠀⠇⠀⠑&lt;/row&gt;
          &lt;row&gt;⠀&lt;/row&gt;
          &lt;row&gt;⠚⠀⠕⠀⠀⠀⠎⠀⠑⠀⠊⠀⠞⠀⠎⠀⠑⠀⠍⠀⠜⠀⠇⠀⠞⠀⠜⠄&lt;/row&gt;
          &lt;row&gt;⠀&lt;/row&gt;
          &lt;row&gt;⠠⠓⠀⠜⠀⠝⠀⠀⠀⠚⠀⠕⠀⠊⠀⠀⠀⠑⠀⠝⠀⠎⠀⠊⠀⠝&lt;/row&gt;
          &lt;row&gt;⠀&lt;/row&gt;
          &lt;row&gt;⠅⠀⠥⠀⠏⠀⠊⠀⠝⠀⠀⠀⠅⠀⠁⠀⠓⠀⠧⠀⠊⠀⠁⠄&lt;/row&gt;
          &lt;row&gt;⠀&lt;/row&gt;
          &lt;row&gt;⠠⠎⠀⠑⠀⠝⠀⠀⠀⠚⠀⠜⠀⠇⠀⠅⠀⠑⠀⠑⠀⠝&lt;/row&gt;
          &lt;row&gt;⠀&lt;/row&gt;
          &lt;row&gt;⠓⠀⠜⠀⠝⠀⠀⠀⠅⠀⠜⠀⠧⠀⠑⠀⠇⠀⠊&lt;/row&gt;
          &lt;row&gt;⠀&lt;/row&gt;
          &lt;row&gt;⠞⠀⠕⠀⠊⠀⠎⠀⠑⠀⠇⠀⠇⠀⠑&lt;/row&gt;
          &lt;row/&gt;
        &lt;/page&gt;
        &lt;page&gt;
          &lt;row&gt;⠀⠀⠀⠀⠀⠀⠀⠀⠀⠀⠀⠀⠀⠀⠀⠀⠀⠀⠀⠀⠀⠀⠀⠀⠀⠀⠼⠁⠑⠋&lt;/row&gt;
          &lt;row&gt;⠏⠀⠥⠀⠕⠀⠇⠀⠑⠀⠇⠀⠇⠀⠑&lt;/row&gt;
          &lt;row&gt;⠀&lt;/row&gt;
          &lt;row&gt;⠏⠀⠕⠀⠇⠀⠊⠀⠊⠀⠎⠀⠊⠀⠞⠀⠁⠀⠇⠀⠕⠀⠁⠂&lt;/row&gt;
          &lt;row&gt;⠀&lt;/row&gt;
          &lt;row&gt;⠚⠀⠕⠀⠎⠀⠎⠀⠁⠀⠀⠀⠎⠀⠽⠀⠽⠀⠞⠀⠞⠀⠜⠀⠚⠀⠜&lt;/row&gt;
          &lt;row&gt;⠀&lt;/row&gt;
          &lt;row&gt;⠠⠏⠀⠑⠀⠗&lt;/row&gt;
          &lt;row&gt;⠀&lt;/row&gt;
          &lt;row&gt;⠠⠡⠀⠅⠀⠑⠀⠎⠀⠎⠀⠕⠀⠝⠀⠊⠀⠇⠀⠇⠀⠁&lt;/row&gt;
          &lt;row&gt;⠀&lt;/row&gt;
          &lt;row&gt;⠕⠀⠇⠀⠊⠀⠀⠀⠓⠀⠥⠀⠕⠀⠝⠀⠑⠄&lt;/row&gt;
          &lt;row&gt;⠀&lt;/row&gt;
          &lt;row&gt;⠠⠺⠀⠁⠀⠇⠀⠇⠀⠁⠀⠝⠀⠙⠀⠑⠀⠗&lt;/row&gt;
          &lt;row&gt;⠀&lt;/row&gt;
          &lt;row&gt;⠞⠀⠊⠀⠑⠀⠎⠀⠊⠂⠀⠀⠀⠑⠀⠞⠀⠞⠀⠜&lt;/row&gt;
          &lt;row&gt;⠀&lt;/row&gt;
          &lt;row&gt;⠠⠡⠀⠅⠀⠑⠀⠎⠀⠎⠀⠕⠀⠝⠀⠊⠀⠇⠀⠇⠀⠁&lt;/row&gt;
          &lt;row&gt;⠀&lt;/row&gt;
          &lt;row&gt;⠕⠀⠇⠀⠊⠀⠀⠀⠞⠀⠁⠀⠏⠀⠁⠀⠝⠀⠁&lt;/row&gt;
          &lt;row&gt;⠀&lt;/row&gt;
          &lt;row&gt;⠞⠀⠥⠀⠇⠀⠇⠀⠁⠀⠀⠀⠁⠀⠊⠀⠅⠀⠁⠀⠊⠀⠎⠀⠊⠀⠝&lt;/row&gt;
          &lt;row&gt;⠀&lt;/row&gt;
          &lt;row&gt;⠞⠀⠪⠀⠊⠀⠓⠀⠊⠀⠝⠄&lt;/row&gt;
          &lt;row&gt;⠀&lt;/row&gt;
          &lt;row&gt;⠀&lt;/row&gt;
          &lt;row/&gt;
        &lt;/page&gt;
        &lt;page&gt;
          &lt;row&gt;⠀⠀⠀⠀⠀⠀⠀⠀⠀⠀⠀⠀⠀⠀⠀⠀⠀⠀⠀⠀⠀⠀⠀⠀⠀⠀⠼⠁⠑⠛&lt;/row&gt;
          &lt;row&gt;⠠⠓⠀⠜⠀⠝⠀⠀⠀⠅⠀⠕⠀⠏⠀⠥⠀⠞⠀⠞⠀⠊&lt;/row&gt;
          &lt;row&gt;⠀&lt;/row&gt;
          &lt;row&gt;⠕⠀⠧⠀⠑⠀⠑⠀⠝⠄&lt;/row&gt;
          &lt;row&gt;⠀&lt;/row&gt;
          &lt;row&gt;⠠⠡⠀⠅⠀⠑⠀⠎⠀⠎⠀⠕⠀⠝⠀⠀⠀⠅⠀⠥⠀⠞⠀⠎⠀⠥⠀⠊&lt;/row&gt;
          &lt;row&gt;⠀&lt;/row&gt;
          &lt;row&gt;⠓⠀⠜⠀⠝⠀⠑⠀⠞⠀⠀⠀⠎⠀⠊⠀⠎⠀⠜⠀⠜⠀⠝⠄&lt;/row&gt;
          &lt;row&gt;⠀&lt;/row&gt;
          &lt;row&gt;⠀&lt;/row&gt;
          &lt;row&gt;⠤⠀⠀⠀⠠⠚⠀⠁⠀⠓⠀⠁⠂&lt;/row&gt;
          &lt;row&gt;⠀&lt;/row&gt;
          &lt;row&gt;⠎⠀⠊⠀⠝⠀⠜⠀⠅⠀⠊⠀⠝⠀⠀⠀⠕⠀⠇⠀⠑⠀⠞&lt;/row&gt;
          &lt;row&gt;⠀&lt;/row&gt;
          &lt;row&gt;⠞⠀⠜⠀⠜⠀⠇⠀⠇⠀⠜&lt;/row&gt;
          &lt;row&gt;⠀&lt;/row&gt;
          &lt;row&gt;⠁⠀⠊⠀⠅⠀⠁⠀⠊⠀⠎⠀⠊⠀⠝⠂&lt;/row&gt;
          &lt;row&gt;⠀&lt;/row&gt;
          &lt;row&gt;⠠⠡⠀⠅⠀⠑⠀⠎⠀⠎⠀⠕⠀⠝⠀⠀⠀⠎⠀⠁⠀⠝⠀⠕⠀⠊⠄&lt;/row&gt;
          &lt;row&gt;⠀&lt;/row&gt;
          &lt;row&gt;⠤⠀⠀⠀⠠⠎⠀⠊⠀⠝⠀⠥⠀⠇⠀⠇⠀⠁⠀⠀⠀⠕⠀⠝&lt;/row&gt;
          &lt;row&gt;⠀&lt;/row&gt;
          &lt;row&gt;⠧⠀⠁⠀⠗⠀⠍⠀⠁⠀⠁⠀⠝&lt;/row&gt;
          &lt;row&gt;⠀&lt;/row&gt;
          &lt;row&gt;⠞⠀⠜⠀⠗⠀⠅⠀⠑⠀⠜⠀⠜⠀⠀⠀⠁⠀⠎⠀⠊⠀⠁⠀⠁⠄&lt;/row&gt;
          &lt;row&gt;⠀&lt;/row&gt;
          &lt;row/&gt;
        &lt;/page&gt;
        &lt;page&gt;
          &lt;row&gt;⠀⠀⠀⠀⠀⠀⠀⠀⠀⠀⠀⠀⠀⠀⠀⠀⠀⠀⠀⠀⠀⠀⠀⠀⠀⠀⠼⠁⠑⠓&lt;/row&gt;
          &lt;row&gt;⠤⠀⠀⠀⠠⠑⠀⠝⠀⠀⠀⠞⠀⠊⠀⠑⠀⠙⠀⠜⠂&lt;/row&gt;
          &lt;row&gt;⠀&lt;/row&gt;
          &lt;row&gt;⠕⠀⠝⠀⠅⠀⠕⠀⠀⠀⠎⠀⠑&lt;/row&gt;
          &lt;row&gt;⠀&lt;/row&gt;
          &lt;row&gt;⠞⠀⠜⠀⠗⠀⠅⠀⠑⠀⠜⠀⠜⠂⠀⠀⠍⠀⠥⠀⠞⠀⠞⠀⠁&lt;/row&gt;
          &lt;row&gt;⠀&lt;/row&gt;
          &lt;row&gt;⠞⠀⠁⠀⠗⠀⠧⠀⠊⠀⠞⠀⠎⠀⠑⠀⠝&lt;/row&gt;
          &lt;row&gt;⠀&lt;/row&gt;
          &lt;row&gt;⠁⠀⠏⠀⠥⠀⠁⠀⠎⠀⠊⠂&lt;/row&gt;
          &lt;row&gt;⠀&lt;/row&gt;
          &lt;row&gt;⠠⠺⠀⠁⠀⠇⠀⠇⠀⠁⠀⠝⠀⠙⠀⠑⠀⠗&lt;/row&gt;
          &lt;row&gt;⠀&lt;/row&gt;
          &lt;row&gt;⠎⠀⠁⠀⠝⠀⠕⠀⠊⠄&lt;/row&gt;
          &lt;row&gt;⠀&lt;/row&gt;
          &lt;row&gt;⠀&lt;/row&gt;
          &lt;row&gt;⠠⠓⠀⠜⠀⠝⠀⠀⠀⠅⠀⠑⠀⠗⠀⠞⠀⠕⠀⠊&lt;/row&gt;
          &lt;row&gt;⠀&lt;/row&gt;
          &lt;row&gt;⠇⠀⠽⠀⠓⠀⠽⠀⠑⠀⠎⠀⠞⠀⠊&lt;/row&gt;
          &lt;row&gt;⠀&lt;/row&gt;
          &lt;row&gt;⠠⠁⠀⠇⠀⠑⠀⠭⠀⠁⠀⠝⠀⠙⠀⠑⠀⠗⠀⠎⠀⠤&lt;/row&gt;
          &lt;row&gt;⠀&lt;/row&gt;
          &lt;row&gt;⠎⠀⠕⠀⠝⠀⠊⠀⠝&lt;/row&gt;
          &lt;row&gt;⠀&lt;/row&gt;
          &lt;row&gt;⠅⠀⠥⠀⠕⠀⠇⠀⠑⠀⠍⠀⠁⠀⠎⠀⠞⠀⠁&lt;/row&gt;
          &lt;row&gt;⠀&lt;/row&gt;
          &lt;row&gt;⠚⠀⠁⠀⠀⠀⠠⠞⠀⠥⠀⠗⠀⠑&lt;/row&gt;
        &lt;/page&gt;
        &lt;page&gt;
          &lt;row&gt;⠀⠀⠀⠀⠀⠀⠀⠀⠀⠀⠀⠀⠀⠀⠀⠀⠀⠀⠀⠀⠀⠀⠀⠀⠀⠀⠼⠁⠑⠊&lt;/row&gt;
          &lt;row&gt;⠠⠎⠀⠞⠀⠑⠀⠝⠀⠓⠀⠕⠀⠇⠀⠍⠀⠊⠀⠎⠀⠞⠀⠁⠄&lt;/row&gt;
          &lt;row&gt;⠀&lt;/row&gt;
          &lt;row&gt;⠀&lt;/row&gt;
          &lt;row&gt;⠠⠺⠀⠁⠀⠇⠀⠇⠀⠁⠀⠝⠀⠙⠀⠑⠀⠗&lt;/row&gt;
          &lt;row&gt;⠀&lt;/row&gt;
          &lt;row&gt;⠎⠀⠑⠀⠇⠀⠊⠀⠞⠀⠞⠀⠊&lt;/row&gt;
          &lt;row&gt;⠀&lt;/row&gt;
          &lt;row&gt;⠠⠡⠀⠅⠀⠑⠀⠎⠀⠎⠀⠕⠀⠝⠀⠊⠀⠇⠀⠇⠀⠑⠒&lt;/row&gt;
          &lt;row&gt;⠀&lt;/row&gt;
          &lt;row&gt;⠀&lt;/row&gt;
          &lt;row&gt;⠤⠀⠀⠀⠠⠞⠀⠁⠀⠗⠀⠧⠀⠊⠀⠞⠀⠎⠀⠑⠀⠝&lt;/row&gt;
          &lt;row&gt;⠀&lt;/row&gt;
          &lt;row&gt;⠁⠀⠏⠀⠥⠀⠁⠀⠀⠀⠁⠀⠎⠀⠊⠀⠁⠀⠎⠀⠎⠀⠁⠂&lt;/row&gt;
          &lt;row&gt;⠀&lt;/row&gt;
          &lt;row&gt;⠚⠀⠕⠀⠅⠀⠁⠀⠀⠀⠅⠀⠕⠀⠎⠀⠅⠀⠑⠀⠑&lt;/row&gt;
          &lt;row&gt;⠀&lt;/row&gt;
          &lt;row&gt;⠗⠀⠕⠀⠥⠀⠧⠀⠁&lt;/row&gt;
          &lt;row&gt;⠀&lt;/row&gt;
          &lt;row&gt;⠠⠎⠀⠞⠀⠑⠀⠝⠀⠓⠀⠕⠀⠇⠀⠍⠀⠊⠀⠁⠄&lt;/row&gt;
          &lt;row&gt;⠀&lt;/row&gt;
          &lt;row&gt;⠠⠅⠀⠁⠀⠚⠀⠎⠀⠁&lt;/row&gt;
          &lt;row&gt;⠀&lt;/row&gt;
          &lt;row&gt;⠠⠎⠀⠞⠀⠑⠀⠝⠀⠓⠀⠕⠀⠇⠀⠍⠀⠀⠀⠕⠀⠝&lt;/row&gt;
          &lt;row&gt;⠀&lt;/row&gt;
          &lt;row&gt;⠞⠀⠕⠀⠊⠀⠍⠀⠊⠀⠝⠀⠥⠀⠞&lt;/row&gt;
          &lt;row/&gt;
        &lt;/page&gt;
        &lt;page&gt;
          &lt;row&gt;⠀⠀⠀⠀⠀⠀⠀⠀⠀⠀⠀⠀⠀⠀⠀⠀⠀⠀⠀⠀⠀⠀⠀⠀⠀⠀⠼⠁⠋⠚&lt;/row&gt;
          &lt;row&gt;⠎⠀⠽⠀⠽⠀⠞⠀⠞⠀⠜⠀⠚⠀⠜⠀⠝⠀⠜⠂&lt;/row&gt;
          &lt;row&gt;⠀&lt;/row&gt;
          &lt;row&gt;⠝⠀⠊⠀⠊⠀⠝⠀⠀⠀⠅⠀⠥⠀⠊⠀⠝&lt;/row&gt;
          &lt;row&gt;⠀&lt;/row&gt;
          &lt;row&gt;⠎⠀⠊⠀⠝⠀⠜⠀⠅⠀⠊⠀⠝⠄&lt;/row&gt;
          &lt;row&gt;⠀&lt;/row&gt;
          &lt;row&gt;⠠⠓⠀⠜⠀⠝⠀⠀⠀⠕⠀⠝&lt;/row&gt;
          &lt;row&gt;⠀&lt;/row&gt;
          &lt;row&gt;⠞⠀⠕⠀⠊⠀⠍⠀⠊⠀⠝⠀⠥⠀⠞&lt;/row&gt;
          &lt;row&gt;⠀&lt;/row&gt;
          &lt;row&gt;⠠⠝⠀⠽⠀⠝⠀⠜⠀⠎⠀⠓⠀⠁⠀⠍⠀⠝⠀⠊⠀⠎⠀⠎⠀⠁⠂&lt;/row&gt;
          &lt;row&gt;⠀&lt;/row&gt;
          &lt;row&gt;⠍⠀⠥⠀⠞⠀⠞⠀⠁⠀⠀⠀⠓⠀⠜⠀⠝⠀⠀⠀⠕⠀⠝&lt;/row&gt;
          &lt;row&gt;⠀&lt;/row&gt;
          &lt;row&gt;⠕⠀⠇⠀⠇⠀⠥⠀⠞⠀⠀⠀⠍⠀⠽⠀⠪⠀⠎&lt;/row&gt;
          &lt;row&gt;⠀&lt;/row&gt;
          &lt;row&gt;⠚⠀⠕⠀⠊⠀⠞⠀⠁⠀⠅⠀⠊⠀⠝&lt;/row&gt;
          &lt;row&gt;⠀&lt;/row&gt;
          &lt;row&gt;⠇⠀⠽⠀⠓⠀⠽⠀⠊⠀⠞⠀⠜⠀⠀⠀⠚⠀⠁⠀⠅⠀⠎⠀⠕⠀⠚⠀⠁&lt;/row&gt;
          &lt;row&gt;⠀&lt;/row&gt;
          &lt;row&gt;⠎⠀⠽⠀⠽⠀⠞⠀⠞⠀⠜⠀⠚⠀⠜⠀⠝⠀⠜&lt;/row&gt;
          &lt;row&gt;⠀&lt;/row&gt;
          &lt;row&gt;⠠⠞⠀⠥⠀⠅⠀⠓⠀⠕⠀⠇⠀⠍⠀⠁⠀⠎⠀⠎⠀⠁⠄&lt;/row&gt;
          &lt;row&gt;⠀&lt;/row&gt;
          &lt;row&gt;⠀&lt;/row&gt;
          &lt;row/&gt;
        &lt;/page&gt;
        &lt;page&gt;
          &lt;row&gt;⠀⠀⠀⠀⠀⠀⠀⠀⠀⠀⠀⠀⠀⠀⠀⠀⠀⠀⠀⠀⠀⠀⠀⠀⠀⠀⠼⠁⠋⠁&lt;/row&gt;
          &lt;row&gt;⠠⠺⠀⠁⠀⠇⠀⠇⠀⠁⠀⠝⠀⠙⠀⠑⠀⠗&lt;/row&gt;
          &lt;row&gt;⠀&lt;/row&gt;
          &lt;row&gt;⠎⠀⠑⠀⠇⠀⠁⠀⠎⠀⠊&lt;/row&gt;
          &lt;row&gt;⠀&lt;/row&gt;
          &lt;row&gt;⠏⠀⠁⠀⠏⠀⠑⠀⠗⠀⠑⠀⠊⠀⠞⠀⠁⠀⠁⠀⠝⠄&lt;/row&gt;
          &lt;row&gt;⠀&lt;/row&gt;
          &lt;row&gt;⠠⠓⠀⠜⠀⠝⠀⠀⠀⠚⠀⠁⠀⠞⠀⠅⠀⠕⠀⠊⠒&lt;/row&gt;
          &lt;row&gt;⠀&lt;/row&gt;
          &lt;row&gt;⠀&lt;/row&gt;
          &lt;row&gt;⠤⠀⠀⠀⠠⠎⠀⠑⠀⠊⠀⠞⠀⠎⠀⠑⠀⠍⠀⠜⠀⠝&lt;/row&gt;
          &lt;row&gt;⠀&lt;/row&gt;
          &lt;row&gt;⠧⠀⠥⠀⠕⠀⠞⠀⠞⠀⠁⠀⠀⠀⠎⠀⠊⠀⠞⠀⠞⠀⠑⠀⠝&lt;/row&gt;
          &lt;row&gt;⠀&lt;/row&gt;
          &lt;row&gt;⠠⠅⠀⠁⠀⠚⠀⠎⠀⠁&lt;/row&gt;
          &lt;row&gt;⠀&lt;/row&gt;
          &lt;row&gt;⠠⠎⠀⠞⠀⠑⠀⠝⠀⠓⠀⠕⠀⠇⠀⠍⠀⠀⠀⠕⠀⠇⠀⠊&lt;/row&gt;
          &lt;row&gt;⠀&lt;/row&gt;
          &lt;row&gt;⠚⠀⠕⠀⠊⠀⠞⠀⠁⠀⠅⠀⠊⠀⠝&lt;/row&gt;
          &lt;row&gt;⠀&lt;/row&gt;
          &lt;row&gt;⠅⠀⠥⠀⠥⠀⠅⠀⠁⠀⠥⠀⠎⠀⠊⠀⠁&lt;/row&gt;
          &lt;row&gt;⠀&lt;/row&gt;
          &lt;row&gt;⠎⠀⠽⠀⠽⠀⠞⠀⠞⠀⠜⠀⠚⠀⠜⠀⠝⠀⠜&lt;/row&gt;
          &lt;row&gt;⠀&lt;/row&gt;
          &lt;row&gt;⠠⠞⠀⠥⠀⠅⠀⠓⠀⠕⠀⠇⠀⠍⠀⠁⠀⠎⠀⠎⠀⠁⠄&lt;/row&gt;
          &lt;row&gt;⠀&lt;/row&gt;
          &lt;row&gt;⠠⠎⠀⠁⠀⠍⠀⠁⠀⠁⠀⠝⠀⠀⠀⠁⠀⠊⠀⠅⠀⠁⠀⠁⠀⠝&lt;/row&gt;
        &lt;/page&gt;
        &lt;page&gt;
          &lt;row&gt;⠀⠀⠀⠀⠀⠀⠀⠀⠀⠀⠀⠀⠀⠀⠀⠀⠀⠀⠀⠀⠀⠀⠀⠀⠀⠀⠼⠁⠋⠃&lt;/row&gt;
          &lt;row&gt;⠠⠁⠀⠇⠀⠑⠀⠭⠀⠁⠀⠝⠀⠙⠀⠑⠀⠗⠀⠎⠀⠤&lt;/row&gt;
          &lt;row&gt;⠀&lt;/row&gt;
          &lt;row&gt;⠎⠀⠕⠀⠝⠀⠊⠀⠝⠀⠀⠀⠏⠀⠕⠀⠚⠀⠁⠀⠝&lt;/row&gt;
          &lt;row&gt;⠀&lt;/row&gt;
          &lt;row&gt;⠅⠀⠊⠀⠍⠀⠏⠀⠏⠀⠥⠀⠥⠀⠝&lt;/row&gt;
          &lt;row&gt;⠀&lt;/row&gt;
          &lt;row&gt;⠓⠀⠽⠀⠪⠀⠅⠀⠜⠀⠞⠀⠞⠀⠊⠀⠊⠀⠝&lt;/row&gt;
          &lt;row&gt;⠀&lt;/row&gt;
          &lt;row&gt;⠅⠀⠁⠀⠙⠀⠥⠀⠇⠀⠇⠀⠁⠀⠀⠀⠚⠀⠁⠀⠀⠀⠓⠀⠜⠀⠝&lt;/row&gt;
          &lt;row&gt;⠀&lt;/row&gt;
          &lt;row&gt;⠅⠀⠥⠀⠕⠀⠇⠀⠊⠄&lt;/row&gt;
          &lt;row&gt;⠀&lt;/row&gt;
          &lt;row&gt;⠀&lt;/row&gt;
          &lt;row&gt;⠠⠞⠀⠁⠀⠗⠀⠧⠀⠊⠀⠞⠀⠎⠀⠑⠀⠝⠀⠀⠀⠁⠀⠏⠀⠥⠀⠁&lt;/row&gt;
          &lt;row&gt;⠀&lt;/row&gt;
          &lt;row&gt;⠎⠀⠑⠀⠇⠀⠧⠀⠊⠀⠞⠀⠞⠀⠜⠀⠜⠀⠅⠀⠎⠀⠑⠀⠝⠀⠊⠂&lt;/row&gt;
          &lt;row&gt;⠀&lt;/row&gt;
          &lt;row&gt;⠕⠀⠝⠀⠅⠀⠕⠀⠀⠀⠝⠀⠜⠀⠊⠀⠇⠀⠇⠀⠜&lt;/row&gt;
          &lt;row&gt;⠀&lt;/row&gt;
          &lt;row&gt;⠞⠀⠁⠀⠏⠀⠁⠀⠓⠀⠞⠀⠥⠀⠍⠀⠊⠀⠇⠀⠇⠀⠁&lt;/row&gt;
          &lt;row&gt;⠀&lt;/row&gt;
          &lt;row&gt;⠚⠀⠕⠀⠅⠀⠊⠀⠝⠀⠀⠀⠽⠀⠓⠀⠞⠀⠑⠀⠽⠀⠎⠄&lt;/row&gt;
          &lt;row&gt;⠀&lt;/row&gt;
          &lt;row&gt;⠤⠀⠀⠀⠠⠅⠀⠥⠀⠊⠀⠝⠀⠅⠀⠁⠀⠀⠀⠧⠀⠁⠀⠝⠀⠓⠀⠁&lt;/row&gt;
          &lt;row&gt;⠀&lt;/row&gt;
          &lt;row&gt;⠏⠀⠕⠀⠊⠀⠅⠀⠁⠀⠀⠀⠕⠀⠇⠀⠊⠢&lt;/row&gt;
        &lt;/page&gt;
        &lt;page&gt;
          &lt;row&gt;⠀⠀⠀⠀⠀⠀⠀⠀⠀⠀⠀⠀⠀⠀⠀⠀⠀⠀⠀⠀⠀⠀⠀⠀⠀⠀⠼⠁⠋⠉&lt;/row&gt;
          &lt;row&gt;⠠⠡⠀⠅⠀⠑⠀⠎⠀⠎⠀⠕⠀⠝⠀⠀⠀⠅⠀⠽⠀⠎⠀⠽⠀⠊⠄&lt;/row&gt;
          &lt;row&gt;⠀&lt;/row&gt;
          &lt;row&gt;⠀&lt;/row&gt;
          &lt;row&gt;⠤⠀⠀⠀⠠⠓⠀⠜⠀⠝⠀⠀⠀⠕⠀⠇⠀⠊&lt;/row&gt;
          &lt;row&gt;⠀&lt;/row&gt;
          &lt;row&gt;⠞⠀⠜⠀⠽⠀⠞⠀⠞⠀⠜⠀⠝⠀⠽⠀⠞⠀⠀⠀⠼⠁⠓⠂&lt;/row&gt;
          &lt;row&gt;⠀&lt;/row&gt;
          &lt;row&gt;⠧⠀⠁⠀⠎⠀⠞⠀⠁⠀⠎⠀⠊&lt;/row&gt;
          &lt;row&gt;⠀&lt;/row&gt;
          &lt;row&gt;⠠⠺⠀⠁⠀⠇⠀⠇⠀⠁⠀⠝⠀⠙⠀⠑⠀⠗⠄&lt;/row&gt;
          &lt;row&gt;⠀&lt;/row&gt;
          &lt;row&gt;⠤⠀⠀⠀⠠⠓⠀⠜⠀⠝⠀⠑⠀⠝&lt;/row&gt;
          &lt;row&gt;⠀&lt;/row&gt;
          &lt;row&gt;⠝⠀⠊⠀⠍⠀⠑⠀⠝⠀⠎⠀⠜⠀⠀⠀⠕⠀⠇⠀⠊&lt;/row&gt;
          &lt;row&gt;⠀&lt;/row&gt;
          &lt;row&gt;⠠⠃⠀⠑⠀⠝⠀⠛⠀⠞&lt;/row&gt;
          &lt;row&gt;⠀&lt;/row&gt;
          &lt;row&gt;⠠⠁⠀⠇⠀⠑⠀⠭⠀⠁⠀⠝⠀⠙⠀⠑⠀⠗⠀⠎⠀⠎⠀⠕⠀⠝⠄&lt;/row&gt;
          &lt;row&gt;⠀&lt;/row&gt;
          &lt;row&gt;⠠⠑⠀⠓⠀⠅⠀⠜⠀⠀⠀⠠⠅⠀⠁⠀⠚⠀⠎⠀⠁&lt;/row&gt;
          &lt;row&gt;⠀&lt;/row&gt;
          &lt;row&gt;⠠⠎⠀⠞⠀⠑⠀⠝⠀⠓⠀⠕⠀⠇⠀⠍⠀⠊⠀⠇⠀⠇⠀⠁&lt;/row&gt;
          &lt;row&gt;⠀&lt;/row&gt;
          &lt;row&gt;⠕⠀⠇⠀⠊⠀⠀⠀⠚⠀⠕⠀⠞⠀⠁⠀⠊⠀⠝&lt;/row&gt;
          &lt;row&gt;⠀&lt;/row&gt;
          &lt;row&gt;⠞⠀⠑⠀⠅⠀⠑⠀⠍⠀⠊⠀⠎⠀⠞⠀⠜&lt;/row&gt;
        &lt;/page&gt;
        &lt;page&gt;
          &lt;row&gt;⠀⠀⠀⠀⠀⠀⠀⠀⠀⠀⠀⠀⠀⠀⠀⠀⠀⠀⠀⠀⠀⠀⠀⠀⠀⠀⠼⠁⠋⠙&lt;/row&gt;
          &lt;row&gt;⠞⠀⠁⠀⠏⠀⠁⠀⠥⠀⠅⠀⠎⠀⠑⠀⠝&lt;/row&gt;
          &lt;row&gt;⠀&lt;/row&gt;
          &lt;row&gt;⠞⠀⠥⠀⠞⠀⠅⠀⠊⠀⠍⠀⠥⠀⠎⠀⠞⠀⠑⠀⠝&lt;/row&gt;
          &lt;row&gt;⠀&lt;/row&gt;
          &lt;row&gt;⠅⠀⠁⠀⠝⠀⠎⠀⠎⠀⠁⠄&lt;/row&gt;
          &lt;row&gt;⠀&lt;/row&gt;
          &lt;row&gt;⠠⠧⠀⠕⠀⠊⠀⠞⠀⠅⠀⠕&lt;/row&gt;
          &lt;row&gt;⠀&lt;/row&gt;
          &lt;row&gt;⠎⠀⠑⠀⠇⠀⠧⠀⠊⠀⠞⠀⠞⠀⠜⠀⠜&lt;/row&gt;
          &lt;row&gt;⠀&lt;/row&gt;
          &lt;row&gt;⠁⠀⠎⠀⠊⠀⠁⠀⠁⠢&lt;/row&gt;
          &lt;row&gt;⠀&lt;/row&gt;
          &lt;row&gt;⠀&lt;/row&gt;
          &lt;row&gt;⠠⠡⠀⠅⠀⠑⠀⠎⠀⠎⠀⠕⠀⠝&lt;/row&gt;
          &lt;row&gt;⠀&lt;/row&gt;
          &lt;row&gt;⠝⠀⠽⠀⠪⠀⠅⠀⠅⠀⠜⠀⠎⠀⠊⠄&lt;/row&gt;
          &lt;row&gt;⠀&lt;/row&gt;
          &lt;row&gt;⠀&lt;/row&gt;
          &lt;row&gt;⠤⠀⠀⠀⠠⠞⠀⠑⠀⠑⠀⠝⠀⠀⠀⠍⠀⠊⠀⠞⠀⠜&lt;/row&gt;
          &lt;row&gt;⠀&lt;/row&gt;
          &lt;row&gt;⠧⠀⠕⠀⠊⠀⠝⠄&lt;/row&gt;
          &lt;row&gt;⠀&lt;/row&gt;
          &lt;row&gt;⠠⠍⠀⠥⠀⠞⠀⠞⠀⠁⠀⠀⠀⠜⠀⠇⠀⠜&lt;/row&gt;
          &lt;row&gt;⠀&lt;/row&gt;
          &lt;row&gt;⠕⠀⠙⠀⠕⠀⠞⠀⠁⠀⠀⠀⠇⠀⠊⠀⠊⠀⠅⠀⠕⠀⠚⠀⠁⠂&lt;/row&gt;
          &lt;row/&gt;
        &lt;/page&gt;
        &lt;page&gt;
          &lt;row&gt;⠀⠀⠀⠀⠀⠀⠀⠀⠀⠀⠀⠀⠀⠀⠀⠀⠀⠀⠀⠀⠀⠀⠀⠀⠀⠀⠼⠁⠋⠑&lt;/row&gt;
          &lt;row&gt;⠓⠀⠜⠀⠝⠀⠀⠀⠎⠀⠁⠀⠝⠀⠕⠀⠊⠄&lt;/row&gt;
          &lt;row&gt;⠀&lt;/row&gt;
          &lt;row&gt;⠀&lt;/row&gt;
          &lt;row&gt;⠠⠅⠀⠕⠀⠇⠀⠍⠀⠑⠀⠀⠀⠞⠀⠥⠀⠝⠀⠞⠀⠊⠀⠁&lt;/row&gt;
          &lt;row&gt;⠀&lt;/row&gt;
          &lt;row&gt;⠍⠀⠽⠀⠪⠀⠓⠀⠑⠀⠍⠀⠍⠀⠊⠀⠝&lt;/row&gt;
          &lt;row&gt;⠀&lt;/row&gt;
          &lt;row&gt;⠠⠡⠀⠅⠀⠑⠀⠎⠀⠎⠀⠕⠀⠝⠀⠀⠀⠎⠀⠕⠀⠊⠀⠞⠀⠞⠀⠊&lt;/row&gt;
          &lt;row&gt;⠀&lt;/row&gt;
          &lt;row&gt;⠠⠺⠀⠁⠀⠇⠀⠇⠀⠁⠀⠝⠀⠙⠀⠑⠀⠗⠀⠊⠀⠇⠀⠇⠀⠑⠄&lt;/row&gt;
          &lt;row&gt;⠀&lt;/row&gt;
          &lt;row&gt;⠀&lt;/row&gt;
          &lt;row&gt;⠤⠀⠀⠀⠠⠁⠀⠎⠀⠊⠀⠁⠀⠀⠀⠎⠀⠑⠀⠇⠀⠧⠀⠊⠀⠎⠀⠊&lt;/row&gt;
          &lt;row&gt;⠀&lt;/row&gt;
          &lt;row&gt;⠝⠀⠕⠀⠏⠀⠑⠀⠁⠀⠍⠀⠍⠀⠊⠀⠝⠀⠀⠀⠅⠀⠥⠀⠊⠀⠝&lt;/row&gt;
          &lt;row&gt;⠀&lt;/row&gt;
          &lt;row&gt;⠇⠀⠥⠀⠥⠀⠇⠀⠊⠀⠝⠂&lt;/row&gt;
          &lt;row&gt;⠀&lt;/row&gt;
          &lt;row&gt;⠠⠡⠀⠅⠀⠑⠀⠎⠀⠎⠀⠕⠀⠝⠀⠀⠀⠎⠀⠁⠀⠝⠀⠕⠀⠊⠄&lt;/row&gt;
          &lt;row&gt;⠀&lt;/row&gt;
          &lt;row&gt;⠤⠀⠀⠀⠠⠝⠀⠕⠂⠀⠀⠀⠍⠀⠊⠀⠞⠀⠜&lt;/row&gt;
          &lt;row&gt;⠀&lt;/row&gt;
          &lt;row&gt;⠎⠀⠁⠀⠊⠀⠞⠀⠀⠀⠎⠀⠑⠀⠇⠀⠧⠀⠊⠀⠇⠀⠇⠀⠑⠢&lt;/row&gt;
          &lt;row&gt;⠀&lt;/row&gt;
          &lt;row&gt;⠠⠺⠀⠁⠀⠇⠀⠇⠀⠁⠀⠝⠀⠙⠀⠑⠀⠗&lt;/row&gt;
          &lt;row/&gt;
        &lt;/page&gt;
        &lt;page&gt;
          &lt;row&gt;⠀⠀⠀⠀⠀⠀⠀⠀⠀⠀⠀⠀⠀⠀⠀⠀⠀⠀⠀⠀⠀⠀⠀⠀⠀⠀⠼⠁⠋⠋&lt;/row&gt;
          &lt;row&gt;⠅⠀⠽⠀⠎⠀⠽⠀⠊⠄&lt;/row&gt;
          &lt;row&gt;⠀&lt;/row&gt;
          &lt;row&gt;⠠⠡⠀⠅⠀⠑⠀⠎⠀⠎⠀⠕⠀⠝⠀⠀⠀⠅⠀⠑⠀⠗⠀⠞⠀⠕⠀⠊⠒&lt;/row&gt;
          &lt;row&gt;⠀&lt;/row&gt;
          &lt;row&gt;⠀&lt;/row&gt;
          &lt;row&gt;⠤⠀⠀⠀⠠⠎⠀⠁⠀⠊⠀⠝&lt;/row&gt;
          &lt;row&gt;⠀&lt;/row&gt;
          &lt;row&gt;⠎⠀⠑⠀⠇⠀⠧⠀⠊⠀⠇⠀⠇⠀⠑⠂⠀⠀⠀⠑⠀⠞⠀⠞⠀⠜&lt;/row&gt;
          &lt;row&gt;⠀&lt;/row&gt;
          &lt;row&gt;⠕⠀⠇⠀⠊⠀⠞⠀⠀⠀⠞⠀⠕⠀⠎⠀⠊⠀⠁⠀⠁⠀⠝&lt;/row&gt;
          &lt;row&gt;⠀&lt;/row&gt;
          &lt;row&gt;⠕⠀⠊⠀⠅⠀⠑⠀⠁⠀⠎⠀⠎⠀⠁⠄&lt;/row&gt;
          &lt;row&gt;⠀&lt;/row&gt;
          &lt;row&gt;⠠⠅⠀⠁⠀⠚⠀⠎⠀⠁&lt;/row&gt;
          &lt;row&gt;⠀&lt;/row&gt;
          &lt;row&gt;⠠⠎⠀⠞⠀⠑⠀⠝⠀⠓⠀⠕⠀⠇⠀⠍⠀⠀⠀⠕⠀⠇⠀⠊&lt;/row&gt;
          &lt;row&gt;⠀&lt;/row&gt;
          &lt;row&gt;⠎⠀⠽⠀⠽⠀⠞⠀⠞⠀⠜⠀⠚⠀⠜⠀⠝⠀⠜&lt;/row&gt;
          &lt;row&gt;⠀&lt;/row&gt;
          &lt;row&gt;⠠⠞⠀⠥⠀⠅⠀⠓⠀⠕⠀⠇⠀⠍⠀⠁⠀⠎⠀⠎⠀⠁⠂&lt;/row&gt;
          &lt;row&gt;⠀&lt;/row&gt;
          &lt;row&gt;⠅⠀⠥⠀⠝&lt;/row&gt;
          &lt;row&gt;⠀&lt;/row&gt;
          &lt;row&gt;⠠⠁⠀⠇⠀⠑⠀⠭⠀⠁⠀⠝⠀⠙⠀⠑⠀⠗⠀⠎⠀⠤&lt;/row&gt;
          &lt;row&gt;⠀&lt;/row&gt;
          &lt;row&gt;⠎⠀⠕⠀⠝⠀⠊⠀⠝⠀⠀⠀⠏⠀⠕⠀⠊⠀⠅⠀⠁&lt;/row&gt;
        &lt;/page&gt;
        &lt;page&gt;
          &lt;row&gt;⠀⠀⠀⠀⠀⠀⠀⠀⠀⠀⠀⠀⠀⠀⠀⠀⠀⠀⠀⠀⠀⠀⠀⠀⠀⠀⠼⠁⠋⠛&lt;/row&gt;
          &lt;row&gt;⠅⠀⠥⠀⠕⠀⠇⠀⠊⠄&lt;/row&gt;
          &lt;row&gt;⠀&lt;/row&gt;
          &lt;row&gt;⠠⠓⠀⠜⠀⠝⠀⠀⠀⠚⠀⠕⠀⠓⠀⠞⠀⠊&lt;/row&gt;
          &lt;row&gt;⠀&lt;/row&gt;
          &lt;row&gt;⠞⠀⠁⠀⠏⠀⠁⠀⠥⠀⠅⠀⠎⠀⠑⠀⠝&lt;/row&gt;
          &lt;row&gt;⠀&lt;/row&gt;
          &lt;row&gt;⠞⠀⠥⠀⠞⠀⠅⠀⠊⠀⠍⠀⠥⠀⠅⠀⠎⠀⠊⠀⠁⠄&lt;/row&gt;
          &lt;row&gt;⠀&lt;/row&gt;
          &lt;row&gt;⠠⠓⠀⠜⠀⠝⠀⠀⠀⠍⠀⠽⠀⠪⠀⠎&lt;/row&gt;
          &lt;row&gt;⠀&lt;/row&gt;
          &lt;row&gt;⠏⠀⠜⠀⠜⠀⠞⠀⠞⠀⠊&lt;/row&gt;
          &lt;row&gt;⠀&lt;/row&gt;
          &lt;row&gt;⠇⠀⠕⠀⠏⠀⠑⠀⠞⠀⠞⠀⠁⠀⠁&lt;/row&gt;
          &lt;row&gt;⠀&lt;/row&gt;
          &lt;row&gt;⠞⠀⠥⠀⠞⠀⠅⠀⠊⠀⠍⠀⠥⠀⠅⠀⠎⠀⠑⠀⠞⠂&lt;/row&gt;
          &lt;row&gt;⠀&lt;/row&gt;
          &lt;row&gt;⠅⠀⠥⠀⠝⠀⠀⠀⠅⠀⠑⠀⠞⠀⠜⠀⠜⠀⠝&lt;/row&gt;
          &lt;row&gt;⠀&lt;/row&gt;
          &lt;row&gt;⠑⠀⠏⠀⠜⠀⠊⠀⠇⠀⠞⠀⠽⠀⠜⠀⠀⠀⠑⠀⠊&lt;/row&gt;
          &lt;row&gt;⠀&lt;/row&gt;
          &lt;row&gt;⠇⠀⠪⠀⠽⠀⠙⠀⠑⠀⠞⠀⠞⠀⠽⠄&lt;/row&gt;
          &lt;row&gt;⠀&lt;/row&gt;
          &lt;row&gt;⠠⠅⠀⠁⠀⠚⠀⠎⠀⠁&lt;/row&gt;
          &lt;row&gt;⠀&lt;/row&gt;
          &lt;row&gt;⠠⠎⠀⠞⠀⠑⠀⠝⠀⠓⠀⠕⠀⠇⠀⠍⠀⠊⠀⠝&lt;/row&gt;
          &lt;row/&gt;
        &lt;/page&gt;
        &lt;page&gt;
          &lt;row&gt;⠀⠀⠀⠀⠀⠀⠀⠀⠀⠀⠀⠀⠀⠀⠀⠀⠀⠀⠀⠀⠀⠀⠀⠀⠀⠀⠼⠁⠋⠓&lt;/row&gt;
          &lt;row&gt;⠍⠀⠊⠀⠑⠀⠇⠀⠑⠀⠎⠀⠞⠀⠜⠀⠀⠀⠏⠀⠕⠀⠚⠀⠁⠀⠝&lt;/row&gt;
          &lt;row&gt;⠀&lt;/row&gt;
          &lt;row&gt;⠞⠀⠁⠀⠏⠀⠏⠀⠁⠀⠚⠀⠁⠀⠝&lt;/row&gt;
          &lt;row&gt;⠀&lt;/row&gt;
          &lt;row&gt;⠑⠀⠞⠀⠎⠀⠊⠀⠍⠀⠊⠀⠎⠀⠞⠀⠜⠀⠀⠀⠑⠀⠊&lt;/row&gt;
          &lt;row&gt;⠀&lt;/row&gt;
          &lt;row&gt;⠅⠀⠁⠀⠝⠀⠝⠀⠁⠀⠞⠀⠞⠀⠁⠀⠝⠀⠥⠀⠞&lt;/row&gt;
          &lt;row&gt;⠀&lt;/row&gt;
          &lt;row&gt;⠚⠀⠁⠀⠞⠀⠅⠀⠁⠀⠁⠄&lt;/row&gt;
          &lt;row&gt;⠀&lt;/row&gt;
          &lt;row&gt;⠠⠎⠀⠽⠀⠽⠀⠇⠀⠇⠀⠊⠀⠎⠀⠞⠀⠜⠀⠀⠀⠑⠀⠊&lt;/row&gt;
          &lt;row&gt;⠀&lt;/row&gt;
          &lt;row&gt;⠅⠀⠕⠀⠎⠀⠅⠀⠁⠀⠁⠀⠝⠀⠀⠀⠎⠀⠁⠀⠁⠀⠞⠀⠥&lt;/row&gt;
          &lt;row&gt;⠀&lt;/row&gt;
          &lt;row&gt;⠅⠀⠊⠀⠊⠀⠝⠀⠝⠀⠊⠄&lt;/row&gt;
          &lt;row&gt;⠀&lt;/row&gt;
          &lt;row&gt;⠀&lt;/row&gt;
          &lt;row&gt;⠤⠀⠀⠀⠠⠅⠀⠊⠀⠊⠀⠞⠀⠕⠀⠎&lt;/row&gt;
          &lt;row&gt;⠀&lt;/row&gt;
          &lt;row&gt;⠁⠀⠧⠀⠥⠀⠎⠀⠞⠀⠁⠂&lt;/row&gt;
          &lt;row&gt;⠀&lt;/row&gt;
          &lt;row&gt;⠠⠺⠀⠁⠀⠇⠀⠇⠀⠁⠀⠝⠀⠙⠀⠑⠀⠗&lt;/row&gt;
          &lt;row&gt;⠀&lt;/row&gt;
          &lt;row&gt;⠎⠀⠁⠀⠝⠀⠕⠀⠊⠄&lt;/row&gt;
          &lt;row&gt;⠀&lt;/row&gt;
          &lt;row/&gt;
        &lt;/page&gt;
        &lt;page&gt;
          &lt;row&gt;⠀⠀⠀⠀⠀⠀⠀⠀⠀⠀⠀⠀⠀⠀⠀⠀⠀⠀⠀⠀⠀⠀⠀⠀⠀⠀⠼⠁⠋⠊&lt;/row&gt;
          &lt;row&gt;⠤⠀⠀⠀⠠⠏⠀⠁⠀⠇⠀⠁⠀⠁⠀⠝&lt;/row&gt;
          &lt;row&gt;⠀&lt;/row&gt;
          &lt;row&gt;⠁⠀⠎⠀⠊⠀⠁⠀⠁⠀⠝⠄&lt;/row&gt;
          &lt;row&gt;⠀&lt;/row&gt;
          &lt;row&gt;⠀&lt;/row&gt;
          &lt;row&gt;⠠⠺⠀⠁⠀⠇⠀⠇⠀⠁⠀⠝⠀⠙⠀⠑⠀⠗&lt;/row&gt;
          &lt;row&gt;⠀&lt;/row&gt;
          &lt;row&gt;⠇⠀⠁⠀⠎⠀⠅⠀⠊&lt;/row&gt;
          &lt;row&gt;⠀&lt;/row&gt;
          &lt;row&gt;⠏⠀⠥⠀⠓⠀⠑⠀⠇⠀⠊⠀⠍⠀⠑⠀⠝&lt;/row&gt;
          &lt;row&gt;⠀&lt;/row&gt;
          &lt;row&gt;⠅⠀⠥⠀⠥⠀⠇⠀⠕⠀⠅⠀⠅⠀⠑⠀⠑⠀⠝⠄&lt;/row&gt;
          &lt;row&gt;⠀&lt;/row&gt;
          &lt;row&gt;⠠⠎⠀⠊⠀⠞⠀⠞⠀⠑⠀⠝⠀⠀⠀⠓⠀⠜⠀⠝&lt;/row&gt;
          &lt;row&gt;⠀&lt;/row&gt;
          &lt;row&gt;⠝⠀⠕⠀⠥⠀⠎⠀⠊⠀⠀⠀⠚⠀⠁⠀⠀⠀⠍⠀⠑⠀⠝⠀⠊&lt;/row&gt;
          &lt;row&gt;⠀&lt;/row&gt;
          &lt;row&gt;⠊⠀⠅⠀⠅⠀⠥⠀⠝⠀⠁⠀⠝⠀⠀⠀⠇⠀⠥⠀⠕⠄&lt;/row&gt;
          &lt;row&gt;⠀&lt;/row&gt;
          &lt;row&gt;⠠⠊⠀⠅⠀⠅⠀⠥⠀⠝⠀⠁⠀⠇⠀⠁⠀⠎⠀⠊⠀⠀⠀⠕⠀⠇⠀⠊&lt;/row&gt;
          &lt;row&gt;⠀&lt;/row&gt;
          &lt;row&gt;⠓⠀⠥⠀⠥⠀⠗⠀⠥⠀⠎⠀⠎⠀⠁⠄&lt;/row&gt;
          &lt;row&gt;⠀&lt;/row&gt;
          &lt;row&gt;⠠⠥⠀⠇⠀⠅⠀⠕⠀⠝⠀⠁⠀⠀⠀⠎⠀⠁⠀⠞⠀⠕⠀⠊&lt;/row&gt;
          &lt;row&gt;⠀&lt;/row&gt;
          &lt;row&gt;⠗⠀⠁⠀⠝⠀⠅⠀⠁⠀⠎⠀⠞⠀⠊⠄&lt;/row&gt;
        &lt;/page&gt;
        &lt;page&gt;
          &lt;row&gt;⠀⠀⠀⠀⠀⠀⠀⠀⠀⠀⠀⠀⠀⠀⠀⠀⠀⠀⠀⠀⠀⠀⠀⠀⠀⠀⠼⠁⠛⠚&lt;/row&gt;
          &lt;row&gt;⠠⠓⠀⠜⠀⠝⠀⠀⠀⠎⠀⠑⠀⠊⠀⠎⠀⠕⠀⠊&lt;/row&gt;
          &lt;row&gt;⠀&lt;/row&gt;
          &lt;row&gt;⠓⠀⠑⠀⠞⠀⠅⠀⠑⠀⠝⠀⠀⠀⠊⠀⠅⠀⠅⠀⠥⠀⠝⠀⠁⠀⠝&lt;/row&gt;
          &lt;row&gt;⠀&lt;/row&gt;
          &lt;row&gt;⠜⠀⠜⠀⠗⠀⠑⠀⠎⠀⠎⠀⠜⠀⠀⠀⠚⠀⠁&lt;/row&gt;
          &lt;row&gt;⠀&lt;/row&gt;
          &lt;row&gt;⠍⠀⠊⠀⠑⠀⠞⠀⠞⠀⠊⠄&lt;/row&gt;
          &lt;row&gt;⠀&lt;/row&gt;
          &lt;row&gt;⠀&lt;/row&gt;
          &lt;row&gt;⠠⠎⠀⠑⠀⠝⠀⠀⠀⠚⠀⠜⠀⠇⠀⠅⠀⠑⠀⠑⠀⠝&lt;/row&gt;
          &lt;row&gt;⠀&lt;/row&gt;
          &lt;row&gt;⠓⠀⠜⠀⠝⠀⠀⠀⠎⠀⠕⠀⠊⠀⠞⠀⠞⠀⠊&lt;/row&gt;
          &lt;row&gt;⠀&lt;/row&gt;
          &lt;row&gt;⠠⠓⠀⠁⠀⠝⠀⠎⠀⠎⠀⠕⠀⠝⠀⠊⠀⠇⠀⠇⠀⠑⠀⠀⠀⠚⠀⠁&lt;/row&gt;
          &lt;row&gt;⠀&lt;/row&gt;
          &lt;row&gt;⠠⠁⠀⠝⠀⠝⠀⠤⠠⠃⠀⠗⠀⠊⠀⠞⠀⠞&lt;/row&gt;
          &lt;row&gt;⠀&lt;/row&gt;
          &lt;row&gt;⠠⠓⠀⠪⠀⠛⠀⠇⠀⠥⠀⠝⠀⠙⠀⠊⠀⠇⠀⠇⠀⠑&lt;/row&gt;
          &lt;row&gt;⠀&lt;/row&gt;
          &lt;row&gt;⠚⠀⠁⠀⠀⠀⠏⠀⠽⠀⠽⠀⠎⠀⠊⠀⠀⠀⠓⠀⠑⠀⠊⠀⠞⠀⠜&lt;/row&gt;
          &lt;row&gt;⠀&lt;/row&gt;
          &lt;row&gt;⠞⠀⠥⠀⠇⠀⠑⠀⠍⠀⠁⠀⠁⠀⠝&lt;/row&gt;
          &lt;row&gt;⠀&lt;/row&gt;
          &lt;row&gt;⠓⠀⠥⠀⠕⠀⠝⠀⠑⠀⠑⠀⠎⠀⠑⠀⠑⠀⠝⠀⠎⠀⠁⠄&lt;/row&gt;
          &lt;row&gt;⠀&lt;/row&gt;
          &lt;row/&gt;
        &lt;/page&gt;
        &lt;page&gt;
          &lt;row&gt;⠀⠀⠀⠀⠀⠀⠀⠀⠀⠀⠀⠀⠀⠀⠀⠀⠀⠀⠀⠀⠀⠀⠀⠀⠀⠀⠼⠁⠛⠁&lt;/row&gt;
          &lt;row&gt;⠠⠏⠀⠁⠀⠗⠀⠊⠀⠝⠀⠀⠀⠍⠀⠊⠀⠝⠀⠥⠀⠥⠀⠞⠀⠊⠀⠝&lt;/row&gt;
          &lt;row&gt;⠀&lt;/row&gt;
          &lt;row&gt;⠏⠀⠜⠀⠜⠀⠎⠀⠞⠀⠜&lt;/row&gt;
          &lt;row&gt;⠀&lt;/row&gt;
          &lt;row&gt;⠍⠀⠕⠀⠇⠀⠑⠀⠍⠀⠍⠀⠁⠀⠞&lt;/row&gt;
          &lt;row&gt;⠀&lt;/row&gt;
          &lt;row&gt;⠕⠀⠇⠀⠊⠀⠧⠀⠁⠀⠞&lt;/row&gt;
          &lt;row&gt;⠀&lt;/row&gt;
          &lt;row&gt;⠏⠀⠁⠀⠊⠀⠅⠀⠁⠀⠇⠀⠇⠀⠁⠄&lt;/row&gt;
          &lt;row&gt;⠀&lt;/row&gt;
          &lt;row&gt;⠀&lt;/row&gt;
          &lt;row&gt;⠠⠺⠀⠁⠀⠇⠀⠇⠀⠁⠀⠝⠀⠙⠀⠑⠀⠗&lt;/row&gt;
          &lt;row&gt;⠀&lt;/row&gt;
          &lt;row&gt;⠅⠀⠑⠀⠗⠀⠞⠀⠕⠀⠊⠂⠀⠀⠀⠍⠀⠊⠀⠞⠀⠜&lt;/row&gt;
          &lt;row&gt;⠀&lt;/row&gt;
          &lt;row&gt;⠓⠀⠜⠀⠝⠀⠀⠀⠕⠀⠇⠀⠊⠀⠀⠀⠎⠀⠁⠀⠁⠀⠝⠀⠥⠀⠞&lt;/row&gt;
          &lt;row&gt;⠀&lt;/row&gt;
          &lt;row&gt;⠞⠀⠊⠀⠑⠀⠞⠀⠜⠀⠜⠄&lt;/row&gt;
          &lt;row&gt;⠀&lt;/row&gt;
          &lt;row&gt;⠠⠅⠀⠁⠀⠚⠀⠎⠀⠁&lt;/row&gt;
          &lt;row&gt;⠀&lt;/row&gt;
          &lt;row&gt;⠠⠎⠀⠞⠀⠑⠀⠝⠀⠓⠀⠕⠀⠇⠀⠍⠀⠀⠀⠕⠀⠇⠀⠊&lt;/row&gt;
          &lt;row&gt;⠀&lt;/row&gt;
          &lt;row&gt;⠓⠀⠕⠀⠊⠀⠞⠀⠁⠀⠝⠀⠥⠀⠞&lt;/row&gt;
          &lt;row&gt;⠀&lt;/row&gt;
          &lt;row&gt;⠞⠀⠥⠀⠞⠀⠅⠀⠊⠀⠍⠀⠥⠀⠅⠀⠎⠀⠑⠀⠞⠂&lt;/row&gt;
        &lt;/page&gt;
        &lt;page&gt;
          &lt;row&gt;⠀⠀⠀⠀⠀⠀⠀⠀⠀⠀⠀⠀⠀⠀⠀⠀⠀⠀⠀⠀⠀⠀⠀⠀⠀⠀⠼⠁⠛⠃&lt;/row&gt;
          &lt;row&gt;⠚⠀⠕⠀⠞⠀⠅⠀⠁⠀⠀⠀⠅⠀⠕⠀⠎⠀⠅⠀⠊⠀⠧⠀⠁⠀⠞&lt;/row&gt;
          &lt;row&gt;⠀&lt;/row&gt;
          &lt;row&gt;⠠⠁⠀⠇⠀⠑⠀⠭⠀⠁⠀⠝⠀⠙⠀⠑⠀⠗⠀⠎⠀⠤&lt;/row&gt;
          &lt;row&gt;⠀&lt;/row&gt;
          &lt;row&gt;⠎⠀⠕⠀⠝⠀⠊⠀⠝⠀⠀⠀⠏⠀⠕⠀⠚⠀⠁⠀⠝&lt;/row&gt;
          &lt;row&gt;⠀&lt;/row&gt;
          &lt;row&gt;⠅⠀⠥⠀⠕⠀⠇⠀⠑⠀⠍⠀⠁⠀⠁⠄&lt;/row&gt;
          &lt;row&gt;⠀&lt;/row&gt;
          &lt;row&gt;⠀&lt;/row&gt;
          &lt;row&gt;⠤⠀⠀⠀⠠⠍⠀⠥⠀⠞⠀⠞⠀⠁⠀⠀⠀⠎⠀⠑⠀⠀⠀⠑⠀⠊&lt;/row&gt;
          &lt;row&gt;⠀&lt;/row&gt;
          &lt;row&gt;⠧⠀⠜⠀⠇⠀⠞⠀⠞⠀⠜⠀⠍⠀⠜⠀⠞⠀⠞⠀⠜&lt;/row&gt;
          &lt;row&gt;⠀&lt;/row&gt;
          &lt;row&gt;⠞⠀⠁⠀⠗⠀⠅⠀⠕⠀⠊⠀⠞⠀⠁⠂⠀⠀⠑⠀⠞⠀⠞⠀⠜&lt;/row&gt;
          &lt;row&gt;⠀&lt;/row&gt;
          &lt;row&gt;⠝⠀⠁⠀⠊⠀⠎⠀⠑⠀⠇⠀⠇⠀⠁⠀⠀⠀⠕⠀⠇⠀⠊⠀⠎⠀⠊&lt;/row&gt;
          &lt;row&gt;⠀&lt;/row&gt;
          &lt;row&gt;⠚⠀⠕⠀⠞⠀⠁⠀⠊⠀⠝&lt;/row&gt;
          &lt;row&gt;⠀&lt;/row&gt;
          &lt;row&gt;⠞⠀⠑⠀⠅⠀⠑⠀⠍⠀⠊⠀⠎⠀⠞⠀⠜&lt;/row&gt;
          &lt;row&gt;⠀&lt;/row&gt;
          &lt;row&gt;⠏⠀⠕⠀⠚⠀⠁⠀⠝⠀⠀⠀⠊⠀⠎⠀⠜⠀⠝&lt;/row&gt;
          &lt;row&gt;⠀&lt;/row&gt;
          &lt;row&gt;⠅⠀⠥⠀⠕⠀⠇⠀⠑⠀⠍⠀⠁⠀⠝&lt;/row&gt;
          &lt;row&gt;⠀&lt;/row&gt;
          &lt;row&gt;⠅⠀⠁⠀⠝⠀⠎⠀⠎⠀⠁⠄&lt;/row&gt;
        &lt;/page&gt;
        &lt;page&gt;
          &lt;row&gt;⠀⠀⠀⠀⠀⠀⠀⠀⠀⠀⠀⠀⠀⠀⠀⠀⠀⠀⠀⠀⠀⠀⠀⠀⠀⠀⠼⠁⠛⠉&lt;/row&gt;
          &lt;row&gt;⠠⠎⠀⠊⠀⠝⠀⠜⠀⠓⠀⠜⠀⠝&lt;/row&gt;
          &lt;row&gt;⠀&lt;/row&gt;
          &lt;row&gt;⠅⠀⠑⠀⠗⠀⠗⠀⠕⠀⠊⠀⠞⠂⠀⠀⠀⠑⠀⠞⠀⠞⠀⠜&lt;/row&gt;
          &lt;row&gt;⠀&lt;/row&gt;
          &lt;row&gt;⠝⠀⠁⠀⠊⠀⠝⠀⠑⠀⠝⠀⠀⠀⠕⠀⠝&lt;/row&gt;
          &lt;row&gt;⠀&lt;/row&gt;
          &lt;row&gt;⠅⠀⠥⠀⠕⠀⠇⠀⠑⠀⠍⠀⠁⠀⠝⠀⠎⠀⠁⠀⠊⠀⠗⠀⠁⠀⠎⠂&lt;/row&gt;
          &lt;row&gt;⠀&lt;/row&gt;
          &lt;row&gt;⠠⠁⠀⠝⠀⠝⠀⠤⠠⠃⠀⠗⠀⠊⠀⠞⠀⠞&lt;/row&gt;
          &lt;row&gt;⠀&lt;/row&gt;
          &lt;row&gt;⠠⠓⠀⠪⠀⠛⠀⠇⠀⠥⠀⠝⠀⠙⠀⠀⠀⠎⠀⠁⠀⠝⠀⠕⠀⠊⠄&lt;/row&gt;
          &lt;row&gt;⠀&lt;/row&gt;
          &lt;row&gt;⠀&lt;/row&gt;
          &lt;row&gt;⠤⠀⠀⠀⠠⠓⠀⠜⠀⠝⠀⠑⠀⠝&lt;/row&gt;
          &lt;row&gt;⠀&lt;/row&gt;
          &lt;row&gt;⠍⠀⠊⠀⠑⠀⠓⠀⠑⠀⠝⠀⠎⠀⠜&lt;/row&gt;
          &lt;row&gt;⠀&lt;/row&gt;
          &lt;row&gt;⠧⠀⠜⠀⠊⠀⠞⠀⠞⠀⠊⠀⠀⠀⠝⠀⠊⠀⠊⠀⠝⠂&lt;/row&gt;
          &lt;row&gt;⠀&lt;/row&gt;
          &lt;row&gt;⠠⠺⠀⠁⠀⠇⠀⠇⠀⠁⠀⠝⠀⠙⠀⠑⠀⠗&lt;/row&gt;
          &lt;row&gt;⠀&lt;/row&gt;
          &lt;row&gt;⠎⠀⠁⠀⠝⠀⠕⠀⠊⠄&lt;/row&gt;
          &lt;row&gt;⠀&lt;/row&gt;
          &lt;row&gt;⠤⠀⠀⠀⠠⠑⠀⠝⠀⠀⠀⠕⠀⠇⠀⠑⠀⠀⠀⠊⠀⠞⠀⠎⠀⠑&lt;/row&gt;
          &lt;row&gt;⠀&lt;/row&gt;
          &lt;row&gt;⠞⠀⠁⠀⠧⠀⠁⠀⠝⠀⠝⠀⠥⠀⠞&lt;/row&gt;
        &lt;/page&gt;
        &lt;page&gt;
          &lt;row&gt;⠀⠀⠀⠀⠀⠀⠀⠀⠀⠀⠀⠀⠀⠀⠀⠀⠀⠀⠀⠀⠀⠀⠀⠀⠀⠀⠼⠁⠛⠙&lt;/row&gt;
          &lt;row&gt;⠝⠀⠁⠀⠊⠀⠎⠀⠞⠀⠁⠄&lt;/row&gt;
          &lt;row&gt;⠀&lt;/row&gt;
          &lt;row&gt;⠀&lt;/row&gt;
          &lt;row&gt;⠤⠀⠀⠀⠠⠑⠀⠝⠀⠀⠀⠞⠀⠊⠀⠑⠀⠙⠀⠜⠂&lt;/row&gt;
          &lt;row&gt;⠀&lt;/row&gt;
          &lt;row&gt;⠍⠀⠊⠀⠞⠀⠜⠀⠀⠀⠥⠀⠎⠀⠅⠀⠕⠀⠁⠄&lt;/row&gt;
          &lt;row&gt;⠀&lt;/row&gt;
          &lt;row&gt;⠠⠑⠀⠝⠀⠀⠀⠽⠀⠍⠀⠍⠀⠜⠀⠗⠀⠗⠀⠜⠂&lt;/row&gt;
          &lt;row&gt;⠀&lt;/row&gt;
          &lt;row&gt;⠍⠀⠊⠀⠞⠀⠑⠀⠝⠀⠀⠀⠁⠀⠎⠀⠊⠀⠁⠀⠞&lt;/row&gt;
          &lt;row&gt;⠀&lt;/row&gt;
          &lt;row&gt;⠇⠀⠊⠀⠊⠀⠞⠀⠞⠀⠽⠀⠧⠀⠜⠀⠞&lt;/row&gt;
          &lt;row&gt;⠀&lt;/row&gt;
          &lt;row&gt;⠽⠀⠓⠀⠞⠀⠑⠀⠑⠀⠝⠂&lt;/row&gt;
          &lt;row&gt;⠀&lt;/row&gt;
          &lt;row&gt;⠠⠓⠀⠁⠀⠝⠀⠎⠀⠎⠀⠕⠀⠝⠀⠀⠀⠎⠀⠁⠀⠝⠀⠕⠀⠊⠄&lt;/row&gt;
          &lt;row&gt;⠀&lt;/row&gt;
          &lt;row&gt;⠠⠺⠀⠁⠀⠇⠀⠇⠀⠁⠀⠝⠀⠙⠀⠑⠀⠗&lt;/row&gt;
          &lt;row&gt;⠀&lt;/row&gt;
          &lt;row&gt;⠞⠀⠕⠀⠞⠀⠑⠀⠎⠀⠊⠒&lt;/row&gt;
          &lt;row&gt;⠀&lt;/row&gt;
          &lt;row&gt;⠤⠀⠀⠀⠠⠎⠀⠑⠀⠀⠀⠎⠀⠑⠀⠇⠀⠧⠀⠊⠀⠜⠀⠜&lt;/row&gt;
          &lt;row&gt;⠀&lt;/row&gt;
          &lt;row&gt;⠧⠀⠁⠀⠊⠀⠝⠀⠀⠀⠽⠀⠓⠀⠙⠀⠑⠀⠇⠀⠇⠀⠜&lt;/row&gt;
          &lt;row&gt;⠀&lt;/row&gt;
          &lt;row&gt;⠞⠀⠁⠀⠧⠀⠁⠀⠇⠀⠇⠀⠁⠄&lt;/row&gt;
        &lt;/page&gt;
        &lt;page&gt;
          &lt;row&gt;⠀⠀⠀⠀⠀⠀⠀⠀⠀⠀⠀⠀⠀⠀⠀⠀⠀⠀⠀⠀⠀⠀⠀⠀⠀⠀⠼⠁⠛⠑&lt;/row&gt;
          &lt;row&gt;⠠⠍⠀⠊⠀⠝⠀⠜⠀⠀⠀⠚⠀⠁⠀⠀⠀⠠⠁⠀⠝⠀⠝⠀⠤&lt;/row&gt;
          &lt;row&gt;⠀&lt;/row&gt;
          &lt;row&gt;⠠⠃⠀⠗⠀⠊⠀⠞⠀⠞⠀⠀⠀⠇⠀⠜⠀⠓⠀⠙⠀⠑⠀⠍⠀⠍⠀⠑&lt;/row&gt;
          &lt;row&gt;⠀&lt;/row&gt;
          &lt;row&gt;⠠⠎⠀⠧⠀⠁⠀⠗⠀⠞⠀⠑⠀⠑⠀⠝&lt;/row&gt;
          &lt;row&gt;⠀&lt;/row&gt;
          &lt;row&gt;⠠⠎⠀⠞⠀⠑⠀⠝⠀⠓⠀⠕⠀⠇⠀⠍⠀⠊⠀⠑⠀⠝&lt;/row&gt;
          &lt;row&gt;⠀&lt;/row&gt;
          &lt;row&gt;⠇⠀⠥⠀⠕⠀⠀⠀⠚⠀⠁&lt;/row&gt;
          &lt;row&gt;⠀&lt;/row&gt;
          &lt;row&gt;⠎⠀⠑⠀⠇⠀⠧⠀⠊⠀⠞⠀⠜⠀⠍⠀⠍⠀⠑⠂&lt;/row&gt;
          &lt;row&gt;⠀&lt;/row&gt;
          &lt;row&gt;⠍⠀⠊⠀⠞⠀⠜&lt;/row&gt;
          &lt;row&gt;⠀&lt;/row&gt;
          &lt;row&gt;⠕⠀⠊⠀⠅⠀⠑⠀⠁⠀⠎⠀⠞⠀⠁⠀⠁⠀⠝&lt;/row&gt;
          &lt;row&gt;⠀&lt;/row&gt;
          &lt;row&gt;⠞⠀⠁⠀⠏⠀⠁⠀⠓⠀⠞⠀⠥⠀⠊⠄&lt;/row&gt;
          &lt;row&gt;⠀&lt;/row&gt;
          &lt;row&gt;⠀&lt;/row&gt;
          &lt;row&gt;⠀&lt;/row&gt;
          &lt;row&gt;⠀&lt;/row&gt;
          &lt;row&gt;⠀&lt;/row&gt;
          &lt;row&gt;⠀&lt;/row&gt;
          &lt;row&gt;⠀&lt;/row&gt;
          &lt;row&gt;⠀&lt;/row&gt;
          &lt;row/&gt;
        &lt;/page&gt;
        &lt;page&gt;
          &lt;row&gt;⠀⠀⠀⠀⠀⠀⠀⠀⠀⠀⠀⠀⠀⠀⠀⠀⠀⠀⠀⠀⠀⠀⠀⠀⠀⠀⠼⠁⠛⠋&lt;/row&gt;
          &lt;row&gt;⠼⠋⠄&lt;/row&gt;
          &lt;row&gt;⠀&lt;/row&gt;
          &lt;row&gt;⠀&lt;/row&gt;
          &lt;row&gt;⠠⠅⠀⠥⠀⠗⠀⠞&lt;/row&gt;
          &lt;row&gt;⠀&lt;/row&gt;
          &lt;row&gt;⠠⠺⠀⠁⠀⠇⠀⠇⠀⠁⠀⠝⠀⠙⠀⠑⠀⠗⠀⠀⠀⠚⠀⠁&lt;/row&gt;
          &lt;row&gt;⠀&lt;/row&gt;
          &lt;row&gt;⠠⠁⠀⠝⠀⠝⠀⠤⠠⠃⠀⠗⠀⠊⠀⠞⠀⠞&lt;/row&gt;
          &lt;row&gt;⠀&lt;/row&gt;
          &lt;row&gt;⠠⠓⠀⠪⠀⠛⠀⠇⠀⠥⠀⠝⠀⠙&lt;/row&gt;
          &lt;row&gt;⠀&lt;/row&gt;
          &lt;row&gt;⠁⠀⠚⠀⠕⠀⠊⠀⠧⠀⠁⠀⠞&lt;/row&gt;
          &lt;row&gt;⠀&lt;/row&gt;
          &lt;row&gt;⠠⠎⠀⠧⠀⠁⠀⠗⠀⠞⠀⠑⠀⠑⠀⠝⠄&lt;/row&gt;
          &lt;row&gt;⠀&lt;/row&gt;
          &lt;row&gt;⠠⠺⠀⠁⠀⠇⠀⠇⠀⠁⠀⠝⠀⠙⠀⠑⠀⠗&lt;/row&gt;
          &lt;row&gt;⠀&lt;/row&gt;
          &lt;row&gt;⠏⠀⠽⠀⠎⠀⠜⠀⠅⠀⠪⠀⠊&lt;/row&gt;
          &lt;row&gt;⠀&lt;/row&gt;
          &lt;row&gt;⠠⠎⠀⠞⠀⠑⠀⠝⠀⠓⠀⠕⠀⠇⠀⠍⠀⠊⠀⠑⠀⠝&lt;/row&gt;
          &lt;row&gt;⠀&lt;/row&gt;
          &lt;row&gt;⠓⠀⠥⠀⠧⠀⠊⠀⠇⠀⠁⠀⠝⠀⠀⠀⠑⠀⠞⠀⠑⠀⠑⠀⠝⠄&lt;/row&gt;
          &lt;row&gt;⠀&lt;/row&gt;
          &lt;row&gt;⠠⠓⠀⠜⠀⠝⠀⠀⠀⠁⠀⠧⠀⠁⠀⠎⠀⠊&lt;/row&gt;
          &lt;row&gt;⠀&lt;/row&gt;
          &lt;row&gt;⠏⠀⠕⠀⠗⠀⠞⠀⠊⠀⠝⠂⠀⠀⠀⠚⠀⠁⠀⠀⠀⠓⠀⠑&lt;/row&gt;
        &lt;/page&gt;
        &lt;page&gt;
          &lt;row&gt;⠀⠀⠀⠀⠀⠀⠀⠀⠀⠀⠀⠀⠀⠀⠀⠀⠀⠀⠀⠀⠀⠀⠀⠀⠀⠀⠼⠁⠛⠛&lt;/row&gt;
          &lt;row&gt;⠅⠀⠜⠀⠧⠀⠑⠀⠇⠀⠊⠀⠧⠀⠜⠀⠞&lt;/row&gt;
          &lt;row&gt;⠀&lt;/row&gt;
          &lt;row&gt;⠏⠀⠊⠀⠓⠀⠁⠀⠝⠀⠀⠀⠽⠀⠇⠀⠊&lt;/row&gt;
          &lt;row&gt;⠀&lt;/row&gt;
          &lt;row&gt;⠞⠀⠁⠀⠇⠀⠕⠀⠇⠀⠇⠀⠑⠄&lt;/row&gt;
          &lt;row&gt;⠀&lt;/row&gt;
          &lt;row&gt;⠠⠺⠀⠁⠀⠇⠀⠇⠀⠁⠀⠝⠀⠙⠀⠑⠀⠗&lt;/row&gt;
          &lt;row&gt;⠀&lt;/row&gt;
          &lt;row&gt;⠎⠀⠕⠀⠊⠀⠞⠀⠞⠀⠊&lt;/row&gt;
          &lt;row&gt;⠀&lt;/row&gt;
          &lt;row&gt;⠕⠀⠧⠀⠊⠀⠅⠀⠑⠀⠇⠀⠇⠀⠕⠀⠁⠄&lt;/row&gt;
          &lt;row&gt;⠀&lt;/row&gt;
          &lt;row&gt;⠠⠧⠀⠁⠀⠝⠀⠓⠀⠁⠀⠀⠀⠇⠀⠜⠀⠜⠀⠅⠀⠜⠀⠗⠀⠊&lt;/row&gt;
          &lt;row&gt;⠀&lt;/row&gt;
          &lt;row&gt;⠠⠎⠀⠞⠀⠑⠀⠝⠀⠓⠀⠕⠀⠇⠀⠍⠀⠀⠀⠁⠀⠧⠀⠁⠀⠎⠀⠊&lt;/row&gt;
          &lt;row&gt;⠀&lt;/row&gt;
          &lt;row&gt;⠕⠀⠧⠀⠑⠀⠝⠀⠀⠀⠓⠀⠑⠀⠞⠀⠊⠄&lt;/row&gt;
          &lt;row&gt;⠀&lt;/row&gt;
          &lt;row&gt;⠠⠅⠀⠥⠀⠍⠀⠍⠀⠁⠀⠀⠀⠅⠀⠽⠀⠇⠀⠇⠀⠜⠂&lt;/row&gt;
          &lt;row&gt;⠀&lt;/row&gt;
          &lt;row&gt;⠅⠀⠕⠀⠊⠀⠗⠀⠁⠀⠁⠀⠀⠀⠑⠀⠊&lt;/row&gt;
          &lt;row&gt;⠀&lt;/row&gt;
          &lt;row&gt;⠝⠀⠜⠀⠅⠀⠽⠀⠝⠀⠽⠀⠞⠄&lt;/row&gt;
          &lt;row&gt;⠀&lt;/row&gt;
          &lt;row&gt;⠀&lt;/row&gt;
          &lt;row/&gt;
        &lt;/page&gt;
        &lt;page&gt;
          &lt;row&gt;⠀⠀⠀⠀⠀⠀⠀⠀⠀⠀⠀⠀⠀⠀⠀⠀⠀⠀⠀⠀⠀⠀⠀⠀⠀⠀⠼⠁⠛⠓&lt;/row&gt;
          &lt;row&gt;⠠⠞⠀⠕⠀⠊⠀⠧⠀⠕⠀⠞⠀⠞⠀⠁⠀⠧⠀⠁⠀⠎⠀⠞⠀⠊&lt;/row&gt;
          &lt;row&gt;⠀&lt;/row&gt;
          &lt;row&gt;⠑⠀⠍⠀⠍⠀⠑⠀⠀⠀⠓⠀⠜⠀⠊⠀⠗⠀⠊⠀⠞⠀⠎⠀⠑⠂&lt;/row&gt;
          &lt;row&gt;⠀&lt;/row&gt;
          &lt;row&gt;⠠⠺⠀⠁⠀⠇⠀⠇⠀⠁⠀⠝⠀⠙⠀⠑⠀⠗&lt;/row&gt;
          &lt;row&gt;⠀&lt;/row&gt;
          &lt;row&gt;⠎⠀⠁⠀⠝⠀⠕⠀⠊⠄⠀⠀⠀⠤&lt;/row&gt;
          &lt;row&gt;⠀&lt;/row&gt;
          &lt;row&gt;⠠⠍⠀⠑⠀⠊⠀⠙⠀⠜⠀⠝⠀⠀⠀⠏⠀⠊⠀⠞⠀⠜⠀⠜&lt;/row&gt;
          &lt;row&gt;⠀&lt;/row&gt;
          &lt;row&gt;⠑⠀⠎⠀⠊⠀⠞⠀⠞⠀⠜⠀⠜&lt;/row&gt;
          &lt;row&gt;⠀&lt;/row&gt;
          &lt;row&gt;⠚⠀⠕⠀⠊⠀⠞⠀⠁⠀⠅⠀⠊⠀⠝&lt;/row&gt;
          &lt;row&gt;⠀&lt;/row&gt;
          &lt;row&gt;⠅⠀⠽⠀⠎⠀⠽⠀⠍⠀⠽⠀⠅⠀⠎⠀⠊⠀⠜⠄&lt;/row&gt;
          &lt;row&gt;⠀&lt;/row&gt;
          &lt;row&gt;⠀&lt;/row&gt;
          &lt;row&gt;⠤⠀⠀⠀⠠⠍⠀⠊⠀⠎⠀⠞⠀⠜&lt;/row&gt;
          &lt;row&gt;⠀&lt;/row&gt;
          &lt;row&gt;⠁⠀⠎⠀⠊⠀⠁⠀⠎⠀⠞⠀⠁⠢⠀⠀⠀⠠⠞⠀⠥⠀⠗⠀⠑&lt;/row&gt;
          &lt;row&gt;⠀&lt;/row&gt;
          &lt;row&gt;⠠⠎⠀⠞⠀⠑⠀⠝⠀⠓⠀⠕⠀⠇⠀⠍⠀⠀⠀⠅⠀⠽⠀⠎⠀⠽⠀⠊&lt;/row&gt;
          &lt;row&gt;⠀&lt;/row&gt;
          &lt;row&gt;⠜⠀⠅⠀⠜⠀⠊⠀⠎⠀⠑⠀⠝⠀⠜⠄&lt;/row&gt;
          &lt;row&gt;⠀&lt;/row&gt;
          &lt;row/&gt;
        &lt;/page&gt;
        &lt;page&gt;
          &lt;row&gt;⠀⠀⠀⠀⠀⠀⠀⠀⠀⠀⠀⠀⠀⠀⠀⠀⠀⠀⠀⠀⠀⠀⠀⠀⠀⠀⠼⠁⠛⠊&lt;/row&gt;
          &lt;row&gt;⠠⠓⠀⠜⠀⠝⠀⠀⠀⠝⠀⠜⠀⠽⠀⠞⠀⠞⠀⠊&lt;/row&gt;
          &lt;row&gt;⠀&lt;/row&gt;
          &lt;row&gt;⠜⠀⠗⠀⠞⠀⠽⠀⠝⠀⠑⠀⠑⠀⠇⠀⠞⠀⠜⠀⠀⠀⠚⠀⠁&lt;/row&gt;
          &lt;row&gt;⠀&lt;/row&gt;
          &lt;row&gt;⠏⠀⠑⠀⠇⠀⠕⠀⠅⠀⠅⠀⠁⠀⠁⠀⠇⠀⠞⠀⠁⠄&lt;/row&gt;
          &lt;row&gt;⠀&lt;/row&gt;
          &lt;row&gt;⠀&lt;/row&gt;
          &lt;row&gt;⠤⠀⠀⠀⠠⠅⠀⠽⠀⠎⠀⠽⠀⠊⠀⠎⠀⠊⠀⠝&lt;/row&gt;
          &lt;row&gt;⠀&lt;/row&gt;
          &lt;row&gt;⠧⠀⠊⠀⠑⠀⠇⠀⠜⠀⠀⠀⠗⠀⠁⠀⠝⠀⠝⠀⠁⠀⠇⠀⠇⠀⠁&lt;/row&gt;
          &lt;row&gt;⠀&lt;/row&gt;
          &lt;row&gt;⠅⠀⠜⠀⠧⠀⠑⠀⠇⠀⠇⠀⠑⠀⠑⠀⠎⠀⠞⠀⠜&lt;/row&gt;
          &lt;row&gt;⠀&lt;/row&gt;
          &lt;row&gt;⠍⠀⠊⠀⠑⠀⠓⠀⠑⠀⠎⠀⠞⠀⠜⠂&lt;/row&gt;
          &lt;row&gt;⠀&lt;/row&gt;
          &lt;row&gt;⠠⠺⠀⠁⠀⠇⠀⠇⠀⠁⠀⠝⠀⠙⠀⠑⠀⠗&lt;/row&gt;
          &lt;row&gt;⠀&lt;/row&gt;
          &lt;row&gt;⠎⠀⠁⠀⠝⠀⠕⠀⠊⠄&lt;/row&gt;
          &lt;row&gt;⠀&lt;/row&gt;
          &lt;row&gt;⠀&lt;/row&gt;
          &lt;row&gt;⠤⠀⠀⠀⠠⠕⠀⠇⠀⠑⠀⠝⠀⠀⠀⠚⠀⠕&lt;/row&gt;
          &lt;row&gt;⠀&lt;/row&gt;
          &lt;row&gt;⠎⠀⠁⠀⠝⠀⠕⠀⠝⠀⠥⠀⠞⠂⠀⠀⠀⠑⠀⠞⠀⠞⠀⠜&lt;/row&gt;
          &lt;row&gt;⠀&lt;/row&gt;
          &lt;row&gt;⠑⠀⠝⠀⠀⠀⠕⠀⠇⠀⠑⠀⠀⠀⠝⠀⠜⠀⠓⠀⠝⠀⠽⠀⠞&lt;/row&gt;
          &lt;row/&gt;
        &lt;/page&gt;
        &lt;page&gt;
          &lt;row&gt;⠀⠀⠀⠀⠀⠀⠀⠀⠀⠀⠀⠀⠀⠀⠀⠀⠀⠀⠀⠀⠀⠀⠀⠀⠀⠀⠼⠁⠓⠚&lt;/row&gt;
          &lt;row&gt;⠓⠀⠜⠀⠝⠀⠞⠀⠜⠂&lt;/row&gt;
          &lt;row&gt;⠀&lt;/row&gt;
          &lt;row&gt;⠠⠎⠀⠞⠀⠑⠀⠝⠀⠓⠀⠕⠀⠇⠀⠍⠀⠀⠀⠎⠀⠁⠀⠝⠀⠕⠀⠊⠄&lt;/row&gt;
          &lt;row&gt;⠀&lt;/row&gt;
          &lt;row&gt;⠀&lt;/row&gt;
          &lt;row&gt;⠤⠀⠀⠀⠠⠓⠀⠁⠀⠇⠀⠥⠀⠁⠀⠊⠀⠎⠀⠊⠀⠝&lt;/row&gt;
          &lt;row&gt;⠀&lt;/row&gt;
          &lt;row&gt;⠏⠀⠥⠀⠓⠀⠥⠀⠁⠀⠀⠀⠧⠀⠁⠀⠊⠀⠍⠀⠕⠀⠝⠀⠝⠀⠑&lt;/row&gt;
          &lt;row&gt;⠀&lt;/row&gt;
          &lt;row&gt;⠅⠀⠁⠀⠝⠀⠎⠀⠎⠀⠁⠂&lt;/row&gt;
          &lt;row&gt;⠀&lt;/row&gt;
          &lt;row&gt;⠠⠺⠀⠁⠀⠇⠀⠇⠀⠁⠀⠝⠀⠙⠀⠑⠀⠗&lt;/row&gt;
          &lt;row&gt;⠀&lt;/row&gt;
          &lt;row&gt;⠎⠀⠁⠀⠝⠀⠕⠀⠊⠄&lt;/row&gt;
          &lt;row&gt;⠀&lt;/row&gt;
          &lt;row&gt;⠀&lt;/row&gt;
          &lt;row&gt;⠤⠀⠀⠀⠠⠎⠀⠑⠀⠀⠀⠑⠀⠊⠀⠀⠀⠅⠀⠜⠀⠽⠂&lt;/row&gt;
          &lt;row&gt;⠀&lt;/row&gt;
          &lt;row&gt;⠠⠎⠀⠞⠀⠑⠀⠝⠀⠓⠀⠕⠀⠇⠀⠍&lt;/row&gt;
          &lt;row&gt;⠀&lt;/row&gt;
          &lt;row&gt;⠧⠀⠁⠀⠎⠀⠞⠀⠁⠀⠎⠀⠊⠄⠀⠀⠠⠓⠀⠜⠀⠝⠀⠀⠀⠕⠀⠝&lt;/row&gt;
          &lt;row&gt;⠀&lt;/row&gt;
          &lt;row&gt;⠧⠀⠁⠀⠅⠀⠁⠀⠧⠀⠁⠀⠎⠀⠞⠀⠊&lt;/row&gt;
          &lt;row&gt;⠀&lt;/row&gt;
          &lt;row&gt;⠎⠀⠁⠀⠊⠀⠗⠀⠁⠀⠎⠄&lt;/row&gt;
          &lt;row/&gt;
        &lt;/page&gt;
        &lt;page&gt;
          &lt;row&gt;⠀⠀⠀⠀⠀⠀⠀⠀⠀⠀⠀⠀⠀⠀⠀⠀⠀⠀⠀⠀⠀⠀⠀⠀⠀⠀⠼⠁⠓⠁&lt;/row&gt;
          &lt;row&gt;⠠⠓⠀⠜⠀⠝⠀⠀⠀⠍⠀⠁⠀⠅⠀⠁⠀⠁&lt;/row&gt;
          &lt;row&gt;⠀&lt;/row&gt;
          &lt;row&gt;⠎⠀⠜⠀⠝⠀⠛⠀⠽⠀⠎⠀⠎⠀⠜⠄&lt;/row&gt;
          &lt;row&gt;⠀&lt;/row&gt;
          &lt;row&gt;⠠⠍⠀⠊⠀⠞⠀⠜⠀⠀⠀⠓⠀⠜⠀⠝⠀⠀⠀⠕⠀⠇⠀⠊⠀⠎⠀⠊&lt;/row&gt;
          &lt;row&gt;⠀&lt;/row&gt;
          &lt;row&gt;⠝⠀⠜⠀⠓⠀⠝⠀⠽⠀⠞⠢&lt;/row&gt;
          &lt;row&gt;⠀&lt;/row&gt;
          &lt;row&gt;⠠⠍⠀⠊⠀⠅⠀⠎⠀⠊⠀⠀⠀⠞⠀⠑⠀⠀⠀⠑⠀⠞⠀⠞⠀⠑&lt;/row&gt;
          &lt;row&gt;⠀&lt;/row&gt;
          &lt;row&gt;⠚⠀⠜⠀⠞⠀⠜⠀⠀⠀⠍⠀⠑⠀⠊⠀⠞⠀⠜&lt;/row&gt;
          &lt;row&gt;⠀&lt;/row&gt;
          &lt;row&gt;⠗⠀⠁⠀⠥⠀⠓⠀⠁⠀⠁⠀⠝⠲&lt;/row&gt;
          &lt;row&gt;⠀&lt;/row&gt;
          &lt;row&gt;⠀&lt;/row&gt;
          &lt;row&gt;⠠⠺⠀⠁⠀⠇⠀⠇⠀⠁⠀⠝⠀⠙⠀⠑⠀⠗&lt;/row&gt;
          &lt;row&gt;⠀&lt;/row&gt;
          &lt;row&gt;⠝⠀⠽⠀⠪⠀⠅⠀⠅⠀⠜⠀⠎⠀⠊⠀⠀⠀⠚⠀⠁&lt;/row&gt;
          &lt;row&gt;⠀&lt;/row&gt;
          &lt;row&gt;⠎⠀⠁⠀⠝⠀⠕⠀⠊⠒&lt;/row&gt;
          &lt;row&gt;⠀&lt;/row&gt;
          &lt;row&gt;⠤⠀⠀⠀⠠⠑⠀⠍⠀⠍⠀⠑&lt;/row&gt;
          &lt;row&gt;⠀&lt;/row&gt;
          &lt;row&gt;⠓⠀⠜⠀⠊⠀⠗⠀⠊⠀⠞⠀⠎⠀⠑&lt;/row&gt;
          &lt;row&gt;⠀&lt;/row&gt;
          &lt;row&gt;⠑⠀⠝⠀⠑⠀⠍⠀⠏⠀⠜⠀⠜⠄&lt;/row&gt;
        &lt;/page&gt;
        &lt;page&gt;
          &lt;row&gt;⠀⠀⠀⠀⠀⠀⠀⠀⠀⠀⠀⠀⠀⠀⠀⠀⠀⠀⠀⠀⠀⠀⠀⠀⠀⠀⠼⠁⠓⠃&lt;/row&gt;
          &lt;row&gt;⠠⠑⠀⠍⠀⠍⠀⠑⠀⠀⠀⠁⠀⠊⠀⠝⠀⠁⠀⠅⠀⠁⠀⠁⠀⠝&lt;/row&gt;
          &lt;row&gt;⠀&lt;/row&gt;
          &lt;row&gt;⠝⠀⠽⠀⠞⠄&lt;/row&gt;
          &lt;row&gt;⠀&lt;/row&gt;
          &lt;row&gt;⠠⠍⠀⠥⠀⠞⠀⠞⠀⠁⠀⠀⠀⠍⠀⠑&lt;/row&gt;
          &lt;row&gt;⠀&lt;/row&gt;
          &lt;row&gt;⠞⠀⠥⠀⠇⠀⠑⠀⠍⠀⠍⠀⠑&lt;/row&gt;
          &lt;row&gt;⠀&lt;/row&gt;
          &lt;row&gt;⠞⠀⠁⠀⠅⠀⠁⠀⠊⠀⠎⠀⠊⠀⠝⠀⠀⠀⠚⠀⠁&lt;/row&gt;
          &lt;row&gt;⠀&lt;/row&gt;
          &lt;row&gt;⠎⠀⠊⠀⠇⠀⠇⠀⠕⠀⠊⠀⠝⠀⠀⠀⠞⠀⠑⠀⠊⠀⠙⠀⠜⠀⠝&lt;/row&gt;
          &lt;row&gt;⠀&lt;/row&gt;
          &lt;row&gt;⠏⠀⠊⠀⠞⠀⠜⠀⠜⠀⠀⠀⠏⠀⠜⠀⠜⠀⠎⠀⠞⠀⠜⠀⠜&lt;/row&gt;
          &lt;row&gt;⠀&lt;/row&gt;
          &lt;row&gt;⠍⠀⠑⠀⠊⠀⠙⠀⠜⠀⠞⠀⠀⠀⠎⠀⠊⠀⠎⠀⠜⠀⠜⠀⠝⠄&lt;/row&gt;
          &lt;row&gt;⠀&lt;/row&gt;
          &lt;row&gt;⠀&lt;/row&gt;
          &lt;row&gt;⠠⠺⠀⠁⠀⠇⠀⠇⠀⠁⠀⠝⠀⠙⠀⠑⠀⠗&lt;/row&gt;
          &lt;row&gt;⠀&lt;/row&gt;
          &lt;row&gt;⠝⠀⠽⠀⠅⠀⠜⠀⠊⠀⠎⠀⠊&lt;/row&gt;
          &lt;row&gt;⠀&lt;/row&gt;
          &lt;row&gt;⠠⠁⠀⠝⠀⠝⠀⠤⠠⠃⠀⠗⠀⠊⠀⠞⠀⠞&lt;/row&gt;
          &lt;row&gt;⠀&lt;/row&gt;
          &lt;row&gt;⠠⠓⠀⠪⠀⠛⠀⠇⠀⠥⠀⠝⠀⠙⠀⠊⠀⠁&lt;/row&gt;
          &lt;row&gt;⠀&lt;/row&gt;
          &lt;row&gt;⠅⠀⠜⠀⠎⠀⠊⠀⠧⠀⠁⠀⠗⠀⠗⠀⠑⠀⠎⠀⠞⠀⠁&lt;/row&gt;
        &lt;/page&gt;
        &lt;page&gt;
          &lt;row&gt;⠀⠀⠀⠀⠀⠀⠀⠀⠀⠀⠀⠀⠀⠀⠀⠀⠀⠀⠀⠀⠀⠀⠀⠀⠀⠀⠼⠁⠓⠉&lt;/row&gt;
          &lt;row&gt;⠚⠀⠁⠀⠀⠀⠓⠀⠑⠀⠀⠀⠁⠀⠇⠀⠅⠀⠕⠀⠊⠀⠧⠀⠁⠀⠞&lt;/row&gt;
          &lt;row&gt;⠀&lt;/row&gt;
          &lt;row&gt;⠅⠀⠜⠀⠧⠀⠑⠀⠇⠀⠇⠀⠜&lt;/row&gt;
          &lt;row&gt;⠀&lt;/row&gt;
          &lt;row&gt;⠏⠀⠕⠀⠗⠀⠞⠀⠞⠀⠊⠀⠁⠀⠀⠀⠅⠀⠕⠀⠓⠀⠞⠀⠊⠄&lt;/row&gt;
          &lt;row&gt;⠀&lt;/row&gt;
          &lt;row&gt;⠠⠕⠀⠧⠀⠊⠀⠀⠀⠓⠀⠑⠀⠊⠀⠙⠀⠜⠀⠝&lt;/row&gt;
          &lt;row&gt;⠀&lt;/row&gt;
          &lt;row&gt;⠞⠀⠁⠀⠅⠀⠁⠀⠝⠀⠁⠀⠁⠀⠝&lt;/row&gt;
          &lt;row&gt;⠀&lt;/row&gt;
          &lt;row&gt;⠏⠀⠁⠀⠍⠀⠁⠀⠓⠀⠞⠀⠊⠀⠀⠀⠅⠀⠊⠀⠊⠀⠝⠀⠝⠀⠊⠄&lt;/row&gt;
          &lt;row&gt;⠀&lt;/row&gt;
          &lt;row&gt;⠀&lt;/row&gt;
          &lt;row&gt;⠤⠀⠀⠀⠠⠍⠀⠊⠀⠅⠀⠎⠀⠊⠀⠀⠀⠁⠀⠝⠀⠝⠀⠕⠀⠊⠀⠞&lt;/row&gt;
          &lt;row&gt;⠀&lt;/row&gt;
          &lt;row&gt;⠏⠀⠑⠀⠗⠀⠊⠀⠅⠀⠎⠀⠊⠀⠀⠀⠝⠀⠊⠀⠊⠀⠝&lt;/row&gt;
          &lt;row&gt;⠀&lt;/row&gt;
          &lt;row&gt;⠝⠀⠕⠀⠏⠀⠑⠀⠁⠀⠎⠀⠞⠀⠊⠢&lt;/row&gt;
          &lt;row&gt;⠀&lt;/row&gt;
          &lt;row&gt;⠠⠁⠀⠝⠀⠝⠀⠤⠠⠃⠀⠗⠀⠊⠀⠞⠀⠞&lt;/row&gt;
          &lt;row&gt;⠀&lt;/row&gt;
          &lt;row&gt;⠠⠓⠀⠪⠀⠛⠀⠇⠀⠥⠀⠝⠀⠙⠀⠀⠀⠅⠀⠽⠀⠎⠀⠽⠀⠊⠄&lt;/row&gt;
          &lt;row&gt;⠀&lt;/row&gt;
          &lt;row&gt;⠀&lt;/row&gt;
          &lt;row&gt;⠀&lt;/row&gt;
          &lt;row/&gt;
        &lt;/page&gt;
        &lt;page&gt;
          &lt;row&gt;⠀⠀⠀⠀⠀⠀⠀⠀⠀⠀⠀⠀⠀⠀⠀⠀⠀⠀⠀⠀⠀⠀⠀⠀⠀⠀⠼⠁⠓⠙&lt;/row&gt;
          &lt;row&gt;⠤⠀⠀⠀⠠⠚⠀⠕⠀⠎⠀⠅⠀⠥⠀⠎&lt;/row&gt;
          &lt;row&gt;⠀&lt;/row&gt;
          &lt;row&gt;⠅⠀⠁⠀⠝⠀⠝⠀⠁⠀⠞⠀⠞⠀⠁⠀⠁&lt;/row&gt;
          &lt;row&gt;⠀&lt;/row&gt;
          &lt;row&gt;⠁⠀⠝⠀⠞⠀⠁⠀⠁⠀⠀⠀⠊⠀⠓⠀⠍⠀⠊⠀⠎⠀⠊⠀⠇⠀⠇⠀⠑&lt;/row&gt;
          &lt;row&gt;⠀&lt;/row&gt;
          &lt;row&gt;⠁⠀⠊⠀⠅⠀⠁⠀⠁⠀⠀⠀⠁⠀⠚⠀⠁⠀⠞⠀⠑⠀⠇⠀⠇⠀⠁⠂&lt;/row&gt;
          &lt;row&gt;⠀&lt;/row&gt;
          &lt;row&gt;⠠⠺⠀⠁⠀⠇⠀⠇⠀⠁⠀⠝⠀⠙⠀⠑⠀⠗&lt;/row&gt;
          &lt;row&gt;⠀&lt;/row&gt;
          &lt;row&gt;⠎⠀⠁⠀⠝⠀⠕⠀⠊⠄&lt;/row&gt;
          &lt;row&gt;⠀&lt;/row&gt;
          &lt;row&gt;⠤⠀⠀⠀⠠⠎⠀⠊⠀⠞⠀⠜⠀⠀⠀⠏⠀⠁⠀⠊⠀⠞⠀⠎⠀⠊&lt;/row&gt;
          &lt;row&gt;⠀&lt;/row&gt;
          &lt;row&gt;⠞⠀⠁⠀⠗⠀⠧⠀⠊⠀⠞⠀⠎⠀⠑⠀⠝&lt;/row&gt;
          &lt;row&gt;⠀&lt;/row&gt;
          &lt;row&gt;⠅⠀⠕⠀⠞⠀⠊⠀⠑⠀⠞⠀⠎⠀⠊⠀⠝⠀⠞⠀⠜⠀⠤&lt;/row&gt;
          &lt;row&gt;⠀&lt;/row&gt;
          &lt;row&gt;⠇⠀⠥⠀⠧⠀⠁⠀⠝⠀⠀⠀⠎⠀⠽⠀⠽⠀⠞⠀⠞⠀⠜⠀⠚⠀⠜&lt;/row&gt;
          &lt;row&gt;⠀&lt;/row&gt;
          &lt;row&gt;⠠⠡⠀⠅⠀⠑⠀⠎⠀⠎⠀⠕⠀⠝⠀⠊⠀⠇⠀⠞⠀⠁⠂&lt;/row&gt;
          &lt;row&gt;⠀&lt;/row&gt;
          &lt;row&gt;⠑⠀⠞⠀⠞⠀⠜⠀⠀⠀⠧⠀⠕⠀⠊⠀⠍⠀⠍⠀⠑&lt;/row&gt;
          &lt;row&gt;⠀&lt;/row&gt;
          &lt;row&gt;⠞⠀⠥⠀⠞⠀⠅⠀⠊⠀⠁⠀⠀⠀⠞⠀⠁⠀⠇⠀⠕⠀⠝⠄&lt;/row&gt;
          &lt;row/&gt;
        &lt;/page&gt;
        &lt;page&gt;
          &lt;row&gt;⠀⠀⠀⠀⠀⠀⠀⠀⠀⠀⠀⠀⠀⠀⠀⠀⠀⠀⠀⠀⠀⠀⠀⠀⠀⠀⠼⠁⠓⠑&lt;/row&gt;
          &lt;row&gt;⠤⠀⠀⠀⠠⠥⠀⠎⠀⠅⠀⠕⠀⠞⠀⠅⠀⠕⠂&lt;/row&gt;
          &lt;row&gt;⠀&lt;/row&gt;
          &lt;row&gt;⠑⠀⠞⠀⠞⠀⠜⠀⠀⠀⠠⠞⠀⠥⠀⠗⠀⠑&lt;/row&gt;
          &lt;row&gt;⠀&lt;/row&gt;
          &lt;row&gt;⠠⠎⠀⠞⠀⠑⠀⠝⠀⠓⠀⠕⠀⠇⠀⠍&lt;/row&gt;
          &lt;row&gt;⠀&lt;/row&gt;
          &lt;row&gt;⠕⠀⠝⠀⠀⠀⠞⠀⠁⠀⠏⠀⠏⠀⠁⠀⠝⠀⠥⠀⠞&lt;/row&gt;
          &lt;row&gt;⠀&lt;/row&gt;
          &lt;row&gt;⠠⠁⠀⠇⠀⠑⠀⠭⠀⠁⠀⠝⠀⠙⠀⠑⠀⠗⠀⠎⠀⠤&lt;/row&gt;
          &lt;row&gt;⠀&lt;/row&gt;
          &lt;row&gt;⠎⠀⠕⠀⠝⠀⠊⠀⠝⠂&lt;/row&gt;
          &lt;row&gt;⠀&lt;/row&gt;
          &lt;row&gt;⠠⠁⠀⠝⠀⠝⠀⠤⠠⠃⠀⠗⠀⠊⠀⠞⠀⠞&lt;/row&gt;
          &lt;row&gt;⠀&lt;/row&gt;
          &lt;row&gt;⠠⠓⠀⠪⠀⠛⠀⠇⠀⠥⠀⠝⠀⠙⠀⠀⠀⠅⠀⠽⠀⠎⠀⠽⠀⠊⠄&lt;/row&gt;
          &lt;row&gt;⠀&lt;/row&gt;
          &lt;row&gt;⠀&lt;/row&gt;
          &lt;row&gt;⠤⠀⠀⠀⠠⠅⠀⠽⠀⠇⠀⠇⠀⠜⠂&lt;/row&gt;
          &lt;row&gt;⠀&lt;/row&gt;
          &lt;row&gt;⠠⠺⠀⠁⠀⠇⠀⠇⠀⠁⠀⠝⠀⠙⠀⠑⠀⠗&lt;/row&gt;
          &lt;row&gt;⠀&lt;/row&gt;
          &lt;row&gt;⠧⠀⠁⠀⠎⠀⠞⠀⠁⠀⠎⠀⠊⠄&lt;/row&gt;
          &lt;row&gt;⠀&lt;/row&gt;
          &lt;row&gt;⠤⠀⠀⠀⠠⠕⠀⠇⠀⠑⠀⠝⠀⠀⠀⠧⠀⠁⠀⠗⠀⠍⠀⠁&lt;/row&gt;
          &lt;row&gt;⠀&lt;/row&gt;
          &lt;row&gt;⠎⠀⠊⠀⠊⠀⠞⠀⠜⠄&lt;/row&gt;
        &lt;/page&gt;
        &lt;page&gt;
          &lt;row&gt;⠀⠀⠀⠀⠀⠀⠀⠀⠀⠀⠀⠀⠀⠀⠀⠀⠀⠀⠀⠀⠀⠀⠀⠀⠀⠀⠼⠁⠓⠋&lt;/row&gt;
          &lt;row&gt;⠠⠍⠀⠥⠀⠞⠀⠞⠀⠁⠀⠀⠀⠑⠀⠝&lt;/row&gt;
          &lt;row&gt;⠀&lt;/row&gt;
          &lt;row&gt;⠧⠀⠊⠀⠑⠀⠇⠀⠜⠀⠅⠀⠜⠀⠜⠀⠝&lt;/row&gt;
          &lt;row&gt;⠀&lt;/row&gt;
          &lt;row&gt;⠞⠀⠊⠀⠑⠀⠙⠀⠜⠂⠀⠀⠍⠀⠊⠀⠞⠀⠑⠀⠝&lt;/row&gt;
          &lt;row&gt;⠀&lt;/row&gt;
          &lt;row&gt;⠅⠀⠁⠀⠊⠀⠅⠀⠅⠀⠊⠀⠀⠀⠇⠀⠊⠀⠊⠀⠞⠀⠞⠀⠽⠀⠽&lt;/row&gt;
          &lt;row&gt;⠀&lt;/row&gt;
          &lt;row&gt;⠞⠀⠕⠀⠊⠀⠎⠀⠊⠀⠊⠀⠝⠀⠎⠀⠁⠄&lt;/row&gt;
          &lt;row&gt;⠀&lt;/row&gt;
          &lt;row&gt;⠀&lt;/row&gt;
          &lt;row&gt;⠠⠓⠀⠑⠀⠀⠀⠁⠀⠚⠀⠕⠀⠊⠀⠧⠀⠁⠀⠞&lt;/row&gt;
          &lt;row&gt;⠀&lt;/row&gt;
          &lt;row&gt;⠞⠀⠁⠀⠅⠀⠁⠀⠊⠀⠎⠀⠊⠀⠝&lt;/row&gt;
          &lt;row&gt;⠀&lt;/row&gt;
          &lt;row&gt;⠠⠽⠀⠎⠀⠞⠀⠁⠀⠙⠀⠊⠀⠊⠀⠝⠄&lt;/row&gt;
          &lt;row&gt;⠀&lt;/row&gt;
          &lt;row&gt;⠠⠎⠀⠁⠀⠍⠀⠁⠀⠝⠀⠁⠀⠀⠀⠏⠀⠜⠀⠊⠀⠧⠀⠜⠀⠝⠀⠜&lt;/row&gt;
          &lt;row&gt;⠀&lt;/row&gt;
          &lt;row&gt;⠠⠺⠀⠁⠀⠇⠀⠇⠀⠁⠀⠝⠀⠙⠀⠑⠀⠗⠀⠀⠀⠎⠀⠁⠀⠊&lt;/row&gt;
          &lt;row&gt;⠀&lt;/row&gt;
          &lt;row&gt;⠠⠡⠀⠅⠀⠑⠀⠎⠀⠎⠀⠕⠀⠝⠀⠊⠀⠇⠀⠞⠀⠁&lt;/row&gt;
          &lt;row&gt;⠀&lt;/row&gt;
          &lt;row&gt;⠅⠀⠕⠀⠞⠀⠊⠀⠑⠀⠞⠀⠎⠀⠊⠀⠝⠀⠞⠀⠜⠀⠤&lt;/row&gt;
          &lt;row&gt;⠀&lt;/row&gt;
          &lt;row&gt;⠇⠀⠥⠀⠧⠀⠁⠀⠝&lt;/row&gt;
        &lt;/page&gt;
        &lt;page&gt;
          &lt;row&gt;⠀⠀⠀⠀⠀⠀⠀⠀⠀⠀⠀⠀⠀⠀⠀⠀⠀⠀⠀⠀⠀⠀⠀⠀⠀⠀⠼⠁⠓⠛&lt;/row&gt;
          &lt;row&gt;⠠⠎⠀⠞⠀⠑⠀⠝⠀⠓⠀⠕⠀⠇⠀⠍⠀⠊⠀⠝&lt;/row&gt;
          &lt;row&gt;⠀&lt;/row&gt;
          &lt;row&gt;⠓⠀⠥⠀⠧⠀⠊⠀⠇⠀⠁⠀⠁⠀⠝⠄&lt;/row&gt;
          &lt;row&gt;⠀&lt;/row&gt;
          &lt;row&gt;⠠⠺⠀⠁⠀⠇⠀⠇⠀⠁⠀⠝⠀⠙⠀⠑⠀⠗&lt;/row&gt;
          &lt;row&gt;⠀&lt;/row&gt;
          &lt;row&gt;⠏⠀⠜⠀⠜⠀⠞⠀⠞⠀⠊&lt;/row&gt;
          &lt;row&gt;⠀&lt;/row&gt;
          &lt;row&gt;⠅⠀⠥⠀⠊⠀⠞⠀⠑⠀⠝⠀⠅⠀⠊⠀⠝⠂⠀⠀⠑⠀⠞⠀⠞⠀⠜&lt;/row&gt;
          &lt;row&gt;⠀&lt;/row&gt;
          &lt;row&gt;⠓⠀⠑⠀⠀⠀⠍⠀⠑⠀⠝⠀⠊⠀⠎⠀⠊⠀⠧⠀⠜⠀⠞&lt;/row&gt;
          &lt;row&gt;⠀&lt;/row&gt;
          &lt;row&gt;⠠⠎⠀⠧⠀⠁⠀⠗⠀⠞⠀⠑⠀⠑⠀⠝&lt;/row&gt;
          &lt;row&gt;⠀&lt;/row&gt;
          &lt;row&gt;⠧⠀⠁⠀⠎⠀⠞⠀⠁&lt;/row&gt;
          &lt;row&gt;⠀&lt;/row&gt;
          &lt;row&gt;⠎⠀⠑⠀⠥⠀⠗⠀⠁⠀⠁⠀⠧⠀⠁⠀⠝⠀⠁&lt;/row&gt;
          &lt;row&gt;⠀&lt;/row&gt;
          &lt;row&gt;⠏⠀⠜⠀⠊⠀⠧⠀⠜⠀⠝⠀⠜⠄&lt;/row&gt;
          &lt;row&gt;⠀&lt;/row&gt;
          &lt;row&gt;⠀&lt;/row&gt;
          &lt;row&gt;⠠⠺⠀⠁⠀⠇⠀⠇⠀⠁⠀⠝⠀⠙⠀⠑⠀⠗&lt;/row&gt;
          &lt;row&gt;⠀&lt;/row&gt;
          &lt;row&gt;⠓⠀⠑⠀⠗⠀⠜⠀⠎⠀⠊&lt;/row&gt;
          &lt;row&gt;⠀&lt;/row&gt;
          &lt;row&gt;⠁⠀⠊⠀⠅⠀⠁⠀⠊⠀⠎⠀⠊⠀⠝&lt;/row&gt;
        &lt;/page&gt;
        &lt;page&gt;
          &lt;row&gt;⠀⠀⠀⠀⠀⠀⠀⠀⠀⠀⠀⠀⠀⠀⠀⠀⠀⠀⠀⠀⠀⠀⠀⠀⠀⠀⠼⠁⠓⠓&lt;/row&gt;
          &lt;row&gt;⠎⠀⠑⠀⠥⠀⠗⠀⠁⠀⠁⠀⠧⠀⠁⠀⠝⠀⠁&lt;/row&gt;
          &lt;row&gt;⠀&lt;/row&gt;
          &lt;row&gt;⠁⠀⠁⠀⠍⠀⠥⠀⠝⠀⠁⠄&lt;/row&gt;
          &lt;row&gt;⠀&lt;/row&gt;
          &lt;row&gt;⠠⠓⠀⠜⠀⠝⠀⠀⠀⠧⠀⠑⠀⠞⠀⠊&lt;/row&gt;
          &lt;row&gt;⠀&lt;/row&gt;
          &lt;row&gt;⠊⠀⠅⠀⠅⠀⠥⠀⠝⠀⠁⠀⠧⠀⠑⠀⠗⠀⠓⠀⠕⠀⠝&lt;/row&gt;
          &lt;row&gt;⠀&lt;/row&gt;
          &lt;row&gt;⠽⠀⠇⠀⠪⠀⠎⠄&lt;/row&gt;
          &lt;row&gt;⠀&lt;/row&gt;
          &lt;row&gt;⠠⠽⠀⠎⠀⠞⠀⠁⠀⠙⠀⠊⠀⠝&lt;/row&gt;
          &lt;row&gt;⠀&lt;/row&gt;
          &lt;row&gt;⠅⠀⠁⠀⠥⠀⠏⠀⠥⠀⠝⠀⠛⠀⠊⠀⠝⠀⠀⠀⠽⠀⠇⠀⠇⠀⠜&lt;/row&gt;
          &lt;row&gt;⠀&lt;/row&gt;
          &lt;row&gt;⠇⠀⠑⠀⠏⠀⠜⠀⠎⠀⠊⠀⠀⠀⠎⠀⠁⠀⠝⠀⠅⠀⠅⠀⠁&lt;/row&gt;
          &lt;row&gt;⠀&lt;/row&gt;
          &lt;row&gt;⠎⠀⠥⠀⠍⠀⠥⠄&lt;/row&gt;
          &lt;row&gt;⠀&lt;/row&gt;
          &lt;row&gt;⠀&lt;/row&gt;
          &lt;row&gt;⠠⠓⠀⠜⠀⠝⠀⠀⠀⠕⠀⠞⠀⠞⠀⠊⠀⠀⠀⠑⠀⠎⠀⠊⠀⠊⠀⠝&lt;/row&gt;
          &lt;row&gt;⠀&lt;/row&gt;
          &lt;row&gt;⠏⠀⠥⠀⠓⠀⠑⠀⠇⠀⠊⠀⠝⠀⠤&lt;/row&gt;
          &lt;row&gt;⠀&lt;/row&gt;
          &lt;row&gt;⠇⠀⠥⠀⠑⠀⠞⠀⠞⠀⠑⠀⠇⠀⠕⠀⠝&lt;/row&gt;
          &lt;row&gt;⠀&lt;/row&gt;
          &lt;row&gt;⠚⠀⠁⠀⠀⠀⠑⠀⠞⠀⠎⠀⠊&lt;/row&gt;
        &lt;/page&gt;
        &lt;page&gt;
          &lt;row&gt;⠀⠀⠀⠀⠀⠀⠀⠀⠀⠀⠀⠀⠀⠀⠀⠀⠀⠀⠀⠀⠀⠀⠀⠀⠀⠀⠼⠁⠓⠊&lt;/row&gt;
          &lt;row&gt;⠠⠎⠀⠞⠀⠑⠀⠝⠀⠓⠀⠕⠀⠇⠀⠍⠀⠊⠀⠝&lt;/row&gt;
          &lt;row&gt;⠀&lt;/row&gt;
          &lt;row&gt;⠝⠀⠥⠀⠍⠀⠑⠀⠗⠀⠕⠀⠁⠄&lt;/row&gt;
          &lt;row&gt;⠀&lt;/row&gt;
          &lt;row&gt;⠠⠎⠀⠑⠀⠀⠀⠑⠀⠊⠀⠀⠀⠕⠀⠇⠀⠇⠀⠥⠀⠞&lt;/row&gt;
          &lt;row&gt;⠀&lt;/row&gt;
          &lt;row&gt;⠇⠀⠥⠀⠑⠀⠞⠀⠞⠀⠑⠀⠇⠀⠕⠀⠎⠀⠎⠀⠁⠄&lt;/row&gt;
          &lt;row&gt;⠀&lt;/row&gt;
          &lt;row&gt;⠠⠓⠀⠜⠀⠝⠀⠀⠀⠎⠀⠕⠀⠊⠀⠞⠀⠞⠀⠊&lt;/row&gt;
          &lt;row&gt;⠀&lt;/row&gt;
          &lt;row&gt;⠝⠀⠥⠀⠍⠀⠑⠀⠗⠀⠕⠀⠤&lt;/row&gt;
          &lt;row&gt;⠀&lt;/row&gt;
          &lt;row&gt;⠞⠀⠊⠀⠑⠀⠙⠀⠥⠀⠎⠀⠞⠀⠑⠀⠇⠀⠥⠀⠥⠀⠝⠂&lt;/row&gt;
          &lt;row&gt;⠀&lt;/row&gt;
          &lt;row&gt;⠚⠀⠕⠀⠎⠀⠞⠀⠁&lt;/row&gt;
          &lt;row&gt;⠀&lt;/row&gt;
          &lt;row&gt;⠅⠀⠑⠀⠗⠀⠗⠀⠕⠀⠞⠀⠞⠀⠊⠀⠊⠀⠝⠂&lt;/row&gt;
          &lt;row&gt;⠀&lt;/row&gt;
          &lt;row&gt;⠑⠀⠞⠀⠞⠀⠜⠀⠀⠀⠝⠀⠥⠀⠍⠀⠑⠀⠗⠀⠕&lt;/row&gt;
          &lt;row&gt;⠀&lt;/row&gt;
          &lt;row&gt;⠕⠀⠇⠀⠊⠀⠀⠀⠎⠀⠁⠀⠇⠀⠁⠀⠊⠀⠝⠀⠑⠀⠝⠄&lt;/row&gt;
          &lt;row&gt;⠀&lt;/row&gt;
          &lt;row&gt;⠀&lt;/row&gt;
          &lt;row&gt;⠠⠺⠀⠁⠀⠇⠀⠇⠀⠁⠀⠝⠀⠙⠀⠑⠀⠗&lt;/row&gt;
          &lt;row&gt;⠀&lt;/row&gt;
          &lt;row&gt;⠝⠀⠽⠀⠪⠀⠅⠀⠅⠀⠜⠀⠎⠀⠊&lt;/row&gt;
        &lt;/page&gt;
        &lt;page&gt;
          &lt;row&gt;⠀⠀⠀⠀⠀⠀⠀⠀⠀⠀⠀⠀⠀⠀⠀⠀⠀⠀⠀⠀⠀⠀⠀⠀⠀⠀⠼⠁⠊⠚&lt;/row&gt;
          &lt;row&gt;⠊⠀⠞⠀⠎⠀⠑⠀⠅⠀⠎⠀⠑⠀⠑⠀⠝⠄&lt;/row&gt;
          &lt;row&gt;⠀&lt;/row&gt;
          &lt;row&gt;⠠⠓⠀⠜⠀⠝⠀⠀⠀⠕⠀⠇⠀⠊&lt;/row&gt;
          &lt;row&gt;⠀&lt;/row&gt;
          &lt;row&gt;⠁⠀⠗⠀⠧⠀⠁⠀⠝⠀⠝⠀⠥⠀⠞&lt;/row&gt;
          &lt;row&gt;⠀&lt;/row&gt;
          &lt;row&gt;⠕⠀⠊⠀⠅⠀⠑⠀⠊⠀⠝⠄&lt;/row&gt;
          &lt;row&gt;⠀&lt;/row&gt;
          &lt;row&gt;⠀&lt;/row&gt;
          &lt;row&gt;⠠⠺⠀⠁⠀⠇⠀⠇⠀⠁⠀⠝⠀⠙⠀⠑⠀⠗&lt;/row&gt;
          &lt;row&gt;⠀&lt;/row&gt;
          &lt;row&gt;⠏⠀⠜⠀⠜⠀⠞⠀⠞⠀⠊⠀⠀⠀⠇⠀⠜⠀⠓⠀⠞⠀⠑⠀⠜&lt;/row&gt;
          &lt;row&gt;⠀&lt;/row&gt;
          &lt;row&gt;⠠⠎⠀⠧⠀⠁⠀⠗⠀⠞⠀⠑⠀⠑⠀⠝⠀⠀⠀⠽⠀⠅⠀⠎⠀⠊⠀⠝⠄&lt;/row&gt;
          &lt;row&gt;⠀&lt;/row&gt;
          &lt;row&gt;⠠⠞⠀⠜⠀⠇⠀⠇⠀⠜⠀⠀⠀⠅⠀⠑⠀⠗⠀⠞⠀⠁⠀⠁&lt;/row&gt;
          &lt;row&gt;⠀&lt;/row&gt;
          &lt;row&gt;⠓⠀⠜⠀⠝⠀⠀⠀⠑⠀⠊⠀⠀⠀⠕⠀⠞⠀⠞⠀⠁⠀⠊⠀⠎⠀⠊&lt;/row&gt;
          &lt;row&gt;⠀&lt;/row&gt;
          &lt;row&gt;⠍⠀⠥⠀⠅⠀⠁⠀⠁⠀⠝&lt;/row&gt;
          &lt;row&gt;⠀&lt;/row&gt;
          &lt;row&gt;⠠⠁⠀⠝⠀⠝⠀⠤⠠⠃⠀⠗⠀⠊⠀⠞⠀⠞&lt;/row&gt;
          &lt;row&gt;⠀&lt;/row&gt;
          &lt;row&gt;⠠⠓⠀⠪⠀⠛⠀⠇⠀⠥⠀⠝⠀⠙⠀⠊⠀⠁⠄&lt;/row&gt;
          &lt;row&gt;⠀&lt;/row&gt;
          &lt;row/&gt;
        &lt;/page&gt;
        &lt;page&gt;
          &lt;row&gt;⠀⠀⠀⠀⠀⠀⠀⠀⠀⠀⠀⠀⠀⠀⠀⠀⠀⠀⠀⠀⠀⠀⠀⠀⠀⠀⠼⠁⠊⠁&lt;/row&gt;
          &lt;row&gt;⠠⠎⠀⠥⠀⠍⠀⠥⠀⠀⠀⠕⠀⠇⠀⠊⠀⠀⠀⠅⠀⠥⠀⠊⠀⠝&lt;/row&gt;
          &lt;row&gt;⠀&lt;/row&gt;
          &lt;row&gt;⠏⠀⠁⠀⠅⠀⠎⠀⠥⠀⠀⠀⠚⠀⠁&lt;/row&gt;
          &lt;row&gt;⠀&lt;/row&gt;
          &lt;row&gt;⠏⠀⠑⠀⠓⠀⠍⠀⠑⠀⠜⠀⠀⠀⠎⠀⠑⠀⠊⠀⠝⠀⠜⠄&lt;/row&gt;
          &lt;row&gt;⠀&lt;/row&gt;
          &lt;row&gt;⠠⠺⠀⠁⠀⠇⠀⠇⠀⠁⠀⠝⠀⠙⠀⠑⠀⠗⠀⠀⠀⠁⠀⠚⠀⠕⠀⠊&lt;/row&gt;
          &lt;row&gt;⠀&lt;/row&gt;
          &lt;row&gt;⠓⠀⠊⠀⠞⠀⠁⠀⠁⠀⠎⠀⠞⠀⠊⠄&lt;/row&gt;
          &lt;row&gt;⠀&lt;/row&gt;
          &lt;row&gt;⠠⠅⠀⠑⠀⠇⠀⠇⠀⠕⠀⠀⠀⠝⠀⠜⠀⠽⠀⠞⠀⠞⠀⠊&lt;/row&gt;
          &lt;row&gt;⠀&lt;/row&gt;
          &lt;row&gt;⠍⠀⠥⠀⠥⠀⠞⠀⠁⠀⠍⠀⠁⠀⠝&lt;/row&gt;
          &lt;row&gt;⠀&lt;/row&gt;
          &lt;row&gt;⠍⠀⠊⠀⠝⠀⠥⠀⠥⠀⠞⠀⠊⠀⠝⠀⠀⠀⠽⠀⠇⠀⠊&lt;/row&gt;
          &lt;row&gt;⠀&lt;/row&gt;
          &lt;row&gt;⠅⠀⠁⠀⠓⠀⠙⠀⠑⠀⠅⠀⠎⠀⠁⠀⠝⠂⠀⠀⠅⠀⠥⠀⠝&lt;/row&gt;
          &lt;row&gt;⠀&lt;/row&gt;
          &lt;row&gt;⠓⠀⠜⠀⠝⠀⠀⠀⠏⠀⠽⠀⠎⠀⠜⠀⠅⠀⠪⠀⠊&lt;/row&gt;
          &lt;row&gt;⠀&lt;/row&gt;
          &lt;row&gt;⠠⠎⠀⠞⠀⠑⠀⠝⠀⠓⠀⠕⠀⠇⠀⠍⠀⠊⠀⠝&lt;/row&gt;
          &lt;row&gt;⠀&lt;/row&gt;
          &lt;row&gt;⠓⠀⠥⠀⠧⠀⠊⠀⠇⠀⠁⠀⠝⠀⠀⠀⠇⠀⠥⠀⠕⠄&lt;/row&gt;
          &lt;row&gt;⠀&lt;/row&gt;
          &lt;row&gt;⠀&lt;/row&gt;
          &lt;row/&gt;
        &lt;/page&gt;
        &lt;page&gt;
          &lt;row&gt;⠀⠀⠀⠀⠀⠀⠀⠀⠀⠀⠀⠀⠀⠀⠀⠀⠀⠀⠀⠀⠀⠀⠀⠀⠀⠀⠼⠁⠊⠃&lt;/row&gt;
          &lt;row&gt;⠠⠓⠀⠜⠀⠝⠀⠀⠀⠅⠀⠜⠀⠧⠀⠑⠀⠇⠀⠊&lt;/row&gt;
          &lt;row&gt;⠀&lt;/row&gt;
          &lt;row&gt;⠏⠀⠕⠀⠗⠀⠞⠀⠊⠀⠎⠀⠞⠀⠁⠀⠀⠀⠚⠀⠁&lt;/row&gt;
          &lt;row&gt;⠀&lt;/row&gt;
          &lt;row&gt;⠎⠀⠕⠀⠊⠀⠞⠀⠞⠀⠊&lt;/row&gt;
          &lt;row&gt;⠀&lt;/row&gt;
          &lt;row&gt;⠕⠀⠧⠀⠊⠀⠅⠀⠑⠀⠇⠀⠇⠀⠕⠀⠁⠄&lt;/row&gt;
          &lt;row&gt;⠀&lt;/row&gt;
          &lt;row&gt;⠠⠧⠀⠁⠀⠎⠀⠞⠀⠁&lt;/row&gt;
          &lt;row&gt;⠀&lt;/row&gt;
          &lt;row&gt;⠅⠀⠕⠀⠇⠀⠍⠀⠁⠀⠝⠀⠝⠀⠑⠀⠝&lt;/row&gt;
          &lt;row&gt;⠀&lt;/row&gt;
          &lt;row&gt;⠎⠀⠕⠀⠊⠀⠞⠀⠕⠀⠝⠀⠀⠀⠚⠀⠜⠀⠇⠀⠅⠀⠑⠀⠑⠀⠝&lt;/row&gt;
          &lt;row&gt;⠀&lt;/row&gt;
          &lt;row&gt;⠠⠞⠀⠥⠀⠗⠀⠑⠀⠀⠀⠠⠎⠀⠞⠀⠑⠀⠝⠀⠓⠀⠕⠀⠇⠀⠍&lt;/row&gt;
          &lt;row&gt;⠀&lt;/row&gt;
          &lt;row&gt;⠁⠀⠧⠀⠁⠀⠎⠀⠊⠀⠀⠀⠕⠀⠧⠀⠑⠀⠝⠄&lt;/row&gt;
          &lt;row&gt;⠀&lt;/row&gt;
          &lt;row&gt;⠠⠅⠀⠥⠀⠝⠀⠀⠀⠓⠀⠜⠀⠝⠀⠀⠀⠝⠀⠜⠀⠅⠀⠊⠂&lt;/row&gt;
          &lt;row&gt;⠀&lt;/row&gt;
          &lt;row&gt;⠅⠀⠥⠀⠅⠀⠁⠀⠀⠀⠕⠀⠧⠀⠑⠀⠇⠀⠇⠀⠁&lt;/row&gt;
          &lt;row&gt;⠀&lt;/row&gt;
          &lt;row&gt;⠕⠀⠇⠀⠊⠂⠀⠀⠀⠓⠀⠜⠀⠝⠀⠀⠀⠽⠀⠗⠀⠊⠀⠞⠀⠞⠀⠊&lt;/row&gt;
          &lt;row&gt;⠀&lt;/row&gt;
          &lt;row&gt;⠧⠀⠑⠀⠞⠀⠜⠀⠜⠀⠀⠀⠕⠀⠧⠀⠑⠀⠝&lt;/row&gt;
          &lt;row/&gt;
        &lt;/page&gt;
        &lt;page&gt;
          &lt;row&gt;⠀⠀⠀⠀⠀⠀⠀⠀⠀⠀⠀⠀⠀⠀⠀⠀⠀⠀⠀⠀⠀⠀⠀⠀⠀⠀⠼⠁⠊⠉&lt;/row&gt;
          &lt;row&gt;⠅⠀⠊⠀⠊⠀⠝⠀⠝⠀⠊⠄&lt;/row&gt;
          &lt;row&gt;⠀&lt;/row&gt;
          &lt;row&gt;⠠⠺⠀⠁⠀⠇⠀⠇⠀⠁⠀⠝⠀⠙⠀⠑⠀⠗⠀⠀⠀⠎⠀⠁⠀⠊&lt;/row&gt;
          &lt;row&gt;⠀&lt;/row&gt;
          &lt;row&gt;⠅⠀⠥⠀⠊⠀⠞⠀⠑⠀⠝⠀⠅⠀⠊⠀⠝&lt;/row&gt;
          &lt;row&gt;⠀&lt;/row&gt;
          &lt;row&gt;⠚⠀⠁⠀⠇⠀⠁⠀⠝⠀⠀⠀⠕⠀⠧⠀⠑⠀⠝&lt;/row&gt;
          &lt;row&gt;⠀&lt;/row&gt;
          &lt;row&gt;⠧⠀⠜⠀⠇⠀⠊⠀⠊⠀⠝⠀⠀⠀⠚⠀⠁⠀⠀⠀⠧⠀⠑⠀⠞⠀⠊&lt;/row&gt;
          &lt;row&gt;⠀&lt;/row&gt;
          &lt;row&gt;⠕⠀⠧⠀⠑⠀⠝⠀⠀⠀⠁⠀⠥⠀⠅⠀⠊⠄&lt;/row&gt;
          &lt;row&gt;⠀&lt;/row&gt;
          &lt;row&gt;⠀&lt;/row&gt;
          &lt;row&gt;⠤⠀⠀⠀⠠⠞⠀⠑⠀⠊⠀⠇⠀⠇⠀⠜⠀⠀⠀⠑⠀⠊&lt;/row&gt;
          &lt;row&gt;⠀&lt;/row&gt;
          &lt;row&gt;⠕⠀⠇⠀⠑⠀⠀⠀⠕⠀⠊⠀⠅⠀⠑⠀⠥⠀⠞⠀⠞⠀⠁&lt;/row&gt;
          &lt;row&gt;⠀&lt;/row&gt;
          &lt;row&gt;⠞⠀⠥⠀⠝⠀⠅⠀⠑⠀⠥⠀⠞⠀⠥⠀⠁&lt;/row&gt;
          &lt;row&gt;⠀&lt;/row&gt;
          &lt;row&gt;⠎⠀⠊⠀⠎⠀⠜⠀⠜⠀⠝⠲⠀⠀⠧⠀⠁⠀⠝⠀⠓⠀⠁&lt;/row&gt;
          &lt;row&gt;⠀&lt;/row&gt;
          &lt;row&gt;⠍⠀⠊⠀⠑⠀⠎⠀⠀⠀⠓⠀⠥⠀⠥⠀⠎⠀⠊⠄&lt;/row&gt;
          &lt;row&gt;⠀&lt;/row&gt;
          &lt;row&gt;⠤⠀⠀⠀⠠⠍⠀⠊⠀⠝⠀⠜⠀⠀⠀⠑⠀⠝&lt;/row&gt;
          &lt;row&gt;⠀&lt;/row&gt;
          &lt;row&gt;⠞⠀⠥⠀⠝⠀⠅⠀⠑⠀⠥⠀⠙⠀⠥⠂&lt;/row&gt;
        &lt;/page&gt;
        &lt;page&gt;
          &lt;row&gt;⠀⠀⠀⠀⠀⠀⠀⠀⠀⠀⠀⠀⠀⠀⠀⠀⠀⠀⠀⠀⠀⠀⠀⠀⠀⠀⠼⠁⠊⠙&lt;/row&gt;
          &lt;row&gt;⠠⠺⠀⠁⠀⠇⠀⠇⠀⠁⠀⠝⠀⠙⠀⠑⠀⠗&lt;/row&gt;
          &lt;row&gt;⠀&lt;/row&gt;
          &lt;row&gt;⠎⠀⠁⠀⠝⠀⠕⠀⠊⠄&lt;/row&gt;
          &lt;row&gt;⠀&lt;/row&gt;
          &lt;row&gt;⠤⠀⠀⠀⠠⠍⠀⠊⠀⠝⠀⠥⠀⠇⠀⠇⠀⠁⠀⠀⠀⠕⠀⠝&lt;/row&gt;
          &lt;row&gt;⠀&lt;/row&gt;
          &lt;row&gt;⠎⠀⠽⠀⠽⠀⠞⠀⠞⠀⠜⠀⠚⠀⠜⠀⠝⠀⠀⠀⠇⠀⠥⠀⠏⠀⠁&lt;/row&gt;
          &lt;row&gt;⠀&lt;/row&gt;
          &lt;row&gt;⠞⠀⠥⠀⠞⠀⠅⠀⠊⠀⠁⠀⠀⠀⠞⠀⠁⠀⠇⠀⠕⠀⠝⠀⠝⠀⠑⠄&lt;/row&gt;
          &lt;row&gt;⠀&lt;/row&gt;
          &lt;row&gt;⠀&lt;/row&gt;
          &lt;row&gt;⠠⠞⠀⠥⠀⠗⠀⠑⠀⠀⠀⠠⠎⠀⠞⠀⠑⠀⠝⠀⠓⠀⠕⠀⠇⠀⠍&lt;/row&gt;
          &lt;row&gt;⠀&lt;/row&gt;
          &lt;row&gt;⠝⠀⠜⠀⠽⠀⠞⠀⠞⠀⠊⠀⠀⠀⠜⠀⠅⠀⠅⠀⠊⠀⠜&lt;/row&gt;
          &lt;row&gt;⠀&lt;/row&gt;
          &lt;row&gt;⠓⠀⠽⠀⠧⠀⠊⠀⠝&lt;/row&gt;
          &lt;row&gt;⠀&lt;/row&gt;
          &lt;row&gt;⠧⠀⠜⠀⠎⠀⠽⠀⠝⠀⠑⠀⠑⠀⠇⠀⠞⠀⠜⠄&lt;/row&gt;
          &lt;row&gt;⠀&lt;/row&gt;
          &lt;row&gt;⠤⠀⠀⠀⠠⠞⠀⠥⠀⠇⠀⠅⠀⠁⠀⠁&lt;/row&gt;
          &lt;row&gt;⠀&lt;/row&gt;
          &lt;row&gt;⠎⠀⠊⠀⠞⠀⠞⠀⠑⠀⠝⠀⠀⠀⠎⠀⠊⠀⠎⠀⠜⠀⠜⠀⠝⠂&lt;/row&gt;
          &lt;row&gt;⠀&lt;/row&gt;
          &lt;row&gt;⠓⠀⠜⠀⠝⠀⠀⠀⠎⠀⠁⠀⠝⠀⠕⠀⠊&lt;/row&gt;
          &lt;row&gt;⠀&lt;/row&gt;
          &lt;row&gt;⠓⠀⠊⠀⠇⠀⠚⠀⠁⠀⠁⠄&lt;/row&gt;
        &lt;/page&gt;
        &lt;page&gt;
          &lt;row&gt;⠀⠀⠀⠀⠀⠀⠀⠀⠀⠀⠀⠀⠀⠀⠀⠀⠀⠀⠀⠀⠀⠀⠀⠀⠀⠀⠼⠁⠊⠑&lt;/row&gt;
          &lt;row&gt;⠠⠺⠀⠁⠀⠇⠀⠇⠀⠁⠀⠝⠀⠙⠀⠑⠀⠗&lt;/row&gt;
          &lt;row&gt;⠀&lt;/row&gt;
          &lt;row&gt;⠎⠀⠑⠀⠥⠀⠗⠀⠁⠀⠎⠀⠊⠀⠀⠀⠓⠀⠜⠀⠝⠀⠞⠀⠜&lt;/row&gt;
          &lt;row&gt;⠀&lt;/row&gt;
          &lt;row&gt;⠓⠀⠥⠀⠕⠀⠝⠀⠑⠀⠑⠀⠎⠀⠑⠀⠑⠀⠝⠂&lt;/row&gt;
          &lt;row&gt;⠀&lt;/row&gt;
          &lt;row&gt;⠚⠀⠕⠀⠎⠀⠎⠀⠁⠀⠀⠀⠕⠀⠇⠀⠊&lt;/row&gt;
          &lt;row&gt;⠀&lt;/row&gt;
          &lt;row&gt;⠥⠀⠎⠀⠑⠀⠊⠀⠞⠀⠁⠀⠀⠀⠅⠀⠊⠀⠗⠀⠚⠀⠁⠀⠤&lt;/row&gt;
          &lt;row&gt;⠀&lt;/row&gt;
          &lt;row&gt;⠓⠀⠽⠀⠇⠀⠇⠀⠽⠀⠚⠀⠜⠀⠀⠀⠞⠀⠜⠀⠽⠀⠝⠀⠝⠀⠜&lt;/row&gt;
          &lt;row&gt;⠀&lt;/row&gt;
          &lt;row&gt;⠅⠀⠊⠀⠗⠀⠚⠀⠕⠀⠚⠀⠁⠄&lt;/row&gt;
          &lt;row&gt;⠀&lt;/row&gt;
          &lt;row&gt;⠠⠅⠀⠕⠀⠊⠀⠗⠀⠁⠀⠁⠀⠀⠀⠑⠀⠊&lt;/row&gt;
          &lt;row&gt;⠀&lt;/row&gt;
          &lt;row&gt;⠝⠀⠜⠀⠅⠀⠽⠀⠝⠀⠽⠀⠞⠄&lt;/row&gt;
          &lt;row&gt;⠀&lt;/row&gt;
          &lt;row&gt;⠀&lt;/row&gt;
          &lt;row&gt;⠠⠺⠀⠁⠀⠇⠀⠇⠀⠁⠀⠝⠀⠙⠀⠑⠀⠗⠀⠀⠀⠚⠀⠁&lt;/row&gt;
          &lt;row&gt;⠀&lt;/row&gt;
          &lt;row&gt;⠠⠎⠀⠞⠀⠑⠀⠝⠀⠓⠀⠕⠀⠇⠀⠍&lt;/row&gt;
          &lt;row&gt;⠀&lt;/row&gt;
          &lt;row&gt;⠊⠀⠎⠀⠞⠀⠥⠀⠊⠀⠧⠀⠁⠀⠞&lt;/row&gt;
          &lt;row&gt;⠀&lt;/row&gt;
          &lt;row&gt;⠝⠀⠕⠀⠚⠀⠁⠀⠞⠀⠥⠀⠕⠀⠇⠀⠑⠀⠊⠀⠓⠀⠊⠀⠝⠄&lt;/row&gt;
        &lt;/page&gt;
        &lt;page&gt;
          &lt;row&gt;⠀⠀⠀⠀⠀⠀⠀⠀⠀⠀⠀⠀⠀⠀⠀⠀⠀⠀⠀⠀⠀⠀⠀⠀⠀⠀⠼⠁⠊⠋&lt;/row&gt;
          &lt;row&gt;⠤⠀⠀⠀⠠⠑⠀⠊⠀⠅⠀⠪⠀⠀⠀⠞⠀⠑⠀⠊⠀⠇⠀⠇⠀⠜&lt;/row&gt;
          &lt;row&gt;⠀&lt;/row&gt;
          &lt;row&gt;⠕⠀⠇⠀⠑&lt;/row&gt;
          &lt;row&gt;⠀&lt;/row&gt;
          &lt;row&gt;⠞⠀⠕⠀⠙⠀⠑⠀⠇⠀⠇⠀⠁⠀⠅⠀⠁⠀⠁⠀⠝&lt;/row&gt;
          &lt;row&gt;⠀&lt;/row&gt;
          &lt;row&gt;⠍⠀⠊⠀⠞⠀⠜⠀⠜⠀⠝&lt;/row&gt;
          &lt;row&gt;⠀&lt;/row&gt;
          &lt;row&gt;⠅⠀⠑⠀⠗⠀⠗⠀⠕⠀⠞⠀⠞⠀⠁⠀⠧⠀⠁⠀⠁&lt;/row&gt;
          &lt;row&gt;⠀&lt;/row&gt;
          &lt;row&gt;⠍⠀⠊⠀⠝⠀⠥⠀⠇⠀⠇⠀⠑⠢&lt;/row&gt;
          &lt;row&gt;⠀&lt;/row&gt;
          &lt;row&gt;⠠⠺⠀⠁⠀⠇⠀⠇⠀⠁⠀⠝⠀⠙⠀⠑⠀⠗&lt;/row&gt;
          &lt;row&gt;⠀&lt;/row&gt;
          &lt;row&gt;⠅⠀⠽⠀⠎⠀⠽⠀⠊⠄&lt;/row&gt;
          &lt;row&gt;⠀&lt;/row&gt;
          &lt;row&gt;⠀&lt;/row&gt;
          &lt;row&gt;⠤⠀⠀⠀⠠⠑⠀⠝⠀⠀⠀⠕⠀⠇⠀⠑&lt;/row&gt;
          &lt;row&gt;⠀&lt;/row&gt;
          &lt;row&gt;⠝⠀⠜⠀⠓⠀⠝⠀⠽⠀⠞⠀⠀⠀⠍⠀⠊⠀⠞⠀⠜⠀⠜⠀⠝&lt;/row&gt;
          &lt;row&gt;⠀&lt;/row&gt;
          &lt;row&gt;⠍⠀⠊⠀⠑⠀⠎⠀⠞⠀⠜&lt;/row&gt;
          &lt;row&gt;⠀&lt;/row&gt;
          &lt;row&gt;⠗⠀⠁⠀⠝⠀⠝⠀⠁⠀⠇⠀⠇⠀⠁⠂&lt;/row&gt;
          &lt;row&gt;⠀&lt;/row&gt;
          &lt;row&gt;⠠⠎⠀⠞⠀⠑⠀⠝⠀⠓⠀⠕⠀⠇⠀⠍⠀⠀⠀⠎⠀⠁⠀⠝⠀⠕⠀⠊⠄&lt;/row&gt;
        &lt;/page&gt;
        &lt;page&gt;
          &lt;row&gt;⠀⠀⠀⠀⠀⠀⠀⠀⠀⠀⠀⠀⠀⠀⠀⠀⠀⠀⠀⠀⠀⠀⠀⠀⠀⠀⠼⠁⠊⠛&lt;/row&gt;
          &lt;row&gt;⠤⠀⠀⠀⠠⠧⠀⠁⠀⠊⠀⠍⠀⠕⠀⠝⠀⠊⠀⠀⠀⠑⠀⠊&lt;/row&gt;
          &lt;row&gt;⠀&lt;/row&gt;
          &lt;row&gt;⠕⠀⠇⠀⠑⠀⠀⠀⠍⠀⠽⠀⠪⠀⠎⠀⠅⠀⠜⠀⠜⠀⠝&lt;/row&gt;
          &lt;row&gt;⠀&lt;/row&gt;
          &lt;row&gt;⠝⠀⠜⠀⠓⠀⠝⠀⠽⠀⠞⠀⠀⠀⠅⠀⠑⠀⠞⠀⠜⠀⠜⠀⠝⠄&lt;/row&gt;
          &lt;row&gt;⠀&lt;/row&gt;
          &lt;row&gt;⠠⠓⠀⠜⠀⠝⠀⠀⠀⠍⠀⠁⠀⠅⠀⠁⠀⠁&lt;/row&gt;
          &lt;row&gt;⠀&lt;/row&gt;
          &lt;row&gt;⠽⠀⠇⠀⠜⠀⠅⠀⠑⠀⠗⠀⠗⠀⠁⠀⠎⠀⠎⠀⠁⠄&lt;/row&gt;
          &lt;row&gt;⠀&lt;/row&gt;
          &lt;row&gt;⠠⠓⠀⠜⠀⠝⠀⠀⠀⠕⠀⠝⠀⠀⠀⠓⠀⠽⠀⠧⠀⠊⠀⠝&lt;/row&gt;
          &lt;row&gt;⠀&lt;/row&gt;
          &lt;row&gt;⠎⠀⠁⠀⠊⠀⠗⠀⠁⠀⠎⠄&lt;/row&gt;
          &lt;row&gt;⠀&lt;/row&gt;
          &lt;row&gt;⠀&lt;/row&gt;
          &lt;row&gt;⠠⠺⠀⠁⠀⠇⠀⠇⠀⠁⠀⠝⠀⠙⠀⠑⠀⠗&lt;/row&gt;
          &lt;row&gt;⠀&lt;/row&gt;
          &lt;row&gt;⠓⠀⠥⠀⠕⠀⠅⠀⠁⠀⠊⠀⠎⠀⠊⠄&lt;/row&gt;
          &lt;row&gt;⠀&lt;/row&gt;
          &lt;row&gt;⠠⠓⠀⠜⠀⠝⠀⠀⠀⠏⠀⠜⠀⠜⠀⠞⠀⠞⠀⠊&lt;/row&gt;
          &lt;row&gt;⠀&lt;/row&gt;
          &lt;row&gt;⠍⠀⠑⠀⠝⠀⠝⠀⠜⠀⠀⠀⠎⠀⠥⠀⠕⠀⠗⠀⠁⠀⠁⠀⠝&lt;/row&gt;
          &lt;row&gt;⠀&lt;/row&gt;
          &lt;row&gt;⠁⠀⠎⠀⠊⠀⠁⠀⠁⠀⠝⠄&lt;/row&gt;
          &lt;row&gt;⠀&lt;/row&gt;
          &lt;row/&gt;
        &lt;/page&gt;
        &lt;page&gt;
          &lt;row&gt;⠀⠀⠀⠀⠀⠀⠀⠀⠀⠀⠀⠀⠀⠀⠀⠀⠀⠀⠀⠀⠀⠀⠀⠀⠀⠀⠼⠁⠊⠓&lt;/row&gt;
          &lt;row&gt;⠤⠀⠀⠀⠠⠞⠀⠑⠀⠊⠀⠙⠀⠜⠀⠝&lt;/row&gt;
          &lt;row&gt;⠀&lt;/row&gt;
          &lt;row&gt;⠏⠀⠥⠀⠕⠀⠇⠀⠊⠀⠎⠀⠕⠀⠝⠀⠝⠀⠑⠀⠀⠀⠕⠀⠝&lt;/row&gt;
          &lt;row&gt;⠀&lt;/row&gt;
          &lt;row&gt;⠞⠀⠕⠀⠊⠀⠍⠀⠊⠀⠝⠀⠥⠀⠞&lt;/row&gt;
          &lt;row&gt;⠀&lt;/row&gt;
          &lt;row&gt;⠎⠀⠽⠀⠽⠀⠞⠀⠞⠀⠜⠀⠚⠀⠜⠀⠝⠀⠜⠂&lt;/row&gt;
          &lt;row&gt;⠀&lt;/row&gt;
          &lt;row&gt;⠓⠀⠜⠀⠝⠀⠀⠀⠁⠀⠇⠀⠕⠀⠊⠀⠞⠀⠞⠀⠊⠄&lt;/row&gt;
          &lt;row&gt;⠀&lt;/row&gt;
          &lt;row&gt;⠤⠀⠀⠀⠠⠎⠀⠑⠀⠊⠀⠞⠀⠎⠀⠑⠀⠍⠀⠜⠀⠝&lt;/row&gt;
          &lt;row&gt;⠀&lt;/row&gt;
          &lt;row&gt;⠧⠀⠥⠀⠕⠀⠞⠀⠞⠀⠁⠀⠀⠀⠎⠀⠊⠀⠞⠀⠞⠀⠑⠀⠝&lt;/row&gt;
          &lt;row&gt;⠀&lt;/row&gt;
          &lt;row&gt;⠏⠀⠥⠀⠕⠀⠇⠀⠊⠀⠎⠀⠕⠀⠝⠀⠝⠀⠑&lt;/row&gt;
          &lt;row&gt;⠀&lt;/row&gt;
          &lt;row&gt;⠞⠀⠕⠀⠊⠀⠍⠀⠊⠀⠀⠀⠚⠀⠕⠀⠝⠀⠅⠀⠊⠀⠝&lt;/row&gt;
          &lt;row&gt;⠀&lt;/row&gt;
          &lt;row&gt;⠁⠀⠊⠀⠅⠀⠁⠀⠁&lt;/row&gt;
          &lt;row&gt;⠀&lt;/row&gt;
          &lt;row&gt;⠎⠀⠽⠀⠽⠀⠞⠀⠞⠀⠜⠀⠚⠀⠜⠀⠝&lt;/row&gt;
          &lt;row&gt;⠀&lt;/row&gt;
          &lt;row&gt;⠧⠀⠊⠀⠗⠀⠁⠀⠎⠀⠎⠀⠁&lt;/row&gt;
          &lt;row&gt;⠀&lt;/row&gt;
          &lt;row&gt;⠠⠞⠀⠥⠀⠅⠀⠓⠀⠕⠀⠇⠀⠍⠀⠁⠀⠎⠀⠎⠀⠁⠄&lt;/row&gt;
          &lt;row/&gt;
        &lt;/page&gt;
        &lt;page&gt;
          &lt;row&gt;⠀⠀⠀⠀⠀⠀⠀⠀⠀⠀⠀⠀⠀⠀⠀⠀⠀⠀⠀⠀⠀⠀⠀⠀⠀⠀⠼⠁⠊⠊&lt;/row&gt;
          &lt;row&gt;⠠⠓⠀⠜⠀⠝⠀⠀⠀⠓⠀⠕⠀⠊⠀⠞⠀⠊⠀⠀⠀⠼⠁⠓⠤&lt;/row&gt;
          &lt;row&gt;⠀&lt;/row&gt;
          &lt;row&gt;⠧⠀⠥⠀⠕⠀⠞⠀⠊⠀⠁⠀⠁⠀⠝⠀⠀⠀⠏⠀⠕⠀⠚⠀⠁⠀⠝⠂&lt;/row&gt;
          &lt;row&gt;⠀&lt;/row&gt;
          &lt;row&gt;⠠⠃⠀⠑⠀⠝⠀⠛⠀⠞&lt;/row&gt;
          &lt;row&gt;⠀&lt;/row&gt;
          &lt;row&gt;⠠⠁⠀⠇⠀⠑⠀⠭⠀⠁⠀⠝⠀⠙⠀⠑⠀⠗⠀⠎⠀⠤&lt;/row&gt;
          &lt;row&gt;⠀&lt;/row&gt;
          &lt;row&gt;⠎⠀⠕⠀⠝⠀⠊⠀⠝⠂&lt;/row&gt;
          &lt;row&gt;⠀&lt;/row&gt;
          &lt;row&gt;⠅⠀⠥⠀⠕⠀⠇⠀⠑⠀⠍⠀⠁⠀⠁⠀⠝&lt;/row&gt;
          &lt;row&gt;⠀&lt;/row&gt;
          &lt;row&gt;⠇⠀⠊⠀⠊⠀⠞⠀⠞⠀⠽⠀⠝⠀⠑⠀⠑⠀⠞&lt;/row&gt;
          &lt;row&gt;⠀&lt;/row&gt;
          &lt;row&gt;⠞⠀⠥⠀⠞⠀⠅⠀⠊⠀⠍⠀⠥⠀⠅⠀⠎⠀⠑⠀⠞⠄&lt;/row&gt;
          &lt;row&gt;⠀&lt;/row&gt;
          &lt;row&gt;⠠⠅⠀⠕⠀⠎⠀⠅⠀⠁⠀⠀⠀⠅⠀⠑⠀⠞⠀⠜⠀⠜⠀⠝&lt;/row&gt;
          &lt;row&gt;⠀&lt;/row&gt;
          &lt;row&gt;⠑⠀⠏⠀⠜⠀⠊⠀⠇⠀⠞⠀⠽⠀⠜⠀⠀⠀⠑⠀⠊&lt;/row&gt;
          &lt;row&gt;⠀&lt;/row&gt;
          &lt;row&gt;⠇⠀⠪⠀⠽⠀⠙⠀⠑⠀⠞⠀⠞⠀⠽⠂&lt;/row&gt;
          &lt;row&gt;⠀&lt;/row&gt;
          &lt;row&gt;⠧⠀⠁⠀⠊⠀⠍⠀⠕⠀⠝⠀⠝⠀⠑&lt;/row&gt;
          &lt;row&gt;⠀&lt;/row&gt;
          &lt;row&gt;⠏⠀⠜⠀⠜⠀⠞⠀⠞⠀⠊&lt;/row&gt;
          &lt;row/&gt;
        &lt;/page&gt;
        &lt;page&gt;
          &lt;row&gt;⠀⠀⠀⠀⠀⠀⠀⠀⠀⠀⠀⠀⠀⠀⠀⠀⠀⠀⠀⠀⠀⠀⠀⠀⠀⠀⠼⠃⠚⠚&lt;/row&gt;
          &lt;row&gt;⠇⠀⠕⠀⠏⠀⠑⠀⠞⠀⠞⠀⠁⠀⠁&lt;/row&gt;
          &lt;row&gt;⠀&lt;/row&gt;
          &lt;row&gt;⠞⠀⠥⠀⠞⠀⠅⠀⠊⠀⠍⠀⠥⠀⠅⠀⠎⠀⠑⠀⠞⠄&lt;/row&gt;
          &lt;row&gt;⠀&lt;/row&gt;
          &lt;row&gt;⠠⠍⠀⠥⠀⠊⠀⠎⠀⠞⠀⠁⠀⠞⠀⠞⠀⠑⠀⠅⠀⠕&lt;/row&gt;
          &lt;row&gt;⠀&lt;/row&gt;
          &lt;row&gt;⠞⠀⠁⠀⠏⠀⠁⠀⠥⠀⠅⠀⠎⠀⠑⠀⠝⠢&lt;/row&gt;
          &lt;row&gt;⠀&lt;/row&gt;
          &lt;row&gt;⠀&lt;/row&gt;
          &lt;row&gt;⠤⠀⠀⠀⠠⠑⠀⠝&lt;/row&gt;
          &lt;row&gt;⠀&lt;/row&gt;
          &lt;row&gt;⠞⠀⠊⠀⠑⠀⠞⠀⠑⠀⠝⠀⠅⠀⠜⠀⠜⠀⠝&lt;/row&gt;
          &lt;row&gt;⠀&lt;/row&gt;
          &lt;row&gt;⠍⠀⠥⠀⠊⠀⠎⠀⠞⠀⠁⠂&lt;/row&gt;
          &lt;row&gt;⠀&lt;/row&gt;
          &lt;row&gt;⠠⠎⠀⠞⠀⠑⠀⠝⠀⠓⠀⠕⠀⠇⠀⠍⠀⠀⠀⠎⠀⠁⠀⠝⠀⠕⠀⠊⠄&lt;/row&gt;
          &lt;row&gt;⠀&lt;/row&gt;
          &lt;row&gt;⠤⠀⠀⠀⠠⠍⠀⠊⠀⠝⠀⠥⠀⠇⠀⠇⠀⠁⠀⠀⠀⠚⠀⠁&lt;/row&gt;
          &lt;row&gt;⠀&lt;/row&gt;
          &lt;row&gt;⠧⠀⠁⠀⠊⠀⠍⠀⠕⠀⠇⠀⠇⠀⠁⠀⠝⠀⠊⠀⠀⠀⠑⠀⠊&lt;/row&gt;
          &lt;row&gt;⠀&lt;/row&gt;
          &lt;row&gt;⠕⠀⠇⠀⠇⠀⠥⠀⠞⠀⠀⠀⠞⠀⠁⠀⠏⠀⠁⠀⠝⠀⠁&lt;/row&gt;
          &lt;row&gt;⠀&lt;/row&gt;
          &lt;row&gt;⠏⠀⠥⠀⠓⠀⠥⠀⠁&lt;/row&gt;
          &lt;row&gt;⠀&lt;/row&gt;
          &lt;row&gt;⠞⠀⠽⠀⠪⠀⠁⠀⠎⠀⠊⠀⠕⠀⠊⠀⠎⠀⠞⠀⠁⠄&lt;/row&gt;
        &lt;/page&gt;
        &lt;page&gt;
          &lt;row&gt;⠀⠀⠀⠀⠀⠀⠀⠀⠀⠀⠀⠀⠀⠀⠀⠀⠀⠀⠀⠀⠀⠀⠀⠀⠀⠀⠼⠃⠚⠁&lt;/row&gt;
          &lt;row&gt;⠀&lt;/row&gt;
          &lt;row&gt;⠠⠺⠀⠁⠀⠇⠀⠇⠀⠁⠀⠝⠀⠙⠀⠑⠀⠗&lt;/row&gt;
          &lt;row&gt;⠀&lt;/row&gt;
          &lt;row&gt;⠎⠀⠁⠀⠝⠀⠕⠀⠊⠒&lt;/row&gt;
          &lt;row&gt;⠀&lt;/row&gt;
          &lt;row&gt;⠤⠀⠀⠀⠠⠍⠀⠊⠀⠑⠀⠎⠂⠀⠀⠀⠚⠀⠕⠀⠅⠀⠁&lt;/row&gt;
          &lt;row&gt;⠀&lt;/row&gt;
          &lt;row&gt;⠕⠀⠝&lt;/row&gt;
          &lt;row&gt;⠀&lt;/row&gt;
          &lt;row&gt;⠅⠀⠥⠀⠇⠀⠚⠀⠑⠀⠎⠀⠅⠀⠑⠀⠇⠀⠇⠀⠥⠀⠞&lt;/row&gt;
          &lt;row&gt;⠀&lt;/row&gt;
          &lt;row&gt;⠞⠀⠜⠀⠜⠀⠇⠀⠇⠀⠜&lt;/row&gt;
          &lt;row&gt;⠀&lt;/row&gt;
          &lt;row&gt;⠗⠀⠁⠀⠝⠀⠝⠀⠁⠀⠇⠀⠇⠀⠁⠂⠀⠀⠕⠀⠝&lt;/row&gt;
          &lt;row&gt;⠀&lt;/row&gt;
          &lt;row&gt;⠅⠀⠥⠀⠕⠀⠇⠀⠇⠀⠑⠀⠑⠀⠝⠀⠀⠀⠏⠀⠕⠀⠚⠀⠁⠀⠝&lt;/row&gt;
          &lt;row&gt;⠀&lt;/row&gt;
          &lt;row&gt;⠊⠀⠎⠀⠜⠄&lt;/row&gt;
          &lt;row&gt;⠀&lt;/row&gt;
          &lt;row&gt;⠠⠓⠀⠜⠀⠝⠀⠑⠀⠞&lt;/row&gt;
          &lt;row&gt;⠀&lt;/row&gt;
          &lt;row&gt;⠍⠀⠽⠀⠗⠀⠅⠀⠽⠀⠞⠀⠑⠀⠞⠀⠞⠀⠊⠀⠊⠀⠝&lt;/row&gt;
          &lt;row&gt;⠀&lt;/row&gt;
          &lt;row&gt;⠚⠀⠁⠀⠀⠀⠓⠀⠜⠀⠝⠀⠀⠀⠅⠀⠥⠀⠕⠀⠇⠀⠊&lt;/row&gt;
          &lt;row&gt;⠀&lt;/row&gt;
          &lt;row&gt;⠞⠀⠁⠀⠅⠀⠎⠀⠊⠀⠝&lt;/row&gt;
        &lt;/page&gt;
        &lt;page&gt;
          &lt;row&gt;⠀⠀⠀⠀⠀⠀⠀⠀⠀⠀⠀⠀⠀⠀⠀⠀⠀⠀⠀⠀⠀⠀⠀⠀⠀⠀⠼⠃⠚⠃&lt;/row&gt;
          &lt;row&gt;⠞⠀⠁⠀⠅⠀⠁⠀⠏⠀⠑⠀⠝⠀⠅⠀⠊⠀⠇⠀⠇⠀⠑⠄&lt;/row&gt;
          &lt;row&gt;⠀&lt;/row&gt;
          &lt;row&gt;⠠⠕⠀⠝⠀⠅⠀⠕⠀⠀⠀⠞⠀⠑⠀⠊⠀⠇⠀⠇⠀⠜&lt;/row&gt;
          &lt;row&gt;⠀&lt;/row&gt;
          &lt;row&gt;⠚⠀⠕⠀⠞⠀⠁⠀⠊⠀⠝&lt;/row&gt;
          &lt;row&gt;⠀&lt;/row&gt;
          &lt;row&gt;⠎⠀⠁⠀⠝⠀⠕⠀⠍⠀⠊⠀⠎⠀⠞⠀⠁&lt;/row&gt;
          &lt;row&gt;⠀&lt;/row&gt;
          &lt;row&gt;⠎⠀⠊⠀⠊⠀⠓⠀⠑⠀⠝⠢&lt;/row&gt;
          &lt;row&gt;⠀&lt;/row&gt;
          &lt;row&gt;⠀&lt;/row&gt;
          &lt;row&gt;⠠⠧⠀⠁⠀⠝⠀⠓⠀⠁⠀⠀⠀⠍⠀⠊⠀⠑⠀⠎&lt;/row&gt;
          &lt;row&gt;⠀&lt;/row&gt;
          &lt;row&gt;⠊⠀⠎⠀⠞⠀⠥⠀⠊⠀⠀⠀⠓⠀⠊⠀⠇⠀⠚⠀⠁⠀⠁⠄&lt;/row&gt;
          &lt;row&gt;⠀&lt;/row&gt;
          &lt;row&gt;⠠⠓⠀⠜⠀⠝⠀⠑⠀⠇⠀⠇⠀⠜⠀⠀⠀⠑⠀⠊&lt;/row&gt;
          &lt;row&gt;⠀&lt;/row&gt;
          &lt;row&gt;⠊⠀⠇⠀⠍⠀⠑⠀⠊⠀⠎⠀⠑⠀⠎⠀⠞⠀⠊&lt;/row&gt;
          &lt;row&gt;⠀&lt;/row&gt;
          &lt;row&gt;⠕⠀⠇⠀⠇⠀⠥⠀⠞⠀⠀⠀⠍⠀⠊⠀⠞⠀⠜⠀⠜⠀⠝&lt;/row&gt;
          &lt;row&gt;⠀&lt;/row&gt;
          &lt;row&gt;⠎⠀⠁⠀⠝⠀⠕⠀⠞⠀⠞⠀⠁⠀⠧⠀⠁⠀⠁⠄&lt;/row&gt;
          &lt;row&gt;⠀&lt;/row&gt;
          &lt;row&gt;⠤⠀⠀⠀⠠⠅⠀⠥⠀⠝⠀⠀⠀⠚⠀⠜⠀⠊⠀⠞⠀⠞⠀⠑&lt;/row&gt;
          &lt;row&gt;⠀&lt;/row&gt;
          &lt;row&gt;⠑⠀⠇⠀⠜⠀⠅⠀⠅⠀⠑⠀⠑⠀⠇⠀⠇⠀⠑⠂&lt;/row&gt;
        &lt;/page&gt;
        &lt;page&gt;
          &lt;row&gt;⠀⠀⠀⠀⠀⠀⠀⠀⠀⠀⠀⠀⠀⠀⠀⠀⠀⠀⠀⠀⠀⠀⠀⠀⠀⠀⠼⠃⠚⠉&lt;/row&gt;
          &lt;row&gt;⠍⠀⠥⠀⠥⠀⠞⠀⠊⠀⠞⠀⠞⠀⠑&lt;/row&gt;
          &lt;row&gt;⠀&lt;/row&gt;
          &lt;row&gt;⠠⠎⠀⠧⠀⠁⠀⠗⠀⠞⠀⠑⠀⠑⠀⠝⠂&lt;/row&gt;
          &lt;row&gt;⠀&lt;/row&gt;
          &lt;row&gt;⠠⠺⠀⠁⠀⠇⠀⠇⠀⠁⠀⠝⠀⠙⠀⠑⠀⠗&lt;/row&gt;
          &lt;row&gt;⠀&lt;/row&gt;
          &lt;row&gt;⠎⠀⠁⠀⠝⠀⠕⠀⠊⠄&lt;/row&gt;
          &lt;row&gt;⠀&lt;/row&gt;
          &lt;row&gt;⠠⠓⠀⠜⠀⠝⠀⠀⠀⠚⠀⠁⠀⠞⠀⠅⠀⠕⠀⠊⠒&lt;/row&gt;
          &lt;row&gt;⠀&lt;/row&gt;
          &lt;row&gt;⠤⠀⠀⠀⠠⠎⠀⠧⠀⠁⠀⠗⠀⠞⠀⠑⠀⠀⠀⠕⠀⠝&lt;/row&gt;
          &lt;row&gt;⠀&lt;/row&gt;
          &lt;row&gt;⠏⠀⠊⠀⠑⠀⠝⠀⠊⠀⠀⠀⠏⠀⠁⠀⠊⠀⠅⠀⠅⠀⠁⠂&lt;/row&gt;
          &lt;row&gt;⠀&lt;/row&gt;
          &lt;row&gt;⠚⠀⠕⠀⠞⠀⠁⠀⠀⠀⠚⠀⠥⠀⠥⠀⠗⠀⠊&lt;/row&gt;
          &lt;row&gt;⠀&lt;/row&gt;
          &lt;row&gt;⠅⠀⠥⠀⠅⠀⠁⠀⠁⠀⠝⠀⠀⠀⠑⠀⠊&lt;/row&gt;
          &lt;row&gt;⠀&lt;/row&gt;
          &lt;row&gt;⠞⠀⠊⠀⠑⠀⠙⠀⠜⠄&lt;/row&gt;
          &lt;row&gt;⠀&lt;/row&gt;
          &lt;row&gt;⠠⠞⠀⠑⠀⠊⠀⠙⠀⠜⠀⠝&lt;/row&gt;
          &lt;row&gt;⠀&lt;/row&gt;
          &lt;row&gt;⠝⠀⠊⠀⠍⠀⠑⠀⠜⠀⠝⠀⠝⠀⠑⠀⠀⠀⠑⠀⠊&lt;/row&gt;
          &lt;row&gt;⠀&lt;/row&gt;
          &lt;row&gt;⠕⠀⠇⠀⠑⠀⠀⠀⠏⠀⠥⠀⠓⠀⠑⠀⠇⠀⠊⠀⠝⠀⠤&lt;/row&gt;
          &lt;row/&gt;
        &lt;/page&gt;
        &lt;page&gt;
          &lt;row&gt;⠀⠀⠀⠀⠀⠀⠀⠀⠀⠀⠀⠀⠀⠀⠀⠀⠀⠀⠀⠀⠀⠀⠀⠀⠀⠀⠼⠃⠚⠙&lt;/row&gt;
          &lt;row&gt;⠇⠀⠥⠀⠑⠀⠞⠀⠞⠀⠑⠀⠇⠀⠕⠀⠎⠀⠎⠀⠁&lt;/row&gt;
          &lt;row&gt;⠀&lt;/row&gt;
          &lt;row&gt;⠚⠀⠁⠀⠀⠀⠝⠀⠥⠀⠍⠀⠑⠀⠗⠀⠕⠀⠝⠀⠝⠀⠑&lt;/row&gt;
          &lt;row&gt;⠀&lt;/row&gt;
          &lt;row&gt;⠕⠀⠝⠀⠀⠀⠎⠀⠁⠀⠇⠀⠁⠀⠊⠀⠝⠀⠑⠀⠝⠄&lt;/row&gt;
          &lt;row&gt;⠀&lt;/row&gt;
          &lt;row&gt;⠠⠧⠀⠕⠀⠊⠀⠀⠀⠕⠀⠇⠀⠇⠀⠁⠂⠀⠀⠀⠑⠀⠞⠀⠞⠀⠜&lt;/row&gt;
          &lt;row&gt;⠀&lt;/row&gt;
          &lt;row&gt;⠓⠀⠁⠀⠇⠀⠥⠀⠁⠀⠞⠀⠞⠀⠑⠀⠀⠀⠕⠀⠇⠀⠇⠀⠁&lt;/row&gt;
          &lt;row&gt;⠀&lt;/row&gt;
          &lt;row&gt;⠧⠀⠁⠀⠊⠀⠝⠀⠀⠀⠗⠀⠁⠀⠥⠀⠓⠀⠁⠀⠎⠀⠎⠀⠁⠂&lt;/row&gt;
          &lt;row&gt;⠀&lt;/row&gt;
          &lt;row&gt;⠍⠀⠥⠀⠞⠀⠞⠀⠁⠀⠀⠀⠎⠀⠊⠀⠊⠀⠓⠀⠑⠀⠝&lt;/row&gt;
          &lt;row&gt;⠀&lt;/row&gt;
          &lt;row&gt;⠧⠀⠕⠀⠊⠀⠀⠀⠕⠀⠇⠀⠇⠀⠁⠀⠀⠀⠚⠀⠕⠀⠅⠀⠊⠀⠝&lt;/row&gt;
          &lt;row&gt;⠀&lt;/row&gt;
          &lt;row&gt;⠍⠀⠥⠀⠥⠀⠅⠀⠊⠀⠝⠀⠀⠀⠎⠀⠽⠀⠽⠄&lt;/row&gt;
          &lt;row&gt;⠀&lt;/row&gt;
          &lt;row&gt;⠠⠇⠀⠥⠀⠥⠀⠇⠀⠑⠀⠝⠂⠀⠀⠀⠑⠀⠞⠀⠞⠀⠜&lt;/row&gt;
          &lt;row&gt;⠀&lt;/row&gt;
          &lt;row&gt;⠍⠀⠥⠀⠥⠀⠞⠀⠊⠀⠞⠀⠞⠀⠑⠀⠀⠀⠞⠀⠜⠀⠝⠀⠝⠀⠑&lt;/row&gt;
          &lt;row&gt;⠀&lt;/row&gt;
          &lt;row&gt;⠎⠀⠁⠀⠇⠀⠁⠀⠁⠄&lt;/row&gt;
          &lt;row&gt;⠀&lt;/row&gt;
          &lt;row&gt;⠀&lt;/row&gt;
          &lt;row/&gt;
        &lt;/page&gt;
        &lt;page&gt;
          &lt;row&gt;⠀⠀⠀⠀⠀⠀⠀⠀⠀⠀⠀⠀⠀⠀⠀⠀⠀⠀⠀⠀⠀⠀⠀⠀⠀⠀⠼⠃⠚⠑&lt;/row&gt;
          &lt;row&gt;⠠⠓⠀⠁⠀⠇⠀⠥⠀⠎⠀⠊⠀⠞⠀⠞⠀⠑&lt;/row&gt;
          &lt;row&gt;⠀&lt;/row&gt;
          &lt;row&gt;⠏⠀⠁⠀⠑⠀⠞⠀⠁⠀⠀⠀⠚⠀⠕⠀⠞⠀⠁⠀⠅⠀⠊⠀⠝⠂&lt;/row&gt;
          &lt;row&gt;⠀&lt;/row&gt;
          &lt;row&gt;⠍⠀⠊⠀⠞⠀⠜⠀⠀⠀⠕⠀⠇⠀⠊&lt;/row&gt;
          &lt;row&gt;⠀&lt;/row&gt;
          &lt;row&gt;⠞⠀⠁⠀⠏⠀⠁⠀⠓⠀⠞⠀⠥⠀⠝⠀⠥⠀⠞⠄&lt;/row&gt;
          &lt;row&gt;⠀&lt;/row&gt;
          &lt;row&gt;⠀&lt;/row&gt;
          &lt;row&gt;⠠⠓⠀⠁⠀⠇⠀⠥⠀⠎⠀⠊⠀⠞⠀⠞⠀⠑&lt;/row&gt;
          &lt;row&gt;⠀&lt;/row&gt;
          &lt;row&gt;⠏⠀⠁⠀⠑⠀⠞⠀⠁⠀⠀⠀⠚⠀⠕⠀⠞⠀⠁⠀⠅⠀⠥⠀⠞⠀⠁&lt;/row&gt;
          &lt;row&gt;⠀&lt;/row&gt;
          &lt;row&gt;⠓⠀⠑⠀⠝⠀⠅⠀⠊⠀⠇⠀⠪⠀⠜⠂&lt;/row&gt;
          &lt;row&gt;⠀&lt;/row&gt;
          &lt;row&gt;⠚⠀⠕⠀⠞⠀⠁⠀⠀⠀⠑⠀⠞⠀⠞⠀⠑&lt;/row&gt;
          &lt;row&gt;⠀&lt;/row&gt;
          &lt;row&gt;⠓⠀⠁⠀⠇⠀⠥⠀⠁⠀⠀⠀⠅⠀⠕⠀⠓⠀⠙⠀⠁⠀⠞⠀⠁⠄&lt;/row&gt;
          &lt;row&gt;⠀&lt;/row&gt;
          &lt;row&gt;⠠⠕⠀⠝⠀⠅⠀⠕⠀⠀⠀⠝⠀⠜⠀⠊⠀⠝⠢&lt;/row&gt;
          &lt;row&gt;⠀&lt;/row&gt;
          &lt;row&gt;⠀&lt;/row&gt;
          &lt;row&gt;⠠⠺⠀⠁⠀⠇⠀⠇⠀⠁⠀⠝⠀⠙⠀⠑⠀⠗&lt;/row&gt;
          &lt;row&gt;⠀&lt;/row&gt;
          &lt;row&gt;⠅⠀⠁⠀⠞⠀⠎⠀⠕⠀⠊&lt;/row&gt;
          &lt;row/&gt;
        &lt;/page&gt;
        &lt;page&gt;
          &lt;row&gt;⠀⠀⠀⠀⠀⠀⠀⠀⠀⠀⠀⠀⠀⠀⠀⠀⠀⠀⠀⠀⠀⠀⠀⠀⠀⠀⠼⠃⠚⠋&lt;/row&gt;
          &lt;row&gt;⠠⠎⠀⠞⠀⠑⠀⠝⠀⠓⠀⠕⠀⠇⠀⠍⠀⠊⠀⠁⠂&lt;/row&gt;
          &lt;row&gt;⠀&lt;/row&gt;
          &lt;row&gt;⠍⠀⠥⠀⠞⠀⠞⠀⠁⠀⠀⠀⠧⠀⠁⠀⠝⠀⠓⠀⠁&lt;/row&gt;
          &lt;row&gt;⠀&lt;/row&gt;
          &lt;row&gt;⠍⠀⠊⠀⠑⠀⠎⠀⠀⠀⠑⠀⠊&lt;/row&gt;
          &lt;row&gt;⠀&lt;/row&gt;
          &lt;row&gt;⠑⠀⠙⠀⠑⠀⠇⠀⠇⠀⠑⠀⠑⠀⠝⠀⠅⠀⠜⠀⠜⠀⠝&lt;/row&gt;
          &lt;row&gt;⠀&lt;/row&gt;
          &lt;row&gt;⠎⠀⠁⠀⠝⠀⠕⠀⠝⠀⠥⠀⠞⠀⠀⠀⠍⠀⠊⠀⠞⠀⠜⠀⠜⠀⠝⠄&lt;/row&gt;
          &lt;row&gt;⠀&lt;/row&gt;
          &lt;row&gt;⠀&lt;/row&gt;
          &lt;row&gt;⠠⠺⠀⠁⠀⠇⠀⠇⠀⠁⠀⠝⠀⠙⠀⠑⠀⠗&lt;/row&gt;
          &lt;row&gt;⠀&lt;/row&gt;
          &lt;row&gt;⠚⠀⠁⠀⠞⠀⠅⠀⠕⠀⠊⠒&lt;/row&gt;
          &lt;row&gt;⠀&lt;/row&gt;
          &lt;row&gt;⠤⠀⠀⠀⠠⠞⠀⠑⠀⠀⠀⠚⠀⠁&lt;/row&gt;
          &lt;row&gt;⠀&lt;/row&gt;
          &lt;row&gt;⠧⠀⠁⠀⠊⠀⠍⠀⠕⠀⠝⠀⠝⠀⠑&lt;/row&gt;
          &lt;row&gt;⠀&lt;/row&gt;
          &lt;row&gt;⠍⠀⠥⠀⠥⠀⠞⠀⠊⠀⠞⠀⠞⠀⠑⠀⠀⠀⠞⠀⠜⠀⠝⠀⠝⠀⠑&lt;/row&gt;
          &lt;row&gt;⠀&lt;/row&gt;
          &lt;row&gt;⠏⠀⠁⠀⠅⠀⠕⠀⠕⠀⠝&lt;/row&gt;
          &lt;row&gt;⠀&lt;/row&gt;
          &lt;row&gt;⠠⠁⠀⠇⠀⠑⠀⠭⠀⠁⠀⠝⠀⠙⠀⠑⠀⠗⠀⠎⠀⠤&lt;/row&gt;
          &lt;row&gt;⠀&lt;/row&gt;
          &lt;row&gt;⠎⠀⠕⠀⠝⠀⠊⠀⠁⠄&lt;/row&gt;
        &lt;/page&gt;
        &lt;page&gt;
          &lt;row&gt;⠀⠀⠀⠀⠀⠀⠀⠀⠀⠀⠀⠀⠀⠀⠀⠀⠀⠀⠀⠀⠀⠀⠀⠀⠀⠀⠼⠃⠚⠛&lt;/row&gt;
          &lt;row&gt;⠠⠁⠀⠇⠀⠑⠀⠭⠀⠁⠀⠝⠀⠙⠀⠑⠀⠗⠀⠎⠀⠎⠀⠕⠀⠝&lt;/row&gt;
          &lt;row&gt;⠀&lt;/row&gt;
          &lt;row&gt;⠧⠀⠊⠀⠓⠀⠁⠀⠎⠀⠊&lt;/row&gt;
          &lt;row&gt;⠀&lt;/row&gt;
          &lt;row&gt;⠧⠀⠁⠀⠊⠀⠍⠀⠕⠀⠁⠀⠝⠀⠝⠀⠑⠄&lt;/row&gt;
          &lt;row&gt;⠀&lt;/row&gt;
          &lt;row&gt;⠠⠓⠀⠜⠀⠝⠀⠑⠀⠝&lt;/row&gt;
          &lt;row&gt;⠀&lt;/row&gt;
          &lt;row&gt;⠍⠀⠊⠀⠑⠀⠇⠀⠑⠀⠎⠀⠞⠀⠜⠀⠜⠀⠝&lt;/row&gt;
          &lt;row&gt;⠀&lt;/row&gt;
          &lt;row&gt;⠧⠀⠁⠀⠊⠀⠍⠀⠕⠀⠝⠀⠝⠀⠑⠀⠀⠀⠑⠀⠊&lt;/row&gt;
          &lt;row&gt;⠀&lt;/row&gt;
          &lt;row&gt;⠕⠀⠇⠀⠇⠀⠥⠀⠞⠀⠀⠀⠞⠀⠑⠀⠓⠀⠝⠀⠽⠀⠞&lt;/row&gt;
          &lt;row&gt;⠀&lt;/row&gt;
          &lt;row&gt;⠞⠀⠁⠀⠗⠀⠏⠀⠑⠀⠑⠀⠅⠀⠎⠀⠊⠂&lt;/row&gt;
          &lt;row&gt;⠀&lt;/row&gt;
          &lt;row&gt;⠚⠀⠕⠀⠞⠀⠞⠀⠁⠀⠀⠀⠓⠀⠜⠀⠝⠀⠑⠀⠝&lt;/row&gt;
          &lt;row&gt;⠀&lt;/row&gt;
          &lt;row&gt;⠏⠀⠕⠀⠊⠀⠅⠀⠁⠀⠝⠀⠎⠀⠁&lt;/row&gt;
          &lt;row&gt;⠀&lt;/row&gt;
          &lt;row&gt;⠅⠀⠥⠀⠕⠀⠇⠀⠑⠀⠍⠀⠁⠀⠀⠀⠕⠀⠇⠀⠊⠀⠎⠀⠊&lt;/row&gt;
          &lt;row&gt;⠀&lt;/row&gt;
          &lt;row&gt;⠎⠀⠑⠀⠇⠀⠧⠀⠊⠀⠝⠀⠝⠀⠽⠀⠞⠄&lt;/row&gt;
          &lt;row&gt;⠀&lt;/row&gt;
          &lt;row&gt;⠀&lt;/row&gt;
          &lt;row/&gt;
        &lt;/page&gt;
        &lt;page&gt;
          &lt;row&gt;⠀⠀⠀⠀⠀⠀⠀⠀⠀⠀⠀⠀⠀⠀⠀⠀⠀⠀⠀⠀⠀⠀⠀⠀⠀⠀⠼⠃⠚⠓&lt;/row&gt;
          &lt;row&gt;⠠⠓⠀⠜⠀⠝⠀⠀⠀⠧⠀⠁⠀⠊⠀⠝⠀⠕⠀⠎⠀⠊&lt;/row&gt;
          &lt;row&gt;⠀&lt;/row&gt;
          &lt;row&gt;⠞⠀⠑⠀⠊⠀⠞⠀⠜⠄&lt;/row&gt;
          &lt;row&gt;⠀&lt;/row&gt;
          &lt;row&gt;⠠⠞⠀⠑⠀⠀⠀⠍⠀⠥⠀⠥⠀⠞⠀⠊⠀⠞⠀⠞⠀⠑&lt;/row&gt;
          &lt;row&gt;⠀&lt;/row&gt;
          &lt;row&gt;⠞⠀⠜⠀⠝⠀⠝⠀⠑⠂⠀⠀⠀⠍⠀⠥⠀⠞⠀⠞⠀⠁&lt;/row&gt;
          &lt;row&gt;⠀&lt;/row&gt;
          &lt;row&gt;⠓⠀⠜⠀⠝⠀⠀⠀⠇⠀⠪⠀⠽⠀⠎⠀⠊&lt;/row&gt;
          &lt;row&gt;⠀&lt;/row&gt;
          &lt;row&gt;⠞⠀⠑⠀⠊⠀⠙⠀⠜⠀⠞⠄&lt;/row&gt;
          &lt;row&gt;⠀&lt;/row&gt;
          &lt;row&gt;⠀&lt;/row&gt;
          &lt;row&gt;⠠⠞⠀⠥⠀⠗⠀⠑⠀⠀⠀⠠⠎⠀⠞⠀⠑⠀⠝⠀⠓⠀⠕⠀⠇⠀⠍&lt;/row&gt;
          &lt;row&gt;⠀&lt;/row&gt;
          &lt;row&gt;⠓⠀⠥⠀⠕⠀⠅⠀⠁⠀⠊⠀⠎⠀⠊&lt;/row&gt;
          &lt;row&gt;⠀&lt;/row&gt;
          &lt;row&gt;⠗⠀⠁⠀⠎⠀⠅⠀⠁⠀⠁⠀⠎⠀⠞⠀⠊⠂&lt;/row&gt;
          &lt;row&gt;⠀&lt;/row&gt;
          &lt;row&gt;⠍⠀⠥⠀⠞⠀⠞⠀⠁⠀⠀⠀⠕⠀⠇⠀⠊&lt;/row&gt;
          &lt;row&gt;⠀&lt;/row&gt;
          &lt;row&gt;⠑⠀⠙⠀⠑⠀⠇⠀⠇⠀⠑⠀⠑⠀⠝&lt;/row&gt;
          &lt;row&gt;⠀&lt;/row&gt;
          &lt;row&gt;⠓⠀⠊⠀⠇⠀⠚⠀⠁⠀⠁⠄&lt;/row&gt;
          &lt;row&gt;⠀&lt;/row&gt;
          &lt;row/&gt;
        &lt;/page&gt;
        &lt;page&gt;
          &lt;row&gt;⠀⠀⠀⠀⠀⠀⠀⠀⠀⠀⠀⠀⠀⠀⠀⠀⠀⠀⠀⠀⠀⠀⠀⠀⠀⠀⠼⠃⠚⠊&lt;/row&gt;
          &lt;row&gt;⠤⠀⠀⠀⠠⠞⠀⠑⠀⠀⠀⠇⠀⠥⠀⠥⠀⠇⠀⠊⠀⠞⠀⠞⠀⠑⠂&lt;/row&gt;
          &lt;row&gt;⠀&lt;/row&gt;
          &lt;row&gt;⠑⠀⠞⠀⠞⠀⠜⠀⠀⠀⠕⠀⠇⠀⠊⠀⠞⠀⠞⠀⠑&lt;/row&gt;
          &lt;row&gt;⠀&lt;/row&gt;
          &lt;row&gt;⠏⠀⠜⠀⠜⠀⠎⠀⠎⠀⠑⠀⠑⠀⠞&lt;/row&gt;
          &lt;row&gt;⠀&lt;/row&gt;
          &lt;row&gt;⠏⠀⠁⠀⠅⠀⠕⠀⠕⠀⠝&lt;/row&gt;
          &lt;row&gt;⠀&lt;/row&gt;
          &lt;row&gt;⠠⠁⠀⠇⠀⠑⠀⠭⠀⠁⠀⠝⠀⠙⠀⠑⠀⠗⠀⠎⠀⠤&lt;/row&gt;
          &lt;row&gt;⠀&lt;/row&gt;
          &lt;row&gt;⠎⠀⠕⠀⠝⠀⠊⠀⠇⠀⠞⠀⠁⠂&lt;/row&gt;
          &lt;row&gt;⠀&lt;/row&gt;
          &lt;row&gt;⠠⠺⠀⠁⠀⠇⠀⠇⠀⠁⠀⠝⠀⠙⠀⠑⠀⠗&lt;/row&gt;
          &lt;row&gt;⠀&lt;/row&gt;
          &lt;row&gt;⠎⠀⠁⠀⠝⠀⠕⠀⠊⠄&lt;/row&gt;
          &lt;row&gt;⠀&lt;/row&gt;
          &lt;row&gt;⠤⠀⠀⠀⠠⠍⠀⠥⠀⠞⠀⠞⠀⠁⠀⠀⠀⠑⠀⠗⠀⠜⠀⠜⠀⠝⠀⠜&lt;/row&gt;
          &lt;row&gt;⠀&lt;/row&gt;
          &lt;row&gt;⠏⠀⠜⠀⠊⠀⠧⠀⠜⠀⠝⠀⠜⠀⠀⠀⠝⠀⠜⠀⠊⠀⠞⠀⠞⠀⠑&lt;/row&gt;
          &lt;row&gt;⠀&lt;/row&gt;
          &lt;row&gt;⠓⠀⠜⠀⠝⠀⠑⠀⠞⠄&lt;/row&gt;
          &lt;row&gt;⠀&lt;/row&gt;
          &lt;row&gt;⠠⠓⠀⠜⠀⠝⠀⠀⠀⠅⠀⠜⠀⠧⠀⠑⠀⠇⠀⠊&lt;/row&gt;
          &lt;row&gt;⠀&lt;/row&gt;
          &lt;row&gt;⠞⠀⠑⠀⠊⠀⠞⠀⠜⠀⠀⠀⠧⠀⠁⠀⠎⠀⠞⠀⠁⠀⠁⠀⠝&lt;/row&gt;
          &lt;row/&gt;
        &lt;/page&gt;
        &lt;page&gt;
          &lt;row&gt;⠀⠀⠀⠀⠀⠀⠀⠀⠀⠀⠀⠀⠀⠀⠀⠀⠀⠀⠀⠀⠀⠀⠀⠀⠀⠀⠼⠃⠁⠚&lt;/row&gt;
          &lt;row&gt;⠗⠀⠁⠀⠝⠀⠝⠀⠁⠀⠇⠀⠇⠀⠁⠂⠀⠀⠅⠀⠥⠀⠝&lt;/row&gt;
          &lt;row&gt;⠀&lt;/row&gt;
          &lt;row&gt;⠕⠀⠇⠀⠊⠀⠞⠀⠞⠀⠑&lt;/row&gt;
          &lt;row&gt;⠀&lt;/row&gt;
          &lt;row&gt;⠅⠀⠜⠀⠧⠀⠑⠀⠇⠀⠑⠀⠍⠀⠜⠀⠎⠀⠎⠀⠜&lt;/row&gt;
          &lt;row&gt;⠀&lt;/row&gt;
          &lt;row&gt;⠅⠀⠕⠀⠊⠀⠗⠀⠁⠀⠝⠀⠀⠀⠅⠀⠁⠀⠝⠀⠎⠀⠎⠀⠁⠄&lt;/row&gt;
          &lt;row&gt;⠀&lt;/row&gt;
          &lt;row&gt;⠠⠓⠀⠜⠀⠝⠀⠀⠀⠎⠀⠽⠀⠽⠀⠞⠀⠞⠀⠊&lt;/row&gt;
          &lt;row&gt;⠀&lt;/row&gt;
          &lt;row&gt;⠧⠀⠁⠀⠊⠀⠍⠀⠕⠀⠁⠀⠝⠀⠝⠀⠑&lt;/row&gt;
          &lt;row&gt;⠀&lt;/row&gt;
          &lt;row&gt;⠎⠀⠊⠀⠊⠀⠞⠀⠜⠂⠀⠀⠑⠀⠞⠀⠞⠀⠜&lt;/row&gt;
          &lt;row&gt;⠀&lt;/row&gt;
          &lt;row&gt;⠏⠀⠕⠀⠚⠀⠁⠀⠝⠀⠀⠀⠅⠀⠥⠀⠕⠀⠇⠀⠑⠀⠍⠀⠁&lt;/row&gt;
          &lt;row&gt;⠀&lt;/row&gt;
          &lt;row&gt;⠕⠀⠇⠀⠊&lt;/row&gt;
          &lt;row&gt;⠀&lt;/row&gt;
          &lt;row&gt;⠗⠀⠁⠀⠞⠀⠅⠀⠁⠀⠊⠀⠎⠀⠑⠀⠍⠀⠁⠀⠞⠀⠞⠀⠁⠄&lt;/row&gt;
          &lt;row&gt;⠀&lt;/row&gt;
          &lt;row&gt;⠠⠓⠀⠜⠀⠝⠀⠑⠀⠝⠀⠀⠀⠍⠀⠊⠀⠑⠀⠇⠀⠑⠀⠎&lt;/row&gt;
          &lt;row&gt;⠀&lt;/row&gt;
          &lt;row&gt;⠞⠀⠜⠀⠜⠀⠝⠀⠀⠀⠎⠀⠑⠀⠀⠀⠕⠀⠇⠀⠊&lt;/row&gt;
          &lt;row&gt;⠀&lt;/row&gt;
          &lt;row&gt;⠧⠀⠁⠀⠊⠀⠍⠀⠕⠀⠝⠀⠝⠀⠑⠀⠀⠀⠎⠀⠽⠀⠽⠄&lt;/row&gt;
          &lt;row/&gt;
        &lt;/page&gt;
        &lt;page&gt;
          &lt;row&gt;⠀⠀⠀⠀⠀⠀⠀⠀⠀⠀⠀⠀⠀⠀⠀⠀⠀⠀⠀⠀⠀⠀⠀⠀⠀⠀⠼⠃⠁⠁&lt;/row&gt;
          &lt;row&gt;⠠⠍⠀⠊⠀⠑⠀⠎&lt;/row&gt;
          &lt;row&gt;⠀&lt;/row&gt;
          &lt;row&gt;⠅⠀⠜⠀⠽⠀⠞⠀⠞⠀⠜⠀⠽⠀⠞⠀⠽⠀⠊&lt;/row&gt;
          &lt;row&gt;⠀&lt;/row&gt;
          &lt;row&gt;⠥⠀⠓⠀⠅⠀⠁⠀⠁⠀⠧⠀⠁⠀⠎⠀⠞⠀⠊⠄&lt;/row&gt;
          &lt;row&gt;⠀&lt;/row&gt;
          &lt;row&gt;⠠⠓⠀⠜⠀⠝⠀⠀⠀⠏⠀⠁⠀⠇⠀⠁⠀⠎⠀⠊&lt;/row&gt;
          &lt;row&gt;⠀&lt;/row&gt;
          &lt;row&gt;⠞⠀⠁⠀⠅⠀⠁⠀⠊⠀⠎⠀⠊⠀⠝⠀⠀⠀⠚⠀⠕⠀⠅⠀⠁&lt;/row&gt;
          &lt;row&gt;⠀&lt;/row&gt;
          &lt;row&gt;⠏⠀⠜⠀⠊⠀⠧⠀⠜⠄&lt;/row&gt;
          &lt;row&gt;⠀&lt;/row&gt;
          &lt;row&gt;⠠⠞⠀⠑⠀⠀⠀⠑⠀⠞⠀⠞⠀⠑&lt;/row&gt;
          &lt;row&gt;⠀&lt;/row&gt;
          &lt;row&gt;⠞⠀⠊⠀⠑⠀⠝⠀⠝⠀⠑⠀⠑⠀⠞⠂⠀⠀⠀⠍⠀⠊⠀⠞⠀⠑⠀⠝&lt;/row&gt;
          &lt;row&gt;⠀&lt;/row&gt;
          &lt;row&gt;⠏⠀⠜⠀⠜⠀⠎⠀⠊⠀⠎⠀⠊⠀⠞⠀⠞⠀⠑&lt;/row&gt;
          &lt;row&gt;⠀&lt;/row&gt;
          &lt;row&gt;⠑⠀⠗⠀⠕⠀⠕⠀⠝⠀⠀⠀⠓⠀⠜⠀⠝⠀⠑⠀⠎⠀⠞⠀⠜⠄&lt;/row&gt;
          &lt;row&gt;⠀&lt;/row&gt;
          &lt;row&gt;⠠⠇⠀⠕⠀⠏⠀⠥⠀⠇⠀⠞⠀⠁&lt;/row&gt;
          &lt;row&gt;⠀&lt;/row&gt;
          &lt;row&gt;⠅⠀⠥⠀⠞⠀⠎⠀⠥⠀⠊⠀⠞⠀⠞⠀⠑&lt;/row&gt;
          &lt;row&gt;⠀&lt;/row&gt;
          &lt;row&gt;⠓⠀⠜⠀⠝⠀⠑⠀⠞⠀⠀⠀⠎⠀⠊⠀⠎⠀⠜⠀⠜⠀⠝&lt;/row&gt;
          &lt;row/&gt;
        &lt;/page&gt;
        &lt;page&gt;
          &lt;row&gt;⠀⠀⠀⠀⠀⠀⠀⠀⠀⠀⠀⠀⠀⠀⠀⠀⠀⠀⠀⠀⠀⠀⠀⠀⠀⠀⠼⠃⠁⠃&lt;/row&gt;
          &lt;row&gt;⠞⠀⠁⠀⠇⠀⠕⠀⠕⠀⠝⠄&lt;/row&gt;
          &lt;row&gt;⠀&lt;/row&gt;
          &lt;row&gt;⠠⠝⠀⠊⠀⠊⠀⠝⠀⠅⠀⠪⠀⠀⠀⠎⠀⠊⠀⠊⠀⠝⠀⠜&lt;/row&gt;
          &lt;row&gt;⠀&lt;/row&gt;
          &lt;row&gt;⠅⠀⠜⠀⠧⠀⠊⠢&lt;/row&gt;
          &lt;row&gt;⠀&lt;/row&gt;
          &lt;row&gt;⠀&lt;/row&gt;
          &lt;row&gt;⠠⠞⠀⠥⠀⠗⠀⠑⠀⠀⠀⠠⠎⠀⠞⠀⠑⠀⠝⠀⠓⠀⠕⠀⠇⠀⠍&lt;/row&gt;
          &lt;row&gt;⠀&lt;/row&gt;
          &lt;row&gt;⠧⠀⠕⠀⠊⠀⠓⠀⠅⠀⠁⠀⠊⠀⠎⠀⠊⠄&lt;/row&gt;
          &lt;row&gt;⠀&lt;/row&gt;
          &lt;row&gt;⠠⠎⠀⠊⠀⠞⠀⠞⠀⠑⠀⠝⠀⠀⠀⠓⠀⠜⠀⠝&lt;/row&gt;
          &lt;row&gt;⠀&lt;/row&gt;
          &lt;row&gt;⠝⠀⠽⠀⠪⠀⠅⠀⠅⠀⠜⠀⠎⠀⠊⠄&lt;/row&gt;
          &lt;row&gt;⠀&lt;/row&gt;
          &lt;row&gt;⠀&lt;/row&gt;
          &lt;row&gt;⠠⠺⠀⠁⠀⠇⠀⠇⠀⠁⠀⠝⠀⠙⠀⠑⠀⠗&lt;/row&gt;
          &lt;row&gt;⠀&lt;/row&gt;
          &lt;row&gt;⠎⠀⠁⠀⠝⠀⠕⠀⠊⠒&lt;/row&gt;
          &lt;row&gt;⠀&lt;/row&gt;
          &lt;row&gt;⠀&lt;/row&gt;
          &lt;row&gt;⠤⠀⠀⠀⠠⠞⠀⠑⠀⠀⠀⠅⠀⠥⠀⠞⠀⠎⠀⠥⠀⠊⠀⠞⠀⠞⠀⠑&lt;/row&gt;
          &lt;row&gt;⠀&lt;/row&gt;
          &lt;row&gt;⠠⠁⠀⠇⠀⠑⠀⠭⠀⠁⠀⠝⠀⠙⠀⠑⠀⠗⠀⠎⠀⠤&lt;/row&gt;
          &lt;row&gt;⠀&lt;/row&gt;
          &lt;row&gt;⠎⠀⠕⠀⠝⠀⠊⠀⠝⠀⠀⠀⠎⠀⠊⠀⠎⠀⠜⠀⠜⠀⠝⠄&lt;/row&gt;
        &lt;/page&gt;
        &lt;page&gt;
          &lt;row&gt;⠀⠀⠀⠀⠀⠀⠀⠀⠀⠀⠀⠀⠀⠀⠀⠀⠀⠀⠀⠀⠀⠀⠀⠀⠀⠀⠼⠃⠁⠉&lt;/row&gt;
          &lt;row&gt;⠠⠇⠀⠥⠀⠏⠀⠁⠀⠎⠀⠊⠀⠞⠀⠞⠀⠑&lt;/row&gt;
          &lt;row&gt;⠀&lt;/row&gt;
          &lt;row&gt;⠑⠀⠝⠀⠎⠀⠊⠀⠝⠂⠀⠀⠀⠑⠀⠞⠀⠞⠀⠜⠀⠀⠀⠓⠀⠜⠀⠝&lt;/row&gt;
          &lt;row&gt;⠀&lt;/row&gt;
          &lt;row&gt;⠎⠀⠁⠀⠊⠀⠎⠀⠊⠀⠀⠀⠏⠀⠥⠀⠓⠀⠥⠀⠁&lt;/row&gt;
          &lt;row&gt;⠀&lt;/row&gt;
          &lt;row&gt;⠎⠀⠁⠀⠊⠀⠗⠀⠁⠀⠁⠀⠝&lt;/row&gt;
          &lt;row&gt;⠀&lt;/row&gt;
          &lt;row&gt;⠧⠀⠁⠀⠊⠀⠍⠀⠕⠀⠝⠀⠝⠀⠑&lt;/row&gt;
          &lt;row&gt;⠀&lt;/row&gt;
          &lt;row&gt;⠅⠀⠁⠀⠝⠀⠎⠀⠎⠀⠁⠄&lt;/row&gt;
          &lt;row&gt;⠀&lt;/row&gt;
          &lt;row&gt;⠠⠞⠀⠁⠀⠗⠀⠚⠀⠕⠀⠎⠀⠊⠀⠞⠀⠞⠀⠑&lt;/row&gt;
          &lt;row&gt;⠀&lt;/row&gt;
          &lt;row&gt;⠓⠀⠜⠀⠝⠀⠑⠀⠇⠀⠇⠀⠑⠀⠀⠀⠅⠀⠁⠀⠓⠀⠧⠀⠊⠀⠁⠂&lt;/row&gt;
          &lt;row&gt;⠀&lt;/row&gt;
          &lt;row&gt;⠚⠀⠕⠀⠎⠀⠎⠀⠁⠀⠀⠀⠕⠀⠇⠀⠊&lt;/row&gt;
          &lt;row&gt;⠀&lt;/row&gt;
          &lt;row&gt;⠍⠀⠽⠀⠗⠀⠅⠀⠅⠀⠽⠀⠜⠄&lt;/row&gt;
          &lt;row&gt;⠀&lt;/row&gt;
          &lt;row&gt;⠠⠎⠀⠊⠀⠞⠀⠞⠀⠑⠀⠝&lt;/row&gt;
          &lt;row&gt;⠀&lt;/row&gt;
          &lt;row&gt;⠎⠀⠁⠀⠝⠀⠕⠀⠊⠀⠞⠀⠞⠀⠑⠀⠅⠀⠊⠀⠝⠂&lt;/row&gt;
          &lt;row&gt;⠀&lt;/row&gt;
          &lt;row&gt;⠑⠀⠞⠀⠞⠀⠜⠀⠀⠀⠓⠀⠜⠀⠝⠀⠀⠀⠧⠀⠕⠀⠊⠀⠎⠀⠊&lt;/row&gt;
          &lt;row/&gt;
        &lt;/page&gt;
        &lt;page&gt;
          &lt;row&gt;⠀⠀⠀⠀⠀⠀⠀⠀⠀⠀⠀⠀⠀⠀⠀⠀⠀⠀⠀⠀⠀⠀⠀⠀⠀⠀⠼⠃⠁⠙&lt;/row&gt;
          &lt;row&gt;⠏⠀⠁⠀⠇⠀⠁⠀⠞⠀⠁&lt;/row&gt;
          &lt;row&gt;⠀&lt;/row&gt;
          &lt;row&gt;⠎⠀⠑⠀⠥⠀⠗⠀⠁⠀⠁⠀⠧⠀⠁⠀⠝⠀⠁&lt;/row&gt;
          &lt;row&gt;⠀&lt;/row&gt;
          &lt;row&gt;⠏⠀⠜⠀⠊⠀⠧⠀⠜⠀⠝⠀⠜⠄&lt;/row&gt;
          &lt;row&gt;⠀&lt;/row&gt;
          &lt;row&gt;⠠⠑⠀⠓⠀⠅⠀⠜⠀⠀⠀⠎⠀⠁⠀⠝⠀⠕⠀⠊⠀⠞⠀⠞⠀⠑⠂&lt;/row&gt;
          &lt;row&gt;⠀&lt;/row&gt;
          &lt;row&gt;⠑⠀⠞⠀⠞⠀⠜⠀⠀⠀⠧⠀⠁⠀⠊⠀⠍⠀⠕⠀⠝⠀⠝⠀⠑&lt;/row&gt;
          &lt;row&gt;⠀&lt;/row&gt;
          &lt;row&gt;⠝⠀⠥⠀⠅⠀⠅⠀⠥⠀⠊⠀⠀⠀⠞⠀⠁⠀⠊⠀⠀⠀⠧⠀⠕⠀⠊&lt;/row&gt;
          &lt;row&gt;⠀&lt;/row&gt;
          &lt;row&gt;⠓⠀⠥⠀⠕⠀⠝⠀⠕⠀⠎⠀⠞⠀⠊⠄&lt;/row&gt;
          &lt;row&gt;⠀&lt;/row&gt;
          &lt;row&gt;⠠⠕⠀⠝⠀⠛⠀⠑⠀⠇⠀⠍⠀⠁⠀⠀⠀⠕⠀⠇⠀⠊&lt;/row&gt;
          &lt;row&gt;⠀&lt;/row&gt;
          &lt;row&gt;⠗⠀⠁⠀⠞⠀⠅⠀⠁⠀⠊⠀⠎⠀⠞⠀⠥⠄&lt;/row&gt;
          &lt;row&gt;⠀&lt;/row&gt;
          &lt;row&gt;⠠⠁⠀⠇⠀⠑⠀⠭⠀⠁⠀⠝⠀⠙⠀⠑⠀⠗⠀⠎⠀⠎⠀⠕⠀⠝&lt;/row&gt;
          &lt;row&gt;⠀&lt;/row&gt;
          &lt;row&gt;⠕⠀⠇⠀⠊⠀⠀⠀⠎⠀⠁⠀⠁⠀⠝⠀⠥⠀⠞&lt;/row&gt;
          &lt;row&gt;⠀&lt;/row&gt;
          &lt;row&gt;⠍⠀⠽⠀⠗⠀⠅⠀⠽⠀⠝⠄&lt;/row&gt;
          &lt;row&gt;⠀&lt;/row&gt;
          &lt;row&gt;⠀&lt;/row&gt;
          &lt;row/&gt;
        &lt;/page&gt;
        &lt;page&gt;
          &lt;row&gt;⠀⠀⠀⠀⠀⠀⠀⠀⠀⠀⠀⠀⠀⠀⠀⠀⠀⠀⠀⠀⠀⠀⠀⠀⠀⠀⠼⠃⠁⠑&lt;/row&gt;
          &lt;row&gt;⠠⠞⠀⠊⠀⠑⠀⠎⠀⠊⠀⠞⠀⠞⠀⠑⠂⠀⠀⠀⠑⠀⠞⠀⠞⠀⠜&lt;/row&gt;
          &lt;row&gt;⠀&lt;/row&gt;
          &lt;row&gt;⠓⠀⠜⠀⠝⠀⠀⠀⠅⠀⠥⠀⠕⠀⠇⠀⠊⠀⠎⠀⠊&lt;/row&gt;
          &lt;row&gt;⠀&lt;/row&gt;
          &lt;row&gt;⠏⠀⠊⠀⠁⠀⠝⠄&lt;/row&gt;
          &lt;row&gt;⠀&lt;/row&gt;
          &lt;row&gt;⠠⠅⠀⠥⠀⠕⠀⠇⠀⠑⠀⠍⠀⠁&lt;/row&gt;
          &lt;row&gt;⠀&lt;/row&gt;
          &lt;row&gt;⠝⠀⠜⠀⠽⠀⠞⠀⠞⠀⠜⠀⠊⠀⠎⠀⠊&lt;/row&gt;
          &lt;row&gt;⠀&lt;/row&gt;
          &lt;row&gt;⠎⠀⠽⠀⠙⠀⠜⠀⠝⠀⠤&lt;/row&gt;
          &lt;row&gt;⠀&lt;/row&gt;
          &lt;row&gt;⠅⠀⠕⠀⠓⠀⠞⠀⠁⠀⠥⠀⠅⠀⠎⠀⠑⠀⠇⠀⠞⠀⠁⠄&lt;/row&gt;
          &lt;row&gt;⠀&lt;/row&gt;
          &lt;row&gt;⠠⠝⠀⠊⠀⠊⠀⠝⠀⠅⠀⠪⠀⠀⠀⠅⠀⠁⠀⠊⠀⠅⠀⠅⠀⠊&lt;/row&gt;
          &lt;row&gt;⠀&lt;/row&gt;
          &lt;row&gt;⠅⠀⠜⠀⠧⠀⠊⠢&lt;/row&gt;
          &lt;row&gt;⠀&lt;/row&gt;
          &lt;row&gt;⠀&lt;/row&gt;
          &lt;row&gt;⠠⠧⠀⠁⠀⠝⠀⠓⠀⠁⠀⠀⠀⠍⠀⠊⠀⠑⠀⠎&lt;/row&gt;
          &lt;row&gt;⠀&lt;/row&gt;
          &lt;row&gt;⠊⠀⠎⠀⠞⠀⠥⠀⠊&lt;/row&gt;
          &lt;row&gt;⠀&lt;/row&gt;
          &lt;row&gt;⠇⠀⠊⠀⠊⠀⠅⠀⠅⠀⠥⠀⠍⠀⠁⠀⠞⠀⠞⠀⠁&lt;/row&gt;
          &lt;row&gt;⠀&lt;/row&gt;
          &lt;row&gt;⠏⠀⠁⠀⠊⠀⠅⠀⠁⠀⠇⠀⠇⠀⠁⠀⠁⠀⠝⠄&lt;/row&gt;
        &lt;/page&gt;
        &lt;page&gt;
          &lt;row&gt;⠀⠀⠀⠀⠀⠀⠀⠀⠀⠀⠀⠀⠀⠀⠀⠀⠀⠀⠀⠀⠀⠀⠀⠀⠀⠀⠼⠃⠁⠋&lt;/row&gt;
          &lt;row&gt;⠠⠺⠀⠁⠀⠇⠀⠇⠀⠁⠀⠝⠀⠙⠀⠑⠀⠗&lt;/row&gt;
          &lt;row&gt;⠀&lt;/row&gt;
          &lt;row&gt;⠕⠀⠙⠀⠕⠀⠞⠀⠞⠀⠊⠄&lt;/row&gt;
          &lt;row&gt;⠀&lt;/row&gt;
          &lt;row&gt;⠠⠓⠀⠜⠀⠝⠀⠀⠀⠝⠀⠜⠀⠅⠀⠊&lt;/row&gt;
          &lt;row&gt;⠀&lt;/row&gt;
          &lt;row&gt;⠊⠀⠅⠀⠅⠀⠥⠀⠝⠀⠁⠀⠎⠀⠞⠀⠁⠂&lt;/row&gt;
          &lt;row&gt;⠀&lt;/row&gt;
          &lt;row&gt;⠑⠀⠞⠀⠞⠀⠜⠀⠀⠀⠥⠀⠇⠀⠅⠀⠕⠀⠝⠀⠁&lt;/row&gt;
          &lt;row&gt;⠀&lt;/row&gt;
          &lt;row&gt;⠕⠀⠇⠀⠊⠀⠀⠀⠑⠀⠙⠀⠑⠀⠇⠀⠇⠀⠑⠀⠑⠀⠝&lt;/row&gt;
          &lt;row&gt;⠀&lt;/row&gt;
          &lt;row&gt;⠎⠀⠁⠀⠅⠀⠑⠀⠁⠀⠀⠀⠎⠀⠥⠀⠍⠀⠥⠄&lt;/row&gt;
          &lt;row&gt;⠀&lt;/row&gt;
          &lt;row&gt;⠀&lt;/row&gt;
          &lt;row&gt;⠤⠀⠀⠀⠠⠧⠀⠁⠀⠊⠀⠍⠀⠕⠀⠝⠀⠊⠀⠀⠀⠑⠀⠊&lt;/row&gt;
          &lt;row&gt;⠀&lt;/row&gt;
          &lt;row&gt;⠞⠀⠑⠀⠓⠀⠝⠀⠽⠀⠞⠀⠀⠀⠅⠀⠕⠀⠎⠀⠅⠀⠁⠀⠁⠀⠝&lt;/row&gt;
          &lt;row&gt;⠀&lt;/row&gt;
          &lt;row&gt;⠍⠀⠊⠀⠞⠀⠜⠀⠜⠀⠝&lt;/row&gt;
          &lt;row&gt;⠀&lt;/row&gt;
          &lt;row&gt;⠧⠀⠊⠀⠗⠀⠓⠀⠑⠀⠞⠀⠞⠀⠜⠂&lt;/row&gt;
          &lt;row&gt;⠀&lt;/row&gt;
          &lt;row&gt;⠠⠞⠀⠥⠀⠗⠀⠑⠀⠀⠀⠠⠎⠀⠞⠀⠑⠀⠝⠀⠓⠀⠕⠀⠇⠀⠍&lt;/row&gt;
          &lt;row&gt;⠀&lt;/row&gt;
          &lt;row&gt;⠎⠀⠁⠀⠝⠀⠕⠀⠊⠀⠀⠀⠜⠀⠅⠀⠅⠀⠊⠀⠜⠄&lt;/row&gt;
        &lt;/page&gt;
        &lt;page&gt;
          &lt;row&gt;⠀⠀⠀⠀⠀⠀⠀⠀⠀⠀⠀⠀⠀⠀⠀⠀⠀⠀⠀⠀⠀⠀⠀⠀⠀⠀⠼⠃⠁⠛&lt;/row&gt;
          &lt;row&gt;⠤⠀⠀⠀⠠⠁⠀⠚⠀⠁⠀⠞&lt;/row&gt;
          &lt;row&gt;⠀&lt;/row&gt;
          &lt;row&gt;⠍⠀⠥⠀⠥⠀⠞⠀⠞⠀⠥⠀⠊⠀⠧⠀⠁⠀⠞⠄&lt;/row&gt;
          &lt;row&gt;⠀&lt;/row&gt;
          &lt;row&gt;⠠⠗⠀⠊⠀⠅⠀⠕⠀⠅⠀⠎⠀⠊⠀⠁&lt;/row&gt;
          &lt;row&gt;⠀&lt;/row&gt;
          &lt;row&gt;⠞⠀⠑⠀⠓⠀⠞⠀⠊⠀⠊⠀⠝⠀⠀⠀⠑⠀⠝⠀⠑⠀⠍⠀⠍⠀⠜⠀⠝&lt;/row&gt;
          &lt;row&gt;⠀&lt;/row&gt;
          &lt;row&gt;⠚⠀⠁⠀⠀⠀⠝⠀⠑⠀⠀⠀⠕⠀⠇⠀⠊⠀⠧⠀⠁⠀⠞&lt;/row&gt;
          &lt;row&gt;⠀&lt;/row&gt;
          &lt;row&gt;⠑⠀⠝⠀⠞⠀⠊⠀⠎⠀⠞⠀⠜&lt;/row&gt;
          &lt;row&gt;⠀&lt;/row&gt;
          &lt;row&gt;⠗⠀⠁⠀⠁⠀⠑⠀⠍⠀⠏⠀⠊⠀⠁⠄&lt;/row&gt;
          &lt;row&gt;⠀&lt;/row&gt;
          &lt;row&gt;⠠⠏⠀⠕⠀⠇⠀⠊⠀⠊⠀⠎⠀⠊⠀⠀⠀⠚⠀⠁&lt;/row&gt;
          &lt;row&gt;⠀&lt;/row&gt;
          &lt;row&gt;⠎⠀⠽⠀⠽⠀⠞⠀⠞⠀⠜⠀⠚⠀⠜⠀⠀⠀⠑⠀⠊⠀⠧⠀⠜⠀⠞&lt;/row&gt;
          &lt;row&gt;⠀&lt;/row&gt;
          &lt;row&gt;⠧⠀⠕⠀⠊⠀⠝⠀⠑⠀⠑⠀⠞&lt;/row&gt;
          &lt;row&gt;⠀&lt;/row&gt;
          &lt;row&gt;⠍⠀⠊⠀⠞⠀⠜⠀⠜⠀⠝⠀⠀⠀⠎⠀⠊⠀⠇⠀⠇⠀⠑&lt;/row&gt;
          &lt;row&gt;⠀&lt;/row&gt;
          &lt;row&gt;⠁⠀⠎⠀⠊⠀⠁⠀⠇⠀⠇⠀⠑⠄&lt;/row&gt;
          &lt;row&gt;⠀&lt;/row&gt;
          &lt;row&gt;⠠⠎⠀⠑⠀⠀⠀⠑⠀⠊⠀⠀⠀⠕⠀⠇⠀⠇⠀⠥⠀⠞&lt;/row&gt;
          &lt;row/&gt;
        &lt;/page&gt;
        &lt;page&gt;
          &lt;row&gt;⠀⠀⠀⠀⠀⠀⠀⠀⠀⠀⠀⠀⠀⠀⠀⠀⠀⠀⠀⠀⠀⠀⠀⠀⠀⠀⠼⠃⠁⠓&lt;/row&gt;
          &lt;row&gt;⠓⠀⠑⠀⠊⠀⠙⠀⠜⠀⠝⠀⠀⠀⠎⠀⠽⠀⠽⠀⠝⠀⠎⠀⠜⠄&lt;/row&gt;
          &lt;row&gt;⠀&lt;/row&gt;
          &lt;row&gt;⠠⠽⠀⠍⠀⠍⠀⠜⠀⠗⠀⠗⠀⠜⠀⠞⠀⠞⠀⠑&lt;/row&gt;
          &lt;row&gt;⠀&lt;/row&gt;
          &lt;row&gt;⠧⠀⠁⠀⠗⠀⠍⠀⠁⠀⠁⠀⠝⠂⠀⠀⠅⠀⠥⠀⠝&lt;/row&gt;
          &lt;row&gt;⠀&lt;/row&gt;
          &lt;row&gt;⠕⠀⠇⠀⠑⠀⠞⠀⠞⠀⠑⠀⠀⠀⠊⠀⠞⠀⠎⠀⠑&lt;/row&gt;
          &lt;row&gt;⠀&lt;/row&gt;
          &lt;row&gt;⠏⠀⠕⠀⠇⠀⠊⠀⠊⠀⠎⠀⠊⠢&lt;/row&gt;
          &lt;row&gt;⠀&lt;/row&gt;
          &lt;row&gt;⠀&lt;/row&gt;
          &lt;row&gt;⠠⠺⠀⠁⠀⠇⠀⠇⠀⠁⠀⠝⠀⠙⠀⠑⠀⠗&lt;/row&gt;
          &lt;row&gt;⠀&lt;/row&gt;
          &lt;row&gt;⠝⠀⠽⠀⠪⠀⠅⠀⠅⠀⠜⠀⠎⠀⠊⠄&lt;/row&gt;
          &lt;row&gt;⠀&lt;/row&gt;
          &lt;row&gt;⠀&lt;/row&gt;
          &lt;row&gt;⠤⠀⠀⠀⠠⠍⠀⠥⠀⠞⠀⠞⠀⠁&lt;/row&gt;
          &lt;row&gt;⠀&lt;/row&gt;
          &lt;row&gt;⠠⠁⠀⠇⠀⠑⠀⠭⠀⠁⠀⠝⠀⠙⠀⠑⠀⠗⠀⠎⠀⠎⠀⠕⠀⠝&lt;/row&gt;
          &lt;row&gt;⠀&lt;/row&gt;
          &lt;row&gt;⠎⠀⠽⠀⠽⠀⠞⠀⠞⠀⠊&lt;/row&gt;
          &lt;row&gt;⠀&lt;/row&gt;
          &lt;row&gt;⠧⠀⠁⠀⠊⠀⠍⠀⠕⠀⠁⠀⠝⠀⠊⠂&lt;/row&gt;
          &lt;row&gt;⠀&lt;/row&gt;
          &lt;row&gt;⠧⠀⠁⠀⠝⠀⠓⠀⠁⠀⠀⠀⠍⠀⠊⠀⠑⠀⠎&lt;/row&gt;
          &lt;row/&gt;
        &lt;/page&gt;
        &lt;page&gt;
          &lt;row&gt;⠀⠀⠀⠀⠀⠀⠀⠀⠀⠀⠀⠀⠀⠀⠀⠀⠀⠀⠀⠀⠀⠀⠀⠀⠀⠀⠼⠃⠁⠊&lt;/row&gt;
          &lt;row&gt;⠚⠀⠁⠀⠞⠀⠅⠀⠕⠀⠊⠄&lt;/row&gt;
          &lt;row&gt;⠀&lt;/row&gt;
          &lt;row&gt;⠤⠀⠀⠀⠠⠓⠀⠜⠀⠝⠀⠑⠀⠝&lt;/row&gt;
          &lt;row&gt;⠀&lt;/row&gt;
          &lt;row&gt;⠍⠀⠊⠀⠑⠀⠇⠀⠑⠀⠎⠀⠞⠀⠜⠀⠜⠀⠝⠀⠀⠀⠕⠀⠇⠀⠊&lt;/row&gt;
          &lt;row&gt;⠀&lt;/row&gt;
          &lt;row&gt;⠧⠀⠁⠀⠊⠀⠍⠀⠕⠀⠝⠀⠊⠀⠀⠀⠧⠀⠊⠀⠅⠀⠁⠂&lt;/row&gt;
          &lt;row&gt;⠀&lt;/row&gt;
          &lt;row&gt;⠑⠀⠞⠀⠞⠀⠜⠀⠀⠀⠓⠀⠜⠀⠝⠀⠑⠀⠝&lt;/row&gt;
          &lt;row&gt;⠀&lt;/row&gt;
          &lt;row&gt;⠏⠀⠕⠀⠊⠀⠅⠀⠁⠀⠝⠀⠎⠀⠁&lt;/row&gt;
          &lt;row&gt;⠀&lt;/row&gt;
          &lt;row&gt;⠅⠀⠥⠀⠕⠀⠇⠀⠑⠀⠍⠀⠁⠀⠁⠀⠀⠀⠑⠀⠊&lt;/row&gt;
          &lt;row&gt;⠀&lt;/row&gt;
          &lt;row&gt;⠎⠀⠑⠀⠇⠀⠧⠀⠊⠀⠞⠀⠑⠀⠞⠀⠞⠀⠽⠄&lt;/row&gt;
          &lt;row&gt;⠀&lt;/row&gt;
          &lt;row&gt;⠀&lt;/row&gt;
          &lt;row&gt;⠠⠓⠀⠜⠀⠝⠀⠀⠀⠧⠀⠁⠀⠊⠀⠝⠀⠕⠀⠎⠀⠊⠀⠀⠀⠚⠀⠁&lt;/row&gt;
          &lt;row&gt;⠀&lt;/row&gt;
          &lt;row&gt;⠥⠀⠓⠀⠅⠀⠁⠀⠊⠀⠇⠀⠊⠀⠀⠀⠍⠀⠑⠀⠊⠀⠞⠀⠜&lt;/row&gt;
          &lt;row&gt;⠀&lt;/row&gt;
          &lt;row&gt;⠍⠀⠕⠀⠝⠀⠞⠀⠁⠀⠀⠀⠧⠀⠥⠀⠕⠀⠞⠀⠞⠀⠁⠄&lt;/row&gt;
          &lt;row&gt;⠀&lt;/row&gt;
          &lt;row&gt;⠠⠇⠀⠥⠀⠥⠀⠇⠀⠊⠀⠍⠀⠍⠀⠑⠂⠀⠀⠀⠑⠀⠞⠀⠞⠀⠜&lt;/row&gt;
          &lt;row&gt;⠀&lt;/row&gt;
          &lt;row&gt;⠏⠀⠜⠀⠜⠀⠎⠀⠊⠀⠍⠀⠍⠀⠑&lt;/row&gt;
        &lt;/page&gt;
        &lt;page&gt;
          &lt;row&gt;⠀⠀⠀⠀⠀⠀⠀⠀⠀⠀⠀⠀⠀⠀⠀⠀⠀⠀⠀⠀⠀⠀⠀⠀⠀⠀⠼⠃⠃⠚&lt;/row&gt;
          &lt;row&gt;⠓⠀⠜⠀⠝⠀⠑⠀⠎⠀⠞⠀⠜⠀⠀⠀⠑⠀⠗⠀⠕⠀⠕⠀⠝⠂&lt;/row&gt;
          &lt;row&gt;⠀&lt;/row&gt;
          &lt;row&gt;⠅⠀⠥⠀⠝⠀⠀⠀⠍⠀⠥⠀⠥⠀⠞⠀⠊⠀⠍⠀⠍⠀⠑&lt;/row&gt;
          &lt;row&gt;⠀&lt;/row&gt;
          &lt;row&gt;⠞⠀⠜⠀⠝⠀⠝⠀⠑⠄&lt;/row&gt;
          &lt;row&gt;⠀&lt;/row&gt;
          &lt;row&gt;⠠⠍⠀⠥⠀⠞⠀⠞⠀⠁⠀⠀⠀⠑⠀⠗⠀⠜⠀⠜⠀⠝⠀⠜&lt;/row&gt;
          &lt;row&gt;⠀&lt;/row&gt;
          &lt;row&gt;⠏⠀⠜⠀⠊⠀⠧⠀⠜⠀⠝⠀⠜⠀⠀⠀⠓⠀⠜⠀⠝&lt;/row&gt;
          &lt;row&gt;⠀&lt;/row&gt;
          &lt;row&gt;⠇⠀⠪⠀⠽⠀⠎⠀⠊⠀⠀⠀⠍⠀⠑⠀⠊⠀⠙⠀⠜⠀⠞⠄&lt;/row&gt;
          &lt;row&gt;⠀&lt;/row&gt;
          &lt;row&gt;⠀&lt;/row&gt;
          &lt;row&gt;⠠⠞⠀⠥⠀⠗⠀⠑⠀⠀⠀⠠⠎⠀⠞⠀⠑⠀⠝⠀⠓⠀⠕⠀⠇⠀⠍&lt;/row&gt;
          &lt;row&gt;⠀&lt;/row&gt;
          &lt;row&gt;⠧⠀⠁⠀⠊⠀⠅⠀⠑⠀⠝⠀⠊⠄&lt;/row&gt;
          &lt;row&gt;⠀&lt;/row&gt;
          &lt;row&gt;⠠⠎⠀⠊⠀⠞⠀⠞⠀⠑⠀⠝⠀⠀⠀⠓⠀⠜⠀⠝&lt;/row&gt;
          &lt;row&gt;⠀&lt;/row&gt;
          &lt;row&gt;⠝⠀⠕⠀⠥⠀⠎⠀⠊&lt;/row&gt;
          &lt;row&gt;⠀&lt;/row&gt;
          &lt;row&gt;⠝⠀⠕⠀⠚⠀⠁⠀⠞⠀⠥⠀⠕⠀⠇⠀⠊⠀⠎⠀⠞⠀⠁⠄&lt;/row&gt;
          &lt;row&gt;⠀&lt;/row&gt;
          &lt;row&gt;⠤⠀⠀⠀⠠⠍⠀⠑⠀⠝⠀⠝⠀⠜⠀⠜⠀⠝&lt;/row&gt;
          &lt;row&gt;⠀&lt;/row&gt;
          &lt;row&gt;⠧⠀⠁⠀⠊⠀⠍⠀⠕⠀⠝⠀⠊⠀⠀⠀⠇⠀⠥⠀⠕⠄&lt;/row&gt;
        &lt;/page&gt;
        &lt;page&gt;
          &lt;row&gt;⠀⠀⠀⠀⠀⠀⠀⠀⠀⠀⠀⠀⠀⠀⠀⠀⠀⠀⠀⠀⠀⠀⠀⠀⠀⠀⠼⠃⠃⠁&lt;/row&gt;
          &lt;row&gt;⠠⠓⠀⠜⠀⠝⠀⠀⠀⠧⠀⠕⠀⠊⠀⠀⠀⠅⠀⠑⠀⠗⠀⠞⠀⠕⠀⠁&lt;/row&gt;
          &lt;row&gt;⠀&lt;/row&gt;
          &lt;row&gt;⠊⠀⠞⠀⠎⠀⠑⠂⠀⠀⠀⠓⠀⠜⠀⠝⠀⠀⠀⠎⠀⠁⠀⠝⠀⠕⠀⠊⠄&lt;/row&gt;
          &lt;row&gt;⠀&lt;/row&gt;
          &lt;row&gt;⠠⠅⠀⠥⠀⠗⠀⠞&lt;/row&gt;
          &lt;row&gt;⠀&lt;/row&gt;
          &lt;row&gt;⠠⠺⠀⠁⠀⠇⠀⠇⠀⠁⠀⠝⠀⠙⠀⠑⠀⠗⠀⠀⠀⠚⠀⠁&lt;/row&gt;
          &lt;row&gt;⠀&lt;/row&gt;
          &lt;row&gt;⠠⠞⠀⠥⠀⠗⠀⠑⠀⠀⠀⠠⠎⠀⠞⠀⠑⠀⠝⠀⠓⠀⠕⠀⠇⠀⠍&lt;/row&gt;
          &lt;row&gt;⠀&lt;/row&gt;
          &lt;row&gt;⠝⠀⠕⠀⠥⠀⠎⠀⠊⠀⠧⠀⠁⠀⠞&lt;/row&gt;
          &lt;row&gt;⠀&lt;/row&gt;
          &lt;row&gt;⠏⠀⠕⠀⠗⠀⠞⠀⠁⠀⠁⠀⠞&lt;/row&gt;
          &lt;row&gt;⠀&lt;/row&gt;
          &lt;row&gt;⠽⠀⠇⠀⠜⠀⠅⠀⠑⠀⠗⠀⠞⠀⠁⠀⠁⠀⠝⠄&lt;/row&gt;
          &lt;row&gt;⠀&lt;/row&gt;
          &lt;row&gt;⠠⠽⠀⠇⠀⠜⠀⠅⠀⠑⠀⠗⠀⠗⠀⠁⠀⠎⠀⠎⠀⠁&lt;/row&gt;
          &lt;row&gt;⠀&lt;/row&gt;
          &lt;row&gt;⠕⠀⠇⠀⠊⠀⠀⠀⠊⠀⠎⠀⠕⠀⠀⠀⠚⠀⠁&lt;/row&gt;
          &lt;row&gt;⠀&lt;/row&gt;
          &lt;row&gt;⠧⠀⠁⠀⠇⠀⠕⠀⠊⠀⠎⠀⠁⠀⠀⠀⠓⠀⠥⠀⠕⠀⠝⠀⠑⠄&lt;/row&gt;
          &lt;row&gt;⠀&lt;/row&gt;
          &lt;row&gt;⠠⠅⠀⠁⠀⠚⠀⠎⠀⠁&lt;/row&gt;
          &lt;row&gt;⠀&lt;/row&gt;
          &lt;row&gt;⠠⠎⠀⠞⠀⠑⠀⠝⠀⠓⠀⠕⠀⠇⠀⠍&lt;/row&gt;
          &lt;row/&gt;
        &lt;/page&gt;
        &lt;page&gt;
          &lt;row&gt;⠀⠀⠀⠀⠀⠀⠀⠀⠀⠀⠀⠀⠀⠀⠀⠀⠀⠀⠀⠀⠀⠀⠀⠀⠀⠀⠼⠃⠃⠃&lt;/row&gt;
          &lt;row&gt;⠍⠀⠁⠀⠅⠀⠁⠀⠎⠀⠊&lt;/row&gt;
          &lt;row&gt;⠀&lt;/row&gt;
          &lt;row&gt;⠎⠀⠜⠀⠝⠀⠛⠀⠽⠀⠎⠀⠎⠀⠜⠄&lt;/row&gt;
          &lt;row&gt;⠀&lt;/row&gt;
          &lt;row&gt;⠠⠅⠀⠕⠀⠊⠀⠗⠀⠁⠀⠀⠀⠍⠀⠁⠀⠅⠀⠁⠀⠎⠀⠊&lt;/row&gt;
          &lt;row&gt;⠀&lt;/row&gt;
          &lt;row&gt;⠇⠀⠁⠀⠞⠀⠞⠀⠊⠀⠁⠀⠇⠀⠇⠀⠁⠄&lt;/row&gt;
          &lt;row&gt;⠀&lt;/row&gt;
          &lt;row&gt;⠀&lt;/row&gt;
          &lt;row&gt;⠀&lt;/row&gt;
          &lt;row&gt;⠀&lt;/row&gt;
          &lt;row&gt;⠀&lt;/row&gt;
          &lt;row&gt;⠀&lt;/row&gt;
          &lt;row&gt;⠀&lt;/row&gt;
          &lt;row&gt;⠀&lt;/row&gt;
          &lt;row&gt;⠀&lt;/row&gt;
          &lt;row&gt;⠀&lt;/row&gt;
          &lt;row&gt;⠀&lt;/row&gt;
          &lt;row&gt;⠀&lt;/row&gt;
          &lt;row&gt;⠀&lt;/row&gt;
          &lt;row&gt;⠀&lt;/row&gt;
          &lt;row&gt;⠀&lt;/row&gt;
          &lt;row&gt;⠀&lt;/row&gt;
          &lt;row&gt;⠀&lt;/row&gt;
          &lt;row&gt;⠀&lt;/row&gt;
          &lt;row/&gt;
        &lt;/page&gt;
        &lt;page&gt;
          &lt;row&gt;⠀⠀⠀⠀⠀⠀⠀⠀⠀⠀⠀⠀⠀⠀⠀⠀⠀⠀⠀⠀⠀⠀⠀⠀⠀⠀⠼⠃⠃⠉&lt;/row&gt;
          &lt;row&gt;⠼⠛⠄&lt;/row&gt;
          &lt;row&gt;⠀&lt;/row&gt;
          &lt;row&gt;⠀&lt;/row&gt;
          &lt;row&gt;⠤⠀⠀⠀⠠⠧⠀⠁⠀⠊⠀⠍⠀⠕⠀⠝⠀⠊⠀⠀⠀⠑⠀⠊&lt;/row&gt;
          &lt;row&gt;⠀&lt;/row&gt;
          &lt;row&gt;⠝⠀⠥⠀⠅⠀⠥⠄&lt;/row&gt;
          &lt;row&gt;⠀&lt;/row&gt;
          &lt;row&gt;⠠⠧⠀⠕⠀⠊⠀⠞⠀⠞⠀⠑⠀⠀⠀⠍⠀⠑⠀⠝⠀⠝⠀⠜&lt;/row&gt;
          &lt;row&gt;⠀&lt;/row&gt;
          &lt;row&gt;⠓⠀⠜⠀⠝⠀⠑⠀⠝⠀⠀⠀⠇⠀⠥⠀⠕⠀⠅⠀⠎⠀⠑⠀⠑⠀⠝&lt;/row&gt;
          &lt;row&gt;⠀&lt;/row&gt;
          &lt;row&gt;⠚⠀⠁⠀⠀⠀⠏⠀⠥⠀⠓⠀⠥⠀⠁&lt;/row&gt;
          &lt;row&gt;⠀&lt;/row&gt;
          &lt;row&gt;⠓⠀⠜⠀⠝⠀⠑⠀⠇⠀⠇⠀⠑⠂⠀⠀⠀⠠⠞⠀⠥⠀⠗⠀⠑&lt;/row&gt;
          &lt;row&gt;⠀&lt;/row&gt;
          &lt;row&gt;⠠⠎⠀⠞⠀⠑⠀⠝⠀⠓⠀⠕⠀⠇⠀⠍⠀⠀⠀⠎⠀⠁⠀⠝⠀⠕⠀⠊⠄&lt;/row&gt;
          &lt;row&gt;⠀&lt;/row&gt;
          &lt;row&gt;⠀&lt;/row&gt;
          &lt;row&gt;⠠⠺⠀⠁⠀⠇⠀⠇⠀⠁⠀⠝⠀⠙⠀⠑⠀⠗&lt;/row&gt;
          &lt;row&gt;⠀&lt;/row&gt;
          &lt;row&gt;⠁⠀⠎⠀⠞⠀⠥⠀⠊⠀⠀⠀⠝⠀⠁⠀⠊⠀⠎⠀⠑⠀⠝&lt;/row&gt;
          &lt;row&gt;⠀&lt;/row&gt;
          &lt;row&gt;⠇⠀⠥⠀⠕⠄&lt;/row&gt;
          &lt;row&gt;⠀&lt;/row&gt;
          &lt;row&gt;⠀&lt;/row&gt;
          &lt;row/&gt;
        &lt;/page&gt;
        &lt;page&gt;
          &lt;row&gt;⠀⠀⠀⠀⠀⠀⠀⠀⠀⠀⠀⠀⠀⠀⠀⠀⠀⠀⠀⠀⠀⠀⠀⠀⠀⠀⠼⠃⠃⠙&lt;/row&gt;
          &lt;row&gt;⠠⠝⠀⠁⠀⠊⠀⠝⠀⠑⠀⠝⠀⠀⠀⠕⠀⠇⠀⠊&lt;/row&gt;
          &lt;row&gt;⠀&lt;/row&gt;
          &lt;row&gt;⠓⠀⠽⠀⠧⠀⠊⠀⠝⠀⠀⠀⠇⠀⠁⠀⠊⠀⠓⠀⠁⠄&lt;/row&gt;
          &lt;row&gt;⠀&lt;/row&gt;
          &lt;row&gt;⠠⠅⠀⠁⠀⠎⠀⠧⠀⠕⠀⠚⠀⠑⠀⠝⠀⠀⠀⠇⠀⠥⠀⠥⠀⠞&lt;/row&gt;
          &lt;row&gt;⠀&lt;/row&gt;
          &lt;row&gt;⠝⠀⠜⠀⠅⠀⠽⠀⠊⠀⠧⠀⠜⠀⠞&lt;/row&gt;
          &lt;row&gt;⠀&lt;/row&gt;
          &lt;row&gt;⠎⠀⠑⠀⠇⠀⠧⠀⠜⠀⠎⠀⠞⠀⠊⠀⠀⠀⠊⠀⠓⠀⠕⠀⠝&lt;/row&gt;
          &lt;row&gt;⠀&lt;/row&gt;
          &lt;row&gt;⠁⠀⠇⠀⠞⠀⠁⠄&lt;/row&gt;
          &lt;row&gt;⠀&lt;/row&gt;
          &lt;row&gt;⠠⠝⠀⠁⠀⠊⠀⠎⠀⠑⠀⠝⠀⠀⠀⠏⠀⠜⠀⠜&lt;/row&gt;
          &lt;row&gt;⠀&lt;/row&gt;
          &lt;row&gt;⠝⠀⠜⠀⠽⠀⠞⠀⠞⠀⠊⠀⠀⠀⠁⠀⠊⠀⠧⠀⠁⠀⠝&lt;/row&gt;
          &lt;row&gt;⠀&lt;/row&gt;
          &lt;row&gt;⠏⠀⠜⠀⠜⠀⠅⠀⠁⠀⠇⠀⠇⠀⠕⠀⠇⠀⠞⠀⠁⠄&lt;/row&gt;
          &lt;row&gt;⠀&lt;/row&gt;
          &lt;row&gt;⠀&lt;/row&gt;
          &lt;row&gt;⠠⠜⠀⠅⠀⠅⠀⠊⠀⠜&lt;/row&gt;
          &lt;row&gt;⠀&lt;/row&gt;
          &lt;row&gt;⠠⠺⠀⠁⠀⠇⠀⠇⠀⠁⠀⠝⠀⠙⠀⠑⠀⠗&lt;/row&gt;
          &lt;row&gt;⠀&lt;/row&gt;
          &lt;row&gt;⠽⠀⠍⠀⠍⠀⠜⠀⠗⠀⠎⠀⠊⠂&lt;/row&gt;
          &lt;row&gt;⠀&lt;/row&gt;
          &lt;row&gt;⠑⠀⠞⠀⠞⠀⠜⠀⠀⠀⠝⠀⠁⠀⠊⠀⠝⠀⠑⠀⠝&lt;/row&gt;
        &lt;/page&gt;
        &lt;page&gt;
          &lt;row&gt;⠀⠀⠀⠀⠀⠀⠀⠀⠀⠀⠀⠀⠀⠀⠀⠀⠀⠀⠀⠀⠀⠀⠀⠀⠀⠀⠼⠃⠃⠑&lt;/row&gt;
          &lt;row&gt;⠕⠀⠇⠀⠊⠀⠀⠀⠅⠀⠥⠀⠕⠀⠇⠀⠇⠀⠥⠀⠞⠄&lt;/row&gt;
          &lt;row&gt;⠀&lt;/row&gt;
          &lt;row&gt;⠠⠓⠀⠜⠀⠝⠀⠀⠀⠅⠀⠜⠀⠜⠀⠝⠀⠞⠀⠽⠀⠊&lt;/row&gt;
          &lt;row&gt;⠀&lt;/row&gt;
          &lt;row&gt;⠝⠀⠕⠀⠏⠀⠑⠀⠁⠀⠎⠀⠞⠀⠊&lt;/row&gt;
          &lt;row&gt;⠀&lt;/row&gt;
          &lt;row&gt;⠽⠀⠍⠀⠏⠀⠜⠀⠗⠀⠊⠄&lt;/row&gt;
          &lt;row&gt;⠀&lt;/row&gt;
          &lt;row&gt;⠠⠞⠀⠥⠀⠗⠀⠑⠀⠀⠀⠠⠎⠀⠞⠀⠑⠀⠝⠀⠓⠀⠕⠀⠇⠀⠍&lt;/row&gt;
          &lt;row&gt;⠀&lt;/row&gt;
          &lt;row&gt;⠎⠀⠑⠀⠊⠀⠎⠀⠕⠀⠊&lt;/row&gt;
          &lt;row&gt;⠀&lt;/row&gt;
          &lt;row&gt;⠕⠀⠧⠀⠊⠀⠁⠀⠥⠀⠅⠀⠕⠀⠎⠀⠎⠀⠁⠄&lt;/row&gt;
          &lt;row&gt;⠀&lt;/row&gt;
          &lt;row&gt;⠠⠓⠀⠜⠀⠝⠀⠑⠀⠇⠀⠇⠀⠜⠀⠀⠀⠕⠀⠇⠀⠊&lt;/row&gt;
          &lt;row&gt;⠀&lt;/row&gt;
          &lt;row&gt;⠞⠀⠕⠀⠊⠀⠎⠀⠑⠀⠎⠀⠎⠀⠁&lt;/row&gt;
          &lt;row&gt;⠀&lt;/row&gt;
          &lt;row&gt;⠅⠀⠜⠀⠙⠀⠑⠀⠎⠀⠎⠀⠜⠀⠜⠀⠝&lt;/row&gt;
          &lt;row&gt;⠀&lt;/row&gt;
          &lt;row&gt;⠏⠀⠊⠀⠎⠀⠞⠀⠕⠀⠕⠀⠇⠀⠊⠄&lt;/row&gt;
          &lt;row&gt;⠀&lt;/row&gt;
          &lt;row&gt;⠠⠓⠀⠜⠀⠝⠀⠀⠀⠝⠀⠕⠀⠎⠀⠞⠀⠊&lt;/row&gt;
          &lt;row&gt;⠀&lt;/row&gt;
          &lt;row&gt;⠏⠀⠊⠀⠎⠀⠞⠀⠕⠀⠕⠀⠇⠀⠊⠀⠝&lt;/row&gt;
          &lt;row/&gt;
        &lt;/page&gt;
        &lt;page&gt;
          &lt;row&gt;⠀⠀⠀⠀⠀⠀⠀⠀⠀⠀⠀⠀⠀⠀⠀⠀⠀⠀⠀⠀⠀⠀⠀⠀⠀⠀⠼⠃⠃⠋&lt;/row&gt;
          &lt;row&gt;⠠⠺⠀⠁⠀⠇⠀⠇⠀⠁⠀⠝⠀⠙⠀⠑⠀⠗⠀⠊⠀⠁&lt;/row&gt;
          &lt;row&gt;⠀&lt;/row&gt;
          &lt;row&gt;⠅⠀⠕⠀⠓⠀⠞⠀⠊⠄&lt;/row&gt;
          &lt;row&gt;⠀&lt;/row&gt;
          &lt;row&gt;⠀&lt;/row&gt;
          &lt;row&gt;⠤⠀⠀⠀⠠⠞⠀⠊⠀⠑⠀⠎⠀⠊⠀⠝⠂⠀⠀⠀⠑⠀⠞⠀⠞⠀⠜&lt;/row&gt;
          &lt;row&gt;⠀&lt;/row&gt;
          &lt;row&gt;⠞⠀⠥⠀⠇⠀⠑⠀⠞⠀⠞⠀⠑&lt;/row&gt;
          &lt;row&gt;⠀&lt;/row&gt;
          &lt;row&gt;⠞⠀⠁⠀⠅⠀⠁⠀⠊⠀⠎⠀⠊⠀⠝⠂&lt;/row&gt;
          &lt;row&gt;⠀&lt;/row&gt;
          &lt;row&gt;⠠⠎⠀⠞⠀⠑⠀⠝⠀⠓⠀⠕⠀⠇⠀⠍&lt;/row&gt;
          &lt;row&gt;⠀&lt;/row&gt;
          &lt;row&gt;⠎⠀⠁⠀⠝⠀⠕⠀⠊⠄⠀⠀⠀⠤⠀⠀⠀⠠⠎⠀⠊⠀⠅⠀⠎⠀⠊&lt;/row&gt;
          &lt;row&gt;⠀&lt;/row&gt;
          &lt;row&gt;⠕⠀⠇⠀⠊⠀⠀⠀⠓⠀⠽⠀⠧⠀⠜⠂⠀⠀⠑⠀⠞⠀⠞⠀⠜&lt;/row&gt;
          &lt;row&gt;⠀&lt;/row&gt;
          &lt;row&gt;⠧⠀⠁⠀⠊⠀⠍⠀⠕⠀⠝⠀⠊⠀⠀⠀⠎⠀⠁⠀⠊&lt;/row&gt;
          &lt;row&gt;⠀&lt;/row&gt;
          &lt;row&gt;⠅⠀⠥⠀⠕⠀⠇⠀⠇⠀⠁⠄&lt;/row&gt;
          &lt;row&gt;⠀&lt;/row&gt;
          &lt;row&gt;⠀&lt;/row&gt;
          &lt;row&gt;⠤⠀⠀⠀⠠⠏⠀⠁⠀⠝⠀⠅⠀⠁⠀⠁&lt;/row&gt;
          &lt;row&gt;⠀&lt;/row&gt;
          &lt;row&gt;⠏⠀⠊⠀⠎⠀⠞⠀⠕⠀⠕⠀⠇⠀⠊⠀⠀⠀⠏⠀⠕⠀⠊⠀⠎⠂&lt;/row&gt;
          &lt;row/&gt;
        &lt;/page&gt;
        &lt;page&gt;
          &lt;row&gt;⠀⠀⠀⠀⠀⠀⠀⠀⠀⠀⠀⠀⠀⠀⠀⠀⠀⠀⠀⠀⠀⠀⠀⠀⠀⠀⠼⠃⠃⠛&lt;/row&gt;
          &lt;row&gt;⠠⠺⠀⠁⠀⠇⠀⠇⠀⠁⠀⠝⠀⠙⠀⠑⠀⠗&lt;/row&gt;
          &lt;row&gt;⠀&lt;/row&gt;
          &lt;row&gt;⠅⠀⠜⠀⠎⠀⠅⠀⠊⠄&lt;/row&gt;
          &lt;row&gt;⠀&lt;/row&gt;
          &lt;row&gt;⠀&lt;/row&gt;
          &lt;row&gt;⠠⠧⠀⠁⠀⠝⠀⠓⠀⠁⠀⠀⠀⠍⠀⠊⠀⠑⠀⠎&lt;/row&gt;
          &lt;row&gt;⠀&lt;/row&gt;
          &lt;row&gt;⠏⠀⠥⠀⠊⠀⠎⠀⠞⠀⠊⠀⠀⠀⠏⠀⠜⠀⠜⠀⠞⠀⠜⠀⠜⠀⠝⠄&lt;/row&gt;
          &lt;row&gt;⠀&lt;/row&gt;
          &lt;row&gt;⠠⠺⠀⠁⠀⠇⠀⠇⠀⠁⠀⠝⠀⠙⠀⠑⠀⠗⠀⠀⠀⠕⠀⠇⠀⠊&lt;/row&gt;
          &lt;row&gt;⠀&lt;/row&gt;
          &lt;row&gt;⠇⠀⠁⠀⠍⠀⠁⠀⠁⠀⠝⠀⠞⠀⠥⠀⠝⠀⠥⠀⠞&lt;/row&gt;
          &lt;row&gt;⠀&lt;/row&gt;
          &lt;row&gt;⠏⠀⠑⠀⠇⠀⠕⠀⠎⠀⠞⠀⠁⠄&lt;/row&gt;
          &lt;row&gt;⠀&lt;/row&gt;
          &lt;row&gt;⠀&lt;/row&gt;
          &lt;row&gt;⠠⠎⠀⠊⠀⠞⠀⠞⠀⠑⠀⠝⠀⠀⠀⠅⠀⠁⠀⠊⠀⠅⠀⠅⠀⠊&lt;/row&gt;
          &lt;row&gt;⠀&lt;/row&gt;
          &lt;row&gt;⠞⠀⠁⠀⠏⠀⠁⠀⠓⠀⠞⠀⠥⠀⠊&lt;/row&gt;
          &lt;row&gt;⠀&lt;/row&gt;
          &lt;row&gt;⠝⠀⠕⠀⠏⠀⠑⠀⠁⠀⠎⠀⠞⠀⠊⠄&lt;/row&gt;
          &lt;row&gt;⠀&lt;/row&gt;
          &lt;row&gt;⠠⠍⠀⠊⠀⠑⠀⠎⠀⠀⠀⠎⠀⠥⠀⠥⠀⠝⠀⠞⠀⠁⠀⠎⠀⠊&lt;/row&gt;
          &lt;row&gt;⠀&lt;/row&gt;
          &lt;row&gt;⠏⠀⠊⠀⠎⠀⠞⠀⠕⠀⠕⠀⠇⠀⠊⠀⠝&lt;/row&gt;
          &lt;row/&gt;
        &lt;/page&gt;
        &lt;page&gt;
          &lt;row&gt;⠀⠀⠀⠀⠀⠀⠀⠀⠀⠀⠀⠀⠀⠀⠀⠀⠀⠀⠀⠀⠀⠀⠀⠀⠀⠀⠼⠃⠃⠓&lt;/row&gt;
          &lt;row&gt;⠅⠀⠕⠀⠓⠀⠞⠀⠊⠀⠀⠀⠕⠀⠍⠀⠁⠀⠁&lt;/row&gt;
          &lt;row&gt;⠀&lt;/row&gt;
          &lt;row&gt;⠏⠀⠜⠀⠜⠀⠞⠀⠜⠀⠜⠀⠝⠀⠀⠀⠚⠀⠁&lt;/row&gt;
          &lt;row&gt;⠀&lt;/row&gt;
          &lt;row&gt;⠏⠀⠁⠀⠊⠀⠝⠀⠕⠀⠊&lt;/row&gt;
          &lt;row&gt;⠀&lt;/row&gt;
          &lt;row&gt;⠇⠀⠊⠀⠊⠀⠏⠀⠁⠀⠊⠀⠎⠀⠊⠀⠝⠀⠞⠀⠁⠄&lt;/row&gt;
          &lt;row&gt;⠀&lt;/row&gt;
          &lt;row&gt;⠠⠇⠀⠁⠀⠥⠀⠅⠀⠁⠀⠥⠀⠅⠀⠎⠀⠑⠀⠝&lt;/row&gt;
          &lt;row&gt;⠀&lt;/row&gt;
          &lt;row&gt;⠅⠀⠁⠀⠊⠀⠅⠀⠥⠀⠀⠀⠚⠀⠽⠀⠇⠀⠊⠀⠎⠀⠊&lt;/row&gt;
          &lt;row&gt;⠀&lt;/row&gt;
          &lt;row&gt;⠓⠀⠥⠀⠕⠀⠝⠀⠑⠀⠑⠀⠎⠀⠎⠀⠁⠄&lt;/row&gt;
          &lt;row&gt;⠀&lt;/row&gt;
          &lt;row&gt;⠠⠎⠀⠞⠀⠑⠀⠝⠀⠓⠀⠕⠀⠇⠀⠍⠀⠊⠀⠝&lt;/row&gt;
          &lt;row&gt;⠀&lt;/row&gt;
          &lt;row&gt;⠗⠀⠥⠀⠥⠀⠍⠀⠊⠀⠎⠀⠀⠀⠅⠀⠁⠀⠁⠀⠞⠀⠥⠀⠊&lt;/row&gt;
          &lt;row&gt;⠀&lt;/row&gt;
          &lt;row&gt;⠇⠀⠁⠀⠥⠀⠅⠀⠁⠀⠥⠀⠅⠀⠎⠀⠑⠀⠝&lt;/row&gt;
          &lt;row&gt;⠀&lt;/row&gt;
          &lt;row&gt;⠧⠀⠕⠀⠊⠀⠍⠀⠁⠀⠎⠀⠞⠀⠁&lt;/row&gt;
          &lt;row&gt;⠀&lt;/row&gt;
          &lt;row&gt;⠏⠀⠥⠀⠕⠀⠇⠀⠊⠀⠞⠀⠞⠀⠁⠀⠊⠀⠝&lt;/row&gt;
          &lt;row&gt;⠀&lt;/row&gt;
          &lt;row&gt;⠕⠀⠧⠀⠑⠀⠎⠀⠞⠀⠁⠀⠀⠀⠥⠀⠇⠀⠕⠀⠎⠄&lt;/row&gt;
          &lt;row/&gt;
        &lt;/page&gt;
        &lt;page&gt;
          &lt;row&gt;⠀⠀⠀⠀⠀⠀⠀⠀⠀⠀⠀⠀⠀⠀⠀⠀⠀⠀⠀⠀⠀⠀⠀⠀⠀⠀⠼⠃⠃⠊&lt;/row&gt;
          &lt;row&gt;⠠⠎⠀⠑⠀⠊⠀⠝⠀⠊⠀⠇⠀⠇⠀⠑&lt;/row&gt;
          &lt;row&gt;⠀&lt;/row&gt;
          &lt;row&gt;⠗⠀⠕⠀⠊⠀⠎⠀⠅⠀⠥⠀⠊⠀⠀⠀⠧⠀⠑⠀⠗⠀⠞⠀⠁⠄&lt;/row&gt;
          &lt;row&gt;⠀&lt;/row&gt;
          &lt;row&gt;⠀&lt;/row&gt;
          &lt;row&gt;⠠⠧⠀⠁⠀⠝⠀⠓⠀⠁⠀⠀⠀⠍⠀⠊⠀⠑⠀⠎⠀⠀⠀⠕⠀⠇⠀⠊&lt;/row&gt;
          &lt;row&gt;⠀&lt;/row&gt;
          &lt;row&gt;⠅⠀⠥⠀⠕⠀⠇⠀⠇⠀⠥⠀⠞⠄&lt;/row&gt;
          &lt;row&gt;⠀&lt;/row&gt;
          &lt;row&gt;⠀&lt;/row&gt;
          &lt;row&gt;⠠⠺⠀⠁⠀⠇⠀⠇⠀⠁⠀⠝⠀⠙⠀⠑⠀⠗⠀⠊⠀⠁&lt;/row&gt;
          &lt;row&gt;⠀&lt;/row&gt;
          &lt;row&gt;⠓⠀⠥⠀⠊⠀⠍⠀⠁⠀⠎⠀⠊⠀⠀⠀⠚⠀⠁⠀⠀⠀⠓⠀⠜⠀⠝&lt;/row&gt;
          &lt;row&gt;⠀&lt;/row&gt;
          &lt;row&gt;⠇⠀⠥⠀⠥⠀⠇⠀⠊&lt;/row&gt;
          &lt;row&gt;⠀&lt;/row&gt;
          &lt;row&gt;⠏⠀⠽⠀⠪⠀⠗⠀⠞⠀⠽⠀⠧⠀⠜⠀⠝⠀⠎⠀⠜⠄&lt;/row&gt;
          &lt;row&gt;⠀&lt;/row&gt;
          &lt;row&gt;⠠⠓⠀⠜⠀⠝⠀⠀⠀⠅⠀⠕⠀⠍⠀⠏⠀⠥⠀⠗⠀⠕⠀⠊&lt;/row&gt;
          &lt;row&gt;⠀&lt;/row&gt;
          &lt;row&gt;⠥⠀⠇⠀⠕⠀⠎⠀⠀⠀⠕⠀⠧⠀⠑⠀⠎⠀⠞⠀⠁&lt;/row&gt;
          &lt;row&gt;⠀&lt;/row&gt;
          &lt;row&gt;⠚⠀⠁⠀⠀⠀⠁⠀⠇⠀⠁⠀⠎&lt;/row&gt;
          &lt;row&gt;⠀&lt;/row&gt;
          &lt;row&gt;⠏⠀⠕⠀⠗⠀⠞⠀⠁⠀⠊⠀⠞⠀⠁⠄&lt;/row&gt;
          &lt;row/&gt;
        &lt;/page&gt;
        &lt;page&gt;
          &lt;row&gt;⠀⠀⠀⠀⠀⠀⠀⠀⠀⠀⠀⠀⠀⠀⠀⠀⠀⠀⠀⠀⠀⠀⠀⠀⠀⠀⠼⠃⠉⠚&lt;/row&gt;
          &lt;row&gt;⠠⠓⠀⠜⠀⠝⠀⠀⠀⠅⠀⠁⠀⠊⠀⠧⠀⠕⠀⠊&lt;/row&gt;
          &lt;row&gt;⠀&lt;/row&gt;
          &lt;row&gt;⠑⠀⠎⠀⠊⠀⠊⠀⠝&lt;/row&gt;
          &lt;row&gt;⠀&lt;/row&gt;
          &lt;row&gt;⠅⠀⠜⠀⠝⠀⠝⠀⠽⠀⠅⠀⠅⠀⠜⠀⠝⠀⠎⠀⠜&lt;/row&gt;
          &lt;row&gt;⠀&lt;/row&gt;
          &lt;row&gt;⠚⠀⠁⠀⠀⠀⠎⠀⠕⠀⠊⠀⠞⠀⠞⠀⠊&lt;/row&gt;
          &lt;row&gt;⠀&lt;/row&gt;
          &lt;row&gt;⠏⠀⠕⠀⠇⠀⠊⠀⠊⠀⠎⠀⠊⠀⠞⠀⠁⠀⠇⠀⠕⠀⠇⠀⠇⠀⠑⠄&lt;/row&gt;
          &lt;row&gt;⠀&lt;/row&gt;
          &lt;row&gt;⠀&lt;/row&gt;
          &lt;row&gt;⠤⠀⠀⠀⠠⠽⠀⠓⠀⠙⠀⠊⠀⠎⠀⠞⠀⠜⠀⠅⠀⠜⠀⠜&lt;/row&gt;
          &lt;row&gt;⠀&lt;/row&gt;
          &lt;row&gt;⠠⠓⠀⠁⠀⠝⠀⠎⠀⠎⠀⠕⠀⠝⠀⠊⠀⠇⠀⠇⠀⠑&lt;/row&gt;
          &lt;row&gt;⠀&lt;/row&gt;
          &lt;row&gt;⠞⠀⠁⠀⠊&lt;/row&gt;
          &lt;row&gt;⠀&lt;/row&gt;
          &lt;row&gt;⠠⠓⠀⠪⠀⠛⠀⠇⠀⠥⠀⠝⠀⠙⠀⠊⠀⠇⠀⠇⠀⠑⠲&lt;/row&gt;
          &lt;row&gt;⠀&lt;/row&gt;
          &lt;row&gt;⠠⠓⠀⠑⠀⠞⠀⠊⠲&lt;/row&gt;
          &lt;row&gt;⠀&lt;/row&gt;
          &lt;row&gt;⠠⠺⠀⠁⠀⠇⠀⠇⠀⠁⠀⠝⠀⠙⠀⠑⠀⠗&lt;/row&gt;
          &lt;row&gt;⠀&lt;/row&gt;
          &lt;row&gt;⠎⠀⠁⠀⠝⠀⠕⠀⠊&lt;/row&gt;
          &lt;row&gt;⠀&lt;/row&gt;
          &lt;row&gt;⠏⠀⠥⠀⠓⠀⠑⠀⠇⠀⠊⠀⠍⠀⠑⠀⠑⠀⠝⠄&lt;/row&gt;
        &lt;/page&gt;
        &lt;page&gt;
          &lt;row&gt;⠀⠀⠀⠀⠀⠀⠀⠀⠀⠀⠀⠀⠀⠀⠀⠀⠀⠀⠀⠀⠀⠀⠀⠀⠀⠀⠼⠃⠉⠁&lt;/row&gt;
          &lt;row&gt;⠠⠧⠀⠜⠀⠓⠀⠜⠀⠝⠀⠀⠀⠁⠀⠚⠀⠁⠀⠝&lt;/row&gt;
          &lt;row&gt;⠀&lt;/row&gt;
          &lt;row&gt;⠏⠀⠜⠀⠜⠀⠎⠀⠞⠀⠜⠀⠀⠀⠠⠁⠀⠝⠀⠝⠀⠤&lt;/row&gt;
          &lt;row&gt;⠀&lt;/row&gt;
          &lt;row&gt;⠠⠃⠀⠗⠀⠊⠀⠞⠀⠞⠀⠀⠀⠠⠓⠀⠪⠀⠛⠀⠇⠀⠥⠀⠝⠀⠙&lt;/row&gt;
          &lt;row&gt;⠀&lt;/row&gt;
          &lt;row&gt;⠧⠀⠁⠀⠎⠀⠞⠀⠁⠀⠎⠀⠊⠄&lt;/row&gt;
          &lt;row&gt;⠀&lt;/row&gt;
          &lt;row&gt;⠀&lt;/row&gt;
          &lt;row&gt;⠠⠺⠀⠁⠀⠇⠀⠇⠀⠁⠀⠝⠀⠙⠀⠑⠀⠗&lt;/row&gt;
          &lt;row&gt;⠀&lt;/row&gt;
          &lt;row&gt;⠓⠀⠥⠀⠕⠀⠅⠀⠁⠀⠊⠀⠎⠀⠊⠄&lt;/row&gt;
          &lt;row&gt;⠀&lt;/row&gt;
          &lt;row&gt;⠤⠀⠀⠀⠠⠅⠀⠁⠀⠊⠀⠅⠀⠅⠀⠊⠀⠀⠀⠕⠀⠝&lt;/row&gt;
          &lt;row&gt;⠀&lt;/row&gt;
          &lt;row&gt;⠕⠀⠓⠀⠊⠄&lt;/row&gt;
          &lt;row&gt;⠀&lt;/row&gt;
          &lt;row&gt;⠀&lt;/row&gt;
          &lt;row&gt;⠤⠀⠀⠀⠠⠕⠀⠇⠀⠑⠀⠝&lt;/row&gt;
          &lt;row&gt;⠀&lt;/row&gt;
          &lt;row&gt;⠠⠎⠀⠞⠀⠑⠀⠝⠀⠓⠀⠕⠀⠇⠀⠍⠀⠊⠀⠝&lt;/row&gt;
          &lt;row&gt;⠀&lt;/row&gt;
          &lt;row&gt;⠇⠀⠥⠀⠕⠀⠝⠀⠁&lt;/row&gt;
          &lt;row&gt;⠀&lt;/row&gt;
          &lt;row&gt;⠠⠎⠀⠧⠀⠁⠀⠗⠀⠞⠀⠑⠀⠎⠀⠎⠀⠁⠄&lt;/row&gt;
          &lt;row/&gt;
        &lt;/page&gt;
        &lt;page&gt;
          &lt;row&gt;⠀⠀⠀⠀⠀⠀⠀⠀⠀⠀⠀⠀⠀⠀⠀⠀⠀⠀⠀⠀⠀⠀⠀⠀⠀⠀⠼⠃⠉⠃&lt;/row&gt;
          &lt;row&gt;⠠⠞⠀⠜⠀⠜⠀⠇⠀⠇⠀⠜⠀⠀⠀⠕⠀⠝&lt;/row&gt;
          &lt;row&gt;⠀&lt;/row&gt;
          &lt;row&gt;⠅⠀⠁⠀⠅⠀⠎⠀⠊⠀⠀⠀⠗⠀⠥⠀⠥⠀⠍⠀⠊⠀⠎⠀⠞⠀⠁⠄&lt;/row&gt;
          &lt;row&gt;⠀&lt;/row&gt;
          &lt;row&gt;⠀&lt;/row&gt;
          &lt;row&gt;⠤⠀⠀⠀⠠⠍⠀⠊⠀⠞⠀⠜⠀⠀⠀⠕⠀⠝&lt;/row&gt;
          &lt;row&gt;⠀&lt;/row&gt;
          &lt;row&gt;⠞⠀⠁⠀⠏⠀⠁⠀⠓⠀⠞⠀⠥⠀⠝⠀⠥⠀⠞⠢&lt;/row&gt;
          &lt;row&gt;⠀&lt;/row&gt;
          &lt;row&gt;⠠⠕⠀⠇⠀⠑⠀⠞⠀⠅⠀⠕&lt;/row&gt;
          &lt;row&gt;⠀&lt;/row&gt;
          &lt;row&gt;⠇⠀⠕⠀⠥⠀⠅⠀⠅⠀⠁⠀⠁⠀⠝⠀⠞⠀⠥⠀⠝⠀⠥⠀⠞⠢&lt;/row&gt;
          &lt;row&gt;⠀&lt;/row&gt;
          &lt;row&gt;⠠⠁⠀⠝⠀⠝⠀⠤⠠⠃⠀⠗⠀⠊⠀⠞⠀⠞&lt;/row&gt;
          &lt;row&gt;⠀&lt;/row&gt;
          &lt;row&gt;⠠⠓⠀⠪⠀⠛⠀⠇⠀⠥⠀⠝⠀⠙⠀⠀⠀⠅⠀⠽⠀⠎⠀⠽⠀⠊⠄&lt;/row&gt;
          &lt;row&gt;⠀&lt;/row&gt;
          &lt;row&gt;⠀&lt;/row&gt;
          &lt;row&gt;⠤⠀⠀⠀⠠⠑⠀⠝⠀⠀⠀⠕⠀⠇⠀⠑⠄&lt;/row&gt;
          &lt;row&gt;⠀&lt;/row&gt;
          &lt;row&gt;⠠⠞⠀⠥⠀⠇⠀⠅⠀⠁⠀⠁⠀⠀⠀⠧⠀⠁⠀⠊⠀⠝&lt;/row&gt;
          &lt;row&gt;⠀&lt;/row&gt;
          &lt;row&gt;⠞⠀⠜⠀⠝⠀⠝⠀⠑⠀⠀⠀⠝⠀⠕⠀⠏⠀⠑⠀⠁⠀⠎⠀⠞⠀⠊⠂&lt;/row&gt;
          &lt;row&gt;⠀&lt;/row&gt;
          &lt;row&gt;⠠⠺⠀⠁⠀⠇⠀⠇⠀⠁⠀⠝⠀⠙⠀⠑⠀⠗&lt;/row&gt;
          &lt;row/&gt;
        &lt;/page&gt;
        &lt;page&gt;
          &lt;row&gt;⠀⠀⠀⠀⠀⠀⠀⠀⠀⠀⠀⠀⠀⠀⠀⠀⠀⠀⠀⠀⠀⠀⠀⠀⠀⠀⠼⠃⠉⠉&lt;/row&gt;
          &lt;row&gt;⠧⠀⠁⠀⠎⠀⠞⠀⠁⠀⠎⠀⠊⠄&lt;/row&gt;
          &lt;row&gt;⠀&lt;/row&gt;
          &lt;row&gt;⠀&lt;/row&gt;
          &lt;row&gt;⠠⠺⠀⠁⠀⠇⠀⠇⠀⠁⠀⠝⠀⠙⠀⠑⠀⠗⠀⠀⠀⠍⠀⠑⠀⠝⠀⠊&lt;/row&gt;
          &lt;row&gt;⠀&lt;/row&gt;
          &lt;row&gt;⠥⠀⠇⠀⠕⠀⠎⠄&lt;/row&gt;
          &lt;row&gt;⠀&lt;/row&gt;
          &lt;row&gt;⠠⠗⠀⠁⠀⠝⠀⠞⠀⠁⠀⠀⠀⠕⠀⠇⠀⠊&lt;/row&gt;
          &lt;row&gt;⠀&lt;/row&gt;
          &lt;row&gt;⠅⠀⠊⠀⠑⠀⠞⠀⠕⠀⠥⠀⠞⠀⠥⠀⠝⠀⠥⠀⠞&lt;/row&gt;
          &lt;row&gt;⠀&lt;/row&gt;
          &lt;row&gt;⠎⠀⠥⠀⠍⠀⠥⠀⠥⠀⠝⠄&lt;/row&gt;
          &lt;row&gt;⠀&lt;/row&gt;
          &lt;row&gt;⠠⠓⠀⠜⠀⠝⠀⠀⠀⠎⠀⠑⠀⠊⠀⠎⠀⠕⠀⠊&lt;/row&gt;
          &lt;row&gt;⠀&lt;/row&gt;
          &lt;row&gt;⠎⠀⠥⠀⠍⠀⠥⠀⠝⠀⠀⠀⠅⠀⠑⠀⠎⠀⠅⠀⠑⠀⠇⠀⠇⠀⠜&lt;/row&gt;
          &lt;row&gt;⠀&lt;/row&gt;
          &lt;row&gt;⠚⠀⠁⠀⠀⠀⠕⠀⠙⠀⠕⠀⠞⠀⠞⠀⠊&lt;/row&gt;
          &lt;row&gt;⠀&lt;/row&gt;
          &lt;row&gt;⠏⠀⠕⠀⠇⠀⠊⠀⠊⠀⠎⠀⠑⠀⠚⠀⠁⠄&lt;/row&gt;
          &lt;row&gt;⠀&lt;/row&gt;
          &lt;row&gt;⠠⠓⠀⠜⠀⠝⠀⠀⠀⠞⠀⠥⠀⠝⠀⠎⠀⠊&lt;/row&gt;
          &lt;row&gt;⠀&lt;/row&gt;
          &lt;row&gt;⠊⠀⠞⠀⠎⠀⠑⠀⠝⠀⠎⠀⠜&lt;/row&gt;
          &lt;row&gt;⠀&lt;/row&gt;
          &lt;row&gt;⠎⠀⠥⠀⠗⠀⠥⠀⠇⠀⠇⠀⠊⠀⠎⠀⠑⠀⠅⠀⠎⠀⠊&lt;/row&gt;
        &lt;/page&gt;
        &lt;page&gt;
          &lt;row&gt;⠀⠀⠀⠀⠀⠀⠀⠀⠀⠀⠀⠀⠀⠀⠀⠀⠀⠀⠀⠀⠀⠀⠀⠀⠀⠀⠼⠃⠉⠙&lt;/row&gt;
          &lt;row&gt;⠚⠀⠁&lt;/row&gt;
          &lt;row&gt;⠀&lt;/row&gt;
          &lt;row&gt;⠁⠀⠇⠀⠁⠀⠅⠀⠥⠀⠇⠀⠕⠀⠊⠀⠎⠀⠑⠀⠅⠀⠎⠀⠊⠄&lt;/row&gt;
          &lt;row&gt;⠀&lt;/row&gt;
          &lt;row&gt;⠠⠚⠀⠜⠀⠇⠀⠇⠀⠑⠀⠑⠀⠝⠀⠀⠀⠅⠀⠑⠀⠗⠀⠗⠀⠁⠀⠝&lt;/row&gt;
          &lt;row&gt;⠀&lt;/row&gt;
          &lt;row&gt;⠓⠀⠜⠀⠝⠀⠀⠀⠕⠀⠇⠀⠊⠀⠀⠀⠕⠀⠇⠀⠇⠀⠥⠀⠞&lt;/row&gt;
          &lt;row&gt;⠀&lt;/row&gt;
          &lt;row&gt;⠍⠀⠥⠀⠅⠀⠁⠀⠝⠀⠁&lt;/row&gt;
          &lt;row&gt;⠀&lt;/row&gt;
          &lt;row&gt;⠞⠀⠕⠀⠙⠀⠊⠀⠎⠀⠞⠀⠁⠀⠍⠀⠁⠀⠎⠀⠎⠀⠁&lt;/row&gt;
          &lt;row&gt;⠀&lt;/row&gt;
          &lt;row&gt;⠍⠀⠥⠀⠗⠀⠓⠀⠑⠀⠑⠀⠇⠀⠇⠀⠊⠀⠎⠀⠞⠀⠁&lt;/row&gt;
          &lt;row&gt;⠀&lt;/row&gt;
          &lt;row&gt;⠞⠀⠁⠀⠏⠀⠁⠀⠓⠀⠞⠀⠥⠀⠍⠀⠁⠀⠁⠄&lt;/row&gt;
          &lt;row&gt;⠀&lt;/row&gt;
          &lt;row&gt;⠠⠚⠀⠕⠀⠎⠀⠅⠀⠥⠀⠎⠀⠀⠀⠓⠀⠜⠀⠝&lt;/row&gt;
          &lt;row&gt;⠀&lt;/row&gt;
          &lt;row&gt;⠍⠀⠊⠀⠑⠀⠞⠀⠞⠀⠊⠂⠀⠀⠀⠕⠀⠇⠀⠊⠀⠎⠀⠊⠀⠅⠀⠕&lt;/row&gt;
          &lt;row&gt;⠀&lt;/row&gt;
          &lt;row&gt;⠓⠀⠜⠀⠝⠀⠑⠀⠝⠀⠀⠀⠎⠀⠊⠀⠞⠀⠞⠀⠑⠀⠝⠀⠅⠀⠊⠀⠝&lt;/row&gt;
          &lt;row&gt;⠀&lt;/row&gt;
          &lt;row&gt;⠏⠀⠊⠀⠞⠀⠜⠀⠝⠀⠽⠀⠞⠀⠀⠀⠧⠀⠁⠀⠇⠀⠊⠀⠞⠀⠁&lt;/row&gt;
          &lt;row&gt;⠀&lt;/row&gt;
          &lt;row&gt;⠚⠀⠕⠀⠅⠀⠊⠀⠝⠀⠀⠀⠞⠀⠕⠀⠊⠀⠝⠀⠑⠀⠝&lt;/row&gt;
          &lt;row/&gt;
        &lt;/page&gt;
        &lt;page&gt;
          &lt;row&gt;⠀⠀⠀⠀⠀⠀⠀⠀⠀⠀⠀⠀⠀⠀⠀⠀⠀⠀⠀⠀⠀⠀⠀⠀⠀⠀⠼⠃⠉⠑&lt;/row&gt;
          &lt;row&gt;⠁⠀⠍⠀⠍⠀⠁⠀⠞⠀⠞⠀⠊⠄&lt;/row&gt;
          &lt;row&gt;⠀&lt;/row&gt;
          &lt;row&gt;⠀&lt;/row&gt;
          &lt;row&gt;⠠⠧⠀⠜⠀⠓⠀⠜⠀⠝⠀⠀⠀⠁⠀⠚⠀⠁⠀⠝&lt;/row&gt;
          &lt;row&gt;⠀&lt;/row&gt;
          &lt;row&gt;⠏⠀⠜⠀⠜⠀⠎⠀⠞⠀⠜&lt;/row&gt;
          &lt;row&gt;⠀&lt;/row&gt;
          &lt;row&gt;⠏⠀⠕⠀⠇⠀⠊⠀⠊⠀⠎⠀⠊⠀⠁⠀⠥⠀⠞⠀⠕⠀⠞⠀⠀⠀⠚⠀⠁&lt;/row&gt;
          &lt;row&gt;⠀&lt;/row&gt;
          &lt;row&gt;⠁⠀⠍⠀⠃⠀⠥⠀⠇⠀⠁⠀⠝⠀⠎⠀⠎⠀⠊⠀⠞&lt;/row&gt;
          &lt;row&gt;⠀&lt;/row&gt;
          &lt;row&gt;⠞⠀⠥⠀⠇⠀⠊⠀⠧⠀⠁⠀⠞&lt;/row&gt;
          &lt;row&gt;⠀&lt;/row&gt;
          &lt;row&gt;⠠⠎⠀⠞⠀⠑⠀⠝⠀⠓⠀⠕⠀⠇⠀⠍⠀⠊⠀⠝&lt;/row&gt;
          &lt;row&gt;⠀&lt;/row&gt;
          &lt;row&gt;⠞⠀⠁⠀⠇⠀⠕⠀⠇⠀⠇⠀⠑⠄&lt;/row&gt;
          &lt;row&gt;⠀&lt;/row&gt;
          &lt;row&gt;⠠⠁⠀⠝⠀⠝⠀⠤⠠⠃⠀⠗⠀⠊⠀⠞⠀⠞&lt;/row&gt;
          &lt;row&gt;⠀&lt;/row&gt;
          &lt;row&gt;⠠⠓⠀⠪⠀⠛⠀⠇⠀⠥⠀⠝⠀⠙⠀⠀⠀⠝⠀⠕⠀⠥⠀⠎⠀⠊&lt;/row&gt;
          &lt;row&gt;⠀&lt;/row&gt;
          &lt;row&gt;⠁⠀⠥⠀⠞⠀⠕⠀⠎⠀⠞⠀⠁⠄&lt;/row&gt;
          &lt;row&gt;⠀&lt;/row&gt;
          &lt;row&gt;⠠⠓⠀⠜⠀⠝⠀⠀⠀⠝⠀⠜⠀⠅⠀⠊&lt;/row&gt;
          &lt;row&gt;⠀&lt;/row&gt;
          &lt;row&gt;⠠⠺⠀⠁⠀⠇⠀⠇⠀⠁⠀⠝⠀⠙⠀⠑⠀⠗⠀⠊⠀⠝⠂&lt;/row&gt;
        &lt;/page&gt;
        &lt;page&gt;
          &lt;row&gt;⠀⠀⠀⠀⠀⠀⠀⠀⠀⠀⠀⠀⠀⠀⠀⠀⠀⠀⠀⠀⠀⠀⠀⠀⠀⠀⠼⠃⠉⠋&lt;/row&gt;
          &lt;row&gt;⠚⠀⠕⠀⠅⠀⠁⠀⠀⠀⠝⠀⠜⠀⠽⠀⠞⠀⠞⠀⠊&lt;/row&gt;
          &lt;row&gt;⠀&lt;/row&gt;
          &lt;row&gt;⠍⠀⠥⠀⠎⠀⠞⠀⠁⠀⠇⠀⠞⠀⠁&lt;/row&gt;
          &lt;row&gt;⠀&lt;/row&gt;
          &lt;row&gt;⠧⠀⠁⠀⠗⠀⠚⠀⠕⠀⠇⠀⠞⠀⠁&lt;/row&gt;
          &lt;row&gt;⠀&lt;/row&gt;
          &lt;row&gt;⠧⠀⠁⠀⠇⠀⠅⠀⠕⠀⠊⠀⠎⠀⠑⠀⠝&lt;/row&gt;
          &lt;row&gt;⠀&lt;/row&gt;
          &lt;row&gt;⠎⠀⠥⠀⠍⠀⠥⠀⠝⠀⠀⠀⠅⠀⠑⠀⠎⠀⠅⠀⠑⠀⠇⠀⠇⠀⠜⠄&lt;/row&gt;
          &lt;row&gt;⠀&lt;/row&gt;
          &lt;row&gt;⠀&lt;/row&gt;
          &lt;row&gt;⠤⠀⠀⠀⠠⠍⠀⠊⠀⠞⠀⠜⠀⠀⠀⠕⠀⠝&lt;/row&gt;
          &lt;row&gt;⠀&lt;/row&gt;
          &lt;row&gt;⠞⠀⠁⠀⠏⠀⠁⠀⠓⠀⠞⠀⠥⠀⠝⠀⠥⠀⠞⠢⠀⠀⠀⠓⠀⠜⠀⠝&lt;/row&gt;
          &lt;row&gt;⠀&lt;/row&gt;
          &lt;row&gt;⠅⠀⠽⠀⠎⠀⠽⠀⠊⠄&lt;/row&gt;
          &lt;row&gt;⠀&lt;/row&gt;
          &lt;row&gt;⠀&lt;/row&gt;
          &lt;row&gt;⠤⠀⠀⠀⠠⠕⠀⠇⠀⠑⠀⠍⠀⠍⠀⠑&lt;/row&gt;
          &lt;row&gt;⠀&lt;/row&gt;
          &lt;row&gt;⠗⠀⠁⠀⠞⠀⠅⠀⠁⠀⠊⠀⠎⠀⠎⠀⠑⠀⠑⠀⠞&lt;/row&gt;
          &lt;row&gt;⠀&lt;/row&gt;
          &lt;row&gt;⠞⠀⠁⠀⠅⠀⠎⠀⠊⠀⠝&lt;/row&gt;
          &lt;row&gt;⠀&lt;/row&gt;
          &lt;row&gt;⠞⠀⠁⠀⠅⠀⠁⠀⠏⠀⠑⠀⠝⠀⠅⠀⠊⠀⠇⠀⠇⠀⠑&lt;/row&gt;
          &lt;row/&gt;
        &lt;/page&gt;
        &lt;page&gt;
          &lt;row&gt;⠀⠀⠀⠀⠀⠀⠀⠀⠀⠀⠀⠀⠀⠀⠀⠀⠀⠀⠀⠀⠀⠀⠀⠀⠀⠀⠼⠃⠉⠛&lt;/row&gt;
          &lt;row&gt;⠅⠀⠥⠀⠕⠀⠇⠀⠇⠀⠑⠀⠑⠀⠝&lt;/row&gt;
          &lt;row&gt;⠀&lt;/row&gt;
          &lt;row&gt;⠍⠀⠊⠀⠑⠀⠓⠀⠑⠀⠝⠀⠀⠀⠍⠀⠥⠀⠗⠀⠓⠀⠁⠀⠝⠂&lt;/row&gt;
          &lt;row&gt;⠀&lt;/row&gt;
          &lt;row&gt;⠠⠺⠀⠁⠀⠇⠀⠇⠀⠁⠀⠝⠀⠙⠀⠑⠀⠗&lt;/row&gt;
          &lt;row&gt;⠀&lt;/row&gt;
          &lt;row&gt;⠎⠀⠁⠀⠝⠀⠕⠀⠊⠄&lt;/row&gt;
          &lt;row&gt;⠀&lt;/row&gt;
          &lt;row&gt;⠀&lt;/row&gt;
          &lt;row&gt;⠠⠁⠀⠝⠀⠝⠀⠤⠠⠃⠀⠗⠀⠊⠀⠞⠀⠞&lt;/row&gt;
          &lt;row&gt;⠀&lt;/row&gt;
          &lt;row&gt;⠠⠓⠀⠪⠀⠛⠀⠇⠀⠥⠀⠝⠀⠙⠀⠀⠀⠅⠀⠁⠀⠞⠀⠎⠀⠕⠀⠊&lt;/row&gt;
          &lt;row&gt;⠀&lt;/row&gt;
          &lt;row&gt;⠓⠀⠜⠀⠝⠀⠞⠀⠜⠄&lt;/row&gt;
          &lt;row&gt;⠀&lt;/row&gt;
          &lt;row&gt;⠠⠓⠀⠜⠀⠝⠀⠀⠀⠕⠀⠙⠀⠕⠀⠞⠀⠞⠀⠊⠂&lt;/row&gt;
          &lt;row&gt;⠀&lt;/row&gt;
          &lt;row&gt;⠑⠀⠞⠀⠞⠀⠜⠀⠀⠀⠠⠺⠀⠁⠀⠇⠀⠇⠀⠁⠀⠝⠀⠙⠀⠑⠀⠗&lt;/row&gt;
          &lt;row&gt;⠀&lt;/row&gt;
          &lt;row&gt;⠕⠀⠇⠀⠊⠀⠎⠀⠊⠀⠀⠀⠎⠀⠁⠀⠝⠀⠕⠀⠝⠀⠥⠀⠞&lt;/row&gt;
          &lt;row&gt;⠀&lt;/row&gt;
          &lt;row&gt;⠧⠀⠊⠀⠑⠀⠇⠀⠜⠀⠀⠀⠚⠀⠕⠀⠞⠀⠁⠀⠊⠀⠝⠂&lt;/row&gt;
          &lt;row&gt;⠀&lt;/row&gt;
          &lt;row&gt;⠅⠀⠑⠀⠗⠀⠞⠀⠕⠀⠝⠀⠥⠀⠞⠀⠀⠀⠇⠀⠊⠀⠎⠀⠜⠀⠜⠄&lt;/row&gt;
          &lt;row&gt;⠀&lt;/row&gt;
          &lt;row/&gt;
        &lt;/page&gt;
        &lt;page&gt;
          &lt;row&gt;⠀⠀⠀⠀⠀⠀⠀⠀⠀⠀⠀⠀⠀⠀⠀⠀⠀⠀⠀⠀⠀⠀⠀⠀⠀⠀⠼⠃⠉⠓&lt;/row&gt;
          &lt;row&gt;⠤⠀⠀⠀⠠⠑⠀⠊⠀⠀⠀⠍⠀⠥⠀⠥⠀⠞⠀⠁⠂&lt;/row&gt;
          &lt;row&gt;⠀&lt;/row&gt;
          &lt;row&gt;⠠⠺⠀⠁⠀⠇⠀⠇⠀⠁⠀⠝⠀⠙⠀⠑⠀⠗&lt;/row&gt;
          &lt;row&gt;⠀&lt;/row&gt;
          &lt;row&gt;⠎⠀⠁⠀⠝⠀⠕⠀⠊⠄&lt;/row&gt;
          &lt;row&gt;⠀&lt;/row&gt;
          &lt;row&gt;⠤⠀⠀⠀⠠⠎⠀⠑⠀⠀⠀⠕⠀⠝⠀⠀⠀⠁⠀⠊⠀⠝⠀⠕⠀⠁&lt;/row&gt;
          &lt;row&gt;⠀&lt;/row&gt;
          &lt;row&gt;⠁⠀⠎⠀⠊⠀⠁⠂⠀⠀⠀⠚⠀⠕⠀⠝⠀⠅⠀⠁&lt;/row&gt;
          &lt;row&gt;⠀&lt;/row&gt;
          &lt;row&gt;⠕⠀⠇⠀⠑⠀⠍⠀⠍⠀⠑⠀⠀⠀⠞⠀⠑⠀⠓⠀⠝⠀⠑⠀⠑⠀⠞⠄&lt;/row&gt;
          &lt;row&gt;⠀&lt;/row&gt;
          &lt;row&gt;⠀&lt;/row&gt;
          &lt;row&gt;⠠⠺⠀⠁⠀⠇⠀⠇⠀⠁⠀⠝⠀⠙⠀⠑⠀⠗&lt;/row&gt;
          &lt;row&gt;⠀&lt;/row&gt;
          &lt;row&gt;⠁⠀⠇⠀⠅⠀⠕⠀⠊⠀⠀⠀⠅⠀⠜⠀⠧⠀⠑⠀⠇⠀⠇⠀⠜&lt;/row&gt;
          &lt;row&gt;⠀&lt;/row&gt;
          &lt;row&gt;⠓⠀⠊⠀⠞⠀⠁⠀⠁⠀⠎⠀⠞⠀⠊&lt;/row&gt;
          &lt;row&gt;⠀&lt;/row&gt;
          &lt;row&gt;⠏⠀⠕⠀⠊⠀⠎⠀⠏⠀⠜⠀⠊⠀⠝&lt;/row&gt;
          &lt;row&gt;⠀&lt;/row&gt;
          &lt;row&gt;⠗⠀⠁⠀⠝⠀⠞⠀⠁⠀⠁⠀⠀⠀⠏⠀⠊⠀⠞⠀⠅⠀⠊⠀⠝⠄&lt;/row&gt;
          &lt;row&gt;⠀&lt;/row&gt;
          &lt;row&gt;⠀&lt;/row&gt;
          &lt;row&gt;⠀&lt;/row&gt;
          &lt;row/&gt;
        &lt;/page&gt;
        &lt;page&gt;
          &lt;row&gt;⠀⠀⠀⠀⠀⠀⠀⠀⠀⠀⠀⠀⠀⠀⠀⠀⠀⠀⠀⠀⠀⠀⠀⠀⠀⠀⠼⠃⠉⠊&lt;/row&gt;
          &lt;row&gt;⠠⠏⠀⠊⠀⠁⠀⠝⠀⠀⠀⠓⠀⠜⠀⠝⠀⠀⠀⠕⠀⠇⠀⠊&lt;/row&gt;
          &lt;row&gt;⠀&lt;/row&gt;
          &lt;row&gt;⠅⠀⠁⠀⠙⠀⠕⠀⠝⠀⠝⠀⠥⠀⠞&lt;/row&gt;
          &lt;row&gt;⠀&lt;/row&gt;
          &lt;row&gt;⠎⠀⠥⠀⠍⠀⠥⠀⠥⠀⠝⠄&lt;/row&gt;
          &lt;row&gt;⠀&lt;/row&gt;
          &lt;row&gt;⠀&lt;/row&gt;
          &lt;row&gt;⠀&lt;/row&gt;
          &lt;row&gt;⠠⠇⠀⠕⠀⠏⠀⠏⠀⠥&lt;/row&gt;
        &lt;/page&gt;
      &lt;/section&gt;
    &lt;/volume&gt;
  &lt;/body&gt;
&lt;/pef&gt;

Was:



application/x-pef+xml
identifier?
2015-10-21
(id:"com_braillo.BrailloTableProvider.TableType.BRAILLO_6DOT_001_00")





⠞⠕⠙⠕




</system-err></testcase></testsuite><testsuite timestamp="2015-10-21T10:27:19.137Z" hostname="localhost" tests="2" errors="0" failures="1" skipped="0" id="d3499e1" name="4336DoubleLetterSpacingPt2" package="http://www.daisy.org/ns/pipeline/xproc/internal" time="0.293">
<properties><property name="input: source" value="&lt;_ xmlns=&#34;http://www.daisy.org/z3986/2005/dtbook/&#34; ...&gt;...&lt;/_&gt; (Base URI: file:/Users/bert/src/snaekobbi/src/requirements/src/test/letter-spacing/test-celia.xprocspec)"/>

<property name="option: stylesheet" value="file:/Users/bert/src/snaekobbi/src/requirements/src/test/letter-spacing/style-celia.css"/>
<property name="option: transform" value="(formatter:dotify)(translator:celia)"/>
<property name="option: ascii-table" value="(id:&#34;com_braillo.BrailloTableProvider.TableType.BRAILLO_6DOT_001_00&#34;)"/>
<property name="option: temp-dir" value="file:/Users/bert/src/snaekobbi/src/requirements/target/xprocspec//tmp/xprocspec-20151021122714272/"/>

</properties>
<testcase name="theStepShouldExecuteSuccessfullyWithoutThrowingAnyErrors" classname="css-inline-and-px-transform-type-css" assertions="1" time="0" status="SUCCESS"><system-out>the step should execute successfully without throwing any errors: SUCCESS</system-out>
<system-err/></testcase><testcase name="result" classname="css-inline-and-px-transform-type-css" assertions="1" time="0" status="FAILED"><failure message="result" type="custom"/><system-out>result: FAILED</system-out>
<system-err>Expected:
&lt;pef xmlns="http://www.daisy.org/ns/2008/pef" version="2008-1"&gt;
  &lt;head&gt;
    &lt;meta xmlns:dc="http://purl.org/dc/elements/1.1/" xmlns:dp2="http://www.daisy.org/ns/pipeline"&gt;
      &lt;dc:date&gt;2015-10-21&lt;/dc:date&gt;
      &lt;dc:format&gt;application/x-pef+xml&lt;/dc:format&gt;
      &lt;dc:identifier&gt;AUTO_ID_430055633&lt;/dc:identifier&gt;
      &lt;dp2:ascii-table&gt;(id:'com_braillo.BrailloTableProvider.TableType.BRAILLO_6DOT_001_00')&lt;/dp2:ascii-table&gt;
    &lt;/meta&gt;
  &lt;/head&gt;
  &lt;body&gt;
    &lt;volume cols="30" rows="27" rowgap="0" duplex="false"&gt;
      &lt;section&gt;
        &lt;page&gt;
          &lt;row&gt;⠀⠀⠀⠀⠀⠀⠀⠀⠀⠀⠀⠀⠀⠀⠀⠀⠀⠀⠀⠀⠀⠀⠀⠀⠀⠀⠀⠀⠼⠁&lt;/row&gt;
          &lt;row&gt;⠠⠍⠀⠊⠀⠊⠀⠝⠀⠁⠀⠀⠀⠚⠀⠁⠀⠀⠀⠠⠍⠀⠁⠀⠝⠀⠥&lt;/row&gt;
          &lt;row&gt;⠀&lt;/row&gt;
          &lt;row&gt;⠅⠀⠊⠀⠗⠀⠚⠀⠁⠀⠎⠀⠞⠀⠕⠀⠎⠀⠎⠀⠁&lt;/row&gt;
          &lt;row&gt;⠀&lt;/row&gt;
          &lt;row&gt;⠀&lt;/row&gt;
          &lt;row&gt;⠀&lt;/row&gt;
          &lt;row&gt;⠠⠞⠀⠑⠀⠅⠀⠎⠀⠞⠀⠊⠒⠀⠀⠀⠠⠞⠀⠥⠀⠥⠀⠇⠀⠁&lt;/row&gt;
          &lt;row&gt;⠀&lt;/row&gt;
          &lt;row&gt;⠠⠏⠀⠥⠀⠗⠀⠁⠀⠝⠀⠑⠀⠝&lt;/row&gt;
          &lt;row&gt;⠀&lt;/row&gt;
          &lt;row&gt;⠀&lt;/row&gt;
          &lt;row&gt;⠠⠅⠀⠥⠀⠧⠀⠊⠀⠞⠀⠥⠀⠎⠒&lt;/row&gt;
          &lt;row&gt;⠀&lt;/row&gt;
          &lt;row&gt;⠠⠅⠀⠗⠀⠊⠀⠎⠀⠞⠀⠊⠀⠁⠀⠝&lt;/row&gt;
          &lt;row&gt;⠀&lt;/row&gt;
          &lt;row&gt;⠠⠓⠀⠥⠀⠊⠀⠞⠀⠥⠀⠇⠀⠁&lt;/row&gt;
          &lt;row&gt;⠀&lt;/row&gt;
          &lt;row&gt;⠀&lt;/row&gt;
          &lt;row&gt;⠀&lt;/row&gt;
          &lt;row&gt;⠠⠞⠀⠁⠀⠗⠀⠅⠀⠑⠀⠍⠀⠍⠀⠁⠀⠞&lt;/row&gt;
          &lt;row&gt;⠀&lt;/row&gt;
          &lt;row&gt;⠞⠀⠊⠀⠑⠀⠙⠀⠕⠀⠞⠀⠀⠀⠅⠀⠊⠀⠗⠀⠚⠀⠁⠀⠎⠀⠞⠀⠁&lt;/row&gt;
          &lt;row&gt;⠀&lt;/row&gt;
          &lt;row&gt;⠕⠀⠧⠀⠁⠀⠞⠀⠀⠀⠅⠀⠊⠀⠗⠀⠚⠀⠁⠀⠝&lt;/row&gt;
          &lt;row&gt;⠀&lt;/row&gt;
          &lt;row&gt;⠇⠀⠕⠀⠏⠀⠥⠀⠎⠀⠎⠀⠁⠄&lt;/row&gt;
        &lt;/page&gt;
        &lt;page&gt;
          &lt;row&gt;⠀⠀⠀⠀⠀⠀⠀⠀⠀⠀⠀⠀⠀⠀⠀⠀⠀⠀⠀⠀⠀⠀⠀⠀⠀⠀⠀⠀⠼⠃&lt;/row&gt;
          &lt;row&gt;⠀&lt;/row&gt;
          &lt;row&gt;⠠⠍⠀⠊⠀⠊⠀⠝⠀⠁&lt;/row&gt;
          &lt;row&gt;⠀&lt;/row&gt;
          &lt;row&gt;⠀&lt;/row&gt;
          &lt;row&gt;⠠⠍⠀⠊⠀⠊⠀⠝⠀⠁⠀⠀⠀⠚⠀⠁⠀⠀⠀⠠⠍⠀⠁⠀⠝⠀⠥&lt;/row&gt;
          &lt;row&gt;⠀&lt;/row&gt;
          &lt;row&gt;⠕⠀⠧⠀⠁⠀⠞⠀⠀⠀⠎⠀⠊⠀⠎⠀⠁⠀⠗⠀⠥⠀⠅⠀⠎⠀⠊⠀⠁⠄&lt;/row&gt;
          &lt;row&gt;⠀&lt;/row&gt;
          &lt;row&gt;⠠⠍⠀⠊⠀⠊⠀⠝⠀⠁⠀⠇⠀⠇⠀⠁⠀⠀⠀⠕⠀⠝&lt;/row&gt;
          &lt;row&gt;⠀&lt;/row&gt;
          &lt;row&gt;⠕⠀⠗⠀⠁⠀⠝⠀⠎⠀⠎⠀⠊⠀⠀⠀⠞⠀⠥⠀⠗⠀⠅⠀⠅⠀⠊⠄&lt;/row&gt;
          &lt;row&gt;⠀&lt;/row&gt;
          &lt;row&gt;⠠⠍⠀⠁⠀⠝⠀⠥⠀⠝⠀⠀⠀⠞⠀⠥⠀⠗⠀⠅⠀⠅⠀⠊&lt;/row&gt;
          &lt;row&gt;⠀&lt;/row&gt;
          &lt;row&gt;⠕⠀⠝⠀⠀⠀⠓⠀⠁⠀⠗⠀⠍⠀⠁⠀⠁⠂&lt;/row&gt;
          &lt;row&gt;⠀&lt;/row&gt;
          &lt;row&gt;⠚⠀⠁⠀⠀⠀⠍⠀⠥⠀⠥⠀⠞⠀⠑⠀⠝⠀⠅⠀⠊⠀⠝&lt;/row&gt;
          &lt;row&gt;⠀&lt;/row&gt;
          &lt;row&gt;⠓⠀⠜⠀⠝⠀⠀⠀⠚⠀⠁⠀⠀⠀⠠⠍⠀⠊⠀⠊⠀⠝⠀⠁&lt;/row&gt;
          &lt;row&gt;⠀&lt;/row&gt;
          &lt;row&gt;⠕⠀⠧⠀⠁⠀⠞⠀⠀⠀⠑⠀⠗⠀⠊⠀⠇⠀⠁⠀⠊⠀⠎⠀⠊⠀⠁⠄&lt;/row&gt;
          &lt;row&gt;⠀&lt;/row&gt;
          &lt;row&gt;⠀&lt;/row&gt;
          &lt;row&gt;⠀&lt;/row&gt;
          &lt;row&gt;⠀&lt;/row&gt;
          &lt;row/&gt;
        &lt;/page&gt;
        &lt;page&gt;
          &lt;row&gt;⠀⠀⠀⠀⠀⠀⠀⠀⠀⠀⠀⠀⠀⠀⠀⠀⠀⠀⠀⠀⠀⠀⠀⠀⠀⠀⠀⠀⠼⠉&lt;/row&gt;
          &lt;row&gt;⠠⠍⠀⠊⠀⠊⠀⠝⠀⠁⠀⠀⠀⠕⠀⠝&lt;/row&gt;
          &lt;row&gt;⠀&lt;/row&gt;
          &lt;row&gt;⠝⠀⠕⠀⠅⠀⠅⠀⠑⠀⠇⠀⠁⠀⠀⠀⠚⠀⠁&lt;/row&gt;
          &lt;row&gt;⠀&lt;/row&gt;
          &lt;row&gt;⠝⠀⠕⠀⠏⠀⠑⠀⠁⠄&lt;/row&gt;
          &lt;row&gt;⠀&lt;/row&gt;
          &lt;row&gt;⠠⠓⠀⠜⠀⠝⠀⠀⠀⠍⠀⠊⠀⠑⠀⠞⠀⠞⠀⠊⠀⠊&lt;/row&gt;
          &lt;row&gt;⠀&lt;/row&gt;
          &lt;row&gt;⠑⠀⠝⠀⠝⠀⠑⠀⠝⠀⠀⠀⠅⠀⠥⠀⠊⠀⠝&lt;/row&gt;
          &lt;row&gt;⠀&lt;/row&gt;
          &lt;row&gt;⠞⠀⠕⠀⠊⠀⠍⠀⠊⠀⠊⠄&lt;/row&gt;
          &lt;row&gt;⠀&lt;/row&gt;
          &lt;row&gt;⠠⠍⠀⠊⠀⠊⠀⠝⠀⠁⠀⠀⠀⠕⠀⠎⠀⠁⠀⠁⠀⠀⠀⠚⠀⠕&lt;/row&gt;
          &lt;row&gt;⠀&lt;/row&gt;
          &lt;row&gt;⠇⠀⠥⠀⠅⠀⠑⠀⠁⠂⠀⠚⠀⠁&lt;/row&gt;
          &lt;row&gt;⠀&lt;/row&gt;
          &lt;row&gt;⠓⠀⠜⠀⠝⠀⠑⠀⠇⠀⠇⠀⠜⠀⠀⠀⠕⠀⠝&lt;/row&gt;
          &lt;row&gt;⠀&lt;/row&gt;
          &lt;row&gt;⠞⠀⠊⠀⠑⠀⠞⠀⠕⠀⠁&lt;/row&gt;
          &lt;row&gt;⠀&lt;/row&gt;
          &lt;row&gt;⠍⠀⠕⠀⠝⠀⠊⠀⠎⠀⠞⠀⠁&lt;/row&gt;
          &lt;row&gt;⠀&lt;/row&gt;
          &lt;row&gt;⠁⠀⠎⠀⠊⠀⠕⠀⠊⠀⠎⠀⠞⠀⠁⠄&lt;/row&gt;
          &lt;row&gt;⠀&lt;/row&gt;
          &lt;row&gt;⠀&lt;/row&gt;
          &lt;row/&gt;
        &lt;/page&gt;
        &lt;page&gt;
          &lt;row&gt;⠀⠀⠀⠀⠀⠀⠀⠀⠀⠀⠀⠀⠀⠀⠀⠀⠀⠀⠀⠀⠀⠀⠀⠀⠀⠀⠀⠀⠼⠙&lt;/row&gt;
          &lt;row&gt;⠠⠍⠀⠁⠀⠝⠀⠥&lt;/row&gt;
          &lt;row&gt;⠀&lt;/row&gt;
          &lt;row&gt;⠀&lt;/row&gt;
          &lt;row&gt;⠠⠍⠀⠁⠀⠝⠀⠥⠀⠀⠀⠕⠀⠝⠀⠀⠀⠓⠀⠊⠀⠑⠀⠍⠀⠁⠀⠝&lt;/row&gt;
          &lt;row&gt;⠀&lt;/row&gt;
          &lt;row&gt;⠓⠀⠊⠀⠙⠀⠁⠀⠎⠀⠀⠀⠚⠀⠁&lt;/row&gt;
          &lt;row&gt;⠀&lt;/row&gt;
          &lt;row&gt;⠅⠀⠪⠀⠍⠀⠏⠀⠑⠀⠇⠀⠪⠂⠀⠀⠍⠀⠥⠀⠞⠀⠞⠀⠁&lt;/row&gt;
          &lt;row&gt;⠀&lt;/row&gt;
          &lt;row&gt;⠓⠀⠜⠀⠝⠀⠀⠀⠊⠀⠝⠀⠝⠀⠕⠀⠎⠀⠞⠀⠥⠀⠥&lt;/row&gt;
          &lt;row&gt;⠀&lt;/row&gt;
          &lt;row&gt;⠓⠀⠑⠀⠇⠀⠏⠀⠕⠀⠎⠀⠞⠀⠊⠄&lt;/row&gt;
          &lt;row&gt;⠀&lt;/row&gt;
          &lt;row&gt;⠠⠍⠀⠁⠀⠝⠀⠥⠀⠀⠀⠕⠀⠝⠀⠀⠀⠁⠀⠊⠀⠝⠀⠁&lt;/row&gt;
          &lt;row&gt;⠀&lt;/row&gt;
          &lt;row&gt;⠧⠀⠁⠀⠇⠀⠍⠀⠊⠀⠎&lt;/row&gt;
          &lt;row&gt;⠀&lt;/row&gt;
          &lt;row&gt;⠎⠀⠑⠀⠊⠀⠅⠀⠅⠀⠁⠀⠊⠀⠇⠀⠥⠀⠊⠀⠓⠀⠊⠀⠝&lt;/row&gt;
          &lt;row&gt;⠀&lt;/row&gt;
          &lt;row&gt;⠚⠀⠁⠀⠀⠀⠚⠀⠕⠀⠥⠀⠞⠀⠥⠀⠥⠀⠀⠀⠥⠀⠎⠀⠑⠀⠊⠀⠝&lt;/row&gt;
          &lt;row&gt;⠀&lt;/row&gt;
          &lt;row&gt;⠅⠀⠕⠀⠍⠀⠍⠀⠑⠀⠇⠀⠇⠀⠥⠀⠅⠀⠎⠀⠊⠀⠊⠀⠝⠄&lt;/row&gt;
          &lt;row&gt;⠀&lt;/row&gt;
          &lt;row&gt;⠀&lt;/row&gt;
          &lt;row&gt;⠀&lt;/row&gt;
          &lt;row/&gt;
        &lt;/page&gt;
        &lt;page&gt;
          &lt;row&gt;⠀⠀⠀⠀⠀⠀⠀⠀⠀⠀⠀⠀⠀⠀⠀⠀⠀⠀⠀⠀⠀⠀⠀⠀⠀⠀⠀⠀⠼⠑&lt;/row&gt;
          &lt;row&gt;⠠⠍⠀⠊⠀⠊⠀⠝⠀⠁⠀⠀⠀⠚⠀⠁⠀⠀⠀⠠⠍⠀⠁⠀⠝⠀⠥&lt;/row&gt;
          &lt;row&gt;⠀&lt;/row&gt;
          &lt;row&gt;⠁⠀⠎⠀⠥⠀⠧⠀⠁⠀⠞⠀⠀⠀⠠⠎⠀⠥⠀⠇⠀⠕⠀⠤&lt;/row&gt;
          &lt;row&gt;⠀&lt;/row&gt;
          &lt;row&gt;⠑⠀⠝⠀⠕⠀⠝⠀⠀⠀⠇⠀⠥⠀⠕⠀⠝⠀⠁⠄&lt;/row&gt;
          &lt;row&gt;⠀&lt;/row&gt;
          &lt;row&gt;⠠⠎⠀⠥⠀⠇⠀⠕⠀⠤⠀⠑⠀⠝⠀⠕⠀⠀⠀⠏⠀⠊⠀⠞⠀⠜⠀⠜&lt;/row&gt;
          &lt;row&gt;⠀&lt;/row&gt;
          &lt;row&gt;⠇⠀⠁⠀⠏⠀⠎⠀⠊⠀⠎⠀⠞⠀⠁⠀⠀⠀⠓⠀⠽⠀⠧⠀⠜⠀⠜&lt;/row&gt;
          &lt;row&gt;⠀&lt;/row&gt;
          &lt;row&gt;⠓⠀⠥⠀⠕⠀⠇⠀⠞⠀⠁⠄&lt;/row&gt;
          &lt;row&gt;⠀&lt;/row&gt;
          &lt;row&gt;⠠⠓⠀⠜⠀⠝⠀⠀⠀⠕⠀⠝&lt;/row&gt;
          &lt;row&gt;⠀&lt;/row&gt;
          &lt;row&gt;⠞⠀⠥⠀⠗⠀⠧⠀⠁⠀⠇⠀⠇⠀⠊⠀⠝⠀⠑⠀⠝⠀⠀⠀⠚⠀⠁&lt;/row&gt;
          &lt;row&gt;⠀&lt;/row&gt;
          &lt;row&gt;⠕⠀⠏⠀⠑⠀⠞⠀⠞⠀⠁⠀⠧⠀⠁⠀⠊⠀⠝⠀⠑⠀⠝⠄&lt;/row&gt;
          &lt;row&gt;⠀&lt;/row&gt;
          &lt;row&gt;⠀&lt;/row&gt;
          &lt;row&gt;⠠⠅⠀⠑⠀⠎⠀⠜⠀⠀⠀⠕⠀⠝&lt;/row&gt;
          &lt;row&gt;⠀&lt;/row&gt;
          &lt;row&gt;⠁⠀⠇⠀⠅⠀⠁⠀⠝⠀⠥⠀⠞⠄&lt;/row&gt;
          &lt;row&gt;⠀&lt;/row&gt;
          &lt;row&gt;⠠⠗⠀⠥⠀⠕⠀⠓⠀⠕⠀⠀⠀⠕⠀⠝&lt;/row&gt;
          &lt;row&gt;⠀&lt;/row&gt;
          &lt;row&gt;⠧⠀⠊⠀⠓⠀⠗⠀⠑⠀⠜⠀⠜⠄&lt;/row&gt;
        &lt;/page&gt;
        &lt;page&gt;
          &lt;row&gt;⠀⠀⠀⠀⠀⠀⠀⠀⠀⠀⠀⠀⠀⠀⠀⠀⠀⠀⠀⠀⠀⠀⠀⠀⠀⠀⠀⠀⠼⠋&lt;/row&gt;
          &lt;row&gt;⠠⠅⠀⠥⠀⠅⠀⠁⠀⠞⠀⠀⠀⠅⠀⠥⠀⠅⠀⠅⠀⠊⠀⠧⠀⠁⠀⠞&lt;/row&gt;
          &lt;row&gt;⠀&lt;/row&gt;
          &lt;row&gt;⠚⠀⠁⠀⠀⠀⠏⠀⠥⠀⠊⠀⠎⠀⠎⠀⠁⠀⠀⠀⠕⠀⠝&lt;/row&gt;
          &lt;row&gt;⠀&lt;/row&gt;
          &lt;row&gt;⠥⠀⠥⠀⠙⠀⠑⠀⠞⠀⠀⠀⠇⠀⠑⠀⠓⠀⠙⠀⠑⠀⠞⠄&lt;/row&gt;
          &lt;row&gt;⠀&lt;/row&gt;
          &lt;row&gt;⠠⠞⠀⠥⠀⠕⠀⠅⠀⠎⠀⠥⠀⠥&lt;/row&gt;
          &lt;row&gt;⠀&lt;/row&gt;
          &lt;row&gt;⠊⠀⠓⠀⠁⠀⠝⠀⠁⠀⠎⠀⠞⠀⠊&lt;/row&gt;
          &lt;row&gt;⠀&lt;/row&gt;
          &lt;row&gt;⠅⠀⠑⠀⠎⠀⠜⠀⠇⠀⠞⠀⠜⠄&lt;/row&gt;
          &lt;row&gt;⠀&lt;/row&gt;
          &lt;row&gt;⠠⠍⠀⠊⠀⠊⠀⠝⠀⠁⠀⠀⠀⠚⠀⠁⠀⠀⠀⠠⠍⠀⠁⠀⠝⠀⠥&lt;/row&gt;
          &lt;row&gt;⠀&lt;/row&gt;
          &lt;row&gt;⠊⠀⠓⠀⠁⠀⠎⠀⠞⠀⠑⠀⠇⠀⠑⠀⠧⠀⠁⠀⠞&lt;/row&gt;
          &lt;row&gt;⠀&lt;/row&gt;
          &lt;row&gt;⠇⠀⠥⠀⠕⠀⠝⠀⠞⠀⠕⠀⠁&lt;/row&gt;
          &lt;row&gt;⠀&lt;/row&gt;
          &lt;row&gt;⠠⠎⠀⠥⠀⠇⠀⠕⠀⠤⠀⠑⠀⠝⠀⠕⠀⠝&lt;/row&gt;
          &lt;row&gt;⠀&lt;/row&gt;
          &lt;row&gt;⠅⠀⠁⠀⠝⠀⠎⠀⠎⠀⠁⠄&lt;/row&gt;
          &lt;row&gt;⠀&lt;/row&gt;
          &lt;row&gt;⠀&lt;/row&gt;
          &lt;row&gt;⠀&lt;/row&gt;
          &lt;row&gt;⠀&lt;/row&gt;
          &lt;row/&gt;
        &lt;/page&gt;
        &lt;page&gt;
          &lt;row&gt;⠀⠀⠀⠀⠀⠀⠀⠀⠀⠀⠀⠀⠀⠀⠀⠀⠀⠀⠀⠀⠀⠀⠀⠀⠀⠀⠀⠀⠼⠛&lt;/row&gt;
          &lt;row&gt;⠠⠍⠀⠊⠀⠊⠀⠝⠀⠁⠀⠀⠀⠇⠀⠪⠀⠽⠀⠞⠀⠜⠀⠜&lt;/row&gt;
          &lt;row&gt;⠀&lt;/row&gt;
          &lt;row&gt;⠅⠀⠥⠀⠅⠀⠁⠀⠝⠂⠀⠀⠚⠀⠕⠀⠅⠀⠁&lt;/row&gt;
          &lt;row&gt;⠀&lt;/row&gt;
          &lt;row&gt;⠝⠀⠜⠀⠽⠀⠞⠀⠞⠀⠜⠀⠜&lt;/row&gt;
          &lt;row&gt;⠀&lt;/row&gt;
          &lt;row&gt;⠧⠀⠁⠀⠇⠀⠅⠀⠕⠀⠊⠀⠎⠀⠑⠀⠇⠀⠞⠀⠁&lt;/row&gt;
          &lt;row&gt;⠀&lt;/row&gt;
          &lt;row&gt;⠞⠀⠜⠀⠓⠀⠙⠀⠑⠀⠇⠀⠞⠀⠜⠄&lt;/row&gt;
          &lt;row&gt;⠀&lt;/row&gt;
          &lt;row&gt;⠀&lt;/row&gt;
          &lt;row&gt;⠤⠀⠀⠀⠠⠍⠀⠊⠀⠅⠀⠜⠀⠀⠀⠞⠀⠜⠀⠍⠀⠜&lt;/row&gt;
          &lt;row&gt;⠀&lt;/row&gt;
          &lt;row&gt;⠅⠀⠥⠀⠅⠀⠅⠀⠁⠀⠀⠀⠕⠀⠝⠢&lt;/row&gt;
          &lt;row&gt;⠀&lt;/row&gt;
          &lt;row&gt;⠓⠀⠜⠀⠝⠀⠀⠀⠅⠀⠽⠀⠎⠀⠽⠀⠽&lt;/row&gt;
          &lt;row&gt;⠀&lt;/row&gt;
          &lt;row&gt;⠠⠎⠀⠥⠀⠇⠀⠕⠀⠤⠀⠑⠀⠝⠀⠕⠀⠇⠀⠞⠀⠁⠄&lt;/row&gt;
          &lt;row&gt;⠀&lt;/row&gt;
          &lt;row&gt;⠀&lt;/row&gt;
          &lt;row&gt;⠤⠀⠀⠀⠠⠚⠀⠁⠀⠓⠀⠁⠀⠎⠂⠀⠀⠀⠚⠀⠁⠀⠓⠀⠁⠀⠎⠂&lt;/row&gt;
          &lt;row&gt;⠀&lt;/row&gt;
          &lt;row&gt;⠠⠎⠀⠥⠀⠇⠀⠕⠀⠤⠀⠑⠀⠝⠀⠕&lt;/row&gt;
          &lt;row&gt;⠀&lt;/row&gt;
          &lt;row&gt;⠍⠀⠊⠀⠑⠀⠞⠀⠞⠀⠊⠀⠊⠄&lt;/row&gt;
          &lt;row/&gt;
        &lt;/page&gt;
        &lt;page&gt;
          &lt;row&gt;⠀⠀⠀⠀⠀⠀⠀⠀⠀⠀⠀⠀⠀⠀⠀⠀⠀⠀⠀⠀⠀⠀⠀⠀⠀⠀⠀⠀⠼⠓&lt;/row&gt;
          &lt;row&gt;⠤⠀⠀⠀⠠⠎⠀⠑⠀⠓⠀⠜⠀⠝⠀⠀⠀⠞⠀⠁⠀⠊⠀⠞⠀⠁⠀⠁&lt;/row&gt;
          &lt;row&gt;⠀&lt;/row&gt;
          &lt;row&gt;⠕⠀⠇⠀⠇⠀⠁&lt;/row&gt;
          &lt;row&gt;⠀&lt;/row&gt;
          &lt;row&gt;⠍⠀⠑⠀⠞⠀⠎⠀⠜⠀⠞⠀⠜⠀⠓⠀⠞⠀⠊⠄&lt;/row&gt;
          &lt;row&gt;⠀&lt;/row&gt;
          &lt;row&gt;⠀&lt;/row&gt;
          &lt;row&gt;⠠⠍⠀⠊⠀⠊⠀⠝⠀⠁⠀⠀⠀⠓⠀⠁⠀⠇⠀⠥⠀⠁⠀⠁&lt;/row&gt;
          &lt;row&gt;⠀&lt;/row&gt;
          &lt;row&gt;⠏⠀⠕⠀⠊⠀⠍⠀⠊⠀⠁&lt;/row&gt;
          &lt;row&gt;⠀&lt;/row&gt;
          &lt;row&gt;⠍⠀⠑⠀⠞⠀⠎⠀⠜⠀⠞⠀⠜⠀⠓⠀⠞⠀⠊⠀⠜⠄&lt;/row&gt;
          &lt;row&gt;⠀&lt;/row&gt;
          &lt;row&gt;⠠⠍⠀⠁⠀⠝⠀⠥⠀⠅⠀⠊⠀⠝&lt;/row&gt;
          &lt;row&gt;⠀&lt;/row&gt;
          &lt;row&gt;⠅⠀⠥⠀⠍⠀⠁⠀⠗⠀⠞⠀⠥⠀⠥⠀⠀⠀⠁⠀⠇⠀⠁⠀⠎&lt;/row&gt;
          &lt;row&gt;⠀&lt;/row&gt;
          &lt;row&gt;⠅⠀⠁⠀⠞⠀⠎⠀⠑⠀⠇⠀⠑⠀⠍⠀⠁⠀⠁⠀⠝&lt;/row&gt;
          &lt;row&gt;⠀&lt;/row&gt;
          &lt;row&gt;⠅⠀⠥⠀⠅⠀⠅⠀⠊⠀⠁⠄&lt;/row&gt;
          &lt;row&gt;⠀&lt;/row&gt;
          &lt;row&gt;⠀&lt;/row&gt;
          &lt;row&gt;⠀&lt;/row&gt;
          &lt;row&gt;⠀&lt;/row&gt;
          &lt;row&gt;⠀&lt;/row&gt;
          &lt;row/&gt;
        &lt;/page&gt;
        &lt;page&gt;
          &lt;row&gt;⠀⠀⠀⠀⠀⠀⠀⠀⠀⠀⠀⠀⠀⠀⠀⠀⠀⠀⠀⠀⠀⠀⠀⠀⠀⠀⠀⠀⠼⠊&lt;/row&gt;
          &lt;row&gt;⠠⠜⠀⠅⠀⠅⠀⠊⠀⠜⠀⠀⠀⠠⠍⠀⠁⠀⠝⠀⠥&lt;/row&gt;
          &lt;row&gt;⠀&lt;/row&gt;
          &lt;row&gt;⠓⠀⠥⠀⠕⠀⠍⠀⠁⠀⠁⠀⠀⠀⠅⠀⠥⠀⠅⠀⠅⠀⠊⠀⠑⠀⠝&lt;/row&gt;
          &lt;row&gt;⠀&lt;/row&gt;
          &lt;row&gt;⠁⠀⠇⠀⠇⠀⠁&lt;/row&gt;
          &lt;row&gt;⠀&lt;/row&gt;
          &lt;row&gt;⠕⠀⠍⠀⠊⠀⠞⠀⠥⠀⠊⠀⠎⠀⠑⠀⠝&lt;/row&gt;
          &lt;row&gt;⠀&lt;/row&gt;
          &lt;row&gt;⠑⠀⠎⠀⠊⠀⠝⠀⠑⠀⠑⠀⠝⠀⠀⠀⠚⠀⠁&lt;/row&gt;
          &lt;row&gt;⠀&lt;/row&gt;
          &lt;row&gt;⠕⠀⠞⠀⠞⠀⠁⠀⠁⠀⠀⠀⠎⠀⠑⠀⠝&lt;/row&gt;
          &lt;row&gt;⠀&lt;/row&gt;
          &lt;row&gt;⠅⠀⠜⠀⠞⠀⠑⠀⠑⠀⠝⠀⠎⠀⠜⠄&lt;/row&gt;
          &lt;row&gt;⠀&lt;/row&gt;
          &lt;row&gt;⠀&lt;/row&gt;
          &lt;row&gt;⠤⠀⠀⠀⠠⠞⠀⠜⠀⠎⠀⠎⠀⠜⠀⠀⠀⠕⠀⠝&lt;/row&gt;
          &lt;row&gt;⠀&lt;/row&gt;
          &lt;row&gt;⠅⠀⠥⠀⠅⠀⠊⠀⠇⠀⠇⠀⠑&lt;/row&gt;
          &lt;row&gt;⠀&lt;/row&gt;
          &lt;row&gt;⠍⠀⠁⠀⠇⠀⠚⠀⠁⠀⠅⠀⠅⠀⠕⠂⠀⠀⠓⠀⠜⠀⠝&lt;/row&gt;
          &lt;row&gt;⠀&lt;/row&gt;
          &lt;row&gt;⠓⠀⠊⠀⠓⠀⠅⠀⠁⠀⠊⠀⠎⠀⠑⠀⠑⠀⠀⠀⠚⠀⠁&lt;/row&gt;
          &lt;row&gt;⠀&lt;/row&gt;
          &lt;row&gt;⠕⠀⠚⠀⠑⠀⠝⠀⠞⠀⠁⠀⠁⠀⠀⠀⠑⠀⠎⠀⠊⠀⠝⠀⠑⠀⠑⠀⠝&lt;/row&gt;
          &lt;row&gt;⠀&lt;/row&gt;
          &lt;row&gt;⠠⠎⠀⠥⠀⠇⠀⠕⠀⠤⠀⠑⠀⠝⠀⠕⠀⠇⠀⠇⠀⠑⠄&lt;/row&gt;
        &lt;/page&gt;
        &lt;page&gt;
          &lt;row&gt;⠀⠀⠀⠀⠀⠀⠀⠀⠀⠀⠀⠀⠀⠀⠀⠀⠀⠀⠀⠀⠀⠀⠀⠀⠀⠀⠀⠼⠁⠚&lt;/row&gt;
          &lt;row&gt;⠠⠎⠀⠥⠀⠇⠀⠕⠀⠤⠀⠑⠀⠝⠀⠕⠀⠀⠀⠚⠀⠁&lt;/row&gt;
          &lt;row&gt;⠀&lt;/row&gt;
          &lt;row&gt;⠠⠍⠀⠊⠀⠊⠀⠝⠀⠁⠀⠀⠀⠅⠀⠁⠀⠞⠀⠎⠀⠕⠀⠧⠀⠁⠀⠞&lt;/row&gt;
          &lt;row&gt;⠀&lt;/row&gt;
          &lt;row&gt;⠕⠀⠥⠀⠞⠀⠕⠀⠁⠀⠀⠀⠑⠀⠎⠀⠊⠀⠝⠀⠑⠀⠞⠀⠞⠀⠜⠄&lt;/row&gt;
          &lt;row&gt;⠀&lt;/row&gt;
          &lt;row&gt;⠠⠓⠀⠑⠀⠀⠀⠕⠀⠧⠀⠁⠀⠞&lt;/row&gt;
          &lt;row&gt;⠀&lt;/row&gt;
          &lt;row&gt;⠅⠀⠥⠀⠍⠀⠍⠀⠊⠀⠎⠀⠎⠀⠁⠀⠁⠀⠝⠄&lt;/row&gt;
          &lt;row&gt;⠀&lt;/row&gt;
          &lt;row&gt;⠠⠑⠀⠎⠀⠊⠀⠝⠀⠑⠀⠀⠀⠕⠀⠝⠀⠀⠀⠅⠀⠥⠀⠊⠀⠝&lt;/row&gt;
          &lt;row&gt;⠀&lt;/row&gt;
          &lt;row&gt;⠞⠀⠕⠀⠗⠀⠧⠀⠊⠂⠀⠀⠀⠍⠀⠥⠀⠞⠀⠞⠀⠁⠀⠀⠀⠎⠀⠑&lt;/row&gt;
          &lt;row&gt;⠀&lt;/row&gt;
          &lt;row&gt;⠑⠀⠊⠀⠀⠀⠎⠀⠕⠀⠊⠄&lt;/row&gt;
          &lt;row&gt;⠀&lt;/row&gt;
          &lt;row&gt;⠀&lt;/row&gt;
          &lt;row&gt;⠤⠀⠀⠀⠠⠍⠀⠁⠀⠝⠀⠥⠂⠀⠀⠀⠑⠀⠊⠀⠀⠀⠞⠀⠥⠀⠕&lt;/row&gt;
          &lt;row&gt;⠀&lt;/row&gt;
          &lt;row&gt;⠕⠀⠇⠀⠑⠀⠀⠀⠍⠀⠁⠀⠇⠀⠚⠀⠁⠀⠅⠀⠅⠀⠕⠂&lt;/row&gt;
          &lt;row&gt;⠀&lt;/row&gt;
          &lt;row&gt;⠠⠍⠀⠊⠀⠊⠀⠝⠀⠁⠀⠀⠀⠎⠀⠁⠀⠝⠀⠕⠀⠕&lt;/row&gt;
          &lt;row&gt;⠀&lt;/row&gt;
          &lt;row&gt;⠇⠀⠕⠀⠏⠀⠥⠀⠇⠀⠞⠀⠁⠄&lt;/row&gt;
          &lt;row&gt;⠀&lt;/row&gt;
          &lt;row/&gt;
        &lt;/page&gt;
        &lt;page&gt;
          &lt;row&gt;⠀⠀⠀⠀⠀⠀⠀⠀⠀⠀⠀⠀⠀⠀⠀⠀⠀⠀⠀⠀⠀⠀⠀⠀⠀⠀⠀⠼⠁⠁&lt;/row&gt;
          &lt;row&gt;⠤⠀⠀⠀⠠⠍⠀⠊⠀⠅⠀⠜⠀⠀⠀⠎⠀⠑&lt;/row&gt;
          &lt;row&gt;⠀&lt;/row&gt;
          &lt;row&gt;⠎⠀⠊⠀⠞⠀⠞⠀⠑⠀⠝⠀⠀⠀⠕⠀⠝⠢&lt;/row&gt;
          &lt;row&gt;⠀&lt;/row&gt;
          &lt;row&gt;⠠⠍⠀⠁⠀⠝⠀⠥⠀⠀⠀⠅⠀⠽⠀⠎⠀⠽⠀⠽⠄&lt;/row&gt;
          &lt;row&gt;⠀&lt;/row&gt;
          &lt;row&gt;⠀&lt;/row&gt;
          &lt;row&gt;⠤⠀⠀⠀⠠⠍⠀⠊⠀⠝⠀⠥⠀⠎⠀⠞⠀⠁⠀⠀⠀⠎⠀⠑&lt;/row&gt;
          &lt;row&gt;⠀&lt;/row&gt;
          &lt;row&gt;⠝⠀⠜⠀⠽⠀⠞⠀⠞⠀⠜⠀⠜⠀⠀⠀⠊⠀⠓⠀⠁⠀⠝&lt;/row&gt;
          &lt;row&gt;⠀&lt;/row&gt;
          &lt;row&gt;⠍⠀⠁⠀⠍⠀⠍⠀⠥⠀⠞⠀⠊⠀⠝&lt;/row&gt;
          &lt;row&gt;⠀&lt;/row&gt;
          &lt;row&gt;⠓⠀⠁⠀⠍⠀⠏⠀⠁⠀⠁⠀⠇⠀⠞⠀⠁⠂&lt;/row&gt;
          &lt;row&gt;⠀&lt;/row&gt;
          &lt;row&gt;⠠⠍⠀⠊⠀⠊⠀⠝⠀⠁⠀⠀⠀⠧⠀⠁⠀⠎⠀⠞⠀⠁⠀⠁⠄&lt;/row&gt;
          &lt;row&gt;⠀&lt;/row&gt;
          &lt;row&gt;⠀&lt;/row&gt;
          &lt;row&gt;⠤⠀⠀⠀⠠⠍⠀⠊⠀⠅⠀⠜⠀⠀⠀⠎⠀⠑&lt;/row&gt;
          &lt;row&gt;⠀&lt;/row&gt;
          &lt;row&gt;⠍⠀⠁⠀⠍⠀⠍⠀⠥⠀⠞⠀⠞⠀⠊⠀⠀⠀⠕⠀⠝⠂&lt;/row&gt;
          &lt;row&gt;⠀&lt;/row&gt;
          &lt;row&gt;⠠⠍⠀⠁⠀⠝⠀⠥⠀⠀⠀⠅⠀⠽⠀⠎⠀⠽⠀⠽&lt;/row&gt;
          &lt;row&gt;⠀&lt;/row&gt;
          &lt;row&gt;⠠⠎⠀⠥⠀⠇⠀⠕⠀⠤⠀⠑⠀⠝⠀⠕⠀⠇⠀⠞⠀⠁⠄&lt;/row&gt;
          &lt;row/&gt;
        &lt;/page&gt;
        &lt;page&gt;
          &lt;row&gt;⠀⠀⠀⠀⠀⠀⠀⠀⠀⠀⠀⠀⠀⠀⠀⠀⠀⠀⠀⠀⠀⠀⠀⠀⠀⠀⠀⠼⠁⠃&lt;/row&gt;
          &lt;row&gt;⠠⠎⠀⠥⠀⠇⠀⠕⠀⠤⠀⠑⠀⠝⠀⠕&lt;/row&gt;
          &lt;row&gt;⠀&lt;/row&gt;
          &lt;row&gt;⠅⠀⠑⠀⠗⠀⠞⠀⠕⠀⠕⠂⠀⠀⠀⠑⠀⠞⠀⠞⠀⠜&lt;/row&gt;
          &lt;row&gt;⠀&lt;/row&gt;
          &lt;row&gt;⠍⠀⠁⠀⠍⠀⠍⠀⠥⠀⠞⠀⠞⠀⠊⠀⠀⠀⠕⠀⠝&lt;/row&gt;
          &lt;row&gt;⠀&lt;/row&gt;
          &lt;row&gt;⠅⠀⠥⠀⠊⠀⠝⠀⠀⠀⠎⠀⠥⠀⠥⠀⠗⠀⠊&lt;/row&gt;
          &lt;row&gt;⠀&lt;/row&gt;
          &lt;row&gt;⠅⠀⠁⠀⠗⠀⠧⠀⠁⠀⠊⠀⠝⠀⠑⠀⠝&lt;/row&gt;
          &lt;row&gt;⠀&lt;/row&gt;
          &lt;row&gt;⠝⠀⠕⠀⠗⠀⠎⠀⠥⠄&lt;/row&gt;
          &lt;row&gt;⠀&lt;/row&gt;
          &lt;row&gt;⠠⠍⠀⠁⠀⠍⠀⠍⠀⠥⠀⠞⠀⠊⠀⠇⠀⠇⠀⠁⠀⠀⠀⠕⠀⠝&lt;/row&gt;
          &lt;row&gt;⠀&lt;/row&gt;
          &lt;row&gt;⠅⠀⠁⠀⠁⠀⠗⠀⠑⠀⠧⠀⠁&lt;/row&gt;
          &lt;row&gt;⠀&lt;/row&gt;
          &lt;row&gt;⠎⠀⠽⠀⠪⠀⠅⠀⠎⠀⠽⠀⠓⠀⠁⠀⠍⠀⠍⠀⠁⠀⠎&lt;/row&gt;
          &lt;row&gt;⠀&lt;/row&gt;
          &lt;row&gt;⠅⠀⠜⠀⠗⠀⠎⠀⠜⠀⠝&lt;/row&gt;
          &lt;row&gt;⠀&lt;/row&gt;
          &lt;row&gt;⠅⠀⠥⠀⠍⠀⠍⠀⠁⠀⠇⠀⠇⠀⠁⠀⠅⠀⠊⠀⠝&lt;/row&gt;
          &lt;row&gt;⠀&lt;/row&gt;
          &lt;row&gt;⠏⠀⠥⠀⠕⠀⠇⠀⠑⠀⠇⠀⠇⠀⠁⠄&lt;/row&gt;
          &lt;row&gt;⠀&lt;/row&gt;
          &lt;row&gt;⠀&lt;/row&gt;
          &lt;row/&gt;
        &lt;/page&gt;
        &lt;page&gt;
          &lt;row&gt;⠀⠀⠀⠀⠀⠀⠀⠀⠀⠀⠀⠀⠀⠀⠀⠀⠀⠀⠀⠀⠀⠀⠀⠀⠀⠀⠀⠼⠁⠉&lt;/row&gt;
          &lt;row&gt;⠤⠀⠀⠀⠠⠝⠀⠊⠀⠊⠀⠝⠀⠀⠀⠅⠀⠥⠀⠊⠀⠝&lt;/row&gt;
          &lt;row&gt;⠀&lt;/row&gt;
          &lt;row&gt;⠞⠀⠜⠀⠍⠀⠜⠀⠀⠀⠞⠀⠜⠀⠎⠀⠎⠀⠜⠂&lt;/row&gt;
          &lt;row&gt;⠀&lt;/row&gt;
          &lt;row&gt;⠠⠎⠀⠥⠀⠇⠀⠕⠀⠤⠀⠑⠀⠝⠀⠕&lt;/row&gt;
          &lt;row&gt;⠀&lt;/row&gt;
          &lt;row&gt;⠝⠀⠜⠀⠽⠀⠞⠀⠞⠀⠜⠀⠜⠀⠀⠀⠕⠀⠥⠀⠞⠀⠕⠀⠁&lt;/row&gt;
          &lt;row&gt;⠀&lt;/row&gt;
          &lt;row&gt;⠑⠀⠎⠀⠊⠀⠝⠀⠑⠀⠞⠀⠞⠀⠜⠄&lt;/row&gt;
          &lt;row&gt;⠀&lt;/row&gt;
          &lt;row&gt;⠀&lt;/row&gt;
          &lt;row&gt;⠠⠎⠀⠥⠀⠇⠀⠕⠀⠤⠀⠑⠀⠝⠀⠕&lt;/row&gt;
          &lt;row&gt;⠀&lt;/row&gt;
          &lt;row&gt;⠎⠀⠑⠀⠇⠀⠊⠀⠞⠀⠞⠀⠜⠀⠜⠂⠀⠀⠀⠑⠀⠞⠀⠞⠀⠑⠀⠊&lt;/row&gt;
          &lt;row&gt;⠀&lt;/row&gt;
          &lt;row&gt;⠍⠀⠁⠀⠍⠀⠍⠀⠥⠀⠞⠀⠞⠀⠑⠀⠚⠀⠁⠀⠀⠀⠕⠀⠇⠀⠑&lt;/row&gt;
          &lt;row&gt;⠀&lt;/row&gt;
          &lt;row&gt;⠑⠀⠝⠀⠜⠀⠜⠄&lt;/row&gt;
          &lt;row&gt;⠀&lt;/row&gt;
          &lt;row&gt;⠠⠎⠀⠊⠀⠇⠀⠞⠀⠊⠀⠀⠀⠠⠍⠀⠁⠀⠝⠀⠥⠀⠁&lt;/row&gt;
          &lt;row&gt;⠀&lt;/row&gt;
          &lt;row&gt;⠏⠀⠑⠀⠇⠀⠕⠀⠞⠀⠞⠀⠁⠀⠁⠂&lt;/row&gt;
          &lt;row&gt;⠀&lt;/row&gt;
          &lt;row&gt;⠚⠀⠁⠀⠀⠀⠓⠀⠜⠀⠝&lt;/row&gt;
          &lt;row&gt;⠀&lt;/row&gt;
          &lt;row&gt;⠅⠀⠥⠀⠥⠀⠝⠀⠞⠀⠑⠀⠇⠀⠑⠀⠑&lt;/row&gt;
        &lt;/page&gt;
        &lt;page&gt;
          &lt;row&gt;⠀⠀⠀⠀⠀⠀⠀⠀⠀⠀⠀⠀⠀⠀⠀⠀⠀⠀⠀⠀⠀⠀⠀⠀⠀⠀⠀⠼⠁⠙&lt;/row&gt;
          &lt;row&gt;⠞⠀⠁⠀⠗⠀⠅⠀⠁⠀⠎⠀⠞⠀⠊&lt;/row&gt;
          &lt;row&gt;⠀&lt;/row&gt;
          &lt;row&gt;⠍⠀⠑⠀⠞⠀⠎⠀⠜⠀⠝⠀⠀⠀⠜⠀⠜⠀⠝⠀⠊⠀⠜⠄&lt;/row&gt;
          &lt;row&gt;⠀&lt;/row&gt;
          &lt;row&gt;⠀&lt;/row&gt;
          &lt;row&gt;⠤⠀⠀⠀⠠⠅⠀⠥⠀⠥⠀⠇⠀⠊⠀⠞⠀⠞⠀⠑⠀⠅⠀⠕⠢&lt;/row&gt;
          &lt;row&gt;⠀&lt;/row&gt;
          &lt;row&gt;⠠⠝⠀⠽⠀⠞⠀⠀⠀⠍⠀⠁⠀⠍⠀⠍⠀⠥⠀⠞⠀⠞⠀⠊&lt;/row&gt;
          &lt;row&gt;⠀&lt;/row&gt;
          &lt;row&gt;⠞⠀⠥⠀⠇⠀⠑⠀⠑⠂⠀⠀⠀⠠⠍⠀⠁⠀⠝⠀⠥&lt;/row&gt;
          &lt;row&gt;⠀&lt;/row&gt;
          &lt;row&gt;⠅⠀⠊⠀⠇⠀⠚⠀⠁⠀⠊⠀⠎⠀⠑⠀⠑⠀⠀⠀⠜⠀⠅⠀⠅⠀⠊⠀⠜⠄&lt;/row&gt;
          &lt;row&gt;⠀&lt;/row&gt;
          &lt;row&gt;⠠⠍⠀⠊⠀⠊⠀⠝⠀⠁⠀⠅⠀⠊⠀⠝&lt;/row&gt;
          &lt;row&gt;⠀&lt;/row&gt;
          &lt;row&gt;⠅⠀⠥⠀⠥⠀⠝⠀⠞⠀⠑⠀⠇⠀⠑⠀⠑⠄&lt;/row&gt;
          &lt;row&gt;⠀&lt;/row&gt;
          &lt;row&gt;⠠⠓⠀⠜⠀⠝⠀⠀⠀⠞⠀⠥⠀⠝⠀⠝⠀⠊⠀⠎⠀⠞⠀⠁⠀⠁&lt;/row&gt;
          &lt;row&gt;⠀&lt;/row&gt;
          &lt;row&gt;⠝⠀⠕⠀⠏⠀⠑⠀⠁⠀⠎⠀⠞⠀⠊⠂&lt;/row&gt;
          &lt;row&gt;⠀&lt;/row&gt;
          &lt;row&gt;⠍⠀⠊⠀⠅⠀⠜⠀⠀⠀⠑⠀⠇⠀⠜⠀⠊⠀⠝&lt;/row&gt;
          &lt;row&gt;⠀&lt;/row&gt;
          &lt;row&gt;⠏⠀⠊⠀⠞⠀⠜⠀⠜⠀⠀⠀⠝⠀⠕⠀⠊⠀⠝&lt;/row&gt;
          &lt;row&gt;⠀&lt;/row&gt;
          &lt;row&gt;⠓⠀⠥⠀⠗⠀⠚⠀⠁⠀⠁⠀⠀⠀⠜⠀⠜⠀⠝⠀⠞⠀⠜⠄&lt;/row&gt;
        &lt;/page&gt;
        &lt;page&gt;
          &lt;row&gt;⠀⠀⠀⠀⠀⠀⠀⠀⠀⠀⠀⠀⠀⠀⠀⠀⠀⠀⠀⠀⠀⠀⠀⠀⠀⠀⠀⠼⠁⠑&lt;/row&gt;
          &lt;row&gt;⠤⠀⠀⠀⠠⠋⠀⠁⠀⠎⠀⠁⠀⠁⠀⠝⠀⠊⠀⠀⠀⠎⠀⠑&lt;/row&gt;
          &lt;row&gt;⠀&lt;/row&gt;
          &lt;row&gt;⠧⠀⠁⠀⠊⠀⠝⠀⠀⠀⠗⠀⠜⠀⠜⠀⠅⠀⠽⠀⠽⠂&lt;/row&gt;
          &lt;row&gt;⠀&lt;/row&gt;
          &lt;row&gt;⠓⠀⠜⠀⠝&lt;/row&gt;
          &lt;row&gt;⠀&lt;/row&gt;
          &lt;row&gt;⠗⠀⠁⠀⠥⠀⠓⠀⠕⠀⠊⠀⠞⠀⠞⠀⠑⠀⠇⠀⠑⠀⠑⠄&lt;/row&gt;
          &lt;row&gt;⠀&lt;/row&gt;
          &lt;row&gt;⠀&lt;/row&gt;
          &lt;row&gt;⠠⠝⠀⠽⠀⠞⠀⠀⠀⠠⠍⠀⠁⠀⠝⠀⠥⠀⠅⠀⠊⠀⠝&lt;/row&gt;
          &lt;row&gt;⠀&lt;/row&gt;
          &lt;row&gt;⠝⠀⠜⠀⠅⠀⠑⠀⠑⠀⠀⠀⠅⠀⠊⠀⠗⠀⠚⠀⠁⠀⠧⠀⠁⠀⠝&lt;/row&gt;
          &lt;row&gt;⠀&lt;/row&gt;
          &lt;row&gt;⠇⠀⠊⠀⠝⠀⠝⠀⠥⠀⠝⠂⠀⠚⠀⠕⠀⠇⠀⠇⠀⠁⠀⠀⠀⠕⠀⠝&lt;/row&gt;
          &lt;row&gt;⠀&lt;/row&gt;
          &lt;row&gt;⠏⠀⠊⠀⠞⠀⠅⠀⠜⠀⠀⠀⠏⠀⠽⠀⠗⠀⠎⠀⠞⠀⠪&lt;/row&gt;
          &lt;row&gt;⠀&lt;/row&gt;
          &lt;row&gt;⠚⠀⠁⠀⠀⠀⠗⠀⠜⠀⠜⠀⠅⠀⠽⠀⠧⠀⠜&lt;/row&gt;
          &lt;row&gt;⠀&lt;/row&gt;
          &lt;row&gt;⠜⠀⠜⠀⠝⠀⠊⠄&lt;/row&gt;
          &lt;row&gt;⠀&lt;/row&gt;
          &lt;row&gt;⠀&lt;/row&gt;
          &lt;row&gt;⠀&lt;/row&gt;
          &lt;row&gt;⠀&lt;/row&gt;
          &lt;row&gt;⠀&lt;/row&gt;
          &lt;row/&gt;
        &lt;/page&gt;
        &lt;page&gt;
          &lt;row&gt;⠀⠀⠀⠀⠀⠀⠀⠀⠀⠀⠀⠀⠀⠀⠀⠀⠀⠀⠀⠀⠀⠀⠀⠀⠀⠀⠀⠼⠁⠋&lt;/row&gt;
          &lt;row&gt;⠠⠍⠀⠊⠀⠊⠀⠝⠀⠁⠀⠇⠀⠇⠀⠁⠀⠀⠀⠚⠀⠁&lt;/row&gt;
          &lt;row&gt;⠀&lt;/row&gt;
          &lt;row&gt;⠠⠍⠀⠁⠀⠝⠀⠥⠀⠇⠀⠇⠀⠁⠀⠀⠀⠕⠀⠝&lt;/row&gt;
          &lt;row&gt;⠀&lt;/row&gt;
          &lt;row&gt;⠕⠀⠇⠀⠇⠀⠥⠀⠞&lt;/row&gt;
          &lt;row&gt;⠀&lt;/row&gt;
          &lt;row&gt;⠚⠀⠜⠀⠝⠀⠝⠀⠊⠀⠞⠀⠞⠀⠜⠀⠧⠀⠜&lt;/row&gt;
          &lt;row&gt;⠀&lt;/row&gt;
          &lt;row&gt;⠏⠀⠜⠀⠊⠀⠧⠀⠜⠄&lt;/row&gt;
          &lt;row&gt;⠀&lt;/row&gt;
          &lt;row&gt;⠠⠑⠀⠝⠀⠎⠀⠊⠀⠝⠀⠀⠀⠠⠍⠀⠁⠀⠝⠀⠥&lt;/row&gt;
          &lt;row&gt;⠀&lt;/row&gt;
          &lt;row&gt;⠇⠀⠪⠀⠽⠀⠎⠀⠊&lt;/row&gt;
          &lt;row&gt;⠀&lt;/row&gt;
          &lt;row&gt;⠕⠀⠍⠀⠊⠀⠞⠀⠥⠀⠊⠀⠎⠀⠑⠀⠝&lt;/row&gt;
          &lt;row&gt;⠀&lt;/row&gt;
          &lt;row&gt;⠑⠀⠎⠀⠊⠀⠝⠀⠑⠀⠑⠀⠝⠂&lt;/row&gt;
          &lt;row&gt;⠀&lt;/row&gt;
          &lt;row&gt;⠚⠀⠕⠀⠅⠀⠁⠀⠀⠀⠝⠀⠜⠀⠽⠀⠞⠀⠞⠀⠊&lt;/row&gt;
          &lt;row&gt;⠀&lt;/row&gt;
          &lt;row&gt;⠍⠀⠁⠀⠍⠀⠍⠀⠥⠀⠞⠀⠊⠀⠝&lt;/row&gt;
          &lt;row&gt;⠀&lt;/row&gt;
          &lt;row&gt;⠎⠀⠽⠀⠪⠀⠅⠀⠎⠀⠽⠀⠓⠀⠁⠀⠍⠀⠏⠀⠁⠀⠁⠀⠇⠀⠞⠀⠁⠄&lt;/row&gt;
          &lt;row&gt;⠀&lt;/row&gt;
          &lt;row&gt;⠀&lt;/row&gt;
          &lt;row/&gt;
        &lt;/page&gt;
        &lt;page&gt;
          &lt;row&gt;⠀⠀⠀⠀⠀⠀⠀⠀⠀⠀⠀⠀⠀⠀⠀⠀⠀⠀⠀⠀⠀⠀⠀⠀⠀⠀⠀⠼⠁⠛&lt;/row&gt;
          &lt;row&gt;⠠⠎⠀⠊⠀⠞⠀⠞⠀⠑⠀⠝⠀⠀⠀⠠⠍⠀⠁⠀⠝⠀⠥&lt;/row&gt;
          &lt;row&gt;⠀&lt;/row&gt;
          &lt;row&gt;⠇⠀⠥⠀⠥⠀⠇⠀⠊⠂⠀⠀⠀⠑⠀⠞⠀⠞⠀⠜&lt;/row&gt;
          &lt;row&gt;⠀&lt;/row&gt;
          &lt;row&gt;⠍⠀⠁⠀⠍⠀⠍⠀⠥⠀⠞⠀⠞⠀⠊&lt;/row&gt;
          &lt;row&gt;⠀&lt;/row&gt;
          &lt;row&gt;⠚⠀⠥⠀⠕⠀⠅⠀⠎⠀⠑⠀⠑&lt;/row&gt;
          &lt;row&gt;⠀&lt;/row&gt;
          &lt;row&gt;⠍⠀⠑⠀⠞⠀⠎⠀⠜⠀⠎⠀⠞⠀⠜&lt;/row&gt;
          &lt;row&gt;⠀&lt;/row&gt;
          &lt;row&gt;⠓⠀⠑⠀⠊⠀⠞⠀⠜⠀⠀⠀⠅⠀⠕⠀⠓⠀⠞⠀⠊⠄&lt;/row&gt;
          &lt;row&gt;⠀&lt;/row&gt;
          &lt;row&gt;⠠⠍⠀⠊⠀⠊⠀⠝⠀⠁⠀⠀⠀⠞⠀⠊⠀⠑⠀⠎⠀⠊⠂&lt;/row&gt;
          &lt;row&gt;⠀&lt;/row&gt;
          &lt;row&gt;⠑⠀⠞⠀⠞⠀⠜⠀⠀⠀⠎⠀⠑⠀⠀⠀⠕⠀⠇⠀⠊&lt;/row&gt;
          &lt;row&gt;⠀&lt;/row&gt;
          &lt;row&gt;⠧⠀⠁⠀⠊⠀⠝⠀⠀⠀⠋⠀⠁⠀⠎⠀⠁⠀⠁⠀⠝⠀⠊⠄&lt;/row&gt;
          &lt;row&gt;⠀&lt;/row&gt;
          &lt;row&gt;⠀&lt;/row&gt;
          &lt;row&gt;⠠⠝⠀⠽⠀⠞⠀⠀⠀⠕⠀⠝⠀⠀⠀⠊⠀⠇⠀⠞⠀⠁⠂&lt;/row&gt;
          &lt;row&gt;⠀&lt;/row&gt;
          &lt;row&gt;⠚⠀⠁⠀⠀⠀⠠⠎⠀⠥⠀⠇⠀⠕⠀⠤⠀⠑⠀⠝⠀⠕&lt;/row&gt;
          &lt;row&gt;⠀&lt;/row&gt;
          &lt;row&gt;⠏⠀⠑⠀⠊⠀⠞⠀⠞⠀⠑⠀⠇⠀⠑⠀⠑&lt;/row&gt;
          &lt;row&gt;⠀&lt;/row&gt;
          &lt;row&gt;⠠⠍⠀⠊⠀⠊⠀⠝⠀⠁⠀⠝⠀⠀⠀⠚⠀⠁&lt;/row&gt;
        &lt;/page&gt;
        &lt;page&gt;
          &lt;row&gt;⠀⠀⠀⠀⠀⠀⠀⠀⠀⠀⠀⠀⠀⠀⠀⠀⠀⠀⠀⠀⠀⠀⠀⠀⠀⠀⠀⠼⠁⠓&lt;/row&gt;
          &lt;row&gt;⠠⠍⠀⠁⠀⠝⠀⠥⠀⠝&lt;/row&gt;
          &lt;row&gt;⠀&lt;/row&gt;
          &lt;row&gt;⠝⠀⠥⠀⠅⠀⠅⠀⠥⠀⠍⠀⠁⠀⠁⠀⠝⠄&lt;/row&gt;
          &lt;row&gt;⠀&lt;/row&gt;
          &lt;row&gt;⠠⠓⠀⠜⠀⠝⠀⠀⠀⠞⠀⠕⠀⠊⠀⠧⠀⠕⠀⠞⠀⠞⠀⠁⠀⠁&lt;/row&gt;
          &lt;row&gt;⠀&lt;/row&gt;
          &lt;row&gt;⠓⠀⠽⠀⠧⠀⠜⠀⠜⠀⠀⠀⠽⠀⠪⠀⠞⠀⠜⠄&lt;/row&gt;
          &lt;row&gt;⠀&lt;/row&gt;
          &lt;row&gt;⠠⠍⠀⠊⠀⠊⠀⠝⠀⠁⠀⠀⠀⠚⠀⠁⠀⠀⠀⠠⠍⠀⠁⠀⠝⠀⠥&lt;/row&gt;
          &lt;row&gt;⠀&lt;/row&gt;
          &lt;row&gt;⠚⠀⠜⠀⠜⠀⠧⠀⠜⠀⠞&lt;/row&gt;
          &lt;row&gt;⠀&lt;/row&gt;
          &lt;row&gt;⠅⠀⠁⠀⠓⠀⠙⠀⠑⠀⠎⠀⠞⠀⠁⠀⠁⠀⠝⠄&lt;/row&gt;
          &lt;row&gt;⠀&lt;/row&gt;
          &lt;row&gt;⠀&lt;/row&gt;
          &lt;row&gt;⠠⠇⠀⠁⠀⠏⠀⠎⠀⠑⠀⠞⠀⠀⠀⠑⠀⠊⠀⠧⠀⠜⠀⠞&lt;/row&gt;
          &lt;row&gt;⠀&lt;/row&gt;
          &lt;row&gt;⠎⠀⠁⠀⠁⠀⠀⠀⠥⠀⠝⠀⠞⠀⠁⠂⠀⠀⠀⠅⠀⠕⠀⠎⠀⠅⠀⠁&lt;/row&gt;
          &lt;row&gt;⠀&lt;/row&gt;
          &lt;row&gt;⠓⠀⠑⠀⠀⠀⠁⠀⠚⠀⠁⠀⠞⠀⠞⠀⠑⠀⠇⠀⠑⠀⠧⠀⠁⠀⠞&lt;/row&gt;
          &lt;row&gt;⠀&lt;/row&gt;
          &lt;row&gt;⠍⠀⠁⠀⠍⠀⠍⠀⠥⠀⠞⠀⠞⠀⠊⠀⠁⠄&lt;/row&gt;
          &lt;row&gt;⠀&lt;/row&gt;
          &lt;row&gt;⠠⠓⠀⠑⠀⠀⠀⠁⠀⠇⠀⠅⠀⠁⠀⠧⠀⠁⠀⠞&lt;/row&gt;
          &lt;row&gt;⠀&lt;/row&gt;
          &lt;row&gt;⠅⠀⠥⠀⠊⠀⠎⠀⠅⠀⠁⠀⠊⠀⠇⠀⠇⠀⠁⠄&lt;/row&gt;
        &lt;/page&gt;
        &lt;page&gt;
          &lt;row&gt;⠀⠀⠀⠀⠀⠀⠀⠀⠀⠀⠀⠀⠀⠀⠀⠀⠀⠀⠀⠀⠀⠀⠀⠀⠀⠀⠀⠼⠁⠊&lt;/row&gt;
          &lt;row&gt;⠤⠀⠀⠀⠠⠅⠀⠥⠀⠧⠀⠊⠀⠞⠀⠞⠀⠑⠀⠇⠀⠑⠂&lt;/row&gt;
          &lt;row&gt;⠀&lt;/row&gt;
          &lt;row&gt;⠚⠀⠕⠀⠎⠀⠀⠀⠍⠀⠁⠀⠍⠀⠍⠀⠥⠀⠞⠀⠞⠀⠑⠀⠚⠀⠁&lt;/row&gt;
          &lt;row&gt;⠀&lt;/row&gt;
          &lt;row&gt;⠕⠀⠇⠀⠊⠀⠎⠀⠊⠀⠀⠀⠧⠀⠊⠀⠑⠀⠇⠀⠜&lt;/row&gt;
          &lt;row&gt;⠀&lt;/row&gt;
          &lt;row&gt;⠕⠀⠇⠀⠑⠀⠍⠀⠁⠀⠎⠀⠎⠀⠁⠂⠀⠀⠀⠠⠍⠀⠁⠀⠝⠀⠥&lt;/row&gt;
          &lt;row&gt;⠀&lt;/row&gt;
          &lt;row&gt;⠎⠀⠥⠀⠏⠀⠁⠀⠞⠀⠞⠀⠁⠀⠁⠄&lt;/row&gt;
          &lt;row&gt;⠀&lt;/row&gt;
          &lt;row&gt;⠤⠀⠀⠀⠠⠍⠀⠊⠀⠎⠀⠎⠀⠜⠀⠀⠀⠝⠀⠑&lt;/row&gt;
          &lt;row&gt;⠀&lt;/row&gt;
          &lt;row&gt;⠝⠀⠥⠀⠅⠀⠅⠀⠥⠀⠊⠀⠎⠀⠊⠀⠧⠀⠁⠀⠞⠢&lt;/row&gt;
          &lt;row&gt;⠀&lt;/row&gt;
          &lt;row&gt;⠠⠍⠀⠊⠀⠊⠀⠝⠀⠁⠀⠀⠀⠅⠀⠽⠀⠎⠀⠽⠀⠽&lt;/row&gt;
          &lt;row&gt;⠀&lt;/row&gt;
          &lt;row&gt;⠓⠀⠊⠀⠇⠀⠚⠀⠁⠀⠁⠄&lt;/row&gt;
          &lt;row&gt;⠀&lt;/row&gt;
          &lt;row&gt;⠤⠀⠀⠀⠠⠝⠀⠊⠀⠊⠀⠇⠀⠇⠀⠑&lt;/row&gt;
          &lt;row&gt;⠀&lt;/row&gt;
          &lt;row&gt;⠏⠀⠊⠀⠞⠀⠜⠀⠊⠀⠎⠀⠊⠀⠀⠀⠕⠀⠇⠀⠇⠀⠁&lt;/row&gt;
          &lt;row&gt;⠀&lt;/row&gt;
          &lt;row&gt;⠍⠀⠕⠀⠝⠀⠞⠀⠁⠀⠀⠀⠎⠀⠜⠀⠝⠀⠅⠀⠽⠀⠜⠂&lt;/row&gt;
          &lt;row&gt;⠀&lt;/row&gt;
          &lt;row&gt;⠠⠍⠀⠁⠀⠝⠀⠥⠀⠀⠀⠁⠀⠗⠀⠧⠀⠑⠀⠇⠀⠑⠀⠑⠄&lt;/row&gt;
          &lt;row/&gt;
        &lt;/page&gt;
        &lt;page&gt;
          &lt;row&gt;⠀⠀⠀⠀⠀⠀⠀⠀⠀⠀⠀⠀⠀⠀⠀⠀⠀⠀⠀⠀⠀⠀⠀⠀⠀⠀⠀⠼⠃⠚&lt;/row&gt;
          &lt;row&gt;⠠⠓⠀⠑⠀⠞⠀⠅⠀⠑⠀⠝&lt;/row&gt;
          &lt;row&gt;⠀&lt;/row&gt;
          &lt;row&gt;⠅⠀⠥⠀⠇⠀⠥⠀⠞⠀⠞⠀⠥⠀⠁⠀⠀⠀⠠⠍⠀⠁⠀⠝⠀⠥&lt;/row&gt;
          &lt;row&gt;⠀&lt;/row&gt;
          &lt;row&gt;⠎⠀⠁⠀⠝⠀⠕⠀⠕⠒&lt;/row&gt;
          &lt;row&gt;⠀&lt;/row&gt;
          &lt;row&gt;⠤⠀⠀⠀⠠⠕⠀⠇⠀⠊⠀⠎⠀⠊⠀⠀⠀⠍⠀⠥⠀⠅⠀⠁⠀⠧⠀⠁&lt;/row&gt;
          &lt;row&gt;⠀&lt;/row&gt;
          &lt;row&gt;⠞⠀⠊⠀⠑⠀⠞⠀⠜⠀⠜&lt;/row&gt;
          &lt;row&gt;⠀&lt;/row&gt;
          &lt;row&gt;⠍⠀⠁⠀⠍⠀⠍⠀⠥⠀⠞⠀⠑⠀⠊⠀⠎⠀⠞⠀⠁&lt;/row&gt;
          &lt;row&gt;⠀&lt;/row&gt;
          &lt;row&gt;⠧⠀⠜⠀⠓⠀⠜⠀⠝⠀⠀⠀⠑⠀⠝⠀⠑⠀⠍⠀⠍⠀⠜⠀⠝⠄&lt;/row&gt;
          &lt;row&gt;⠀&lt;/row&gt;
          &lt;row&gt;⠀&lt;/row&gt;
          &lt;row&gt;⠠⠎⠀⠊⠀⠇⠀⠇⠀⠕⠀⠊⠀⠝⠀⠀⠀⠠⠍⠀⠊⠀⠊⠀⠝⠀⠁&lt;/row&gt;
          &lt;row&gt;⠀&lt;/row&gt;
          &lt;row&gt;⠍⠀⠥⠀⠊⠀⠎⠀⠞⠀⠁⠀⠁⠂&lt;/row&gt;
          &lt;row&gt;⠀&lt;/row&gt;
          &lt;row&gt;⠑⠀⠞⠀⠞⠀⠜⠀⠀⠀⠓⠀⠜⠀⠝⠀⠀⠀⠅⠀⠜⠀⠧⠀⠊&lt;/row&gt;
          &lt;row&gt;⠀&lt;/row&gt;
          &lt;row&gt;⠏⠀⠊⠀⠑⠀⠝⠀⠑⠀⠝⠀⠜&lt;/row&gt;
          &lt;row&gt;⠀&lt;/row&gt;
          &lt;row&gt;⠅⠀⠊⠀⠗⠀⠚⠀⠁⠀⠎⠀⠞⠀⠕⠀⠎⠀⠎⠀⠁⠄&lt;/row&gt;
          &lt;row&gt;⠀&lt;/row&gt;
          &lt;row/&gt;
        &lt;/page&gt;
        &lt;page&gt;
          &lt;row&gt;⠀⠀⠀⠀⠀⠀⠀⠀⠀⠀⠀⠀⠀⠀⠀⠀⠀⠀⠀⠀⠀⠀⠀⠀⠀⠀⠀⠼⠃⠁&lt;/row&gt;
          &lt;row&gt;⠤⠀⠀⠀⠠⠎⠀⠊⠀⠑⠀⠇⠀⠞⠀⠜&lt;/row&gt;
          &lt;row&gt;⠀&lt;/row&gt;
          &lt;row&gt;⠎⠀⠁⠀⠁⠀⠍⠀⠍⠀⠑⠀⠀⠀⠞⠀⠊⠀⠑⠀⠞⠀⠕⠀⠁&lt;/row&gt;
          &lt;row&gt;⠀&lt;/row&gt;
          &lt;row&gt;⠍⠀⠁⠀⠍⠀⠍⠀⠥⠀⠞⠀⠊⠀⠎⠀⠞⠀⠁⠂&lt;/row&gt;
          &lt;row&gt;⠀&lt;/row&gt;
          &lt;row&gt;⠠⠍⠀⠊⠀⠊⠀⠝⠀⠁⠀⠀⠀⠅⠀⠥⠀⠊⠀⠎⠀⠅⠀⠁⠀⠁&lt;/row&gt;
          &lt;row&gt;⠀&lt;/row&gt;
          &lt;row&gt;⠊⠀⠝⠀⠝⠀⠕⠀⠎⠀⠞⠀⠥⠀⠝⠀⠑⠀⠑⠀⠎⠀⠞⠀⠊⠄&lt;/row&gt;
          &lt;row&gt;⠀&lt;/row&gt;
          &lt;row&gt;⠤⠀⠀⠀⠠⠍⠀⠑⠀⠝⠀⠝⠀⠜⠀⠜⠀⠝⠀⠅⠀⠪&lt;/row&gt;
          &lt;row&gt;⠀&lt;/row&gt;
          &lt;row&gt;⠅⠀⠊⠀⠗⠀⠚⠀⠁⠀⠎⠀⠞⠀⠕⠀⠕⠀⠝&lt;/row&gt;
          &lt;row&gt;⠀&lt;/row&gt;
          &lt;row&gt;⠚⠀⠕⠀⠀⠀⠓⠀⠥⠀⠕⠀⠍⠀⠑⠀⠝⠀⠝⠀⠁⠢&lt;/row&gt;
          &lt;row&gt;⠀&lt;/row&gt;
          &lt;row&gt;⠠⠍⠀⠁⠀⠝⠀⠥⠀⠀⠀⠅⠀⠽⠀⠎⠀⠽⠀⠽⠄&lt;/row&gt;
          &lt;row&gt;⠀&lt;/row&gt;
          &lt;row&gt;⠀&lt;/row&gt;
          &lt;row&gt;⠀&lt;/row&gt;
          &lt;row&gt;⠀&lt;/row&gt;
          &lt;row&gt;⠀&lt;/row&gt;
          &lt;row&gt;⠀&lt;/row&gt;
          &lt;row&gt;⠀&lt;/row&gt;
          &lt;row&gt;⠀&lt;/row&gt;
          &lt;row/&gt;
        &lt;/page&gt;
        &lt;page&gt;
          &lt;row&gt;⠀⠀⠀⠀⠀⠀⠀⠀⠀⠀⠀⠀⠀⠀⠀⠀⠀⠀⠀⠀⠀⠀⠀⠀⠀⠀⠀⠼⠃⠃&lt;/row&gt;
          &lt;row&gt;⠤⠀⠀⠀⠠⠍⠀⠑⠀⠝⠀⠝⠀⠜⠀⠜⠀⠝⠂&lt;/row&gt;
          &lt;row&gt;⠀&lt;/row&gt;
          &lt;row&gt;⠠⠍⠀⠊⠀⠊⠀⠝⠀⠁⠀⠀⠀⠧⠀⠁⠀⠎⠀⠞⠀⠁⠀⠁⠄&lt;/row&gt;
          &lt;row&gt;⠀&lt;/row&gt;
          &lt;row&gt;⠠⠕⠀⠞⠀⠑⠀⠞⠀⠁⠀⠁⠀⠝&lt;/row&gt;
          &lt;row&gt;⠀&lt;/row&gt;
          &lt;row&gt;⠅⠀⠊⠀⠗⠀⠚⠀⠁⠀⠎⠀⠞⠀⠕⠀⠅⠀⠕⠀⠗⠀⠞⠀⠞⠀⠊&lt;/row&gt;
          &lt;row&gt;⠀&lt;/row&gt;
          &lt;row&gt;⠍⠀⠥⠀⠅⠀⠁⠀⠁⠀⠝⠄&lt;/row&gt;
          &lt;row&gt;⠀&lt;/row&gt;
          &lt;row&gt;⠀&lt;/row&gt;
          &lt;row&gt;⠠⠏⠀⠊⠀⠁⠀⠝⠀⠀⠀⠇⠀⠁⠀⠏⠀⠎⠀⠑⠀⠞&lt;/row&gt;
          &lt;row&gt;⠀&lt;/row&gt;
          &lt;row&gt;⠝⠀⠥⠀⠅⠀⠁⠀⠓⠀⠞⠀⠁⠀⠧⠀⠁⠀⠞⠄&lt;/row&gt;
          &lt;row&gt;⠀&lt;/row&gt;
          &lt;row&gt;⠠⠓⠀⠑⠀⠀⠀⠝⠀⠜⠀⠅⠀⠑⠀⠧⠀⠜⠀⠞&lt;/row&gt;
          &lt;row&gt;⠀&lt;/row&gt;
          &lt;row&gt;⠁⠀⠁⠀⠍⠀⠥⠀⠥⠀⠝⠀⠀⠀⠁⠀⠎⠀⠞⠀⠊&lt;/row&gt;
          &lt;row&gt;⠀&lt;/row&gt;
          &lt;row&gt;⠥⠀⠝⠀⠊⠀⠁&lt;/row&gt;
          &lt;row&gt;⠀&lt;/row&gt;
          &lt;row&gt;⠊⠀⠎⠀⠕⠀⠊⠀⠎⠀⠞⠀⠁⠀⠀⠀⠚⠀⠁&lt;/row&gt;
          &lt;row&gt;⠀&lt;/row&gt;
          &lt;row&gt;⠅⠀⠁⠀⠗⠀⠧⠀⠁⠀⠊⠀⠎⠀⠊⠀⠎⠀⠞⠀⠁&lt;/row&gt;
          &lt;row&gt;⠀&lt;/row&gt;
          &lt;row&gt;⠑⠀⠇⠀⠜⠀⠊⠀⠍⠀⠊⠀⠎⠀⠞⠀⠜⠄&lt;/row&gt;
        &lt;/page&gt;
        &lt;page&gt;
          &lt;row&gt;⠀⠀⠀⠀⠀⠀⠀⠀⠀⠀⠀⠀⠀⠀⠀⠀⠀⠀⠀⠀⠀⠀⠀⠀⠀⠀⠀⠼⠃⠉&lt;/row&gt;
          &lt;row&gt;⠠⠞⠀⠥⠀⠇⠀⠊⠀⠀⠀⠎⠀⠑⠀⠥⠀⠗⠀⠁⠀⠁⠀⠧⠀⠁&lt;/row&gt;
          &lt;row&gt;⠀&lt;/row&gt;
          &lt;row&gt;⠁⠀⠁⠀⠍⠀⠥⠄&lt;/row&gt;
          &lt;row&gt;⠀&lt;/row&gt;
          &lt;row&gt;⠠⠞⠀⠜⠀⠝⠀⠜⠀⠜⠀⠝⠀⠀⠀⠠⠍⠀⠊⠀⠊⠀⠝⠀⠁&lt;/row&gt;
          &lt;row&gt;⠀&lt;/row&gt;
          &lt;row&gt;⠚⠀⠁⠀⠀⠀⠠⠍⠀⠁⠀⠝⠀⠥&lt;/row&gt;
          &lt;row&gt;⠀&lt;/row&gt;
          &lt;row&gt;⠇⠀⠜⠀⠓⠀⠞⠀⠑⠀⠧⠀⠜⠀⠞&lt;/row&gt;
          &lt;row&gt;⠀&lt;/row&gt;
          &lt;row&gt;⠅⠀⠊⠀⠗⠀⠚⠀⠁⠀⠎⠀⠞⠀⠕⠀⠕⠀⠝⠄&lt;/row&gt;
          &lt;row&gt;⠀&lt;/row&gt;
          &lt;row&gt;⠀&lt;/row&gt;
          &lt;row&gt;⠀&lt;/row&gt;
          &lt;row&gt;⠠⠍⠀⠊⠀⠊⠀⠝⠀⠁⠀⠀⠀⠚⠀⠁⠀⠀⠀⠠⠍⠀⠁⠀⠝⠀⠥&lt;/row&gt;
          &lt;row&gt;⠀&lt;/row&gt;
          &lt;row&gt;⠎⠀⠽⠀⠪⠀⠧⠀⠜⠀⠞⠀⠀⠀⠝⠀⠕⠀⠏⠀⠑⠀⠁⠀⠎⠀⠞⠀⠊&lt;/row&gt;
          &lt;row&gt;⠀&lt;/row&gt;
          &lt;row&gt;⠠⠎⠀⠥⠀⠇⠀⠕⠀⠤⠀⠑⠀⠝⠀⠕⠀⠝&lt;/row&gt;
          &lt;row&gt;⠀&lt;/row&gt;
          &lt;row&gt;⠅⠀⠑⠀⠊⠀⠞⠀⠞⠀⠜⠀⠍⠀⠜⠀⠝&lt;/row&gt;
          &lt;row&gt;⠀&lt;/row&gt;
          &lt;row&gt;⠁⠀⠁⠀⠍⠀⠥⠀⠏⠀⠥⠀⠥⠀⠗⠀⠕⠀⠝⠄&lt;/row&gt;
          &lt;row&gt;⠀&lt;/row&gt;
          &lt;row&gt;⠀&lt;/row&gt;
          &lt;row/&gt;
        &lt;/page&gt;
        &lt;page&gt;
          &lt;row&gt;⠀⠀⠀⠀⠀⠀⠀⠀⠀⠀⠀⠀⠀⠀⠀⠀⠀⠀⠀⠀⠀⠀⠀⠀⠀⠀⠀⠼⠃⠙&lt;/row&gt;
          &lt;row&gt;⠠⠎⠀⠊⠀⠞⠀⠞⠀⠑⠀⠝⠀⠀⠀⠓⠀⠑&lt;/row&gt;
          &lt;row&gt;⠀&lt;/row&gt;
          &lt;row&gt;⠅⠀⠊⠀⠊⠀⠗⠀⠑⠀⠓⠀⠞⠀⠊⠀⠧⠀⠜⠀⠞&lt;/row&gt;
          &lt;row&gt;⠀&lt;/row&gt;
          &lt;row&gt;⠏⠀⠕⠀⠇⠀⠅⠀⠥⠀⠏⠀⠽⠀⠪⠀⠗⠀⠊⠀⠇⠀⠇⠀⠜&lt;/row&gt;
          &lt;row&gt;⠀&lt;/row&gt;
          &lt;row&gt;⠅⠀⠊⠀⠗⠀⠚⠀⠁⠀⠎⠀⠞⠀⠕⠀⠕⠀⠝⠄&lt;/row&gt;
          &lt;row&gt;⠀&lt;/row&gt;
          &lt;row&gt;⠀&lt;/row&gt;
          &lt;row&gt;⠀&lt;/row&gt;
          &lt;row&gt;⠠⠅⠀⠊⠀⠗⠀⠚⠀⠁⠀⠎⠀⠞⠀⠕⠀⠝&lt;/row&gt;
          &lt;row&gt;⠀&lt;/row&gt;
          &lt;row&gt;⠑⠀⠞⠀⠑⠀⠊⠀⠎⠀⠑⠀⠎⠀⠞⠀⠜⠀⠀⠀⠓⠀⠑&lt;/row&gt;
          &lt;row&gt;⠀&lt;/row&gt;
          &lt;row&gt;⠝⠀⠜⠀⠅⠀⠑⠀⠧⠀⠜⠀⠞&lt;/row&gt;
          &lt;row&gt;⠀&lt;/row&gt;
          &lt;row&gt;⠍⠀⠑⠀⠇⠀⠅⠀⠑⠀⠊⠀⠝⠀⠀⠀⠅⠀⠕⠀⠅⠀⠕&lt;/row&gt;
          &lt;row&gt;⠀&lt;/row&gt;
          &lt;row&gt;⠅⠀⠊⠀⠗⠀⠚⠀⠁⠀⠎⠀⠞⠀⠕⠀⠝⠄&lt;/row&gt;
          &lt;row&gt;⠀&lt;/row&gt;
          &lt;row&gt;⠤⠀⠀⠀⠠⠞⠀⠥⠀⠕⠀⠅⠀⠎⠀⠥⠀⠥&lt;/row&gt;
          &lt;row&gt;⠀&lt;/row&gt;
          &lt;row&gt;⠎⠀⠁⠀⠍⠀⠁⠀⠇⠀⠞⠀⠁⠀⠀⠀⠅⠀⠥⠀⠊⠀⠝&lt;/row&gt;
          &lt;row&gt;⠀&lt;/row&gt;
          &lt;row&gt;⠎⠀⠊⠀⠇⠀⠇⠀⠕⠀⠊⠀⠝⠂⠀⠀⠀⠅⠀⠥⠀⠝&lt;/row&gt;
          &lt;row/&gt;
        &lt;/page&gt;
        &lt;page&gt;
          &lt;row&gt;⠀⠀⠀⠀⠀⠀⠀⠀⠀⠀⠀⠀⠀⠀⠀⠀⠀⠀⠀⠀⠀⠀⠀⠀⠀⠀⠀⠼⠃⠑&lt;/row&gt;
          &lt;row&gt;⠅⠀⠜⠀⠧⠀⠊⠀⠝⠀⠀⠀⠞⠀⠜⠀⠜⠀⠇⠀⠇⠀⠜&lt;/row&gt;
          &lt;row&gt;⠀&lt;/row&gt;
          &lt;row&gt;⠠⠎⠀⠥⠀⠇⠀⠕⠀⠤⠀⠑⠀⠝⠀⠕⠀⠝&lt;/row&gt;
          &lt;row&gt;⠀&lt;/row&gt;
          &lt;row&gt;⠅⠀⠁⠀⠝⠀⠎⠀⠎⠀⠁⠂⠀⠀⠀⠠⠍⠀⠊⠀⠊⠀⠝⠀⠁&lt;/row&gt;
          &lt;row&gt;⠀&lt;/row&gt;
          &lt;row&gt;⠍⠀⠥⠀⠊⠀⠎⠀⠞⠀⠑⠀⠇⠀⠑⠀⠑⠄&lt;/row&gt;
          &lt;row&gt;⠀&lt;/row&gt;
          &lt;row&gt;⠀&lt;/row&gt;
          &lt;row&gt;⠠⠍⠀⠊⠀⠊⠀⠝⠀⠁⠀⠀⠀⠚⠀⠁⠀⠀⠀⠠⠍⠀⠁⠀⠝⠀⠥&lt;/row&gt;
          &lt;row&gt;⠀&lt;/row&gt;
          &lt;row&gt;⠅⠀⠁⠀⠞⠀⠎⠀⠑⠀⠇⠀⠑⠀⠧⠀⠁⠀⠞&lt;/row&gt;
          &lt;row&gt;⠀&lt;/row&gt;
          &lt;row&gt;⠽⠀⠍⠀⠏⠀⠜⠀⠗⠀⠊⠀⠇⠀⠇⠀⠑⠀⠑⠀⠝⠀⠀⠀⠚⠀⠁&lt;/row&gt;
          &lt;row&gt;⠀&lt;/row&gt;
          &lt;row&gt;⠅⠀⠥⠀⠥⠀⠝⠀⠞⠀⠑⠀⠇⠀⠑⠀⠧⠀⠁⠀⠞⠄&lt;/row&gt;
          &lt;row&gt;⠀&lt;/row&gt;
          &lt;row&gt;⠠⠓⠀⠑⠀⠀⠀⠅⠀⠥⠀⠥⠀⠇⠀⠑⠀⠧⠀⠁⠀⠞&lt;/row&gt;
          &lt;row&gt;⠀&lt;/row&gt;
          &lt;row&gt;⠓⠀⠊⠀⠇⠀⠚⠀⠁⠀⠊⠀⠎⠀⠞⠀⠁&lt;/row&gt;
          &lt;row&gt;⠀&lt;/row&gt;
          &lt;row&gt;⠏⠀⠥⠀⠓⠀⠑⠀⠞⠀⠞⠀⠁&lt;/row&gt;
          &lt;row&gt;⠀&lt;/row&gt;
          &lt;row&gt;⠚⠀⠁⠀⠀⠀⠁⠀⠎⠀⠅⠀⠑⠀⠇⠀⠞⠀⠑⠀⠝&lt;/row&gt;
          &lt;row&gt;⠀&lt;/row&gt;
          &lt;row&gt;⠜⠀⠜⠀⠝⠀⠊⠀⠜⠄&lt;/row&gt;
        &lt;/page&gt;
        &lt;page&gt;
          &lt;row&gt;⠀⠀⠀⠀⠀⠀⠀⠀⠀⠀⠀⠀⠀⠀⠀⠀⠀⠀⠀⠀⠀⠀⠀⠀⠀⠀⠀⠼⠃⠋&lt;/row&gt;
          &lt;row&gt;⠠⠎⠀⠁⠀⠝⠀⠕⠀⠍⠀⠁⠀⠇⠀⠑⠀⠓⠀⠙⠀⠑⠀⠞&lt;/row&gt;
          &lt;row&gt;⠀&lt;/row&gt;
          &lt;row&gt;⠅⠀⠁⠀⠓⠀⠊⠀⠎⠀⠑⠀⠧⠀⠁⠀⠞⠂&lt;/row&gt;
          &lt;row&gt;⠀&lt;/row&gt;
          &lt;row&gt;⠅⠀⠥⠀⠝⠀⠀⠀⠇⠀⠥⠀⠅⠀⠊⠀⠚⠀⠁⠀⠞&lt;/row&gt;
          &lt;row&gt;⠀&lt;/row&gt;
          &lt;row&gt;⠅⠀⠜⠀⠜⠀⠝⠀⠞⠀⠜⠀⠧⠀⠜⠀⠞&lt;/row&gt;
          &lt;row&gt;⠀&lt;/row&gt;
          &lt;row&gt;⠎⠀⠊⠀⠧⠀⠥⠀⠚⠀⠁⠄&lt;/row&gt;
          &lt;row&gt;⠀&lt;/row&gt;
          &lt;row&gt;⠠⠅⠀⠁⠀⠥⠀⠅⠀⠁⠀⠝⠀⠁⠀⠀⠀⠚⠀⠕⠀⠅⠀⠥&lt;/row&gt;
          &lt;row&gt;⠀&lt;/row&gt;
          &lt;row&gt;⠝⠀⠁⠀⠏⠀⠥⠀⠞⠀⠞⠀⠁⠀⠁&lt;/row&gt;
          &lt;row&gt;⠀&lt;/row&gt;
          &lt;row&gt;⠞⠀⠊⠀⠑⠀⠞⠀⠕⠀⠅⠀⠕⠀⠝⠀⠑⠀⠞⠀⠞⠀⠁⠄&lt;/row&gt;
          &lt;row&gt;⠀&lt;/row&gt;
          &lt;row&gt;⠀&lt;/row&gt;
          &lt;row&gt;⠠⠁⠀⠥⠀⠗⠀⠊⠀⠝⠀⠅⠀⠕&lt;/row&gt;
          &lt;row&gt;⠀&lt;/row&gt;
          &lt;row&gt;⠏⠀⠁⠀⠊⠀⠎⠀⠞⠀⠁⠀⠁⠀⠀⠀⠎⠀⠊⠀⠎⠀⠜⠀⠇⠀⠇⠀⠑&lt;/row&gt;
          &lt;row&gt;⠀&lt;/row&gt;
          &lt;row&gt;⠅⠀⠊⠀⠗⠀⠚⠀⠁⠀⠎⠀⠞⠀⠕⠀⠝&lt;/row&gt;
          &lt;row&gt;⠀&lt;/row&gt;
          &lt;row&gt;⠊⠀⠅⠀⠅⠀⠥⠀⠝⠀⠕⠀⠊⠀⠎⠀⠞⠀⠁⠂&lt;/row&gt;
          &lt;row&gt;⠀&lt;/row&gt;
          &lt;row&gt;⠚⠀⠁⠀⠀⠀⠎⠀⠜⠀⠞⠀⠑⠀⠑⠀⠞&lt;/row&gt;
        &lt;/page&gt;
        &lt;page&gt;
          &lt;row&gt;⠀⠀⠀⠀⠀⠀⠀⠀⠀⠀⠀⠀⠀⠀⠀⠀⠀⠀⠀⠀⠀⠀⠀⠀⠀⠀⠀⠼⠃⠛&lt;/row&gt;
          &lt;row&gt;⠕⠀⠎⠀⠥⠀⠧⠀⠁⠀⠞&lt;/row&gt;
          &lt;row&gt;⠀&lt;/row&gt;
          &lt;row&gt;⠅⠀⠊⠀⠗⠀⠚⠀⠕⠀⠊⠀⠓⠀⠊⠀⠝⠄&lt;/row&gt;
          &lt;row&gt;⠀&lt;/row&gt;
          &lt;row&gt;⠠⠅⠀⠊⠀⠗⠀⠚⠀⠁⠀⠞⠀⠀⠀⠕⠀⠧⠀⠁⠀⠞&lt;/row&gt;
          &lt;row&gt;⠀&lt;/row&gt;
          &lt;row&gt;⠅⠀⠕⠀⠗⠀⠅⠀⠑⠀⠊⠀⠎⠀⠎⠀⠁&lt;/row&gt;
          &lt;row&gt;⠀&lt;/row&gt;
          &lt;row&gt;⠓⠀⠽⠀⠇⠀⠇⠀⠽⠀⠊⠀⠎⠀⠎⠀⠜⠄&lt;/row&gt;
          &lt;row&gt;⠀&lt;/row&gt;
          &lt;row&gt;⠀&lt;/row&gt;
          &lt;row&gt;⠤⠀⠀⠀⠠⠧⠀⠕⠀⠊⠀⠀⠀⠍⠀⠊⠀⠞⠀⠑⠀⠝&lt;/row&gt;
          &lt;row&gt;⠀&lt;/row&gt;
          &lt;row&gt;⠏⠀⠁⠀⠇⠀⠚⠀⠕⠀⠝⠀⠀⠀⠅⠀⠊⠀⠗⠀⠚⠀⠕⠀⠚⠀⠁⠂&lt;/row&gt;
          &lt;row&gt;⠀&lt;/row&gt;
          &lt;row&gt;⠠⠍⠀⠁⠀⠝⠀⠥⠀⠀⠀⠓⠀⠥⠀⠕⠀⠅⠀⠁⠀⠁⠄&lt;/row&gt;
          &lt;row&gt;⠀&lt;/row&gt;
          &lt;row&gt;⠤⠀⠀⠀⠠⠍⠀⠊⠀⠞⠀⠑⠀⠝⠀⠀⠀⠍⠀⠑&lt;/row&gt;
          &lt;row&gt;⠀&lt;/row&gt;
          &lt;row&gt;⠇⠀⠪⠀⠽⠀⠙⠀⠜⠀⠍⠀⠍⠀⠑⠀⠀⠀⠅⠀⠊⠀⠗⠀⠚⠀⠁⠀⠝⠂&lt;/row&gt;
          &lt;row&gt;⠀&lt;/row&gt;
          &lt;row&gt;⠚⠀⠕⠀⠅⠀⠁⠀⠀⠀⠅⠀⠑⠀⠗⠀⠞⠀⠕⠀⠕&lt;/row&gt;
          &lt;row&gt;⠀&lt;/row&gt;
          &lt;row&gt;⠍⠀⠁⠀⠍⠀⠍⠀⠥⠀⠞⠀⠑⠀⠊⠀⠎⠀⠞⠀⠁⠢&lt;/row&gt;
          &lt;row&gt;⠀&lt;/row&gt;
          &lt;row/&gt;
        &lt;/page&gt;
        &lt;page&gt;
          &lt;row&gt;⠀⠀⠀⠀⠀⠀⠀⠀⠀⠀⠀⠀⠀⠀⠀⠀⠀⠀⠀⠀⠀⠀⠀⠀⠀⠀⠀⠼⠃⠓&lt;/row&gt;
          &lt;row&gt;⠤⠀⠀⠀⠠⠑⠀⠞⠀⠎⠀⠊⠀⠞⠀⠜⠀⠜⠀⠝&lt;/row&gt;
          &lt;row&gt;⠀&lt;/row&gt;
          &lt;row&gt;⠅⠀⠊⠀⠗⠀⠚⠀⠁⠀⠎⠀⠞⠀⠕⠀⠝⠀⠤&lt;/row&gt;
          &lt;row&gt;⠀&lt;/row&gt;
          &lt;row&gt;⠓⠀⠕⠀⠊⠀⠞⠀⠁⠀⠚⠀⠁&lt;/row&gt;
          &lt;row&gt;⠀&lt;/row&gt;
          &lt;row&gt;⠚⠀⠁⠀⠀⠀⠅⠀⠽⠀⠎⠀⠽⠀⠞⠀⠜⠀⠜⠀⠝&lt;/row&gt;
          &lt;row&gt;⠀&lt;/row&gt;
          &lt;row&gt;⠓⠀⠜⠀⠝⠀⠑⠀⠇⠀⠞⠀⠜⠀⠀⠀⠁⠀⠏⠀⠥⠀⠁⠂&lt;/row&gt;
          &lt;row&gt;⠀&lt;/row&gt;
          &lt;row&gt;⠠⠍⠀⠊⠀⠊⠀⠝⠀⠁⠀⠀⠀⠑⠀⠓⠀⠙⠀⠕⠀⠞⠀⠞⠀⠁⠀⠁⠄&lt;/row&gt;
          &lt;row&gt;⠀&lt;/row&gt;
          &lt;row&gt;⠀&lt;/row&gt;
          &lt;row&gt;⠠⠍⠀⠊⠀⠊⠀⠝⠀⠁⠀⠀⠀⠚⠀⠁⠀⠀⠀⠠⠍⠀⠁⠀⠝⠀⠥&lt;/row&gt;
          &lt;row&gt;⠀&lt;/row&gt;
          &lt;row&gt;⠇⠀⠪⠀⠽⠀⠞⠀⠜⠀⠧⠀⠜⠀⠞&lt;/row&gt;
          &lt;row&gt;⠀&lt;/row&gt;
          &lt;row&gt;⠅⠀⠊⠀⠗⠀⠚⠀⠁⠀⠎⠀⠞⠀⠕⠀⠝⠀⠤&lt;/row&gt;
          &lt;row&gt;⠀&lt;/row&gt;
          &lt;row&gt;⠓⠀⠕⠀⠊⠀⠞⠀⠁⠀⠚⠀⠁⠀⠝&lt;/row&gt;
          &lt;row&gt;⠀&lt;/row&gt;
          &lt;row&gt;⠓⠀⠑⠀⠇⠀⠏⠀⠕⠀⠎⠀⠞⠀⠊⠄&lt;/row&gt;
          &lt;row&gt;⠀&lt;/row&gt;
          &lt;row&gt;⠤⠀⠀⠀⠠⠓⠀⠽⠀⠧⠀⠜⠀⠜⠀⠀⠀⠏⠀⠜⠀⠊⠀⠧⠀⠜⠀⠜⠂&lt;/row&gt;
          &lt;row&gt;⠀&lt;/row&gt;
          &lt;row&gt;⠓⠀⠑⠀⠀⠀⠞⠀⠑⠀⠗⠀⠧⠀⠑⠀⠓⠀⠞⠀⠊⠀⠧⠀⠜⠀⠞⠄&lt;/row&gt;
        &lt;/page&gt;
        &lt;page&gt;
          &lt;row&gt;⠀⠀⠀⠀⠀⠀⠀⠀⠀⠀⠀⠀⠀⠀⠀⠀⠀⠀⠀⠀⠀⠀⠀⠀⠀⠀⠀⠼⠃⠊&lt;/row&gt;
          &lt;row&gt;⠤⠀⠀⠀⠠⠓⠀⠽⠀⠧⠀⠜⠀⠜⠀⠀⠀⠏⠀⠜⠀⠊⠀⠧⠀⠜⠀⠜⠂&lt;/row&gt;
          &lt;row&gt;⠀&lt;/row&gt;
          &lt;row&gt;⠅⠀⠊⠀⠗⠀⠚⠀⠁⠀⠎⠀⠞⠀⠕⠀⠝⠀⠤&lt;/row&gt;
          &lt;row&gt;⠀&lt;/row&gt;
          &lt;row&gt;⠓⠀⠕⠀⠊⠀⠞⠀⠁⠀⠚⠀⠁⠀⠀⠀⠧⠀⠁⠀⠎⠀⠞⠀⠁⠀⠁⠄&lt;/row&gt;
          &lt;row&gt;⠀&lt;/row&gt;
          &lt;row&gt;⠤⠀⠠⠞⠀⠁⠀⠗⠀⠧⠀⠊⠀⠞⠀⠎⠀⠑⠀⠞⠀⠞⠀⠑⠀⠅⠀⠕&lt;/row&gt;
          &lt;row&gt;⠀&lt;/row&gt;
          &lt;row&gt;⠁⠀⠏⠀⠥⠀⠁⠢⠀⠀⠓⠀⠜⠀⠝⠀⠀⠀⠅⠀⠽⠀⠎⠀⠽⠀⠽&lt;/row&gt;
          &lt;row&gt;⠀&lt;/row&gt;
          &lt;row&gt;⠽⠀⠎⠀⠞⠀⠜⠀⠧⠀⠜⠀⠇⠀⠇⠀⠊⠀⠎⠀⠑⠀⠎⠀⠞⠀⠊⠄&lt;/row&gt;
          &lt;row&gt;⠀&lt;/row&gt;
          &lt;row&gt;⠀&lt;/row&gt;
          &lt;row&gt;⠠⠍⠀⠊⠀⠊⠀⠝⠀⠁⠀⠀⠀⠝⠀⠕⠀⠎⠀⠞⠀⠁⠀⠁&lt;/row&gt;
          &lt;row&gt;⠀&lt;/row&gt;
          &lt;row&gt;⠗⠀⠑⠀⠏⠀⠥⠀⠎⠀⠞⠀⠁&lt;/row&gt;
          &lt;row&gt;⠀&lt;/row&gt;
          &lt;row&gt;⠑⠀⠎⠀⠊⠀⠝⠀⠑⠀⠑⠀⠝⠂&lt;/row&gt;
          &lt;row&gt;⠀&lt;/row&gt;
          &lt;row&gt;⠚⠀⠕⠀⠝⠀⠅⠀⠁⠀⠀⠀⠠⠍⠀⠁⠀⠝⠀⠥&lt;/row&gt;
          &lt;row&gt;⠀&lt;/row&gt;
          &lt;row&gt;⠇⠀⠪⠀⠽⠀⠎⠀⠊⠀⠀⠀⠍⠀⠑⠀⠞⠀⠎⠀⠜⠀⠎⠀⠞⠀⠜⠄&lt;/row&gt;
          &lt;row&gt;⠀&lt;/row&gt;
          &lt;row&gt;⠀&lt;/row&gt;
          &lt;row&gt;⠀&lt;/row&gt;
          &lt;row/&gt;
        &lt;/page&gt;
        &lt;page&gt;
          &lt;row&gt;⠀⠀⠀⠀⠀⠀⠀⠀⠀⠀⠀⠀⠀⠀⠀⠀⠀⠀⠀⠀⠀⠀⠀⠀⠀⠀⠀⠼⠉⠚&lt;/row&gt;
          &lt;row&gt;⠠⠓⠀⠜⠀⠝⠀⠀⠀⠝⠀⠜⠀⠽⠀⠞⠀⠞⠀⠜⠀⠜&lt;/row&gt;
          &lt;row&gt;⠀&lt;/row&gt;
          &lt;row&gt;⠎⠀⠊⠀⠞⠀⠜⠀⠀⠀⠅⠀⠊⠀⠗⠀⠚⠀⠁⠀⠎⠀⠞⠀⠕⠀⠝⠀⠤&lt;/row&gt;
          &lt;row&gt;⠀&lt;/row&gt;
          &lt;row&gt;⠓⠀⠕⠀⠊⠀⠞⠀⠁⠀⠚⠀⠁⠀⠇⠀⠇⠀⠑⠄&lt;/row&gt;
          &lt;row&gt;⠀&lt;/row&gt;
          &lt;row&gt;⠀&lt;/row&gt;
          &lt;row&gt;⠤⠀⠀⠀⠠⠍⠀⠑⠀⠊⠀⠎⠀⠞⠀⠜&lt;/row&gt;
          &lt;row&gt;⠀&lt;/row&gt;
          &lt;row&gt;⠞⠀⠥⠀⠝⠀⠞⠀⠥⠀⠥⠂⠀⠀⠀⠑⠀⠞⠀⠞⠀⠜&lt;/row&gt;
          &lt;row&gt;⠀&lt;/row&gt;
          &lt;row&gt;⠞⠀⠜⠀⠍⠀⠜⠀⠀⠀⠕⠀⠝&lt;/row&gt;
          &lt;row&gt;⠀&lt;/row&gt;
          &lt;row&gt;⠍⠀⠁⠀⠍⠀⠍⠀⠥⠀⠞⠀⠊⠀⠝&lt;/row&gt;
          &lt;row&gt;⠀&lt;/row&gt;
          &lt;row&gt;⠓⠀⠁⠀⠍⠀⠍⠀⠁⠀⠎⠂&lt;/row&gt;
          &lt;row&gt;⠀&lt;/row&gt;
          &lt;row&gt;⠎⠀⠑⠀⠇⠀⠇⠀⠁⠀⠊⠀⠝⠀⠑⠀⠝&lt;/row&gt;
          &lt;row&gt;⠀&lt;/row&gt;
          &lt;row&gt;⠎⠀⠽⠀⠪⠀⠅⠀⠎⠀⠽⠀⠓⠀⠁⠀⠍⠀⠍⠀⠁⠀⠎⠄&lt;/row&gt;
          &lt;row&gt;⠀&lt;/row&gt;
          &lt;row&gt;⠠⠓⠀⠁⠀⠇⠀⠥⠀⠁⠀⠊⠀⠎⠀⠊⠀⠍⠀⠍⠀⠑&lt;/row&gt;
          &lt;row&gt;⠀&lt;/row&gt;
          &lt;row&gt;⠇⠀⠪⠀⠽⠀⠞⠀⠜⠀⠜⠀⠀⠀⠅⠀⠊⠀⠗⠀⠚⠀⠁⠀⠝⠂&lt;/row&gt;
          &lt;row&gt;⠀&lt;/row&gt;
          &lt;row&gt;⠚⠀⠕⠀⠅⠀⠁⠀⠀⠀⠅⠀⠑⠀⠗⠀⠞⠀⠕⠀⠕&lt;/row&gt;
        &lt;/page&gt;
        &lt;page&gt;
          &lt;row&gt;⠀⠀⠀⠀⠀⠀⠀⠀⠀⠀⠀⠀⠀⠀⠀⠀⠀⠀⠀⠀⠀⠀⠀⠀⠀⠀⠀⠼⠉⠁&lt;/row&gt;
          &lt;row&gt;⠍⠀⠁⠀⠍⠀⠍⠀⠥⠀⠞⠀⠑⠀⠊⠀⠎⠀⠞⠀⠁⠂&lt;/row&gt;
          &lt;row&gt;⠀&lt;/row&gt;
          &lt;row&gt;⠠⠍⠀⠊⠀⠊⠀⠝⠀⠁⠀⠀⠀⠎⠀⠁⠀⠝⠀⠕⠀⠕⠄&lt;/row&gt;
          &lt;row&gt;⠀&lt;/row&gt;
          &lt;row&gt;⠀&lt;/row&gt;
          &lt;row&gt;⠤⠀⠀⠀⠠⠅⠀⠊⠀⠗⠀⠚⠀⠁⠀⠎⠀⠎⠀⠁&lt;/row&gt;
          &lt;row&gt;⠀&lt;/row&gt;
          &lt;row&gt;⠏⠀⠊⠀⠞⠀⠜⠀⠜⠀⠀⠀⠕⠀⠇⠀⠇⠀⠁&lt;/row&gt;
          &lt;row&gt;⠀&lt;/row&gt;
          &lt;row&gt;⠅⠀⠥⠀⠧⠀⠊⠀⠁⠂⠀⠅⠀⠕⠀⠎⠀⠅⠀⠁⠀⠀⠀⠑⠀⠝&lt;/row&gt;
          &lt;row&gt;⠀&lt;/row&gt;
          &lt;row&gt;⠕⠀⠎⠀⠁⠀⠁⠀⠀⠀⠧⠀⠊⠀⠑⠀⠇⠀⠜&lt;/row&gt;
          &lt;row&gt;⠀&lt;/row&gt;
          &lt;row&gt;⠇⠀⠥⠀⠅⠀⠑⠀⠁⠂⠀⠀⠀⠠⠍⠀⠁⠀⠝⠀⠥&lt;/row&gt;
          &lt;row&gt;⠀&lt;/row&gt;
          &lt;row&gt;⠓⠀⠥⠀⠕⠀⠍⠀⠁⠀⠥⠀⠞⠀⠞⠀⠁⠀⠁⠄&lt;/row&gt;
          &lt;row&gt;⠀&lt;/row&gt;
          &lt;row&gt;⠤⠀⠀⠀⠠⠍⠀⠊⠀⠝⠀⠜⠀⠀⠀⠁⠀⠥⠀⠞⠀⠁⠀⠝&lt;/row&gt;
          &lt;row&gt;⠀&lt;/row&gt;
          &lt;row&gt;⠞⠀⠑⠀⠊⠀⠞⠀⠜&lt;/row&gt;
          &lt;row&gt;⠀&lt;/row&gt;
          &lt;row&gt;⠍⠀⠊⠀⠑⠀⠇⠀⠑⠀⠇⠀⠇⠀⠜⠀⠝⠀⠊⠂&lt;/row&gt;
          &lt;row&gt;⠀&lt;/row&gt;
          &lt;row&gt;⠅⠀⠊⠀⠗⠀⠚⠀⠁⠀⠎⠀⠞⠀⠕⠀⠝⠀⠤&lt;/row&gt;
          &lt;row&gt;⠀&lt;/row&gt;
          &lt;row&gt;⠓⠀⠕⠀⠊⠀⠞⠀⠁⠀⠚⠀⠁⠀⠀⠀⠎⠀⠁⠀⠝⠀⠕⠀⠕⠄&lt;/row&gt;
        &lt;/page&gt;
        &lt;page&gt;
          &lt;row&gt;⠀⠀⠀⠀⠀⠀⠀⠀⠀⠀⠀⠀⠀⠀⠀⠀⠀⠀⠀⠀⠀⠀⠀⠀⠀⠀⠀⠼⠉⠃&lt;/row&gt;
          &lt;row&gt;⠤⠀⠀⠀⠠⠞⠀⠥⠀⠇⠀⠅⠀⠁⠀⠁&lt;/row&gt;
          &lt;row&gt;⠀&lt;/row&gt;
          &lt;row&gt;⠍⠀⠥⠀⠅⠀⠁⠀⠁⠀⠝⠲&lt;/row&gt;
          &lt;row&gt;⠀&lt;/row&gt;
          &lt;row&gt;⠀&lt;/row&gt;
          &lt;row&gt;⠠⠍⠀⠊⠀⠊⠀⠝⠀⠁⠀⠀⠀⠚⠀⠁⠀⠀⠀⠠⠍⠀⠁⠀⠝⠀⠥&lt;/row&gt;
          &lt;row&gt;⠀&lt;/row&gt;
          &lt;row&gt;⠎⠀⠑⠀⠥⠀⠗⠀⠁⠀⠁⠀⠧⠀⠁⠀⠞&lt;/row&gt;
          &lt;row&gt;⠀&lt;/row&gt;
          &lt;row&gt;⠅⠀⠊⠀⠗⠀⠚⠀⠁⠀⠎⠀⠞⠀⠕⠀⠝⠀⠤&lt;/row&gt;
          &lt;row&gt;⠀&lt;/row&gt;
          &lt;row&gt;⠓⠀⠕⠀⠊⠀⠞⠀⠁⠀⠚⠀⠁⠀⠁⠂&lt;/row&gt;
          &lt;row&gt;⠀&lt;/row&gt;
          &lt;row&gt;⠚⠀⠁⠀⠀⠀⠁⠀⠎⠀⠅⠀⠑⠀⠇&lt;/row&gt;
          &lt;row&gt;⠀&lt;/row&gt;
          &lt;row&gt;⠁⠀⠎⠀⠅⠀⠑⠀⠇⠀⠑⠀⠑⠀⠇⠀⠞⠀⠁&lt;/row&gt;
          &lt;row&gt;⠀&lt;/row&gt;
          &lt;row&gt;⠓⠀⠑⠀⠊⠀⠎⠀⠞⠀⠜⠀⠀⠀⠁⠀⠇⠀⠅⠀⠁⠀⠁&lt;/row&gt;
          &lt;row&gt;⠀&lt;/row&gt;
          &lt;row&gt;⠞⠀⠥⠀⠝⠀⠞⠀⠥⠀⠁&lt;/row&gt;
          &lt;row&gt;⠀&lt;/row&gt;
          &lt;row&gt;⠎⠀⠑⠀⠊⠀⠅⠀⠅⠀⠁⠀⠊⠀⠇⠀⠥⠀⠇⠀⠞⠀⠁⠄&lt;/row&gt;
          &lt;row&gt;⠀&lt;/row&gt;
          &lt;row&gt;⠀&lt;/row&gt;
          &lt;row&gt;⠀&lt;/row&gt;
          &lt;row/&gt;
        &lt;/page&gt;
        &lt;page&gt;
          &lt;row&gt;⠀⠀⠀⠀⠀⠀⠀⠀⠀⠀⠀⠀⠀⠀⠀⠀⠀⠀⠀⠀⠀⠀⠀⠀⠀⠀⠀⠼⠉⠉&lt;/row&gt;
          &lt;row&gt;⠠⠞⠀⠜⠀⠎⠀⠎⠀⠜&lt;/row&gt;
          &lt;row&gt;⠀&lt;/row&gt;
          &lt;row&gt;⠎⠀⠑⠀⠊⠀⠅⠀⠅⠀⠁⠀⠊⠀⠇⠀⠥⠀⠎⠀⠎⠀⠁&lt;/row&gt;
          &lt;row&gt;⠀&lt;/row&gt;
          &lt;row&gt;⠑⠀⠞⠀⠎⠀⠊⠀⠞⠀⠜⠀⠜⠀⠝&lt;/row&gt;
          &lt;row&gt;⠀&lt;/row&gt;
          &lt;row&gt;⠅⠀⠁⠀⠙⠀⠕⠀⠝⠀⠝⠀⠥⠀⠞⠀⠞⠀⠁&lt;/row&gt;
          &lt;row&gt;⠀&lt;/row&gt;
          &lt;row&gt;⠍⠀⠁⠀⠍⠀⠍⠀⠥⠀⠞⠀⠞⠀⠊⠀⠁⠂&lt;/row&gt;
          &lt;row&gt;⠀&lt;/row&gt;
          &lt;row&gt;⠧⠀⠁⠀⠇⠀⠞⠀⠁⠀⠧⠀⠁⠀⠁&lt;/row&gt;
          &lt;row&gt;⠀&lt;/row&gt;
          &lt;row&gt;⠅⠀⠁⠀⠗⠀⠧⠀⠁⠀⠊⠀⠎⠀⠞⠀⠁&lt;/row&gt;
          &lt;row&gt;⠀&lt;/row&gt;
          &lt;row&gt;⠑⠀⠇⠀⠜⠀⠊⠀⠝⠀⠞⠀⠜⠲&lt;/row&gt;
          &lt;row&gt;⠀&lt;/row&gt;
          &lt;row&gt;⠀&lt;/row&gt;
          &lt;row&gt;⠀&lt;/row&gt;
          &lt;row&gt;⠠⠍⠀⠁⠀⠝⠀⠥&lt;/row&gt;
          &lt;row&gt;⠀&lt;/row&gt;
          &lt;row&gt;⠅⠀⠥⠀⠧⠀⠊⠀⠞⠀⠞⠀⠑⠀⠇⠀⠑⠀⠑⠂&lt;/row&gt;
          &lt;row&gt;⠀&lt;/row&gt;
          &lt;row&gt;⠑⠀⠞⠀⠞⠀⠜⠀⠀⠀⠍⠀⠁⠀⠍⠀⠍⠀⠥⠀⠞⠀⠞⠀⠊&lt;/row&gt;
          &lt;row&gt;⠀&lt;/row&gt;
          &lt;row&gt;⠁⠀⠎⠀⠞⠀⠥⠀⠥⠀⠀⠀⠑⠀⠎⠀⠊⠀⠇⠀⠇⠀⠑&lt;/row&gt;
          &lt;row/&gt;
        &lt;/page&gt;
        &lt;page&gt;
          &lt;row&gt;⠀⠀⠀⠀⠀⠀⠀⠀⠀⠀⠀⠀⠀⠀⠀⠀⠀⠀⠀⠀⠀⠀⠀⠀⠀⠀⠀⠼⠉⠙&lt;/row&gt;
          &lt;row&gt;⠅⠀⠊⠀⠗⠀⠚⠀⠁⠀⠓⠀⠽⠀⠇⠀⠇⠀⠽⠀⠝&lt;/row&gt;
          &lt;row&gt;⠀&lt;/row&gt;
          &lt;row&gt;⠞⠀⠁⠀⠅⠀⠁⠀⠁⠄&lt;/row&gt;
          &lt;row&gt;⠀&lt;/row&gt;
          &lt;row&gt;⠠⠎⠀⠑⠀⠝⠀⠀⠀⠏⠀⠁⠀⠅⠀⠎⠀⠥⠀⠞&lt;/row&gt;
          &lt;row&gt;⠀&lt;/row&gt;
          &lt;row&gt;⠚⠀⠁⠀⠇⠀⠁⠀⠞&lt;/row&gt;
          &lt;row&gt;⠀&lt;/row&gt;
          &lt;row&gt;⠞⠀⠪⠀⠍⠀⠜⠀⠓⠀⠞⠀⠑⠀⠇⠀⠑⠀⠧⠀⠜⠀⠞&lt;/row&gt;
          &lt;row&gt;⠀&lt;/row&gt;
          &lt;row&gt;⠅⠀⠊⠀⠗⠀⠚⠀⠁⠀⠎⠀⠞⠀⠕⠀⠝&lt;/row&gt;
          &lt;row&gt;⠀&lt;/row&gt;
          &lt;row&gt;⠇⠀⠁⠀⠞⠀⠞⠀⠊⠀⠁⠀⠁⠀⠀⠀⠧⠀⠁⠀⠎⠀⠞⠀⠑⠀⠝⠄&lt;/row&gt;
          &lt;row&gt;⠀&lt;/row&gt;
          &lt;row&gt;⠠⠎⠀⠑⠀⠝⠀⠀⠀⠞⠀⠥⠀⠗⠀⠅⠀⠅⠀⠊&lt;/row&gt;
          &lt;row&gt;⠀&lt;/row&gt;
          &lt;row&gt;⠞⠀⠥⠀⠕⠀⠅⠀⠎⠀⠥⠀⠥&lt;/row&gt;
          &lt;row&gt;⠀&lt;/row&gt;
          &lt;row&gt;⠓⠀⠑⠀⠊⠀⠝⠀⠊⠀⠇⠀⠞⠀⠜&lt;/row&gt;
          &lt;row&gt;⠀&lt;/row&gt;
          &lt;row&gt;⠚⠀⠁⠀⠀⠀⠧⠀⠊⠀⠇⠀⠇⠀⠊⠀⠇⠀⠞⠀⠜&lt;/row&gt;
          &lt;row&gt;⠀&lt;/row&gt;
          &lt;row&gt;⠍⠀⠑⠀⠞⠀⠎⠀⠜⠀⠇⠀⠞⠀⠜⠄&lt;/row&gt;
          &lt;row&gt;⠀&lt;/row&gt;
          &lt;row&gt;⠀&lt;/row&gt;
          &lt;row/&gt;
        &lt;/page&gt;
        &lt;page&gt;
          &lt;row&gt;⠀⠀⠀⠀⠀⠀⠀⠀⠀⠀⠀⠀⠀⠀⠀⠀⠀⠀⠀⠀⠀⠀⠀⠀⠀⠀⠀⠼⠉⠑&lt;/row&gt;
          &lt;row&gt;⠠⠍⠀⠁⠀⠝⠀⠥⠀⠀⠀⠅⠀⠥⠀⠥⠀⠇⠀⠑⠀⠑⠂&lt;/row&gt;
          &lt;row&gt;⠀&lt;/row&gt;
          &lt;row&gt;⠅⠀⠥⠀⠊⠀⠝⠀⠅⠀⠁&lt;/row&gt;
          &lt;row&gt;⠀&lt;/row&gt;
          &lt;row&gt;⠍⠀⠁⠀⠍⠀⠍⠀⠥⠀⠞⠀⠊⠀⠝⠀⠀⠀⠅⠀⠜⠀⠗⠀⠎⠀⠜&lt;/row&gt;
          &lt;row&gt;⠀&lt;/row&gt;
          &lt;row&gt;⠞⠀⠥⠀⠓⠀⠊⠀⠎⠀⠑⠀⠑⠂⠀⠀⠀⠅⠀⠥⠀⠝⠀⠀⠀⠎⠀⠑&lt;/row&gt;
          &lt;row&gt;⠀&lt;/row&gt;
          &lt;row&gt;⠓⠀⠁⠀⠊⠀⠎⠀⠞⠀⠑⠀⠇⠀⠑⠀⠑&lt;/row&gt;
          &lt;row&gt;⠀&lt;/row&gt;
          &lt;row&gt;⠅⠀⠊⠀⠗⠀⠚⠀⠁⠀⠓⠀⠽⠀⠇⠀⠇⠀⠽⠀⠚⠀⠜⠄&lt;/row&gt;
          &lt;row&gt;⠀&lt;/row&gt;
          &lt;row&gt;⠀&lt;/row&gt;
          &lt;row&gt;⠠⠧⠀⠁⠀⠇⠀⠞⠀⠁⠀⠧⠀⠁⠀⠞&lt;/row&gt;
          &lt;row&gt;⠀&lt;/row&gt;
          &lt;row&gt;⠓⠀⠁⠀⠍⠀⠏⠀⠁⠀⠁⠀⠞&lt;/row&gt;
          &lt;row&gt;⠀&lt;/row&gt;
          &lt;row&gt;⠏⠀⠥⠀⠙⠀⠕⠀⠞⠀⠞⠀⠑⠀⠇⠀⠑⠀⠧⠀⠁⠀⠞&lt;/row&gt;
          &lt;row&gt;⠀&lt;/row&gt;
          &lt;row&gt;⠅⠀⠊⠀⠗⠀⠚⠀⠕⠀⠚⠀⠁&lt;/row&gt;
          &lt;row&gt;⠀&lt;/row&gt;
          &lt;row&gt;⠓⠀⠽⠀⠇⠀⠇⠀⠽⠀⠊⠀⠎⠀⠞⠀⠜⠄&lt;/row&gt;
          &lt;row&gt;⠀&lt;/row&gt;
          &lt;row&gt;⠠⠅⠀⠕⠀⠏⠀⠎⠲⠀⠀⠀⠠⠅⠀⠕⠀⠏⠀⠎⠲&lt;/row&gt;
          &lt;row&gt;⠀&lt;/row&gt;
          &lt;row/&gt;
        &lt;/page&gt;
        &lt;page&gt;
          &lt;row&gt;⠀⠀⠀⠀⠀⠀⠀⠀⠀⠀⠀⠀⠀⠀⠀⠀⠀⠀⠀⠀⠀⠀⠀⠀⠀⠀⠀⠼⠉⠋&lt;/row&gt;
          &lt;row&gt;⠠⠜⠀⠅⠀⠅⠀⠊⠀⠜⠀⠀⠀⠍⠀⠁⠀⠍⠀⠍⠀⠥⠀⠞⠀⠊⠀⠝&lt;/row&gt;
          &lt;row&gt;⠀&lt;/row&gt;
          &lt;row&gt;⠅⠀⠁⠀⠗⠀⠓⠀⠑⠀⠁⠀⠀⠀⠞⠀⠥⠀⠗⠀⠅⠀⠅⠀⠊&lt;/row&gt;
          &lt;row&gt;⠀&lt;/row&gt;
          &lt;row&gt;⠏⠀⠽⠀⠽⠀⠓⠀⠅⠀⠜⠀⠊⠀⠎⠀⠑⠀⠑&lt;/row&gt;
          &lt;row&gt;⠀&lt;/row&gt;
          &lt;row&gt;⠠⠍⠀⠁⠀⠝⠀⠥⠀⠁⠄&lt;/row&gt;
          &lt;row&gt;⠀&lt;/row&gt;
          &lt;row&gt;⠀&lt;/row&gt;
          &lt;row&gt;⠤⠀⠀⠀⠠⠍⠀⠁⠀⠝⠀⠥⠲⠀⠀⠀⠓⠀⠑⠀⠗⠀⠜⠀⠞⠀⠽⠀⠎⠲&lt;/row&gt;
          &lt;row&gt;⠀&lt;/row&gt;
          &lt;row&gt;⠠⠍⠀⠊⠀⠊⠀⠝⠀⠁⠀⠀⠀⠗⠀⠁⠀⠧⠀⠊⠀⠎⠀⠞⠀⠁⠀⠁&lt;/row&gt;
          &lt;row&gt;⠀&lt;/row&gt;
          &lt;row&gt;⠓⠀⠊⠀⠇⠀⠚⠀⠁⠀⠁⠀⠀⠀⠠⠍⠀⠁⠀⠝⠀⠥⠀⠝&lt;/row&gt;
          &lt;row&gt;⠀&lt;/row&gt;
          &lt;row&gt;⠕⠀⠇⠀⠅⠀⠁⠀⠏⠀⠜⠀⠜⠀⠞⠀⠜⠄&lt;/row&gt;
          &lt;row&gt;⠀&lt;/row&gt;
          &lt;row&gt;⠤⠀⠀⠀⠠⠞⠀⠁⠀⠁⠀⠎⠀⠀⠀⠎⠀⠊⠀⠝⠀⠜&lt;/row&gt;
          &lt;row&gt;⠀&lt;/row&gt;
          &lt;row&gt;⠓⠀⠁⠀⠁⠀⠧⠀⠑⠀⠊⠀⠇⠀⠑⠀⠞⠄&lt;/row&gt;
          &lt;row&gt;⠀&lt;/row&gt;
          &lt;row&gt;⠀&lt;/row&gt;
          &lt;row&gt;⠀&lt;/row&gt;
          &lt;row&gt;⠀&lt;/row&gt;
          &lt;row&gt;⠀&lt;/row&gt;
          &lt;row/&gt;
        &lt;/page&gt;
        &lt;page&gt;
          &lt;row&gt;⠀⠀⠀⠀⠀⠀⠀⠀⠀⠀⠀⠀⠀⠀⠀⠀⠀⠀⠀⠀⠀⠀⠀⠀⠀⠀⠀⠼⠉⠛&lt;/row&gt;
          &lt;row&gt;⠠⠍⠀⠊⠀⠊⠀⠝⠀⠁⠀⠀⠀⠕⠀⠞⠀⠞⠀⠁⠀⠁&lt;/row&gt;
          &lt;row&gt;⠀&lt;/row&gt;
          &lt;row&gt;⠠⠍⠀⠁⠀⠝⠀⠥⠀⠁⠀⠀⠀⠅⠀⠜⠀⠙⠀⠑⠀⠎⠀⠞⠀⠜⠂&lt;/row&gt;
          &lt;row&gt;⠀&lt;/row&gt;
          &lt;row&gt;⠚⠀⠁⠀⠀⠀⠓⠀⠑⠀⠀⠀⠚⠀⠁⠀⠞⠀⠅⠀⠁⠀⠧⠀⠁⠀⠞&lt;/row&gt;
          &lt;row&gt;⠀&lt;/row&gt;
          &lt;row&gt;⠍⠀⠁⠀⠞⠀⠅⠀⠁⠀⠁&lt;/row&gt;
          &lt;row&gt;⠀&lt;/row&gt;
          &lt;row&gt;⠅⠀⠊⠀⠗⠀⠚⠀⠁⠀⠎⠀⠞⠀⠕⠀⠝⠀⠤&lt;/row&gt;
          &lt;row&gt;⠀&lt;/row&gt;
          &lt;row&gt;⠓⠀⠕⠀⠊⠀⠞⠀⠁⠀⠚⠀⠁⠀⠝&lt;/row&gt;
          &lt;row&gt;⠀&lt;/row&gt;
          &lt;row&gt;⠅⠀⠁⠀⠝⠀⠎⠀⠎⠀⠁⠄&lt;/row&gt;
          &lt;row&gt;⠀&lt;/row&gt;
          &lt;row&gt;⠀&lt;/row&gt;
          &lt;row&gt;⠀&lt;/row&gt;
          &lt;row&gt;⠠⠅⠀⠊⠀⠗⠀⠚⠀⠁⠀⠎⠀⠞⠀⠕⠀⠝⠀⠤&lt;/row&gt;
          &lt;row&gt;⠀&lt;/row&gt;
          &lt;row&gt;⠓⠀⠕⠀⠊⠀⠞⠀⠁⠀⠚⠀⠁&lt;/row&gt;
          &lt;row&gt;⠀&lt;/row&gt;
          &lt;row&gt;⠎⠀⠑⠀⠇⠀⠊⠀⠞⠀⠞⠀⠜⠀⠜&lt;/row&gt;
          &lt;row&gt;⠀&lt;/row&gt;
          &lt;row&gt;⠠⠍⠀⠊⠀⠊⠀⠝⠀⠁⠀⠇⠀⠇⠀⠑⠀⠀⠀⠚⠀⠁&lt;/row&gt;
          &lt;row&gt;⠀&lt;/row&gt;
          &lt;row&gt;⠠⠍⠀⠁⠀⠝⠀⠥⠀⠇⠀⠇⠀⠑⠂&lt;/row&gt;
          &lt;row/&gt;
        &lt;/page&gt;
        &lt;page&gt;
          &lt;row&gt;⠀⠀⠀⠀⠀⠀⠀⠀⠀⠀⠀⠀⠀⠀⠀⠀⠀⠀⠀⠀⠀⠀⠀⠀⠀⠀⠀⠼⠉⠓&lt;/row&gt;
          &lt;row&gt;⠑⠀⠞⠀⠞⠀⠜&lt;/row&gt;
          &lt;row&gt;⠀&lt;/row&gt;
          &lt;row&gt;⠅⠀⠊⠀⠗⠀⠚⠀⠁⠀⠎⠀⠞⠀⠕⠀⠎⠀⠎⠀⠁⠀⠀⠀⠕⠀⠝&lt;/row&gt;
          &lt;row&gt;⠀&lt;/row&gt;
          &lt;row&gt;⠕⠀⠎⠀⠁⠀⠎⠀⠞⠀⠕⠂⠀⠀⠀⠚⠀⠕⠀⠝⠀⠅⠀⠁&lt;/row&gt;
          &lt;row&gt;⠀&lt;/row&gt;
          &lt;row&gt;⠓⠀⠽⠀⠇⠀⠇⠀⠽⠀⠊⠀⠎⠀⠎⠀⠜⠀⠀⠀⠕⠀⠝&lt;/row&gt;
          &lt;row&gt;⠀&lt;/row&gt;
          &lt;row&gt;⠅⠀⠊⠀⠗⠀⠚⠀⠕⠀⠚⠀⠁&lt;/row&gt;
          &lt;row&gt;⠀&lt;/row&gt;
          &lt;row&gt;⠑⠀⠇⠀⠜⠀⠊⠀⠍⠀⠊⠀⠎⠀⠞⠀⠜⠀⠀⠀⠚⠀⠁&lt;/row&gt;
          &lt;row&gt;⠀&lt;/row&gt;
          &lt;row&gt;⠇⠀⠥⠀⠕⠀⠝⠀⠝⠀⠕⠀⠎⠀⠞⠀⠁⠄&lt;/row&gt;
          &lt;row&gt;⠀&lt;/row&gt;
          &lt;row&gt;⠤⠀⠀⠀⠠⠎⠀⠊⠀⠑⠀⠇⠀⠞⠀⠜⠀⠀⠀⠍⠀⠑&lt;/row&gt;
          &lt;row&gt;⠀&lt;/row&gt;
          &lt;row&gt;⠇⠀⠪⠀⠽⠀⠙⠀⠜⠀⠍⠀⠍⠀⠑&lt;/row&gt;
          &lt;row&gt;⠀&lt;/row&gt;
          &lt;row&gt;⠍⠀⠁⠀⠍⠀⠍⠀⠥⠀⠞⠀⠞⠀⠊⠀⠅⠀⠊⠀⠗⠀⠚⠀⠁⠀⠝⠂&lt;/row&gt;
          &lt;row&gt;⠀&lt;/row&gt;
          &lt;row&gt;⠓⠀⠜⠀⠝⠀⠀⠀⠎⠀⠁⠀⠝⠀⠕⠀⠕⠄&lt;/row&gt;
          &lt;row&gt;⠀&lt;/row&gt;
          &lt;row&gt;⠀&lt;/row&gt;
          &lt;row&gt;⠀&lt;/row&gt;
          &lt;row&gt;⠀&lt;/row&gt;
          &lt;row/&gt;
        &lt;/page&gt;
        &lt;page&gt;
          &lt;row&gt;⠀⠀⠀⠀⠀⠀⠀⠀⠀⠀⠀⠀⠀⠀⠀⠀⠀⠀⠀⠀⠀⠀⠀⠀⠀⠀⠀⠼⠉⠊&lt;/row&gt;
          &lt;row&gt;⠠⠑⠀⠇⠀⠜⠀⠊⠀⠝⠀⠤⠀⠀⠀⠚⠀⠁&lt;/row&gt;
          &lt;row&gt;⠀&lt;/row&gt;
          &lt;row&gt;⠇⠀⠥⠀⠕⠀⠝⠀⠞⠀⠕⠀⠅⠀⠊⠀⠗⠀⠚⠀⠕⠀⠚⠀⠑⠀⠝&lt;/row&gt;
          &lt;row&gt;⠀&lt;/row&gt;
          &lt;row&gt;⠓⠀⠽⠀⠇⠀⠇⠀⠽⠀⠀⠀⠕⠀⠝&lt;/row&gt;
          &lt;row&gt;⠀&lt;/row&gt;
          &lt;row&gt;⠅⠀⠊⠀⠗⠀⠚⠀⠁⠀⠎⠀⠞⠀⠕⠀⠝&lt;/row&gt;
          &lt;row&gt;⠀&lt;/row&gt;
          &lt;row&gt;⠏⠀⠑⠀⠗⠀⠜⠀⠇⠀⠇⠀⠜⠄&lt;/row&gt;
          &lt;row&gt;⠀&lt;/row&gt;
          &lt;row&gt;⠠⠍⠀⠁⠀⠞⠀⠅⠀⠁⠀⠇⠀⠇⠀⠁⠀⠀⠀⠠⠍⠀⠊⠀⠊⠀⠝⠀⠁&lt;/row&gt;
          &lt;row&gt;⠀&lt;/row&gt;
          &lt;row&gt;⠚⠀⠁⠀⠀⠀⠠⠍⠀⠁⠀⠝⠀⠥&lt;/row&gt;
          &lt;row&gt;⠀&lt;/row&gt;
          &lt;row&gt;⠓⠀⠁⠀⠊⠀⠎⠀⠞⠀⠁⠀⠧⠀⠁⠀⠞&lt;/row&gt;
          &lt;row&gt;⠀&lt;/row&gt;
          &lt;row&gt;⠓⠀⠑⠀⠗⠀⠅⠀⠥⠀⠇⠀⠇⠀⠊⠀⠎⠀⠑⠀⠝&lt;/row&gt;
          &lt;row&gt;⠀&lt;/row&gt;
          &lt;row&gt;⠞⠀⠥⠀⠕⠀⠅⠀⠎⠀⠥⠀⠝⠄&lt;/row&gt;
          &lt;row&gt;⠀&lt;/row&gt;
          &lt;row&gt;⠀&lt;/row&gt;
          &lt;row&gt;⠀&lt;/row&gt;
          &lt;row&gt;⠀&lt;/row&gt;
          &lt;row&gt;⠀&lt;/row&gt;
          &lt;row&gt;⠀&lt;/row&gt;
          &lt;row/&gt;
        &lt;/page&gt;
        &lt;page&gt;
          &lt;row&gt;⠀⠀⠀⠀⠀⠀⠀⠀⠀⠀⠀⠀⠀⠀⠀⠀⠀⠀⠀⠀⠀⠀⠀⠀⠀⠀⠀⠼⠙⠚&lt;/row&gt;
          &lt;row&gt;⠤⠀⠀⠀⠠⠍⠀⠊⠀⠅⠀⠎⠀⠊⠀⠀⠀⠞⠀⠜⠀⠜⠀⠇⠀⠇⠀⠜&lt;/row&gt;
          &lt;row&gt;⠀&lt;/row&gt;
          &lt;row&gt;⠞⠀⠥⠀⠕⠀⠅⠀⠎⠀⠥⠀⠥⠀⠀⠀⠅⠀⠕⠀⠗⠀⠧⠀⠁⠀⠤&lt;/row&gt;
          &lt;row&gt;⠀&lt;/row&gt;
          &lt;row&gt;⠏⠀⠥⠀⠥⠀⠎⠀⠞⠀⠑⠀⠊⠀⠇⠀⠞⠀⠁⠢&lt;/row&gt;
          &lt;row&gt;⠀&lt;/row&gt;
          &lt;row&gt;⠠⠍⠀⠁⠀⠝⠀⠥&lt;/row&gt;
          &lt;row&gt;⠀&lt;/row&gt;
          &lt;row&gt;⠊⠀⠓⠀⠍⠀⠑⠀⠞⠀⠞⠀⠑⠀⠇⠀⠑⠀⠑⠄&lt;/row&gt;
          &lt;row&gt;⠀&lt;/row&gt;
          &lt;row&gt;⠤⠀⠀⠀⠠⠞⠀⠥⠀⠕⠀⠅⠀⠎⠀⠥⠀⠀⠀⠞⠀⠥⠀⠇⠀⠑⠀⠑&lt;/row&gt;
          &lt;row&gt;⠀&lt;/row&gt;
          &lt;row&gt;⠅⠀⠁⠀⠓⠀⠧⠀⠊⠀⠇⠀⠁⠀⠎⠀⠞⠀⠁⠄&lt;/row&gt;
          &lt;row&gt;⠀&lt;/row&gt;
          &lt;row&gt;⠠⠅⠀⠊⠀⠗⠀⠚⠀⠁⠀⠎⠀⠞⠀⠕⠀⠝&lt;/row&gt;
          &lt;row&gt;⠀&lt;/row&gt;
          &lt;row&gt;⠅⠀⠁⠀⠓⠀⠧⠀⠊⠀⠇⠀⠁⠀⠎⠀⠎⠀⠁⠀⠀⠀⠕⠀⠝&lt;/row&gt;
          &lt;row&gt;⠀&lt;/row&gt;
          &lt;row&gt;⠅⠀⠑⠀⠊⠀⠞⠀⠞⠀⠊⠀⠪⠂⠀⠀⠚⠀⠁&lt;/row&gt;
          &lt;row&gt;⠀&lt;/row&gt;
          &lt;row&gt;⠅⠀⠁⠀⠓⠀⠧⠀⠊⠀⠇⠀⠁⠀⠝⠀⠀⠀⠞⠀⠜⠀⠞⠀⠊&lt;/row&gt;
          &lt;row&gt;⠀&lt;/row&gt;
          &lt;row&gt;⠇⠀⠑⠀⠊⠀⠏⠀⠕⠀⠕⠀⠀⠀⠎⠀⠊⠀⠑⠀⠇⠀⠇⠀⠜&lt;/row&gt;
          &lt;row&gt;⠀&lt;/row&gt;
          &lt;row&gt;⠅⠀⠕⠀⠗⠀⠧⠀⠁⠀⠏⠀⠥⠀⠥⠀⠎⠀⠞⠀⠑⠀⠚⠀⠁&lt;/row&gt;
          &lt;row/&gt;
        &lt;/page&gt;
        &lt;page&gt;
          &lt;row&gt;⠀⠀⠀⠀⠀⠀⠀⠀⠀⠀⠀⠀⠀⠀⠀⠀⠀⠀⠀⠀⠀⠀⠀⠀⠀⠀⠀⠼⠙⠁&lt;/row&gt;
          &lt;row&gt;⠚⠀⠕⠀⠅⠀⠁⠀⠀⠀⠏⠀⠜⠀⠊⠀⠧⠀⠜⠂&lt;/row&gt;
          &lt;row&gt;⠀&lt;/row&gt;
          &lt;row&gt;⠅⠀⠊⠀⠗⠀⠚⠀⠁⠀⠎⠀⠞⠀⠕⠀⠝⠀⠤&lt;/row&gt;
          &lt;row&gt;⠀&lt;/row&gt;
          &lt;row&gt;⠓⠀⠕⠀⠊⠀⠞⠀⠁⠀⠚⠀⠁⠀⠀⠀⠅⠀⠑⠀⠗⠀⠞⠀⠕⠀⠕⠄&lt;/row&gt;
          &lt;row&gt;⠀&lt;/row&gt;
          &lt;row&gt;⠀&lt;/row&gt;
          &lt;row&gt;⠠⠧⠀⠑⠀⠎⠀⠊⠀⠀⠀⠓⠀⠑⠀⠗⠀⠁⠀⠓⠀⠞⠀⠁⠀⠁&lt;/row&gt;
          &lt;row&gt;⠀&lt;/row&gt;
          &lt;row&gt;⠇⠀⠁⠀⠎⠀⠞⠀⠑⠀⠝&lt;/row&gt;
          &lt;row&gt;⠀&lt;/row&gt;
          &lt;row&gt;⠅⠀⠊⠀⠑⠀⠇⠀⠑⠀⠇⠀⠇⠀⠑⠄&lt;/row&gt;
          &lt;row&gt;⠀&lt;/row&gt;
          &lt;row&gt;⠠⠓⠀⠑⠀⠀⠀⠍⠀⠑⠀⠇⠀⠅⠀⠑⠀⠊⠀⠝&lt;/row&gt;
          &lt;row&gt;⠀&lt;/row&gt;
          &lt;row&gt;⠞⠀⠥⠀⠝⠀⠞⠀⠑⠀⠧⠀⠁⠀⠞&lt;/row&gt;
          &lt;row&gt;⠀&lt;/row&gt;
          &lt;row&gt;⠎⠀⠥⠀⠥⠀⠎⠀⠎⠀⠁⠀⠁⠀⠝&lt;/row&gt;
          &lt;row&gt;⠀&lt;/row&gt;
          &lt;row&gt;⠞⠀⠥⠀⠕⠀⠗⠀⠑⠀⠑⠀⠝&lt;/row&gt;
          &lt;row&gt;⠀&lt;/row&gt;
          &lt;row&gt;⠇⠀⠑⠀⠊⠀⠧⠀⠕⠀⠝⠀⠝⠀⠁⠀⠊⠀⠎⠀⠑⠀⠝&lt;/row&gt;
          &lt;row&gt;⠀&lt;/row&gt;
          &lt;row&gt;⠍⠀⠁⠀⠥⠀⠝⠄&lt;/row&gt;
          &lt;row&gt;⠀&lt;/row&gt;
          &lt;row/&gt;
        &lt;/page&gt;
        &lt;page&gt;
          &lt;row&gt;⠀⠀⠀⠀⠀⠀⠀⠀⠀⠀⠀⠀⠀⠀⠀⠀⠀⠀⠀⠀⠀⠀⠀⠀⠀⠀⠀⠼⠙⠃&lt;/row&gt;
          &lt;row&gt;⠤⠀⠀⠀⠠⠍⠀⠍⠀⠍⠂⠀⠀⠀⠅⠀⠁⠀⠝⠀⠑⠀⠇⠀⠊⠀⠁&lt;/row&gt;
          &lt;row&gt;⠀&lt;/row&gt;
          &lt;row&gt;⠚⠀⠁⠀⠀⠀⠎⠀⠕⠀⠅⠀⠑⠀⠗⠀⠊⠀⠁⠂&lt;/row&gt;
          &lt;row&gt;⠀&lt;/row&gt;
          &lt;row&gt;⠠⠍⠀⠁⠀⠝⠀⠥&lt;/row&gt;
          &lt;row&gt;⠀&lt;/row&gt;
          &lt;row&gt;⠍⠀⠁⠀⠊⠀⠎⠀⠅⠀⠥⠀⠞⠀⠞⠀⠑⠀⠇⠀⠑⠀⠑⠄&lt;/row&gt;
          &lt;row&gt;⠀&lt;/row&gt;
          &lt;row&gt;⠀&lt;/row&gt;
          &lt;row&gt;⠠⠍⠀⠊⠀⠊⠀⠝⠀⠁⠀⠀⠀⠅⠀⠥⠀⠥⠀⠇⠀⠑⠀⠑&lt;/row&gt;
          &lt;row&gt;⠀&lt;/row&gt;
          &lt;row&gt;⠏⠀⠊⠀⠁⠀⠝⠀⠕⠀⠝⠀⠀⠀⠎⠀⠕⠀⠊⠀⠞⠀⠞⠀⠕⠀⠁⠄&lt;/row&gt;
          &lt;row&gt;⠀&lt;/row&gt;
          &lt;row&gt;⠤⠀⠀⠀⠠⠧⠀⠕⠀⠊⠀⠅⠀⠕&lt;/row&gt;
          &lt;row&gt;⠀&lt;/row&gt;
          &lt;row&gt;⠅⠀⠊⠀⠗⠀⠚⠀⠁⠀⠎⠀⠞⠀⠕⠀⠎⠀⠎⠀⠁&lt;/row&gt;
          &lt;row&gt;⠀&lt;/row&gt;
          &lt;row&gt;⠎⠀⠕⠀⠊⠀⠞⠀⠞⠀⠁⠀⠁⠢&lt;/row&gt;
          &lt;row&gt;⠀&lt;/row&gt;
          &lt;row&gt;⠓⠀⠜⠀⠝⠀⠀⠀⠅⠀⠽⠀⠎⠀⠽⠀⠽&lt;/row&gt;
          &lt;row&gt;⠀&lt;/row&gt;
          &lt;row&gt;⠊⠀⠓⠀⠍⠀⠑⠀⠊⠀⠎⠀⠎⠀⠜⠀⠜⠀⠝⠄&lt;/row&gt;
          &lt;row&gt;⠀&lt;/row&gt;
          &lt;row&gt;⠀&lt;/row&gt;
          &lt;row&gt;⠀&lt;/row&gt;
          &lt;row/&gt;
        &lt;/page&gt;
        &lt;page&gt;
          &lt;row&gt;⠀⠀⠀⠀⠀⠀⠀⠀⠀⠀⠀⠀⠀⠀⠀⠀⠀⠀⠀⠀⠀⠀⠀⠀⠀⠀⠀⠼⠙⠉&lt;/row&gt;
          &lt;row&gt;⠤⠀⠀⠀⠠⠅⠀⠽⠀⠇⠀⠇⠀⠜⠀⠀⠀⠧⠀⠁⠀⠊⠀⠝⠂&lt;/row&gt;
          &lt;row&gt;⠀&lt;/row&gt;
          &lt;row&gt;⠅⠀⠊⠀⠗⠀⠚⠀⠁⠀⠎⠀⠞⠀⠕⠀⠝⠀⠤&lt;/row&gt;
          &lt;row&gt;⠀&lt;/row&gt;
          &lt;row&gt;⠓⠀⠕⠀⠊⠀⠞⠀⠁⠀⠚⠀⠁⠀⠀⠀⠧⠀⠁⠀⠎⠀⠞⠀⠁⠀⠁⠄&lt;/row&gt;
          &lt;row&gt;⠀&lt;/row&gt;
          &lt;row&gt;⠤⠀⠀⠀⠠⠍⠀⠑⠀⠊⠀⠇⠀⠇⠀⠜⠀⠀⠀⠕⠀⠝&lt;/row&gt;
          &lt;row&gt;⠀&lt;/row&gt;
          &lt;row&gt;⠏⠀⠊⠀⠁⠀⠝⠀⠕⠀⠀⠀⠅⠀⠁⠀⠓⠀⠧⠀⠊⠀⠇⠀⠁⠀⠝&lt;/row&gt;
          &lt;row&gt;⠀&lt;/row&gt;
          &lt;row&gt;⠧⠀⠊⠀⠑⠀⠗⠀⠑⠀⠎⠀⠎⠀⠜⠂⠀⠀⠀⠚⠀⠁&lt;/row&gt;
          &lt;row&gt;⠀&lt;/row&gt;
          &lt;row&gt;⠚⠀⠕⠀⠎⠀⠅⠀⠥⠀⠎&lt;/row&gt;
          &lt;row&gt;⠀&lt;/row&gt;
          &lt;row&gt;⠁⠀⠎⠀⠊⠀⠁⠀⠅⠀⠅⠀⠁⠀⠁⠀⠞&lt;/row&gt;
          &lt;row&gt;⠀&lt;/row&gt;
          &lt;row&gt;⠎⠀⠕⠀⠊⠀⠞⠀⠞⠀⠁⠀⠧⠀⠁⠀⠞⠀⠀⠀⠎⠀⠊⠀⠇⠀⠇⠀⠜⠄&lt;/row&gt;
          &lt;row&gt;⠀&lt;/row&gt;
          &lt;row&gt;⠤⠀⠀⠀⠠⠊⠀⠓⠀⠍⠀⠑⠀⠑⠀⠇⠀⠇⠀⠊⠀⠎⠀⠞⠀⠜⠂&lt;/row&gt;
          &lt;row&gt;⠀&lt;/row&gt;
          &lt;row&gt;⠍⠀⠊⠀⠞⠀⠑⠀⠝&lt;/row&gt;
          &lt;row&gt;⠀&lt;/row&gt;
          &lt;row&gt;⠍⠀⠕⠀⠝⠀⠑⠀⠝⠀⠇⠀⠁⠀⠊⠀⠎⠀⠊⠀⠁&lt;/row&gt;
          &lt;row&gt;⠀&lt;/row&gt;
          &lt;row&gt;⠁⠀⠎⠀⠊⠀⠕⠀⠊⠀⠞⠀⠁&lt;/row&gt;
          &lt;row/&gt;
        &lt;/page&gt;
        &lt;page&gt;
          &lt;row&gt;⠀⠀⠀⠀⠀⠀⠀⠀⠀⠀⠀⠀⠀⠀⠀⠀⠀⠀⠀⠀⠀⠀⠀⠀⠀⠀⠀⠼⠙⠙&lt;/row&gt;
          &lt;row&gt;⠅⠀⠊⠀⠗⠀⠚⠀⠁⠀⠎⠀⠞⠀⠕⠀⠎⠀⠎⠀⠁⠀⠀⠀⠧⠀⠕⠀⠊&lt;/row&gt;
          &lt;row&gt;⠀&lt;/row&gt;
          &lt;row&gt;⠞⠀⠑⠀⠓⠀⠙⠀⠜⠂&lt;/row&gt;
          &lt;row&gt;⠀&lt;/row&gt;
          &lt;row&gt;⠠⠍⠀⠊⠀⠊⠀⠝⠀⠁⠀⠀⠀⠚⠀⠁⠀⠀⠀⠠⠍⠀⠁⠀⠝⠀⠥&lt;/row&gt;
          &lt;row&gt;⠀&lt;/row&gt;
          &lt;row&gt;⠊⠀⠓⠀⠁⠀⠎⠀⠞⠀⠑⠀⠇⠀⠑⠀⠧⠀⠁⠀⠞⠄&lt;/row&gt;
          &lt;row&gt;⠀&lt;/row&gt;
          &lt;row&gt;⠀&lt;/row&gt;
          &lt;row&gt;⠠⠍⠀⠊⠀⠊⠀⠝⠀⠁⠀⠀⠀⠚⠀⠁⠀⠀⠀⠠⠍⠀⠁⠀⠝⠀⠥&lt;/row&gt;
          &lt;row&gt;⠀&lt;/row&gt;
          &lt;row&gt;⠑⠀⠓⠀⠞⠀⠊⠀⠧⠀⠜⠀⠞&lt;/row&gt;
          &lt;row&gt;⠀&lt;/row&gt;
          &lt;row&gt;⠅⠀⠁⠀⠞⠀⠎⠀⠑⠀⠇⠀⠇⠀⠁&lt;/row&gt;
          &lt;row&gt;⠀&lt;/row&gt;
          &lt;row&gt;⠽⠀⠍⠀⠏⠀⠜⠀⠗⠀⠊⠀⠇⠀⠇⠀⠑⠀⠑⠀⠝⠂&lt;/row&gt;
          &lt;row&gt;⠀&lt;/row&gt;
          &lt;row&gt;⠅⠀⠥⠀⠝⠀⠀⠀⠅⠀⠊⠀⠗⠀⠚⠀⠁⠀⠎⠀⠞⠀⠕⠀⠝⠀⠤&lt;/row&gt;
          &lt;row&gt;⠀&lt;/row&gt;
          &lt;row&gt;⠓⠀⠕⠀⠊⠀⠞⠀⠁⠀⠚⠀⠁⠀⠀⠀⠧⠀⠊⠀⠑&lt;/row&gt;
          &lt;row&gt;⠀&lt;/row&gt;
          &lt;row&gt;⠓⠀⠑⠀⠊⠀⠞⠀⠜&lt;/row&gt;
          &lt;row&gt;⠀&lt;/row&gt;
          &lt;row&gt;⠍⠀⠁⠀⠍⠀⠍⠀⠥⠀⠞⠀⠞⠀⠊⠀⠅⠀⠊⠀⠗⠀⠚⠀⠁⠀⠝&lt;/row&gt;
          &lt;row&gt;⠀&lt;/row&gt;
          &lt;row&gt;⠇⠀⠥⠀⠕⠀⠅⠀⠎⠀⠑⠄&lt;/row&gt;
        &lt;/page&gt;
        &lt;page&gt;
          &lt;row&gt;⠀⠀⠀⠀⠀⠀⠀⠀⠀⠀⠀⠀⠀⠀⠀⠀⠀⠀⠀⠀⠀⠀⠀⠀⠀⠀⠀⠼⠙⠑&lt;/row&gt;
          &lt;row&gt;⠠⠓⠀⠑⠀⠀⠀⠅⠀⠥⠀⠇⠀⠅⠀⠑⠀⠧⠀⠁⠀⠞&lt;/row&gt;
          &lt;row&gt;⠀&lt;/row&gt;
          &lt;row&gt;⠅⠀⠜⠀⠽⠀⠞⠀⠜⠀⠧⠀⠊⠀⠇⠀⠇⠀⠜&lt;/row&gt;
          &lt;row&gt;⠀&lt;/row&gt;
          &lt;row&gt;⠅⠀⠊⠀⠗⠀⠚⠀⠁⠀⠓⠀⠽⠀⠇⠀⠇⠀⠽⠀⠚⠀⠑⠀⠝&lt;/row&gt;
          &lt;row&gt;⠀&lt;/row&gt;
          &lt;row&gt;⠧⠀⠜⠀⠇⠀⠊⠀⠎⠀⠎⠀⠜⠄&lt;/row&gt;
          &lt;row&gt;⠀&lt;/row&gt;
          &lt;row&gt;⠠⠍⠀⠊⠀⠊⠀⠝⠀⠁⠀⠎⠀⠞⠀⠁&lt;/row&gt;
          &lt;row&gt;⠀&lt;/row&gt;
          &lt;row&gt;⠞⠀⠥⠀⠝⠀⠞⠀⠥⠀⠥⠂⠀⠀⠀⠑⠀⠞⠀⠞⠀⠜⠀⠀⠀⠓⠀⠑&lt;/row&gt;
          &lt;row&gt;⠀&lt;/row&gt;
          &lt;row&gt;⠎⠀⠥⠀⠅⠀⠑⠀⠇⠀⠞⠀⠁⠀⠧⠀⠁⠀⠞&lt;/row&gt;
          &lt;row&gt;⠀&lt;/row&gt;
          &lt;row&gt;⠅⠀⠊⠀⠗⠀⠚⠀⠕⠀⠚⠀⠑⠀⠝&lt;/row&gt;
          &lt;row&gt;⠀&lt;/row&gt;
          &lt;row&gt;⠍⠀⠑⠀⠗⠀⠑⠀⠎⠀⠎⠀⠜⠄&lt;/row&gt;
          &lt;row&gt;⠀&lt;/row&gt;
          &lt;row&gt;⠠⠅⠀⠊⠀⠗⠀⠚⠀⠁⠀⠞⠀⠀⠀⠚⠀⠁&lt;/row&gt;
          &lt;row&gt;⠀&lt;/row&gt;
          &lt;row&gt;⠁⠀⠥⠀⠗⠀⠊⠀⠝⠀⠛⠀⠕⠀⠝⠀⠀⠀⠧⠀⠁⠀⠇⠀⠕&lt;/row&gt;
          &lt;row&gt;⠀&lt;/row&gt;
          &lt;row&gt;⠧⠀⠁⠀⠊⠀⠝⠀⠀⠧⠀⠜⠀⠇⠀⠅⠀⠅⠀⠽⠀⠧⠀⠜⠀⠞&lt;/row&gt;
          &lt;row&gt;⠀&lt;/row&gt;
          &lt;row&gt;⠓⠀⠜⠀⠝⠀⠑⠀⠝&lt;/row&gt;
          &lt;row/&gt;
        &lt;/page&gt;
        &lt;page&gt;
          &lt;row&gt;⠀⠀⠀⠀⠀⠀⠀⠀⠀⠀⠀⠀⠀⠀⠀⠀⠀⠀⠀⠀⠀⠀⠀⠀⠀⠀⠀⠼⠙⠋&lt;/row&gt;
          &lt;row&gt;⠎⠀⠊⠀⠇⠀⠍⠀⠊⠀⠎⠀⠎⠀⠜⠀⠜⠀⠝⠄&lt;/row&gt;
          &lt;row&gt;⠀&lt;/row&gt;
          &lt;row&gt;⠀&lt;/row&gt;
          &lt;row&gt;⠀&lt;/row&gt;
          &lt;row&gt;⠠⠓⠀⠥⠀⠏⠀⠎⠀⠊⠀⠎⠀⠞⠀⠁⠲&lt;/row&gt;
          &lt;row&gt;⠀&lt;/row&gt;
          &lt;row&gt;⠠⠜⠀⠅⠀⠅⠀⠊⠀⠜⠀⠀⠀⠠⠍⠀⠊⠀⠊⠀⠝⠀⠁&lt;/row&gt;
          &lt;row&gt;⠀&lt;/row&gt;
          &lt;row&gt;⠞⠀⠪⠀⠗⠀⠍⠀⠜⠀⠜&lt;/row&gt;
          &lt;row&gt;⠀&lt;/row&gt;
          &lt;row&gt;⠚⠀⠕⠀⠓⠀⠕⠀⠝⠀⠅⠀⠊⠀⠝&lt;/row&gt;
          &lt;row&gt;⠀&lt;/row&gt;
          &lt;row&gt;⠏⠀⠑⠀⠓⠀⠍⠀⠑⠀⠜⠀⠜⠀⠝⠄&lt;/row&gt;
          &lt;row&gt;⠀&lt;/row&gt;
          &lt;row&gt;⠤⠀⠀⠀⠠⠕⠀⠓⠀⠕⠂&lt;/row&gt;
          &lt;row&gt;⠀&lt;/row&gt;
          &lt;row&gt;⠏⠀⠗⠀⠕⠀⠋⠀⠑⠀⠎⠀⠎⠀⠕⠀⠗⠀⠊&lt;/row&gt;
          &lt;row&gt;⠀&lt;/row&gt;
          &lt;row&gt;⠠⠏⠀⠪⠀⠇⠀⠇⠀⠪⠀⠧⠀⠁⠀⠁⠀⠗⠀⠁⠂&lt;/row&gt;
          &lt;row&gt;⠀&lt;/row&gt;
          &lt;row&gt;⠁⠀⠝⠀⠞⠀⠑⠀⠑⠀⠅⠀⠎⠀⠊⠂⠀⠀⠀⠠⠍⠀⠊⠀⠊⠀⠝⠀⠁&lt;/row&gt;
          &lt;row&gt;⠀&lt;/row&gt;
          &lt;row&gt;⠎⠀⠁⠀⠝⠀⠕⠀⠕⠄&lt;/row&gt;
          &lt;row&gt;⠀&lt;/row&gt;
          &lt;row&gt;⠀&lt;/row&gt;
          &lt;row/&gt;
        &lt;/page&gt;
        &lt;page&gt;
          &lt;row&gt;⠀⠀⠀⠀⠀⠀⠀⠀⠀⠀⠀⠀⠀⠀⠀⠀⠀⠀⠀⠀⠀⠀⠀⠀⠀⠀⠀⠼⠙⠛&lt;/row&gt;
          &lt;row&gt;⠤⠀⠀⠀⠠⠑⠀⠊⠀⠀⠀⠎⠀⠑⠀⠀⠀⠍⠀⠊⠀⠞⠀⠜⠀⠜⠀⠝⠂&lt;/row&gt;
          &lt;row&gt;⠀&lt;/row&gt;
          &lt;row&gt;⠏⠀⠗⠀⠕⠀⠋⠀⠑⠀⠎⠀⠎⠀⠕⠀⠗⠀⠊&lt;/row&gt;
          &lt;row&gt;⠀&lt;/row&gt;
          &lt;row&gt;⠠⠏⠀⠪⠀⠇⠀⠇⠀⠪⠀⠧⠀⠁⠀⠁⠀⠗⠀⠁&lt;/row&gt;
          &lt;row&gt;⠀&lt;/row&gt;
          &lt;row&gt;⠧⠀⠁⠀⠎⠀⠞⠀⠁⠀⠁⠄&lt;/row&gt;
          &lt;row&gt;⠀&lt;/row&gt;
          &lt;row&gt;⠤⠀⠀⠀⠠⠕⠀⠇⠀⠑⠀⠝⠀⠀⠀⠚⠀⠥⠀⠥⠀⠗⠀⠊&lt;/row&gt;
          &lt;row&gt;⠀&lt;/row&gt;
          &lt;row&gt;⠑⠀⠞⠀⠎⠀⠊⠀⠍⠀⠜⠀⠎⠀⠎⠀⠜&lt;/row&gt;
          &lt;row&gt;⠀&lt;/row&gt;
          &lt;row&gt;⠅⠀⠊⠀⠗⠀⠚⠀⠕⠀⠚⠀⠁⠀⠀⠀⠥⠀⠥⠀⠞⠀⠑⠀⠑⠀⠝&lt;/row&gt;
          &lt;row&gt;⠀&lt;/row&gt;
          &lt;row&gt;⠞⠀⠥⠀⠞⠀⠅⠀⠊⠀⠍⠀⠥⠀⠅⠀⠎⠀⠑⠀⠑⠀⠝⠀⠊&lt;/row&gt;
          &lt;row&gt;⠀&lt;/row&gt;
          &lt;row&gt;⠚⠀⠁⠀⠀⠀⠚⠀⠜⠀⠊⠀⠝&lt;/row&gt;
          &lt;row&gt;⠀&lt;/row&gt;
          &lt;row&gt;⠧⠀⠁⠀⠓⠀⠊⠀⠝⠀⠛⠀⠕⠀⠎⠀⠎⠀⠁&lt;/row&gt;
          &lt;row&gt;⠀&lt;/row&gt;
          &lt;row&gt;⠎⠀⠑⠀⠊⠀⠎⠀⠕⠀⠍⠀⠁⠀⠁⠀⠝&lt;/row&gt;
          &lt;row&gt;⠀&lt;/row&gt;
          &lt;row&gt;⠅⠀⠑⠀⠎⠀⠅⠀⠑⠀⠇⠀⠇⠀⠑&lt;/row&gt;
          &lt;row&gt;⠀&lt;/row&gt;
          &lt;row&gt;⠅⠀⠜⠀⠽⠀⠞⠀⠜⠀⠧⠀⠜⠀⠜⠂&lt;/row&gt;
          &lt;row/&gt;
        &lt;/page&gt;
        &lt;page&gt;
          &lt;row&gt;⠀⠀⠀⠀⠀⠀⠀⠀⠀⠀⠀⠀⠀⠀⠀⠀⠀⠀⠀⠀⠀⠀⠀⠀⠀⠀⠀⠼⠙⠓&lt;/row&gt;
          &lt;row&gt;⠓⠀⠜⠀⠝⠀⠀⠀⠎⠀⠑⠀⠇⠀⠊⠀⠞⠀⠞⠀⠜⠀⠜⠄&lt;/row&gt;
          &lt;row&gt;⠀&lt;/row&gt;
          &lt;row&gt;⠀&lt;/row&gt;
          &lt;row&gt;⠤⠀⠀⠀⠠⠍⠀⠑⠀⠀⠀⠑⠀⠞⠀⠎⠀⠊⠀⠍⠀⠍⠀⠑&lt;/row&gt;
          &lt;row&gt;⠀&lt;/row&gt;
          &lt;row&gt;⠠⠍⠀⠁⠀⠝⠀⠥⠀⠝⠀⠀⠀⠅⠀⠁⠀⠝⠀⠎⠀⠎⠀⠁&lt;/row&gt;
          &lt;row&gt;⠀&lt;/row&gt;
          &lt;row&gt;⠍⠀⠁⠀⠍⠀⠍⠀⠥⠀⠞⠀⠞⠀⠊⠀⠅⠀⠊⠀⠗⠀⠚⠀⠁⠀⠁⠂&lt;/row&gt;
          &lt;row&gt;⠀&lt;/row&gt;
          &lt;row&gt;⠠⠍⠀⠊⠀⠊⠀⠝⠀⠁⠀⠀⠀⠅⠀⠑⠀⠗⠀⠞⠀⠕⠀⠕⠄&lt;/row&gt;
          &lt;row&gt;⠀&lt;/row&gt;
          &lt;row&gt;⠤⠀⠀⠀⠠⠎⠀⠑⠀⠀⠀⠕⠀⠝⠀⠅⠀⠊⠀⠝&lt;/row&gt;
          &lt;row&gt;⠀&lt;/row&gt;
          &lt;row&gt;⠧⠀⠁⠀⠗⠀⠍⠀⠁⠀⠎⠀⠞⠀⠊&lt;/row&gt;
          &lt;row&gt;⠀&lt;/row&gt;
          &lt;row&gt;⠅⠀⠊⠀⠊⠀⠝⠀⠝⠀⠕⠀⠎⠀⠞⠀⠁⠀⠧⠀⠁⠂&lt;/row&gt;
          &lt;row&gt;⠀&lt;/row&gt;
          &lt;row&gt;⠏⠀⠗⠀⠕⠀⠋⠀⠑⠀⠎⠀⠎⠀⠕⠀⠗⠀⠊&lt;/row&gt;
          &lt;row&gt;⠀&lt;/row&gt;
          &lt;row&gt;⠠⠏⠀⠪⠀⠇⠀⠇⠀⠪⠀⠧⠀⠁⠀⠁⠀⠗⠀⠁&lt;/row&gt;
          &lt;row&gt;⠀&lt;/row&gt;
          &lt;row&gt;⠧⠀⠁⠀⠎⠀⠞⠀⠁⠀⠁⠄&lt;/row&gt;
          &lt;row&gt;⠀&lt;/row&gt;
          &lt;row&gt;⠀&lt;/row&gt;
          &lt;row&gt;⠀&lt;/row&gt;
          &lt;row/&gt;
        &lt;/page&gt;
        &lt;page&gt;
          &lt;row&gt;⠀⠀⠀⠀⠀⠀⠀⠀⠀⠀⠀⠀⠀⠀⠀⠀⠀⠀⠀⠀⠀⠀⠀⠀⠀⠀⠀⠼⠙⠊&lt;/row&gt;
          &lt;row&gt;⠠⠓⠀⠜⠀⠝⠀⠀⠀⠞⠀⠕⠀⠊⠀⠧⠀⠕⠀⠞⠀⠞⠀⠁⠀⠁&lt;/row&gt;
          &lt;row&gt;⠀&lt;/row&gt;
          &lt;row&gt;⠇⠀⠁⠀⠏⠀⠎⠀⠊⠀⠇⠀⠇⠀⠑&lt;/row&gt;
          &lt;row&gt;⠀&lt;/row&gt;
          &lt;row&gt;⠅⠀⠕⠀⠓⠀⠞⠀⠑⠀⠇⠀⠊⠀⠁⠀⠁⠀⠎⠀⠞⠀⠊&lt;/row&gt;
          &lt;row&gt;⠀&lt;/row&gt;
          &lt;row&gt;⠍⠀⠥⠀⠅⠀⠁⠀⠧⠀⠁⠀⠁⠀⠀⠀⠏⠀⠜⠀⠊⠀⠧⠀⠜⠀⠝&lt;/row&gt;
          &lt;row&gt;⠀&lt;/row&gt;
          &lt;row&gt;⠚⠀⠁⠀⠞⠀⠅⠀⠕⠀⠁⠄&lt;/row&gt;
          &lt;row&gt;⠀&lt;/row&gt;
          &lt;row&gt;⠀&lt;/row&gt;
          &lt;row&gt;⠠⠍⠀⠊⠀⠊⠀⠝⠀⠁⠀⠀⠀⠚⠀⠁⠀⠀⠀⠠⠍⠀⠁⠀⠝⠀⠥&lt;/row&gt;
          &lt;row&gt;⠀&lt;/row&gt;
          &lt;row&gt;⠞⠀⠥⠀⠇⠀⠑⠀⠧⠀⠁⠀⠞&lt;/row&gt;
          &lt;row&gt;⠀&lt;/row&gt;
          &lt;row&gt;⠅⠀⠊⠀⠗⠀⠚⠀⠁⠀⠎⠀⠞⠀⠕⠀⠝⠀⠤&lt;/row&gt;
          &lt;row&gt;⠀&lt;/row&gt;
          &lt;row&gt;⠓⠀⠕⠀⠊⠀⠞⠀⠁⠀⠚⠀⠁⠀⠝⠀⠀⠀⠅⠀⠁⠀⠝⠀⠎⠀⠎⠀⠁&lt;/row&gt;
          &lt;row&gt;⠀&lt;/row&gt;
          &lt;row&gt;⠞⠀⠊⠀⠑⠀⠞⠀⠕⠀⠅⠀⠕⠀⠝⠀⠑⠀⠊⠀⠙⠀⠑⠀⠝&lt;/row&gt;
          &lt;row&gt;⠀&lt;/row&gt;
          &lt;row&gt;⠇⠀⠥⠀⠕⠀⠅⠀⠎⠀⠑⠄&lt;/row&gt;
          &lt;row&gt;⠀&lt;/row&gt;
          &lt;row&gt;⠀&lt;/row&gt;
          &lt;row&gt;⠀&lt;/row&gt;
          &lt;row/&gt;
        &lt;/page&gt;
        &lt;page&gt;
          &lt;row&gt;⠀⠀⠀⠀⠀⠀⠀⠀⠀⠀⠀⠀⠀⠀⠀⠀⠀⠀⠀⠀⠀⠀⠀⠀⠀⠀⠀⠼⠑⠚&lt;/row&gt;
          &lt;row&gt;⠠⠅⠀⠥⠀⠥⠀⠇⠀⠥⠀⠥&lt;/row&gt;
          &lt;row&gt;⠀&lt;/row&gt;
          &lt;row&gt;⠓⠀⠊⠀⠇⠀⠚⠀⠁⠀⠊⠀⠎⠀⠞⠀⠁&lt;/row&gt;
          &lt;row&gt;⠀&lt;/row&gt;
          &lt;row&gt;⠝⠀⠁⠀⠏⠀⠥⠀⠞⠀⠥⠀⠎⠀⠞⠀⠁⠂&lt;/row&gt;
          &lt;row&gt;⠀&lt;/row&gt;
          &lt;row&gt;⠅⠀⠥⠀⠝⠀⠀⠀⠅⠀⠊⠀⠗⠀⠚⠀⠁⠀⠎⠀⠞⠀⠕⠀⠝&lt;/row&gt;
          &lt;row&gt;⠀&lt;/row&gt;
          &lt;row&gt;⠁⠀⠎⠀⠊⠀⠁⠀⠅⠀⠅⠀⠁⠀⠁⠀⠞&lt;/row&gt;
          &lt;row&gt;⠀&lt;/row&gt;
          &lt;row&gt;⠅⠀⠜⠀⠽⠀⠞⠀⠞⠀⠜⠀⠧⠀⠜⠀⠞&lt;/row&gt;
          &lt;row&gt;⠀&lt;/row&gt;
          &lt;row&gt;⠞⠀⠊⠀⠑⠀⠞⠀⠕⠀⠅⠀⠕⠀⠝⠀⠑⠀⠊⠀⠞⠀⠁⠄&lt;/row&gt;
          &lt;row&gt;⠀&lt;/row&gt;
          &lt;row&gt;⠀&lt;/row&gt;
          &lt;row&gt;⠠⠜⠀⠅⠀⠅⠀⠊⠀⠜⠀⠀⠀⠠⠍⠀⠁⠀⠝⠀⠥&lt;/row&gt;
          &lt;row&gt;⠀&lt;/row&gt;
          &lt;row&gt;⠓⠀⠥⠀⠕⠀⠍⠀⠁⠀⠁⠀⠀⠀⠞⠀⠥⠀⠞⠀⠥⠀⠝&lt;/row&gt;
          &lt;row&gt;⠀&lt;/row&gt;
          &lt;row&gt;⠓⠀⠁⠀⠓⠀⠍⠀⠕⠀⠝⠀⠀⠀⠑⠀⠗⠀⠜⠀⠜⠀⠝&lt;/row&gt;
          &lt;row&gt;⠀&lt;/row&gt;
          &lt;row&gt;⠅⠀⠕⠀⠝⠀⠑⠀⠑⠀⠝⠀⠀⠀⠜⠀⠜⠀⠗⠀⠑⠀⠎⠀⠎⠀⠜⠄&lt;/row&gt;
          &lt;row&gt;⠀&lt;/row&gt;
          &lt;row&gt;⠀&lt;/row&gt;
          &lt;row&gt;⠀&lt;/row&gt;
          &lt;row/&gt;
        &lt;/page&gt;
        &lt;page&gt;
          &lt;row&gt;⠀⠀⠀⠀⠀⠀⠀⠀⠀⠀⠀⠀⠀⠀⠀⠀⠀⠀⠀⠀⠀⠀⠀⠀⠀⠀⠀⠼⠑⠁&lt;/row&gt;
          &lt;row&gt;⠤⠀⠀⠀⠠⠅⠀⠁⠀⠞⠀⠎⠀⠕⠂⠀⠀⠀⠠⠍⠀⠊⠀⠊⠀⠝⠀⠁⠂&lt;/row&gt;
          &lt;row&gt;⠀&lt;/row&gt;
          &lt;row&gt;⠞⠀⠥⠀⠕⠀⠇⠀⠇⠀⠁⠀⠀⠀⠕⠀⠝⠀⠀⠀⠠⠅⠀⠊⠀⠎⠀⠥&lt;/row&gt;
          &lt;row&gt;⠀&lt;/row&gt;
          &lt;row&gt;⠠⠅⠀⠊⠀⠎⠀⠎⠀⠁⠀⠝⠀⠍⠀⠊⠀⠝⠀⠞⠀⠞⠀⠥⠂&lt;/row&gt;
          &lt;row&gt;⠀&lt;/row&gt;
          &lt;row&gt;⠓⠀⠜⠀⠝⠀⠀⠀⠅⠀⠥⠀⠊⠀⠎⠀⠅⠀⠁⠀⠁⠄&lt;/row&gt;
          &lt;row&gt;⠀&lt;/row&gt;
          &lt;row&gt;⠀&lt;/row&gt;
          &lt;row&gt;⠠⠅⠀⠊⠀⠎⠀⠥⠀⠀⠀⠠⠅⠀⠊⠀⠎⠀⠎⠀⠁⠀⠝⠀⠤&lt;/row&gt;
          &lt;row&gt;⠀&lt;/row&gt;
          &lt;row&gt;⠍⠀⠊⠀⠝⠀⠞⠀⠥⠀⠇⠀⠇⠀⠁⠀⠀⠀⠕⠀⠝&lt;/row&gt;
          &lt;row&gt;⠀&lt;/row&gt;
          &lt;row&gt;⠓⠀⠑⠀⠧⠀⠕⠀⠎⠀⠞⠀⠁⠀⠇⠀⠇⠀⠊⠂&lt;/row&gt;
          &lt;row&gt;⠀&lt;/row&gt;
          &lt;row&gt;⠚⠀⠁⠀⠀⠀⠇⠀⠁⠀⠏⠀⠎⠀⠑⠀⠞⠀⠀⠀⠕⠀⠧⠀⠁⠀⠞&lt;/row&gt;
          &lt;row&gt;⠀&lt;/row&gt;
          &lt;row&gt;⠅⠀⠜⠀⠽⠀⠝⠀⠑⠀⠑⠀⠞&lt;/row&gt;
          &lt;row&gt;⠀&lt;/row&gt;
          &lt;row&gt;⠗⠀⠁⠀⠞⠀⠎⠀⠁⠀⠎⠀⠞⠀⠁⠀⠍⠀⠁⠀⠎⠀⠎⠀⠁&lt;/row&gt;
          &lt;row&gt;⠀&lt;/row&gt;
          &lt;row&gt;⠠⠅⠀⠊⠀⠎⠀⠥⠀⠝&lt;/row&gt;
          &lt;row&gt;⠀&lt;/row&gt;
          &lt;row&gt;⠓⠀⠑⠀⠧⠀⠕⠀⠎⠀⠊⠀⠇⠀⠇⠀⠁⠄&lt;/row&gt;
          &lt;row&gt;⠀&lt;/row&gt;
          &lt;row/&gt;
        &lt;/page&gt;
        &lt;page&gt;
          &lt;row&gt;⠀⠀⠀⠀⠀⠀⠀⠀⠀⠀⠀⠀⠀⠀⠀⠀⠀⠀⠀⠀⠀⠀⠀⠀⠀⠀⠀⠼⠑⠃&lt;/row&gt;
          &lt;row&gt;⠤⠀⠀⠀⠠⠓⠀⠑⠀⠊⠀⠀⠀⠠⠅⠀⠊⠀⠎⠀⠥⠂&lt;/row&gt;
          &lt;row&gt;⠀&lt;/row&gt;
          &lt;row&gt;⠍⠀⠊⠀⠞⠀⠜⠀⠀⠀⠎⠀⠊⠀⠝⠀⠜⠀⠀⠀⠞⠀⠑⠀⠑⠀⠞&lt;/row&gt;
          &lt;row&gt;⠀&lt;/row&gt;
          &lt;row&gt;⠅⠀⠊⠀⠗⠀⠚⠀⠁⠀⠎⠀⠞⠀⠕⠀⠎⠀⠎⠀⠁⠢&lt;/row&gt;
          &lt;row&gt;⠀&lt;/row&gt;
          &lt;row&gt;⠠⠍⠀⠊⠀⠊⠀⠝⠀⠁⠀⠀⠀⠅⠀⠽⠀⠎⠀⠽⠀⠽⠄&lt;/row&gt;
          &lt;row&gt;⠀&lt;/row&gt;
          &lt;row&gt;⠤⠀⠀⠀⠠⠓⠀⠑⠀⠊⠀⠀⠀⠠⠍⠀⠊⠀⠊⠀⠝⠀⠁⠀⠀⠀⠚⠀⠁&lt;/row&gt;
          &lt;row&gt;⠀&lt;/row&gt;
          &lt;row&gt;⠠⠍⠀⠁⠀⠝⠀⠥⠲&lt;/row&gt;
          &lt;row&gt;⠀&lt;/row&gt;
          &lt;row&gt;⠠⠍⠀⠊⠀⠝⠀⠜⠀⠀⠀⠅⠀⠊⠀⠗⠀⠚⠀⠕⠀⠊⠀⠞⠀⠁⠀⠝&lt;/row&gt;
          &lt;row&gt;⠀&lt;/row&gt;
          &lt;row&gt;⠓⠀⠑⠀⠏⠀⠏⠀⠁⠀⠃⠀⠇⠀⠕⠀⠛⠀⠊⠀⠁⠀⠝⠀⠊⠄&lt;/row&gt;
          &lt;row&gt;⠀&lt;/row&gt;
          &lt;row&gt;⠤⠀⠀⠀⠠⠓⠀⠑⠀⠏⠀⠤⠂⠀⠀⠀⠓⠀⠑⠀⠏⠀⠤⠂&lt;/row&gt;
          &lt;row&gt;⠀&lt;/row&gt;
          &lt;row&gt;⠠⠍⠀⠁⠀⠝⠀⠥⠀⠀⠀⠽⠀⠗⠀⠊⠀⠞⠀⠞⠀⠜⠀⠜&lt;/row&gt;
          &lt;row&gt;⠀&lt;/row&gt;
          &lt;row&gt;⠞⠀⠕⠀⠊⠀⠎⠀⠞⠀⠁⠀⠁⠀⠀⠀⠅⠀⠁⠀⠍⠀⠁⠀⠇⠀⠁⠀⠝&lt;/row&gt;
          &lt;row&gt;⠀&lt;/row&gt;
          &lt;row&gt;⠧⠀⠁⠀⠊⠀⠅⠀⠑⠀⠁⠀⠝⠀⠀⠀⠎⠀⠁⠀⠝⠀⠁⠀⠝⠄&lt;/row&gt;
          &lt;row&gt;⠀&lt;/row&gt;
          &lt;row&gt;⠀&lt;/row&gt;
          &lt;row/&gt;
        &lt;/page&gt;
        &lt;page&gt;
          &lt;row&gt;⠀⠀⠀⠀⠀⠀⠀⠀⠀⠀⠀⠀⠀⠀⠀⠀⠀⠀⠀⠀⠀⠀⠀⠀⠀⠀⠀⠼⠑⠉&lt;/row&gt;
          &lt;row&gt;⠠⠅⠀⠊⠀⠎⠀⠥&lt;/row&gt;
          &lt;row&gt;⠀&lt;/row&gt;
          &lt;row&gt;⠠⠅⠀⠊⠀⠎⠀⠎⠀⠁⠀⠝⠀⠍⠀⠊⠀⠝⠀⠞⠀⠞⠀⠥&lt;/row&gt;
          &lt;row&gt;⠀&lt;/row&gt;
          &lt;row&gt;⠅⠀⠑⠀⠗⠀⠞⠀⠕⠀⠕⠂⠀⠀⠀⠑⠀⠞⠀⠞⠀⠜&lt;/row&gt;
          &lt;row&gt;⠀&lt;/row&gt;
          &lt;row&gt;⠃⠀⠇⠀⠕⠀⠛⠀⠊&lt;/row&gt;
          &lt;row&gt;⠀&lt;/row&gt;
          &lt;row&gt;⠞⠀⠁⠀⠗⠀⠅⠀⠕⠀⠊⠀⠞⠀⠞⠀⠁⠀⠁&lt;/row&gt;
          &lt;row&gt;⠀&lt;/row&gt;
          &lt;row&gt;⠏⠀⠜⠀⠊⠀⠧⠀⠜⠀⠅⠀⠊⠀⠗⠀⠚⠀⠁⠀⠁⠂&lt;/row&gt;
          &lt;row&gt;⠀&lt;/row&gt;
          &lt;row&gt;⠚⠀⠕⠀⠞⠀⠁⠀⠀⠀⠏⠀⠊⠀⠙⠀⠑⠀⠞⠀⠜⠀⠜⠀⠝&lt;/row&gt;
          &lt;row&gt;⠀&lt;/row&gt;
          &lt;row&gt;⠊⠀⠝⠀⠞⠀⠑⠀⠗⠀⠝⠀⠑⠀⠞⠀⠊⠀⠎⠀⠎⠀⠜⠄&lt;/row&gt;
          &lt;row&gt;⠀&lt;/row&gt;
          &lt;row&gt;⠤⠀⠀⠀⠠⠚⠀⠁⠀⠀⠀⠅⠀⠕⠀⠎⠀⠅⠀⠁&lt;/row&gt;
          &lt;row&gt;⠀&lt;/row&gt;
          &lt;row&gt;⠍⠀⠊⠀⠝⠀⠥⠀⠝⠀⠀⠀⠃⠀⠇⠀⠕⠀⠛⠀⠊⠀⠝⠀⠊&lt;/row&gt;
          &lt;row&gt;⠀&lt;/row&gt;
          &lt;row&gt;⠕⠀⠝⠀⠀⠀⠓⠀⠑⠀⠏⠀⠏⠀⠁⠀⠃⠀⠇⠀⠕⠀⠛⠀⠊⠂&lt;/row&gt;
          &lt;row&gt;⠀&lt;/row&gt;
          &lt;row&gt;⠅⠀⠊⠀⠗⠀⠚⠀⠕⠀⠊⠀⠞⠀⠁⠀⠝⠀⠀⠀⠎⠀⠊⠀⠊⠀⠝⠀⠜&lt;/row&gt;
          &lt;row&gt;⠀&lt;/row&gt;
          &lt;row&gt;⠕⠀⠍⠀⠊⠀⠎⠀⠞⠀⠁&lt;/row&gt;
          &lt;row/&gt;
        &lt;/page&gt;
        &lt;page&gt;
          &lt;row&gt;⠀⠀⠀⠀⠀⠀⠀⠀⠀⠀⠀⠀⠀⠀⠀⠀⠀⠀⠀⠀⠀⠀⠀⠀⠀⠀⠀⠼⠑⠙&lt;/row&gt;
          &lt;row&gt;⠓⠀⠑⠀⠧⠀⠕⠀⠎⠀⠊⠀⠎⠀⠞⠀⠁⠀⠝⠀⠊⠄&lt;/row&gt;
          &lt;row&gt;⠀&lt;/row&gt;
          &lt;row&gt;⠀&lt;/row&gt;
          &lt;row&gt;⠠⠍⠀⠊⠀⠊⠀⠝⠀⠁⠀⠀⠀⠑⠀⠓⠀⠙⠀⠕⠀⠞⠀⠞⠀⠁⠀⠁&lt;/row&gt;
          &lt;row&gt;⠀&lt;/row&gt;
          &lt;row&gt;⠠⠍⠀⠁⠀⠝⠀⠥⠀⠇⠀⠇⠀⠑⠂⠀⠀⠀⠑⠀⠞⠀⠞⠀⠜&lt;/row&gt;
          &lt;row&gt;⠀&lt;/row&gt;
          &lt;row&gt;⠓⠀⠑⠀⠅⠀⠊⠀⠝⠀⠀⠀⠧⠀⠕⠀⠊⠀⠎⠀⠊⠀⠧⠀⠁⠀⠞&lt;/row&gt;
          &lt;row&gt;⠀&lt;/row&gt;
          &lt;row&gt;⠏⠀⠊⠀⠞⠀⠜⠀⠜⠀⠀⠀⠃⠀⠇⠀⠕⠀⠛⠀⠊⠀⠁⠂&lt;/row&gt;
          &lt;row&gt;⠀&lt;/row&gt;
          &lt;row&gt;⠍⠀⠥⠀⠞⠀⠞⠀⠁⠀⠀⠀⠠⠍⠀⠁⠀⠝⠀⠥⠀⠀⠀⠑⠀⠊&lt;/row&gt;
          &lt;row&gt;⠀&lt;/row&gt;
          &lt;row&gt;⠑⠀⠓⠀⠙⠀⠊⠀⠀⠀⠧⠀⠁⠀⠎⠀⠞⠀⠁⠀⠞⠀⠁⠄&lt;/row&gt;
          &lt;row&gt;⠀&lt;/row&gt;
          &lt;row&gt;⠠⠓⠀⠜⠀⠝⠀⠀⠀⠕⠀⠝⠀⠀⠀⠚⠀⠕&lt;/row&gt;
          &lt;row&gt;⠀&lt;/row&gt;
          &lt;row&gt;⠓⠀⠥⠀⠕⠀⠍⠀⠁⠀⠝⠀⠝⠀⠥⠀⠞&lt;/row&gt;
          &lt;row&gt;⠀&lt;/row&gt;
          &lt;row&gt;⠠⠍⠀⠁⠀⠞⠀⠞⠀⠊⠀⠀⠀⠠⠍⠀⠜⠀⠽⠀⠗⠀⠜⠀⠝⠄&lt;/row&gt;
          &lt;row&gt;⠀&lt;/row&gt;
          &lt;row&gt;⠀&lt;/row&gt;
          &lt;row&gt;⠀&lt;/row&gt;
          &lt;row&gt;⠀&lt;/row&gt;
          &lt;row&gt;⠀&lt;/row&gt;
          &lt;row/&gt;
        &lt;/page&gt;
        &lt;page&gt;
          &lt;row&gt;⠀⠀⠀⠀⠀⠀⠀⠀⠀⠀⠀⠀⠀⠀⠀⠀⠀⠀⠀⠀⠀⠀⠀⠀⠀⠀⠀⠼⠑⠑&lt;/row&gt;
          &lt;row&gt;⠠⠚⠀⠥⠀⠥⠀⠗⠀⠊⠀⠀⠀⠅⠀⠥⠀⠝⠀⠀⠀⠠⠍⠀⠁⠀⠝⠀⠥&lt;/row&gt;
          &lt;row&gt;⠀&lt;/row&gt;
          &lt;row&gt;⠁⠀⠊⠀⠅⠀⠕⠀⠕⠀⠀⠀⠅⠀⠑⠀⠗⠀⠞⠀⠕⠀⠁&lt;/row&gt;
          &lt;row&gt;⠀&lt;/row&gt;
          &lt;row&gt;⠠⠍⠀⠊⠀⠊⠀⠝⠀⠁⠀⠇⠀⠇⠀⠑⠂⠀⠀⠀⠑⠀⠞⠀⠞⠀⠜&lt;/row&gt;
          &lt;row&gt;⠀&lt;/row&gt;
          &lt;row&gt;⠓⠀⠜⠀⠝⠀⠀⠀⠝⠀⠜⠀⠅⠀⠑⠀⠑&lt;/row&gt;
          &lt;row&gt;⠀&lt;/row&gt;
          &lt;row&gt;⠠⠍⠀⠁⠀⠞⠀⠞⠀⠊⠀⠀⠀⠠⠍⠀⠜⠀⠽⠀⠗⠀⠜⠀⠝⠂&lt;/row&gt;
          &lt;row&gt;⠀&lt;/row&gt;
          &lt;row&gt;⠅⠀⠊⠀⠗⠀⠚⠀⠁⠀⠎⠀⠞⠀⠕⠀⠝⠀⠤&lt;/row&gt;
          &lt;row&gt;⠀&lt;/row&gt;
          &lt;row&gt;⠓⠀⠕⠀⠊⠀⠞⠀⠁⠀⠚⠀⠁&lt;/row&gt;
          &lt;row&gt;⠀&lt;/row&gt;
          &lt;row&gt;⠊⠀⠇⠀⠍⠀⠕⠀⠊⠀⠞⠀⠞⠀⠁⠀⠁⠒&lt;/row&gt;
          &lt;row&gt;⠀&lt;/row&gt;
          &lt;row&gt;⠤⠀⠀⠀⠠⠝⠀⠕⠀⠀⠀⠝⠀⠊⠀⠊⠀⠝⠂&lt;/row&gt;
          &lt;row&gt;⠀&lt;/row&gt;
          &lt;row&gt;⠇⠀⠁⠀⠏⠀⠎⠀⠑⠀⠞⠂⠀⠀⠀⠕⠀⠇⠀⠑⠀⠍⠀⠍⠀⠑&lt;/row&gt;
          &lt;row&gt;⠀&lt;/row&gt;
          &lt;row&gt;⠏⠀⠑⠀⠗⠀⠊⠀⠇⠀⠇⠀⠜⠲&lt;/row&gt;
          &lt;row&gt;⠀&lt;/row&gt;
          &lt;row&gt;⠀&lt;/row&gt;
          &lt;row&gt;⠠⠅⠀⠊⠀⠗⠀⠚⠀⠁⠀⠎⠀⠞⠀⠕⠀⠝&lt;/row&gt;
          &lt;row&gt;⠀&lt;/row&gt;
          &lt;row&gt;⠓⠀⠕⠀⠊⠀⠞⠀⠁⠀⠚⠀⠁⠀⠀⠀⠑⠀⠞⠀⠎⠀⠊⠀⠊&lt;/row&gt;
        &lt;/page&gt;
        &lt;page&gt;
          &lt;row&gt;⠀⠀⠀⠀⠀⠀⠀⠀⠀⠀⠀⠀⠀⠀⠀⠀⠀⠀⠀⠀⠀⠀⠀⠀⠀⠀⠀⠼⠑⠋&lt;/row&gt;
          &lt;row&gt;⠍⠀⠁⠀⠍⠀⠍⠀⠥⠀⠞⠀⠞⠀⠊⠀⠅⠀⠊⠀⠗⠀⠚⠀⠁⠀⠁&lt;/row&gt;
          &lt;row&gt;⠀&lt;/row&gt;
          &lt;row&gt;⠑⠀⠝⠀⠎⠀⠊⠀⠝&lt;/row&gt;
          &lt;row&gt;⠀&lt;/row&gt;
          &lt;row&gt;⠁⠀⠇⠀⠁⠀⠓⠀⠽⠀⠇⠀⠇⠀⠽⠀⠇⠀⠞⠀⠜⠂&lt;/row&gt;
          &lt;row&gt;⠀&lt;/row&gt;
          &lt;row&gt;⠍⠀⠥⠀⠞⠀⠞⠀⠁&lt;/row&gt;
          &lt;row&gt;⠀&lt;/row&gt;
          &lt;row&gt;⠅⠀⠥⠀⠗⠀⠅⠀⠕⠀⠞⠀⠞⠀⠑⠀⠇⠀⠑⠀⠑&lt;/row&gt;
          &lt;row&gt;⠀&lt;/row&gt;
          &lt;row&gt;⠎⠀⠊⠀⠞⠀⠞⠀⠑⠀⠝⠀⠀⠀⠽⠀⠓⠀⠜&lt;/row&gt;
          &lt;row&gt;⠀&lt;/row&gt;
          &lt;row&gt;⠽⠀⠇⠀⠑⠀⠍⠀⠍⠀⠜⠀⠅⠀⠎⠀⠊⠄&lt;/row&gt;
          &lt;row&gt;⠀&lt;/row&gt;
          &lt;row&gt;⠤⠀⠀⠀⠠⠅⠀⠽⠀⠇⠀⠇⠀⠜⠀⠀⠀⠎⠀⠑⠀⠝&lt;/row&gt;
          &lt;row&gt;⠀&lt;/row&gt;
          &lt;row&gt;⠞⠀⠜⠀⠜⠀⠇⠀⠇⠀⠜⠀⠀⠀⠏⠀⠊⠀⠞⠀⠜⠀⠊⠀⠎⠀⠊&lt;/row&gt;
          &lt;row&gt;⠀&lt;/row&gt;
          &lt;row&gt;⠕⠀⠇⠀⠇⠀⠁⠂&lt;/row&gt;
          &lt;row&gt;⠀&lt;/row&gt;
          &lt;row&gt;⠓⠀⠜⠀⠝⠀⠀⠀⠍⠀⠥⠀⠞⠀⠊⠀⠎⠀⠑⠀⠑&lt;/row&gt;
          &lt;row&gt;⠀&lt;/row&gt;
          &lt;row&gt;⠊⠀⠞⠀⠎⠀⠑⠀⠅⠀⠎⠀⠑⠀⠑⠀⠝⠄&lt;/row&gt;
          &lt;row&gt;⠀&lt;/row&gt;
          &lt;row&gt;⠀&lt;/row&gt;
          &lt;row/&gt;
        &lt;/page&gt;
        &lt;page&gt;
          &lt;row&gt;⠀⠀⠀⠀⠀⠀⠀⠀⠀⠀⠀⠀⠀⠀⠀⠀⠀⠀⠀⠀⠀⠀⠀⠀⠀⠀⠀⠼⠑⠛&lt;/row&gt;
          &lt;row&gt;⠠⠏⠀⠊⠀⠁⠀⠝&lt;/row&gt;
          &lt;row&gt;⠀&lt;/row&gt;
          &lt;row&gt;⠅⠀⠊⠀⠗⠀⠚⠀⠁⠀⠎⠀⠞⠀⠕⠀⠝⠀⠤&lt;/row&gt;
          &lt;row&gt;⠀&lt;/row&gt;
          &lt;row&gt;⠓⠀⠕⠀⠊⠀⠞⠀⠁⠀⠚⠀⠁⠀⠀⠀⠓⠀⠥⠀⠕⠀⠍⠀⠁⠀⠁&lt;/row&gt;
          &lt;row&gt;⠀&lt;/row&gt;
          &lt;row&gt;⠍⠀⠁⠀⠍⠀⠍⠀⠥⠀⠞⠀⠞⠀⠊⠀⠅⠀⠊⠀⠗⠀⠚⠀⠁⠀⠝⠄&lt;/row&gt;
          &lt;row&gt;⠀&lt;/row&gt;
          &lt;row&gt;⠠⠓⠀⠜⠀⠝⠀⠀⠀⠧⠀⠑⠀⠞⠀⠜⠀⠜⠀⠀⠀⠎⠀⠑⠀⠝&lt;/row&gt;
          &lt;row&gt;⠀&lt;/row&gt;
          &lt;row&gt;⠓⠀⠽⠀⠇⠀⠇⠀⠽⠀⠎⠀⠞⠀⠜&lt;/row&gt;
          &lt;row&gt;⠀&lt;/row&gt;
          &lt;row&gt;⠚⠀⠁⠀⠀⠀⠕⠀⠚⠀⠑⠀⠝⠀⠞⠀⠁⠀⠁&lt;/row&gt;
          &lt;row&gt;⠀&lt;/row&gt;
          &lt;row&gt;⠠⠍⠀⠊⠀⠊⠀⠝⠀⠁⠀⠇⠀⠇⠀⠑⠀⠀⠀⠚⠀⠁&lt;/row&gt;
          &lt;row&gt;⠀&lt;/row&gt;
          &lt;row&gt;⠠⠍⠀⠁⠀⠝⠀⠥⠀⠇⠀⠇⠀⠑⠄&lt;/row&gt;
          &lt;row&gt;⠀&lt;/row&gt;
          &lt;row&gt;⠤⠀⠀⠀⠠⠕⠀⠇⠀⠅⠀⠁⠀⠁⠀⠀⠀⠓⠀⠽⠀⠧⠀⠜⠲&lt;/row&gt;
          &lt;row&gt;⠀&lt;/row&gt;
          &lt;row&gt;⠠⠧⠀⠕⠀⠊⠀⠞⠀⠞⠀⠑⠀⠀⠀⠍⠀⠑⠀⠝⠀⠝⠀⠜&lt;/row&gt;
          &lt;row&gt;⠀&lt;/row&gt;
          &lt;row&gt;⠞⠀⠥⠀⠕⠀⠓⠀⠕⠀⠝⠀⠀⠀⠏⠀⠪⠀⠽⠀⠙⠀⠜⠀⠝&lt;/row&gt;
          &lt;row&gt;⠀&lt;/row&gt;
          &lt;row&gt;⠜⠀⠜⠀⠗⠀⠑⠀⠑⠀⠝⠀⠀⠀⠇⠀⠥⠀⠅⠀⠑⠀⠍⠀⠁⠀⠁⠀⠝&lt;/row&gt;
          &lt;row/&gt;
        &lt;/page&gt;
        &lt;page&gt;
          &lt;row&gt;⠀⠀⠀⠀⠀⠀⠀⠀⠀⠀⠀⠀⠀⠀⠀⠀⠀⠀⠀⠀⠀⠀⠀⠀⠀⠀⠀⠼⠑⠓&lt;/row&gt;
          &lt;row&gt;⠚⠀⠁⠀⠀⠀⠅⠀⠁⠀⠞⠀⠎⠀⠑⠀⠇⠀⠑⠀⠍⠀⠁⠀⠁⠀⠝&lt;/row&gt;
          &lt;row&gt;⠀&lt;/row&gt;
          &lt;row&gt;⠅⠀⠊⠀⠗⠀⠚⠀⠁⠀⠁⠄&lt;/row&gt;
          &lt;row&gt;⠀&lt;/row&gt;
          &lt;row&gt;⠀&lt;/row&gt;
          &lt;row&gt;⠠⠍⠀⠊⠀⠊⠀⠝⠀⠁⠀⠀⠀⠚⠀⠁⠀⠀⠀⠠⠍⠀⠁⠀⠝⠀⠥&lt;/row&gt;
          &lt;row&gt;⠀&lt;/row&gt;
          &lt;row&gt;⠅⠀⠊⠀⠊⠀⠞⠀⠞⠀⠜⠀⠧⠀⠜⠀⠞&lt;/row&gt;
          &lt;row&gt;⠀&lt;/row&gt;
          &lt;row&gt;⠅⠀⠊⠀⠗⠀⠚⠀⠁⠀⠎⠀⠞⠀⠕⠀⠝⠀⠤&lt;/row&gt;
          &lt;row&gt;⠀&lt;/row&gt;
          &lt;row&gt;⠓⠀⠕⠀⠊⠀⠞⠀⠁⠀⠚⠀⠁⠀⠁&lt;/row&gt;
          &lt;row&gt;⠀&lt;/row&gt;
          &lt;row&gt;⠁⠀⠧⠀⠥⠀⠎⠀⠞⠀⠁⠄&lt;/row&gt;
          &lt;row&gt;⠀&lt;/row&gt;
          &lt;row&gt;⠀&lt;/row&gt;
          &lt;row&gt;⠠⠓⠀⠑⠀⠀⠀⠁⠀⠎⠀⠑⠀⠞⠀⠞⠀⠥⠀⠧⠀⠁⠀⠞&lt;/row&gt;
          &lt;row&gt;⠀&lt;/row&gt;
          &lt;row&gt;⠏⠀⠪⠀⠽⠀⠙⠀⠜⠀⠝⠀⠀⠀⠜⠀⠜⠀⠗⠀⠑⠀⠑⠀⠝&lt;/row&gt;
          &lt;row&gt;⠀&lt;/row&gt;
          &lt;row&gt;⠧⠀⠊⠀⠑⠀⠗⠀⠑⠀⠅⠀⠅⠀⠜⠀⠊⠀⠝⠄&lt;/row&gt;
          &lt;row&gt;⠀&lt;/row&gt;
          &lt;row&gt;⠀&lt;/row&gt;
          &lt;row&gt;⠀&lt;/row&gt;
          &lt;row&gt;⠀&lt;/row&gt;
          &lt;row/&gt;
        &lt;/page&gt;
        &lt;page&gt;
          &lt;row&gt;⠀⠀⠀⠀⠀⠀⠀⠀⠀⠀⠀⠀⠀⠀⠀⠀⠀⠀⠀⠀⠀⠀⠀⠀⠀⠀⠀⠼⠑⠊&lt;/row&gt;
          &lt;row&gt;⠠⠍⠀⠕⠀⠇⠀⠑⠀⠍⠀⠏⠀⠊⠀⠁&lt;/row&gt;
          &lt;row&gt;⠀&lt;/row&gt;
          &lt;row&gt;⠚⠀⠜⠀⠝⠀⠝⠀⠊⠀⠞⠀⠞⠀⠜⠀⠜⠂&lt;/row&gt;
          &lt;row&gt;⠀&lt;/row&gt;
          &lt;row&gt;⠅⠀⠥⠀⠝⠀⠀⠀⠓⠀⠑⠀⠀⠀⠁⠀⠧⠀⠁⠀⠁⠀⠧⠀⠁⠀⠞&lt;/row&gt;
          &lt;row&gt;⠀&lt;/row&gt;
          &lt;row&gt;⠅⠀⠊⠀⠗⠀⠚⠀⠁⠀⠝⠄&lt;/row&gt;
          &lt;row&gt;⠀&lt;/row&gt;
          &lt;row&gt;⠤⠀⠀⠀⠠⠍⠀⠊⠀⠊⠀⠝⠀⠁⠂⠀⠀⠀⠇⠀⠥⠀⠑&lt;/row&gt;
          &lt;row&gt;⠀&lt;/row&gt;
          &lt;row&gt;⠜⠀⠜⠀⠝⠀⠑⠀⠑⠀⠝⠂⠀⠀⠀⠠⠍⠀⠁⠀⠝⠀⠥&lt;/row&gt;
          &lt;row&gt;⠀&lt;/row&gt;
          &lt;row&gt;⠏⠀⠽⠀⠽⠀⠞⠀⠜⠀⠜⠄&lt;/row&gt;
          &lt;row&gt;⠀&lt;/row&gt;
          &lt;row&gt;⠀&lt;/row&gt;
          &lt;row&gt;⠠⠍⠀⠊⠀⠊⠀⠝⠀⠁⠀⠀⠀⠇⠀⠥⠀⠅⠀⠑⠀⠑⠂&lt;/row&gt;
          &lt;row&gt;⠀&lt;/row&gt;
          &lt;row&gt;⠑⠀⠞⠀⠞⠀⠜⠀⠀⠀⠍⠀⠁⠀⠍⠀⠍⠀⠥⠀⠞⠀⠊⠀⠞&lt;/row&gt;
          &lt;row&gt;⠀&lt;/row&gt;
          &lt;row&gt;⠑⠀⠇⠀⠊⠀⠧⠀⠜⠀⠞⠀⠀⠀⠓⠀⠽⠀⠧⠀⠊⠀⠝&lt;/row&gt;
          &lt;row&gt;⠀&lt;/row&gt;
          &lt;row&gt;⠅⠀⠁⠀⠥⠀⠁⠀⠝⠀⠀⠀⠎⠀⠊⠀⠞⠀⠞⠀⠑⠀⠝⠄&lt;/row&gt;
          &lt;row&gt;⠀&lt;/row&gt;
          &lt;row&gt;⠀&lt;/row&gt;
          &lt;row&gt;⠀&lt;/row&gt;
          &lt;row/&gt;
        &lt;/page&gt;
        &lt;page&gt;
          &lt;row&gt;⠀⠀⠀⠀⠀⠀⠀⠀⠀⠀⠀⠀⠀⠀⠀⠀⠀⠀⠀⠀⠀⠀⠀⠀⠀⠀⠀⠼⠋⠚&lt;/row&gt;
          &lt;row&gt;⠠⠝⠀⠑⠀⠀⠀⠁⠀⠎⠀⠥⠀⠊⠀⠧⠀⠁⠀⠞&lt;/row&gt;
          &lt;row&gt;⠀&lt;/row&gt;
          &lt;row&gt;⠅⠀⠽⠀⠇⠀⠍⠀⠊⠀⠇⠀⠇⠀⠜&lt;/row&gt;
          &lt;row&gt;⠀&lt;/row&gt;
          &lt;row&gt;⠎⠀⠑⠀⠥⠀⠙⠀⠥⠀⠊⠀⠇⠀⠇⠀⠁⠂&lt;/row&gt;
          &lt;row&gt;⠀&lt;/row&gt;
          &lt;row&gt;⠍⠀⠥⠀⠞⠀⠞⠀⠁⠀⠀⠀⠏⠀⠊⠀⠞⠀⠅⠀⠜&lt;/row&gt;
          &lt;row&gt;⠀&lt;/row&gt;
          &lt;row&gt;⠅⠀⠁⠀⠗⠀⠧⠀⠁⠀⠀⠀⠏⠀⠊⠀⠞⠀⠊⠀⠀⠀⠝⠀⠑&lt;/row&gt;
          &lt;row&gt;⠀&lt;/row&gt;
          &lt;row&gt;⠇⠀⠜⠀⠍⠀⠏⠀⠊⠀⠍⠀⠊⠀⠝⠀⠜⠄&lt;/row&gt;
          &lt;row&gt;⠀&lt;/row&gt;
          &lt;row&gt;⠀&lt;/row&gt;
          &lt;row&gt;⠠⠍⠀⠁⠀⠍⠀⠍⠀⠥⠀⠞⠀⠊⠀⠞&lt;/row&gt;
          &lt;row&gt;⠀&lt;/row&gt;
          &lt;row&gt;⠕⠀⠇⠀⠊⠀⠧⠀⠁⠀⠞⠀⠀⠀⠓⠀⠽⠀⠧⠀⠊⠀⠝&lt;/row&gt;
          &lt;row&gt;⠀&lt;/row&gt;
          &lt;row&gt;⠎⠀⠥⠀⠥⠀⠗⠀⠊⠀⠁⠄&lt;/row&gt;
          &lt;row&gt;⠀&lt;/row&gt;
          &lt;row&gt;⠠⠝⠀⠑⠀⠀⠀⠎⠀⠪⠀⠊⠀⠧⠀⠜⠀⠞&lt;/row&gt;
          &lt;row&gt;⠀&lt;/row&gt;
          &lt;row&gt;⠗⠀⠥⠀⠕⠀⠓⠀⠕⠀⠁⠀⠀⠀⠑⠀⠊⠀⠧⠀⠜⠀⠞⠀⠅⠀⠜&lt;/row&gt;
          &lt;row&gt;⠀&lt;/row&gt;
          &lt;row&gt;⠚⠀⠁⠀⠓⠀⠙⠀⠁⠀⠝⠀⠝⠀⠑⠀⠑⠀⠞&lt;/row&gt;
          &lt;row&gt;⠀&lt;/row&gt;
          &lt;row&gt;⠍⠀⠥⠀⠊⠀⠞⠀⠁⠀⠀⠀⠑⠀⠇⠀⠜⠀⠊⠀⠍⠀⠊⠀⠜⠄&lt;/row&gt;
        &lt;/page&gt;
        &lt;page&gt;
          &lt;row&gt;⠀⠀⠀⠀⠀⠀⠀⠀⠀⠀⠀⠀⠀⠀⠀⠀⠀⠀⠀⠀⠀⠀⠀⠀⠀⠀⠀⠼⠋⠁&lt;/row&gt;
          &lt;row&gt;⠠⠍⠀⠁⠀⠍⠀⠍⠀⠥⠀⠞⠀⠊⠀⠞&lt;/row&gt;
          &lt;row&gt;⠀&lt;/row&gt;
          &lt;row&gt;⠅⠀⠁⠀⠞⠀⠕⠀⠎⠀⠊⠀⠧⠀⠁⠀⠞&lt;/row&gt;
          &lt;row&gt;⠀&lt;/row&gt;
          &lt;row&gt;⠍⠀⠁⠀⠁⠀⠊⠀⠇⠀⠍⠀⠁⠀⠎⠀⠞⠀⠁&lt;/row&gt;
          &lt;row&gt;⠀&lt;/row&gt;
          &lt;row&gt;⠞⠀⠥⠀⠓⠀⠁⠀⠝⠀⠎⠀⠊⠀⠁⠀⠀⠀⠧⠀⠥⠀⠕⠀⠎⠀⠊⠀⠁&lt;/row&gt;
          &lt;row&gt;⠀&lt;/row&gt;
          &lt;row&gt;⠎⠀⠊⠀⠞⠀⠞⠀⠑⠀⠝⠄&lt;/row&gt;
          &lt;row&gt;⠀&lt;/row&gt;
          &lt;row&gt;⠀&lt;/row&gt;
          &lt;row&gt;⠀&lt;/row&gt;
          &lt;row&gt;⠤⠀⠀⠀⠠⠍⠀⠊⠀⠝⠀⠜⠀⠀⠀⠅⠀⠽⠀⠇⠀⠇⠀⠜&lt;/row&gt;
          &lt;row&gt;⠀&lt;/row&gt;
          &lt;row&gt;⠝⠀⠜⠀⠊⠀⠝⠀⠀⠀⠍⠀⠁⠀⠍⠀⠍⠀⠥⠀⠞⠀⠞⠀⠑⠀⠚⠀⠁&lt;/row&gt;
          &lt;row&gt;⠀&lt;/row&gt;
          &lt;row&gt;⠞⠀⠜⠀⠝⠀⠜⠀⠜⠀⠝⠂⠀⠀⠀⠅⠀⠥⠀⠝&lt;/row&gt;
          &lt;row&gt;⠀&lt;/row&gt;
          &lt;row&gt;⠏⠀⠽⠀⠪⠀⠗⠀⠜⠀⠊⠀⠇⠀⠊⠀⠍⠀⠍⠀⠑&lt;/row&gt;
          &lt;row&gt;⠀&lt;/row&gt;
          &lt;row&gt;⠅⠀⠊⠀⠗⠀⠚⠀⠁⠀⠎⠀⠞⠀⠕⠀⠕⠀⠝⠄&lt;/row&gt;
          &lt;row&gt;⠀&lt;/row&gt;
          &lt;row&gt;⠀&lt;/row&gt;
          &lt;row&gt;⠀&lt;/row&gt;
          &lt;row&gt;⠀&lt;/row&gt;
          &lt;row/&gt;
        &lt;/page&gt;
        &lt;page&gt;
          &lt;row&gt;⠀⠀⠀⠀⠀⠀⠀⠀⠀⠀⠀⠀⠀⠀⠀⠀⠀⠀⠀⠀⠀⠀⠀⠀⠀⠀⠀⠼⠋⠃&lt;/row&gt;
          &lt;row&gt;⠠⠝⠀⠊⠀⠊⠀⠞⠀⠜⠀⠀⠀⠕⠀⠇⠀⠊&lt;/row&gt;
          &lt;row&gt;⠀&lt;/row&gt;
          &lt;row&gt;⠏⠀⠑⠀⠇⠀⠇⠀⠕⠀⠇⠀⠇⠀⠁⠀⠀⠀⠞⠀⠊⠀⠑⠀⠝&lt;/row&gt;
          &lt;row&gt;⠀&lt;/row&gt;
          &lt;row&gt;⠇⠀⠁⠀⠊⠀⠙⠀⠁⠀⠎⠀⠎⠀⠁⠂&lt;/row&gt;
          &lt;row&gt;⠀&lt;/row&gt;
          &lt;row&gt;⠠⠍⠀⠁⠀⠝⠀⠥⠀⠀⠀⠎⠀⠑⠀⠇⠀⠊⠀⠞⠀⠞⠀⠜⠀⠜&lt;/row&gt;
          &lt;row&gt;⠀&lt;/row&gt;
          &lt;row&gt;⠊⠀⠝⠀⠝⠀⠕⠀⠊⠀⠎⠀⠎⠀⠁⠀⠁⠀⠝⠄&lt;/row&gt;
          &lt;row&gt;⠀&lt;/row&gt;
          &lt;row&gt;⠤⠀⠀⠀⠠⠝⠀⠑⠀⠀⠀⠕⠀⠇⠀⠊⠀⠧⠀⠁⠀⠞&lt;/row&gt;
          &lt;row&gt;⠀&lt;/row&gt;
          &lt;row&gt;⠧⠀⠁⠀⠇⠀⠞⠀⠁⠀⠧⠀⠁⠀⠝&lt;/row&gt;
          &lt;row&gt;⠀&lt;/row&gt;
          &lt;row&gt;⠎⠀⠥⠀⠥⠀⠗⠀⠊⠀⠁⠂&lt;/row&gt;
          &lt;row&gt;⠀&lt;/row&gt;
          &lt;row&gt;⠝⠀⠊⠀⠊⠀⠇⠀⠇⠀⠜⠀⠀⠀⠕⠀⠇⠀⠊&lt;/row&gt;
          &lt;row&gt;⠀&lt;/row&gt;
          &lt;row&gt;⠏⠀⠊⠀⠞⠀⠅⠀⠜⠀⠀⠀⠗⠀⠥⠀⠎⠀⠅⠀⠑⠀⠁&lt;/row&gt;
          &lt;row&gt;⠀&lt;/row&gt;
          &lt;row&gt;⠞⠀⠥⠀⠗⠀⠅⠀⠅⠀⠊⠀⠀⠀⠚⠀⠁&lt;/row&gt;
          &lt;row&gt;⠀&lt;/row&gt;
          &lt;row&gt;⠝⠀⠊⠀⠊⠀⠇⠀⠇⠀⠜⠀⠀⠀⠕⠀⠇⠀⠊&lt;/row&gt;
          &lt;row&gt;⠀&lt;/row&gt;
          &lt;row&gt;⠏⠀⠕⠀⠊⠀⠅⠀⠁⠀⠎⠀⠊⠀⠁⠀⠅⠀⠊⠀⠝⠲&lt;/row&gt;
          &lt;row/&gt;
        &lt;/page&gt;
        &lt;page&gt;
          &lt;row&gt;⠀⠀⠀⠀⠀⠀⠀⠀⠀⠀⠀⠀⠀⠀⠀⠀⠀⠀⠀⠀⠀⠀⠀⠀⠀⠀⠀⠼⠋⠉&lt;/row&gt;
          &lt;row&gt;⠤⠀⠀⠀⠠⠅⠀⠥⠀⠥⠀⠇⠀⠑⠂⠀⠀⠀⠝⠀⠑&lt;/row&gt;
          &lt;row&gt;⠀&lt;/row&gt;
          &lt;row&gt;⠞⠀⠁⠀⠊⠀⠎⠀⠊⠀⠧⠀⠁⠀⠞⠀⠀⠀⠕⠀⠇⠀⠇⠀⠁&lt;/row&gt;
          &lt;row&gt;⠀&lt;/row&gt;
          &lt;row&gt;⠇⠀⠑⠀⠓⠀⠍⠀⠊⠀⠜⠂&lt;/row&gt;
          &lt;row&gt;⠀&lt;/row&gt;
          &lt;row&gt;⠠⠍⠀⠊⠀⠊⠀⠝⠀⠁⠀⠀⠀⠎⠀⠁⠀⠝⠀⠕⠀⠕⠄&lt;/row&gt;
          &lt;row&gt;⠀&lt;/row&gt;
          &lt;row&gt;⠤⠀⠀⠀⠠⠝⠀⠑⠀⠀⠀⠕⠀⠧⠀⠁⠀⠞&lt;/row&gt;
          &lt;row&gt;⠀&lt;/row&gt;
          &lt;row&gt;⠎⠀⠑⠀⠇⠀⠇⠀⠁⠀⠊⠀⠎⠀⠞⠀⠁&lt;/row&gt;
          &lt;row&gt;⠀&lt;/row&gt;
          &lt;row&gt;⠗⠀⠕⠀⠞⠀⠥⠀⠁⠂⠀⠀⠀⠚⠀⠕⠀⠞⠀⠁&lt;/row&gt;
          &lt;row&gt;⠀&lt;/row&gt;
          &lt;row&gt;⠎⠀⠁⠀⠝⠀⠕⠀⠞⠀⠁⠀⠁⠀⠝&lt;/row&gt;
          &lt;row&gt;⠀&lt;/row&gt;
          &lt;row&gt;⠽⠀⠇⠀⠜⠀⠍⠀⠁⠀⠁⠀⠝&lt;/row&gt;
          &lt;row&gt;⠀&lt;/row&gt;
          &lt;row&gt;⠅⠀⠁⠀⠗⠀⠚⠀⠁⠀⠅⠀⠎⠀⠊⠄&lt;/row&gt;
          &lt;row&gt;⠀&lt;/row&gt;
          &lt;row&gt;⠀&lt;/row&gt;
          &lt;row&gt;⠀&lt;/row&gt;
          &lt;row&gt;⠤⠀⠀⠀⠠⠽⠀⠇⠀⠜⠀⠍⠀⠁⠀⠁⠀⠝&lt;/row&gt;
          &lt;row&gt;⠀&lt;/row&gt;
          &lt;row&gt;⠍⠀⠁⠀⠍⠀⠍⠀⠥⠀⠞⠀⠞⠀⠑⠀⠚⠀⠁⠂&lt;/row&gt;
          &lt;row/&gt;
        &lt;/page&gt;
        &lt;page&gt;
          &lt;row&gt;⠀⠀⠀⠀⠀⠀⠀⠀⠀⠀⠀⠀⠀⠀⠀⠀⠀⠀⠀⠀⠀⠀⠀⠀⠀⠀⠀⠼⠋⠙&lt;/row&gt;
          &lt;row&gt;⠠⠍⠀⠁⠀⠝⠀⠥⠀⠀⠀⠎⠀⠁⠀⠝⠀⠕⠀⠕⠀⠀⠀⠚⠀⠁&lt;/row&gt;
          &lt;row&gt;⠀&lt;/row&gt;
          &lt;row&gt;⠁⠀⠇⠀⠅⠀⠁⠀⠁⠀⠀⠀⠝⠀⠁⠀⠥⠀⠗⠀⠁⠀⠁⠄&lt;/row&gt;
          &lt;row&gt;⠀&lt;/row&gt;
          &lt;row&gt;⠠⠍⠀⠊⠀⠊⠀⠝⠀⠁⠀⠁⠀⠅⠀⠊⠀⠝&lt;/row&gt;
          &lt;row&gt;⠀&lt;/row&gt;
          &lt;row&gt;⠝⠀⠁⠀⠥⠀⠗⠀⠁⠀⠞⠀⠞⠀⠁⠀⠁⠄&lt;/row&gt;
          &lt;row&gt;⠀&lt;/row&gt;
          &lt;row&gt;⠀&lt;/row&gt;
          &lt;row&gt;⠠⠍⠀⠊⠀⠊⠀⠝⠀⠁⠀⠀⠀⠑⠀⠞⠀⠎⠀⠊⠀⠊&lt;/row&gt;
          &lt;row&gt;⠀&lt;/row&gt;
          &lt;row&gt;⠅⠀⠊⠀⠗⠀⠚⠀⠁⠀⠎⠀⠞⠀⠁⠀⠀⠀⠇⠀⠊⠀⠎⠀⠜⠀⠜&lt;/row&gt;
          &lt;row&gt;⠀&lt;/row&gt;
          &lt;row&gt;⠞⠀⠊⠀⠑⠀⠞⠀⠕⠀⠚⠀⠁&lt;/row&gt;
          &lt;row&gt;⠀&lt;/row&gt;
          &lt;row&gt;⠍⠀⠁⠀⠍⠀⠍⠀⠥⠀⠞⠀⠑⠀⠊⠀⠎⠀⠞⠀⠁⠄&lt;/row&gt;
          &lt;row&gt;⠀&lt;/row&gt;
          &lt;row&gt;⠠⠓⠀⠜⠀⠝⠀⠀⠀⠅⠀⠁⠀⠊⠀⠧⠀⠁⠀⠁&lt;/row&gt;
          &lt;row&gt;⠀&lt;/row&gt;
          &lt;row&gt;⠗⠀⠑⠀⠏⠀⠥⠀⠎⠀⠞⠀⠁&lt;/row&gt;
          &lt;row&gt;⠀&lt;/row&gt;
          &lt;row&gt;⠑⠀⠎⠀⠊⠀⠝⠀⠑⠀⠑⠀⠝⠂⠀⠀⠀⠚⠀⠕⠀⠝⠀⠅⠀⠁&lt;/row&gt;
          &lt;row&gt;⠀&lt;/row&gt;
          &lt;row&gt;⠠⠍⠀⠁⠀⠝⠀⠥⠀⠀⠀⠇⠀⠪⠀⠽⠀⠎⠀⠊&lt;/row&gt;
          &lt;row&gt;⠀&lt;/row&gt;
          &lt;row&gt;⠍⠀⠑⠀⠞⠀⠎⠀⠜⠀⠎⠀⠞⠀⠜⠄&lt;/row&gt;
        &lt;/page&gt;
        &lt;page&gt;
          &lt;row&gt;⠀⠀⠀⠀⠀⠀⠀⠀⠀⠀⠀⠀⠀⠀⠀⠀⠀⠀⠀⠀⠀⠀⠀⠀⠀⠀⠀⠼⠋⠑&lt;/row&gt;
          &lt;row&gt;⠠⠍⠀⠊⠀⠊⠀⠝⠀⠁&lt;/row&gt;
          &lt;row&gt;⠀&lt;/row&gt;
          &lt;row&gt;⠧⠀⠑⠀⠗⠀⠞⠀⠁⠀⠊⠀⠇⠀⠑⠀⠑⠀⠀⠀⠅⠀⠥⠀⠧⠀⠊⠀⠁&lt;/row&gt;
          &lt;row&gt;⠀&lt;/row&gt;
          &lt;row&gt;⠚⠀⠁⠀⠀⠀⠑⠀⠎⠀⠊⠀⠝⠀⠑⠀⠞⠀⠞⠀⠜&lt;/row&gt;
          &lt;row&gt;⠀&lt;/row&gt;
          &lt;row&gt;⠞⠀⠕⠀⠊⠀⠎⠀⠊⠀⠊⠀⠝⠀⠎⠀⠁⠄&lt;/row&gt;
          &lt;row&gt;⠀&lt;/row&gt;
          &lt;row&gt;⠠⠑⠀⠎⠀⠊⠀⠝⠀⠑⠀⠀⠀⠕⠀⠝⠀⠀⠀⠁⠀⠊⠀⠧⠀⠁⠀⠝&lt;/row&gt;
          &lt;row&gt;⠀&lt;/row&gt;
          &lt;row&gt;⠇⠀⠊⠀⠊⠀⠁⠀⠝⠀⠀⠀⠏⠀⠊⠀⠑⠀⠝⠀⠊&lt;/row&gt;
          &lt;row&gt;⠀&lt;/row&gt;
          &lt;row&gt;⠍⠀⠁⠀⠍⠀⠍⠀⠥⠀⠞⠀⠊⠀⠝&lt;/row&gt;
          &lt;row&gt;⠀&lt;/row&gt;
          &lt;row&gt;⠎⠀⠽⠀⠪⠀⠅⠀⠎⠀⠽⠀⠤&lt;/row&gt;
          &lt;row&gt;⠀&lt;/row&gt;
          &lt;row&gt;⠓⠀⠁⠀⠍⠀⠏⠀⠁⠀⠁⠀⠅⠀⠎⠀⠊⠄&lt;/row&gt;
          &lt;row&gt;⠀&lt;/row&gt;
          &lt;row&gt;⠀&lt;/row&gt;
          &lt;row&gt;⠀&lt;/row&gt;
          &lt;row&gt;⠤⠀⠀⠀⠠⠍⠀⠁⠀⠝⠀⠥⠂⠀⠀⠀⠑⠀⠊⠀⠀⠀⠞⠀⠜⠀⠍⠀⠜&lt;/row&gt;
          &lt;row&gt;⠀&lt;/row&gt;
          &lt;row&gt;⠕⠀⠇⠀⠑⠄⠄⠄⠂⠀⠀⠀⠠⠍⠀⠊⠀⠊⠀⠝⠀⠁&lt;/row&gt;
          &lt;row&gt;⠀&lt;/row&gt;
          &lt;row&gt;⠁⠀⠇⠀⠕⠀⠊⠀⠞⠀⠞⠀⠁⠀⠁⠂&lt;/row&gt;
          &lt;row/&gt;
        &lt;/page&gt;
        &lt;page&gt;
          &lt;row&gt;⠀⠀⠀⠀⠀⠀⠀⠀⠀⠀⠀⠀⠀⠀⠀⠀⠀⠀⠀⠀⠀⠀⠀⠀⠀⠀⠀⠼⠋⠋&lt;/row&gt;
          &lt;row&gt;⠍⠀⠥⠀⠞⠀⠞⠀⠁⠀⠀⠀⠠⠍⠀⠁⠀⠝⠀⠥⠀⠀⠀⠑⠀⠊&lt;/row&gt;
          &lt;row&gt;⠀&lt;/row&gt;
          &lt;row&gt;⠑⠀⠝⠀⠜⠀⠜⠀⠀⠀⠕⠀⠇⠀⠑&lt;/row&gt;
          &lt;row&gt;⠀&lt;/row&gt;
          &lt;row&gt;⠓⠀⠜⠀⠝⠀⠑⠀⠝&lt;/row&gt;
          &lt;row&gt;⠀&lt;/row&gt;
          &lt;row&gt;⠧⠀⠊⠀⠑⠀⠗⠀⠑⠀⠎⠀⠎⠀⠜⠀⠜⠀⠝⠄&lt;/row&gt;
          &lt;row&gt;⠀&lt;/row&gt;
          &lt;row&gt;⠠⠍⠀⠁⠀⠝⠀⠥⠀⠀⠀⠕⠀⠝&lt;/row&gt;
          &lt;row&gt;⠀&lt;/row&gt;
          &lt;row&gt;⠅⠀⠁⠀⠙⠀⠕⠀⠝⠀⠝⠀⠥⠀⠞⠲&lt;/row&gt;
          &lt;row&gt;⠀&lt;/row&gt;
          &lt;row&gt;⠀&lt;/row&gt;
          &lt;row&gt;⠠⠍⠀⠊⠀⠊⠀⠝⠀⠁⠀⠀⠀⠍⠀⠊⠀⠑⠀⠞⠀⠞⠀⠊⠀⠊⠂&lt;/row&gt;
          &lt;row&gt;⠀&lt;/row&gt;
          &lt;row&gt;⠍⠀⠊⠀⠎⠀⠎⠀⠜⠀⠀⠀⠠⠍⠀⠁⠀⠝⠀⠥⠀⠀⠀⠧⠀⠕⠀⠊&lt;/row&gt;
          &lt;row&gt;⠀&lt;/row&gt;
          &lt;row&gt;⠕⠀⠇⠀⠇⠀⠁⠄&lt;/row&gt;
          &lt;row&gt;⠀&lt;/row&gt;
          &lt;row&gt;⠤⠀⠀⠀⠠⠍⠀⠁⠀⠝⠀⠥⠀⠀⠀⠕⠀⠝⠀⠀⠀⠝⠀⠊⠀⠊⠀⠝&lt;/row&gt;
          &lt;row&gt;⠀&lt;/row&gt;
          &lt;row&gt;⠥⠀⠞⠀⠑⠀⠇⠀⠊⠀⠁⠀⠎⠂⠀⠀⠀⠑⠀⠞⠀⠞⠀⠜&lt;/row&gt;
          &lt;row&gt;⠀&lt;/row&gt;
          &lt;row&gt;⠓⠀⠜⠀⠝⠀⠀⠀⠕⠀⠝⠀⠀⠀⠧⠀⠁⠀⠗⠀⠍⠀⠁⠀⠎⠀⠞⠀⠊&lt;/row&gt;
          &lt;row&gt;⠀&lt;/row&gt;
          &lt;row&gt;⠇⠀⠜⠀⠓⠀⠞⠀⠑⠀⠝⠀⠽⠀⠞&lt;/row&gt;
        &lt;/page&gt;
        &lt;page&gt;
          &lt;row&gt;⠀⠀⠀⠀⠀⠀⠀⠀⠀⠀⠀⠀⠀⠀⠀⠀⠀⠀⠀⠀⠀⠀⠀⠀⠀⠀⠀⠼⠋⠛&lt;/row&gt;
          &lt;row&gt;⠞⠀⠥⠀⠞⠀⠅⠀⠊⠀⠍⠀⠁⠀⠁⠀⠝&lt;/row&gt;
          &lt;row&gt;⠀&lt;/row&gt;
          &lt;row&gt;⠅⠀⠊⠀⠗⠀⠚⠀⠁⠀⠎⠀⠞⠀⠕⠀⠁&lt;/row&gt;
          &lt;row&gt;⠀&lt;/row&gt;
          &lt;row&gt;⠊⠀⠞⠀⠎⠀⠑⠀⠅⠀⠎⠀⠑⠀⠑⠀⠝⠂&lt;/row&gt;
          &lt;row&gt;⠀&lt;/row&gt;
          &lt;row&gt;⠠⠍⠀⠊⠀⠊⠀⠝⠀⠁⠀⠀⠀⠁⠀⠗⠀⠧⠀⠑⠀⠇⠀⠑⠀⠑⠄&lt;/row&gt;
          &lt;row&gt;⠀&lt;/row&gt;
          &lt;row&gt;⠀&lt;/row&gt;
          &lt;row&gt;⠠⠓⠀⠜⠀⠝⠀⠀⠀⠇⠀⠜⠀⠓⠀⠞⠀⠑⠀⠑&lt;/row&gt;
          &lt;row&gt;⠀&lt;/row&gt;
          &lt;row&gt;⠑⠀⠞⠀⠎⠀⠊⠀⠍⠀⠜⠀⠜⠀⠝⠀⠀⠀⠠⠍⠀⠁⠀⠝⠀⠥⠀⠁⠂&lt;/row&gt;
          &lt;row&gt;⠀&lt;/row&gt;
          &lt;row&gt;⠍⠀⠥⠀⠞⠀⠞⠀⠁⠀⠀⠀⠑⠀⠝⠀⠎⠀⠊⠀⠝⠀⠀⠀⠓⠀⠜⠀⠝&lt;/row&gt;
          &lt;row&gt;⠀&lt;/row&gt;
          &lt;row&gt;⠇⠀⠁⠀⠊⠀⠞⠀⠞⠀⠁⠀⠁&lt;/row&gt;
          &lt;row&gt;⠀&lt;/row&gt;
          &lt;row&gt;⠠⠍⠀⠁⠀⠝⠀⠥⠀⠝⠀⠀⠀⠇⠀⠪⠀⠽⠀⠞⠀⠜⠀⠍⠀⠜⠀⠝&lt;/row&gt;
          &lt;row&gt;⠀&lt;/row&gt;
          &lt;row&gt;⠑⠀⠎⠀⠊⠀⠝⠀⠑⠀⠑⠀⠝⠀⠀⠀⠗⠀⠑⠀⠏⠀⠏⠀⠥⠀⠥⠀⠝⠄&lt;/row&gt;
          &lt;row&gt;⠀&lt;/row&gt;
          &lt;row&gt;⠠⠓⠀⠜⠀⠝⠀⠀⠀⠕⠀⠞⠀⠞⠀⠁⠀⠁&lt;/row&gt;
          &lt;row&gt;⠀&lt;/row&gt;
          &lt;row&gt;⠍⠀⠥⠀⠅⠀⠁⠀⠁⠀⠝⠀⠀⠀⠍⠀⠽⠀⠪⠀⠎&lt;/row&gt;
          &lt;row&gt;⠀&lt;/row&gt;
          &lt;row&gt;⠍⠀⠁⠀⠍⠀⠍⠀⠥⠀⠞⠀⠞⠀⠊⠀⠅⠀⠊⠀⠗⠀⠚⠀⠁⠀⠝⠄&lt;/row&gt;
        &lt;/page&gt;
        &lt;page&gt;
          &lt;row&gt;⠀⠀⠀⠀⠀⠀⠀⠀⠀⠀⠀⠀⠀⠀⠀⠀⠀⠀⠀⠀⠀⠀⠀⠀⠀⠀⠀⠼⠋⠓&lt;/row&gt;
          &lt;row&gt;⠠⠍⠀⠊⠀⠊⠀⠝⠀⠁⠀⠀⠀⠅⠀⠥⠀⠇⠀⠅⠀⠑⠀⠑&lt;/row&gt;
          &lt;row&gt;⠀&lt;/row&gt;
          &lt;row&gt;⠓⠀⠊⠀⠞⠀⠁⠀⠁⠀⠎⠀⠞⠀⠊&lt;/row&gt;
          &lt;row&gt;⠀&lt;/row&gt;
          &lt;row&gt;⠅⠀⠜⠀⠽⠀⠞⠀⠜⠀⠧⠀⠊⠀⠇⠀⠇⠀⠜&lt;/row&gt;
          &lt;row&gt;⠀&lt;/row&gt;
          &lt;row&gt;⠅⠀⠊⠀⠗⠀⠚⠀⠁⠀⠓⠀⠽⠀⠇⠀⠇⠀⠽⠀⠚⠀⠑⠀⠝&lt;/row&gt;
          &lt;row&gt;⠀&lt;/row&gt;
          &lt;row&gt;⠧⠀⠜⠀⠇⠀⠊⠀⠎⠀⠎⠀⠜⠄&lt;/row&gt;
          &lt;row&gt;⠀&lt;/row&gt;
          &lt;row&gt;⠠⠅⠀⠜⠀⠽⠀⠞⠀⠜⠀⠧⠀⠜⠀⠞&lt;/row&gt;
          &lt;row&gt;⠀&lt;/row&gt;
          &lt;row&gt;⠞⠀⠥⠀⠝⠀⠞⠀⠥⠀⠧⠀⠁⠀⠞&lt;/row&gt;
          &lt;row&gt;⠀&lt;/row&gt;
          &lt;row&gt;⠏⠀⠊⠀⠞⠀⠅⠀⠊⠀⠇⠀⠞⠀⠜⠂&lt;/row&gt;
          &lt;row&gt;⠀&lt;/row&gt;
          &lt;row&gt;⠑⠀⠊⠀⠅⠀⠜⠀⠀⠀⠠⠍⠁⠀⠝⠀⠥⠀⠁⠀⠀⠀⠝⠀⠜⠀⠽&lt;/row&gt;
          &lt;row&gt;⠀&lt;/row&gt;
          &lt;row&gt;⠍⠀⠊⠀⠎⠀⠎⠀⠜⠀⠜⠀⠝⠄&lt;/row&gt;
          &lt;row&gt;⠀&lt;/row&gt;
          &lt;row&gt;⠀&lt;/row&gt;
          &lt;row&gt;⠠⠍⠀⠁⠀⠝⠀⠥⠀⠀⠀⠕⠀⠝&lt;/row&gt;
          &lt;row&gt;⠀&lt;/row&gt;
          &lt;row&gt;⠅⠀⠁⠀⠙⠀⠕⠀⠝⠀⠝⠀⠥⠀⠞&lt;/row&gt;
          &lt;row&gt;⠀&lt;/row&gt;
          &lt;row&gt;⠅⠀⠊⠀⠗⠀⠚⠀⠁⠀⠎⠀⠞⠀⠕⠀⠕⠀⠝⠂&lt;/row&gt;
        &lt;/page&gt;
        &lt;page&gt;
          &lt;row&gt;⠀⠀⠀⠀⠀⠀⠀⠀⠀⠀⠀⠀⠀⠀⠀⠀⠀⠀⠀⠀⠀⠀⠀⠀⠀⠀⠀⠼⠋⠊&lt;/row&gt;
          &lt;row&gt;⠚⠀⠁⠀⠀⠀⠠⠍⠀⠊⠀⠊⠀⠝⠀⠁⠀⠀⠀⠕⠀⠝&lt;/row&gt;
          &lt;row&gt;⠀&lt;/row&gt;
          &lt;row&gt;⠇⠀⠜⠀⠓⠀⠞⠀⠑⠀⠝⠀⠽⠀⠞&lt;/row&gt;
          &lt;row&gt;⠀&lt;/row&gt;
          &lt;row&gt;⠑⠀⠞⠀⠎⠀⠊⠀⠍⠀⠜⠀⠜⠀⠝⠀⠀⠀⠓⠀⠜⠀⠝⠀⠞⠀⠜⠄&lt;/row&gt;
          &lt;row&gt;⠀&lt;/row&gt;
          &lt;row&gt;⠀&lt;/row&gt;
          &lt;row&gt;⠠⠍⠀⠊⠀⠊⠀⠝⠀⠁⠀⠀⠀⠧⠀⠁⠀⠑⠀⠇⠀⠞⠀⠁⠀⠁&lt;/row&gt;
          &lt;row&gt;⠀&lt;/row&gt;
          &lt;row&gt;⠚⠀⠁⠀⠀⠀⠧⠀⠁⠀⠑⠀⠇⠀⠞⠀⠁⠀⠁⠄&lt;/row&gt;
          &lt;row&gt;⠀&lt;/row&gt;
          &lt;row&gt;⠠⠅⠀⠊⠀⠗⠀⠚⠀⠁⠀⠓⠀⠽⠀⠇⠀⠇⠀⠽⠀⠞⠀⠀⠀⠚⠀⠁&lt;/row&gt;
          &lt;row&gt;⠀&lt;/row&gt;
          &lt;row&gt;⠞⠀⠊⠀⠑⠀⠞⠀⠕⠀⠅⠀⠕⠀⠝⠀⠑⠀⠑⠀⠞⠂&lt;/row&gt;
          &lt;row&gt;⠀&lt;/row&gt;
          &lt;row&gt;⠏⠀⠪⠀⠽⠀⠙⠀⠜⠀⠞⠂⠀⠀⠀⠞⠀⠥⠀⠕⠀⠇⠀⠊⠀⠞⠂&lt;/row&gt;
          &lt;row&gt;⠀&lt;/row&gt;
          &lt;row&gt;⠅⠀⠊⠀⠗⠀⠚⠀⠁⠀⠞⠀⠀⠀⠚⠀⠁&lt;/row&gt;
          &lt;row&gt;⠀&lt;/row&gt;
          &lt;row&gt;⠇⠀⠑⠀⠓⠀⠙⠀⠑⠀⠞&lt;/row&gt;
          &lt;row&gt;⠀&lt;/row&gt;
          &lt;row&gt;⠧⠀⠊⠀⠇⠀⠊⠀⠎⠀⠞⠀⠜⠀⠧⠀⠜⠀⠞&lt;/row&gt;
          &lt;row&gt;⠀&lt;/row&gt;
          &lt;row&gt;⠓⠀⠜⠀⠝⠀⠑⠀⠝&lt;/row&gt;
          &lt;row&gt;⠀&lt;/row&gt;
          &lt;row&gt;⠎⠀⠊⠀⠇⠀⠍⠀⠊⠀⠎⠀⠎⠀⠜⠀⠜⠀⠝⠄&lt;/row&gt;
        &lt;/page&gt;
        &lt;page&gt;
          &lt;row&gt;⠀⠀⠀⠀⠀⠀⠀⠀⠀⠀⠀⠀⠀⠀⠀⠀⠀⠀⠀⠀⠀⠀⠀⠀⠀⠀⠀⠼⠛⠚&lt;/row&gt;
          &lt;row&gt;⠠⠍⠀⠁⠀⠝⠀⠥⠀⠎⠀⠞⠀⠁⠀⠀⠀⠑⠀⠊⠀⠀⠀⠝⠀⠜⠀⠽&lt;/row&gt;
          &lt;row&gt;⠀&lt;/row&gt;
          &lt;row&gt;⠚⠀⠜⠀⠇⠀⠅⠀⠑⠀⠜⠀⠅⠀⠜⠀⠜⠀⠝⠄&lt;/row&gt;
          &lt;row&gt;⠀&lt;/row&gt;
          &lt;row&gt;⠀&lt;/row&gt;
          &lt;row&gt;⠠⠇⠀⠕⠀⠏⠀⠥⠀⠇⠀⠞⠀⠁⠀⠀⠀⠠⠍⠀⠊⠀⠊⠀⠝⠀⠁&lt;/row&gt;
          &lt;row&gt;⠀&lt;/row&gt;
          &lt;row&gt;⠕⠀⠝⠀⠀⠀⠧⠀⠁⠀⠑⠀⠇⠀⠞⠀⠁⠀⠝⠀⠥⠀⠞&lt;/row&gt;
          &lt;row&gt;⠀&lt;/row&gt;
          &lt;row&gt;⠍⠀⠥⠀⠎⠀⠊⠀⠊⠀⠅⠀⠅⠀⠊⠀⠤&lt;/row&gt;
          &lt;row&gt;⠀&lt;/row&gt;
          &lt;row&gt;⠕⠀⠎⠀⠁⠀⠎⠀⠞⠀⠕⠀⠇⠀⠇⠀⠑⠀⠀⠀⠁⠀⠎⠀⠞⠀⠊⠄&lt;/row&gt;
          &lt;row&gt;⠀&lt;/row&gt;
          &lt;row&gt;⠠⠧⠀⠊⠀⠓⠀⠙⠀⠕⠀⠊⠀⠝⠀⠅⠀⠊⠀⠝⠀⠀⠀⠓⠀⠜⠀⠝&lt;/row&gt;
          &lt;row&gt;⠀&lt;/row&gt;
          &lt;row&gt;⠝⠀⠜⠀⠅⠀⠑⠀⠑⠀⠀⠀⠠⠍⠀⠁⠀⠝⠀⠥⠀⠝⠄&lt;/row&gt;
          &lt;row&gt;⠀&lt;/row&gt;
          &lt;row&gt;⠀&lt;/row&gt;
          &lt;row&gt;⠠⠍⠀⠁⠀⠝⠀⠥⠀⠀⠀⠊⠀⠎⠀⠞⠀⠥⠀⠥&lt;/row&gt;
          &lt;row&gt;⠀&lt;/row&gt;
          &lt;row&gt;⠠⠍⠀⠁⠀⠞⠀⠞⠀⠊⠀⠀⠀⠠⠍⠀⠜⠀⠽⠀⠗⠀⠜⠀⠝&lt;/row&gt;
          &lt;row&gt;⠀&lt;/row&gt;
          &lt;row&gt;⠧⠀⠊⠀⠑⠀⠗⠀⠑⠀⠎⠀⠎⠀⠜⠄&lt;/row&gt;
          &lt;row&gt;⠀&lt;/row&gt;
          &lt;row&gt;⠀&lt;/row&gt;
          &lt;row/&gt;
        &lt;/page&gt;
        &lt;page&gt;
          &lt;row&gt;⠀⠀⠀⠀⠀⠀⠀⠀⠀⠀⠀⠀⠀⠀⠀⠀⠀⠀⠀⠀⠀⠀⠀⠀⠀⠀⠀⠼⠛⠁&lt;/row&gt;
          &lt;row&gt;⠠⠓⠀⠑⠀⠊⠀⠇⠀⠇⠀⠜⠀⠀⠀⠕⠀⠝&lt;/row&gt;
          &lt;row&gt;⠀&lt;/row&gt;
          &lt;row&gt;⠅⠀⠥⠀⠥⠀⠇⠀⠕⠀⠅⠀⠅⠀⠑⠀⠑⠀⠞&lt;/row&gt;
          &lt;row&gt;⠀&lt;/row&gt;
          &lt;row&gt;⠅⠀⠕⠀⠗⠀⠧⠀⠊⠀⠇⠀⠇⠀⠁&lt;/row&gt;
          &lt;row&gt;⠀&lt;/row&gt;
          &lt;row&gt;⠚⠀⠁⠀⠀⠀⠅⠀⠑⠀⠎⠀⠅⠀⠊⠀⠞⠀⠞⠀⠽⠀⠝⠀⠽⠀⠞&lt;/row&gt;
          &lt;row&gt;⠀&lt;/row&gt;
          &lt;row&gt;⠊⠀⠇⠀⠍⠀⠑⠀⠀⠀⠅⠀⠁⠀⠎⠀⠧⠀⠕⠀⠊⠀⠇⠀⠇⠀⠁⠄&lt;/row&gt;
          &lt;row&gt;⠀&lt;/row&gt;
          &lt;row&gt;⠀&lt;/row&gt;
          &lt;row&gt;⠤⠀⠀⠀⠠⠍⠀⠁⠀⠝⠀⠥⠂⠀⠀⠀⠍⠀⠊⠀⠞⠀⠜&lt;/row&gt;
          &lt;row&gt;⠀&lt;/row&gt;
          &lt;row&gt;⠎⠀⠊⠀⠝⠀⠜⠀⠀⠀⠞⠀⠑⠀⠑⠀⠞⠢&lt;/row&gt;
          &lt;row&gt;⠀&lt;/row&gt;
          &lt;row&gt;⠠⠍⠀⠊⠀⠊⠀⠝⠀⠁⠀⠀⠀⠅⠀⠽⠀⠎⠀⠽⠀⠽⠄&lt;/row&gt;
          &lt;row&gt;⠀&lt;/row&gt;
          &lt;row&gt;⠠⠍⠀⠁⠀⠝⠀⠥⠀⠀⠀⠓⠀⠁⠀⠧⠀⠁⠀⠓⠀⠞⠀⠥⠀⠥&lt;/row&gt;
          &lt;row&gt;⠀&lt;/row&gt;
          &lt;row&gt;⠚⠀⠁⠀⠀⠀⠧⠀⠁⠀⠎⠀⠞⠀⠁⠀⠁⠒&lt;/row&gt;
          &lt;row&gt;⠀&lt;/row&gt;
          &lt;row&gt;⠤⠀⠀⠀⠠⠅⠀⠥⠀⠥⠀⠝⠀⠞⠀⠑⠀⠇⠀⠑⠀⠝&lt;/row&gt;
          &lt;row&gt;⠀&lt;/row&gt;
          &lt;row&gt;⠑⠀⠇⠀⠜⠀⠊⠀⠝⠀⠞⠀⠑⠀⠝⠀⠀⠀⠜⠀⠜⠀⠝⠀⠊⠀⠜⠄&lt;/row&gt;
          &lt;row&gt;⠀&lt;/row&gt;
          &lt;row/&gt;
        &lt;/page&gt;
        &lt;page&gt;
          &lt;row&gt;⠀⠀⠀⠀⠀⠀⠀⠀⠀⠀⠀⠀⠀⠀⠀⠀⠀⠀⠀⠀⠀⠀⠀⠀⠀⠀⠀⠼⠛⠃&lt;/row&gt;
          &lt;row&gt;⠠⠍⠀⠁⠀⠞⠀⠞⠀⠊⠀⠀⠀⠇⠀⠪⠀⠽⠀⠎⠀⠊&lt;/row&gt;
          &lt;row&gt;⠀&lt;/row&gt;
          &lt;row&gt;⠍⠀⠊⠀⠝⠀⠥⠀⠇⠀⠇⠀⠑&lt;/row&gt;
          &lt;row&gt;⠀&lt;/row&gt;
          &lt;row&gt;⠎⠀⠑⠀⠇⠀⠇⠀⠁⠀⠊⠀⠎⠀⠑⠀⠝&lt;/row&gt;
          &lt;row&gt;⠀&lt;/row&gt;
          &lt;row&gt;⠜⠀⠜⠀⠝⠀⠊⠀⠇⠀⠑⠀⠧⠀⠽⠀⠝⠂&lt;/row&gt;
          &lt;row&gt;⠀&lt;/row&gt;
          &lt;row&gt;⠚⠀⠕⠀⠇⠀⠇⠀⠁⠀⠀⠀⠝⠀⠕⠀⠗⠀⠎⠀⠥⠀⠞&lt;/row&gt;
          &lt;row&gt;⠀&lt;/row&gt;
          &lt;row&gt;⠞⠀⠕⠀⠊⠀⠞⠀⠕⠀⠞⠀⠞⠀⠁⠀⠧⠀⠁⠀⠞⠂&lt;/row&gt;
          &lt;row&gt;⠀&lt;/row&gt;
          &lt;row&gt;⠇⠀⠑⠀⠊⠀⠚⠀⠕⠀⠝⠀⠁⠀⠞&lt;/row&gt;
          &lt;row&gt;⠀&lt;/row&gt;
          &lt;row&gt;⠅⠀⠁⠀⠗⠀⠚⠀⠥⠀⠧⠀⠁⠀⠞&lt;/row&gt;
          &lt;row&gt;⠀&lt;/row&gt;
          &lt;row&gt;⠚⠀⠁⠀⠀⠀⠅⠀⠊⠀⠎⠀⠎⠀⠁⠀⠞&lt;/row&gt;
          &lt;row&gt;⠀&lt;/row&gt;
          &lt;row&gt;⠅⠀⠑⠀⠓⠀⠗⠀⠜⠀⠜⠀⠧⠀⠜⠀⠞⠄&lt;/row&gt;
          &lt;row&gt;⠀&lt;/row&gt;
          &lt;row&gt;⠠⠎⠀⠑⠀⠀⠀⠅⠀⠥⠀⠥⠀⠇⠀⠕⠀⠎⠀⠞⠀⠁⠀⠁&lt;/row&gt;
          &lt;row&gt;⠀&lt;/row&gt;
          &lt;row&gt;⠞⠀⠕⠀⠎⠀⠊⠀⠀⠀⠓⠀⠊⠀⠑⠀⠝⠀⠕⠀⠇⠀⠞⠀⠁⠲&lt;/row&gt;
          &lt;row&gt;⠀&lt;/row&gt;
          &lt;row&gt;⠀&lt;/row&gt;
          &lt;row/&gt;
        &lt;/page&gt;
        &lt;page&gt;
          &lt;row&gt;⠀⠀⠀⠀⠀⠀⠀⠀⠀⠀⠀⠀⠀⠀⠀⠀⠀⠀⠀⠀⠀⠀⠀⠀⠀⠀⠀⠼⠛⠉&lt;/row&gt;
          &lt;row&gt;⠤⠀⠀⠀⠠⠝⠀⠊⠀⠊⠀⠝&lt;/row&gt;
          &lt;row&gt;⠀&lt;/row&gt;
          &lt;row&gt;⠧⠀⠁⠀⠗⠀⠍⠀⠁⠀⠎⠀⠞⠀⠊⠂⠀⠀⠀⠠⠍⠀⠊⠀⠊⠀⠝⠀⠁&lt;/row&gt;
          &lt;row&gt;⠀&lt;/row&gt;
          &lt;row&gt;⠎⠀⠁⠀⠝⠀⠕⠀⠕⠄&lt;/row&gt;
          &lt;row&gt;⠀&lt;/row&gt;
          &lt;row&gt;⠤⠀⠀⠀⠠⠇⠀⠁⠀⠊⠀⠝⠀⠁⠀⠞⠀⠁⠀⠁⠀⠝&lt;/row&gt;
          &lt;row&gt;⠀&lt;/row&gt;
          &lt;row&gt;⠜⠀⠜⠀⠝⠀⠊⠀⠇⠀⠑⠀⠧⠀⠽⠀⠀⠀⠅⠀⠕⠀⠞⠀⠊⠀⠊⠀⠝⠂&lt;/row&gt;
          &lt;row&gt;⠀&lt;/row&gt;
          &lt;row&gt;⠝⠀⠊⠀⠊⠀⠝⠀⠀⠀⠧⠀⠕⠀⠊⠀⠞&lt;/row&gt;
          &lt;row&gt;⠀&lt;/row&gt;
          &lt;row&gt;⠚⠀⠁⠀⠞⠀⠅⠀⠁⠀⠁&lt;/row&gt;
          &lt;row&gt;⠀&lt;/row&gt;
          &lt;row&gt;⠅⠀⠥⠀⠥⠀⠝⠀⠞⠀⠑⠀⠇⠀⠥⠀⠁&lt;/row&gt;
          &lt;row&gt;⠀&lt;/row&gt;
          &lt;row&gt;⠎⠀⠊⠀⠑⠀⠇⠀⠇⠀⠜⠂⠀⠀⠀⠓⠀⠜⠀⠝&lt;/row&gt;
          &lt;row&gt;⠀&lt;/row&gt;
          &lt;row&gt;⠑⠀⠓⠀⠙⠀⠕⠀⠞⠀⠞⠀⠁⠀⠁⠄&lt;/row&gt;
          &lt;row&gt;⠀&lt;/row&gt;
          &lt;row&gt;⠀&lt;/row&gt;
          &lt;row&gt;⠠⠍⠀⠁⠀⠝⠀⠥⠀⠀⠀⠕⠀⠎⠀⠕⠀⠊⠀⠞⠀⠞⠀⠁⠀⠁&lt;/row&gt;
          &lt;row&gt;⠀&lt;/row&gt;
          &lt;row&gt;⠍⠀⠁⠀⠍⠀⠍⠀⠥⠀⠞⠀⠞⠀⠊⠀⠅⠀⠊⠀⠗⠀⠚⠀⠁⠀⠁⠂&lt;/row&gt;
          &lt;row&gt;⠀&lt;/row&gt;
          &lt;row&gt;⠚⠀⠕⠀⠞⠀⠁⠀⠀⠀⠠⠍⠀⠊⠀⠊⠀⠝⠀⠁&lt;/row&gt;
        &lt;/page&gt;
        &lt;page&gt;
          &lt;row&gt;⠀⠀⠀⠀⠀⠀⠀⠀⠀⠀⠀⠀⠀⠀⠀⠀⠀⠀⠀⠀⠀⠀⠀⠀⠀⠀⠀⠼⠛⠙&lt;/row&gt;
          &lt;row&gt;⠏⠀⠊⠀⠞⠀⠜⠀⠜&lt;/row&gt;
          &lt;row&gt;⠀&lt;/row&gt;
          &lt;row&gt;⠅⠀⠁⠀⠊⠀⠝⠀⠁⠀⠇⠀⠕⠀⠎⠀⠎⠀⠁⠀⠁⠀⠝⠄&lt;/row&gt;
          &lt;row&gt;⠀&lt;/row&gt;
          &lt;row&gt;⠤⠀⠀⠀⠠⠇⠀⠁⠀⠊⠀⠝⠀⠁⠀⠞⠀⠁⠀⠁⠀⠝&lt;/row&gt;
          &lt;row&gt;⠀&lt;/row&gt;
          &lt;row&gt;⠞⠀⠥⠀⠕⠀⠀⠀⠅⠀⠊⠀⠗⠀⠚⠀⠁&lt;/row&gt;
          &lt;row&gt;⠀&lt;/row&gt;
          &lt;row&gt;⠍⠀⠥⠀⠅⠀⠁⠀⠁⠀⠝⠂⠀⠀⠝⠀⠊⠀⠊⠀⠝&lt;/row&gt;
          &lt;row&gt;⠀&lt;/row&gt;
          &lt;row&gt;⠠⠎⠀⠥⠀⠇⠀⠕⠀⠤⠀⠑⠀⠝⠀⠕⠀⠀⠀⠧⠀⠕⠀⠊&lt;/row&gt;
          &lt;row&gt;⠀&lt;/row&gt;
          &lt;row&gt;⠇⠀⠥⠀⠅⠀⠑⠀⠁⠀⠀⠀⠎⠀⠊⠀⠞⠀⠜&lt;/row&gt;
          &lt;row&gt;⠀&lt;/row&gt;
          &lt;row&gt;⠍⠀⠑⠀⠊⠀⠇⠀⠇⠀⠑⠀⠀⠀⠜⠀⠜⠀⠝⠀⠑⠀⠑⠀⠝⠂&lt;/row&gt;
          &lt;row&gt;⠀&lt;/row&gt;
          &lt;row&gt;⠓⠀⠜⠀⠝⠀⠀⠀⠎⠀⠁⠀⠝⠀⠕⠀⠕⠄&lt;/row&gt;
          &lt;row&gt;⠀&lt;/row&gt;
          &lt;row&gt;⠤⠀⠀⠀⠠⠍⠀⠥⠀⠞⠀⠞⠀⠁⠀⠀⠀⠝⠀⠽⠀⠞&lt;/row&gt;
          &lt;row&gt;⠀&lt;/row&gt;
          &lt;row&gt;⠍⠀⠑⠀⠊⠀⠙⠀⠜⠀⠝⠀⠀⠀⠏⠀⠊⠀⠞⠀⠜⠀⠜&lt;/row&gt;
          &lt;row&gt;⠀&lt;/row&gt;
          &lt;row&gt;⠇⠀⠜⠀⠓⠀⠞⠀⠑⠀⠜⠂&lt;/row&gt;
          &lt;row&gt;⠀&lt;/row&gt;
          &lt;row&gt;⠠⠍⠀⠊⠀⠊⠀⠝⠀⠁⠀⠀⠀⠎⠀⠁⠀⠝⠀⠕⠀⠕⠄&lt;/row&gt;
          &lt;row/&gt;
        &lt;/page&gt;
        &lt;page&gt;
          &lt;row&gt;⠀⠀⠀⠀⠀⠀⠀⠀⠀⠀⠀⠀⠀⠀⠀⠀⠀⠀⠀⠀⠀⠀⠀⠀⠀⠀⠀⠼⠛⠑&lt;/row&gt;
          &lt;row&gt;⠤⠀⠀⠀⠠⠓⠀⠑⠀⠊⠂⠀⠀⠀⠓⠀⠑⠀⠊⠂&lt;/row&gt;
          &lt;row&gt;⠀&lt;/row&gt;
          &lt;row&gt;⠠⠍⠀⠁⠀⠞⠀⠞⠀⠊⠲&lt;/row&gt;
          &lt;row&gt;⠀&lt;/row&gt;
          &lt;row&gt;⠀&lt;/row&gt;
          &lt;row&gt;⠠⠍⠀⠁⠀⠝⠀⠥⠀⠀⠀⠇⠀⠁⠀⠊⠀⠞⠀⠞⠀⠁⠀⠁&lt;/row&gt;
          &lt;row&gt;⠀&lt;/row&gt;
          &lt;row&gt;⠅⠀⠥⠀⠥⠀⠇⠀⠕⠀⠅⠀⠅⠀⠑⠀⠑⠀⠞⠀⠀⠀⠏⠀⠕⠀⠊⠀⠎&lt;/row&gt;
          &lt;row&gt;⠀&lt;/row&gt;
          &lt;row&gt;⠚⠀⠁⠀⠀⠀⠎⠀⠑⠀⠥⠀⠗⠀⠁⠀⠁&lt;/row&gt;
          &lt;row&gt;⠀&lt;/row&gt;
          &lt;row&gt;⠠⠍⠀⠊⠀⠊⠀⠝⠀⠁⠀⠁⠀⠀⠀⠅⠀⠕⠀⠓⠀⠞⠀⠊&lt;/row&gt;
          &lt;row&gt;⠀&lt;/row&gt;
          &lt;row&gt;⠇⠀⠁⠀⠊⠀⠝⠀⠁⠀⠥⠀⠎⠀⠞⠀⠊⠀⠎⠀⠅⠀⠊⠀⠜⠄&lt;/row&gt;
          &lt;row&gt;⠀&lt;/row&gt;
          &lt;row&gt;⠠⠍⠀⠁⠀⠞⠀⠞⠀⠊⠀⠀⠀⠠⠍⠀⠜⠀⠽⠀⠗⠀⠜&lt;/row&gt;
          &lt;row&gt;⠀&lt;/row&gt;
          &lt;row&gt;⠚⠀⠜⠀⠜&lt;/row&gt;
          &lt;row&gt;⠀&lt;/row&gt;
          &lt;row&gt;⠅⠀⠥⠀⠥⠀⠝⠀⠞⠀⠑⠀⠇⠀⠑⠀⠍⠀⠁⠀⠁⠀⠝&lt;/row&gt;
          &lt;row&gt;⠀&lt;/row&gt;
          &lt;row&gt;⠍⠀⠥⠀⠎⠀⠊⠀⠊⠀⠅⠀⠅⠀⠊⠀⠁⠄&lt;/row&gt;
          &lt;row&gt;⠀&lt;/row&gt;
          &lt;row&gt;⠀&lt;/row&gt;
          &lt;row&gt;⠀&lt;/row&gt;
          &lt;row/&gt;
        &lt;/page&gt;
        &lt;page&gt;
          &lt;row&gt;⠀⠀⠀⠀⠀⠀⠀⠀⠀⠀⠀⠀⠀⠀⠀⠀⠀⠀⠀⠀⠀⠀⠀⠀⠀⠀⠀⠼⠛⠋&lt;/row&gt;
          &lt;row&gt;⠠⠍⠀⠊⠀⠊⠀⠝⠀⠁⠀⠀⠀⠚⠀⠁⠀⠀⠀⠠⠍⠀⠁⠀⠝⠀⠥&lt;/row&gt;
          &lt;row&gt;⠀&lt;/row&gt;
          &lt;row&gt;⠎⠀⠁⠀⠁⠀⠏⠀⠥⠀⠧⠀⠁⠀⠞&lt;/row&gt;
          &lt;row&gt;⠀&lt;/row&gt;
          &lt;row&gt;⠅⠀⠊⠀⠗⠀⠚⠀⠕⠀⠚⠀⠑⠀⠝&lt;/row&gt;
          &lt;row&gt;⠀&lt;/row&gt;
          &lt;row&gt;⠇⠀⠁⠀⠊⠀⠝⠀⠁⠀⠥⠀⠎⠀⠞⠀⠊⠀⠎⠀⠅⠀⠊⠀⠇⠀⠇⠀⠑⠄&lt;/row&gt;
          &lt;row&gt;⠀&lt;/row&gt;
          &lt;row&gt;⠤⠀⠀⠀⠠⠚⠀⠁⠀⠀⠀⠞⠀⠜⠀⠎⠀⠎⠀⠜⠀⠅⠀⠪&lt;/row&gt;
          &lt;row&gt;⠀&lt;/row&gt;
          &lt;row&gt;⠍⠀⠁⠀⠅⠀⠎⠀⠑⠀⠞⠀⠁⠀⠁⠀⠝⠂&lt;/row&gt;
          &lt;row&gt;⠀&lt;/row&gt;
          &lt;row&gt;⠠⠍⠀⠁⠀⠝⠀⠥&lt;/row&gt;
          &lt;row&gt;⠀&lt;/row&gt;
          &lt;row&gt;⠞⠀⠊⠀⠑⠀⠙⠀⠥⠀⠎⠀⠞⠀⠑⠀⠇⠀⠑⠀⠑&lt;/row&gt;
          &lt;row&gt;⠀&lt;/row&gt;
          &lt;row&gt;⠗⠀⠑⠀⠊⠀⠏⠀⠏⠀⠁⠀⠁⠀⠎⠀⠞⠀⠊⠄&lt;/row&gt;
          &lt;row&gt;⠀&lt;/row&gt;
          &lt;row&gt;⠀&lt;/row&gt;
          &lt;row&gt;⠀&lt;/row&gt;
          &lt;row&gt;⠤⠀⠀⠀⠠⠇⠀⠁⠀⠊⠀⠝⠀⠁⠀⠁⠀⠍⠀⠊⠀⠝⠀⠑⠀⠝&lt;/row&gt;
          &lt;row&gt;⠀&lt;/row&gt;
          &lt;row&gt;⠑⠀⠊⠀⠀⠀⠍⠀⠁⠀⠅⠀⠎⠀⠁&lt;/row&gt;
          &lt;row&gt;⠀&lt;/row&gt;
          &lt;row&gt;⠍⠀⠊⠀⠞⠀⠜⠀⠜⠀⠝⠂&lt;/row&gt;
          &lt;row/&gt;
        &lt;/page&gt;
        &lt;page&gt;
          &lt;row&gt;⠀⠀⠀⠀⠀⠀⠀⠀⠀⠀⠀⠀⠀⠀⠀⠀⠀⠀⠀⠀⠀⠀⠀⠀⠀⠀⠀⠼⠛⠛&lt;/row&gt;
          &lt;row&gt;⠅⠀⠊⠀⠗⠀⠚⠀⠁⠀⠎⠀⠞⠀⠕⠀⠝⠀⠤&lt;/row&gt;
          &lt;row&gt;⠀&lt;/row&gt;
          &lt;row&gt;⠓⠀⠕⠀⠊⠀⠞⠀⠁⠀⠚⠀⠁⠀⠀⠀⠅⠀⠑⠀⠗⠀⠞⠀⠕⠀⠕⠄&lt;/row&gt;
          &lt;row&gt;⠀&lt;/row&gt;
          &lt;row&gt;⠠⠍⠀⠊⠀⠊⠀⠝⠀⠁⠀⠀⠀⠁⠀⠎⠀⠑⠀⠞⠀⠞⠀⠁⠀⠁&lt;/row&gt;
          &lt;row&gt;⠀&lt;/row&gt;
          &lt;row&gt;⠞⠀⠊⠀⠎⠀⠅⠀⠊⠀⠇⠀⠇⠀⠑&lt;/row&gt;
          &lt;row&gt;⠀&lt;/row&gt;
          &lt;row&gt;⠍⠀⠁⠀⠍⠀⠍⠀⠥⠀⠞⠀⠞⠀⠊⠀⠅⠀⠊⠀⠗⠀⠚⠀⠁⠀⠝&lt;/row&gt;
          &lt;row&gt;⠀&lt;/row&gt;
          &lt;row&gt;⠚⠀⠁⠀⠀⠀⠜⠀⠜⠀⠝⠀⠊⠀⠇⠀⠑⠀⠧⠀⠽⠀⠝⠄&lt;/row&gt;
          &lt;row&gt;⠀&lt;/row&gt;
          &lt;row&gt;⠠⠎⠀⠊⠀⠞⠀⠞⠀⠑⠀⠝⠀⠀⠀⠓⠀⠜⠀⠝&lt;/row&gt;
          &lt;row&gt;⠀&lt;/row&gt;
          &lt;row&gt;⠁⠀⠝⠀⠞⠀⠁⠀⠁&lt;/row&gt;
          &lt;row&gt;⠀&lt;/row&gt;
          &lt;row&gt;⠅⠀⠊⠀⠗⠀⠚⠀⠁⠀⠎⠀⠞⠀⠕⠀⠅⠀⠕⠀⠗⠀⠞⠀⠊⠀⠝&lt;/row&gt;
          &lt;row&gt;⠀&lt;/row&gt;
          &lt;row&gt;⠅⠀⠊⠀⠗⠀⠚⠀⠁⠀⠎⠀⠞⠀⠕⠀⠝⠀⠤&lt;/row&gt;
          &lt;row&gt;⠀&lt;/row&gt;
          &lt;row&gt;⠓⠀⠕⠀⠊⠀⠞⠀⠁⠀⠚⠀⠁⠀⠇⠀⠇⠀⠑⠄&lt;/row&gt;
          &lt;row&gt;⠀&lt;/row&gt;
          &lt;row&gt;⠀&lt;/row&gt;
          &lt;row&gt;⠀&lt;/row&gt;
          &lt;row&gt;⠀&lt;/row&gt;
          &lt;row/&gt;
        &lt;/page&gt;
        &lt;page&gt;
          &lt;row&gt;⠀⠀⠀⠀⠀⠀⠀⠀⠀⠀⠀⠀⠀⠀⠀⠀⠀⠀⠀⠀⠀⠀⠀⠀⠀⠀⠀⠼⠛⠓&lt;/row&gt;
          &lt;row&gt;⠠⠅⠀⠥⠀⠝⠀⠀⠀⠠⠍⠀⠊⠀⠊⠀⠝⠀⠁⠀⠀⠀⠕⠀⠝&lt;/row&gt;
          &lt;row&gt;⠀&lt;/row&gt;
          &lt;row&gt;⠇⠀⠁⠀⠊⠀⠝⠀⠁⠀⠝⠀⠝⠀⠥⠀⠞&lt;/row&gt;
          &lt;row&gt;⠀&lt;/row&gt;
          &lt;row&gt;⠍⠀⠁⠀⠍⠀⠍⠀⠥⠀⠞⠀⠞⠀⠊⠀⠅⠀⠊⠀⠗⠀⠚⠀⠁⠀⠝&lt;/row&gt;
          &lt;row&gt;⠀&lt;/row&gt;
          &lt;row&gt;⠚⠀⠁⠀⠀⠀⠜⠀⠜⠀⠝⠀⠊⠀⠇⠀⠑⠀⠧⠀⠽⠀⠝⠂&lt;/row&gt;
          &lt;row&gt;⠀&lt;/row&gt;
          &lt;row&gt;⠇⠀⠁⠀⠏⠀⠎⠀⠑⠀⠞⠀⠀⠀⠎⠀⠁⠀⠝⠀⠕⠀⠧⠀⠁⠀⠞&lt;/row&gt;
          &lt;row&gt;⠀&lt;/row&gt;
          &lt;row&gt;⠝⠀⠜⠀⠅⠀⠑⠀⠍⠀⠊⠀⠊⠀⠝&lt;/row&gt;
          &lt;row&gt;⠀&lt;/row&gt;
          &lt;row&gt;⠚⠀⠁⠀⠀⠀⠁⠀⠎⠀⠞⠀⠑⠀⠇⠀⠑⠀⠧⠀⠁⠀⠞&lt;/row&gt;
          &lt;row&gt;⠀&lt;/row&gt;
          &lt;row&gt;⠥⠀⠇⠀⠕⠀⠎⠄&lt;/row&gt;
          &lt;row&gt;⠀&lt;/row&gt;
          &lt;row&gt;⠀&lt;/row&gt;
          &lt;row&gt;⠠⠥⠀⠇⠀⠅⠀⠕⠀⠝⠀⠁⠀⠀⠀⠓⠀⠑&lt;/row&gt;
          &lt;row&gt;⠀&lt;/row&gt;
          &lt;row&gt;⠕⠀⠞⠀⠞⠀⠁⠀⠧⠀⠁⠀⠞&lt;/row&gt;
          &lt;row&gt;⠀&lt;/row&gt;
          &lt;row&gt;⠏⠀⠕⠀⠇⠀⠅⠀⠥⠀⠏⠀⠽⠀⠪⠀⠗⠀⠜⠀⠞&lt;/row&gt;
          &lt;row&gt;⠀&lt;/row&gt;
          &lt;row&gt;⠅⠀⠊⠀⠗⠀⠚⠀⠁⠀⠎⠀⠞⠀⠕⠀⠝&lt;/row&gt;
          &lt;row&gt;⠀&lt;/row&gt;
          &lt;row&gt;⠑⠀⠙⠀⠑⠀⠎⠀⠞⠀⠜⠄&lt;/row&gt;
        &lt;/page&gt;
        &lt;page&gt;
          &lt;row&gt;⠀⠀⠀⠀⠀⠀⠀⠀⠀⠀⠀⠀⠀⠀⠀⠀⠀⠀⠀⠀⠀⠀⠀⠀⠀⠀⠀⠼⠛⠊&lt;/row&gt;
          &lt;row&gt;⠤⠀⠀⠀⠠⠎⠀⠊⠀⠞⠀⠞⠀⠑⠀⠝⠀⠀⠀⠧⠀⠁⠀⠊⠀⠝&lt;/row&gt;
          &lt;row&gt;⠀&lt;/row&gt;
          &lt;row&gt;⠎⠀⠥⠀⠥⠀⠝⠀⠞⠀⠁⠀⠀⠀⠅⠀⠕⠀⠞⠀⠊⠀⠁&lt;/row&gt;
          &lt;row&gt;⠀&lt;/row&gt;
          &lt;row&gt;⠅⠀⠕⠀⠓⠀⠞⠀⠊⠂⠀⠀⠀⠠⠍⠀⠊⠀⠊⠀⠝⠀⠁&lt;/row&gt;
          &lt;row&gt;⠀&lt;/row&gt;
          &lt;row&gt;⠓⠀⠊⠀⠓⠀⠅⠀⠁⠀⠊⠀⠎⠀⠑⠀⠑⠄&lt;/row&gt;
          &lt;row&gt;⠀&lt;/row&gt;
          &lt;row&gt;⠀&lt;/row&gt;
          &lt;row&gt;⠠⠍⠀⠊⠀⠊⠀⠝⠀⠁⠀⠀⠀⠚⠀⠁⠀⠀⠀⠠⠍⠀⠁⠀⠝⠀⠥&lt;/row&gt;
          &lt;row&gt;⠀&lt;/row&gt;
          &lt;row&gt;⠏⠀⠽⠀⠪⠀⠗⠀⠜⠀⠊⠀⠇⠀⠑⠀⠧⠀⠜⠀⠞&lt;/row&gt;
          &lt;row&gt;⠀&lt;/row&gt;
          &lt;row&gt;⠅⠀⠕⠀⠞⠀⠊⠀⠁⠀⠀⠀⠅⠀⠕⠀⠓⠀⠞⠀⠊&lt;/row&gt;
          &lt;row&gt;⠀&lt;/row&gt;
          &lt;row&gt;⠁⠀⠥⠀⠗⠀⠊⠀⠝⠀⠅⠀⠕⠀⠊⠀⠎⠀⠑⠀⠎⠀⠎⠀⠁&lt;/row&gt;
          &lt;row&gt;⠀&lt;/row&gt;
          &lt;row&gt;⠍⠀⠁⠀⠊⠀⠎⠀⠑⠀⠍⠀⠁⠀⠎⠀⠎⠀⠁⠄&lt;/row&gt;
          &lt;row&gt;⠀&lt;/row&gt;
          &lt;row&gt;⠀&lt;/row&gt;
          &lt;row&gt;⠀&lt;/row&gt;
          &lt;row&gt;⠤⠀⠀⠀⠠⠅⠀⠁⠀⠞⠀⠎⠀⠕⠂&lt;/row&gt;
          &lt;row&gt;⠀&lt;/row&gt;
          &lt;row&gt;⠠⠅⠀⠊⠀⠎⠀⠎⠀⠁⠀⠝⠀⠝⠀⠊⠀⠊⠀⠞⠀⠽⠀⠝&lt;/row&gt;
          &lt;row&gt;⠀&lt;/row&gt;
          &lt;row&gt;⠠⠚⠀⠥⠀⠎⠀⠎⠀⠊⠂⠀⠀⠠⠍⠀⠊⠀⠊⠀⠝⠀⠁&lt;/row&gt;
        &lt;/page&gt;
        &lt;page&gt;
          &lt;row&gt;⠀⠀⠀⠀⠀⠀⠀⠀⠀⠀⠀⠀⠀⠀⠀⠀⠀⠀⠀⠀⠀⠀⠀⠀⠀⠀⠀⠼⠓⠚&lt;/row&gt;
          &lt;row&gt;⠓⠀⠥⠀⠥⠀⠙⠀⠁⠀⠓⠀⠞⠀⠁⠀⠁&lt;/row&gt;
          &lt;row&gt;⠀&lt;/row&gt;
          &lt;row&gt;⠠⠍⠀⠁⠀⠝⠀⠥⠀⠇⠀⠇⠀⠑⠄&lt;/row&gt;
          &lt;row&gt;⠀&lt;/row&gt;
          &lt;row&gt;⠠⠓⠀⠑⠀⠀⠀⠏⠀⠽⠀⠎⠀⠜⠀⠓⠀⠞⠀⠽⠀⠧⠀⠜⠀⠞&lt;/row&gt;
          &lt;row&gt;⠀&lt;/row&gt;
          &lt;row&gt;⠠⠚⠀⠥⠀⠎⠀⠎⠀⠊⠀⠝⠀⠀⠀⠇⠀⠥⠀⠕⠀⠅⠀⠎⠀⠑⠄&lt;/row&gt;
          &lt;row&gt;⠀&lt;/row&gt;
          &lt;row&gt;⠀&lt;/row&gt;
          &lt;row&gt;⠤⠀⠀⠀⠠⠍⠀⠑⠀⠀⠀⠞⠀⠥⠀⠇⠀⠑⠀⠍⠀⠍⠀⠑&lt;/row&gt;
          &lt;row&gt;⠀&lt;/row&gt;
          &lt;row&gt;⠅⠀⠊⠀⠗⠀⠚⠀⠁⠀⠎⠀⠞⠀⠕⠀⠎⠀⠞⠀⠁⠂&lt;/row&gt;
          &lt;row&gt;⠀&lt;/row&gt;
          &lt;row&gt;⠠⠍⠀⠁⠀⠝⠀⠥⠀⠀⠀⠅⠀⠑⠀⠗⠀⠞⠀⠕⠀⠕&lt;/row&gt;
          &lt;row&gt;⠀&lt;/row&gt;
          &lt;row&gt;⠠⠚⠀⠥⠀⠎⠀⠎⠀⠊⠀⠇⠀⠇⠀⠑&lt;/row&gt;
          &lt;row&gt;⠀&lt;/row&gt;
          &lt;row&gt;⠞⠀⠕⠀⠓⠀⠅⠀⠑⠀⠊⠀⠎⠀⠎⠀⠁⠀⠁⠀⠝⠄&lt;/row&gt;
          &lt;row&gt;⠀&lt;/row&gt;
          &lt;row&gt;⠤⠀⠀⠀⠠⠅⠀⠜⠀⠧⠀⠊⠀⠍⠀⠍⠀⠑&lt;/row&gt;
          &lt;row&gt;⠀&lt;/row&gt;
          &lt;row&gt;⠑⠀⠞⠀⠎⠀⠊⠀⠍⠀⠜⠀⠎⠀⠎⠀⠜&lt;/row&gt;
          &lt;row&gt;⠀&lt;/row&gt;
          &lt;row&gt;⠞⠀⠊⠀⠑⠀⠞⠀⠕⠀⠁&lt;/row&gt;
          &lt;row&gt;⠀&lt;/row&gt;
          &lt;row&gt;⠍⠀⠁⠀⠍⠀⠍⠀⠥⠀⠞⠀⠑⠀⠊⠀⠎⠀⠞⠀⠁⠄&lt;/row&gt;
        &lt;/page&gt;
        &lt;page&gt;
          &lt;row&gt;⠀⠀⠀⠀⠀⠀⠀⠀⠀⠀⠀⠀⠀⠀⠀⠀⠀⠀⠀⠀⠀⠀⠀⠀⠀⠀⠀⠼⠓⠁&lt;/row&gt;
          &lt;row&gt;⠠⠍⠀⠊⠀⠊⠀⠝⠀⠁⠀⠀⠀⠕⠀⠞⠀⠞⠀⠁⠀⠁&lt;/row&gt;
          &lt;row&gt;⠀&lt;/row&gt;
          &lt;row&gt;⠗⠀⠑⠀⠏⠀⠥⠀⠎⠀⠞⠀⠁⠀⠀⠀⠑⠀⠎⠀⠊⠀⠝⠀⠑⠀⠑⠀⠝⠂&lt;/row&gt;
          &lt;row&gt;⠀&lt;/row&gt;
          &lt;row&gt;⠚⠀⠕⠀⠝⠀⠅⠀⠁⠀⠀⠀⠠⠍⠀⠁⠀⠝⠀⠥&lt;/row&gt;
          &lt;row&gt;⠀&lt;/row&gt;
          &lt;row&gt;⠇⠀⠪⠀⠽⠀⠎⠀⠊⠀⠀⠀⠍⠀⠑⠀⠞⠀⠎⠀⠜⠀⠎⠀⠞⠀⠜⠄&lt;/row&gt;
          &lt;row&gt;⠀&lt;/row&gt;
          &lt;row&gt;⠤⠀⠀⠀⠠⠇⠀⠥⠀⠥⠀⠇⠀⠊⠀⠍⠀⠍⠀⠑&lt;/row&gt;
          &lt;row&gt;⠀&lt;/row&gt;
          &lt;row&gt;⠞⠀⠜⠀⠞⠀⠜⠀⠀⠀⠍⠀⠁⠀⠍⠀⠍⠀⠥⠀⠞⠀⠊⠀⠝&lt;/row&gt;
          &lt;row&gt;⠀&lt;/row&gt;
          &lt;row&gt;⠓⠀⠁⠀⠍⠀⠏⠀⠁⠀⠁⠀⠅⠀⠎⠀⠊⠂&lt;/row&gt;
          &lt;row&gt;⠀&lt;/row&gt;
          &lt;row&gt;⠠⠍⠀⠊⠀⠊⠀⠝⠀⠁⠀⠀⠀⠅⠀⠑⠀⠗⠀⠞⠀⠕⠀⠕⠄&lt;/row&gt;
          &lt;row&gt;⠀&lt;/row&gt;
          &lt;row&gt;⠤⠀⠀⠀⠠⠕⠀⠊⠀⠅⠀⠑⠀⠊⠀⠝&lt;/row&gt;
          &lt;row&gt;⠀&lt;/row&gt;
          &lt;row&gt;⠎⠀⠽⠀⠪⠀⠅⠀⠎⠀⠽⠀⠤&lt;/row&gt;
          &lt;row&gt;⠀&lt;/row&gt;
          &lt;row&gt;⠓⠀⠁⠀⠍⠀⠏⠀⠁⠀⠁⠀⠅⠀⠎⠀⠊⠂&lt;/row&gt;
          &lt;row&gt;⠀&lt;/row&gt;
          &lt;row&gt;⠠⠍⠀⠁⠀⠝⠀⠥⠀⠀⠀⠞⠀⠁⠀⠗⠀⠅⠀⠑⠀⠝⠀⠞⠀⠁⠀⠁⠄&lt;/row&gt;
          &lt;row&gt;⠀&lt;/row&gt;
          &lt;row&gt;⠀&lt;/row&gt;
          &lt;row/&gt;
        &lt;/page&gt;
        &lt;page&gt;
          &lt;row&gt;⠀⠀⠀⠀⠀⠀⠀⠀⠀⠀⠀⠀⠀⠀⠀⠀⠀⠀⠀⠀⠀⠀⠀⠀⠀⠀⠀⠼⠓⠃&lt;/row&gt;
          &lt;row&gt;⠤⠀⠀⠀⠠⠝⠀⠜⠀⠽⠀⠞⠀⠞⠀⠜⠀⠅⠀⠜⠀⠜⠀⠏⠀⠜⠂&lt;/row&gt;
          &lt;row&gt;⠀&lt;/row&gt;
          &lt;row&gt;⠠⠚⠀⠥⠀⠎⠀⠎⠀⠊⠀⠀⠀⠏⠀⠽⠀⠽⠀⠞⠀⠜⠀⠜⠄&lt;/row&gt;
          &lt;row&gt;⠀&lt;/row&gt;
          &lt;row&gt;⠠⠓⠀⠜⠀⠝⠀⠀⠀⠅⠀⠜⠀⠜⠀⠝⠀⠞⠀⠑⠀⠇⠀⠑⠀⠑&lt;/row&gt;
          &lt;row&gt;⠀&lt;/row&gt;
          &lt;row&gt;⠑⠀⠎⠀⠊⠀⠝⠀⠑⠀⠞⠀⠞⠀⠜&lt;/row&gt;
          &lt;row&gt;⠀&lt;/row&gt;
          &lt;row&gt;⠅⠀⠜⠀⠎⠀⠊⠀⠎⠀⠎⠀⠜⠀⠜⠀⠝⠀⠀⠀⠚⠀⠁&lt;/row&gt;
          &lt;row&gt;⠀&lt;/row&gt;
          &lt;row&gt;⠅⠀⠁⠀⠞⠀⠎⠀⠕⠀⠕⠀⠀⠀⠎⠀⠊⠀⠞⠀⠜&lt;/row&gt;
          &lt;row&gt;⠀&lt;/row&gt;
          &lt;row&gt;⠞⠀⠁⠀⠗⠀⠅⠀⠁⠀⠎⠀⠞⠀⠊⠀⠀⠀⠚⠀⠕⠀⠅⠀⠁&lt;/row&gt;
          &lt;row&gt;⠀&lt;/row&gt;
          &lt;row&gt;⠏⠀⠥⠀⠕⠀⠇⠀⠑⠀⠇⠀⠞⠀⠁⠄&lt;/row&gt;
          &lt;row&gt;⠀&lt;/row&gt;
          &lt;row&gt;⠤⠀⠀⠀⠠⠞⠀⠁⠀⠊⠀⠙⠀⠁⠀⠝&lt;/row&gt;
          &lt;row&gt;⠀&lt;/row&gt;
          &lt;row&gt;⠞⠀⠊⠀⠑⠀⠞⠀⠜⠀⠜⠂⠀⠀⠀⠍⠀⠊⠀⠅⠀⠜&lt;/row&gt;
          &lt;row&gt;⠀&lt;/row&gt;
          &lt;row&gt;⠞⠀⠜⠀⠍⠀⠜⠀⠀⠀⠕⠀⠝⠂⠀⠀⠀⠓⠀⠜⠀⠝&lt;/row&gt;
          &lt;row&gt;⠀&lt;/row&gt;
          &lt;row&gt;⠎⠀⠁⠀⠝⠀⠕⠀⠕⠀⠀⠀⠇⠀⠕⠀⠏⠀⠥⠀⠇⠀⠞⠀⠁⠄&lt;/row&gt;
          &lt;row&gt;⠀&lt;/row&gt;
          &lt;row&gt;⠀&lt;/row&gt;
          &lt;row/&gt;
        &lt;/page&gt;
        &lt;page&gt;
          &lt;row&gt;⠀⠀⠀⠀⠀⠀⠀⠀⠀⠀⠀⠀⠀⠀⠀⠀⠀⠀⠀⠀⠀⠀⠀⠀⠀⠀⠀⠼⠓⠉&lt;/row&gt;
          &lt;row&gt;⠤⠀⠀⠀⠠⠝⠀⠕⠀⠀⠀⠍⠀⠊⠀⠅⠀⠜⠢&lt;/row&gt;
          &lt;row&gt;⠀&lt;/row&gt;
          &lt;row&gt;⠇⠀⠁⠀⠏⠀⠎⠀⠑⠀⠞&lt;/row&gt;
          &lt;row&gt;⠀&lt;/row&gt;
          &lt;row&gt;⠓⠀⠑⠀⠝⠀⠅⠀⠜⠀⠊⠀⠎⠀⠑⠀⠧⠀⠜⠀⠞⠄&lt;/row&gt;
          &lt;row&gt;⠀&lt;/row&gt;
          &lt;row&gt;⠤⠀⠀⠀⠠⠞⠀⠜⠀⠍⠀⠜⠀⠀⠀⠕⠀⠝&lt;/row&gt;
          &lt;row&gt;⠀&lt;/row&gt;
          &lt;row&gt;⠇⠀⠑⠀⠓⠀⠍⠀⠜⠀⠝⠀⠀⠀⠎⠀⠁⠀⠗⠀⠧⠀⠊⠄&lt;/row&gt;
          &lt;row&gt;⠀&lt;/row&gt;
          &lt;row&gt;⠀&lt;/row&gt;
          &lt;row&gt;⠤⠀⠀⠀⠠⠅⠀⠥⠀⠝⠀⠀⠀⠇⠀⠁⠀⠎⠀⠅⠀⠊⠀⠝&lt;/row&gt;
          &lt;row&gt;⠀&lt;/row&gt;
          &lt;row&gt;⠇⠀⠑⠀⠓⠀⠍⠀⠜⠀⠞&lt;/row&gt;
          &lt;row&gt;⠀&lt;/row&gt;
          &lt;row&gt;⠅⠀⠑⠀⠎⠀⠜⠀⠇⠀⠁⠀⠊⠀⠞⠀⠥⠀⠍⠀⠑⠀⠇⠀⠇⠀⠑⠂&lt;/row&gt;
          &lt;row&gt;⠀&lt;/row&gt;
          &lt;row&gt;⠝⠀⠑⠀⠀⠀⠝⠀⠁⠀⠓⠀⠊⠀⠎⠀⠞⠀⠑⠀⠇⠀⠊⠀⠧⠀⠁⠀⠞&lt;/row&gt;
          &lt;row&gt;⠀&lt;/row&gt;
          &lt;row&gt;⠎⠀⠊⠀⠊⠀⠞⠀⠜⠂⠀⠀⠀⠅⠀⠥⠀⠅⠀⠁⠀⠀⠀⠕⠀⠝&lt;/row&gt;
          &lt;row&gt;⠀&lt;/row&gt;
          &lt;row&gt;⠇⠀⠁⠀⠥⠀⠍⠀⠁⠀⠝⠀⠀⠀⠚⠀⠕⠀⠓⠀⠞⠀⠁⠀⠚⠀⠁⠄&lt;/row&gt;
          &lt;row&gt;⠀&lt;/row&gt;
          &lt;row&gt;⠀&lt;/row&gt;
          &lt;row&gt;⠀&lt;/row&gt;
          &lt;row/&gt;
        &lt;/page&gt;
        &lt;page&gt;
          &lt;row&gt;⠀⠀⠀⠀⠀⠀⠀⠀⠀⠀⠀⠀⠀⠀⠀⠀⠀⠀⠀⠀⠀⠀⠀⠀⠀⠀⠀⠼⠓⠙&lt;/row&gt;
          &lt;row&gt;⠠⠝⠀⠑⠀⠀⠀⠏⠀⠥⠀⠎⠀⠅⠀⠊⠀⠧⠀⠁⠀⠞&lt;/row&gt;
          &lt;row&gt;⠀&lt;/row&gt;
          &lt;row&gt;⠞⠀⠕⠀⠊⠀⠎⠀⠊⠀⠁⠀⠁⠀⠝⠂⠀⠀⠚⠀⠁&lt;/row&gt;
          &lt;row&gt;⠀&lt;/row&gt;
          &lt;row&gt;⠎⠀⠊⠀⠇⠀⠇⠀⠕⠀⠊⠀⠝⠀⠀⠀⠞⠀⠜⠀⠍⠀⠜&lt;/row&gt;
          &lt;row&gt;⠀&lt;/row&gt;
          &lt;row&gt;⠎⠀⠁⠀⠗⠀⠧⠀⠊⠀⠀⠀⠏⠀⠥⠀⠞⠀⠕⠀⠎⠀⠊&lt;/row&gt;
          &lt;row&gt;⠀&lt;/row&gt;
          &lt;row&gt;⠚⠀⠕⠀⠇⠀⠞⠀⠁⠀⠅⠀⠊⠀⠝&lt;/row&gt;
          &lt;row&gt;⠀&lt;/row&gt;
          &lt;row&gt;⠇⠀⠑⠀⠓⠀⠍⠀⠜⠀⠇⠀⠞⠀⠜⠂⠀⠀⠀⠠⠚⠀⠥⠀⠎⠀⠎⠀⠊&lt;/row&gt;
          &lt;row&gt;⠀&lt;/row&gt;
          &lt;row&gt;⠅⠀⠑⠀⠗⠀⠞⠀⠕⠀⠕⠄&lt;/row&gt;
          &lt;row&gt;⠀&lt;/row&gt;
          &lt;row&gt;⠤⠀⠀⠀⠠⠍⠀⠥⠀⠞⠀⠞⠀⠁&lt;/row&gt;
          &lt;row&gt;⠀&lt;/row&gt;
          &lt;row&gt;⠞⠀⠊⠀⠑⠀⠎⠀⠊⠀⠞⠀⠞⠀⠑⠀⠅⠀⠪⠀⠎&lt;/row&gt;
          &lt;row&gt;⠀&lt;/row&gt;
          &lt;row&gt;⠎⠀⠊⠀⠞⠀⠜⠂⠀⠀⠀⠑⠀⠞⠀⠞⠀⠜&lt;/row&gt;
          &lt;row&gt;⠀&lt;/row&gt;
          &lt;row&gt;⠑⠀⠝⠀⠝⠀⠑⠀⠝⠀⠀⠀⠧⠀⠁⠀⠝⠀⠓⠀⠁⠀⠁⠀⠝&lt;/row&gt;
          &lt;row&gt;⠀&lt;/row&gt;
          &lt;row&gt;⠧⠀⠊⠀⠊⠀⠅⠀⠊⠀⠝⠀⠛⠀⠊⠀⠞&lt;/row&gt;
          &lt;row&gt;⠀&lt;/row&gt;
          &lt;row&gt;⠞⠀⠑⠀⠅⠀⠊⠀⠧⠀⠜⠀⠞&lt;/row&gt;
          &lt;row/&gt;
        &lt;/page&gt;
        &lt;page&gt;
          &lt;row&gt;⠀⠀⠀⠀⠀⠀⠀⠀⠀⠀⠀⠀⠀⠀⠀⠀⠀⠀⠀⠀⠀⠀⠀⠀⠀⠀⠀⠼⠓⠑&lt;/row&gt;
          &lt;row&gt;⠞⠀⠜⠀⠇⠀⠇⠀⠁⠀⠊⠀⠎⠀⠊⠀⠎⠀⠞⠀⠁&lt;/row&gt;
          &lt;row&gt;⠀&lt;/row&gt;
          &lt;row&gt;⠎⠀⠁⠀⠗⠀⠧⠀⠊⠀⠎⠀⠞⠀⠁&lt;/row&gt;
          &lt;row&gt;⠀&lt;/row&gt;
          &lt;row&gt;⠚⠀⠥⠀⠕⠀⠍⠀⠁⠀⠤⠀⠁⠀⠎⠀⠞⠀⠊⠀⠕⠀⠊⠀⠞⠀⠁⠢&lt;/row&gt;
          &lt;row&gt;⠀&lt;/row&gt;
          &lt;row&gt;⠠⠚⠀⠥⠀⠎⠀⠎⠀⠊⠀⠀⠀⠅⠀⠽⠀⠎⠀⠽⠀⠽⠄&lt;/row&gt;
          &lt;row&gt;⠀&lt;/row&gt;
          &lt;row&gt;⠀&lt;/row&gt;
          &lt;row&gt;⠠⠞⠀⠊⠀⠑⠀⠞⠀⠕⠀⠀⠀⠕⠀⠝&lt;/row&gt;
          &lt;row&gt;⠀&lt;/row&gt;
          &lt;row&gt;⠇⠀⠁⠀⠏⠀⠎⠀⠊⠀⠇⠀⠇⠀⠑⠀⠀⠀⠥⠀⠥⠀⠎⠀⠊⠄&lt;/row&gt;
          &lt;row&gt;⠀&lt;/row&gt;
          &lt;row&gt;⠠⠍⠀⠁⠀⠝⠀⠥⠀⠀⠀⠏⠀⠜⠀⠜⠀⠞⠀⠞⠀⠜⠀⠜&lt;/row&gt;
          &lt;row&gt;⠀&lt;/row&gt;
          &lt;row&gt;⠍⠀⠊⠀⠑⠀⠇⠀⠑⠀⠎⠀⠎⠀⠜⠀⠜⠀⠝⠂&lt;/row&gt;
          &lt;row&gt;⠀&lt;/row&gt;
          &lt;row&gt;⠑⠀⠞⠀⠞⠀⠜⠀⠀⠀⠓⠀⠜⠀⠝&lt;/row&gt;
          &lt;row&gt;⠀&lt;/row&gt;
          &lt;row&gt;⠅⠀⠕⠀⠅⠀⠑⠀⠊⠀⠇⠀⠑⠀⠑&lt;/row&gt;
          &lt;row&gt;⠀&lt;/row&gt;
          &lt;row&gt;⠚⠀⠕⠀⠎⠀⠅⠀⠥⠀⠎⠂&lt;/row&gt;
          &lt;row&gt;⠀&lt;/row&gt;
          &lt;row&gt;⠧⠀⠕⠀⠊⠀⠅⠀⠕⠀⠀⠀⠇⠀⠑⠀⠓⠀⠍⠀⠜⠀⠝&lt;/row&gt;
          &lt;row&gt;⠀&lt;/row&gt;
          &lt;row&gt;⠎⠀⠁⠀⠗⠀⠧⠀⠑⠀⠎⠀⠞⠀⠁&lt;/row&gt;
        &lt;/page&gt;
        &lt;page&gt;
          &lt;row&gt;⠀⠀⠀⠀⠀⠀⠀⠀⠀⠀⠀⠀⠀⠀⠀⠀⠀⠀⠀⠀⠀⠀⠀⠀⠀⠀⠀⠼⠓⠋&lt;/row&gt;
          &lt;row&gt;⠚⠀⠥⠀⠕⠀⠙⠀⠁⠀⠀⠀⠅⠀⠁⠀⠁⠀⠅⠀⠁⠀⠕⠀⠞⠀⠁⠄&lt;/row&gt;
          &lt;row&gt;⠀&lt;/row&gt;
          &lt;row&gt;⠀&lt;/row&gt;
          &lt;row&gt;⠠⠧⠀⠁⠀⠊⠀⠅⠀⠅⠀⠁⠀⠀⠀⠕⠀⠥⠀⠞⠀⠕&lt;/row&gt;
          &lt;row&gt;⠀&lt;/row&gt;
          &lt;row&gt;⠑⠀⠎⠀⠊⠀⠝⠀⠑⠀⠀⠀⠑⠀⠊⠀⠀⠀⠕⠀⠇⠀⠇⠀⠥⠀⠞&lt;/row&gt;
          &lt;row&gt;⠀&lt;/row&gt;
          &lt;row&gt;⠍⠀⠁⠀⠍⠀⠍⠀⠥⠀⠞⠀⠊⠀⠝&lt;/row&gt;
          &lt;row&gt;⠀&lt;/row&gt;
          &lt;row&gt;⠎⠀⠽⠀⠪⠀⠅⠀⠎⠀⠽⠀⠓⠀⠁⠀⠍⠀⠍⠀⠁⠀⠎⠂&lt;/row&gt;
          &lt;row&gt;⠀&lt;/row&gt;
          &lt;row&gt;⠠⠍⠀⠊⠀⠊⠀⠝⠀⠁⠀⠎⠀⠞⠀⠁⠀⠀⠀⠕⠀⠇⠀⠊&lt;/row&gt;
          &lt;row&gt;⠀&lt;/row&gt;
          &lt;row&gt;⠓⠀⠁⠀⠥⠀⠎⠀⠅⠀⠁⠀⠀⠀⠅⠀⠜⠀⠽⠀⠙⠀⠜&lt;/row&gt;
          &lt;row&gt;⠀&lt;/row&gt;
          &lt;row&gt;⠅⠀⠊⠀⠗⠀⠚⠀⠁⠀⠎⠀⠞⠀⠕⠀⠎⠀⠎⠀⠁⠄&lt;/row&gt;
          &lt;row&gt;⠀&lt;/row&gt;
          &lt;row&gt;⠤⠀⠀⠀⠠⠍⠀⠁⠀⠝⠀⠥⠂⠀⠀⠀⠍⠀⠊⠀⠇⠀⠇⠀⠕⠀⠊⠀⠝&lt;/row&gt;
          &lt;row&gt;⠀&lt;/row&gt;
          &lt;row&gt;⠍⠀⠑⠀⠝⠀⠝⠀⠜⠀⠜⠀⠝⠀⠀⠀⠞⠀⠁⠀⠁⠀⠎&lt;/row&gt;
          &lt;row&gt;⠀&lt;/row&gt;
          &lt;row&gt;⠅⠀⠊⠀⠗⠀⠚⠀⠁⠀⠎⠀⠞⠀⠕⠀⠕⠀⠝&lt;/row&gt;
          &lt;row&gt;⠀&lt;/row&gt;
          &lt;row&gt;⠎⠀⠑⠀⠊⠀⠅⠀⠅⠀⠁⠀⠊⠀⠇⠀⠑⠀⠍⠀⠁⠀⠁⠀⠝⠢&lt;/row&gt;
          &lt;row&gt;⠀&lt;/row&gt;
          &lt;row/&gt;
        &lt;/page&gt;
        &lt;page&gt;
          &lt;row&gt;⠀⠀⠀⠀⠀⠀⠀⠀⠀⠀⠀⠀⠀⠀⠀⠀⠀⠀⠀⠀⠀⠀⠀⠀⠀⠀⠀⠼⠓⠛&lt;/row&gt;
          &lt;row&gt;⠠⠍⠀⠁⠀⠝⠀⠥⠀⠀⠀⠑⠀⠊⠀⠀⠀⠑⠀⠓⠀⠙⠀⠊&lt;/row&gt;
          &lt;row&gt;⠀&lt;/row&gt;
          &lt;row&gt;⠧⠀⠁⠀⠎⠀⠞⠀⠁⠀⠞⠀⠁⠄&lt;/row&gt;
          &lt;row&gt;⠀&lt;/row&gt;
          &lt;row&gt;⠠⠓⠀⠜⠀⠝⠀⠀⠀⠕⠀⠝&lt;/row&gt;
          &lt;row&gt;⠀&lt;/row&gt;
          &lt;row&gt;⠇⠀⠪⠀⠽⠀⠞⠀⠜⠀⠝⠀⠽⠀⠞⠀⠀⠀⠞⠀⠊⠀⠑⠀⠝&lt;/row&gt;
          &lt;row&gt;⠀&lt;/row&gt;
          &lt;row&gt;⠧⠀⠊⠀⠑⠀⠗⠀⠑⠀⠎⠀⠞⠀⠜&lt;/row&gt;
          &lt;row&gt;⠀&lt;/row&gt;
          &lt;row&gt;⠚⠀⠕⠀⠞⠀⠁⠀⠅⠀⠊⠀⠝&lt;/row&gt;
          &lt;row&gt;⠀&lt;/row&gt;
          &lt;row&gt;⠅⠀⠊⠀⠊⠀⠝⠀⠝⠀⠕⠀⠎⠀⠞⠀⠁⠀⠧⠀⠁⠀⠁⠄&lt;/row&gt;
          &lt;row&gt;⠀&lt;/row&gt;
          &lt;row&gt;⠠⠥⠀⠥⠀⠎⠀⠊⠀⠀⠀⠎⠀⠑⠀⠊⠀⠅⠀⠅⠀⠁⠀⠊⠀⠇⠀⠥&lt;/row&gt;
          &lt;row&gt;⠀&lt;/row&gt;
          &lt;row&gt;⠎⠀⠁⠀⠁⠀⠞⠀⠞⠀⠁⠀⠁⠀⠀⠀⠕⠀⠇⠀⠇⠀⠁&lt;/row&gt;
          &lt;row&gt;⠀&lt;/row&gt;
          &lt;row&gt;⠇⠀⠜⠀⠓⠀⠑⠀⠍⠀⠏⠀⠜⠀⠝⠀⠜⠀⠀⠀⠅⠀⠥⠀⠊⠀⠝&lt;/row&gt;
          &lt;row&gt;⠀&lt;/row&gt;
          &lt;row&gt;⠠⠍⠀⠊⠀⠊⠀⠝⠀⠁&lt;/row&gt;
          &lt;row&gt;⠀&lt;/row&gt;
          &lt;row&gt;⠁⠀⠗⠀⠧⠀⠁⠀⠁⠀⠅⠀⠁⠀⠁⠀⠝⠄&lt;/row&gt;
          &lt;row&gt;⠀&lt;/row&gt;
          &lt;row&gt;⠀&lt;/row&gt;
          &lt;row&gt;⠠⠇⠀⠕⠀⠏⠀⠏⠀⠥&lt;/row&gt;
        &lt;/page&gt;
        &lt;page&gt;
          &lt;row&gt;⠀⠀⠀⠀⠀⠀⠀⠀⠀⠀⠀⠀⠀⠀⠀⠀⠀⠀⠀⠀⠀⠀⠀⠀⠀⠀⠀⠼⠓⠓&lt;/row&gt;
          &lt;row&gt;⠠⠍⠀⠊⠀⠊⠀⠝⠀⠁⠀⠀⠀⠚⠀⠁⠀⠀⠀⠠⠍⠀⠁⠀⠝⠀⠥&lt;/row&gt;
          &lt;row&gt;⠀&lt;/row&gt;
          &lt;row&gt;⠅⠀⠊⠀⠗⠀⠚⠀⠁⠀⠎⠀⠞⠀⠕⠀⠎⠀⠎⠀⠁&lt;/row&gt;
          &lt;row&gt;⠀&lt;/row&gt;
          &lt;row&gt;⠀&lt;/row&gt;
          &lt;row&gt;⠠⠞⠀⠑⠀⠅⠀⠎⠀⠞⠀⠊⠒⠀⠀⠀⠠⠞⠀⠥⠀⠥⠀⠇⠀⠁&lt;/row&gt;
          &lt;row&gt;⠀&lt;/row&gt;
          &lt;row&gt;⠠⠏⠀⠥⠀⠗⠀⠁⠀⠝⠀⠑⠀⠝&lt;/row&gt;
          &lt;row&gt;⠀&lt;/row&gt;
          &lt;row&gt;⠀&lt;/row&gt;
          &lt;row&gt;⠠⠅⠀⠥⠀⠧⠀⠊⠀⠞⠀⠥⠀⠎⠒&lt;/row&gt;
          &lt;row&gt;⠀&lt;/row&gt;
          &lt;row&gt;⠠⠅⠀⠗⠀⠊⠀⠎⠀⠞⠀⠊⠀⠁⠀⠝&lt;/row&gt;
          &lt;row&gt;⠀&lt;/row&gt;
          &lt;row&gt;⠠⠓⠀⠥⠀⠊⠀⠞⠀⠥⠀⠇⠀⠁&lt;/row&gt;
          &lt;row&gt;⠀&lt;/row&gt;
          &lt;row&gt;⠀&lt;/row&gt;
          &lt;row&gt;⠠⠉⠀⠑⠀⠇⠀⠊⠀⠁⠀⠀⠀⠤&lt;/row&gt;
          &lt;row&gt;⠀&lt;/row&gt;
          &lt;row&gt;⠠⠝⠀⠜⠀⠅⠀⠪⠀⠧⠀⠁⠀⠍⠀⠍⠀⠁⠀⠊⠀⠎⠀⠞⠀⠑⠀⠝&lt;/row&gt;
          &lt;row&gt;⠀&lt;/row&gt;
          &lt;row&gt;⠅⠀⠊⠀⠗⠀⠚⠀⠁⠀⠎⠀⠞⠀⠕⠀⠀⠀⠼⠃⠚⠁⠙&lt;/row&gt;
          &lt;row&gt;⠀&lt;/row&gt;
          &lt;row&gt;⠀&lt;/row&gt;
          &lt;row&gt;⠀&lt;/row&gt;
          &lt;row/&gt;
        &lt;/page&gt;
        &lt;page&gt;
          &lt;row&gt;⠀⠀⠀⠀⠀⠀⠀⠀⠀⠀⠀⠀⠀⠀⠀⠀⠀⠀⠀⠀⠀⠀⠀⠀⠀⠀⠀⠼⠓⠊&lt;/row&gt;
          &lt;row&gt;⠠⠠⠊⠀⠎⠀⠃⠀⠝⠀⠀⠀⠼⠊⠛⠓⠤⠼⠊⠑⠁⠤⠼⠓⠋⠋⠤&lt;/row&gt;
          &lt;row&gt;⠀&lt;/row&gt;
          &lt;row&gt;⠼⠓⠋⠃⠤⠼⠊&lt;/row&gt;
          &lt;row&gt;⠀&lt;/row&gt;
          &lt;row&gt;⠀&lt;/row&gt;
          &lt;row&gt;⠠⠞⠀⠁⠀⠗⠀⠊⠀⠝⠀⠁⠀⠀⠀⠚⠀⠁&lt;/row&gt;
          &lt;row&gt;⠀&lt;/row&gt;
          &lt;row&gt;⠞⠀⠑⠀⠅⠀⠎⠀⠞⠀⠊⠀⠝&lt;/row&gt;
          &lt;row&gt;⠀&lt;/row&gt;
          &lt;row&gt;⠎⠀⠑⠀⠇⠀⠅⠀⠕⠀⠅⠀⠊⠀⠑⠀⠇⠀⠊⠒&lt;/row&gt;
          &lt;row&gt;⠀&lt;/row&gt;
          &lt;row&gt;⠠⠞⠀⠥⠀⠥⠀⠇⠀⠁⠀⠀⠀⠠⠏⠀⠥⠀⠗⠀⠁⠀⠝⠀⠑⠀⠝&lt;/row&gt;
          &lt;row&gt;⠀&lt;/row&gt;
          &lt;row&gt;⠀&lt;/row&gt;
          &lt;row&gt;⠠⠅⠀⠥⠀⠧⠀⠊⠀⠞⠀⠥⠀⠎⠒&lt;/row&gt;
          &lt;row&gt;⠀&lt;/row&gt;
          &lt;row&gt;⠠⠅⠀⠗⠀⠊⠀⠎⠀⠞⠀⠊⠀⠁⠀⠝&lt;/row&gt;
          &lt;row&gt;⠀&lt;/row&gt;
          &lt;row&gt;⠠⠓⠀⠥⠀⠊⠀⠞⠀⠥⠀⠇⠀⠁&lt;/row&gt;
          &lt;row&gt;⠀&lt;/row&gt;
          &lt;row&gt;⠀&lt;/row&gt;
          &lt;row&gt;⠠⠧⠀⠜⠀⠗⠀⠊⠀⠞⠀⠽⠀⠎⠒⠀⠀⠀⠠⠎⠀⠥⠀⠧⠀⠊&lt;/row&gt;
          &lt;row&gt;⠀&lt;/row&gt;
          &lt;row&gt;⠠⠞⠀⠑⠀⠑⠀⠗⠀⠑⠀⠝⠀⠓⠀⠕⠀⠧⠀⠊&lt;/row&gt;
          &lt;row&gt;⠀&lt;/row&gt;
          &lt;row/&gt;
        &lt;/page&gt;
        &lt;page&gt;
          &lt;row&gt;⠀⠀⠀⠀⠀⠀⠀⠀⠀⠀⠀⠀⠀⠀⠀⠀⠀⠀⠀⠀⠀⠀⠀⠀⠀⠀⠀⠼⠊⠚&lt;/row&gt;
          &lt;row&gt;⠠⠚⠀⠥⠀⠇⠀⠅⠀⠁⠀⠊⠀⠎⠀⠊⠀⠚⠀⠁⠒&lt;/row&gt;
          &lt;row&gt;⠀&lt;/row&gt;
          &lt;row&gt;⠠⠎⠀⠁⠀⠞⠀⠥⠀⠅⠀⠥⠀⠎⠀⠞⠀⠁⠀⠝⠀⠝⠀⠥⠀⠎&lt;/row&gt;
          &lt;row&gt;⠀&lt;/row&gt;
          &lt;row&gt;⠠⠕⠀⠽⠂⠀⠀⠀⠼⠁⠄⠀⠀⠀⠏⠀⠁⠀⠊⠀⠝⠀⠕⠀⠎&lt;/row&gt;
          &lt;row&gt;⠀&lt;/row&gt;
          &lt;row&gt;⠀&lt;/row&gt;
          &lt;row&gt;⠠⠏⠀⠁⠀⠊⠀⠝⠀⠑⠀⠞⠀⠞⠀⠥&lt;/row&gt;
          &lt;row&gt;⠀&lt;/row&gt;
          &lt;row&gt;⠠⠎⠀⠥⠀⠕⠀⠍⠀⠑⠀⠎⠀⠎⠀⠁⠀⠀⠀⠼⠃⠚⠁⠙&lt;/row&gt;
          &lt;row&gt;⠀&lt;/row&gt;
          &lt;row&gt;⠀&lt;/row&gt;
          &lt;row&gt;⠺⠀⠺⠀⠺⠄⠎⠀⠁⠀⠞⠀⠥⠀⠤&lt;/row&gt;
          &lt;row&gt;⠀&lt;/row&gt;
          &lt;row&gt;⠅⠀⠥⠀⠎⠀⠞⠀⠁⠀⠝⠀⠝⠀⠥⠀⠎⠄⠋⠀⠊&lt;/row&gt;
          &lt;row&gt;⠀&lt;/row&gt;
          &lt;row&gt;⠀&lt;/row&gt;
          &lt;row&gt;⠀&lt;/row&gt;
          &lt;row&gt;⠠⠓⠀⠽⠀⠧⠀⠜⠀⠀⠀⠇⠀⠥⠀⠅⠀⠊⠀⠚⠀⠁⠂&lt;/row&gt;
          &lt;row&gt;⠀&lt;/row&gt;
          &lt;row&gt;⠀&lt;/row&gt;
          &lt;row&gt;⠠⠍⠀⠊⠀⠊⠀⠝⠀⠁⠀⠀⠀⠚⠀⠁⠀⠀⠀⠠⠍⠀⠁⠀⠝⠀⠥&lt;/row&gt;
          &lt;row&gt;⠀&lt;/row&gt;
          &lt;row&gt;⠅⠀⠊⠀⠗⠀⠚⠀⠁⠀⠎⠀⠞⠀⠕⠀⠎⠀⠎⠀⠁⠀⠀⠀⠕⠀⠝&lt;/row&gt;
          &lt;row&gt;⠀&lt;/row&gt;
          &lt;row&gt;⠅⠀⠊⠀⠗⠀⠚⠀⠕⠀⠊⠀⠞⠀⠑⠀⠞⠀⠞⠀⠥&lt;/row&gt;
        &lt;/page&gt;
        &lt;page&gt;
          &lt;row&gt;⠀⠀⠀⠀⠀⠀⠀⠀⠀⠀⠀⠀⠀⠀⠀⠀⠀⠀⠀⠀⠀⠀⠀⠀⠀⠀⠀⠼⠊⠁&lt;/row&gt;
          &lt;row&gt;⠎⠀⠑⠀⠇⠀⠅⠀⠕⠀⠅⠀⠊⠀⠑⠀⠇⠀⠑⠀⠇⠀⠇⠀⠑⠄&lt;/row&gt;
          &lt;row&gt;⠀&lt;/row&gt;
          &lt;row&gt;⠠⠞⠀⠕⠀⠊⠀⠧⠀⠕⠀⠍⠀⠍⠀⠑&lt;/row&gt;
          &lt;row&gt;⠀&lt;/row&gt;
          &lt;row&gt;⠎⠀⠑⠀⠇⠀⠅⠀⠕⠀⠅⠀⠊⠀⠑⠀⠇⠀⠊⠀⠎⠀⠑⠀⠎⠀⠞⠀⠜&lt;/row&gt;
          &lt;row&gt;⠀&lt;/row&gt;
          &lt;row&gt;⠞⠀⠑⠀⠅⠀⠎⠀⠞⠀⠊⠀⠎⠀⠞⠀⠜&lt;/row&gt;
          &lt;row&gt;⠀&lt;/row&gt;
          &lt;row&gt;⠕⠀⠇⠀⠑⠀⠧⠀⠁⠀⠝⠀⠀⠀⠓⠀⠽⠀⠪⠀⠞⠀⠽⠀⠜&lt;/row&gt;
          &lt;row&gt;⠀&lt;/row&gt;
          &lt;row&gt;⠇⠀⠥⠀⠅⠀⠑⠀⠍⠀⠁⠀⠁⠀⠝&lt;/row&gt;
          &lt;row&gt;⠀&lt;/row&gt;
          &lt;row&gt;⠕⠀⠏⠀⠑⠀⠞⠀⠞⠀⠑⠀⠇⠀⠑⠀⠧⠀⠊⠀⠇⠀⠇⠀⠑&lt;/row&gt;
          &lt;row&gt;⠀&lt;/row&gt;
          &lt;row&gt;⠇⠀⠁⠀⠏⠀⠎⠀⠊⠀⠇⠀⠇⠀⠑⠀⠀⠀⠚⠀⠁&lt;/row&gt;
          &lt;row&gt;⠀&lt;/row&gt;
          &lt;row&gt;⠎⠀⠥⠀⠕⠀⠍⠀⠑⠀⠝⠀⠀⠀⠅⠀⠊⠀⠑⠀⠇⠀⠞⠀⠜&lt;/row&gt;
          &lt;row&gt;⠀&lt;/row&gt;
          &lt;row&gt;⠧⠀⠁⠀⠎⠀⠞⠀⠁&lt;/row&gt;
          &lt;row&gt;⠀&lt;/row&gt;
          &lt;row&gt;⠕⠀⠏⠀⠑⠀⠞⠀⠞⠀⠑⠀⠇⠀⠑⠀⠧⠀⠊⠀⠇⠀⠇⠀⠑&lt;/row&gt;
          &lt;row&gt;⠀&lt;/row&gt;
          &lt;row&gt;⠎⠀⠑⠀⠅⠀⠜⠀⠀⠀⠅⠀⠁⠀⠊⠀⠅⠀⠊⠀⠇⠀⠇⠀⠑&lt;/row&gt;
          &lt;row&gt;⠀&lt;/row&gt;
          &lt;row&gt;⠓⠀⠑⠀⠊⠀⠇⠀⠇⠀⠑⠂⠀⠀⠀⠚⠀⠕⠀⠊⠀⠇⠀⠇⠀⠑&lt;/row&gt;
          &lt;row/&gt;
        &lt;/page&gt;
        &lt;page&gt;
          &lt;row&gt;⠀⠀⠀⠀⠀⠀⠀⠀⠀⠀⠀⠀⠀⠀⠀⠀⠀⠀⠀⠀⠀⠀⠀⠀⠀⠀⠀⠼⠊⠃&lt;/row&gt;
          &lt;row&gt;⠅⠀⠊⠀⠑⠀⠇⠀⠊⠀⠀⠀⠑⠀⠊&lt;/row&gt;
          &lt;row&gt;⠀&lt;/row&gt;
          &lt;row&gt;⠓⠀⠁⠀⠓⠀⠍⠀⠕⠀⠞⠀⠥⠀⠀⠀⠅⠀⠕⠀⠧⠀⠊⠀⠝&lt;/row&gt;
          &lt;row&gt;⠀&lt;/row&gt;
          &lt;row&gt;⠓⠀⠑⠀⠇⠀⠏⠀⠕⠀⠎⠀⠞⠀⠊⠄&lt;/row&gt;
          &lt;row&gt;⠀&lt;/row&gt;
          &lt;row&gt;⠀&lt;/row&gt;
          &lt;row&gt;⠠⠞⠀⠕⠀⠊⠀⠍⠀⠊⠀⠞⠀⠞⠀⠁⠀⠚⠀⠁⠂&lt;/row&gt;
          &lt;row&gt;⠀&lt;/row&gt;
          &lt;row&gt;⠧⠀⠁⠀⠏⠀⠁⠀⠁&lt;/row&gt;
          &lt;row&gt;⠀&lt;/row&gt;
          &lt;row&gt;⠅⠀⠊⠀⠗⠀⠚⠀⠕⠀⠊⠀⠞⠀⠞⠀⠁⠀⠚⠀⠁&lt;/row&gt;
          &lt;row&gt;⠀&lt;/row&gt;
          &lt;row&gt;⠠⠞⠀⠥⠀⠥⠀⠇⠀⠁⠀⠀⠀⠠⠏⠀⠥⠀⠗⠀⠁⠀⠝⠀⠑⠀⠝&lt;/row&gt;
          &lt;row&gt;⠀&lt;/row&gt;
          &lt;row&gt;⠕⠀⠝⠀⠀⠀⠁⠀⠝⠀⠞⠀⠁⠀⠝⠀⠥⠀⠞&lt;/row&gt;
          &lt;row&gt;⠀&lt;/row&gt;
          &lt;row&gt;⠞⠀⠜⠀⠗⠀⠅⠀⠑⠀⠜⠀⠝&lt;/row&gt;
          &lt;row&gt;⠀&lt;/row&gt;
          &lt;row&gt;⠁⠀⠍⠀⠍⠀⠁⠀⠞⠀⠞⠀⠊⠀⠤&lt;/row&gt;
          &lt;row&gt;⠀&lt;/row&gt;
          &lt;row&gt;⠞⠀⠁⠀⠊⠀⠞⠀⠕⠀⠝⠀⠎⠀⠁⠂&lt;/row&gt;
          &lt;row&gt;⠀&lt;/row&gt;
          &lt;row&gt;⠎⠀⠑⠀⠇⠀⠅⠀⠕⠀⠅⠀⠊⠀⠑⠀⠇⠀⠑⠀⠝⠀⠀⠀⠚⠀⠁&lt;/row&gt;
          &lt;row&gt;⠀&lt;/row&gt;
          &lt;row&gt;⠞⠀⠁⠀⠗⠀⠊⠀⠝⠀⠁⠀⠝&lt;/row&gt;
        &lt;/page&gt;
        &lt;page&gt;
          &lt;row&gt;⠀⠀⠀⠀⠀⠀⠀⠀⠀⠀⠀⠀⠀⠀⠀⠀⠀⠀⠀⠀⠀⠀⠀⠀⠀⠀⠀⠼⠊⠉&lt;/row&gt;
          &lt;row&gt;⠗⠀⠁⠀⠅⠀⠑⠀⠝⠀⠞⠀⠁⠀⠍⠀⠊⠀⠎⠀⠑⠀⠝&lt;/row&gt;
          &lt;row&gt;⠀&lt;/row&gt;
          &lt;row&gt;⠞⠀⠁⠀⠊⠀⠙⠀⠕⠀⠝&lt;/row&gt;
          &lt;row&gt;⠀&lt;/row&gt;
          &lt;row&gt;⠊⠀⠇⠀⠕⠀⠅⠀⠎⠀⠑⠀⠍⠀⠍⠀⠑⠄&lt;/row&gt;
          &lt;row&gt;⠀&lt;/row&gt;
          &lt;row&gt;⠠⠅⠀⠥⠀⠧⠀⠊⠀⠞⠀⠞⠀⠁⠀⠚⠀⠁&lt;/row&gt;
          &lt;row&gt;⠀&lt;/row&gt;
          &lt;row&gt;⠠⠅⠀⠗⠀⠊⠀⠎⠀⠞⠀⠊⠀⠁⠀⠝&lt;/row&gt;
          &lt;row&gt;⠀&lt;/row&gt;
          &lt;row&gt;⠠⠓⠀⠥⠀⠊⠀⠞⠀⠥⠀⠇⠀⠁⠀⠀⠀⠕⠀⠝&lt;/row&gt;
          &lt;row&gt;⠀&lt;/row&gt;
          &lt;row&gt;⠇⠀⠕⠀⠊⠀⠓⠀⠞⠀⠊⠀⠝⠀⠥⠀⠞&lt;/row&gt;
          &lt;row&gt;⠀&lt;/row&gt;
          &lt;row&gt;⠠⠍⠀⠊⠀⠊⠀⠝⠀⠁⠀⠝⠀⠀⠀⠚⠀⠁&lt;/row&gt;
          &lt;row&gt;⠀&lt;/row&gt;
          &lt;row&gt;⠠⠍⠀⠁⠀⠝⠀⠥⠀⠝⠀⠀⠀⠊⠀⠝⠀⠝⠀⠕⠀⠝⠀⠀⠀⠚⠀⠁&lt;/row&gt;
          &lt;row&gt;⠀&lt;/row&gt;
          &lt;row&gt;⠊⠀⠓⠀⠍⠀⠑⠀⠞⠀⠞⠀⠑⠀⠇⠀⠽⠀⠝&lt;/row&gt;
          &lt;row&gt;⠀&lt;/row&gt;
          &lt;row&gt;⠓⠀⠁⠀⠥⠀⠎⠀⠅⠀⠕⠀⠊⠀⠅⠀⠎⠀⠊&lt;/row&gt;
          &lt;row&gt;⠀&lt;/row&gt;
          &lt;row&gt;⠅⠀⠥⠀⠧⠀⠊⠀⠅⠀⠎⠀⠊⠄&lt;/row&gt;
          &lt;row&gt;⠀&lt;/row&gt;
          &lt;row&gt;⠀&lt;/row&gt;
          &lt;row/&gt;
        &lt;/page&gt;
        &lt;page&gt;
          &lt;row&gt;⠀⠀⠀⠀⠀⠀⠀⠀⠀⠀⠀⠀⠀⠀⠀⠀⠀⠀⠀⠀⠀⠀⠀⠀⠀⠀⠀⠼⠊⠙&lt;/row&gt;
          &lt;row&gt;⠠⠅⠀⠊⠀⠊⠀⠞⠀⠜⠀⠍⠀⠍⠀⠑&lt;/row&gt;
          &lt;row&gt;⠀&lt;/row&gt;
          &lt;row&gt;⠇⠀⠜⠀⠍⠀⠏⠀⠊⠀⠍⠀⠜⠀⠎⠀⠞⠀⠊&lt;/row&gt;
          &lt;row&gt;⠀&lt;/row&gt;
          &lt;row&gt;⠠⠞⠀⠁⠀⠍⠀⠏⠀⠑⠀⠗⠀⠑⠀⠑⠀⠝&lt;/row&gt;
          &lt;row&gt;⠀&lt;/row&gt;
          &lt;row&gt;⠅⠀⠁⠀⠥⠀⠏⠀⠥⠀⠝⠀⠛⠀⠊⠀⠝⠀⠤&lt;/row&gt;
          &lt;row&gt;⠀&lt;/row&gt;
          &lt;row&gt;⠅⠀⠊⠀⠗⠀⠚⠀⠁⠀⠎⠀⠞⠀⠕⠀⠝&lt;/row&gt;
          &lt;row&gt;⠀&lt;/row&gt;
          &lt;row&gt;⠇⠀⠁⠀⠎⠀⠞⠀⠑⠀⠝⠀⠀⠀⠚⠀⠁&lt;/row&gt;
          &lt;row&gt;⠀&lt;/row&gt;
          &lt;row&gt;⠝⠀⠥⠀⠕⠀⠗⠀⠞⠀⠑⠀⠝⠀⠀⠀⠕⠀⠎⠀⠁⠀⠎⠀⠞⠀⠕⠀⠝&lt;/row&gt;
          &lt;row&gt;⠀&lt;/row&gt;
          &lt;row&gt;⠓⠀⠑⠀⠝⠀⠅⠀⠊⠀⠇⠀⠪⠀⠅⠀⠥⠀⠝⠀⠞⠀⠁⠀⠁&lt;/row&gt;
          &lt;row&gt;⠀&lt;/row&gt;
          &lt;row&gt;⠞⠀⠜⠀⠗⠀⠅⠀⠑⠀⠊⠀⠎⠀⠞⠀⠜&lt;/row&gt;
          &lt;row&gt;⠀&lt;/row&gt;
          &lt;row&gt;⠝⠀⠑⠀⠥⠀⠧⠀⠕⠀⠊⠀⠎⠀⠞⠀⠁⠄&lt;/row&gt;
          &lt;row&gt;⠀&lt;/row&gt;
          &lt;row&gt;⠀&lt;/row&gt;
          &lt;row&gt;⠀&lt;/row&gt;
          &lt;row&gt;⠠⠑⠀⠗⠀⠊⠀⠞⠀⠽⠀⠊⠀⠎⠀⠑⠀⠞&lt;/row&gt;
          &lt;row&gt;⠀&lt;/row&gt;
          &lt;row&gt;⠅⠀⠊⠀⠊⠀⠞⠀⠕⠀⠅⠀⠎⠀⠑⠀⠍⠀⠍⠀⠑&lt;/row&gt;
          &lt;row/&gt;
        &lt;/page&gt;
        &lt;page&gt;
          &lt;row&gt;⠀⠀⠀⠀⠀⠀⠀⠀⠀⠀⠀⠀⠀⠀⠀⠀⠀⠀⠀⠀⠀⠀⠀⠀⠀⠀⠀⠼⠊⠑&lt;/row&gt;
          &lt;row&gt;⠅⠀⠊⠀⠗⠀⠚⠀⠁⠀⠎⠀⠞⠀⠕⠀⠝⠀⠤&lt;/row&gt;
          &lt;row&gt;⠀&lt;/row&gt;
          &lt;row&gt;⠓⠀⠕⠀⠊⠀⠞⠀⠁⠀⠚⠀⠁&lt;/row&gt;
          &lt;row&gt;⠀&lt;/row&gt;
          &lt;row&gt;⠠⠅⠀⠁⠀⠞⠀⠁⠀⠗⠀⠊⠀⠊⠀⠝⠀⠁&lt;/row&gt;
          &lt;row&gt;⠀&lt;/row&gt;
          &lt;row&gt;⠠⠁⠀⠓⠀⠞⠀⠊⠀⠁⠀⠊⠀⠎⠀⠑⠀⠇⠀⠇⠀⠑⠂&lt;/row&gt;
          &lt;row&gt;⠀&lt;/row&gt;
          &lt;row&gt;⠚⠀⠕⠀⠅⠀⠁⠀⠀⠀⠕⠀⠝&lt;/row&gt;
          &lt;row&gt;⠀&lt;/row&gt;
          &lt;row&gt;⠞⠀⠊⠀⠊⠀⠧⠀⠊⠀⠎⠀⠞⠀⠜⠀⠝⠀⠽⠀⠞&lt;/row&gt;
          &lt;row&gt;⠀&lt;/row&gt;
          &lt;row&gt;⠅⠀⠊⠀⠗⠀⠚⠀⠁⠀⠝⠀⠀⠀⠇⠀⠕⠀⠏⠀⠥⠀⠎⠀⠞⠀⠁&lt;/row&gt;
          &lt;row&gt;⠀&lt;/row&gt;
          &lt;row&gt;⠇⠀⠪⠀⠽⠀⠞⠀⠽⠀⠧⠀⠊⠀⠊⠀⠝&lt;/row&gt;
          &lt;row&gt;⠀&lt;/row&gt;
          &lt;row&gt;⠞⠀⠑⠀⠅⠀⠎⠀⠞⠀⠑⠀⠊⠀⠓⠀⠊⠀⠝⠒&lt;/row&gt;
          &lt;row&gt;⠀&lt;/row&gt;
          &lt;row&gt;⠍⠀⠊⠀⠅⠀⠎⠀⠊⠀⠀⠀⠕⠀⠝&lt;/row&gt;
          &lt;row&gt;⠀&lt;/row&gt;
          &lt;row&gt;⠞⠀⠜⠀⠗⠀⠅⠀⠑⠀⠜⠀⠜⠀⠀⠀⠇⠀⠥⠀⠅⠀⠑⠀⠁&lt;/row&gt;
          &lt;row&gt;⠀&lt;/row&gt;
          &lt;row&gt;⠇⠀⠁⠀⠏⠀⠎⠀⠊⠀⠇⠀⠇⠀⠑⠀⠀⠀⠚⠀⠁&lt;/row&gt;
          &lt;row&gt;⠀&lt;/row&gt;
          &lt;row&gt;⠅⠀⠥⠀⠊⠀⠝⠀⠅⠀⠁&lt;/row&gt;
          &lt;row/&gt;
        &lt;/page&gt;
        &lt;page&gt;
          &lt;row&gt;⠀⠀⠀⠀⠀⠀⠀⠀⠀⠀⠀⠀⠀⠀⠀⠀⠀⠀⠀⠀⠀⠀⠀⠀⠀⠀⠀⠼⠊⠋&lt;/row&gt;
          &lt;row&gt;⠠⠎⠀⠥⠀⠕⠀⠍⠀⠑⠀⠎⠀⠎⠀⠁&lt;/row&gt;
          &lt;row&gt;⠀&lt;/row&gt;
          &lt;row&gt;⠅⠀⠊⠀⠗⠀⠚⠀⠁⠀⠎⠀⠞⠀⠕⠀⠁⠀⠀⠀⠧⠀⠕⠀⠊&lt;/row&gt;
          &lt;row&gt;⠀&lt;/row&gt;
          &lt;row&gt;⠅⠀⠜⠀⠽⠀⠞⠀⠞⠀⠜⠀⠜⠄&lt;/row&gt;
          &lt;row&gt;⠀&lt;/row&gt;
          &lt;row&gt;⠀&lt;/row&gt;
          &lt;row&gt;⠠⠍⠀⠊⠀⠊⠀⠝⠀⠁⠀⠀⠀⠚⠀⠁⠀⠀⠀⠠⠍⠀⠁⠀⠝⠀⠥&lt;/row&gt;
          &lt;row&gt;⠀&lt;/row&gt;
          &lt;row&gt;⠕⠀⠧⠀⠁⠀⠞⠀⠀⠀⠕⠀⠏⠀⠏⠀⠁⠀⠊⠀⠞⠀⠁&lt;/row&gt;
          &lt;row&gt;⠀&lt;/row&gt;
          &lt;row&gt;⠍⠀⠁⠀⠞⠀⠅⠀⠁⠀⠇⠀⠇⠀⠁&lt;/row&gt;
          &lt;row&gt;⠀&lt;/row&gt;
          &lt;row&gt;⠇⠀⠥⠀⠅⠀⠑⠀⠍⠀⠊⠀⠎⠀⠑⠀⠝&lt;/row&gt;
          &lt;row&gt;⠀&lt;/row&gt;
          &lt;row&gt;⠓⠀⠁⠀⠁⠀⠎⠀⠞⠀⠁⠀⠧⠀⠁⠀⠁⠀⠝⠀⠀⠀⠚⠀⠁&lt;/row&gt;
          &lt;row&gt;⠀&lt;/row&gt;
          &lt;row&gt;⠊⠀⠓⠀⠍⠀⠑⠀⠑⠀⠇⠀⠇⠀⠊⠀⠎⠀⠑⠀⠑⠀⠝&lt;/row&gt;
          &lt;row&gt;⠀&lt;/row&gt;
          &lt;row&gt;⠍⠀⠁⠀⠁⠀⠊⠀⠇⠀⠍⠀⠁⠀⠁⠀⠝⠂⠀⠀⠀⠚⠀⠕⠀⠅⠀⠁&lt;/row&gt;
          &lt;row&gt;⠀&lt;/row&gt;
          &lt;row&gt;⠕⠀⠝⠀⠀⠀⠅⠀⠁⠀⠊⠀⠅⠀⠅⠀⠊⠀⠑⠀⠝&lt;/row&gt;
          &lt;row&gt;⠀&lt;/row&gt;
          &lt;row&gt;⠥⠀⠇⠀⠕⠀⠞⠀⠞⠀⠥⠀⠧⠀⠊⠀⠇⠀⠇⠀⠁⠀⠀⠀⠤&lt;/row&gt;
          &lt;row&gt;⠀&lt;/row&gt;
          &lt;row&gt;⠅⠀⠊⠀⠊⠀⠞⠀⠕⠀⠎⠀⠀⠀⠚⠀⠥⠀⠇⠀⠅⠀⠊⠀⠎⠀⠑⠀⠝&lt;/row&gt;
        &lt;/page&gt;
        &lt;page&gt;
          &lt;row&gt;⠀⠀⠀⠀⠀⠀⠀⠀⠀⠀⠀⠀⠀⠀⠀⠀⠀⠀⠀⠀⠀⠀⠀⠀⠀⠀⠀⠼⠊⠛&lt;/row&gt;
          &lt;row&gt;⠅⠀⠊⠀⠗⠀⠚⠀⠁⠀⠎⠀⠞⠀⠕⠀⠤&lt;/row&gt;
          &lt;row&gt;⠀&lt;/row&gt;
          &lt;row&gt;⠇⠀⠁⠀⠊⠀⠞⠀⠕⠀⠅⠀⠎⠀⠑⠀⠝⠄&lt;/row&gt;
          &lt;row&gt;⠀&lt;/row&gt;
          &lt;row&gt;⠀&lt;/row&gt;
          &lt;row&gt;⠠⠞⠀⠁⠀⠍⠀⠏⠀⠑⠀⠗⠀⠑⠀⠑⠀⠇⠀⠇⠀⠁&lt;/row&gt;
          &lt;row&gt;⠀&lt;/row&gt;
          &lt;row&gt;⠼⠁⠑⠄⠚⠁⠄⠃⠚⠁⠙&lt;/row&gt;
          &lt;row&gt;⠀&lt;/row&gt;
          &lt;row&gt;⠠⠏⠀⠁⠀⠥⠀⠇⠀⠁⠀⠀⠀⠠⠓⠀⠊⠀⠓⠀⠝⠀⠁⠀⠇⠀⠁⠂&lt;/row&gt;
          &lt;row&gt;⠀&lt;/row&gt;
          &lt;row&gt;⠅⠀⠥⠀⠎⠀⠞⠀⠁⠀⠝⠀⠝⠀⠥⠀⠎⠀⠤&lt;/row&gt;
          &lt;row&gt;⠀&lt;/row&gt;
          &lt;row&gt;⠏⠀⠜⠀⠜⠀⠇⠀⠇⠀⠊⠀⠅⠀⠅⠀⠪&lt;/row&gt;
          &lt;row&gt;⠀&lt;/row&gt;
          &lt;row&gt;⠀&lt;/row&gt;
          &lt;row&gt;⠀&lt;/row&gt;
          &lt;row&gt;⠠⠇⠀⠥⠀⠑⠀⠀⠀⠇⠀⠁⠀⠏⠀⠎⠀⠑⠀⠇⠀⠇⠀⠑⠲&lt;/row&gt;
          &lt;row&gt;⠀&lt;/row&gt;
          &lt;row&gt;⠀&lt;/row&gt;
          &lt;row&gt;⠠⠇⠀⠁⠀⠏⠀⠎⠀⠑⠀⠇⠀⠇⠀⠑&lt;/row&gt;
          &lt;row&gt;⠀&lt;/row&gt;
          &lt;row&gt;⠇⠀⠥⠀⠅⠀⠑⠀⠍⠀⠊⠀⠝⠀⠑⠀⠝⠀⠀⠀⠕⠀⠝&lt;/row&gt;
          &lt;row&gt;⠀&lt;/row&gt;
          &lt;row&gt;⠍⠀⠥⠀⠅⠀⠁⠀⠧⠀⠁⠀⠀⠀⠚⠀⠁&lt;/row&gt;
          &lt;row/&gt;
        &lt;/page&gt;
        &lt;page&gt;
          &lt;row&gt;⠀⠀⠀⠀⠀⠀⠀⠀⠀⠀⠀⠀⠀⠀⠀⠀⠀⠀⠀⠀⠀⠀⠀⠀⠀⠀⠀⠼⠊⠓&lt;/row&gt;
          &lt;row&gt;⠗⠀⠁⠀⠥⠀⠓⠀⠁⠀⠇⠀⠇⠀⠊⠀⠝⠀⠑⠀⠝&lt;/row&gt;
          &lt;row&gt;⠀&lt;/row&gt;
          &lt;row&gt;⠓⠀⠑⠀⠞⠀⠅⠀⠊⠀⠀⠀⠕⠀⠇⠀⠇⠀⠁&lt;/row&gt;
          &lt;row&gt;⠀&lt;/row&gt;
          &lt;row&gt;⠽⠀⠓⠀⠙⠀⠑⠀⠎⠀⠎⠀⠜⠀⠀⠀⠇⠀⠁⠀⠏⠀⠎⠀⠑⠀⠝&lt;/row&gt;
          &lt;row&gt;⠀&lt;/row&gt;
          &lt;row&gt;⠅⠀⠁⠀⠝⠀⠎⠀⠎⠀⠁⠄&lt;/row&gt;
          &lt;row&gt;⠀&lt;/row&gt;
          &lt;row&gt;⠀&lt;/row&gt;
          &lt;row&gt;⠠⠞⠀⠑⠀⠑⠀⠀⠀⠽⠀⠓⠀⠞⠀⠑⠀⠊⠀⠎⠀⠊⠀⠎⠀⠞⠀⠜&lt;/row&gt;
          &lt;row&gt;⠀&lt;/row&gt;
          &lt;row&gt;⠇⠀⠥⠀⠅⠀⠥⠀⠓⠀⠑⠀⠞⠀⠅⠀⠊⠀⠎⠀⠞⠀⠜&lt;/row&gt;
          &lt;row&gt;⠀&lt;/row&gt;
          &lt;row&gt;⠎⠀⠜⠀⠜⠀⠝⠀⠝⠀⠪⠀⠇⠀⠇⠀⠊⠀⠝⠀⠑⠀⠝&lt;/row&gt;
          &lt;row&gt;⠀&lt;/row&gt;
          &lt;row&gt;⠞⠀⠁⠀⠏⠀⠁⠂⠀⠀⠀⠚⠀⠁⠀⠀⠀⠇⠀⠥⠀⠑&lt;/row&gt;
          &lt;row&gt;⠀&lt;/row&gt;
          &lt;row&gt;⠇⠀⠁⠀⠏⠀⠎⠀⠑⠀⠇⠀⠇⠀⠑&lt;/row&gt;
          &lt;row&gt;⠀&lt;/row&gt;
          &lt;row&gt;⠅⠀⠊⠀⠗⠀⠚⠀⠕⠀⠚⠀⠁⠂⠀⠀⠀⠚⠀⠕⠀⠊⠀⠎⠀⠞⠀⠁&lt;/row&gt;
          &lt;row&gt;⠀&lt;/row&gt;
          &lt;row&gt;⠓⠀⠜⠀⠝⠀⠀⠀⠕⠀⠝&lt;/row&gt;
          &lt;row&gt;⠀&lt;/row&gt;
          &lt;row&gt;⠅⠀⠊⠀⠊⠀⠝⠀⠝⠀⠕⠀⠎⠀⠞⠀⠥⠀⠝⠀⠥⠀⠞⠄&lt;/row&gt;
          &lt;row&gt;⠀&lt;/row&gt;
          &lt;row/&gt;
        &lt;/page&gt;
        &lt;page&gt;
          &lt;row&gt;⠀⠀⠀⠀⠀⠀⠀⠀⠀⠀⠀⠀⠀⠀⠀⠀⠀⠀⠀⠀⠀⠀⠀⠀⠀⠀⠀⠼⠊⠊&lt;/row&gt;
          &lt;row&gt;⠠⠧⠀⠕⠀⠊⠀⠞⠀⠀⠀⠚⠀⠕⠀⠥⠀⠞⠀⠥⠀⠁&lt;/row&gt;
          &lt;row&gt;⠀&lt;/row&gt;
          &lt;row&gt;⠇⠀⠥⠀⠅⠀⠑⠀⠍⠀⠁⠀⠁⠀⠝⠀⠀⠀⠎⠀⠁⠀⠍⠀⠁⠀⠁&lt;/row&gt;
          &lt;row&gt;⠀&lt;/row&gt;
          &lt;row&gt;⠅⠀⠊⠀⠗⠀⠚⠀⠁⠀⠁⠀⠀⠀⠽⠀⠓⠀⠜&lt;/row&gt;
          &lt;row&gt;⠀&lt;/row&gt;
          &lt;row&gt;⠥⠀⠥⠀⠙⠀⠑⠀⠎⠀⠞⠀⠁⠀⠁⠀⠝⠄&lt;/row&gt;
          &lt;row&gt;⠀&lt;/row&gt;
          &lt;row&gt;⠀&lt;/row&gt;
          &lt;row&gt;⠠⠅⠀⠥⠀⠝⠀⠀⠀⠇⠀⠥⠀⠑⠀⠞&lt;/row&gt;
          &lt;row&gt;⠀&lt;/row&gt;
          &lt;row&gt;⠇⠀⠁⠀⠏⠀⠎⠀⠑⠀⠇⠀⠇⠀⠑⠂⠀⠀⠓⠀⠜⠀⠝⠀⠑⠀⠝&lt;/row&gt;
          &lt;row&gt;⠀&lt;/row&gt;
          &lt;row&gt;⠍⠀⠊⠀⠑⠀⠇⠀⠊⠀⠤&lt;/row&gt;
          &lt;row&gt;⠀&lt;/row&gt;
          &lt;row&gt;⠅⠀⠥⠀⠧⠀⠊⠀⠞⠀⠥⠀⠅⠀⠎⠀⠑⠀⠝⠀⠎⠀⠁⠀⠀⠀⠚⠀⠁&lt;/row&gt;
          &lt;row&gt;⠀&lt;/row&gt;
          &lt;row&gt;⠎⠀⠁⠀⠝⠀⠁⠀⠧⠀⠁⠀⠗⠀⠁⠀⠎⠀⠞⠀⠕⠀⠝⠀⠎⠀⠁&lt;/row&gt;
          &lt;row&gt;⠀&lt;/row&gt;
          &lt;row&gt;⠅⠀⠑⠀⠓⠀⠊⠀⠞⠀⠞⠀⠽⠀⠧⠀⠜⠀⠞⠄&lt;/row&gt;
          &lt;row&gt;⠀&lt;/row&gt;
          &lt;row&gt;⠠⠎⠀⠁⠀⠞⠀⠥⠀⠤⠀⠀⠀⠚⠀⠁&lt;/row&gt;
          &lt;row&gt;⠀&lt;/row&gt;
          &lt;row&gt;⠅⠀⠥⠀⠧⠀⠁⠀⠅⠀⠊⠀⠗⠀⠚⠀⠁⠀⠞&lt;/row&gt;
          &lt;row&gt;⠀&lt;/row&gt;
          &lt;row&gt;⠕⠀⠏⠀⠑⠀⠞⠀⠞⠀⠁⠀⠧⠀⠁⠀⠞&lt;/row&gt;
        &lt;/page&gt;
        &lt;page&gt;
          &lt;row&gt;⠀⠀⠀⠀⠀⠀⠀⠀⠀⠀⠀⠀⠀⠀⠀⠀⠀⠀⠀⠀⠀⠀⠀⠀⠀⠀⠼⠁⠚⠚&lt;/row&gt;
          &lt;row&gt;⠇⠀⠁⠀⠏⠀⠎⠀⠑⠀⠇⠀⠇⠀⠑&lt;/row&gt;
          &lt;row&gt;⠀&lt;/row&gt;
          &lt;row&gt;⠞⠀⠥⠀⠝⠀⠞⠀⠑⠀⠊⠀⠞⠀⠁⠂⠀⠀⠚⠀⠁&lt;/row&gt;
          &lt;row&gt;⠀&lt;/row&gt;
          &lt;row&gt;⠓⠀⠁⠀⠥⠀⠎⠀⠅⠀⠁⠀⠞⠀⠀⠀⠅⠀⠊⠀⠗⠀⠚⠀⠁⠀⠞&lt;/row&gt;
          &lt;row&gt;⠀&lt;/row&gt;
          &lt;row&gt;⠊⠀⠇⠀⠁⠀⠓⠀⠙⠀⠥⠀⠞⠀⠞⠀⠁⠀⠧⠀⠁⠀⠞&lt;/row&gt;
          &lt;row&gt;⠀&lt;/row&gt;
          &lt;row&gt;⠓⠀⠜⠀⠝⠀⠞⠀⠜⠄&lt;/row&gt;
          &lt;row&gt;⠀&lt;/row&gt;
          &lt;row&gt;⠠⠇⠀⠥⠀⠅⠀⠑⠀⠍⠀⠊⠀⠝⠀⠑⠀⠝&lt;/row&gt;
          &lt;row&gt;⠀&lt;/row&gt;
          &lt;row&gt;⠁⠀⠥⠀⠞⠀⠞⠀⠁⠀⠁⠀⠀⠀⠅⠀⠑⠀⠎⠀⠅⠀⠊⠀⠞⠀⠤&lt;/row&gt;
          &lt;row&gt;⠀&lt;/row&gt;
          &lt;row&gt;⠞⠀⠽⠀⠍⠀⠜⠀⠜⠀⠝⠂⠀⠀⠀⠚⠀⠁&lt;/row&gt;
          &lt;row&gt;⠀&lt;/row&gt;
          &lt;row&gt;⠇⠀⠁⠀⠏⠀⠎⠀⠑⠀⠝⠀⠀⠀⠅⠀⠁⠀⠝⠀⠎⠀⠎⠀⠁&lt;/row&gt;
          &lt;row&gt;⠀&lt;/row&gt;
          &lt;row&gt;⠧⠀⠕⠀⠊⠀⠀⠀⠚⠀⠥⠀⠞⠀⠑⠀⠇⠀⠇⠀⠁&lt;/row&gt;
          &lt;row&gt;⠀&lt;/row&gt;
          &lt;row&gt;⠝⠀⠊⠀⠊⠀⠎⠀⠞⠀⠜&lt;/row&gt;
          &lt;row&gt;⠀&lt;/row&gt;
          &lt;row&gt;⠁⠀⠚⠀⠁⠀⠞⠀⠥⠀⠅⠀⠎⠀⠊⠀⠎⠀⠞⠀⠁⠂&lt;/row&gt;
          &lt;row&gt;⠀&lt;/row&gt;
          &lt;row&gt;⠚⠀⠕⠀⠊⠀⠞⠀⠁⠀⠀⠀⠅⠀⠊⠀⠗⠀⠚⠀⠁&lt;/row&gt;
          &lt;row/&gt;
        &lt;/page&gt;
        &lt;page&gt;
          &lt;row&gt;⠀⠀⠀⠀⠀⠀⠀⠀⠀⠀⠀⠀⠀⠀⠀⠀⠀⠀⠀⠀⠀⠀⠀⠀⠀⠀⠼⠁⠚⠁&lt;/row&gt;
          &lt;row&gt;⠓⠀⠑⠀⠗⠀⠜⠀⠞⠀⠞⠀⠜⠀⠜⠄&lt;/row&gt;
          &lt;row&gt;⠀&lt;/row&gt;
          &lt;row&gt;⠀&lt;/row&gt;
          &lt;row&gt;⠠⠇⠀⠥⠀⠑⠀⠀⠀⠇⠀⠁⠀⠏⠀⠎⠀⠑⠀⠇⠀⠇⠀⠑&lt;/row&gt;
          &lt;row&gt;⠀&lt;/row&gt;
          &lt;row&gt;⠍⠀⠕⠀⠝⠀⠑⠀⠝⠀⠇⠀⠁⠀⠊⠀⠎⠀⠊⠀⠁&lt;/row&gt;
          &lt;row&gt;⠀&lt;/row&gt;
          &lt;row&gt;⠅⠀⠊⠀⠗⠀⠚⠀⠕⠀⠚⠀⠁⠄&lt;/row&gt;
          &lt;row&gt;⠀&lt;/row&gt;
          &lt;row&gt;⠠⠍⠀⠽⠀⠪⠀⠎&lt;/row&gt;
          &lt;row&gt;⠀&lt;/row&gt;
          &lt;row&gt;⠧⠀⠁⠀⠁⠀⠞⠀⠊⠀⠍⠀⠁⠀⠞⠀⠕⠀⠝&lt;/row&gt;
          &lt;row&gt;⠀&lt;/row&gt;
          &lt;row&gt;⠅⠀⠊⠀⠗⠀⠚⠀⠁⠀⠀⠀⠧⠀⠕⠀⠊⠀⠀⠀⠁⠀⠝⠀⠞⠀⠁⠀⠁&lt;/row&gt;
          &lt;row&gt;⠀&lt;/row&gt;
          &lt;row&gt;⠇⠀⠁⠀⠏⠀⠎⠀⠑⠀⠇⠀⠇⠀⠑⠀⠀⠀⠎⠀⠽⠀⠧⠀⠊⠀⠜&lt;/row&gt;
          &lt;row&gt;⠀&lt;/row&gt;
          &lt;row&gt;⠑⠀⠇⠀⠜⠀⠍⠀⠽⠀⠅⠀⠎⠀⠊⠀⠜⠄&lt;/row&gt;
          &lt;row&gt;⠀&lt;/row&gt;
          &lt;row&gt;⠠⠅⠀⠥⠀⠧⠀⠁⠀⠞⠀⠀⠀⠚⠀⠁&lt;/row&gt;
          &lt;row&gt;⠀&lt;/row&gt;
          &lt;row&gt;⠍⠀⠕⠀⠝⠀⠊⠀⠏⠀⠥⠀⠕⠀⠇⠀⠊⠀⠎⠀⠑⠀⠞&lt;/row&gt;
          &lt;row&gt;⠀&lt;/row&gt;
          &lt;row&gt;⠞⠀⠑⠀⠅⠀⠎⠀⠞⠀⠊⠀⠞⠀⠀⠀⠁⠀⠝⠀⠞⠀⠁⠀⠧⠀⠁⠀⠞&lt;/row&gt;
          &lt;row&gt;⠀&lt;/row&gt;
          &lt;row&gt;⠇⠀⠁⠀⠏⠀⠎⠀⠑⠀⠇⠀⠇⠀⠑⠀⠀⠀⠑⠀⠧⠀⠜⠀⠊⠀⠞⠀⠜&lt;/row&gt;
        &lt;/page&gt;
        &lt;page&gt;
          &lt;row&gt;⠀⠀⠀⠀⠀⠀⠀⠀⠀⠀⠀⠀⠀⠀⠀⠀⠀⠀⠀⠀⠀⠀⠀⠀⠀⠀⠼⠁⠚⠃&lt;/row&gt;
          &lt;row&gt;⠑⠀⠇⠀⠜⠀⠍⠀⠜⠀⠜⠀⠝⠄&lt;/row&gt;
          &lt;row&gt;⠀&lt;/row&gt;
          &lt;row&gt;⠀&lt;/row&gt;
          &lt;row&gt;⠠⠚⠀⠕⠀⠀⠀⠏⠀⠁⠀⠗⠀⠊&lt;/row&gt;
          &lt;row&gt;⠀&lt;/row&gt;
          &lt;row&gt;⠅⠀⠥⠀⠥⠀⠅⠀⠁⠀⠥⠀⠞⠀⠞⠀⠁⠀⠀⠀⠧⠀⠁⠀⠝⠀⠓⠀⠁&lt;/row&gt;
          &lt;row&gt;⠀&lt;/row&gt;
          &lt;row&gt;⠧⠀⠁⠀⠥⠀⠧⠀⠁⠀⠀⠅⠀⠁⠀⠞⠀⠎⠀⠑⠀⠇⠀⠑⠀⠑&lt;/row&gt;
          &lt;row&gt;⠀&lt;/row&gt;
          &lt;row&gt;⠎⠀⠑⠀⠇⠀⠅⠀⠑⠀⠊⠀⠞⠀⠜⠀⠀⠀⠚⠀⠁&lt;/row&gt;
          &lt;row&gt;⠀&lt;/row&gt;
          &lt;row&gt;⠧⠀⠜⠀⠗⠀⠊⠀⠅⠀⠅⠀⠜⠀⠊⠀⠞⠀⠜&lt;/row&gt;
          &lt;row&gt;⠀&lt;/row&gt;
          &lt;row&gt;⠅⠀⠥⠀⠧⠀⠊⠀⠁⠂⠀⠀⠚⠀⠕⠀⠞⠀⠅⠀⠁&lt;/row&gt;
          &lt;row&gt;⠀&lt;/row&gt;
          &lt;row&gt;⠑⠀⠎⠀⠊⠀⠞⠀⠞⠀⠜⠀⠧⠀⠜⠀⠞&lt;/row&gt;
          &lt;row&gt;⠀&lt;/row&gt;
          &lt;row&gt;⠊⠀⠓⠀⠍⠀⠊⠀⠎⠀⠑⠀⠝&lt;/row&gt;
          &lt;row&gt;⠀&lt;/row&gt;
          &lt;row&gt;⠅⠀⠁⠀⠎⠀⠧⠀⠕⠀⠚⠀⠁⠄&lt;/row&gt;
          &lt;row&gt;⠀&lt;/row&gt;
          &lt;row&gt;⠀&lt;/row&gt;
          &lt;row&gt;⠀&lt;/row&gt;
          &lt;row&gt;⠀&lt;/row&gt;
          &lt;row&gt;⠀&lt;/row&gt;
          &lt;row/&gt;
        &lt;/page&gt;
        &lt;page&gt;
          &lt;row&gt;⠀⠀⠀⠀⠀⠀⠀⠀⠀⠀⠀⠀⠀⠀⠀⠀⠀⠀⠀⠀⠀⠀⠀⠀⠀⠀⠼⠁⠚⠉&lt;/row&gt;
          &lt;row&gt;⠠⠅⠀⠁⠀⠅⠀⠎⠀⠊⠀⠧⠀⠥⠀⠕⠀⠞⠀⠊⠀⠁⠀⠎&lt;/row&gt;
          &lt;row&gt;⠀&lt;/row&gt;
          &lt;row&gt;⠇⠀⠁⠀⠏⠀⠎⠀⠊&lt;/row&gt;
          &lt;row&gt;⠀&lt;/row&gt;
          &lt;row&gt;⠅⠀⠊⠀⠊⠀⠝⠀⠝⠀⠕⠀⠎⠀⠞⠀⠥⠀⠥&lt;/row&gt;
          &lt;row&gt;⠀&lt;/row&gt;
          &lt;row&gt;⠏⠀⠊⠀⠑⠀⠝⠀⠊⠀⠎⠀⠞⠀⠜&lt;/row&gt;
          &lt;row&gt;⠀&lt;/row&gt;
          &lt;row&gt;⠞⠀⠁⠀⠗⠀⠊⠀⠝⠀⠕⠀⠊⠀⠎⠀⠞⠀⠁⠂&lt;/row&gt;
          &lt;row&gt;⠀&lt;/row&gt;
          &lt;row&gt;⠚⠀⠕⠀⠊⠀⠎⠀⠎⠀⠁⠀⠀⠀⠕⠀⠝⠀⠀⠀⠅⠀⠥⠀⠧⠀⠊⠀⠁&lt;/row&gt;
          &lt;row&gt;⠀&lt;/row&gt;
          &lt;row&gt;⠎⠀⠑⠀⠅⠀⠜⠀⠀⠀⠞⠀⠥⠀⠞⠀⠞⠀⠥⠀⠚⠀⠁&lt;/row&gt;
          &lt;row&gt;⠀&lt;/row&gt;
          &lt;row&gt;⠓⠀⠁⠀⠓⠀⠍⠀⠕⠀⠚⠀⠁⠀⠀⠀⠚⠀⠁&lt;/row&gt;
          &lt;row&gt;⠀&lt;/row&gt;
          &lt;row&gt;⠞⠀⠁⠀⠏⠀⠁⠀⠓⠀⠞⠀⠥⠀⠍⠀⠊⠀⠁⠄&lt;/row&gt;
          &lt;row&gt;⠀&lt;/row&gt;
          &lt;row&gt;⠠⠓⠀⠜⠀⠝⠀⠀⠀⠕⠀⠝&lt;/row&gt;
          &lt;row&gt;⠀&lt;/row&gt;
          &lt;row&gt;⠗⠀⠊⠀⠑⠀⠍⠀⠥⠀⠊⠀⠎⠀⠎⠀⠁⠀⠁⠀⠝⠂&lt;/row&gt;
          &lt;row&gt;⠀&lt;/row&gt;
          &lt;row&gt;⠅⠀⠥⠀⠝⠀⠀⠀⠅⠀⠊⠀⠗⠀⠚⠀⠁⠀⠝&lt;/row&gt;
          &lt;row&gt;⠀&lt;/row&gt;
          &lt;row&gt;⠚⠀⠥⠀⠕⠀⠝⠀⠊⠀⠀⠀⠞⠀⠥⠀⠇⠀⠑⠀⠑&lt;/row&gt;
          &lt;row/&gt;
        &lt;/page&gt;
        &lt;page&gt;
          &lt;row&gt;⠀⠀⠀⠀⠀⠀⠀⠀⠀⠀⠀⠀⠀⠀⠀⠀⠀⠀⠀⠀⠀⠀⠀⠀⠀⠀⠼⠁⠚⠙&lt;/row&gt;
          &lt;row&gt;⠞⠀⠥⠀⠞⠀⠥⠀⠅⠀⠎⠀⠊&lt;/row&gt;
          &lt;row&gt;⠀&lt;/row&gt;
          &lt;row&gt;⠚⠀⠁⠀⠀⠀⠓⠀⠜⠀⠝⠀⠀⠀⠕⠀⠎⠀⠁⠀⠁&lt;/row&gt;
          &lt;row&gt;⠀&lt;/row&gt;
          &lt;row&gt;⠧⠀⠁⠀⠎⠀⠞⠀⠁⠀⠞⠀⠁&lt;/row&gt;
          &lt;row&gt;⠀&lt;/row&gt;
          &lt;row&gt;⠁⠀⠊⠀⠅⠀⠥⠀⠊⠀⠎⠀⠑⠀⠝&lt;/row&gt;
          &lt;row&gt;⠀&lt;/row&gt;
          &lt;row&gt;⠅⠀⠽⠀⠎⠀⠽⠀⠍⠀⠽⠀⠅⠀⠎⠀⠊⠀⠊⠀⠝⠄&lt;/row&gt;
          &lt;row&gt;⠀&lt;/row&gt;
          &lt;row&gt;⠀&lt;/row&gt;
          &lt;row&gt;⠠⠝⠀⠕⠀⠊⠀⠝&lt;/row&gt;
          &lt;row&gt;⠀&lt;/row&gt;
          &lt;row&gt;⠝⠀⠑⠀⠇⠀⠚⠀⠜⠀⠧⠀⠥⠀⠕⠀⠞⠀⠊⠀⠁⠀⠎&lt;/row&gt;
          &lt;row&gt;⠀&lt;/row&gt;
          &lt;row&gt;⠇⠀⠁⠀⠏⠀⠎⠀⠊⠀⠀⠀⠕⠀⠎⠀⠁⠀⠁&lt;/row&gt;
          &lt;row&gt;⠀&lt;/row&gt;
          &lt;row&gt;⠅⠀⠥⠀⠥⠀⠝⠀⠝⠀⠑⠀⠇⠀⠇⠀⠁&lt;/row&gt;
          &lt;row&gt;⠀&lt;/row&gt;
          &lt;row&gt;⠎⠀⠁⠀⠞⠀⠥⠀⠅⠀⠊⠀⠗⠀⠚⠀⠁⠀⠁⠄&lt;/row&gt;
          &lt;row&gt;⠀&lt;/row&gt;
          &lt;row&gt;⠠⠅⠀⠊⠀⠗⠀⠚⠀⠁⠀⠎⠀⠎⠀⠁⠀⠀⠀⠑⠀⠊&lt;/row&gt;
          &lt;row&gt;⠀&lt;/row&gt;
          &lt;row&gt;⠞⠀⠁⠀⠗⠀⠧⠀⠊⠀⠞⠀⠎⠀⠑⠀⠀⠀⠕⠀⠇⠀⠇⠀⠁&lt;/row&gt;
          &lt;row&gt;⠀&lt;/row&gt;
          &lt;row&gt;⠅⠀⠥⠀⠧⠀⠊⠀⠁&lt;/row&gt;
        &lt;/page&gt;
        &lt;page&gt;
          &lt;row&gt;⠀⠀⠀⠀⠀⠀⠀⠀⠀⠀⠀⠀⠀⠀⠀⠀⠀⠀⠀⠀⠀⠀⠀⠀⠀⠀⠼⠁⠚⠑&lt;/row&gt;
          &lt;row&gt;⠚⠀⠕⠀⠅⠀⠁⠀⠊⠀⠎⠀⠑⠀⠇⠀⠇⠀⠁&lt;/row&gt;
          &lt;row&gt;⠀&lt;/row&gt;
          &lt;row&gt;⠎⠀⠊⠀⠧⠀⠥⠀⠇⠀⠇⠀⠁⠄&lt;/row&gt;
          &lt;row&gt;⠀&lt;/row&gt;
          &lt;row&gt;⠀&lt;/row&gt;
          &lt;row&gt;⠠⠜⠀⠇⠀⠜⠀⠀⠀⠓⠀⠥⠀⠕⠀⠇⠀⠑⠀⠎⠀⠞⠀⠥⠂&lt;/row&gt;
          &lt;row&gt;⠀&lt;/row&gt;
          &lt;row&gt;⠚⠀⠕⠀⠎⠀⠀⠀⠇⠀⠁⠀⠏⠀⠎⠀⠑⠀⠎⠀⠊&lt;/row&gt;
          &lt;row&gt;⠀&lt;/row&gt;
          &lt;row&gt;⠑⠀⠊⠀⠀⠀⠕⠀⠇⠀⠑⠀⠀⠀⠽⠀⠓⠀⠞⠀⠜&lt;/row&gt;
          &lt;row&gt;⠀&lt;/row&gt;
          &lt;row&gt;⠅⠀⠊⠀⠊⠀⠝⠀⠝⠀⠕⠀⠎⠀⠞⠀⠥⠀⠝⠀⠥⠀⠞&lt;/row&gt;
          &lt;row&gt;⠀&lt;/row&gt;
          &lt;row&gt;⠅⠀⠊⠀⠗⠀⠚⠀⠕⠀⠊⠀⠎⠀⠞⠀⠁⠀⠀⠀⠅⠀⠥⠀⠊⠀⠝&lt;/row&gt;
          &lt;row&gt;⠀&lt;/row&gt;
          &lt;row&gt;⠽⠀⠎⠀⠞⠀⠜⠀⠧⠀⠜⠀⠎⠀⠊⠀⠀⠀⠞⠀⠁⠀⠊&lt;/row&gt;
          &lt;row&gt;⠀&lt;/row&gt;
          &lt;row&gt;⠞⠀⠥⠀⠞⠀⠞⠀⠥⠀⠎⠀⠊⠀⠀⠀⠇⠀⠁⠀⠏⠀⠎⠀⠊⠄&lt;/row&gt;
          &lt;row&gt;⠀&lt;/row&gt;
          &lt;row&gt;⠠⠊⠀⠓⠀⠍⠀⠊⠀⠎⠀⠑⠀⠞⠀⠀⠀⠕⠀⠧⠀⠁⠀⠞&lt;/row&gt;
          &lt;row&gt;⠀&lt;/row&gt;
          &lt;row&gt;⠑⠀⠗⠀⠊⠀⠇⠀⠁⠀⠊⠀⠎⠀⠊⠀⠁⠂⠀⠀⠚⠀⠁&lt;/row&gt;
          &lt;row&gt;⠀&lt;/row&gt;
          &lt;row&gt;⠅⠀⠕⠀⠅⠀⠑⠀⠊⠀⠇⠀⠑⠀⠍⠀⠁⠀⠇⠀⠇⠀⠁&lt;/row&gt;
          &lt;row&gt;⠀&lt;/row&gt;
          &lt;row&gt;⠇⠀⠪⠀⠽⠀⠙⠀⠜⠀⠞&lt;/row&gt;
        &lt;/page&gt;
        &lt;page&gt;
          &lt;row&gt;⠀⠀⠀⠀⠀⠀⠀⠀⠀⠀⠀⠀⠀⠀⠀⠀⠀⠀⠀⠀⠀⠀⠀⠀⠀⠀⠼⠁⠚⠋&lt;/row&gt;
          &lt;row&gt;⠎⠀⠑⠀⠇⠀⠇⠀⠁⠀⠊⠀⠎⠀⠑⠀⠞&lt;/row&gt;
          &lt;row&gt;⠀&lt;/row&gt;
          &lt;row&gt;⠇⠀⠥⠀⠅⠀⠥⠀⠞⠀⠕⠀⠞⠀⠞⠀⠥⠀⠍⠀⠥⠀⠅⠀⠎⠀⠑⠀⠞⠂&lt;/row&gt;
          &lt;row&gt;⠀&lt;/row&gt;
          &lt;row&gt;⠚⠀⠕⠀⠞⠀⠅⠀⠁⠀⠀⠀⠎⠀⠕⠀⠏⠀⠊⠀⠧⠀⠁⠀⠞&lt;/row&gt;
          &lt;row&gt;⠀&lt;/row&gt;
          &lt;row&gt;⠕⠀⠍⠀⠁⠀⠇⠀⠇⠀⠑&lt;/row&gt;
          &lt;row&gt;⠀&lt;/row&gt;
          &lt;row&gt;⠏⠀⠑⠀⠗⠀⠓⠀⠑⠀⠑⠀⠇⠀⠇⠀⠑⠀⠎⠀⠊⠄&lt;/row&gt;
          &lt;row&gt;⠀&lt;/row&gt;
          &lt;row&gt;⠀&lt;/row&gt;
          &lt;row&gt;⠠⠓⠀⠁⠀⠝⠀⠅⠀⠊⠀⠀⠀⠅⠀⠕⠀⠞⠀⠊⠀⠊⠀⠝&lt;/row&gt;
          &lt;row&gt;⠀&lt;/row&gt;
          &lt;row&gt;⠓⠀⠽⠀⠧⠀⠊⠀⠜⠀⠀⠀⠇⠀⠁⠀⠎⠀⠞⠀⠑⠀⠝⠀⠤&lt;/row&gt;
          &lt;row&gt;⠀&lt;/row&gt;
          &lt;row&gt;⠅⠀⠊⠀⠗⠀⠚⠀⠕⠀⠚⠀⠁⠄&lt;/row&gt;
          &lt;row&gt;⠀&lt;/row&gt;
          &lt;row&gt;⠠⠧⠀⠕⠀⠊⠀⠞⠀⠀⠀⠕⠀⠎⠀⠞⠀⠁⠀⠁&lt;/row&gt;
          &lt;row&gt;⠀&lt;/row&gt;
          &lt;row&gt;⠝⠀⠊⠀⠊⠀⠞⠀⠜⠀⠀⠀⠅⠀⠊⠀⠗⠀⠚⠀⠁⠀⠤&lt;/row&gt;
          &lt;row&gt;⠀&lt;/row&gt;
          &lt;row&gt;⠅⠀⠁⠀⠥⠀⠏⠀⠕⠀⠊⠀⠎⠀⠞⠀⠁⠄&lt;/row&gt;
          &lt;row&gt;⠀&lt;/row&gt;
          &lt;row&gt;⠀&lt;/row&gt;
          &lt;row&gt;⠀&lt;/row&gt;
          &lt;row/&gt;
        &lt;/page&gt;
        &lt;page&gt;
          &lt;row&gt;⠀⠀⠀⠀⠀⠀⠀⠀⠀⠀⠀⠀⠀⠀⠀⠀⠀⠀⠀⠀⠀⠀⠀⠀⠀⠀⠼⠁⠚⠛&lt;/row&gt;
          &lt;row&gt;⠠⠝⠀⠜⠀⠊⠀⠝⠀⠀⠀⠇⠀⠁⠀⠏⠀⠎⠀⠑⠀⠎⠀⠊&lt;/row&gt;
          &lt;row&gt;⠀&lt;/row&gt;
          &lt;row&gt;⠎⠀⠁⠀⠁⠀⠀⠀⠕⠀⠍⠀⠁⠀⠝&lt;/row&gt;
          &lt;row&gt;⠀&lt;/row&gt;
          &lt;row&gt;⠅⠀⠊⠀⠗⠀⠚⠀⠕⠀⠚⠀⠑⠀⠝&lt;/row&gt;
          &lt;row&gt;⠀&lt;/row&gt;
          &lt;row&gt;⠅⠀⠕⠀⠅⠀⠕⠀⠑⠀⠇⠀⠍⠀⠁⠀⠝⠄&lt;/row&gt;
          &lt;row&gt;⠀&lt;/row&gt;
          &lt;row&gt;⠀&lt;/row&gt;
          &lt;row&gt;⠠⠞⠀⠑⠀⠅⠀⠎⠀⠞⠀⠊⠒&lt;/row&gt;
          &lt;row&gt;⠀&lt;/row&gt;
          &lt;row&gt;⠠⠅⠀⠁⠀⠞⠀⠁⠀⠗⠀⠊⠀⠊⠀⠝⠀⠁&lt;/row&gt;
          &lt;row&gt;⠀&lt;/row&gt;
          &lt;row&gt;⠠⠁⠀⠓⠀⠞⠀⠊⠀⠁⠀⠊⠀⠝⠀⠑⠀⠝⠂&lt;/row&gt;
          &lt;row&gt;⠀&lt;/row&gt;
          &lt;row&gt;⠠⠞⠀⠁⠀⠍⠀⠏⠀⠑⠀⠗⠀⠑⠀⠑⠀⠝&lt;/row&gt;
          &lt;row&gt;⠀&lt;/row&gt;
          &lt;row&gt;⠅⠀⠁⠀⠥⠀⠏⠀⠥⠀⠝⠀⠛⠀⠊⠀⠝⠀⠤&lt;/row&gt;
          &lt;row&gt;⠀&lt;/row&gt;
          &lt;row&gt;⠅⠀⠊⠀⠗⠀⠚⠀⠁⠀⠎⠀⠞⠀⠕⠀⠝&lt;/row&gt;
          &lt;row&gt;⠀&lt;/row&gt;
          &lt;row&gt;⠇⠀⠁⠀⠎⠀⠞⠀⠑⠀⠝⠀⠀⠀⠚⠀⠁&lt;/row&gt;
          &lt;row&gt;⠀&lt;/row&gt;
          &lt;row&gt;⠝⠀⠥⠀⠕⠀⠗⠀⠞⠀⠑⠀⠝⠀⠀⠀⠕⠀⠎⠀⠁⠀⠎⠀⠞⠀⠕⠄&lt;/row&gt;
          &lt;row&gt;⠀&lt;/row&gt;
          &lt;row/&gt;
        &lt;/page&gt;
        &lt;page&gt;
          &lt;row&gt;⠀⠀⠀⠀⠀⠀⠀⠀⠀⠀⠀⠀⠀⠀⠀⠀⠀⠀⠀⠀⠀⠀⠀⠀⠀⠀⠼⠁⠚⠓&lt;/row&gt;
          &lt;row&gt;⠠⠍⠀⠥⠀⠕⠀⠅⠀⠅⠀⠁⠀⠥⠀⠎&lt;/row&gt;
          &lt;row&gt;⠀&lt;/row&gt;
          &lt;row&gt;⠎⠀⠑⠀⠇⠀⠅⠀⠕⠀⠅⠀⠊⠀⠑⠀⠇⠀⠑⠀⠇⠀⠇⠀⠑⠒&lt;/row&gt;
          &lt;row&gt;⠀&lt;/row&gt;
          &lt;row&gt;⠠⠞⠀⠥⠀⠥⠀⠇⠀⠁⠀⠀⠀⠠⠏⠀⠥⠀⠗⠀⠁⠀⠝⠀⠑⠀⠝&lt;/row&gt;
          &lt;row&gt;⠀&lt;/row&gt;
          &lt;row&gt;⠀&lt;/row&gt;
          &lt;row&gt;⠠⠅⠀⠜⠀⠽⠀⠞⠀⠜&lt;/row&gt;
          &lt;row&gt;⠀&lt;/row&gt;
          &lt;row&gt;⠅⠀⠊⠀⠗⠀⠚⠀⠁⠀⠎⠀⠞⠀⠕⠀⠁⠲&lt;/row&gt;
          &lt;row&gt;⠀&lt;/row&gt;
          &lt;row&gt;⠀&lt;/row&gt;
          &lt;row&gt;⠠⠧⠀⠕⠀⠊⠀⠞⠀⠀⠀⠇⠀⠁⠀⠊⠀⠝⠀⠁⠀⠞⠀⠁&lt;/row&gt;
          &lt;row&gt;⠀&lt;/row&gt;
          &lt;row&gt;⠇⠀⠁⠀⠎⠀⠞⠀⠑⠀⠝⠀⠅⠀⠊⠀⠗⠀⠚⠀⠕⠀⠚⠀⠁&lt;/row&gt;
          &lt;row&gt;⠀&lt;/row&gt;
          &lt;row&gt;⠅⠀⠊⠀⠗⠀⠚⠀⠁⠀⠎⠀⠞⠀⠕⠀⠎⠀⠞⠀⠁⠄&lt;/row&gt;
          &lt;row&gt;⠀&lt;/row&gt;
          &lt;row&gt;⠠⠎⠀⠊⠀⠑⠀⠇⠀⠞⠀⠜⠀⠀⠀⠧⠀⠕⠀⠊⠀⠞&lt;/row&gt;
          &lt;row&gt;⠀&lt;/row&gt;
          &lt;row&gt;⠍⠀⠽⠀⠪⠀⠎⠀⠀⠀⠅⠀⠽⠀⠎⠀⠽⠀⠜⠂&lt;/row&gt;
          &lt;row&gt;⠀&lt;/row&gt;
          &lt;row&gt;⠍⠀⠊⠀⠇⠀⠇⠀⠁⠀⠊⠀⠎⠀⠑⠀⠞&lt;/row&gt;
          &lt;row&gt;⠀&lt;/row&gt;
          &lt;row&gt;⠅⠀⠊⠀⠗⠀⠚⠀⠁⠀⠞⠀⠀⠀⠎⠀⠕⠀⠏⠀⠊⠀⠧⠀⠁⠀⠞&lt;/row&gt;
          &lt;row/&gt;
        &lt;/page&gt;
        &lt;page&gt;
          &lt;row&gt;⠀⠀⠀⠀⠀⠀⠀⠀⠀⠀⠀⠀⠀⠀⠀⠀⠀⠀⠀⠀⠀⠀⠀⠀⠀⠀⠼⠁⠚⠊&lt;/row&gt;
          &lt;row&gt;⠇⠀⠁⠀⠎⠀⠞⠀⠑⠀⠎⠀⠊&lt;/row&gt;
          &lt;row&gt;⠀&lt;/row&gt;
          &lt;row&gt;⠊⠀⠅⠀⠜⠀⠊⠀⠎⠀⠊⠀⠇⠀⠇⠀⠑&lt;/row&gt;
          &lt;row&gt;⠀&lt;/row&gt;
          &lt;row&gt;⠇⠀⠁⠀⠏⠀⠎⠀⠊⠀⠇⠀⠇⠀⠑⠄&lt;/row&gt;
          &lt;row&gt;⠀&lt;/row&gt;
          &lt;row&gt;⠀&lt;/row&gt;
          &lt;row&gt;⠠⠅⠀⠊⠀⠗⠀⠚⠀⠁⠀⠎⠀⠞⠀⠕⠀⠚⠀⠑⠀⠝&lt;/row&gt;
          &lt;row&gt;⠀&lt;/row&gt;
          &lt;row&gt;⠅⠀⠜⠀⠽⠀⠞⠀⠞⠀⠪⠀⠀⠀⠕⠀⠝&lt;/row&gt;
          &lt;row&gt;⠀&lt;/row&gt;
          &lt;row&gt;⠊⠀⠇⠀⠍⠀⠁⠀⠊⠀⠎⠀⠞⠀⠁⠄&lt;/row&gt;
          &lt;row&gt;⠀&lt;/row&gt;
          &lt;row&gt;⠀&lt;/row&gt;
          &lt;row&gt;⠀&lt;/row&gt;
          &lt;row&gt;⠠⠅⠀⠥⠀⠝⠀⠀⠀⠓⠀⠁⠀⠇⠀⠥⠀⠁⠀⠞&lt;/row&gt;
          &lt;row&gt;⠀&lt;/row&gt;
          &lt;row&gt;⠅⠀⠊⠀⠗⠀⠚⠀⠁⠀⠎⠀⠞⠀⠕⠀⠅⠀⠕⠀⠗⠀⠞⠀⠊⠀⠝⠂&lt;/row&gt;
          &lt;row&gt;⠀&lt;/row&gt;
          &lt;row&gt;⠕⠀⠞⠀⠁⠀⠀⠀⠓⠀⠑⠀⠝⠀⠅⠀⠊⠀⠇⠀⠪⠀⠤&lt;/row&gt;
          &lt;row&gt;⠀&lt;/row&gt;
          &lt;row&gt;⠞⠀⠕⠀⠙⠀⠊⠀⠎⠀⠞⠀⠥⠀⠎⠀⠀⠀⠍⠀⠥⠀⠅⠀⠁⠀⠁⠀⠝&lt;/row&gt;
          &lt;row&gt;⠀&lt;/row&gt;
          &lt;row&gt;⠅⠀⠊⠀⠗⠀⠚⠀⠁⠀⠎⠀⠞⠀⠕⠀⠕⠀⠝&lt;/row&gt;
          &lt;row&gt;⠀&lt;/row&gt;
          &lt;row&gt;⠚⠀⠁⠀⠀⠀⠅⠀⠑⠀⠗⠀⠗⠀⠕&lt;/row&gt;
        &lt;/page&gt;
        &lt;page&gt;
          &lt;row&gt;⠀⠀⠀⠀⠀⠀⠀⠀⠀⠀⠀⠀⠀⠀⠀⠀⠀⠀⠀⠀⠀⠀⠀⠀⠀⠀⠼⠁⠁⠚&lt;/row&gt;
          &lt;row&gt;⠅⠀⠊⠀⠗⠀⠚⠀⠁⠀⠎⠀⠞⠀⠕⠀⠝⠀⠤&lt;/row&gt;
          &lt;row&gt;⠀&lt;/row&gt;
          &lt;row&gt;⠓⠀⠕⠀⠊⠀⠞⠀⠁⠀⠚⠀⠁⠀⠇⠀⠇⠀⠑⠂&lt;/row&gt;
          &lt;row&gt;⠀&lt;/row&gt;
          &lt;row&gt;⠑⠀⠞⠀⠞⠀⠜⠀⠀⠀⠓⠀⠁⠀⠇⠀⠥⠀⠁⠀⠊⠀⠎⠀⠊⠀⠞&lt;/row&gt;
          &lt;row&gt;⠀&lt;/row&gt;
          &lt;row&gt;⠅⠀⠊⠀⠗⠀⠚⠀⠁⠀⠎⠀⠞⠀⠕⠀⠅⠀⠕⠀⠗⠀⠞⠀⠊⠀⠝⠄&lt;/row&gt;
          &lt;row&gt;⠀&lt;/row&gt;
          &lt;row&gt;⠀&lt;/row&gt;
          &lt;row&gt;⠠⠅⠀⠊⠀⠗⠀⠚⠀⠁⠀⠎⠀⠞⠀⠕⠀⠤&lt;/row&gt;
          &lt;row&gt;⠀&lt;/row&gt;
          &lt;row&gt;⠅⠀⠕⠀⠗⠀⠞⠀⠊⠀⠇⠀⠇⠀⠁⠀⠀⠀⠧⠀⠕⠀⠊⠀⠞&lt;/row&gt;
          &lt;row&gt;⠀&lt;/row&gt;
          &lt;row&gt;⠇⠀⠁⠀⠊⠀⠝⠀⠁⠀⠞⠀⠁⠀⠀⠀⠅⠀⠊⠀⠗⠀⠚⠀⠕⠀⠚⠀⠁&lt;/row&gt;
          &lt;row&gt;⠀&lt;/row&gt;
          &lt;row&gt;⠚⠀⠁⠀⠀⠀⠍⠀⠥⠀⠥⠀⠞⠀⠁&lt;/row&gt;
          &lt;row&gt;⠀&lt;/row&gt;
          &lt;row&gt;⠁⠀⠊⠀⠝⠀⠑⠀⠊⠀⠎⠀⠞⠀⠕⠀⠁⠂&lt;/row&gt;
          &lt;row&gt;⠀&lt;/row&gt;
          &lt;row&gt;⠑⠀⠎⠀⠊⠀⠍⠀⠑⠀⠗⠀⠅⠀⠊⠀⠅⠀⠎⠀⠊&lt;/row&gt;
          &lt;row&gt;⠀&lt;/row&gt;
          &lt;row&gt;⠑⠀⠇⠀⠕⠀⠅⠀⠥⠀⠧⠀⠊⠀⠁⠀⠀⠀⠚⠀⠁&lt;/row&gt;
          &lt;row&gt;⠀&lt;/row&gt;
          &lt;row&gt;⠍⠀⠥⠀⠎⠀⠊⠀⠊⠀⠅⠀⠅⠀⠊⠀⠁⠄&lt;/row&gt;
          &lt;row&gt;⠀&lt;/row&gt;
          &lt;row/&gt;
        &lt;/page&gt;
        &lt;page&gt;
          &lt;row&gt;⠀⠀⠀⠀⠀⠀⠀⠀⠀⠀⠀⠀⠀⠀⠀⠀⠀⠀⠀⠀⠀⠀⠀⠀⠀⠀⠼⠁⠁⠁&lt;/row&gt;
          &lt;row&gt;⠠⠎⠀⠥⠀⠕⠀⠍⠀⠑⠀⠎⠀⠎⠀⠁&lt;/row&gt;
          &lt;row&gt;⠀&lt;/row&gt;
          &lt;row&gt;⠅⠀⠊⠀⠗⠀⠚⠀⠁⠀⠎⠀⠞⠀⠕⠀⠚⠀⠁⠀⠀⠀⠕⠀⠝&lt;/row&gt;
          &lt;row&gt;⠀&lt;/row&gt;
          &lt;row&gt;⠅⠀⠁⠀⠊⠀⠅⠀⠊⠀⠇⠀⠇⠀⠁&lt;/row&gt;
          &lt;row&gt;⠀&lt;/row&gt;
          &lt;row&gt;⠏⠀⠁⠀⠊⠀⠅⠀⠅⠀⠁⠀⠅⠀⠥⠀⠝⠀⠝⠀⠊⠀⠇⠀⠇⠀⠁⠄&lt;/row&gt;
          &lt;row&gt;⠀&lt;/row&gt;
          &lt;row&gt;⠠⠚⠀⠕⠀⠎⠀⠀⠀⠅⠀⠊⠀⠗⠀⠚⠀⠁⠀⠎⠀⠞⠀⠕⠀⠁&lt;/row&gt;
          &lt;row&gt;⠀&lt;/row&gt;
          &lt;row&gt;⠑⠀⠊⠀⠀⠀⠕⠀⠇⠀⠑⠂⠀⠀⠎⠀⠑⠀⠥⠀⠙⠀⠥⠀⠇⠀⠇⠀⠁&lt;/row&gt;
          &lt;row&gt;⠀&lt;/row&gt;
          &lt;row&gt;⠅⠀⠊⠀⠑⠀⠗⠀⠞⠀⠜⠀⠜&lt;/row&gt;
          &lt;row&gt;⠀&lt;/row&gt;
          &lt;row&gt;⠅⠀⠊⠀⠗⠀⠚⠀⠁⠀⠎⠀⠞⠀⠕⠀⠁⠀⠥⠀⠞⠀⠕⠄&lt;/row&gt;
          &lt;row&gt;⠀&lt;/row&gt;
          &lt;row&gt;⠀&lt;/row&gt;
          &lt;row&gt;⠀&lt;/row&gt;
          &lt;row&gt;⠀&lt;/row&gt;
          &lt;row&gt;⠠⠅⠀⠜⠀⠽⠀⠞⠀⠞⠀⠪⠀⠕⠀⠊⠀⠅⠀⠑⠀⠥⠀⠎⠒&lt;/row&gt;
          &lt;row&gt;⠀&lt;/row&gt;
          &lt;row&gt;⠀&lt;/row&gt;
          &lt;row&gt;⠠⠞⠀⠜⠀⠍⠀⠜⠀⠀⠀⠅⠀⠊⠀⠗⠀⠚⠀⠁⠀⠀⠀⠕⠀⠝&lt;/row&gt;
          &lt;row&gt;⠀&lt;/row&gt;
          &lt;row&gt;⠧⠀⠁⠀⠇⠀⠍⠀⠊⠀⠎⠀⠞⠀⠑⠀⠞⠀⠞⠀⠥&lt;/row&gt;
          &lt;row/&gt;
        &lt;/page&gt;
        &lt;page&gt;
          &lt;row&gt;⠀⠀⠀⠀⠀⠀⠀⠀⠀⠀⠀⠀⠀⠀⠀⠀⠀⠀⠀⠀⠀⠀⠀⠀⠀⠀⠼⠁⠁⠃&lt;/row&gt;
          &lt;row&gt;⠞⠀⠑⠀⠅⠀⠊⠀⠚⠀⠜⠀⠝⠀⠕⠀⠊⠀⠅⠀⠑⠀⠥⠀⠎⠀⠤&lt;/row&gt;
          &lt;row&gt;⠀&lt;/row&gt;
          &lt;row&gt;⠇⠀⠁⠀⠊⠀⠝⠀⠀⠀⠼⠁⠛⠀⠀⠀⠏⠀⠽⠀⠅⠀⠜⠀⠇⠀⠜⠀⠝&lt;/row&gt;
          &lt;row&gt;⠀&lt;/row&gt;
          &lt;row&gt;⠝⠀⠕⠀⠚⠀⠁⠀⠇⠀⠇⠀⠁⠀⠀⠀⠚⠀⠁⠀⠀⠀⠕⠀⠝&lt;/row&gt;
          &lt;row&gt;⠀&lt;/row&gt;
          &lt;row&gt;⠞⠀⠁⠀⠗⠀⠅⠀⠕⠀⠊⠀⠞⠀⠑⠀⠞⠀⠞⠀⠥&lt;/row&gt;
          &lt;row&gt;⠀&lt;/row&gt;
          &lt;row&gt;⠁⠀⠊⠀⠝⠀⠕⠀⠁⠀⠎⠀⠞⠀⠁⠀⠁⠀⠝&lt;/row&gt;
          &lt;row&gt;⠀&lt;/row&gt;
          &lt;row&gt;⠝⠀⠜⠀⠅⠀⠪⠀⠧⠀⠁⠀⠍⠀⠍⠀⠁⠀⠊⠀⠎⠀⠞⠀⠑⠀⠝&lt;/row&gt;
          &lt;row&gt;⠀&lt;/row&gt;
          &lt;row&gt;⠚⠀⠁⠀⠀⠀⠍⠀⠥⠀⠊⠀⠙⠀⠑⠀⠝&lt;/row&gt;
          &lt;row&gt;⠀&lt;/row&gt;
          &lt;row&gt;⠇⠀⠥⠀⠅⠀⠑⠀⠍⠀⠊⠀⠎⠀⠑⠀⠎⠀⠞⠀⠑⠀⠊⠀⠎⠀⠤&lt;/row&gt;
          &lt;row&gt;⠀&lt;/row&gt;
          &lt;row&gt;⠞⠀⠑⠀⠝⠀⠀⠀⠅⠀⠜⠀⠽⠀⠞⠀⠞⠀⠪⠀⠪⠀⠝⠄&lt;/row&gt;
          &lt;row&gt;⠀&lt;/row&gt;
          &lt;row&gt;⠀&lt;/row&gt;
          &lt;row&gt;⠀&lt;/row&gt;
          &lt;row&gt;⠠⠅⠀⠥⠀⠎⠀⠞⠀⠁⠀⠝⠀⠞⠀⠁⠀⠚⠀⠁&lt;/row&gt;
          &lt;row&gt;⠀&lt;/row&gt;
          &lt;row&gt;⠑⠀⠎⠀⠊⠀⠞⠀⠞⠀⠑⠀⠇⠀⠑⠀⠑⠒&lt;/row&gt;
          &lt;row&gt;⠀&lt;/row&gt;
          &lt;row&gt;⠀&lt;/row&gt;
          &lt;row&gt;⠠⠍⠀⠊⠀⠊⠀⠝⠀⠁⠀⠀⠀⠚⠀⠁⠀⠀⠀⠠⠍⠀⠁⠀⠝⠀⠥&lt;/row&gt;
        &lt;/page&gt;
        &lt;page&gt;
          &lt;row&gt;⠀⠀⠀⠀⠀⠀⠀⠀⠀⠀⠀⠀⠀⠀⠀⠀⠀⠀⠀⠀⠀⠀⠀⠀⠀⠀⠼⠁⠁⠉&lt;/row&gt;
          &lt;row&gt;⠕⠀⠧⠀⠁⠀⠞⠀⠀⠀⠇⠀⠪⠀⠽⠀⠞⠀⠜⠀⠝⠀⠑⠀⠑⠀⠞&lt;/row&gt;
          &lt;row&gt;⠀&lt;/row&gt;
          &lt;row&gt;⠑⠀⠗⠀⠊⠀⠅⠀⠕⠀⠊⠀⠎⠀⠑⠀⠝&lt;/row&gt;
          &lt;row&gt;⠀&lt;/row&gt;
          &lt;row&gt;⠑⠀⠎⠀⠊⠀⠝⠀⠑⠀⠑⠀⠝&lt;/row&gt;
          &lt;row&gt;⠀&lt;/row&gt;
          &lt;row&gt;⠝⠀⠊⠀⠊⠀⠞⠀⠽⠀⠇⠀⠞⠀⠜⠄&lt;/row&gt;
          &lt;row&gt;⠀&lt;/row&gt;
          &lt;row&gt;⠠⠧⠀⠕⠀⠊⠀⠎⠀⠊⠀⠅⠀⠕⠀⠀⠀⠎⠀⠑⠀⠀⠀⠕⠀⠇⠀⠇⠀⠁&lt;/row&gt;
          &lt;row&gt;⠀&lt;/row&gt;
          &lt;row&gt;⠍⠀⠁⠀⠍⠀⠍⠀⠥⠀⠞⠀⠊⠀⠝⠀⠀⠀⠓⠀⠁⠀⠍⠀⠍⠀⠁⠀⠎⠢&lt;/row&gt;
          &lt;row&gt;⠀&lt;/row&gt;
          &lt;row&gt;⠀&lt;/row&gt;
          &lt;row&gt;⠠⠓⠀⠑⠀⠀⠀⠏⠀⠜⠀⠜⠀⠞⠀⠞⠀⠜⠀⠧⠀⠜⠀⠞&lt;/row&gt;
          &lt;row&gt;⠀&lt;/row&gt;
          &lt;row&gt;⠗⠀⠁⠀⠞⠀⠅⠀⠁⠀⠊⠀⠎⠀⠞⠀⠁&lt;/row&gt;
          &lt;row&gt;⠀&lt;/row&gt;
          &lt;row&gt;⠑⠀⠎⠀⠊⠀⠝⠀⠑⠀⠑⠀⠝&lt;/row&gt;
          &lt;row&gt;⠀&lt;/row&gt;
          &lt;row&gt;⠁⠀⠗⠀⠧⠀⠕⠀⠊⠀⠞⠀⠥⠀⠅⠀⠎⠀⠑⠀⠝&lt;/row&gt;
          &lt;row&gt;⠀&lt;/row&gt;
          &lt;row&gt;⠚⠀⠁⠀⠀⠀⠇⠀⠜⠀⠓⠀⠞⠀⠑⠀⠧⠀⠜⠀⠞&lt;/row&gt;
          &lt;row&gt;⠀&lt;/row&gt;
          &lt;row&gt;⠅⠀⠊⠀⠗⠀⠚⠀⠁⠀⠎⠀⠞⠀⠕⠀⠕⠀⠝⠲&lt;/row&gt;
          &lt;row&gt;⠀&lt;/row&gt;
          &lt;row/&gt;
        &lt;/page&gt;
        &lt;page&gt;
          &lt;row&gt;⠀⠀⠀⠀⠀⠀⠀⠀⠀⠀⠀⠀⠀⠀⠀⠀⠀⠀⠀⠀⠀⠀⠀⠀⠀⠀⠼⠁⠁⠙&lt;/row&gt;
          &lt;row&gt;⠠⠎⠀⠊⠀⠑⠀⠇⠀⠇⠀⠜⠀⠀⠀⠓⠀⠑&lt;/row&gt;
          &lt;row&gt;⠀&lt;/row&gt;
          &lt;row&gt;⠎⠀⠁⠀⠁⠀⠧⠀⠁⠀⠞⠀⠀⠀⠁⠀⠏⠀⠥⠀⠁&lt;/row&gt;
          &lt;row&gt;⠀&lt;/row&gt;
          &lt;row&gt;⠅⠀⠊⠀⠗⠀⠚⠀⠁⠀⠎⠀⠞⠀⠕⠀⠝⠀⠤&lt;/row&gt;
          &lt;row&gt;⠀&lt;/row&gt;
          &lt;row&gt;⠓⠀⠕⠀⠊⠀⠞⠀⠁⠀⠚⠀⠁⠀⠇⠀⠞⠀⠁&lt;/row&gt;
          &lt;row&gt;⠀&lt;/row&gt;
          &lt;row&gt;⠚⠀⠁⠀⠀⠀⠞⠀⠥⠀⠞⠀⠥⠀⠎⠀⠞⠀⠥⠀⠧⠀⠁⠀⠞&lt;/row&gt;
          &lt;row&gt;⠀&lt;/row&gt;
          &lt;row&gt;⠎⠀⠁⠀⠍⠀⠁⠀⠇⠀⠇⠀⠁&lt;/row&gt;
          &lt;row&gt;⠀&lt;/row&gt;
          &lt;row&gt;⠅⠀⠊⠀⠗⠀⠚⠀⠁⠀⠎⠀⠞⠀⠕⠀⠝&lt;/row&gt;
          &lt;row&gt;⠀&lt;/row&gt;
          &lt;row&gt;⠍⠀⠁⠀⠁⠀⠊⠀⠇⠀⠍⠀⠁⠀⠁⠀⠝⠄&lt;/row&gt;
          &lt;row&gt;⠀&lt;/row&gt;
          &lt;row&gt;⠀&lt;/row&gt;
          &lt;row&gt;⠠⠍⠀⠁⠀⠝⠀⠥⠀⠇⠀⠇⠀⠑&lt;/row&gt;
          &lt;row&gt;⠀&lt;/row&gt;
          &lt;row&gt;⠅⠀⠊⠀⠗⠀⠚⠀⠁⠀⠎⠀⠞⠀⠕⠀⠀⠀⠕⠀⠝&lt;/row&gt;
          &lt;row&gt;⠀&lt;/row&gt;
          &lt;row&gt;⠎⠀⠥⠀⠥⠀⠗⠀⠊⠀⠀⠀⠎⠀⠑⠀⠊⠀⠅⠀⠅⠀⠁⠀⠊⠀⠇⠀⠥⠂&lt;/row&gt;
          &lt;row&gt;⠀&lt;/row&gt;
          &lt;row&gt;⠅⠀⠕⠀⠎⠀⠅⠀⠁⠀⠀⠀⠓⠀⠜⠀⠝⠀⠀⠀⠕⠀⠝&lt;/row&gt;
          &lt;row&gt;⠀&lt;/row&gt;
          &lt;row&gt;⠎⠀⠊⠀⠑⠀⠇⠀⠇⠀⠜&lt;/row&gt;
        &lt;/page&gt;
        &lt;page&gt;
          &lt;row&gt;⠀⠀⠀⠀⠀⠀⠀⠀⠀⠀⠀⠀⠀⠀⠀⠀⠀⠀⠀⠀⠀⠀⠀⠀⠀⠀⠼⠁⠁⠑&lt;/row&gt;
          &lt;row&gt;⠑⠀⠝⠀⠎⠀⠊⠀⠍⠀⠍⠀⠜⠀⠊⠀⠎⠀⠞⠀⠜&lt;/row&gt;
          &lt;row&gt;⠀&lt;/row&gt;
          &lt;row&gt;⠅⠀⠑⠀⠗⠀⠞⠀⠁⠀⠁⠄&lt;/row&gt;
          &lt;row&gt;⠀&lt;/row&gt;
          &lt;row&gt;⠀&lt;/row&gt;
          &lt;row&gt;⠠⠕⠀⠥⠀⠙⠀⠕⠀⠝⠀⠀⠀⠑⠀⠎⠀⠊⠀⠝⠀⠑⠀⠑⠀⠝&lt;/row&gt;
          &lt;row&gt;⠀&lt;/row&gt;
          &lt;row&gt;⠁⠀⠗⠀⠧⠀⠕⠀⠊⠀⠞⠀⠥⠀⠎&lt;/row&gt;
          &lt;row&gt;⠀&lt;/row&gt;
          &lt;row&gt;⠗⠀⠁⠀⠞⠀⠅⠀⠑⠀⠁⠀⠁&lt;/row&gt;
          &lt;row&gt;⠀&lt;/row&gt;
          &lt;row&gt;⠅⠀⠊⠀⠗⠀⠚⠀⠁⠀⠎⠀⠞⠀⠕⠀⠝⠀⠀⠀⠚⠀⠁&lt;/row&gt;
          &lt;row&gt;⠀&lt;/row&gt;
          &lt;row&gt;⠠⠅⠀⠊⠀⠎⠀⠎⠀⠁⠀⠝⠀⠊⠀⠊⠀⠞⠀⠽⠀⠝&lt;/row&gt;
          &lt;row&gt;⠀&lt;/row&gt;
          &lt;row&gt;⠕⠀⠏⠀⠁⠀⠎⠀⠞⠀⠥⠀⠅⠀⠎⠀⠑⠀⠇⠀⠇⠀⠁⠄&lt;/row&gt;
          &lt;row&gt;⠀&lt;/row&gt;
          &lt;row&gt;⠀&lt;/row&gt;
          &lt;row&gt;⠀&lt;/row&gt;
          &lt;row&gt;⠠⠇⠀⠕⠀⠏⠀⠏⠀⠥&lt;/row&gt;
          &lt;row&gt;⠀&lt;/row&gt;
          &lt;row&gt;⠀&lt;/row&gt;
          &lt;row&gt;⠀&lt;/row&gt;
          &lt;row&gt;⠀&lt;/row&gt;
          &lt;row&gt;⠀&lt;/row&gt;
          &lt;row&gt;⠀&lt;/row&gt;
        &lt;/page&gt;
      &lt;/section&gt;
    &lt;/volume&gt;
  &lt;/body&gt;
&lt;/pef&gt;

Was:



application/x-pef+xml
identifier?
2015-10-21
(id:"com_braillo.BrailloTableProvider.TableType.BRAILLO_6DOT_001_00")





⠞⠕⠙⠕




</system-err></testcase></testsuite><testsuite timestamp="2015-10-21T10:27:19.205Z" hostname="localhost" tests="2" errors="0" failures="1" skipped="0" id="d3506e1" name="4336DoubleLetterSpacingPt3" package="http://www.daisy.org/ns/pipeline/xproc/internal" time="0.285">
<properties><property name="input: source" value="&lt;_ xmlns=&#34;http://www.daisy.org/z3986/2005/dtbook/&#34; ...&gt;...&lt;/_&gt; (Base URI: file:/Users/bert/src/snaekobbi/src/requirements/src/test/letter-spacing/test-celia.xprocspec)"/>

<property name="option: stylesheet" value="file:/Users/bert/src/snaekobbi/src/requirements/src/test/letter-spacing/style-celia.css"/>
<property name="option: transform" value="(formatter:dotify)(translator:celia)"/>
<property name="option: ascii-table" value="(id:&#34;com_braillo.BrailloTableProvider.TableType.BRAILLO_6DOT_001_00&#34;)"/>
<property name="option: temp-dir" value="file:/Users/bert/src/snaekobbi/src/requirements/target/xprocspec//tmp/xprocspec-20151021122714272/"/>

</properties>
<testcase name="theStepShouldExecuteSuccessfullyWithoutThrowingAnyErrors" classname="css-inline-and-px-transform-type-css" assertions="1" time="0" status="SUCCESS"><system-out>the step should execute successfully without throwing any errors: SUCCESS</system-out>
<system-err/></testcase><testcase name="result" classname="css-inline-and-px-transform-type-css" assertions="1" time="0" status="FAILED"><failure message="result" type="custom"/><system-out>result: FAILED</system-out>
<system-err>Expected:
&lt;pef xmlns="http://www.daisy.org/ns/2008/pef" version="2008-1"&gt;
  &lt;head&gt;
    &lt;meta xmlns:dc="http://purl.org/dc/elements/1.1/" xmlns:dp2="http://www.daisy.org/ns/pipeline"&gt;
      &lt;dc:date&gt;2015-10-21&lt;/dc:date&gt;
      &lt;dc:format&gt;application/x-pef+xml&lt;/dc:format&gt;
      &lt;dc:identifier&gt;AUTO_ID_368070343&lt;/dc:identifier&gt;
      &lt;dp2:ascii-table&gt;(id:'com_braillo.BrailloTableProvider.TableType.BRAILLO_6DOT_001_00')&lt;/dp2:ascii-table&gt;
    &lt;/meta&gt;
  &lt;/head&gt;
  &lt;body&gt;
    &lt;volume cols="30" rows="27" rowgap="0" duplex="false"&gt;
      &lt;section&gt;
        &lt;page&gt;
          &lt;row&gt;⠀⠀⠀⠀⠀⠀⠀⠀⠀⠀⠀⠀⠀⠀⠀⠀⠀⠀⠀⠀⠀⠀⠀⠀⠀⠀⠀⠀⠼⠁&lt;/row&gt;
          &lt;row&gt;⠠⠞⠀⠁⠀⠎⠀⠅⠀⠥⠀⠧⠀⠁⠀⠗⠀⠁⠀⠎&lt;/row&gt;
          &lt;row&gt;⠀&lt;/row&gt;
          &lt;row&gt;⠀&lt;/row&gt;
          &lt;row&gt;⠀&lt;/row&gt;
          &lt;row&gt;⠠⠁⠀⠝⠀⠝⠀⠁⠀⠀⠀⠠⠚⠀⠁⠀⠝⠀⠎⠀⠎⠀⠕⠀⠝&lt;/row&gt;
          &lt;row&gt;⠀&lt;/row&gt;
          &lt;row&gt;⠀&lt;/row&gt;
          &lt;row&gt;⠀&lt;/row&gt;
          &lt;row&gt;⠀&lt;/row&gt;
          &lt;row&gt;⠀&lt;/row&gt;
          &lt;row&gt;⠠⠞⠀⠁⠀⠗⠀⠅⠀⠑⠀⠍⠀⠍⠀⠁⠀⠞&lt;/row&gt;
          &lt;row&gt;⠀&lt;/row&gt;
          &lt;row&gt;⠞⠀⠊⠀⠑⠀⠙⠀⠕⠀⠞&lt;/row&gt;
          &lt;row&gt;⠀&lt;/row&gt;
          &lt;row&gt;⠅⠀⠊⠀⠗⠀⠚⠀⠁⠀⠎⠀⠞⠀⠁⠀⠀⠀⠕⠀⠧⠀⠁⠀⠞&lt;/row&gt;
          &lt;row&gt;⠀&lt;/row&gt;
          &lt;row&gt;⠅⠀⠊⠀⠗⠀⠚⠀⠁⠀⠝⠀⠀⠀⠇⠀⠕⠀⠏⠀⠥⠀⠎⠀⠎⠀⠁⠄&lt;/row&gt;
          &lt;row&gt;⠀&lt;/row&gt;
          &lt;row&gt;⠀&lt;/row&gt;
          &lt;row&gt;⠀&lt;/row&gt;
          &lt;row&gt;⠀&lt;/row&gt;
          &lt;row&gt;⠀&lt;/row&gt;
          &lt;row&gt;⠀&lt;/row&gt;
          &lt;row&gt;⠀&lt;/row&gt;
          &lt;row&gt;⠀&lt;/row&gt;
          &lt;row/&gt;
        &lt;/page&gt;
        &lt;page&gt;
          &lt;row&gt;⠀⠀⠀⠀⠀⠀⠀⠀⠀⠀⠀⠀⠀⠀⠀⠀⠀⠀⠀⠀⠀⠀⠀⠀⠀⠀⠀⠀⠼⠃&lt;/row&gt;
          &lt;row&gt;⠠⠑⠀⠍⠀⠊⠀⠇⠀⠀⠀⠠⠺⠀⠑⠀⠗⠀⠝&lt;/row&gt;
          &lt;row&gt;⠀&lt;/row&gt;
          &lt;row&gt;⠁⠀⠎⠀⠥⠀⠥⠀⠀⠀⠠⠧⠀⠊⠀⠎⠀⠃⠀⠽⠀⠎⠀⠎⠀⠜&lt;/row&gt;
          &lt;row&gt;⠀&lt;/row&gt;
          &lt;row&gt;⠚⠀⠥⠀⠥⠀⠗⠀⠊&lt;/row&gt;
          &lt;row&gt;⠀&lt;/row&gt;
          &lt;row&gt;⠅⠀⠁⠀⠥⠀⠏⠀⠥⠀⠝⠀⠛⠀⠊⠀⠝⠀⠤&lt;/row&gt;
          &lt;row&gt;⠀&lt;/row&gt;
          &lt;row&gt;⠍⠀⠥⠀⠥⠀⠗⠀⠊⠀⠝&lt;/row&gt;
          &lt;row&gt;⠀&lt;/row&gt;
          &lt;row&gt;⠎⠀⠥⠀⠕⠀⠚⠀⠁⠀⠎⠀⠎⠀⠁⠄&lt;/row&gt;
          &lt;row&gt;⠀&lt;/row&gt;
          &lt;row&gt;⠠⠏⠀⠥⠀⠥⠀⠞⠀⠁⠀⠗⠀⠓⠀⠁⠀⠎⠀⠎⠀⠁⠀⠀⠀⠕⠀⠝&lt;/row&gt;
          &lt;row&gt;⠀&lt;/row&gt;
          &lt;row&gt;⠧⠀⠁⠀⠝⠀⠓⠀⠁&lt;/row&gt;
          &lt;row&gt;⠀&lt;/row&gt;
          &lt;row&gt;⠅⠀⠑⠀⠇⠀⠞⠀⠁⠀⠊⠀⠝⠀⠑⠀⠝⠀⠀⠀⠅⠀⠕⠀⠚⠀⠥⠂&lt;/row&gt;
          &lt;row&gt;⠀&lt;/row&gt;
          &lt;row&gt;⠚⠀⠕⠀⠎⠀⠎⠀⠁⠀⠀⠀⠓⠀⠜⠀⠝⠀⠑⠀⠇⠀⠇⠀⠜&lt;/row&gt;
          &lt;row&gt;⠀&lt;/row&gt;
          &lt;row&gt;⠕⠀⠝⠀⠀⠀⠑⠀⠞⠀⠎⠀⠊⠀⠧⠀⠜⠀⠤&lt;/row&gt;
          &lt;row&gt;⠀&lt;/row&gt;
          &lt;row&gt;⠞⠀⠕⠀⠊⠀⠍⠀⠊⠀⠎⠀⠞⠀⠕⠄&lt;/row&gt;
          &lt;row&gt;⠀&lt;/row&gt;
          &lt;row&gt;⠀&lt;/row&gt;
          &lt;row/&gt;
        &lt;/page&gt;
        &lt;page&gt;
          &lt;row&gt;⠀⠀⠀⠀⠀⠀⠀⠀⠀⠀⠀⠀⠀⠀⠀⠀⠀⠀⠀⠀⠀⠀⠀⠀⠀⠀⠀⠀⠼⠉&lt;/row&gt;
          &lt;row&gt;⠠⠚⠀⠁⠀⠀⠀⠎⠀⠊⠀⠞⠀⠜&lt;/row&gt;
          &lt;row&gt;⠀&lt;/row&gt;
          &lt;row&gt;⠞⠀⠕⠀⠙⠀⠑⠀⠇⠀⠇⠀⠁⠀⠅⠀⠊⠀⠝&lt;/row&gt;
          &lt;row&gt;⠀&lt;/row&gt;
          &lt;row&gt;⠞⠀⠁⠀⠗⠀⠧⠀⠊⠀⠞⠀⠁⠀⠁⠀⠝⠲&lt;/row&gt;
          &lt;row&gt;⠀&lt;/row&gt;
          &lt;row&gt;⠀&lt;/row&gt;
          &lt;row&gt;⠠⠁⠀⠏⠀⠥⠀⠝⠀⠁⠀⠁⠀⠝&lt;/row&gt;
          &lt;row&gt;⠀&lt;/row&gt;
          &lt;row&gt;⠠⠑⠀⠍⠀⠊⠀⠇⠀⠊⠀⠇⠀⠇⠀⠜⠀⠀⠀⠕⠀⠧⠀⠁⠀⠞&lt;/row&gt;
          &lt;row&gt;⠀&lt;/row&gt;
          &lt;row&gt;⠏⠀⠊⠀⠅⠀⠅⠀⠥⠀⠎⠀⠊⠀⠎⠀⠅⠀⠕&lt;/row&gt;
          &lt;row&gt;⠀&lt;/row&gt;
          &lt;row&gt;⠠⠇⠀⠊⠀⠝⠀⠙⠀⠁⠀⠀⠀⠚⠀⠁&lt;/row&gt;
          &lt;row&gt;⠀&lt;/row&gt;
          &lt;row&gt;⠗⠀⠊⠀⠑⠀⠓⠀⠁⠀⠅⠀⠁⠀⠎&lt;/row&gt;
          &lt;row&gt;⠀&lt;/row&gt;
          &lt;row&gt;⠠⠍⠀⠕⠀⠇⠀⠇⠀⠽⠀⠤⠀⠅⠀⠕⠀⠊⠀⠗⠀⠁⠄&lt;/row&gt;
          &lt;row&gt;⠀&lt;/row&gt;
          &lt;row&gt;⠠⠍⠀⠥⠀⠞⠀⠞⠀⠁⠀⠀⠀⠚⠀⠕⠀⠎⠀⠅⠀⠥⠀⠎&lt;/row&gt;
          &lt;row&gt;⠀&lt;/row&gt;
          &lt;row&gt;⠍⠀⠽⠀⠪⠀⠎⠀⠀⠀⠠⠑⠀⠍⠀⠊⠀⠇⠀⠊⠀⠝&lt;/row&gt;
          &lt;row&gt;⠀&lt;/row&gt;
          &lt;row&gt;⠜⠀⠊⠀⠙⠀⠊⠀⠝⠂⠀⠀⠀⠏⠀⠕⠀⠇⠀⠊⠀⠊⠀⠎⠀⠊&lt;/row&gt;
          &lt;row&gt;⠀&lt;/row&gt;
          &lt;row&gt;⠠⠍⠀⠁⠀⠗⠀⠊⠀⠁⠀⠀⠀⠠⠺⠀⠑⠀⠗⠀⠝⠀⠊⠀⠝⠂&lt;/row&gt;
        &lt;/page&gt;
        &lt;page&gt;
          &lt;row&gt;⠀⠀⠀⠀⠀⠀⠀⠀⠀⠀⠀⠀⠀⠀⠀⠀⠀⠀⠀⠀⠀⠀⠀⠀⠀⠀⠀⠀⠼⠙&lt;/row&gt;
          &lt;row&gt;⠕⠀⠝⠀⠀⠀⠗⠀⠊⠀⠑⠀⠝⠀⠝⠀⠑⠀⠞⠀⠞⠀⠜⠀⠧⠀⠜&lt;/row&gt;
          &lt;row&gt;⠀&lt;/row&gt;
          &lt;row&gt;⠓⠀⠜⠀⠞⠀⠊⠀⠊⠀⠝⠲&lt;/row&gt;
          &lt;row&gt;⠀&lt;/row&gt;
          &lt;row&gt;⠀&lt;/row&gt;
          &lt;row&gt;⠀&lt;/row&gt;
          &lt;row&gt;⠀&lt;/row&gt;
          &lt;row&gt;⠀&lt;/row&gt;
          &lt;row&gt;⠀&lt;/row&gt;
          &lt;row&gt;⠀&lt;/row&gt;
          &lt;row&gt;⠀&lt;/row&gt;
          &lt;row&gt;⠀&lt;/row&gt;
          &lt;row&gt;⠀&lt;/row&gt;
          &lt;row&gt;⠀&lt;/row&gt;
          &lt;row&gt;⠀&lt;/row&gt;
          &lt;row&gt;⠀&lt;/row&gt;
          &lt;row&gt;⠀&lt;/row&gt;
          &lt;row&gt;⠀&lt;/row&gt;
          &lt;row&gt;⠀&lt;/row&gt;
          &lt;row&gt;⠀&lt;/row&gt;
          &lt;row&gt;⠀&lt;/row&gt;
          &lt;row&gt;⠀&lt;/row&gt;
          &lt;row&gt;⠀&lt;/row&gt;
          &lt;row&gt;⠀&lt;/row&gt;
          &lt;row&gt;⠀&lt;/row&gt;
          &lt;row/&gt;
        &lt;/page&gt;
        &lt;page&gt;
          &lt;row&gt;⠀⠀⠀⠀⠀⠀⠀⠀⠀⠀⠀⠀⠀⠀⠀⠀⠀⠀⠀⠀⠀⠀⠀⠀⠀⠀⠀⠀⠼⠑&lt;/row&gt;
          &lt;row&gt;⠼⠁⠄⠀⠀⠀⠠⠇⠀⠥⠀⠅⠀⠥&lt;/row&gt;
          &lt;row&gt;⠀&lt;/row&gt;
          &lt;row&gt;⠀&lt;/row&gt;
          &lt;row&gt;⠀&lt;/row&gt;
          &lt;row&gt;⠠⠕⠀⠇⠀⠊⠀⠀⠀⠅⠀⠽⠀⠇⠀⠍⠀⠜⠀⠀⠀⠚⠀⠁&lt;/row&gt;
          &lt;row&gt;⠀&lt;/row&gt;
          &lt;row&gt;⠅⠀⠕⠀⠇⠀⠑⠀⠁⠀⠀⠀⠞⠀⠕⠀⠗⠀⠎⠀⠞⠀⠁⠀⠊⠀⠤&lt;/row&gt;
          &lt;row&gt;⠀&lt;/row&gt;
          &lt;row&gt;⠊⠀⠇⠀⠞⠀⠁⠄⠀⠀⠀⠠⠇⠀⠥⠀⠍⠀⠊⠂&lt;/row&gt;
          &lt;row&gt;⠀&lt;/row&gt;
          &lt;row&gt;⠚⠀⠕⠀⠅⠀⠁⠀⠀⠀⠕⠀⠇⠀⠊&lt;/row&gt;
          &lt;row&gt;⠀&lt;/row&gt;
          &lt;row&gt;⠎⠀⠁⠀⠞⠀⠁⠀⠝⠀⠥⠀⠞&lt;/row&gt;
          &lt;row&gt;⠀&lt;/row&gt;
          &lt;row&gt;⠑⠀⠝⠀⠎⠀⠊⠀⠍⠀⠍⠀⠜⠀⠊⠀⠎⠀⠑⠀⠅⠀⠎⠀⠊&lt;/row&gt;
          &lt;row&gt;⠀&lt;/row&gt;
          &lt;row&gt;⠁⠀⠙⠀⠧⠀⠑⠀⠝⠀⠞⠀⠞⠀⠊⠀⠤&lt;/row&gt;
          &lt;row&gt;⠀&lt;/row&gt;
          &lt;row&gt;⠎⠀⠥⠀⠝⠀⠝⠀⠥⠀⠝⠀⠞⠀⠁⠀⠊⠀⠅⠀⠎⠀⠊⠂&lt;/row&gt;
          &lt;row&gt;⠀&lt;/row&gt;
          &lt;row&gt;⠕⠀⠇⠀⠊⠀⠀⠀⠎⠀⠥⠀⠇⠀⠁⠀⠝⠀⠥⠀⠞&lt;/row&gt;
          &lt;row&gt;⠀&lt;/row&gt;
          &lt;row&gt;⠏⠀⠕⠀⠊⠀⠎⠄&lt;/row&gt;
          &lt;row&gt;⠀&lt;/row&gt;
          &lt;row&gt;⠀&lt;/row&gt;
          &lt;row/&gt;
        &lt;/page&gt;
        &lt;page&gt;
          &lt;row&gt;⠀⠀⠀⠀⠀⠀⠀⠀⠀⠀⠀⠀⠀⠀⠀⠀⠀⠀⠀⠀⠀⠀⠀⠀⠀⠀⠀⠀⠼⠋&lt;/row&gt;
          &lt;row&gt;⠠⠎⠀⠁⠀⠞⠀⠕⠀⠊⠀⠀⠀⠅⠀⠥⠀⠊⠀⠝&lt;/row&gt;
          &lt;row&gt;⠀&lt;/row&gt;
          &lt;row&gt;⠎⠀⠁⠀⠁⠀⠧⠀⠊⠀⠎⠀⠞⠀⠁&lt;/row&gt;
          &lt;row&gt;⠀&lt;/row&gt;
          &lt;row&gt;⠅⠀⠁⠀⠁⠀⠞⠀⠁⠀⠑⠀⠝⠂⠀⠀⠀⠅⠀⠥⠀⠝&lt;/row&gt;
          &lt;row&gt;⠀&lt;/row&gt;
          &lt;row&gt;⠠⠑⠀⠍⠀⠊⠀⠇⠂⠀⠀⠀⠠⠎⠀⠕⠀⠅⠀⠗⠀⠁⠀⠞⠀⠑⠀⠎&lt;/row&gt;
          &lt;row&gt;⠀&lt;/row&gt;
          &lt;row&gt;⠚⠀⠁⠀⠀⠀⠠⠥⠀⠃⠀⠃⠀⠑&lt;/row&gt;
          &lt;row&gt;⠀&lt;/row&gt;
          &lt;row&gt;⠇⠀⠜⠀⠓⠀⠞⠀⠊⠀⠧⠀⠜⠀⠞&lt;/row&gt;
          &lt;row&gt;⠀&lt;/row&gt;
          &lt;row&gt;⠠⠃⠀⠕⠀⠗⠀⠛⠀⠑⠀⠝⠀⠤⠀⠎⠀⠁⠀⠇⠀⠊⠀⠊⠀⠝&lt;/row&gt;
          &lt;row&gt;⠀&lt;/row&gt;
          &lt;row&gt;⠅⠀⠁⠀⠞⠀⠎⠀⠕⠀⠍⠀⠁⠀⠁⠀⠝&lt;/row&gt;
          &lt;row&gt;⠀&lt;/row&gt;
          &lt;row&gt;⠞⠀⠁⠀⠊⠀⠅⠀⠥⠀⠗⠀⠊⠀⠀⠀⠠⠏⠀⠕⠀⠅⠀⠅⠀⠥⠀⠎&lt;/row&gt;
          &lt;row&gt;⠀&lt;/row&gt;
          &lt;row&gt;⠠⠕⠀⠇⠀⠎⠀⠎⠀⠕⠀⠝⠀⠊⠀⠝&lt;/row&gt;
          &lt;row&gt;⠀&lt;/row&gt;
          &lt;row&gt;⠞⠀⠁⠀⠊⠀⠅⠀⠁⠀⠑⠀⠎⠀⠊⠀⠞⠀⠽⠀⠎⠀⠞⠀⠜⠄&lt;/row&gt;
          &lt;row&gt;⠀&lt;/row&gt;
          &lt;row&gt;⠀&lt;/row&gt;
          &lt;row&gt;⠀&lt;/row&gt;
          &lt;row&gt;⠀&lt;/row&gt;
          &lt;row/&gt;
        &lt;/page&gt;
        &lt;page&gt;
          &lt;row&gt;⠀⠀⠀⠀⠀⠀⠀⠀⠀⠀⠀⠀⠀⠀⠀⠀⠀⠀⠀⠀⠀⠀⠀⠀⠀⠀⠀⠀⠼⠛&lt;/row&gt;
          &lt;row&gt;⠠⠍⠀⠜⠀⠗⠀⠞⠀⠁⠀⠤⠀⠕⠀⠏⠀⠑⠀⠞⠀⠞⠀⠁⠀⠚⠀⠁&lt;/row&gt;
          &lt;row&gt;⠀&lt;/row&gt;
          &lt;row&gt;⠕⠀⠇⠀⠊⠀⠀⠀⠓⠀⠁⠀⠝⠀⠅⠀⠅⠀⠊⠀⠝⠀⠥⠀⠞&lt;/row&gt;
          &lt;row&gt;⠀&lt;/row&gt;
          &lt;row&gt;⠊⠀⠇⠀⠍⠀⠁⠀⠊⠀⠎⠀⠑⠀⠞⠀⠀⠀⠇⠀⠊⠀⠏⠀⠥⠀⠞&lt;/row&gt;
          &lt;row&gt;⠀&lt;/row&gt;
          &lt;row&gt;⠅⠀⠕⠀⠅⠀⠕⠀⠀⠀⠇⠀⠥⠀⠕⠀⠅⠀⠁⠀⠇⠀⠇⠀⠑⠄&lt;/row&gt;
          &lt;row&gt;⠀&lt;/row&gt;
          &lt;row&gt;⠠⠍⠀⠜⠀⠗⠀⠞⠀⠁⠀⠀⠀⠚⠀⠁&lt;/row&gt;
          &lt;row&gt;⠀&lt;/row&gt;
          &lt;row&gt;⠠⠏⠀⠕⠀⠅⠀⠅⠀⠥⠀⠎⠀⠀⠀⠕⠀⠇⠀⠊⠀⠧⠀⠁⠀⠞&lt;/row&gt;
          &lt;row&gt;⠀&lt;/row&gt;
          &lt;row&gt;⠎⠀⠑⠀⠗⠀⠅⠀⠥⠀⠅⠀⠎⠀⠑⠀⠞⠄&lt;/row&gt;
          &lt;row&gt;⠀&lt;/row&gt;
          &lt;row&gt;⠀&lt;/row&gt;
          &lt;row&gt;⠠⠑⠀⠍⠀⠊⠀⠇⠀⠊⠀⠝⠀⠀⠀⠠⠍⠀⠕⠀⠇⠀⠇⠀⠽⠀⠤&lt;/row&gt;
          &lt;row&gt;⠀&lt;/row&gt;
          &lt;row&gt;⠅⠀⠕⠀⠊⠀⠗⠀⠁⠀⠅⠀⠊⠀⠝&lt;/row&gt;
          &lt;row&gt;⠀&lt;/row&gt;
          &lt;row&gt;⠓⠀⠁⠀⠇⠀⠥⠀⠎⠀⠊⠀⠀⠀⠍⠀⠥⠀⠅⠀⠁⠀⠁⠀⠝⠂&lt;/row&gt;
          &lt;row&gt;⠀&lt;/row&gt;
          &lt;row&gt;⠍⠀⠥⠀⠞⠀⠞⠀⠁⠀⠀⠀⠠⠑⠀⠍⠀⠊⠀⠇&lt;/row&gt;
          &lt;row&gt;⠀&lt;/row&gt;
          &lt;row&gt;⠎⠀⠑⠀⠇⠀⠊⠀⠞⠀⠞⠀⠊⠂&lt;/row&gt;
          &lt;row&gt;⠀&lt;/row&gt;
          &lt;row&gt;⠑⠀⠞⠀⠞⠀⠑⠀⠊⠀⠧⠀⠜⠀⠞&lt;/row&gt;
        &lt;/page&gt;
        &lt;page&gt;
          &lt;row&gt;⠀⠀⠀⠀⠀⠀⠀⠀⠀⠀⠀⠀⠀⠀⠀⠀⠀⠀⠀⠀⠀⠀⠀⠀⠀⠀⠀⠀⠼⠓&lt;/row&gt;
          &lt;row&gt;⠑⠀⠇⠀⠜⠀⠊⠀⠍⠀⠑⠀⠞&lt;/row&gt;
          &lt;row&gt;⠀&lt;/row&gt;
          &lt;row&gt;⠎⠀⠁⠀⠁⠀⠝⠀⠑⠀⠑⠀⠞⠀⠀⠀⠞⠀⠥⠀⠇⠀⠇⠀⠁&lt;/row&gt;
          &lt;row&gt;⠀&lt;/row&gt;
          &lt;row&gt;⠠⠃⠀⠕⠀⠗⠀⠛⠀⠑⠀⠝⠀⠤&lt;/row&gt;
          &lt;row&gt;⠀&lt;/row&gt;
          &lt;row&gt;⠎⠀⠁⠀⠇⠀⠊⠀⠊⠀⠝⠄&lt;/row&gt;
          &lt;row&gt;⠀&lt;/row&gt;
          &lt;row&gt;⠀&lt;/row&gt;
          &lt;row&gt;⠤⠀⠀⠀⠠⠎⠀⠁⠀⠁⠀⠞⠀⠀⠀⠚⠀⠜⠀⠜⠀⠙⠀⠜&lt;/row&gt;
          &lt;row&gt;⠀&lt;/row&gt;
          &lt;row&gt;⠞⠀⠁⠀⠇⠀⠕⠀⠝⠀⠧⠀⠁⠀⠓⠀⠙⠀⠊⠀⠅⠀⠎⠀⠊⠂&lt;/row&gt;
          &lt;row&gt;⠀&lt;/row&gt;
          &lt;row&gt;⠠⠑⠀⠍⠀⠊⠀⠇⠀⠀⠀⠎⠀⠁⠀⠝⠀⠕⠀⠊⠄&lt;/row&gt;
          &lt;row&gt;⠀&lt;/row&gt;
          &lt;row&gt;⠀&lt;/row&gt;
          &lt;row&gt;⠤⠀⠀⠀⠠⠍⠀⠥⠀⠗⠀⠗⠂⠀⠀⠀⠎⠀⠁⠀⠝⠀⠕⠀⠊&lt;/row&gt;
          &lt;row&gt;⠀&lt;/row&gt;
          &lt;row&gt;⠠⠍⠀⠕⠀⠇⠀⠇⠀⠽⠄&lt;/row&gt;
          &lt;row&gt;⠀&lt;/row&gt;
          &lt;row&gt;⠀&lt;/row&gt;
          &lt;row&gt;⠠⠎⠀⠑⠀⠀⠀⠍⠀⠥⠀⠇⠀⠅⠀⠕⠀⠊⠀⠇⠀⠊&lt;/row&gt;
          &lt;row&gt;⠀&lt;/row&gt;
          &lt;row&gt;⠠⠑⠀⠍⠀⠊⠀⠇⠀⠊⠀⠜&lt;/row&gt;
          &lt;row&gt;⠀&lt;/row&gt;
          &lt;row&gt;⠧⠀⠊⠀⠓⠀⠁⠀⠊⠀⠎⠀⠑⠀⠎⠀⠞⠀⠊⠄&lt;/row&gt;
        &lt;/page&gt;
        &lt;page&gt;
          &lt;row&gt;⠀⠀⠀⠀⠀⠀⠀⠀⠀⠀⠀⠀⠀⠀⠀⠀⠀⠀⠀⠀⠀⠀⠀⠀⠀⠀⠀⠀⠼⠊&lt;/row&gt;
          &lt;row&gt;⠤⠀⠀⠀⠠⠎⠀⠁⠀⠞⠀⠁⠀⠁⠀⠀⠀⠚⠀⠁&lt;/row&gt;
          &lt;row&gt;⠀&lt;/row&gt;
          &lt;row&gt;⠞⠀⠥⠀⠗⠀⠅⠀⠅⠀⠊⠀⠎⠀⠊&lt;/row&gt;
          &lt;row&gt;⠀&lt;/row&gt;
          &lt;row&gt;⠅⠀⠁⠀⠎⠀⠞⠀⠥⠀⠥⠄&lt;/row&gt;
          &lt;row&gt;⠀&lt;/row&gt;
          &lt;row&gt;⠠⠞⠀⠥⠀⠇⠀⠑⠀⠍⠀⠍⠀⠑⠀⠀⠀⠏⠀⠊⠀⠁⠀⠝&lt;/row&gt;
          &lt;row&gt;⠀&lt;/row&gt;
          &lt;row&gt;⠞⠀⠁⠀⠅⠀⠁⠀⠊⠀⠎⠀⠊⠀⠝⠄&lt;/row&gt;
          &lt;row&gt;⠀&lt;/row&gt;
          &lt;row&gt;⠀&lt;/row&gt;
          &lt;row&gt;⠠⠎⠀⠁⠀⠇⠀⠊⠀⠀⠀⠕⠀⠇⠀⠊&lt;/row&gt;
          &lt;row&gt;⠀&lt;/row&gt;
          &lt;row&gt;⠍⠀⠑⠀⠇⠀⠅⠀⠑⠀⠊⠀⠝⠀⠀⠀⠞⠀⠜⠀⠽⠀⠝⠀⠝⠀⠜&lt;/row&gt;
          &lt;row&gt;⠀&lt;/row&gt;
          &lt;row&gt;⠇⠀⠁⠀⠏⠀⠎⠀⠊⠀⠁⠄⠀⠀⠀⠠⠁⠀⠇⠀⠧⠀⠁&lt;/row&gt;
          &lt;row&gt;⠀&lt;/row&gt;
          &lt;row&gt;⠊⠀⠎⠀⠞⠀⠥⠀⠊⠀⠀⠀⠑⠀⠞⠀⠥⠀⠤&lt;/row&gt;
          &lt;row&gt;⠀&lt;/row&gt;
          &lt;row&gt;⠗⠀⠊⠀⠧⠀⠊⠀⠎⠀⠎⠀⠜⠄&lt;/row&gt;
          &lt;row&gt;⠀&lt;/row&gt;
          &lt;row&gt;⠠⠍⠀⠊⠀⠑⠀⠇⠀⠥⠀⠊⠀⠞⠀⠑⠀⠝&lt;/row&gt;
          &lt;row&gt;⠀&lt;/row&gt;
          &lt;row&gt;⠠⠑⠀⠍⠀⠊⠀⠇⠀⠀⠀⠕⠀⠇⠀⠊⠀⠎⠀⠊&lt;/row&gt;
          &lt;row&gt;⠀&lt;/row&gt;
          &lt;row&gt;⠊⠀⠎⠀⠞⠀⠥⠀⠝⠀⠥⠀⠞⠀⠀⠀⠓⠀⠜⠀⠝⠀⠑⠀⠝&lt;/row&gt;
        &lt;/page&gt;
        &lt;page&gt;
          &lt;row&gt;⠀⠀⠀⠀⠀⠀⠀⠀⠀⠀⠀⠀⠀⠀⠀⠀⠀⠀⠀⠀⠀⠀⠀⠀⠀⠀⠀⠼⠁⠚&lt;/row&gt;
          &lt;row&gt;⠧⠀⠊⠀⠑⠀⠗⠀⠑⠀⠎⠀⠎⠀⠜⠀⠜⠀⠝⠄&lt;/row&gt;
          &lt;row&gt;⠀&lt;/row&gt;
          &lt;row&gt;⠠⠑⠀⠍⠀⠊⠀⠇⠀⠀⠀⠑⠀⠞⠀⠎⠀⠊&lt;/row&gt;
          &lt;row&gt;⠀&lt;/row&gt;
          &lt;row&gt;⠅⠀⠁⠀⠞⠀⠎⠀⠑⠀⠑⠀⠇⠀⠇⠀⠁⠀⠁⠀⠝&lt;/row&gt;
          &lt;row&gt;⠀&lt;/row&gt;
          &lt;row&gt;⠅⠀⠕⠀⠇⠀⠍⠀⠑⠀⠁⠀⠀⠀⠧⠀⠁⠀⠏⠀⠁⠀⠁⠀⠞⠀⠁&lt;/row&gt;
          &lt;row&gt;⠀&lt;/row&gt;
          &lt;row&gt;⠏⠀⠁⠀⠊⠀⠅⠀⠅⠀⠁⠀⠁⠀⠀⠀⠝⠀⠊⠀⠊⠀⠝&lt;/row&gt;
          &lt;row&gt;⠀&lt;/row&gt;
          &lt;row&gt;⠑⠀⠞⠀⠞⠀⠜⠀⠀⠀⠓⠀⠜⠀⠝⠂⠀⠀⠀⠠⠥⠀⠃⠀⠃⠀⠑&lt;/row&gt;
          &lt;row&gt;⠀&lt;/row&gt;
          &lt;row&gt;⠚⠀⠁⠀⠀⠀⠠⠎⠀⠕⠀⠅⠀⠗⠀⠁⠀⠞⠀⠑⠀⠎&lt;/row&gt;
          &lt;row&gt;⠀&lt;/row&gt;
          &lt;row&gt;⠕⠀⠇⠀⠊⠀⠎⠀⠊⠀⠧⠀⠁⠀⠞&lt;/row&gt;
          &lt;row&gt;⠀&lt;/row&gt;
          &lt;row&gt;⠧⠀⠕⠀⠊⠀⠝⠀⠑⠀⠑⠀⠞⠀⠀⠀⠊⠀⠎⠀⠞⠀⠥⠀⠁&lt;/row&gt;
          &lt;row&gt;⠀&lt;/row&gt;
          &lt;row&gt;⠧⠀⠊⠀⠑⠀⠗⠀⠑⠀⠅⠀⠅⠀⠜⠀⠊⠀⠝⠄&lt;/row&gt;
          &lt;row&gt;⠀&lt;/row&gt;
          &lt;row&gt;⠠⠗⠀⠥⠀⠙⠀⠕⠀⠇⠀⠋⠀⠀⠀⠠⠗⠀⠜⠀⠽⠀⠓⠀⠜⠀⠤&lt;/row&gt;
          &lt;row&gt;⠀&lt;/row&gt;
          &lt;row&gt;⠍⠀⠜⠀⠑⠀⠝⠀⠀⠀⠽⠀⠍⠀⠏⠀⠜⠀⠗⠀⠊⠀⠇⠀⠇⠀⠜&lt;/row&gt;
          &lt;row&gt;⠀&lt;/row&gt;
          &lt;row&gt;⠕⠀⠇⠀⠊⠀⠀⠀⠞⠀⠊⠀⠇⠀⠁⠀⠁⠄&lt;/row&gt;
          &lt;row/&gt;
        &lt;/page&gt;
        &lt;page&gt;
          &lt;row&gt;⠀⠀⠀⠀⠀⠀⠀⠀⠀⠀⠀⠀⠀⠀⠀⠀⠀⠀⠀⠀⠀⠀⠀⠀⠀⠀⠀⠼⠁⠁&lt;/row&gt;
          &lt;row&gt;⠠⠞⠀⠊⠀⠑⠀⠞⠀⠽⠀⠎⠀⠞⠀⠊⠄&lt;/row&gt;
          &lt;row&gt;⠀&lt;/row&gt;
          &lt;row&gt;⠠⠅⠀⠥⠀⠅⠀⠁⠀⠁⠀⠝⠀⠀⠀⠑⠀⠊&lt;/row&gt;
          &lt;row&gt;⠀&lt;/row&gt;
          &lt;row&gt;⠓⠀⠁⠀⠇⠀⠥⠀⠝⠀⠝⠀⠥⠀⠞&lt;/row&gt;
          &lt;row&gt;⠀&lt;/row&gt;
          &lt;row&gt;⠊⠀⠎⠀⠞⠀⠥⠀⠁⠀⠀⠀⠓⠀⠜⠀⠝⠀⠑⠀⠝&lt;/row&gt;
          &lt;row&gt;⠀&lt;/row&gt;
          &lt;row&gt;⠧⠀⠊⠀⠑⠀⠗⠀⠑⠀⠎⠀⠎⠀⠜⠀⠜⠀⠝⠄&lt;/row&gt;
          &lt;row&gt;⠀&lt;/row&gt;
          &lt;row&gt;⠠⠗⠀⠥⠀⠙⠀⠕⠀⠇⠀⠋⠀⠀⠀⠞⠀⠪⠀⠝⠀⠊&lt;/row&gt;
          &lt;row&gt;⠀&lt;/row&gt;
          &lt;row&gt;⠅⠀⠕⠀⠅⠀⠕⠀⠀⠀⠁⠀⠚⠀⠁⠀⠝&lt;/row&gt;
          &lt;row&gt;⠀&lt;/row&gt;
          &lt;row&gt;⠚⠀⠁⠀⠀⠀⠓⠀⠑⠀⠊⠀⠞⠀⠞⠀⠑⠀⠇⠀⠊&lt;/row&gt;
          &lt;row&gt;⠀&lt;/row&gt;
          &lt;row&gt;⠏⠀⠥⠀⠇⠀⠇⠀⠕⠀⠝⠀⠅⠀⠕⠀⠗⠀⠅⠀⠅⠀⠑⠀⠚⠀⠁&lt;/row&gt;
          &lt;row&gt;⠀&lt;/row&gt;
          &lt;row&gt;⠑⠀⠙⠀⠑⠀⠎⠀⠎⠀⠜&lt;/row&gt;
          &lt;row&gt;⠀&lt;/row&gt;
          &lt;row&gt;⠊⠀⠎⠀⠞⠀⠥⠀⠧⠀⠊⠀⠑⠀⠝&lt;/row&gt;
          &lt;row&gt;⠀&lt;/row&gt;
          &lt;row&gt;⠏⠀⠜⠀⠜⠀⠓⠀⠜⠀⠝⠄&lt;/row&gt;
          &lt;row&gt;⠀&lt;/row&gt;
          &lt;row&gt;⠀&lt;/row&gt;
          &lt;row/&gt;
        &lt;/page&gt;
        &lt;page&gt;
          &lt;row&gt;⠀⠀⠀⠀⠀⠀⠀⠀⠀⠀⠀⠀⠀⠀⠀⠀⠀⠀⠀⠀⠀⠀⠀⠀⠀⠀⠀⠼⠁⠃&lt;/row&gt;
          &lt;row&gt;⠠⠞⠀⠁⠀⠊⠀⠀⠀⠎⠀⠽⠀⠇⠀⠚⠀⠑⠀⠎⠀⠅⠀⠑⠀⠇⠀⠊&lt;/row&gt;
          &lt;row&gt;⠀&lt;/row&gt;
          &lt;row&gt;⠇⠀⠁⠀⠞⠀⠞⠀⠊⠀⠁⠀⠇⠀⠇⠀⠑⠀⠀⠀⠚⠀⠁&lt;/row&gt;
          &lt;row&gt;⠀&lt;/row&gt;
          &lt;row&gt;⠞⠀⠕⠀⠊⠀⠎⠀⠞⠀⠑⠀⠝&lt;/row&gt;
          &lt;row&gt;⠀&lt;/row&gt;
          &lt;row&gt;⠅⠀⠑⠀⠝⠀⠛⠀⠊⠀⠇⠀⠇⠀⠑⠄&lt;/row&gt;
          &lt;row&gt;⠀&lt;/row&gt;
          &lt;row&gt;⠠⠗⠀⠥⠀⠙⠀⠕⠀⠇⠀⠋&lt;/row&gt;
          &lt;row&gt;⠀&lt;/row&gt;
          &lt;row&gt;⠎⠀⠽⠀⠇⠀⠚⠀⠑⠀⠎⠀⠅⠀⠑⠀⠇⠀⠊&lt;/row&gt;
          &lt;row&gt;⠀&lt;/row&gt;
          &lt;row&gt;⠚⠀⠁⠀⠞⠀⠅⠀⠥⠀⠧⠀⠁⠀⠎⠀⠞⠀⠊⠄&lt;/row&gt;
          &lt;row&gt;⠀&lt;/row&gt;
          &lt;row&gt;⠠⠅⠀⠕⠀⠅⠀⠕⠀⠀⠀⠁⠀⠚⠀⠁⠀⠝&lt;/row&gt;
          &lt;row&gt;⠀&lt;/row&gt;
          &lt;row&gt;⠇⠀⠑⠀⠝⠀⠎⠀⠊⠀⠀⠀⠊⠀⠎⠀⠕⠀⠚⠀⠁&lt;/row&gt;
          &lt;row&gt;⠀&lt;/row&gt;
          &lt;row&gt;⠗⠀⠜⠀⠅⠀⠜⠀⠅⠀⠇⠀⠊⠀⠍⠀⠏⠀⠏⠀⠑⠀⠚⠀⠜⠄&lt;/row&gt;
          &lt;row&gt;⠀&lt;/row&gt;
          &lt;row&gt;⠠⠕⠀⠇⠀⠊&lt;/row&gt;
          &lt;row&gt;⠀&lt;/row&gt;
          &lt;row&gt;⠥⠀⠎⠀⠅⠀⠕⠀⠍⠀⠁⠀⠞⠀⠕⠀⠝⠀⠞⠀⠁⠂&lt;/row&gt;
          &lt;row&gt;⠀&lt;/row&gt;
          &lt;row&gt;⠑⠀⠞⠀⠞⠀⠜⠀⠀⠀⠓⠀⠜⠀⠝⠀⠑⠀⠎⠀⠎⠀⠜&lt;/row&gt;
          &lt;row/&gt;
        &lt;/page&gt;
        &lt;page&gt;
          &lt;row&gt;⠀⠀⠀⠀⠀⠀⠀⠀⠀⠀⠀⠀⠀⠀⠀⠀⠀⠀⠀⠀⠀⠀⠀⠀⠀⠀⠀⠼⠁⠉&lt;/row&gt;
          &lt;row&gt;⠕⠀⠇⠀⠊⠀⠀⠀⠝⠀⠊⠀⠊⠀⠝&lt;/row&gt;
          &lt;row&gt;⠀&lt;/row&gt;
          &lt;row&gt;⠏⠀⠁⠀⠇⠀⠚⠀⠕⠀⠝⠀⠀⠀⠗⠀⠜⠀⠅⠀⠜⠀⠜⠄&lt;/row&gt;
          &lt;row&gt;⠀&lt;/row&gt;
          &lt;row&gt;⠀&lt;/row&gt;
          &lt;row&gt;⠠⠑⠀⠍⠀⠊⠀⠇⠂⠀⠀⠀⠠⠥⠀⠃⠀⠃⠀⠑⠀⠀⠀⠚⠀⠁&lt;/row&gt;
          &lt;row&gt;⠀&lt;/row&gt;
          &lt;row&gt;⠠⠎⠀⠕⠀⠅⠀⠗⠀⠁⠀⠞⠀⠑⠀⠎&lt;/row&gt;
          &lt;row&gt;⠀&lt;/row&gt;
          &lt;row&gt;⠊⠀⠎⠀⠞⠀⠥⠀⠥⠀⠞⠀⠥⠀⠊⠀⠧⠀⠁⠀⠞&lt;/row&gt;
          &lt;row&gt;⠀&lt;/row&gt;
          &lt;row&gt;⠠⠗⠀⠥⠀⠙⠀⠕⠀⠇⠀⠋⠀⠊⠀⠝&lt;/row&gt;
          &lt;row&gt;⠀&lt;/row&gt;
          &lt;row&gt;⠧⠀⠊⠀⠑⠀⠗⠀⠑⠀⠑⠀⠝⠄⠀⠀⠀⠠⠧⠀⠁⠀⠇⠀⠕⠀⠞&lt;/row&gt;
          &lt;row&gt;⠀&lt;/row&gt;
          &lt;row&gt;⠓⠀⠊⠀⠍⠀⠍⠀⠑⠀⠝⠀⠝⠀⠑⠀⠞⠀⠞⠀⠊⠀⠊⠀⠝⠄&lt;/row&gt;
          &lt;row&gt;⠀&lt;/row&gt;
          &lt;row&gt;⠠⠚⠀⠜⠀⠝⠀⠝⠀⠊⠀⠞⠀⠽⠀⠎&lt;/row&gt;
          &lt;row&gt;⠀&lt;/row&gt;
          &lt;row&gt;⠅⠀⠕⠀⠓⠀⠕⠀⠎⠀⠊⠂⠀⠀⠀⠅⠀⠥⠀⠝&lt;/row&gt;
          &lt;row&gt;⠀&lt;/row&gt;
          &lt;row&gt;⠧⠀⠁⠀⠇⠀⠕⠀⠝⠀⠓⠀⠑⠀⠊⠀⠞⠀⠞⠀⠊⠀⠍⠀⠑⠀⠞&lt;/row&gt;
          &lt;row&gt;⠀&lt;/row&gt;
          &lt;row&gt;⠅⠀⠕⠀⠓⠀⠙⠀⠊⠀⠎⠀⠞⠀⠑⠀⠞⠀⠞⠀⠊⠀⠊⠀⠝&lt;/row&gt;
          &lt;row&gt;⠀&lt;/row&gt;
          &lt;row&gt;⠏⠀⠥⠀⠝⠀⠁⠀⠊⠀⠎⠀⠑⠀⠑⠀⠝&lt;/row&gt;
        &lt;/page&gt;
        &lt;page&gt;
          &lt;row&gt;⠀⠀⠀⠀⠀⠀⠀⠀⠀⠀⠀⠀⠀⠀⠀⠀⠀⠀⠀⠀⠀⠀⠀⠀⠀⠀⠀⠼⠁⠙&lt;/row&gt;
          &lt;row&gt;⠎⠀⠁⠀⠍⠀⠑⠀⠞⠀⠞⠀⠊⠀⠤&lt;/row&gt;
          &lt;row&gt;⠀&lt;/row&gt;
          &lt;row&gt;⠧⠀⠜⠀⠇⠀⠊⠀⠧⠀⠑⠀⠗⠀⠓⠀⠕⠀⠕⠀⠝⠄&lt;/row&gt;
          &lt;row&gt;⠀&lt;/row&gt;
          &lt;row&gt;⠠⠍⠀⠜⠀⠗⠀⠞⠀⠁⠀⠤⠀⠕⠀⠏⠀⠑⠀⠞⠀⠞⠀⠁⠀⠚⠀⠁&lt;/row&gt;
          &lt;row&gt;⠀&lt;/row&gt;
          &lt;row&gt;⠝⠀⠕⠀⠥⠀⠎⠀⠊⠀⠀⠀⠇⠀⠁⠀⠧⠀⠁⠀⠇⠀⠇⠀⠑&lt;/row&gt;
          &lt;row&gt;⠀&lt;/row&gt;
          &lt;row&gt;⠚⠀⠁⠀⠀⠀⠞⠀⠁⠀⠗⠀⠞⠀⠞⠀⠥⠀⠊&lt;/row&gt;
          &lt;row&gt;⠀&lt;/row&gt;
          &lt;row&gt;⠍⠀⠊⠀⠅⠀⠗⠀⠕⠀⠋⠀⠕⠀⠝⠀⠊⠀⠊⠀⠝⠄&lt;/row&gt;
          &lt;row&gt;⠀&lt;/row&gt;
          &lt;row&gt;⠀&lt;/row&gt;
          &lt;row&gt;⠤⠀⠀⠀⠠⠓⠀⠽⠀⠧⠀⠜⠀⠞⠀⠀⠀⠝⠀⠁⠀⠊⠀⠎⠀⠑⠀⠞&lt;/row&gt;
          &lt;row&gt;⠀&lt;/row&gt;
          &lt;row&gt;⠚⠀⠁⠀⠀⠀⠓⠀⠑⠀⠗⠀⠗⠀⠁⠀⠞⠂&lt;/row&gt;
          &lt;row&gt;⠀&lt;/row&gt;
          &lt;row&gt;⠞⠀⠽⠀⠞⠀⠪⠀⠞⠀⠀⠀⠚⠀⠁⠀⠀⠀⠏⠀⠕⠀⠚⠀⠁⠀⠞⠂&lt;/row&gt;
          &lt;row&gt;⠀&lt;/row&gt;
          &lt;row&gt;⠎⠀⠁⠀⠁⠀⠝⠀⠅⠀⠕&lt;/row&gt;
          &lt;row&gt;⠀&lt;/row&gt;
          &lt;row&gt;⠑⠀⠎⠀⠊⠀⠞⠀⠑⠀⠇⠀⠇⠀⠜⠀⠀⠀⠥⠀⠏⠀⠑⠀⠁⠀⠝&lt;/row&gt;
          &lt;row&gt;⠀&lt;/row&gt;
          &lt;row&gt;⠞⠀⠁⠀⠊⠀⠅⠀⠥⠀⠗⠀⠊⠀⠤&lt;/row&gt;
          &lt;row&gt;⠀&lt;/row&gt;
          &lt;row&gt;⠍⠀⠑⠀⠎⠀⠞⠀⠁⠀⠗⠀⠊⠀⠝⠂&lt;/row&gt;
        &lt;/page&gt;
        &lt;page&gt;
          &lt;row&gt;⠀⠀⠀⠀⠀⠀⠀⠀⠀⠀⠀⠀⠀⠀⠀⠀⠀⠀⠀⠀⠀⠀⠀⠀⠀⠀⠀⠼⠁⠑&lt;/row&gt;
          &lt;row&gt;⠠⠏⠀⠕⠀⠅⠀⠅⠀⠥⠀⠎&lt;/row&gt;
          &lt;row&gt;⠀&lt;/row&gt;
          &lt;row&gt;⠠⠕⠀⠇⠀⠎⠀⠎⠀⠕⠀⠝⠀⠊⠀⠝⠄&lt;/row&gt;
          &lt;row&gt;⠀&lt;/row&gt;
          &lt;row&gt;⠠⠁⠀⠝⠀⠝⠀⠑⠀⠞⠀⠁⠀⠁⠀⠝&lt;/row&gt;
          &lt;row&gt;⠀&lt;/row&gt;
          &lt;row&gt;⠓⠀⠜⠀⠝⠀⠑⠀⠇⠀⠇⠀⠑&lt;/row&gt;
          &lt;row&gt;⠀&lt;/row&gt;
          &lt;row&gt;⠁⠀⠏⠀⠇⠀⠕⠀⠙⠀⠊⠀⠞⠲&lt;/row&gt;
          &lt;row&gt;⠀&lt;/row&gt;
          &lt;row&gt;⠀&lt;/row&gt;
          &lt;row&gt;⠠⠇⠀⠁⠀⠏⠀⠎⠀⠑⠀⠞&lt;/row&gt;
          &lt;row&gt;⠀&lt;/row&gt;
          &lt;row&gt;⠞⠀⠁⠀⠏⠀⠥⠀⠞⠀⠞⠀⠊⠀⠧⠀⠁⠀⠞&lt;/row&gt;
          &lt;row&gt;⠀&lt;/row&gt;
          &lt;row&gt;⠅⠀⠜⠀⠎⠀⠊⠀⠜⠀⠜⠀⠝⠀⠀⠀⠚⠀⠁&lt;/row&gt;
          &lt;row&gt;⠀&lt;/row&gt;
          &lt;row&gt;⠕⠀⠙⠀⠕⠀⠞⠀⠞⠀⠊⠀⠧⠀⠁⠀⠞⠄&lt;/row&gt;
          &lt;row&gt;⠀&lt;/row&gt;
          &lt;row&gt;⠠⠍⠀⠊⠀⠞⠀⠜⠀⠜⠀⠝⠀⠀⠀⠑⠀⠊&lt;/row&gt;
          &lt;row&gt;⠀&lt;/row&gt;
          &lt;row&gt;⠞⠀⠁⠀⠏⠀⠁⠀⠓⠀⠞⠀⠥⠀⠝⠀⠥⠀⠞⠄&lt;/row&gt;
          &lt;row&gt;⠀&lt;/row&gt;
          &lt;row&gt;⠠⠍⠀⠜⠀⠗⠀⠞⠀⠁⠀⠀⠀⠚⠀⠁⠀⠞⠀⠅⠀⠕⠀⠊&lt;/row&gt;
          &lt;row&gt;⠀&lt;/row&gt;
          &lt;row&gt;⠑⠀⠎⠀⠊⠀⠞⠀⠞⠀⠑⠀⠇⠀⠽⠀⠜⠒&lt;/row&gt;
        &lt;/page&gt;
        &lt;page&gt;
          &lt;row&gt;⠀⠀⠀⠀⠀⠀⠀⠀⠀⠀⠀⠀⠀⠀⠀⠀⠀⠀⠀⠀⠀⠀⠀⠀⠀⠀⠀⠼⠁⠋&lt;/row&gt;
          &lt;row&gt;⠤⠀⠀⠀⠠⠏⠀⠕⠀⠅⠀⠅⠀⠥⠀⠎&lt;/row&gt;
          &lt;row&gt;⠀&lt;/row&gt;
          &lt;row&gt;⠠⠕⠀⠇⠀⠎⠀⠎⠀⠕⠀⠝⠀⠀⠀⠕⠀⠝&lt;/row&gt;
          &lt;row&gt;⠀&lt;/row&gt;
          &lt;row&gt;⠞⠀⠥⠀⠇⠀⠇⠀⠥⠀⠞&lt;/row&gt;
          &lt;row&gt;⠀&lt;/row&gt;
          &lt;row&gt;⠠⠛⠀⠗⠀⠪⠀⠞⠀⠇⠀⠊⠀⠝⠀⠛⠀⠃⠀⠕⠀⠎⠀⠞⠀⠁&lt;/row&gt;
          &lt;row&gt;⠀&lt;/row&gt;
          &lt;row&gt;⠁⠀⠎⠀⠞⠀⠊⠀⠀⠀⠞⠀⠁⠀⠊⠀⠅⠀⠕⠀⠍⠀⠁⠀⠁⠀⠝&lt;/row&gt;
          &lt;row&gt;⠀&lt;/row&gt;
          &lt;row&gt;⠍⠀⠑⠀⠊⠀⠇⠀⠇⠀⠑⠀⠀⠀⠞⠀⠜⠀⠝⠀⠜&lt;/row&gt;
          &lt;row&gt;⠀&lt;/row&gt;
          &lt;row&gt;⠊⠀⠇⠀⠞⠀⠁⠀⠝⠀⠁⠄&lt;/row&gt;
          &lt;row&gt;⠀&lt;/row&gt;
          &lt;row&gt;⠀&lt;/row&gt;
          &lt;row&gt;⠠⠅⠀⠥⠀⠥⠀⠇⠀⠥⠀⠊⠀⠀⠀⠗⠀⠥⠀⠍⠀⠍⠀⠥⠀⠝⠀⠤&lt;/row&gt;
          &lt;row&gt;⠀&lt;/row&gt;
          &lt;row&gt;⠏⠀⠜⠀⠗⠀⠊⠀⠎⠀⠞⠀⠽⠀⠎⠀⠞⠀⠜⠄&lt;/row&gt;
          &lt;row&gt;⠀&lt;/row&gt;
          &lt;row&gt;⠀&lt;/row&gt;
          &lt;row&gt;⠤⠀⠀⠀⠠⠍⠀⠊⠀⠝⠀⠥⠀⠇⠀⠇⠀⠁⠀⠀⠀⠕⠀⠝&lt;/row&gt;
          &lt;row&gt;⠀&lt;/row&gt;
          &lt;row&gt;⠎⠀⠑⠀⠗⠀⠅⠀⠅⠀⠥⠂⠀⠀⠀⠚⠀⠕⠀⠅⠀⠁&lt;/row&gt;
          &lt;row&gt;⠀&lt;/row&gt;
          &lt;row&gt;⠁⠀⠎⠀⠥⠀⠥&lt;/row&gt;
          &lt;row/&gt;
        &lt;/page&gt;
        &lt;page&gt;
          &lt;row&gt;⠀⠀⠀⠀⠀⠀⠀⠀⠀⠀⠀⠀⠀⠀⠀⠀⠀⠀⠀⠀⠀⠀⠀⠀⠀⠀⠀⠼⠁⠛&lt;/row&gt;
          &lt;row&gt;⠠⠅⠀⠗⠀⠜⠀⠅⠀⠇⠀⠊⠀⠝⠀⠛⠀⠃⠀⠕⠀⠎⠀⠎⠀⠁⠂&lt;/row&gt;
          &lt;row&gt;⠀&lt;/row&gt;
          &lt;row&gt;⠠⠗⠀⠥⠀⠙⠀⠕⠀⠇⠀⠋⠀⠀⠀⠓⠀⠥⠀⠥⠀⠎⠀⠊&lt;/row&gt;
          &lt;row&gt;⠀&lt;/row&gt;
          &lt;row&gt;⠧⠀⠜⠀⠇⠀⠊⠀⠊⠀⠝⠄⠀⠀⠀⠤⠀⠀⠀⠠⠓⠀⠜⠀⠝&lt;/row&gt;
          &lt;row&gt;⠀&lt;/row&gt;
          &lt;row&gt;⠑⠀⠊⠀⠀⠀⠕⠀⠎⠀⠁⠀⠁⠀⠀⠀⠞⠀⠁⠀⠊⠀⠅⠀⠕⠀⠁⠂&lt;/row&gt;
          &lt;row&gt;⠀&lt;/row&gt;
          &lt;row&gt;⠍⠀⠥⠀⠞⠀⠞⠀⠁⠀⠀⠀⠅⠀⠑⠀⠗⠀⠗⠀⠁⠀⠝&lt;/row&gt;
          &lt;row&gt;⠀&lt;/row&gt;
          &lt;row&gt;⠓⠀⠜⠀⠝⠀⠀⠀⠑⠀⠅⠀⠎⠀⠽⠀⠊⠄&lt;/row&gt;
          &lt;row&gt;⠀&lt;/row&gt;
          &lt;row&gt;⠀&lt;/row&gt;
          &lt;row&gt;⠤⠀⠀⠀⠠⠏⠀⠥⠀⠓⠀⠥⠀⠞⠀⠁⠀⠁⠀⠝&lt;/row&gt;
          &lt;row&gt;⠀&lt;/row&gt;
          &lt;row&gt;⠎⠀⠊⠀⠊⠀⠞⠀⠜&lt;/row&gt;
          &lt;row&gt;⠀&lt;/row&gt;
          &lt;row&gt;⠑⠀⠎⠀⠊⠀⠞⠀⠽⠀⠅⠀⠎⠀⠑⠀⠝&lt;/row&gt;
          &lt;row&gt;⠀&lt;/row&gt;
          &lt;row&gt;⠚⠀⠜⠀⠇⠀⠅⠀⠑⠀⠑⠀⠝⠂⠀⠀⠀⠠⠍⠀⠜⠀⠗⠀⠞⠀⠁&lt;/row&gt;
          &lt;row&gt;⠀&lt;/row&gt;
          &lt;row&gt;⠅⠀⠥⠀⠊⠀⠎⠀⠅⠀⠁⠀⠎⠀⠊&lt;/row&gt;
          &lt;row&gt;⠀&lt;/row&gt;
          &lt;row&gt;⠅⠀⠕⠀⠧⠀⠁⠀⠇⠀⠇⠀⠁&lt;/row&gt;
          &lt;row&gt;⠀&lt;/row&gt;
          &lt;row&gt;⠜⠀⠜⠀⠝⠀⠑⠀⠇⠀⠇⠀⠜⠀⠀⠀⠚⠀⠁&lt;/row&gt;
        &lt;/page&gt;
        &lt;page&gt;
          &lt;row&gt;⠀⠀⠀⠀⠀⠀⠀⠀⠀⠀⠀⠀⠀⠀⠀⠀⠀⠀⠀⠀⠀⠀⠀⠀⠀⠀⠀⠼⠁⠓&lt;/row&gt;
          &lt;row&gt;⠞⠀⠁⠀⠏⠀⠥⠀⠞⠀⠞⠀⠊⠀⠀⠀⠞⠀⠁⠀⠁⠀⠎&lt;/row&gt;
          &lt;row&gt;⠀&lt;/row&gt;
          &lt;row&gt;⠅⠀⠜⠀⠎⠀⠊⠀⠜⠀⠜⠀⠝⠄&lt;/row&gt;
          &lt;row&gt;⠀&lt;/row&gt;
          &lt;row&gt;⠀&lt;/row&gt;
          &lt;row&gt;⠀&lt;/row&gt;
          &lt;row&gt;⠠⠧⠀⠊⠀⠊⠀⠍⠀⠑⠀⠊⠀⠝&lt;/row&gt;
          &lt;row&gt;⠀&lt;/row&gt;
          &lt;row&gt;⠧⠀⠜⠀⠇⠀⠊⠀⠧⠀⠑⠀⠗⠀⠓⠀⠕&lt;/row&gt;
          &lt;row&gt;⠀&lt;/row&gt;
          &lt;row&gt;⠁⠀⠥⠀⠅⠀⠑⠀⠎⠀⠊⠀⠀⠀⠚⠀⠁&lt;/row&gt;
          &lt;row&gt;⠀&lt;/row&gt;
          &lt;row&gt;⠞⠀⠁⠀⠊⠀⠅⠀⠥⠀⠗⠀⠊⠀⠀⠀⠎⠀⠑⠀⠊⠀⠎⠀⠕⠀⠊&lt;/row&gt;
          &lt;row&gt;⠀&lt;/row&gt;
          &lt;row&gt;⠇⠀⠁⠀⠧⠀⠁⠀⠇⠀⠇⠀⠁&lt;/row&gt;
          &lt;row&gt;⠀&lt;/row&gt;
          &lt;row&gt;⠍⠀⠥⠀⠎⠀⠞⠀⠁⠀⠎⠀⠎⠀⠁&lt;/row&gt;
          &lt;row&gt;⠀&lt;/row&gt;
          &lt;row&gt;⠏⠀⠥⠀⠧⠀⠥⠀⠎⠀⠎⠀⠁⠄⠀⠀⠀⠠⠓⠀⠜⠀⠝&lt;/row&gt;
          &lt;row&gt;⠀&lt;/row&gt;
          &lt;row&gt;⠧⠀⠑⠀⠞⠀⠊⠀⠀⠀⠓⠀⠊⠀⠓⠀⠁⠀⠎⠀⠞⠀⠁⠀⠁⠀⠝&lt;/row&gt;
          &lt;row&gt;⠀&lt;/row&gt;
          &lt;row&gt;⠝⠀⠑⠀⠇⠀⠚⠀⠜&lt;/row&gt;
          &lt;row&gt;⠀&lt;/row&gt;
          &lt;row&gt;⠊⠀⠇⠀⠍⠀⠁⠀⠏⠀⠁⠀⠇⠀⠇⠀⠕⠀⠁⠂&lt;/row&gt;
          &lt;row/&gt;
        &lt;/page&gt;
        &lt;page&gt;
          &lt;row&gt;⠀⠀⠀⠀⠀⠀⠀⠀⠀⠀⠀⠀⠀⠀⠀⠀⠀⠀⠀⠀⠀⠀⠀⠀⠀⠀⠀⠼⠁⠊&lt;/row&gt;
          &lt;row&gt;⠚⠀⠕⠀⠞⠀⠅⠀⠁&lt;/row&gt;
          &lt;row&gt;⠀&lt;/row&gt;
          &lt;row&gt;⠞⠀⠜⠀⠽⠀⠞⠀⠞⠀⠽⠀⠊⠀⠧⠀⠜⠀⠞&lt;/row&gt;
          &lt;row&gt;⠀&lt;/row&gt;
          &lt;row&gt;⠊⠀⠞⠀⠎⠀⠑⠀⠎⠀⠞⠀⠜⠀⠜⠀⠝⠀⠀⠀⠚⠀⠁&lt;/row&gt;
          &lt;row&gt;⠀&lt;/row&gt;
          &lt;row&gt;⠇⠀⠑⠀⠊⠀⠚⠀⠁⠀⠊⠀⠇⠀⠊⠀⠧⠀⠁⠀⠞&lt;/row&gt;
          &lt;row&gt;⠀&lt;/row&gt;
          &lt;row&gt;⠅⠀⠁⠀⠞⠀⠞⠀⠕⠀⠕⠀⠝⠄&lt;/row&gt;
          &lt;row&gt;⠀&lt;/row&gt;
          &lt;row&gt;⠀&lt;/row&gt;
          &lt;row&gt;⠠⠗⠀⠥⠀⠙⠀⠕⠀⠇⠀⠋⠀⠀⠀⠝⠀⠕⠀⠥⠀⠎⠀⠊&lt;/row&gt;
          &lt;row&gt;⠀&lt;/row&gt;
          &lt;row&gt;⠞⠀⠥⠀⠕⠀⠇⠀⠊⠀⠇⠀⠇⠀⠑&lt;/row&gt;
          &lt;row&gt;⠀&lt;/row&gt;
          &lt;row&gt;⠎⠀⠑⠀⠊⠀⠎⠀⠕⠀⠍⠀⠁⠀⠁⠀⠝⠀⠀⠀⠚⠀⠁&lt;/row&gt;
          &lt;row&gt;⠀&lt;/row&gt;
          &lt;row&gt;⠽⠀⠗⠀⠊⠀⠞⠀⠞⠀⠊⠀⠀⠀⠎⠀⠊⠀⠑⠀⠏⠀⠁⠀⠞⠀⠁&lt;/row&gt;
          &lt;row&gt;⠀&lt;/row&gt;
          &lt;row&gt;⠽⠀⠓⠀⠙⠀⠑⠀⠝⠄⠀⠀⠀⠠⠍⠀⠜⠀⠗⠀⠞⠀⠁&lt;/row&gt;
          &lt;row&gt;⠀&lt;/row&gt;
          &lt;row&gt;⠅⠀⠁⠀⠞⠀⠎⠀⠕⠀⠊⠀⠀⠀⠓⠀⠜⠀⠝⠀⠞⠀⠜&lt;/row&gt;
          &lt;row&gt;⠀&lt;/row&gt;
          &lt;row&gt;⠁⠀⠝⠀⠅⠀⠁⠀⠗⠀⠁⠀⠎⠀⠞⠀⠊⠄&lt;/row&gt;
          &lt;row&gt;⠀&lt;/row&gt;
          &lt;row/&gt;
        &lt;/page&gt;
        &lt;page&gt;
          &lt;row&gt;⠀⠀⠀⠀⠀⠀⠀⠀⠀⠀⠀⠀⠀⠀⠀⠀⠀⠀⠀⠀⠀⠀⠀⠀⠀⠀⠀⠼⠃⠚&lt;/row&gt;
          &lt;row&gt;⠤⠀⠀⠀⠠⠅⠀⠕⠀⠑⠀⠞⠀⠁⠀⠓⠀⠁⠀⠝&lt;/row&gt;
          &lt;row&gt;⠀&lt;/row&gt;
          &lt;row&gt;⠗⠀⠁⠀⠥⠀⠓⠀⠕⠀⠊⠀⠞⠀⠞⠀⠥⠀⠁⠂&lt;/row&gt;
          &lt;row&gt;⠀&lt;/row&gt;
          &lt;row&gt;⠠⠗⠀⠥⠀⠙⠀⠕⠀⠇⠀⠋⠄&lt;/row&gt;
          &lt;row&gt;⠀&lt;/row&gt;
          &lt;row&gt;⠀&lt;/row&gt;
          &lt;row&gt;⠤⠀⠀⠀⠠⠕⠀⠝⠀⠅⠀⠕&lt;/row&gt;
          &lt;row&gt;⠀&lt;/row&gt;
          &lt;row&gt;⠚⠀⠕⠀⠇⠀⠇⠀⠁⠀⠅⠀⠥⠀⠇⠀⠇⠀⠁&lt;/row&gt;
          &lt;row&gt;⠀&lt;/row&gt;
          &lt;row&gt;⠞⠀⠑⠀⠊⠀⠎⠀⠞⠀⠜⠀⠀⠀⠎⠀⠕⠀⠗⠀⠍⠀⠥⠀⠎⠢&lt;/row&gt;
          &lt;row&gt;⠀&lt;/row&gt;
          &lt;row&gt;⠠⠏⠀⠕⠀⠅⠀⠅⠀⠥⠀⠎⠀⠀⠀⠅⠀⠽⠀⠎⠀⠽⠀⠊&lt;/row&gt;
          &lt;row&gt;⠀&lt;/row&gt;
          &lt;row&gt;⠞⠀⠥⠀⠍⠀⠍⠀⠁⠀⠇⠀⠇⠀⠁&lt;/row&gt;
          &lt;row&gt;⠀&lt;/row&gt;
          &lt;row&gt;⠇⠀⠁⠀⠁⠀⠓⠀⠁⠀⠁⠀⠧⠀⠁⠀⠇⠀⠇⠀⠁&lt;/row&gt;
          &lt;row&gt;⠀&lt;/row&gt;
          &lt;row&gt;⠜⠀⠜⠀⠝⠀⠑⠀⠇⠀⠇⠀⠜⠄&lt;/row&gt;
          &lt;row&gt;⠀&lt;/row&gt;
          &lt;row&gt;⠤⠀⠀⠀⠠⠓⠀⠊⠀⠑⠀⠝⠀⠕&lt;/row&gt;
          &lt;row&gt;⠀&lt;/row&gt;
          &lt;row&gt;⠎⠀⠕⠀⠗⠀⠍⠀⠥⠀⠎⠄&lt;/row&gt;
          &lt;row&gt;⠀&lt;/row&gt;
          &lt;row/&gt;
        &lt;/page&gt;
        &lt;page&gt;
          &lt;row&gt;⠀⠀⠀⠀⠀⠀⠀⠀⠀⠀⠀⠀⠀⠀⠀⠀⠀⠀⠀⠀⠀⠀⠀⠀⠀⠀⠀⠼⠃⠁&lt;/row&gt;
          &lt;row&gt;⠠⠍⠀⠊⠀⠑⠀⠇⠀⠥⠀⠊⠀⠞⠀⠑⠀⠝&lt;/row&gt;
          &lt;row&gt;⠀&lt;/row&gt;
          &lt;row&gt;⠅⠀⠥⠀⠇⠀⠞⠀⠁⠀⠊⠀⠝⠀⠑⠀⠝⠄&lt;/row&gt;
          &lt;row&gt;⠀&lt;/row&gt;
          &lt;row&gt;⠀&lt;/row&gt;
          &lt;row&gt;⠠⠁⠀⠇⠀⠧⠀⠁⠀⠀⠀⠝⠀⠕⠀⠎⠀⠞⠀⠊&lt;/row&gt;
          &lt;row&gt;⠀&lt;/row&gt;
          &lt;row&gt;⠅⠀⠜⠀⠞⠀⠑⠀⠝⠀⠎⠀⠜&lt;/row&gt;
          &lt;row&gt;⠀&lt;/row&gt;
          &lt;row&gt;⠏⠀⠽⠀⠎⠀⠞⠀⠽⠀⠽⠀⠝⠄&lt;/row&gt;
          &lt;row&gt;⠀&lt;/row&gt;
          &lt;row&gt;⠀&lt;/row&gt;
          &lt;row&gt;⠤⠀⠀⠀⠠⠝⠀⠥⠀⠕⠀⠗⠀⠊⠀⠀⠀⠝⠀⠑⠀⠊⠀⠞⠀⠊⠂&lt;/row&gt;
          &lt;row&gt;⠀&lt;/row&gt;
          &lt;row&gt;⠏⠀⠽⠀⠽⠀⠙⠀⠜⠀⠝⠀⠀⠀⠎⠀⠊⠀⠝⠀⠥⠀⠁&lt;/row&gt;
          &lt;row&gt;⠀&lt;/row&gt;
          &lt;row&gt;⠞⠀⠥⠀⠇⠀⠑⠀⠍⠀⠁⠀⠁⠀⠝&lt;/row&gt;
          &lt;row&gt;⠀&lt;/row&gt;
          &lt;row&gt;⠝⠀⠜⠀⠽⠀⠞⠀⠞⠀⠜⠀⠍⠀⠪⠀⠇⠀⠇⠀⠑⠂&lt;/row&gt;
          &lt;row&gt;⠀&lt;/row&gt;
          &lt;row&gt;⠠⠏⠀⠕⠀⠅⠀⠅⠀⠥⠀⠎⠀⠀⠀⠎⠀⠁⠀⠝⠀⠕⠀⠊&lt;/row&gt;
          &lt;row&gt;⠀&lt;/row&gt;
          &lt;row&gt;⠚⠀⠁⠀⠀⠀⠅⠀⠕⠀⠓⠀⠕⠀⠞⠀⠞⠀⠊&lt;/row&gt;
          &lt;row&gt;⠀&lt;/row&gt;
          &lt;row&gt;⠍⠀⠑⠀⠗⠀⠅⠀⠊⠀⠞⠀⠎⠀⠑⠀⠧⠀⠜⠀⠎⠀⠞⠀⠊&lt;/row&gt;
          &lt;row/&gt;
        &lt;/page&gt;
        &lt;page&gt;
          &lt;row&gt;⠀⠀⠀⠀⠀⠀⠀⠀⠀⠀⠀⠀⠀⠀⠀⠀⠀⠀⠀⠀⠀⠀⠀⠀⠀⠀⠀⠼⠃⠃&lt;/row&gt;
          &lt;row&gt;⠍⠀⠥⠀⠎⠀⠞⠀⠊⠀⠁⠀⠀⠀⠅⠀⠥⠀⠇⠀⠍⠀⠁⠀⠤&lt;/row&gt;
          &lt;row&gt;⠀&lt;/row&gt;
          &lt;row&gt;⠅⠀⠁⠀⠗⠀⠧⠀⠕⠀⠚⠀⠁⠀⠁⠀⠝⠄&lt;/row&gt;
          &lt;row&gt;⠀&lt;/row&gt;
          &lt;row&gt;⠀&lt;/row&gt;
          &lt;row&gt;⠤⠀⠀⠀⠠⠑⠀⠝⠀⠀⠀⠍⠀⠊⠀⠝⠀⠜&lt;/row&gt;
          &lt;row&gt;⠀&lt;/row&gt;
          &lt;row&gt;⠥⠀⠎⠀⠅⠀⠁⠀⠇⠀⠇⠀⠁⠂⠀⠀⠀⠠⠁⠀⠇⠀⠧⠀⠁&lt;/row&gt;
          &lt;row&gt;⠀&lt;/row&gt;
          &lt;row&gt;⠎⠀⠁⠀⠝⠀⠕⠀⠊⠀⠀⠀⠚⠀⠁&lt;/row&gt;
          &lt;row&gt;⠀&lt;/row&gt;
          &lt;row&gt;⠇⠀⠑⠀⠓⠀⠁⠀⠓⠀⠞⠀⠊&lt;/row&gt;
          &lt;row&gt;⠀&lt;/row&gt;
          &lt;row&gt;⠏⠀⠥⠀⠝⠀⠁⠀⠊⠀⠎⠀⠑⠀⠅⠀⠎⠀⠊⠄&lt;/row&gt;
          &lt;row&gt;⠀&lt;/row&gt;
          &lt;row&gt;⠀&lt;/row&gt;
          &lt;row&gt;⠠⠑⠀⠍⠀⠊⠀⠇⠀⠀⠀⠓⠀⠁⠀⠇⠀⠥⠀⠎⠀⠊&lt;/row&gt;
          &lt;row&gt;⠀&lt;/row&gt;
          &lt;row&gt;⠎⠀⠥⠀⠕⠀⠚⠀⠑⠀⠇⠀⠇⠀⠁⠀⠀⠀⠠⠁⠀⠇⠀⠧⠀⠁⠀⠁&lt;/row&gt;
          &lt;row&gt;⠀&lt;/row&gt;
          &lt;row&gt;⠍⠀⠥⠀⠞⠀⠞⠀⠁⠀⠀⠀⠑⠀⠊&lt;/row&gt;
          &lt;row&gt;⠀&lt;/row&gt;
          &lt;row&gt;⠞⠀⠊⠀⠑⠀⠝⠀⠝⠀⠽⠀⠞⠂&lt;/row&gt;
          &lt;row&gt;⠀&lt;/row&gt;
          &lt;row&gt;⠍⠀⠊⠀⠞⠀⠑⠀⠝⠄&lt;/row&gt;
          &lt;row/&gt;
        &lt;/page&gt;
        &lt;page&gt;
          &lt;row&gt;⠀⠀⠀⠀⠀⠀⠀⠀⠀⠀⠀⠀⠀⠀⠀⠀⠀⠀⠀⠀⠀⠀⠀⠀⠀⠀⠀⠼⠃⠉&lt;/row&gt;
          &lt;row&gt;⠤⠀⠀⠀⠠⠓⠀⠁⠀⠇⠀⠥⠀⠁⠀⠝&lt;/row&gt;
          &lt;row&gt;⠀&lt;/row&gt;
          &lt;row&gt;⠇⠀⠁⠀⠊⠀⠝⠀⠁⠀⠞⠀⠁&lt;/row&gt;
          &lt;row&gt;⠀&lt;/row&gt;
          &lt;row&gt;⠎⠀⠕⠀⠗⠀⠍⠀⠥⠀⠎⠀⠞⠀⠁⠀⠎⠀⠊⠄⠀⠀⠀⠠⠚⠀⠁&lt;/row&gt;
          &lt;row&gt;⠀&lt;/row&gt;
          &lt;row&gt;⠎⠀⠊⠀⠝⠀⠜⠀⠀⠀⠎⠀⠁⠀⠁⠀⠞&lt;/row&gt;
          &lt;row&gt;⠀&lt;/row&gt;
          &lt;row&gt;⠧⠀⠁⠀⠓⠀⠞⠀⠊⠀⠁⠂⠀⠀⠀⠑⠀⠞⠀⠞⠀⠑⠀⠝&lt;/row&gt;
          &lt;row&gt;⠀&lt;/row&gt;
          &lt;row&gt;⠓⠀⠥⠀⠊⠀⠚⠀⠁⠀⠁⠄&lt;/row&gt;
          &lt;row&gt;⠀&lt;/row&gt;
          &lt;row&gt;⠀&lt;/row&gt;
          &lt;row&gt;⠠⠏⠀⠕⠀⠅⠀⠅⠀⠥⠀⠎⠀⠀⠀⠕⠀⠚⠀⠑⠀⠝⠀⠎⠀⠊&lt;/row&gt;
          &lt;row&gt;⠀&lt;/row&gt;
          &lt;row&gt;⠅⠀⠜⠀⠞⠀⠑⠀⠝⠀⠎⠀⠜&lt;/row&gt;
          &lt;row&gt;⠀&lt;/row&gt;
          &lt;row&gt;⠠⠁⠀⠇⠀⠧⠀⠁⠀⠇⠀⠇⠀⠑⠀⠀⠀⠚⠀⠁&lt;/row&gt;
          &lt;row&gt;⠀&lt;/row&gt;
          &lt;row&gt;⠁⠀⠥⠀⠞⠀⠞⠀⠕⠀⠊⠀⠀⠀⠓⠀⠜⠀⠝⠀⠑⠀⠞&lt;/row&gt;
          &lt;row&gt;⠀&lt;/row&gt;
          &lt;row&gt;⠇⠀⠁⠀⠧⠀⠁⠀⠇⠀⠇⠀⠑⠄&lt;/row&gt;
          &lt;row&gt;⠀&lt;/row&gt;
          &lt;row&gt;⠀&lt;/row&gt;
          &lt;row&gt;⠀&lt;/row&gt;
          &lt;row/&gt;
        &lt;/page&gt;
        &lt;page&gt;
          &lt;row&gt;⠀⠀⠀⠀⠀⠀⠀⠀⠀⠀⠀⠀⠀⠀⠀⠀⠀⠀⠀⠀⠀⠀⠀⠀⠀⠀⠀⠼⠃⠙&lt;/row&gt;
          &lt;row&gt;⠤⠀⠀⠀⠠⠍⠀⠊⠀⠎⠀⠎⠀⠜&lt;/row&gt;
          &lt;row&gt;⠀&lt;/row&gt;
          &lt;row&gt;⠎⠀⠕⠀⠗⠀⠍⠀⠥⠀⠅⠀⠎⠀⠑⠀⠎⠀⠊⠀⠀⠀⠕⠀⠝⠢&lt;/row&gt;
          &lt;row&gt;⠀&lt;/row&gt;
          &lt;row&gt;⠠⠏⠀⠕⠀⠅⠀⠅⠀⠥⠀⠎⠀⠀⠀⠅⠀⠽⠀⠎⠀⠽⠀⠊⠄&lt;/row&gt;
          &lt;row&gt;⠀&lt;/row&gt;
          &lt;row&gt;⠤⠀⠀⠀⠠⠏⠀⠊⠀⠙⠀⠜⠀⠞⠀⠅⠀⠪&lt;/row&gt;
          &lt;row&gt;⠀&lt;/row&gt;
          &lt;row&gt;⠎⠀⠊⠀⠊⠀⠞⠀⠜⠀⠀⠀⠓⠀⠽⠀⠧⠀⠜⠀⠜&lt;/row&gt;
          &lt;row&gt;⠀&lt;/row&gt;
          &lt;row&gt;⠓⠀⠥⠀⠕⠀⠇⠀⠞⠀⠁⠢&lt;/row&gt;
          &lt;row&gt;⠀&lt;/row&gt;
          &lt;row&gt;⠀&lt;/row&gt;
          &lt;row&gt;⠤⠀⠀⠀⠠⠏⠀⠊⠀⠙⠀⠜⠀⠝⠂⠀⠀⠀⠠⠁⠀⠇⠀⠧⠀⠁&lt;/row&gt;
          &lt;row&gt;⠀&lt;/row&gt;
          &lt;row&gt;⠧⠀⠁⠀⠎⠀⠞⠀⠁⠀⠎⠀⠊⠀⠀⠀⠚⠀⠁&lt;/row&gt;
          &lt;row&gt;⠀&lt;/row&gt;
          &lt;row&gt;⠕⠀⠚⠀⠑⠀⠝⠀⠎⠀⠊&lt;/row&gt;
          &lt;row&gt;⠀&lt;/row&gt;
          &lt;row&gt;⠎⠀⠕⠀⠗⠀⠍⠀⠥⠀⠅⠀⠎⠀⠑⠀⠝⠄&lt;/row&gt;
          &lt;row&gt;⠀&lt;/row&gt;
          &lt;row&gt;⠤⠀⠀⠀⠠⠎⠀⠁⠀⠊⠀⠝⠀⠀⠀⠎⠀⠑⠀⠝&lt;/row&gt;
          &lt;row&gt;⠀&lt;/row&gt;
          &lt;row&gt;⠍⠀⠥⠀⠍⠀⠍⠀⠊⠀⠇⠀⠞⠀⠁⠄&lt;/row&gt;
          &lt;row&gt;⠀&lt;/row&gt;
          &lt;row/&gt;
        &lt;/page&gt;
        &lt;page&gt;
          &lt;row&gt;⠀⠀⠀⠀⠀⠀⠀⠀⠀⠀⠀⠀⠀⠀⠀⠀⠀⠀⠀⠀⠀⠀⠀⠀⠀⠀⠀⠼⠃⠑&lt;/row&gt;
          &lt;row&gt;⠠⠎⠀⠑⠀⠀⠀⠕⠀⠝⠀⠀⠀⠕⠀⠊⠀⠅⠀⠑⠀⠁⠀⠁&lt;/row&gt;
          &lt;row&gt;⠀&lt;/row&gt;
          &lt;row&gt;⠅⠀⠥⠀⠇⠀⠞⠀⠁⠀⠁⠂⠀⠀⠀⠚⠀⠁&lt;/row&gt;
          &lt;row&gt;⠀&lt;/row&gt;
          &lt;row&gt;⠎⠀⠊⠀⠊⠀⠓⠀⠑⠀⠝⠀⠀⠀⠕⠀⠝&lt;/row&gt;
          &lt;row&gt;⠀&lt;/row&gt;
          &lt;row&gt;⠅⠀⠁⠀⠊⠀⠧⠀⠑⠀⠗⠀⠗⠀⠑⠀⠞⠀⠞⠀⠥&lt;/row&gt;
          &lt;row&gt;⠀&lt;/row&gt;
          &lt;row&gt;⠝⠀⠊⠀⠍⠀⠑⠀⠝⠀⠊⠄&lt;/row&gt;
          &lt;row&gt;⠀&lt;/row&gt;
          &lt;row&gt;⠀&lt;/row&gt;
          &lt;row&gt;⠤⠀⠀⠀⠠⠅⠀⠥⠀⠇⠀⠞⠀⠁⠀⠀⠀⠕⠀⠝&lt;/row&gt;
          &lt;row&gt;⠀&lt;/row&gt;
          &lt;row&gt;⠓⠀⠑⠀⠗⠀⠅⠀⠥⠀⠇⠀⠇⠀⠊⠀⠎⠀⠞⠀⠁⠂&lt;/row&gt;
          &lt;row&gt;⠀&lt;/row&gt;
          &lt;row&gt;⠞⠀⠁⠀⠊⠀⠅⠀⠥⠀⠗⠀⠊⠀⠀⠀⠎⠀⠁⠀⠝⠀⠕⠀⠊⠂&lt;/row&gt;
          &lt;row&gt;⠀&lt;/row&gt;
          &lt;row&gt;⠏⠀⠁⠀⠝⠀⠊⠀⠀⠀⠠⠁⠀⠇⠀⠧⠀⠁⠀⠝&lt;/row&gt;
          &lt;row&gt;⠀&lt;/row&gt;
          &lt;row&gt;⠎⠀⠕⠀⠗⠀⠍⠀⠥⠀⠅⠀⠎⠀⠑⠀⠝&lt;/row&gt;
          &lt;row&gt;⠀&lt;/row&gt;
          &lt;row&gt;⠎⠀⠥⠀⠥⠀⠓⠀⠥⠀⠝⠀⠎⠀⠁⠀⠀⠀⠚⠀⠁&lt;/row&gt;
          &lt;row&gt;⠀&lt;/row&gt;
          &lt;row&gt;⠝⠀⠊⠀⠑⠀⠇⠀⠁⠀⠊⠀⠎⠀⠊⠄&lt;/row&gt;
          &lt;row&gt;⠀&lt;/row&gt;
          &lt;row&gt;⠤⠀⠀⠀⠠⠎⠀⠊⠀⠝⠀⠝⠀⠑⠀⠀⠀⠍⠀⠑⠀⠝⠀⠊⠲&lt;/row&gt;
        &lt;/page&gt;
        &lt;page&gt;
          &lt;row&gt;⠀⠀⠀⠀⠀⠀⠀⠀⠀⠀⠀⠀⠀⠀⠀⠀⠀⠀⠀⠀⠀⠀⠀⠀⠀⠀⠀⠼⠃⠋&lt;/row&gt;
          &lt;row&gt;⠠⠏⠀⠕⠀⠅⠀⠅⠀⠥⠀⠎⠀⠀⠀⠞⠀⠁⠀⠗⠀⠞⠀⠞⠀⠥⠀⠊&lt;/row&gt;
          &lt;row&gt;⠀&lt;/row&gt;
          &lt;row&gt;⠠⠁⠀⠇⠀⠧⠀⠁⠀⠁⠀⠝⠀⠀⠀⠚⠀⠁&lt;/row&gt;
          &lt;row&gt;⠀&lt;/row&gt;
          &lt;row&gt;⠏⠀⠽⠀⠪⠀⠗⠀⠊⠀⠞⠀⠞⠀⠊⠀⠀⠀⠓⠀⠜⠀⠝⠀⠞⠀⠜&lt;/row&gt;
          &lt;row&gt;⠀&lt;/row&gt;
          &lt;row&gt;⠽⠀⠍⠀⠏⠀⠜⠀⠗⠀⠊⠀⠀⠀⠍⠀⠕⠀⠝⠀⠞⠀⠁&lt;/row&gt;
          &lt;row&gt;⠀&lt;/row&gt;
          &lt;row&gt;⠅⠀⠑⠀⠗⠀⠞⠀⠁⠀⠁⠄&lt;/row&gt;
          &lt;row&gt;⠀&lt;/row&gt;
          &lt;row&gt;⠀&lt;/row&gt;
          &lt;row&gt;⠤⠀⠀⠀⠠⠚⠀⠁⠀⠀⠀⠏⠀⠊⠀⠁⠀⠝&lt;/row&gt;
          &lt;row&gt;⠀&lt;/row&gt;
          &lt;row&gt;⠍⠀⠑⠀⠝⠀⠑⠀⠞⠀⠀⠀⠎⠀⠊⠀⠝⠀⠜⠀⠅⠀⠊⠀⠝&lt;/row&gt;
          &lt;row&gt;⠀&lt;/row&gt;
          &lt;row&gt;⠤⠀⠀⠀⠝⠀⠊⠀⠍⠀⠊⠀⠞⠀⠞⠀⠜⠀⠊⠀⠝&lt;/row&gt;
          &lt;row&gt;⠀&lt;/row&gt;
          &lt;row&gt;⠏⠀⠽⠀⠪⠀⠗⠀⠗⠀⠽⠀⠅⠀⠎⠀⠊⠀⠊⠀⠝⠂&lt;/row&gt;
          &lt;row&gt;⠀&lt;/row&gt;
          &lt;row&gt;⠠⠏⠀⠕⠀⠅⠀⠅⠀⠥⠀⠎⠀⠀⠀⠚⠀⠥⠀⠇⠀⠊⠀⠎⠀⠞⠀⠊&lt;/row&gt;
          &lt;row&gt;⠀&lt;/row&gt;
          &lt;row&gt;⠚⠀⠁⠀⠀⠀⠝⠀⠁⠀⠥⠀⠗⠀⠕⠀⠊&lt;/row&gt;
          &lt;row&gt;⠀&lt;/row&gt;
          &lt;row&gt;⠚⠀⠽⠀⠇⠀⠊⠀⠎⠀⠑⠀⠧⠀⠜⠀⠜&lt;/row&gt;
          &lt;row&gt;⠀&lt;/row&gt;
          &lt;row&gt;⠝⠀⠁⠀⠥⠀⠗⠀⠥⠀⠁⠄&lt;/row&gt;
        &lt;/page&gt;
        &lt;page&gt;
          &lt;row&gt;⠀⠀⠀⠀⠀⠀⠀⠀⠀⠀⠀⠀⠀⠀⠀⠀⠀⠀⠀⠀⠀⠀⠀⠀⠀⠀⠀⠼⠃⠛&lt;/row&gt;
          &lt;row&gt;⠤⠀⠀⠀⠠⠎⠀⠁⠀⠁⠀⠞⠀⠀⠀⠎⠀⠑⠀⠝&lt;/row&gt;
          &lt;row&gt;⠀&lt;/row&gt;
          &lt;row&gt;⠞⠀⠁⠀⠅⠀⠁⠀⠊⠀⠎⠀⠊⠀⠝⠂⠀⠀⠀⠅⠀⠥⠀⠝&lt;/row&gt;
          &lt;row&gt;⠀&lt;/row&gt;
          &lt;row&gt;⠓⠀⠜⠀⠝⠀⠀⠀⠕⠀⠝&lt;/row&gt;
          &lt;row&gt;⠀&lt;/row&gt;
          &lt;row&gt;⠅⠀⠁⠀⠅⠀⠁⠀⠝⠀⠝⠀⠥⠀⠞⠲&lt;/row&gt;
          &lt;row&gt;⠀&lt;/row&gt;
          &lt;row&gt;⠠⠗⠀⠥⠀⠙⠀⠕⠀⠇⠀⠋⠀⠀⠀⠓⠀⠥⠀⠥⠀⠎⠀⠊⠄&lt;/row&gt;
          &lt;row&gt;⠀&lt;/row&gt;
          &lt;row&gt;⠀&lt;/row&gt;
          &lt;row&gt;⠠⠁⠀⠇⠀⠧⠀⠁⠀⠝⠀⠀⠀⠁⠀⠇⠀⠁⠀⠓⠀⠥⠀⠥⠀⠇⠀⠊&lt;/row&gt;
          &lt;row&gt;⠀&lt;/row&gt;
          &lt;row&gt;⠧⠀⠜⠀⠏⠀⠜⠀⠞⠀⠞⠀⠊⠄⠀⠀⠀⠠⠍⠀⠥⠀⠞⠀⠞⠀⠁&lt;/row&gt;
          &lt;row&gt;⠀&lt;/row&gt;
          &lt;row&gt;⠎⠀⠊⠀⠇⠀⠇⠀⠕⠀⠊⠀⠝⠀⠀⠀⠠⠏⠀⠕⠀⠅⠀⠅⠀⠥⠀⠎&lt;/row&gt;
          &lt;row&gt;⠀&lt;/row&gt;
          &lt;row&gt;⠓⠀⠑⠀⠊⠀⠇⠀⠁⠀⠥⠀⠞⠀⠞⠀⠊&lt;/row&gt;
          &lt;row&gt;⠀&lt;/row&gt;
          &lt;row&gt;⠞⠀⠁⠀⠊⠀⠅⠀⠁⠀⠎⠀⠁⠀⠥⠀⠧⠀⠁⠀⠁⠀⠝⠀⠎⠀⠁&lt;/row&gt;
          &lt;row&gt;⠀&lt;/row&gt;
          &lt;row&gt;⠚⠀⠁⠀⠀⠀⠏⠀⠽⠀⠽⠀⠎⠀⠊⠂⠀⠀⠀⠑⠀⠞⠀⠞⠀⠜&lt;/row&gt;
          &lt;row&gt;⠀&lt;/row&gt;
          &lt;row&gt;⠠⠁⠀⠇⠀⠧⠀⠁⠀⠀⠀⠅⠀⠁⠀⠞⠀⠎⠀⠕⠀⠊⠀⠎⠀⠊&lt;/row&gt;
          &lt;row&gt;⠀&lt;/row&gt;
          &lt;row&gt;⠧⠀⠁⠀⠎⠀⠑⠀⠍⠀⠍⠀⠁⠀⠎⠀⠞⠀⠁&lt;/row&gt;
        &lt;/page&gt;
        &lt;page&gt;
          &lt;row&gt;⠀⠀⠀⠀⠀⠀⠀⠀⠀⠀⠀⠀⠀⠀⠀⠀⠀⠀⠀⠀⠀⠀⠀⠀⠀⠀⠀⠼⠃⠓&lt;/row&gt;
          &lt;row&gt;⠎⠀⠥⠀⠅⠀⠁⠀⠎⠀⠞⠀⠁⠀⠁⠀⠝⠄&lt;/row&gt;
          &lt;row&gt;⠀&lt;/row&gt;
          &lt;row&gt;⠀&lt;/row&gt;
          &lt;row&gt;⠠⠎⠀⠕⠀⠗⠀⠍⠀⠥⠀⠎⠀⠀⠀⠕⠀⠇⠀⠊&lt;/row&gt;
          &lt;row&gt;⠀&lt;/row&gt;
          &lt;row&gt;⠎⠀⠊⠀⠑⠀⠇⠀⠇⠀⠜⠲&lt;/row&gt;
          &lt;row&gt;⠀&lt;/row&gt;
          &lt;row&gt;⠤⠀⠀⠀⠠⠓⠀⠕⠀⠅⠀⠅⠀⠥⠀⠎&lt;/row&gt;
          &lt;row&gt;⠀&lt;/row&gt;
          &lt;row&gt;⠏⠀⠕⠀⠅⠀⠅⠀⠥⠀⠎⠂⠀⠀⠀⠠⠏⠀⠕⠀⠅⠀⠅⠀⠥⠀⠎&lt;/row&gt;
          &lt;row&gt;⠀&lt;/row&gt;
          &lt;row&gt;⠓⠀⠥⠀⠥⠀⠙⠀⠁⠀⠓⠀⠞⠀⠊⠄&lt;/row&gt;
          &lt;row&gt;⠀&lt;/row&gt;
          &lt;row&gt;⠤⠀⠀⠀⠠⠅⠀⠁⠀⠞⠀⠎⠀⠕⠀⠀⠀⠝⠀⠽⠀⠞&lt;/row&gt;
          &lt;row&gt;⠀&lt;/row&gt;
          &lt;row&gt;⠞⠀⠁⠀⠗⠀⠅⠀⠁⠀⠎⠀⠞⠀⠊⠄⠀⠀⠀⠠⠕⠀⠝⠀⠅⠀⠕&lt;/row&gt;
          &lt;row&gt;⠀&lt;/row&gt;
          &lt;row&gt;⠎⠀⠑⠀⠀⠀⠎⠀⠁⠀⠍⠀⠁⠀⠀⠀⠎⠀⠕⠀⠗⠀⠍⠀⠥⠀⠎⠢&lt;/row&gt;
          &lt;row&gt;⠀&lt;/row&gt;
          &lt;row&gt;⠤⠀⠀⠀⠠⠕⠀⠝⠂⠀⠀⠀⠎⠀⠊⠀⠊⠀⠝⠀⠜&lt;/row&gt;
          &lt;row&gt;⠀&lt;/row&gt;
          &lt;row&gt;⠇⠀⠥⠀⠅⠀⠑⠀⠑⠀⠀⠀⠠⠁⠀⠇⠀⠧⠀⠁⠂&lt;/row&gt;
          &lt;row&gt;⠀&lt;/row&gt;
          &lt;row&gt;⠎⠀⠁⠀⠝⠀⠕⠀⠊⠀⠀⠀⠠⠁⠀⠇⠀⠧⠀⠁&lt;/row&gt;
          &lt;row&gt;⠀&lt;/row&gt;
          &lt;row&gt;⠊⠀⠓⠀⠍⠀⠑⠀⠊⠀⠎⠀⠎⠀⠜⠀⠜⠀⠝⠄&lt;/row&gt;
        &lt;/page&gt;
        &lt;page&gt;
          &lt;row&gt;⠀⠀⠀⠀⠀⠀⠀⠀⠀⠀⠀⠀⠀⠀⠀⠀⠀⠀⠀⠀⠀⠀⠀⠀⠀⠀⠀⠼⠃⠊&lt;/row&gt;
          &lt;row&gt;⠠⠽⠀⠇⠀⠑⠀⠊⠀⠎⠀⠪⠀⠀⠀⠞⠀⠁⠀⠏⠀⠥⠀⠞⠀⠞⠀⠊&lt;/row&gt;
          &lt;row&gt;⠀&lt;/row&gt;
          &lt;row&gt;⠅⠀⠜⠀⠎⠀⠊⠀⠜⠀⠜⠀⠝⠀⠀⠀⠚⠀⠁&lt;/row&gt;
          &lt;row&gt;⠀&lt;/row&gt;
          &lt;row&gt;⠠⠗⠀⠥⠀⠙⠀⠕⠀⠇⠀⠋&lt;/row&gt;
          &lt;row&gt;⠀&lt;/row&gt;
          &lt;row&gt;⠧⠀⠊⠀⠎⠀⠇⠀⠁⠀⠎⠀⠊⠄&lt;/row&gt;
          &lt;row&gt;⠀&lt;/row&gt;
          &lt;row&gt;⠠⠅⠀⠊⠀⠊⠀⠞⠀⠕⠀⠅⠀⠎⠀⠑⠀⠅⠀⠎⠀⠊&lt;/row&gt;
          &lt;row&gt;⠀&lt;/row&gt;
          &lt;row&gt;⠠⠁⠀⠇⠀⠧⠀⠁⠀⠀⠀⠎⠀⠁⠀⠊&lt;/row&gt;
          &lt;row&gt;⠀&lt;/row&gt;
          &lt;row&gt;⠞⠀⠁⠀⠊⠀⠅⠀⠥⠀⠗⠀⠊⠀⠤&lt;/row&gt;
          &lt;row&gt;⠀&lt;/row&gt;
          &lt;row&gt;⠍⠀⠑⠀⠎⠀⠞⠀⠁⠀⠗⠀⠊⠀⠝&lt;/row&gt;
          &lt;row&gt;⠀&lt;/row&gt;
          &lt;row&gt;⠧⠀⠁⠀⠇⠀⠕⠀⠅⠀⠥⠀⠧⠀⠁⠀⠝⠂&lt;/row&gt;
          &lt;row&gt;⠀&lt;/row&gt;
          &lt;row&gt;⠚⠀⠕⠀⠓⠀⠕⠀⠝⠀⠀⠀⠠⠏⠀⠕⠀⠅⠀⠅⠀⠥⠀⠎&lt;/row&gt;
          &lt;row&gt;⠀&lt;/row&gt;
          &lt;row&gt;⠕⠀⠇⠀⠊&lt;/row&gt;
          &lt;row&gt;⠀&lt;/row&gt;
          &lt;row&gt;⠅⠀⠊⠀⠗⠀⠚⠀⠕⠀⠊⠀⠞⠀⠞⠀⠁⠀⠝⠀⠥⠀⠞&lt;/row&gt;
          &lt;row&gt;⠀&lt;/row&gt;
          &lt;row&gt;⠝⠀⠊⠀⠍⠀⠑⠀⠝⠀⠎⠀⠜&lt;/row&gt;
          &lt;row/&gt;
        &lt;/page&gt;
        &lt;page&gt;
          &lt;row&gt;⠀⠀⠀⠀⠀⠀⠀⠀⠀⠀⠀⠀⠀⠀⠀⠀⠀⠀⠀⠀⠀⠀⠀⠀⠀⠀⠀⠼⠉⠚&lt;/row&gt;
          &lt;row&gt;⠅⠀⠕⠀⠥⠀⠅⠀⠑⠀⠗⠀⠕⠀⠊⠀⠎⠀⠑⠀⠇⠀⠇⠀⠁&lt;/row&gt;
          &lt;row&gt;⠀&lt;/row&gt;
          &lt;row&gt;⠅⠀⠜⠀⠎⠀⠊⠀⠁⠀⠇⠀⠁⠀⠇⠀⠇⠀⠁⠄&lt;/row&gt;
          &lt;row&gt;⠀&lt;/row&gt;
          &lt;row&gt;⠀&lt;/row&gt;
          &lt;row&gt;⠠⠎⠀⠊⠀⠞⠀⠞⠀⠑⠀⠝⠀⠀⠀⠠⠏⠀⠕⠀⠅⠀⠅⠀⠥⠀⠎&lt;/row&gt;
          &lt;row&gt;⠀&lt;/row&gt;
          &lt;row&gt;⠞⠀⠽⠀⠪⠀⠝⠀⠎⠀⠊⠀⠀⠀⠊⠀⠎⠀⠕⠀⠝&lt;/row&gt;
          &lt;row&gt;⠀&lt;/row&gt;
          &lt;row&gt;⠏⠀⠽⠀⠪⠀⠗⠀⠜⠀⠇⠀⠇⠀⠊⠀⠎⠀⠑⠀⠝&lt;/row&gt;
          &lt;row&gt;⠀&lt;/row&gt;
          &lt;row&gt;⠇⠀⠁⠀⠁⠀⠞⠀⠊⠀⠅⠀⠕⠀⠝&lt;/row&gt;
          &lt;row&gt;⠀&lt;/row&gt;
          &lt;row&gt;⠇⠀⠁⠀⠧⠀⠁⠀⠇⠀⠇⠀⠑⠄&lt;/row&gt;
          &lt;row&gt;⠀&lt;/row&gt;
          &lt;row&gt;⠠⠇⠀⠁⠀⠁⠀⠞⠀⠊⠀⠅⠀⠕⠀⠎⠀⠎⠀⠁&lt;/row&gt;
          &lt;row&gt;⠀&lt;/row&gt;
          &lt;row&gt;⠍⠀⠁⠀⠅⠀⠁⠀⠎⠀⠊⠀⠀⠀⠝⠀⠁⠀⠊⠀⠝⠀⠑⠀⠝⠄&lt;/row&gt;
          &lt;row&gt;⠀&lt;/row&gt;
          &lt;row&gt;⠠⠓⠀⠜⠀⠝⠀⠑⠀⠎⠀⠞⠀⠜&lt;/row&gt;
          &lt;row&gt;⠀&lt;/row&gt;
          &lt;row&gt;⠝⠀⠜⠀⠅⠀⠽⠀⠊⠀⠧⠀⠜⠀⠞⠀⠀⠀⠧⠀⠁⠀⠊⠀⠝&lt;/row&gt;
          &lt;row&gt;⠀&lt;/row&gt;
          &lt;row&gt;⠏⠀⠜⠀⠜⠀⠀⠀⠚⠀⠁⠀⠀⠀⠚⠀⠁⠀⠇⠀⠁⠀⠞⠂&lt;/row&gt;
          &lt;row&gt;⠀&lt;/row&gt;
          &lt;row&gt;⠚⠀⠕⠀⠊⠀⠎⠀⠎⠀⠁⠀⠀⠀⠕⠀⠇⠀⠊&lt;/row&gt;
        &lt;/page&gt;
        &lt;page&gt;
          &lt;row&gt;⠀⠀⠀⠀⠀⠀⠀⠀⠀⠀⠀⠀⠀⠀⠀⠀⠀⠀⠀⠀⠀⠀⠀⠀⠀⠀⠀⠼⠉⠁&lt;/row&gt;
          &lt;row&gt;⠏⠀⠥⠀⠝⠀⠁⠀⠊⠀⠎⠀⠑⠀⠞&lt;/row&gt;
          &lt;row&gt;⠀&lt;/row&gt;
          &lt;row&gt;⠅⠀⠑⠀⠝⠀⠛⠀⠜⠀⠞⠄&lt;/row&gt;
          &lt;row&gt;⠀&lt;/row&gt;
          &lt;row&gt;⠀&lt;/row&gt;
          &lt;row&gt;⠤⠀⠀⠀⠠⠎⠀⠁⠀⠁⠀⠝⠀⠅⠀⠕&lt;/row&gt;
          &lt;row&gt;⠀&lt;/row&gt;
          &lt;row&gt;⠑⠀⠎⠀⠊⠀⠞⠀⠑⠀⠇⠀⠇⠀⠜&lt;/row&gt;
          &lt;row&gt;⠀&lt;/row&gt;
          &lt;row&gt;⠁⠀⠧⠀⠥⠀⠎⠀⠞⠀⠁⠀⠚⠀⠁⠀⠝⠀⠊⠂&lt;/row&gt;
          &lt;row&gt;⠀&lt;/row&gt;
          &lt;row&gt;⠠⠃⠀⠕⠀⠝⠀⠝⠀⠽⠀⠤⠀⠝⠀⠑⠀⠊⠀⠙⠀⠊⠀⠝⠄&lt;/row&gt;
          &lt;row&gt;⠀&lt;/row&gt;
          &lt;row&gt;⠠⠝⠀⠽⠀⠞⠀⠀⠀⠏⠀⠽⠀⠽⠀⠙⠀⠜⠀⠝&lt;/row&gt;
          &lt;row&gt;⠀&lt;/row&gt;
          &lt;row&gt;⠞⠀⠑⠀⠊⠀⠞⠀⠜⠀⠀⠀⠕⠀⠇⠀⠑⠀⠍⠀⠁⠀⠁⠀⠝&lt;/row&gt;
          &lt;row&gt;⠀&lt;/row&gt;
          &lt;row&gt;⠍⠀⠁⠀⠓⠀⠙⠀⠕⠀⠇⠀⠇⠀⠊⠀⠎⠀⠊⠀⠍⠀⠍⠀⠁⠀⠝&lt;/row&gt;
          &lt;row&gt;⠀&lt;/row&gt;
          &lt;row&gt;⠓⠀⠊⠀⠇⠀⠚⠀⠁⠀⠁⠄⠀⠀⠀⠠⠁⠀⠊⠀⠕⠀⠝&lt;/row&gt;
          &lt;row&gt;⠀&lt;/row&gt;
          &lt;row&gt;⠎⠀⠁⠀⠓⠀⠁⠀⠞⠀⠁⠀⠀⠀⠠⠃⠀⠕⠀⠝⠀⠝⠀⠽⠀⠝&lt;/row&gt;
          &lt;row&gt;⠀&lt;/row&gt;
          &lt;row&gt;⠅⠀⠁⠀⠓⠀⠞⠀⠊⠀⠁⠄&lt;/row&gt;
          &lt;row&gt;⠀&lt;/row&gt;
          &lt;row/&gt;
        &lt;/page&gt;
        &lt;page&gt;
          &lt;row&gt;⠀⠀⠀⠀⠀⠀⠀⠀⠀⠀⠀⠀⠀⠀⠀⠀⠀⠀⠀⠀⠀⠀⠀⠀⠀⠀⠀⠼⠉⠃&lt;/row&gt;
          &lt;row&gt;⠤⠀⠀⠀⠠⠑⠀⠊⠀⠀⠀⠓⠀⠜⠀⠝&lt;/row&gt;
          &lt;row&gt;⠀&lt;/row&gt;
          &lt;row&gt;⠥⠀⠎⠀⠅⠀⠁⠀⠇⠀⠇⠀⠁⠄⠀⠀⠀⠠⠓⠀⠜⠀⠝&lt;/row&gt;
          &lt;row&gt;⠀&lt;/row&gt;
          &lt;row&gt;⠑⠀⠊⠀⠀⠀⠽⠀⠅⠀⠎⠀⠊⠀⠝⠀⠤&lt;/row&gt;
          &lt;row&gt;⠀&lt;/row&gt;
          &lt;row&gt;⠅⠀⠑⠀⠗⠀⠞⠀⠁⠀⠊⠀⠎⠀⠑⠀⠎⠀⠞⠀⠊&lt;/row&gt;
          &lt;row&gt;⠀&lt;/row&gt;
          &lt;row&gt;⠧⠀⠕⠀⠊⠀⠀⠀⠞⠀⠑⠀⠓⠀⠙⠀⠜&lt;/row&gt;
          &lt;row&gt;⠀&lt;/row&gt;
          &lt;row&gt;⠎⠀⠑⠀⠇⠀⠇⠀⠁⠀⠊⠀⠎⠀⠞⠀⠁⠂&lt;/row&gt;
          &lt;row&gt;⠀&lt;/row&gt;
          &lt;row&gt;⠠⠥⠀⠃⠀⠃⠀⠑⠀⠀⠀⠅⠀⠥⠀⠊⠀⠎⠀⠅⠀⠁⠀⠎⠀⠊&lt;/row&gt;
          &lt;row&gt;⠀&lt;/row&gt;
          &lt;row&gt;⠠⠑⠀⠍⠀⠊⠀⠇⠀⠊⠀⠇⠀⠇⠀⠑⠄&lt;/row&gt;
          &lt;row&gt;⠀&lt;/row&gt;
          &lt;row&gt;⠤⠀⠀⠀⠠⠚⠀⠕⠀⠎⠀⠀⠀⠕⠀⠝&lt;/row&gt;
          &lt;row&gt;⠀&lt;/row&gt;
          &lt;row&gt;⠅⠀⠁⠀⠓⠀⠙⠀⠑⠀⠎⠀⠎⠀⠁&lt;/row&gt;
          &lt;row&gt;⠀&lt;/row&gt;
          &lt;row&gt;⠕⠀⠎⠀⠁⠀⠎⠀⠎⠀⠁⠂⠀⠀⠀⠑⠀⠊⠀⠀⠀⠧⠀⠕⠀⠊&lt;/row&gt;
          &lt;row&gt;⠀&lt;/row&gt;
          &lt;row&gt;⠑⠀⠇⠀⠜⠀⠜⠄&lt;/row&gt;
          &lt;row&gt;⠀&lt;/row&gt;
          &lt;row&gt;⠀&lt;/row&gt;
          &lt;row/&gt;
        &lt;/page&gt;
        &lt;page&gt;
          &lt;row&gt;⠀⠀⠀⠀⠀⠀⠀⠀⠀⠀⠀⠀⠀⠀⠀⠀⠀⠀⠀⠀⠀⠀⠀⠀⠀⠀⠀⠼⠉⠉&lt;/row&gt;
          &lt;row&gt;⠤⠀⠀⠀⠠⠍⠀⠁⠀⠙⠀⠕⠀⠞&lt;/row&gt;
          &lt;row&gt;⠀&lt;/row&gt;
          &lt;row&gt;⠧⠀⠕⠀⠊⠀⠧⠀⠁⠀⠞⠂⠀⠀⠀⠎⠀⠁⠀⠝⠀⠕⠀⠊&lt;/row&gt;
          &lt;row&gt;⠀&lt;/row&gt;
          &lt;row&gt;⠠⠎⠀⠕⠀⠅⠀⠗⠀⠁⠀⠞⠀⠑⠀⠎⠄&lt;/row&gt;
          &lt;row&gt;⠀&lt;/row&gt;
          &lt;row&gt;⠀&lt;/row&gt;
          &lt;row&gt;⠤⠀⠀⠀⠠⠞⠀⠥⠀⠕⠀⠎⠀⠎⠀⠁&lt;/row&gt;
          &lt;row&gt;⠀&lt;/row&gt;
          &lt;row&gt;⠞⠀⠜⠀⠽⠀⠞⠀⠽⠀⠽⠀⠀⠀⠕⠀⠇⠀⠇⠀⠁&lt;/row&gt;
          &lt;row&gt;⠀&lt;/row&gt;
          &lt;row&gt;⠚⠀⠕⠀⠅⠀⠊⠀⠝⠀⠀⠀⠚⠀⠥⠀⠚⠀⠥⠂&lt;/row&gt;
          &lt;row&gt;⠀&lt;/row&gt;
          &lt;row&gt;⠠⠑⠀⠍⠀⠊⠀⠇⠀⠀⠀⠍⠀⠥⠀⠞⠀⠊⠀⠎⠀⠊&lt;/row&gt;
          &lt;row&gt;⠀&lt;/row&gt;
          &lt;row&gt;⠚⠀⠁⠀⠀⠀⠗⠀⠽⠀⠏⠀⠊⠀⠎⠀⠞⠀⠊&lt;/row&gt;
          &lt;row&gt;⠀&lt;/row&gt;
          &lt;row&gt;⠕⠀⠞⠀⠎⠀⠁⠀⠁⠀⠝⠀⠎⠀⠁⠄&lt;/row&gt;
          &lt;row&gt;⠀&lt;/row&gt;
          &lt;row&gt;⠠⠞⠀⠁⠀⠊⠀⠅⠀⠥⠀⠗⠀⠊&lt;/row&gt;
          &lt;row&gt;⠀&lt;/row&gt;
          &lt;row&gt;⠓⠀⠁⠀⠗⠀⠓⠀⠁⠀⠥⠀⠞⠀⠞⠀⠊&lt;/row&gt;
          &lt;row&gt;⠀&lt;/row&gt;
          &lt;row&gt;⠽⠀⠇⠀⠑⠀⠊⠀⠎⠀⠪⠀⠜⠂⠀⠀⠀⠎⠀⠑⠀⠀⠀⠕⠀⠇⠀⠊&lt;/row&gt;
          &lt;row&gt;⠀&lt;/row&gt;
          &lt;row&gt;⠎⠀⠑⠀⠇⠀⠧⠀⠜⠄&lt;/row&gt;
        &lt;/page&gt;
        &lt;page&gt;
          &lt;row&gt;⠀⠀⠀⠀⠀⠀⠀⠀⠀⠀⠀⠀⠀⠀⠀⠀⠀⠀⠀⠀⠀⠀⠀⠀⠀⠀⠀⠼⠉⠙&lt;/row&gt;
          &lt;row&gt;⠤⠀⠀⠀⠠⠓⠀⠥⠀⠓⠂&lt;/row&gt;
          &lt;row&gt;⠀&lt;/row&gt;
          &lt;row&gt;⠝⠀⠜⠀⠽⠀⠞⠀⠞⠀⠜⠀⠜⠀⠏⠀⠜&lt;/row&gt;
          &lt;row&gt;⠀&lt;/row&gt;
          &lt;row&gt;⠊⠀⠝⠀⠓⠀⠕⠀⠞⠀⠞⠀⠁⠀⠧⠀⠁⠀⠇⠀⠞⠀⠁⠂&lt;/row&gt;
          &lt;row&gt;⠀&lt;/row&gt;
          &lt;row&gt;⠠⠍⠀⠜⠀⠗⠀⠞⠀⠁⠀⠤⠀⠕⠀⠏⠀⠑⠀⠞⠀⠞⠀⠁⠀⠚⠀⠁&lt;/row&gt;
          &lt;row&gt;⠀&lt;/row&gt;
          &lt;row&gt;⠎⠀⠁⠀⠝⠀⠕⠀⠊⠀⠀⠀⠚⠀⠁⠀⠀⠀⠎⠀⠥⠀⠇⠀⠅⠀⠊&lt;/row&gt;
          &lt;row&gt;⠀&lt;/row&gt;
          &lt;row&gt;⠎⠀⠊⠀⠇⠀⠍⠀⠜⠀⠝⠀⠎⠀⠜⠄&lt;/row&gt;
          &lt;row&gt;⠀&lt;/row&gt;
          &lt;row&gt;⠀&lt;/row&gt;
          &lt;row&gt;⠠⠏⠀⠕⠀⠅⠀⠅⠀⠥⠀⠎⠀⠀⠀⠕⠀⠞⠀⠞⠀⠊&lt;/row&gt;
          &lt;row&gt;⠀&lt;/row&gt;
          &lt;row&gt;⠎⠀⠁⠀⠓⠀⠁⠀⠝⠀⠀⠀⠚⠀⠁⠀⠀⠀⠁⠀⠇⠀⠅⠀⠕⠀⠊&lt;/row&gt;
          &lt;row&gt;⠀&lt;/row&gt;
          &lt;row&gt;⠎⠀⠁⠀⠓⠀⠁⠀⠞⠀⠁&lt;/row&gt;
          &lt;row&gt;⠀&lt;/row&gt;
          &lt;row&gt;⠇⠀⠁⠀⠁⠀⠞⠀⠊⠀⠅⠀⠅⠀⠕⠀⠁⠄&lt;/row&gt;
          &lt;row&gt;⠀&lt;/row&gt;
          &lt;row&gt;⠠⠃⠀⠕⠀⠝⠀⠝⠀⠽⠀⠀⠀⠓⠀⠽⠀⠍⠀⠽⠀⠊⠀⠇⠀⠊&lt;/row&gt;
          &lt;row&gt;⠀&lt;/row&gt;
          &lt;row&gt;⠽⠀⠇⠀⠑⠀⠊⠀⠎⠀⠪⠀⠇⠀⠇⠀⠑⠄&lt;/row&gt;
          &lt;row&gt;⠀&lt;/row&gt;
          &lt;row/&gt;
        &lt;/page&gt;
        &lt;page&gt;
          &lt;row&gt;⠀⠀⠀⠀⠀⠀⠀⠀⠀⠀⠀⠀⠀⠀⠀⠀⠀⠀⠀⠀⠀⠀⠀⠀⠀⠀⠀⠼⠉⠑&lt;/row&gt;
          &lt;row&gt;⠠⠓⠀⠊⠀⠇⠀⠚⠀⠁⠀⠊⠀⠎⠀⠥⠀⠥⠀⠞⠀⠞⠀⠁⠂&lt;/row&gt;
          &lt;row&gt;⠀&lt;/row&gt;
          &lt;row&gt;⠏⠀⠽⠀⠽⠀⠙⠀⠜⠀⠝⠂⠀⠀⠀⠠⠏⠀⠕⠀⠅⠀⠅⠀⠥⠀⠎&lt;/row&gt;
          &lt;row&gt;⠀&lt;/row&gt;
          &lt;row&gt;⠍⠀⠥⠀⠊⠀⠎⠀⠞⠀⠥⠀⠞⠀⠞⠀⠊⠄&lt;/row&gt;
          &lt;row&gt;⠀&lt;/row&gt;
          &lt;row&gt;⠀&lt;/row&gt;
          &lt;row&gt;⠤⠀⠀⠀⠠⠑⠀⠍⠀⠊⠀⠇⠂&lt;/row&gt;
          &lt;row&gt;⠀&lt;/row&gt;
          &lt;row&gt;⠅⠀⠕⠀⠊⠀⠗⠀⠁⠀⠎⠀⠊⠀⠀⠀⠕⠀⠝&lt;/row&gt;
          &lt;row&gt;⠀&lt;/row&gt;
          &lt;row&gt;⠞⠀⠜⠀⠜⠀⠇⠀⠇⠀⠜⠂&lt;/row&gt;
          &lt;row&gt;⠀&lt;/row&gt;
          &lt;row&gt;⠅⠀⠥⠀⠊⠀⠎⠀⠅⠀⠁⠀⠎⠀⠊⠀⠀⠀⠠⠥⠀⠃⠀⠃⠀⠑⠄&lt;/row&gt;
          &lt;row&gt;⠀&lt;/row&gt;
          &lt;row&gt;⠀&lt;/row&gt;
          &lt;row&gt;⠠⠎⠀⠁⠀⠍⠀⠁⠀⠎⠀⠎⠀⠁⠀⠀⠀⠠⠍⠀⠕⠀⠇⠀⠇⠀⠽&lt;/row&gt;
          &lt;row&gt;⠀&lt;/row&gt;
          &lt;row&gt;⠁⠀⠍⠀⠏⠀⠁⠀⠊⠀⠎⠀⠊&lt;/row&gt;
          &lt;row&gt;⠀&lt;/row&gt;
          &lt;row&gt;⠇⠀⠁⠀⠧⠀⠁⠀⠇⠀⠇⠀⠑⠀⠀⠀⠅⠀⠥⠀⠊⠀⠝&lt;/row&gt;
          &lt;row&gt;⠀&lt;/row&gt;
          &lt;row&gt;⠞⠀⠽⠀⠓⠀⠚⠀⠜⠀⠎⠀⠞⠀⠜⠄&lt;/row&gt;
          &lt;row&gt;⠀&lt;/row&gt;
          &lt;row&gt;⠀&lt;/row&gt;
          &lt;row/&gt;
        &lt;/page&gt;
        &lt;page&gt;
          &lt;row&gt;⠀⠀⠀⠀⠀⠀⠀⠀⠀⠀⠀⠀⠀⠀⠀⠀⠀⠀⠀⠀⠀⠀⠀⠀⠀⠀⠀⠼⠉⠋&lt;/row&gt;
          &lt;row&gt;⠠⠎⠀⠑⠀⠀⠀⠊⠀⠎⠀⠅⠀⠊&lt;/row&gt;
          &lt;row&gt;⠀&lt;/row&gt;
          &lt;row&gt;⠓⠀⠁⠀⠍⠀⠏⠀⠁⠀⠁⠀⠝⠀⠎⠀⠁&lt;/row&gt;
          &lt;row&gt;⠀&lt;/row&gt;
          &lt;row&gt;⠇⠀⠁⠀⠁⠀⠞⠀⠊⠀⠅⠀⠕⠀⠎⠀⠞⠀⠁&lt;/row&gt;
          &lt;row&gt;⠀&lt;/row&gt;
          &lt;row&gt;⠎⠀⠕⠀⠚⠀⠕⠀⠞⠀⠞⠀⠁⠀⠧⠀⠁⠀⠁⠀⠝&lt;/row&gt;
          &lt;row&gt;⠀&lt;/row&gt;
          &lt;row&gt;⠎⠀⠜⠀⠜⠀⠗⠀⠑⠀⠑⠀⠝⠀⠀⠀⠤⠀⠀⠀⠚⠀⠕⠀⠅⠀⠁&lt;/row&gt;
          &lt;row&gt;⠀&lt;/row&gt;
          &lt;row&gt;⠕⠀⠇⠀⠊⠀⠀⠀⠊⠀⠗⠀⠞⠀⠕⠀⠝⠀⠁⠀⠊⠀⠝⠀⠑⠀⠝⠲&lt;/row&gt;
          &lt;row&gt;⠀&lt;/row&gt;
          &lt;row&gt;⠠⠗⠀⠊⠀⠑⠀⠍⠀⠥⠀⠊⠀⠎⠀⠎⠀⠁⠀⠁⠀⠝&lt;/row&gt;
          &lt;row&gt;⠀&lt;/row&gt;
          &lt;row&gt;⠠⠍⠀⠕⠀⠇⠀⠇⠀⠽⠀⠀⠀⠗⠀⠁⠀⠧⠀⠁⠀⠎⠀⠊&lt;/row&gt;
          &lt;row&gt;⠀&lt;/row&gt;
          &lt;row&gt;⠠⠑⠀⠍⠀⠊⠀⠇⠀⠊⠀⠝⠀⠀⠀⠇⠀⠥⠀⠕⠀⠀⠀⠚⠀⠁&lt;/row&gt;
          &lt;row&gt;⠀&lt;/row&gt;
          &lt;row&gt;⠁⠀⠝⠀⠞⠀⠕⠀⠊⠀⠀⠀⠎⠀⠜⠀⠜⠀⠗⠀⠑⠀⠝&lt;/row&gt;
          &lt;row&gt;⠀&lt;/row&gt;
          &lt;row&gt;⠓⠀⠜⠀⠝⠀⠑⠀⠇⠀⠇⠀⠑⠄&lt;/row&gt;
          &lt;row&gt;⠀&lt;/row&gt;
          &lt;row&gt;⠀&lt;/row&gt;
          &lt;row&gt;⠀&lt;/row&gt;
          &lt;row&gt;⠀&lt;/row&gt;
          &lt;row/&gt;
        &lt;/page&gt;
        &lt;page&gt;
          &lt;row&gt;⠀⠀⠀⠀⠀⠀⠀⠀⠀⠀⠀⠀⠀⠀⠀⠀⠀⠀⠀⠀⠀⠀⠀⠀⠀⠀⠀⠼⠉⠛&lt;/row&gt;
          &lt;row&gt;⠤⠀⠀⠀⠠⠧⠀⠥⠀⠓⠂⠀⠀⠀⠠⠍⠀⠕⠀⠇⠀⠇⠀⠽&lt;/row&gt;
          &lt;row&gt;⠀&lt;/row&gt;
          &lt;row&gt;⠓⠀⠁⠀⠥⠀⠅⠀⠁⠀⠓⠀⠞⠀⠊⠀⠀⠀⠚⠀⠁&lt;/row&gt;
          &lt;row&gt;⠀&lt;/row&gt;
          &lt;row&gt;⠓⠀⠑⠀⠊⠀⠇⠀⠥⠀⠞⠀⠞⠀⠊&lt;/row&gt;
          &lt;row&gt;⠀&lt;/row&gt;
          &lt;row&gt;⠓⠀⠜⠀⠝⠀⠞⠀⠜⠀⠜⠀⠝⠀⠎⠀⠜&lt;/row&gt;
          &lt;row&gt;⠀&lt;/row&gt;
          &lt;row&gt;⠎⠀⠁⠀⠁⠀⠙⠀⠁⠀⠅⠀⠎⠀⠑⠀⠑⠀⠝&lt;/row&gt;
          &lt;row&gt;⠀&lt;/row&gt;
          &lt;row&gt;⠅⠀⠑⠀⠓⠀⠥⠀⠚⠀⠁⠄&lt;/row&gt;
          &lt;row&gt;⠀&lt;/row&gt;
          &lt;row&gt;⠀&lt;/row&gt;
          &lt;row&gt;⠤⠀⠀⠀⠠⠎⠀⠊⠀⠝⠀⠜&lt;/row&gt;
          &lt;row&gt;⠀&lt;/row&gt;
          &lt;row&gt;⠏⠀⠁⠀⠇⠀⠚⠀⠁⠀⠎⠀⠞⠀⠊⠀⠞&lt;/row&gt;
          &lt;row&gt;⠀&lt;/row&gt;
          &lt;row&gt;⠓⠀⠜⠀⠝⠀⠑⠀⠞⠂⠀⠀⠀⠠⠍⠀⠕⠀⠇⠀⠇⠀⠽⠄&lt;/row&gt;
          &lt;row&gt;⠀&lt;/row&gt;
          &lt;row&gt;⠠⠎⠀⠑⠀⠀⠀⠕⠀⠝⠀⠀⠀⠍⠀⠁⠀⠇⠀⠇⠀⠊⠀⠤&lt;/row&gt;
          &lt;row&gt;⠀&lt;/row&gt;
          &lt;row&gt;⠝⠀⠥⠀⠅⠀⠑⠀⠝⠀⠀⠀⠚⠀⠁⠀⠇⠀⠅⠀⠁⠄&lt;/row&gt;
          &lt;row&gt;⠀&lt;/row&gt;
          &lt;row&gt;⠠⠕⠀⠇⠀⠑⠀⠞⠀⠀⠀⠎⠀⠊⠀⠝⠀⠜&lt;/row&gt;
          &lt;row&gt;⠀&lt;/row&gt;
          &lt;row&gt;⠅⠀⠽⠀⠇⠀⠇⠀⠜&lt;/row&gt;
        &lt;/page&gt;
        &lt;page&gt;
          &lt;row&gt;⠀⠀⠀⠀⠀⠀⠀⠀⠀⠀⠀⠀⠀⠀⠀⠀⠀⠀⠀⠀⠀⠀⠀⠀⠀⠀⠀⠼⠉⠓&lt;/row&gt;
          &lt;row&gt;⠁⠀⠊⠀⠅⠀⠁⠀⠍⠀⠕⠀⠊⠀⠝⠀⠑⠀⠝&lt;/row&gt;
          &lt;row&gt;⠀&lt;/row&gt;
          &lt;row&gt;⠑⠀⠞⠀⠎⠀⠊⠀⠧⠀⠜⠀⠅⠀⠕⠀⠊⠀⠗⠀⠁⠂&lt;/row&gt;
          &lt;row&gt;⠀&lt;/row&gt;
          &lt;row&gt;⠠⠑⠀⠍⠀⠊⠀⠇⠀⠀⠀⠅⠀⠑⠀⠓⠀⠥⠀⠊⠀⠀⠀⠚⠀⠁&lt;/row&gt;
          &lt;row&gt;⠀&lt;/row&gt;
          &lt;row&gt;⠗⠀⠁⠀⠏⠀⠎⠀⠥⠀⠞⠀⠞⠀⠊&lt;/row&gt;
          &lt;row&gt;⠀&lt;/row&gt;
          &lt;row&gt;⠠⠍⠀⠕⠀⠇⠀⠇⠀⠽⠀⠁⠀⠀⠀⠅⠀⠕⠀⠗⠀⠧⠀⠊⠀⠑⠀⠝&lt;/row&gt;
          &lt;row&gt;⠀&lt;/row&gt;
          &lt;row&gt;⠧⠀⠜⠀⠇⠀⠊⠀⠎⠀⠞⠀⠜⠄&lt;/row&gt;
          &lt;row&gt;⠀&lt;/row&gt;
          &lt;row&gt;⠤⠀⠀⠀⠠⠍⠀⠊⠀⠞⠀⠑⠀⠝⠀⠀⠀⠏⠀⠜⠀⠜⠀⠎⠀⠊⠀⠞&lt;/row&gt;
          &lt;row&gt;⠀&lt;/row&gt;
          &lt;row&gt;⠅⠀⠁⠀⠗⠀⠅⠀⠥⠀⠥⠀⠝⠀⠀⠀⠅⠀⠕⠀⠞⠀⠕⠀⠁⠢&lt;/row&gt;
          &lt;row&gt;⠀&lt;/row&gt;
          &lt;row&gt;⠠⠥⠀⠝⠀⠕⠀⠓⠀⠞⠀⠊⠀⠅⠀⠕&lt;/row&gt;
          &lt;row&gt;⠀&lt;/row&gt;
          &lt;row&gt;⠠⠇⠀⠊⠀⠝⠀⠙⠀⠁⠀⠀⠀⠎⠀⠥⠀⠇⠀⠅⠀⠑⠀⠁&lt;/row&gt;
          &lt;row&gt;⠀&lt;/row&gt;
          &lt;row&gt;⠏⠀⠕⠀⠗⠀⠞⠀⠊⠀⠝⠢&lt;/row&gt;
          &lt;row&gt;⠀&lt;/row&gt;
          &lt;row&gt;⠀&lt;/row&gt;
          &lt;row&gt;⠤⠀⠀⠀⠠⠗⠀⠪⠀⠽⠀⠓⠀⠅⠀⠑⠀⠜&lt;/row&gt;
          &lt;row&gt;⠀&lt;/row&gt;
          &lt;row&gt;⠗⠀⠁⠀⠅⠀⠅⠀⠊⠀⠀⠀⠎⠀⠑⠀⠀⠀⠕⠀⠝⠲&lt;/row&gt;
        &lt;/page&gt;
        &lt;page&gt;
          &lt;row&gt;⠀⠀⠀⠀⠀⠀⠀⠀⠀⠀⠀⠀⠀⠀⠀⠀⠀⠀⠀⠀⠀⠀⠀⠀⠀⠀⠀⠼⠉⠊&lt;/row&gt;
          &lt;row&gt;⠠⠏⠀⠕⠀⠅⠀⠅⠀⠥⠀⠎&lt;/row&gt;
          &lt;row&gt;⠀&lt;/row&gt;
          &lt;row&gt;⠏⠀⠁⠀⠥⠀⠓⠀⠁⠀⠎⠀⠊⠄⠀⠀⠀⠤⠀⠀⠀⠠⠎⠀⠑&lt;/row&gt;
          &lt;row&gt;⠀&lt;/row&gt;
          &lt;row&gt;⠏⠀⠊⠀⠇⠀⠁⠀⠎⠀⠊&lt;/row&gt;
          &lt;row&gt;⠀&lt;/row&gt;
          &lt;row&gt;⠑⠀⠎⠀⠊⠀⠞⠀⠽⠀⠅⠀⠎⠀⠑⠀⠝⠀⠊⠲&lt;/row&gt;
          &lt;row&gt;⠀&lt;/row&gt;
          &lt;row&gt;⠀&lt;/row&gt;
          &lt;row&gt;⠠⠏⠀⠕⠀⠅⠀⠅⠀⠥⠀⠎⠀⠀⠀⠁⠀⠥⠀⠞⠀⠞⠀⠕⠀⠊&lt;/row&gt;
          &lt;row&gt;⠀&lt;/row&gt;
          &lt;row&gt;⠠⠃⠀⠕⠀⠝⠀⠝⠀⠽⠀⠝⠀⠀⠀⠏⠀⠕⠀⠊⠀⠎&lt;/row&gt;
          &lt;row&gt;⠀&lt;/row&gt;
          &lt;row&gt;⠇⠀⠁⠀⠁⠀⠞⠀⠊⠀⠅⠀⠕⠀⠎⠀⠞⠀⠁⠂&lt;/row&gt;
          &lt;row&gt;⠀&lt;/row&gt;
          &lt;row&gt;⠚⠀⠕⠀⠎⠀⠎⠀⠁&lt;/row&gt;
          &lt;row&gt;⠀&lt;/row&gt;
          &lt;row&gt;⠞⠀⠜⠀⠍⠀⠜⠀⠀⠀⠕⠀⠇⠀⠊&lt;/row&gt;
          &lt;row&gt;⠀&lt;/row&gt;
          &lt;row&gt;⠍⠀⠁⠀⠁⠀⠝⠀⠝⠀⠥⠀⠞⠀⠀⠀⠚⠀⠁⠀⠇⠀⠁⠀⠞&lt;/row&gt;
          &lt;row&gt;⠀&lt;/row&gt;
          &lt;row&gt;⠅⠀⠕⠀⠥⠀⠅⠀⠥⠀⠎⠀⠎⠀⠁⠄&lt;/row&gt;
          &lt;row&gt;⠀&lt;/row&gt;
          &lt;row&gt;⠀&lt;/row&gt;
          &lt;row&gt;⠀&lt;/row&gt;
          &lt;row/&gt;
        &lt;/page&gt;
        &lt;page&gt;
          &lt;row&gt;⠀⠀⠀⠀⠀⠀⠀⠀⠀⠀⠀⠀⠀⠀⠀⠀⠀⠀⠀⠀⠀⠀⠀⠀⠀⠀⠀⠼⠙⠚&lt;/row&gt;
          &lt;row&gt;⠼⠃⠄⠀⠀⠀⠠⠇⠀⠥⠀⠅⠀⠥&lt;/row&gt;
          &lt;row&gt;⠀&lt;/row&gt;
          &lt;row&gt;⠀&lt;/row&gt;
          &lt;row&gt;⠀&lt;/row&gt;
          &lt;row&gt;⠠⠎⠀⠑⠀⠥⠀⠗⠀⠁⠀⠁⠀⠧⠀⠁⠀⠝⠀⠁&lt;/row&gt;
          &lt;row&gt;⠀&lt;/row&gt;
          &lt;row&gt;⠏⠀⠜⠀⠊⠀⠧⠀⠜⠀⠝⠀⠜⠀⠀⠀⠠⠑⠀⠍⠀⠊⠀⠇⠀⠊⠀⠝&lt;/row&gt;
          &lt;row&gt;⠀&lt;/row&gt;
          &lt;row&gt;⠅⠀⠕⠀⠥⠀⠇⠀⠥⠀⠀⠀⠁⠀⠇⠀⠅⠀⠕⠀⠊&lt;/row&gt;
          &lt;row&gt;⠀&lt;/row&gt;
          &lt;row&gt;⠍⠀⠽⠀⠪⠀⠓⠀⠜⠀⠜⠀⠝⠂⠀⠀⠀⠍⠀⠥⠀⠞⠀⠞⠀⠁&lt;/row&gt;
          &lt;row&gt;⠀&lt;/row&gt;
          &lt;row&gt;⠓⠀⠜⠀⠝⠀⠀⠀⠑⠀⠊⠀⠀⠀⠧⠀⠕⠀⠊⠀⠝⠀⠥⠀⠞&lt;/row&gt;
          &lt;row&gt;⠀&lt;/row&gt;
          &lt;row&gt;⠝⠀⠥⠀⠅⠀⠅⠀⠥⠀⠁⠂⠀⠀⠀⠅⠀⠕⠀⠎⠀⠅⠀⠁&lt;/row&gt;
          &lt;row&gt;⠀&lt;/row&gt;
          &lt;row&gt;⠜⠀⠊⠀⠞⠀⠊⠀⠀⠀⠚⠀⠁⠀⠀⠀⠠⠇⠀⠊⠀⠝⠀⠙⠀⠁&lt;/row&gt;
          &lt;row&gt;⠀&lt;/row&gt;
          &lt;row&gt;⠗⠀⠊⠀⠊⠀⠞⠀⠑⠀⠇⠀⠊⠀⠧⠀⠜⠀⠞⠄&lt;/row&gt;
          &lt;row&gt;⠀&lt;/row&gt;
          &lt;row&gt;⠠⠇⠀⠊⠀⠝⠀⠙⠀⠁⠀⠀⠀⠑⠀⠊&lt;/row&gt;
          &lt;row&gt;⠀&lt;/row&gt;
          &lt;row&gt;⠓⠀⠁⠀⠇⠀⠥⠀⠝⠀⠝⠀⠥⠀⠞⠀⠀⠀⠍⠀⠑⠀⠝⠀⠝⠀⠜&lt;/row&gt;
          &lt;row&gt;⠀&lt;/row&gt;
          &lt;row&gt;⠅⠀⠕⠀⠥⠀⠇⠀⠥⠀⠥⠀⠝⠄&lt;/row&gt;
          &lt;row/&gt;
        &lt;/page&gt;
        &lt;page&gt;
          &lt;row&gt;⠀⠀⠀⠀⠀⠀⠀⠀⠀⠀⠀⠀⠀⠀⠀⠀⠀⠀⠀⠀⠀⠀⠀⠀⠀⠀⠀⠼⠙⠁&lt;/row&gt;
          &lt;row&gt;⠠⠍⠀⠑⠀⠞⠀⠑⠀⠇⠀⠊⠀⠀⠀⠕⠀⠇⠀⠊&lt;/row&gt;
          &lt;row&gt;⠀&lt;/row&gt;
          &lt;row&gt;⠅⠀⠁⠀⠥⠀⠓⠀⠑⠀⠁⠄&lt;/row&gt;
          &lt;row&gt;⠀&lt;/row&gt;
          &lt;row&gt;⠀&lt;/row&gt;
          &lt;row&gt;⠤⠀⠀⠀⠠⠑⠀⠝⠀⠀⠀⠍⠀⠑⠀⠝⠀⠑&lt;/row&gt;
          &lt;row&gt;⠀&lt;/row&gt;
          &lt;row&gt;⠎⠀⠊⠀⠝⠀⠝⠀⠑⠂⠀⠀⠀⠓⠀⠑⠀⠀⠀⠕⠀⠧⠀⠁⠀⠞&lt;/row&gt;
          &lt;row&gt;⠀&lt;/row&gt;
          &lt;row&gt;⠞⠀⠥⠀⠓⠀⠍⠀⠊⠀⠁⠲⠀⠀⠀⠠⠇⠀⠊⠀⠝⠀⠙⠀⠁&lt;/row&gt;
          &lt;row&gt;⠀&lt;/row&gt;
          &lt;row&gt;⠅⠀⠊⠀⠇⠀⠚⠀⠥⠀⠊⠄&lt;/row&gt;
          &lt;row&gt;⠀&lt;/row&gt;
          &lt;row&gt;⠀&lt;/row&gt;
          &lt;row&gt;⠤⠀⠀⠀⠠⠅⠀⠑⠀⠞⠀⠅⠀⠜⠀⠀⠀⠕⠀⠧⠀⠁⠀⠞&lt;/row&gt;
          &lt;row&gt;⠀&lt;/row&gt;
          &lt;row&gt;⠞⠀⠥⠀⠓⠀⠍⠀⠊⠀⠁⠢⠀⠀⠀⠠⠍⠀⠁⠀⠗⠀⠊⠀⠁⠀⠤&lt;/row&gt;
          &lt;row&gt;⠀&lt;/row&gt;
          &lt;row&gt;⠜⠀⠊⠀⠞⠀⠊⠀⠀⠀⠅⠀⠽⠀⠎⠀⠽⠀⠊⠀⠀⠀⠚⠀⠁&lt;/row&gt;
          &lt;row&gt;⠀&lt;/row&gt;
          &lt;row&gt;⠅⠀⠁⠀⠞⠀⠎⠀⠕⠀⠊⠀⠀⠀⠅⠀⠑⠀⠇⠀⠇⠀⠕⠀⠁&lt;/row&gt;
          &lt;row&gt;⠀&lt;/row&gt;
          &lt;row&gt;⠓⠀⠥⠀⠕⠀⠇⠀⠊⠀⠎⠀⠎⠀⠁⠀⠁⠀⠝⠄&lt;/row&gt;
          &lt;row&gt;⠀&lt;/row&gt;
          &lt;row&gt;⠀&lt;/row&gt;
          &lt;row/&gt;
        &lt;/page&gt;
        &lt;page&gt;
          &lt;row&gt;⠀⠀⠀⠀⠀⠀⠀⠀⠀⠀⠀⠀⠀⠀⠀⠀⠀⠀⠀⠀⠀⠀⠀⠀⠀⠀⠀⠼⠙⠃&lt;/row&gt;
          &lt;row&gt;⠠⠓⠀⠜⠀⠝⠀⠀⠀⠕⠀⠇⠀⠊⠀⠀⠀⠚⠀⠕&lt;/row&gt;
          &lt;row&gt;⠀&lt;/row&gt;
          &lt;row&gt;⠍⠀⠽⠀⠪⠀⠓⠀⠜⠀⠎⠀⠎⠀⠜&lt;/row&gt;
          &lt;row&gt;⠀&lt;/row&gt;
          &lt;row&gt;⠞⠀⠪⠀⠊⠀⠎⠀⠞⠀⠜⠄&lt;/row&gt;
          &lt;row&gt;⠀&lt;/row&gt;
          &lt;row&gt;⠀&lt;/row&gt;
          &lt;row&gt;⠤⠀⠀⠀⠠⠗⠀⠜⠀⠽⠀⠓⠀⠜⠀⠍⠀⠜⠀⠑⠀⠝&lt;/row&gt;
          &lt;row&gt;⠀&lt;/row&gt;
          &lt;row&gt;⠧⠀⠑⠀⠇⠀⠚⠀⠑⠀⠅⠀⠎⠀⠑⠀⠞⠄&lt;/row&gt;
          &lt;row&gt;⠀&lt;/row&gt;
          &lt;row&gt;⠠⠑⠀⠞⠀⠑⠀⠝⠀⠅⠀⠊⠀⠝⠀⠀⠀⠠⠗⠀⠕⠀⠛⠀⠑⠀⠗⠂&lt;/row&gt;
          &lt;row&gt;⠀&lt;/row&gt;
          &lt;row&gt;⠠⠗⠀⠥⠀⠙⠀⠕⠀⠇⠀⠋⠀⠊⠀⠝&lt;/row&gt;
          &lt;row&gt;⠀&lt;/row&gt;
          &lt;row&gt;⠊⠀⠎⠀⠕⠀⠧⠀⠑⠀⠇⠀⠊⠄⠀⠀⠀⠠⠓⠀⠜⠀⠝&lt;/row&gt;
          &lt;row&gt;⠀&lt;/row&gt;
          &lt;row&gt;⠕⠀⠝⠀⠀⠀⠍⠀⠑⠀⠇⠀⠅⠀⠑⠀⠊⠀⠝&lt;/row&gt;
          &lt;row&gt;⠀&lt;/row&gt;
          &lt;row&gt;⠁⠀⠊⠀⠅⠀⠥⠀⠊⠀⠝⠀⠑⠀⠝⠀⠀⠀⠚⠀⠁&lt;/row&gt;
          &lt;row&gt;⠀&lt;/row&gt;
          &lt;row&gt;⠓⠀⠑⠀⠊⠀⠞⠀⠞⠀⠊⠀⠀⠀⠏⠀⠊⠀⠏⠀⠕⠀⠝⠀⠊&lt;/row&gt;
          &lt;row&gt;⠀&lt;/row&gt;
          &lt;row&gt;⠧⠀⠑⠀⠎⠀⠊⠀⠇⠀⠜⠀⠞⠀⠜⠀⠅⠀⠅⠀⠪⠀⠪⠀⠝⠄&lt;/row&gt;
          &lt;row&gt;⠀&lt;/row&gt;
          &lt;row/&gt;
        &lt;/page&gt;
        &lt;page&gt;
          &lt;row&gt;⠀⠀⠀⠀⠀⠀⠀⠀⠀⠀⠀⠀⠀⠀⠀⠀⠀⠀⠀⠀⠀⠀⠀⠀⠀⠀⠀⠼⠙⠉&lt;/row&gt;
          &lt;row&gt;⠠⠎⠀⠊⠀⠇⠀⠇⠀⠕⠀⠊⠀⠝&lt;/row&gt;
          &lt;row&gt;⠀&lt;/row&gt;
          &lt;row&gt;⠎⠀⠥⠀⠥⠀⠞⠀⠥⠀⠊⠀⠝⠀⠀⠀⠚⠀⠁&lt;/row&gt;
          &lt;row&gt;⠀&lt;/row&gt;
          &lt;row&gt;⠧⠀⠁⠀⠗⠀⠁⠀⠎⠀⠞⠀⠊⠀⠝⠀⠀⠀⠓⠀⠜⠀⠝⠀⠑⠀⠝&lt;/row&gt;
          &lt;row&gt;⠀&lt;/row&gt;
          &lt;row&gt;⠝⠀⠥⠀⠥⠀⠎⠀⠅⠀⠁⠀⠗⠀⠁⠀⠎⠀⠊⠀⠁⠀⠝⠀⠎⠀⠁&lt;/row&gt;
          &lt;row&gt;⠀&lt;/row&gt;
          &lt;row&gt;⠚⠀⠁⠀⠀⠀⠓⠀⠑⠀⠊⠀⠞⠀⠊⠀⠝⠀⠀⠀⠎⠀⠑⠀⠝&lt;/row&gt;
          &lt;row&gt;⠀&lt;/row&gt;
          &lt;row&gt;⠧⠀⠑⠀⠎⠀⠊⠀⠇⠀⠜⠀⠞⠀⠜⠀⠅⠀⠅⠀⠪⠀⠪⠀⠝⠄&lt;/row&gt;
          &lt;row&gt;⠀&lt;/row&gt;
          &lt;row&gt;⠠⠝⠀⠽⠀⠞⠀⠀⠀⠓⠀⠜⠀⠝⠀⠀⠀⠁⠀⠊⠀⠅⠀⠕⠀⠕&lt;/row&gt;
          &lt;row&gt;⠀&lt;/row&gt;
          &lt;row&gt;⠞⠀⠁⠀⠏⠀⠏⠀⠁⠀⠁⠀⠀⠀⠍⠀⠊⠀⠝⠀⠥⠀⠞⠲&lt;/row&gt;
          &lt;row&gt;⠀&lt;/row&gt;
          &lt;row&gt;⠀&lt;/row&gt;
          &lt;row&gt;⠤⠀⠀⠀⠠⠑⠀⠍⠀⠊⠀⠇⠂⠀⠀⠀⠧⠀⠕⠀⠊⠀⠞⠀⠅⠀⠕&lt;/row&gt;
          &lt;row&gt;⠀&lt;/row&gt;
          &lt;row&gt;⠎⠀⠁⠀⠁⠀⠞⠀⠞⠀⠁⠀⠁⠀⠀⠀⠠⠇⠀⠊⠀⠝⠀⠙⠀⠁⠀⠝&lt;/row&gt;
          &lt;row&gt;⠀&lt;/row&gt;
          &lt;row&gt;⠅⠀⠕⠀⠥⠀⠇⠀⠥⠀⠥⠀⠝⠢⠀⠀⠀⠜⠀⠊⠀⠞⠀⠊&lt;/row&gt;
          &lt;row&gt;⠀&lt;/row&gt;
          &lt;row&gt;⠓⠀⠥⠀⠥⠀⠎⠀⠊⠄&lt;/row&gt;
          &lt;row&gt;⠀&lt;/row&gt;
          &lt;row/&gt;
        &lt;/page&gt;
        &lt;page&gt;
          &lt;row&gt;⠀⠀⠀⠀⠀⠀⠀⠀⠀⠀⠀⠀⠀⠀⠀⠀⠀⠀⠀⠀⠀⠀⠀⠀⠀⠀⠀⠼⠙⠙&lt;/row&gt;
          &lt;row&gt;⠤⠀⠀⠀⠠⠍⠀⠊⠀⠝⠀⠥⠀⠇⠀⠇⠀⠁⠀⠀⠀⠕⠀⠝&lt;/row&gt;
          &lt;row&gt;⠀&lt;/row&gt;
          &lt;row&gt;⠞⠀⠜⠀⠗⠀⠅⠀⠑⠀⠜⠀⠀⠀⠅⠀⠕⠀⠅⠀⠕⠀⠥⠀⠎⠂&lt;/row&gt;
          &lt;row&gt;⠀&lt;/row&gt;
          &lt;row&gt;⠚⠀⠕⠀⠎⠀⠞⠀⠁⠀⠀⠀⠑⠀⠝⠀⠀⠀⠧⠀⠕⠀⠊&lt;/row&gt;
          &lt;row&gt;⠀&lt;/row&gt;
          &lt;row&gt;⠕⠀⠇⠀⠇⠀⠁⠀⠀⠀⠏⠀⠕⠀⠊⠀⠎⠄&lt;/row&gt;
          &lt;row&gt;⠀&lt;/row&gt;
          &lt;row&gt;⠠⠎⠀⠕⠀⠊⠀⠞⠀⠁⠀⠝⠀⠀⠀⠎⠀⠊⠀⠞⠀⠞⠀⠑⠀⠝&lt;/row&gt;
          &lt;row&gt;⠀&lt;/row&gt;
          &lt;row&gt;⠚⠀⠁⠀⠀⠀⠅⠀⠽⠀⠎⠀⠽⠀⠝⠂⠀⠀⠀⠍⠀⠊⠀⠞⠀⠑⠀⠝&lt;/row&gt;
          &lt;row&gt;⠀&lt;/row&gt;
          &lt;row&gt;⠍⠀⠑⠀⠝⠀⠊⠄&lt;/row&gt;
          &lt;row&gt;⠀&lt;/row&gt;
          &lt;row&gt;⠠⠑⠀⠍⠀⠊⠀⠇⠀⠀⠀⠅⠀⠊⠀⠇⠀⠞⠀⠞⠀⠊⠲&lt;/row&gt;
          &lt;row&gt;⠀&lt;/row&gt;
          &lt;row&gt;⠀&lt;/row&gt;
          &lt;row&gt;⠤⠀⠀⠀⠠⠕⠀⠅⠀⠑⠀⠊⠂⠀⠀⠀⠠⠑⠀⠍⠀⠊⠀⠇&lt;/row&gt;
          &lt;row&gt;⠀&lt;/row&gt;
          &lt;row&gt;⠍⠀⠽⠀⠪⠀⠝⠀⠞⠀⠽⠀⠊⠄&lt;/row&gt;
          &lt;row&gt;⠀&lt;/row&gt;
          &lt;row&gt;⠤⠀⠀⠀⠠⠕⠀⠇⠀⠑⠀⠝⠀⠀⠀⠚⠀⠕&lt;/row&gt;
          &lt;row&gt;⠀&lt;/row&gt;
          &lt;row&gt;⠍⠀⠥⠀⠥⠀⠞⠀⠑⠀⠝⠀⠅⠀⠊⠀⠝&lt;/row&gt;
          &lt;row&gt;⠀&lt;/row&gt;
          &lt;row&gt;⠓⠀⠑⠀⠗⠀⠑⠀⠊⠀⠇⠀⠇⠀⠜⠄&lt;/row&gt;
        &lt;/page&gt;
        &lt;page&gt;
          &lt;row&gt;⠀⠀⠀⠀⠀⠀⠀⠀⠀⠀⠀⠀⠀⠀⠀⠀⠀⠀⠀⠀⠀⠀⠀⠀⠀⠀⠀⠼⠙⠑&lt;/row&gt;
          &lt;row&gt;⠠⠑⠀⠝⠀⠎⠀⠊⠀⠝⠀⠀⠀⠠⠑⠀⠍⠀⠊⠀⠇⠀⠊⠀⠜&lt;/row&gt;
          &lt;row&gt;⠀&lt;/row&gt;
          &lt;row&gt;⠕⠀⠇⠀⠊&lt;/row&gt;
          &lt;row&gt;⠀&lt;/row&gt;
          &lt;row&gt;⠓⠀⠁⠀⠗⠀⠍⠀⠊⠀⠞⠀⠞⠀⠁⠀⠝⠀⠥⠀⠞⠂&lt;/row&gt;
          &lt;row&gt;⠀&lt;/row&gt;
          &lt;row&gt;⠑⠀⠞⠀⠞⠀⠑⠀⠊⠀⠀⠀⠓⠀⠜⠀⠝&lt;/row&gt;
          &lt;row&gt;⠀&lt;/row&gt;
          &lt;row&gt;⠎⠀⠁⠀⠁⠀⠝⠀⠥⠀⠞&lt;/row&gt;
          &lt;row&gt;⠀&lt;/row&gt;
          &lt;row&gt;⠝⠀⠥⠀⠅⠀⠅⠀⠥⠀⠁⠂⠀⠀⠀⠍⠀⠥⠀⠞⠀⠞⠀⠁&lt;/row&gt;
          &lt;row&gt;⠀&lt;/row&gt;
          &lt;row&gt;⠝⠀⠽⠀⠞⠀⠀⠀⠓⠀⠜⠀⠝&lt;/row&gt;
          &lt;row&gt;⠀&lt;/row&gt;
          &lt;row&gt;⠅⠀⠜⠀⠎⠀⠊⠀⠞⠀⠞⠀⠊⠀⠀⠀⠠⠇⠀⠊⠀⠝⠀⠙⠀⠁⠀⠝&lt;/row&gt;
          &lt;row&gt;⠀&lt;/row&gt;
          &lt;row&gt;⠏⠀⠑⠀⠇⠀⠅⠀⠜⠀⠜⠀⠧⠀⠜⠀⠝⠄&lt;/row&gt;
          &lt;row&gt;⠀&lt;/row&gt;
          &lt;row&gt;⠠⠗⠀⠥⠀⠙⠀⠕⠀⠇⠀⠋⠀⠊⠀⠝&lt;/row&gt;
          &lt;row&gt;⠀&lt;/row&gt;
          &lt;row&gt;⠊⠀⠎⠀⠕⠀⠧⠀⠑⠀⠇⠀⠊⠀⠀⠀⠠⠗⠀⠕⠀⠛⠀⠑⠀⠗&lt;/row&gt;
          &lt;row&gt;⠀&lt;/row&gt;
          &lt;row&gt;⠠⠗⠀⠜⠀⠽⠀⠓⠀⠜⠀⠍⠀⠜⠀⠅⠀⠊⠀⠀⠀⠕⠀⠇⠀⠊&lt;/row&gt;
          &lt;row&gt;⠀&lt;/row&gt;
          &lt;row&gt;⠊⠀⠎⠀⠕⠀⠍⠀⠏⠀⠊⠀⠀⠀⠚⠀⠁&lt;/row&gt;
          &lt;row/&gt;
        &lt;/page&gt;
        &lt;page&gt;
          &lt;row&gt;⠀⠀⠀⠀⠀⠀⠀⠀⠀⠀⠀⠀⠀⠀⠀⠀⠀⠀⠀⠀⠀⠀⠀⠀⠀⠀⠀⠼⠙⠋&lt;/row&gt;
          &lt;row&gt;⠊⠀⠇⠀⠅⠀⠑⠀⠜⠀⠍⠀⠏⠀⠊⠀⠀⠀⠅⠀⠥⠀⠊⠀⠝&lt;/row&gt;
          &lt;row&gt;⠀&lt;/row&gt;
          &lt;row&gt;⠠⠗⠀⠥⠀⠙⠀⠕⠀⠇⠀⠋⠄⠀⠀⠀⠠⠇⠀⠊⠀⠝⠀⠙⠀⠁&lt;/row&gt;
          &lt;row&gt;⠀&lt;/row&gt;
          &lt;row&gt;⠕⠀⠇⠀⠊⠀⠀⠀⠞⠀⠕⠀⠙⠀⠑⠀⠇⠀⠇⠀⠁⠀⠅⠀⠊⠀⠝&lt;/row&gt;
          &lt;row&gt;⠀&lt;/row&gt;
          &lt;row&gt;⠇⠀⠊⠀⠑⠀⠍⠀⠑⠀⠎⠀⠎⠀⠜⠂⠀⠀⠀⠚⠀⠕⠀⠎&lt;/row&gt;
          &lt;row&gt;⠀&lt;/row&gt;
          &lt;row&gt;⠠⠗⠀⠕⠀⠛⠀⠑⠀⠗⠀⠀⠀⠕⠀⠇⠀⠊&lt;/row&gt;
          &lt;row&gt;⠀&lt;/row&gt;
          &lt;row&gt;⠎⠀⠥⠀⠥⠀⠞⠀⠞⠀⠥⠀⠝⠀⠥⠀⠞&lt;/row&gt;
          &lt;row&gt;⠀&lt;/row&gt;
          &lt;row&gt;⠓⠀⠜⠀⠝⠀⠑⠀⠇⠀⠇⠀⠑⠄&lt;/row&gt;
          &lt;row&gt;⠀&lt;/row&gt;
          &lt;row&gt;⠀&lt;/row&gt;
          &lt;row&gt;⠤⠀⠀⠀⠠⠓⠀⠜⠀⠝⠀⠀⠀⠎⠀⠁⠀⠁⠀⠀⠀⠅⠀⠁⠀⠊&lt;/row&gt;
          &lt;row&gt;⠀&lt;/row&gt;
          &lt;row&gt;⠎⠀⠊⠀⠞⠀⠞⠀⠑⠀⠝⠀⠀⠀⠞⠀⠁⠀⠏⠀⠏⠀⠁⠀⠁&lt;/row&gt;
          &lt;row&gt;⠀&lt;/row&gt;
          &lt;row&gt;⠍⠀⠑⠀⠊⠀⠙⠀⠜⠀⠞&lt;/row&gt;
          &lt;row&gt;⠀&lt;/row&gt;
          &lt;row&gt;⠍⠀⠕⠀⠇⠀⠑⠀⠍⠀⠍⠀⠁⠀⠞⠂&lt;/row&gt;
          &lt;row&gt;⠀&lt;/row&gt;
          &lt;row&gt;⠠⠑⠀⠍⠀⠊⠀⠇⠀⠀⠀⠞⠀⠕⠀⠅⠀⠁⠀⠊⠀⠎⠀⠊&lt;/row&gt;
          &lt;row&gt;⠀&lt;/row&gt;
          &lt;row&gt;⠚⠀⠁⠀⠀⠀⠽⠀⠗⠀⠊⠀⠞⠀⠞⠀⠊&lt;/row&gt;
        &lt;/page&gt;
        &lt;page&gt;
          &lt;row&gt;⠀⠀⠀⠀⠀⠀⠀⠀⠀⠀⠀⠀⠀⠀⠀⠀⠀⠀⠀⠀⠀⠀⠀⠀⠀⠀⠀⠼⠙⠛&lt;/row&gt;
          &lt;row&gt;⠧⠀⠁⠀⠊⠀⠅⠀⠥⠀⠞⠀⠞⠀⠁⠀⠁&lt;/row&gt;
          &lt;row&gt;⠀&lt;/row&gt;
          &lt;row&gt;⠍⠀⠁⠀⠓⠀⠙⠀⠕⠀⠇⠀⠇⠀⠊⠀⠎⠀⠊⠀⠍⠀⠍⠀⠁⠀⠝&lt;/row&gt;
          &lt;row&gt;⠀&lt;/row&gt;
          &lt;row&gt;⠗⠀⠁⠀⠥⠀⠓⠀⠁⠀⠇⠀⠇⠀⠊⠀⠎⠀⠑⠀⠇⠀⠞⠀⠁⠄&lt;/row&gt;
          &lt;row&gt;⠀&lt;/row&gt;
          &lt;row&gt;⠤⠀⠀⠀⠠⠎⠀⠁⠀⠝⠀⠕⠀⠝&lt;/row&gt;
          &lt;row&gt;⠀&lt;/row&gt;
          &lt;row&gt;⠠⠥⠀⠃⠀⠃⠀⠑⠀⠇⠀⠇⠀⠑⠀⠀⠀⠚⠀⠁&lt;/row&gt;
          &lt;row&gt;⠀&lt;/row&gt;
          &lt;row&gt;⠠⠎⠀⠕⠀⠅⠀⠗⠀⠁⠀⠞⠀⠑⠀⠅⠀⠎⠀⠑⠀⠇⠀⠇⠀⠑⠂&lt;/row&gt;
          &lt;row&gt;⠀&lt;/row&gt;
          &lt;row&gt;⠑⠀⠞⠀⠞⠀⠜⠀⠀⠀⠍⠀⠑⠀⠝⠀⠑⠀⠍⠀⠍⠀⠑&lt;/row&gt;
          &lt;row&gt;⠀&lt;/row&gt;
          &lt;row&gt;⠽⠀⠓⠀⠞⠀⠜⠀⠀⠀⠍⠀⠁⠀⠞⠀⠅⠀⠁⠀⠁⠄&lt;/row&gt;
          &lt;row&gt;⠀&lt;/row&gt;
          &lt;row&gt;⠠⠚⠀⠕⠀⠎&lt;/row&gt;
          &lt;row&gt;⠀&lt;/row&gt;
          &lt;row&gt;⠍⠀⠑⠀⠊⠀⠞⠀⠜⠀⠀⠀⠕⠀⠝⠀⠀⠀⠍⠀⠕⠀⠝⠀⠞⠀⠁⠂&lt;/row&gt;
          &lt;row&gt;⠀&lt;/row&gt;
          &lt;row&gt;⠓⠀⠜⠀⠝⠀⠀⠀⠑⠀⠊⠀⠀⠀⠑⠀⠓⠀⠅⠀⠜&lt;/row&gt;
          &lt;row&gt;⠀&lt;/row&gt;
          &lt;row&gt;⠥⠀⠎⠀⠅⠀⠁⠀⠇⠀⠇⠀⠁⠀⠀⠀⠅⠀⠜⠀⠽⠀⠙⠀⠜&lt;/row&gt;
          &lt;row&gt;⠀&lt;/row&gt;
          &lt;row&gt;⠅⠀⠊⠀⠍⠀⠏⠀⠏⠀⠥⠀⠥⠀⠍⠀⠍⠀⠑⠄&lt;/row&gt;
          &lt;row/&gt;
        &lt;/page&gt;
        &lt;page&gt;
          &lt;row&gt;⠀⠀⠀⠀⠀⠀⠀⠀⠀⠀⠀⠀⠀⠀⠀⠀⠀⠀⠀⠀⠀⠀⠀⠀⠀⠀⠀⠼⠙⠓&lt;/row&gt;
          &lt;row&gt;⠤⠀⠀⠀⠠⠅⠀⠊⠀⠊⠀⠞⠀⠕⠀⠎⠂&lt;/row&gt;
          &lt;row&gt;⠀&lt;/row&gt;
          &lt;row&gt;⠠⠑⠀⠍⠀⠊⠀⠇⠄&lt;/row&gt;
          &lt;row&gt;⠀&lt;/row&gt;
          &lt;row&gt;⠀&lt;/row&gt;
          &lt;row&gt;⠠⠜⠀⠊⠀⠞⠀⠊⠀⠀⠀⠓⠀⠁⠀⠇⠀⠁⠀⠎⠀⠊&lt;/row&gt;
          &lt;row&gt;⠀&lt;/row&gt;
          &lt;row&gt;⠠⠑⠀⠍⠀⠊⠀⠇⠀⠊⠀⠜⠀⠀⠀⠚⠀⠁&lt;/row&gt;
          &lt;row&gt;⠀&lt;/row&gt;
          &lt;row&gt;⠚⠀⠥⠀⠕⠀⠅⠀⠎⠀⠊⠀⠀⠀⠁⠀⠥⠀⠞⠀⠕⠀⠇⠀⠇⠀⠑⠄&lt;/row&gt;
          &lt;row&gt;⠀&lt;/row&gt;
          &lt;row&gt;⠀&lt;/row&gt;
          &lt;row&gt;⠀&lt;/row&gt;
          &lt;row&gt;⠠⠗⠀⠕⠀⠛⠀⠑⠀⠗⠀⠀⠀⠕⠀⠇⠀⠊&lt;/row&gt;
          &lt;row&gt;⠀&lt;/row&gt;
          &lt;row&gt;⠞⠀⠪⠀⠊⠀⠎⠀⠎⠀⠜⠀⠀⠀⠇⠀⠑⠀⠇⠀⠥⠀⠤&lt;/row&gt;
          &lt;row&gt;⠀&lt;/row&gt;
          &lt;row&gt;⠅⠀⠁⠀⠥⠀⠏⠀⠁⠀⠎⠀⠎⠀⠁⠀⠀⠀⠠⠏⠀⠽⠀⠓⠀⠜⠀⠝&lt;/row&gt;
          &lt;row&gt;⠀&lt;/row&gt;
          &lt;row&gt;⠠⠓⠀⠁⠀⠝⠀⠎⠀⠊⠀⠝&lt;/row&gt;
          &lt;row&gt;⠀&lt;/row&gt;
          &lt;row&gt;⠅⠀⠁⠀⠙⠀⠥⠀⠇⠀⠇⠀⠁⠂&lt;/row&gt;
          &lt;row&gt;⠀&lt;/row&gt;
          &lt;row&gt;⠍⠀⠑⠀⠇⠀⠅⠀⠑⠀⠊⠀⠝⠀⠀⠀⠅⠀⠕⠀⠥⠀⠇⠀⠥⠀⠁&lt;/row&gt;
          &lt;row&gt;⠀&lt;/row&gt;
          &lt;row&gt;⠧⠀⠁⠀⠎⠀⠞⠀⠁⠀⠏⠀⠜⠀⠜⠀⠞⠀⠜⠄&lt;/row&gt;
        &lt;/page&gt;
        &lt;page&gt;
          &lt;row&gt;⠀⠀⠀⠀⠀⠀⠀⠀⠀⠀⠀⠀⠀⠀⠀⠀⠀⠀⠀⠀⠀⠀⠀⠀⠀⠀⠀⠼⠙⠊&lt;/row&gt;
          &lt;row&gt;⠠⠥⠀⠎⠀⠑⠀⠊⠀⠝⠀⠀⠀⠓⠀⠜⠀⠝&lt;/row&gt;
          &lt;row&gt;⠀&lt;/row&gt;
          &lt;row&gt;⠎⠀⠑⠀⠊⠀⠎⠀⠕⠀⠊⠀⠀⠀⠅⠀⠁⠀⠥⠀⠏⠀⠁⠀⠝&lt;/row&gt;
          &lt;row&gt;⠀&lt;/row&gt;
          &lt;row&gt;⠑⠀⠙⠀⠑⠀⠎⠀⠎⠀⠜&lt;/row&gt;
          &lt;row&gt;⠀&lt;/row&gt;
          &lt;row&gt;⠅⠀⠁⠀⠍⠀⠏⠀⠊⠀⠞⠀⠞⠀⠁⠀⠍⠀⠁⠀⠎⠀⠎⠀⠁&lt;/row&gt;
          &lt;row&gt;⠀&lt;/row&gt;
          &lt;row&gt;⠕⠀⠓⠀⠊⠀⠀⠀⠅⠀⠥⠀⠇⠀⠅⠀⠑⠀⠧⠀⠊⠀⠁&lt;/row&gt;
          &lt;row&gt;⠀&lt;/row&gt;
          &lt;row&gt;⠇⠀⠁⠀⠏⠀⠎⠀⠊⠀⠁⠄⠀⠀⠀⠠⠊⠀⠞⠀⠎⠀⠑&lt;/row&gt;
          &lt;row&gt;⠀&lt;/row&gt;
          &lt;row&gt;⠁⠀⠎⠀⠊⠀⠁⠀⠎⠀⠎⠀⠁&lt;/row&gt;
          &lt;row&gt;⠀&lt;/row&gt;
          &lt;row&gt;⠠⠗⠀⠕⠀⠛⠀⠑⠀⠗⠀⠊⠀⠝⠀⠀⠀⠕⠀⠇⠀⠊⠀⠎⠀⠊&lt;/row&gt;
          &lt;row&gt;⠀&lt;/row&gt;
          &lt;row&gt;⠏⠀⠊⠀⠞⠀⠜⠀⠝⠀⠽⠀⠞⠀⠀⠀⠕⠀⠇⠀⠇⠀⠁&lt;/row&gt;
          &lt;row&gt;⠀&lt;/row&gt;
          &lt;row&gt;⠇⠀⠥⠀⠅⠀⠊⠀⠕⠀⠎⠀⠎⠀⠁⠂⠀⠀⠀⠍⠀⠥⠀⠞⠀⠞⠀⠁&lt;/row&gt;
          &lt;row&gt;⠀&lt;/row&gt;
          &lt;row&gt;⠎⠀⠑⠀⠅⠀⠜⠀⠀⠀⠓⠀⠜⠀⠝⠀⠀⠀⠑⠀⠞⠀⠞⠀⠜&lt;/row&gt;
          &lt;row&gt;⠀&lt;/row&gt;
          &lt;row&gt;⠅⠀⠕⠀⠥⠀⠇⠀⠥&lt;/row&gt;
          &lt;row&gt;⠀&lt;/row&gt;
          &lt;row&gt;⠞⠀⠁⠀⠗⠀⠧⠀⠊⠀⠞⠀⠎⠀⠊⠀⠧⠀⠁⠀⠞&lt;/row&gt;
          &lt;row/&gt;
        &lt;/page&gt;
        &lt;page&gt;
          &lt;row&gt;⠀⠀⠀⠀⠀⠀⠀⠀⠀⠀⠀⠀⠀⠀⠀⠀⠀⠀⠀⠀⠀⠀⠀⠀⠀⠀⠀⠼⠑⠚&lt;/row&gt;
          &lt;row&gt;⠏⠀⠊⠀⠑⠀⠝⠀⠑⠀⠝&lt;/row&gt;
          &lt;row&gt;⠀&lt;/row&gt;
          &lt;row&gt;⠓⠀⠑⠀⠝⠀⠛⠀⠜⠀⠓⠀⠙⠀⠽⠀⠎⠀⠞⠀⠁⠀⠥⠀⠕⠀⠝⠂&lt;/row&gt;
          &lt;row&gt;⠀&lt;/row&gt;
          &lt;row&gt;⠠⠍⠀⠜⠀⠗⠀⠞⠀⠁⠀⠤⠀⠕⠀⠏⠀⠑⠀⠞⠀⠞⠀⠁⠀⠚⠀⠁&lt;/row&gt;
          &lt;row&gt;⠀&lt;/row&gt;
          &lt;row&gt;⠕⠀⠇⠀⠊⠀⠀⠀⠅⠀⠑⠀⠗⠀⠞⠀⠕⠀⠝⠀⠥⠀⠞⠄&lt;/row&gt;
          &lt;row&gt;⠀&lt;/row&gt;
          &lt;row&gt;⠀&lt;/row&gt;
          &lt;row&gt;⠠⠑⠀⠝⠀⠎⠀⠊⠀⠝⠀⠀⠀⠠⠗⠀⠕⠀⠛⠀⠑⠀⠗&lt;/row&gt;
          &lt;row&gt;⠀&lt;/row&gt;
          &lt;row&gt;⠕⠀⠇⠀⠊⠀⠀⠀⠎⠀⠁⠀⠁⠀⠝⠀⠥⠀⠞&lt;/row&gt;
          &lt;row&gt;⠀&lt;/row&gt;
          &lt;row&gt;⠞⠀⠪⠀⠊⠀⠞⠀⠜⠀⠀⠀⠝⠀⠥⠀⠍⠀⠑⠀⠗⠀⠕⠀⠤&lt;/row&gt;
          &lt;row&gt;⠀&lt;/row&gt;
          &lt;row&gt;⠞⠀⠊⠀⠑⠀⠙⠀⠕⠀⠞⠀⠥⠀⠅⠀⠎⠀⠑⠀⠎⠀⠞⠀⠁&lt;/row&gt;
          &lt;row&gt;⠀&lt;/row&gt;
          &lt;row&gt;⠤⠀⠀⠀⠎⠀⠊⠀⠑⠀⠇⠀⠞⠀⠜⠂⠀⠀⠀⠍⠀⠊⠀⠝⠀⠝⠀⠑&lt;/row&gt;
          &lt;row&gt;⠀&lt;/row&gt;
          &lt;row&gt;⠎⠀⠕⠀⠊⠀⠞⠀⠑⠀⠞⠀⠁⠀⠁⠀⠝⠂⠀⠀⠀⠅⠀⠥⠀⠝&lt;/row&gt;
          &lt;row&gt;⠀&lt;/row&gt;
          &lt;row&gt;⠓⠀⠁⠀⠇⠀⠥⠀⠞⠀⠁⠀⠁⠀⠝&lt;/row&gt;
          &lt;row&gt;⠀&lt;/row&gt;
          &lt;row&gt;⠞⠀⠊⠀⠑⠀⠞⠀⠜⠀⠜⠀⠀⠀⠚⠀⠕⠀⠝⠀⠅⠀⠥⠀⠝&lt;/row&gt;
          &lt;row&gt;⠀&lt;/row&gt;
          &lt;row&gt;⠏⠀⠥⠀⠓⠀⠑⠀⠇⠀⠊⠀⠝⠀⠝⠀⠥⠀⠍⠀⠑⠀⠗⠀⠕⠄&lt;/row&gt;
        &lt;/page&gt;
        &lt;page&gt;
          &lt;row&gt;⠀⠀⠀⠀⠀⠀⠀⠀⠀⠀⠀⠀⠀⠀⠀⠀⠀⠀⠀⠀⠀⠀⠀⠀⠀⠀⠀⠼⠑⠁&lt;/row&gt;
          &lt;row&gt;⠠⠍⠀⠥⠀⠞⠀⠞⠀⠁⠀⠀⠀⠓⠀⠜⠀⠝&lt;/row&gt;
          &lt;row&gt;⠀&lt;/row&gt;
          &lt;row&gt;⠑⠀⠊⠀⠀⠀⠧⠀⠕⠀⠊⠀⠝⠀⠥⠀⠞&lt;/row&gt;
          &lt;row&gt;⠀&lt;/row&gt;
          &lt;row&gt;⠚⠀⠁⠀⠞⠀⠅⠀⠁⠀⠁⠀⠀⠀⠎⠀⠊⠀⠑⠀⠇⠀⠇⠀⠜⠂&lt;/row&gt;
          &lt;row&gt;⠀&lt;/row&gt;
          &lt;row&gt;⠅⠀⠕⠀⠎⠀⠅⠀⠁⠀⠀⠀⠕⠀⠇⠀⠊&lt;/row&gt;
          &lt;row&gt;⠀&lt;/row&gt;
          &lt;row&gt;⠕⠀⠞⠀⠞⠀⠁⠀⠝⠀⠥⠀⠞⠀⠀⠀⠅⠀⠊⠀⠑⠀⠇⠀⠊⠀⠤&lt;/row&gt;
          &lt;row&gt;⠀&lt;/row&gt;
          &lt;row&gt;⠇⠀⠜⠀⠧⠀⠊⠀⠎⠀⠞⠀⠽⠀⠅⠀⠎⠀⠑⠀⠝⠄&lt;/row&gt;
          &lt;row&gt;⠀&lt;/row&gt;
          &lt;row&gt;⠠⠞⠀⠁⠀⠏⠀⠏⠀⠊⠀⠀⠀⠕⠀⠇⠀⠊&lt;/row&gt;
          &lt;row&gt;⠀&lt;/row&gt;
          &lt;row&gt;⠞⠀⠊⠀⠑⠀⠇⠀⠇⠀⠜⠀⠀⠀⠓⠀⠜⠀⠝⠀⠑⠀⠝&lt;/row&gt;
          &lt;row&gt;⠀&lt;/row&gt;
          &lt;row&gt;⠏⠀⠥⠀⠓⠀⠥⠀⠑⠀⠎⠀⠎⠀⠁⠀⠁⠀⠝&lt;/row&gt;
          &lt;row&gt;⠀&lt;/row&gt;
          &lt;row&gt;⠑⠀⠊⠀⠅⠀⠜⠀⠀⠀⠓⠀⠜⠀⠝⠀⠑⠀⠝&lt;/row&gt;
          &lt;row&gt;⠀&lt;/row&gt;
          &lt;row&gt;⠎⠀⠁⠀⠝⠀⠕⠀⠊⠀⠎⠀⠞⠀⠁⠀⠁⠀⠝&lt;/row&gt;
          &lt;row&gt;⠀&lt;/row&gt;
          &lt;row&gt;⠎⠀⠁⠀⠁⠀⠝⠀⠥⠀⠞⠀⠀⠀⠎⠀⠑⠀⠇⠀⠧⠀⠜⠀⠜⠄&lt;/row&gt;
          &lt;row&gt;⠀&lt;/row&gt;
          &lt;row&gt;⠀&lt;/row&gt;
          &lt;row/&gt;
        &lt;/page&gt;
        &lt;page&gt;
          &lt;row&gt;⠀⠀⠀⠀⠀⠀⠀⠀⠀⠀⠀⠀⠀⠀⠀⠀⠀⠀⠀⠀⠀⠀⠀⠀⠀⠀⠀⠼⠑⠃&lt;/row&gt;
          &lt;row&gt;⠠⠊⠀⠓⠀⠍⠀⠊⠀⠎⠀⠑⠀⠞&lt;/row&gt;
          &lt;row&gt;⠀&lt;/row&gt;
          &lt;row&gt;⠓⠀⠑⠀⠗⠀⠍⠀⠕⠀⠎⠀⠞⠀⠥⠀⠊⠀⠧⠀⠁⠀⠞⠂&lt;/row&gt;
          &lt;row&gt;⠀&lt;/row&gt;
          &lt;row&gt;⠅⠀⠕⠀⠎⠀⠅⠀⠁⠀⠀⠀⠚⠀⠕⠀⠅⠀⠁⠀⠊⠀⠝⠀⠑⠀⠝&lt;/row&gt;
          &lt;row&gt;⠀&lt;/row&gt;
          &lt;row&gt;⠍⠀⠊⠀⠝⠀⠥⠀⠥⠀⠞⠀⠞⠀⠊⠀⠀⠀⠚⠀⠕⠀⠝⠀⠁&lt;/row&gt;
          &lt;row&gt;⠀&lt;/row&gt;
          &lt;row&gt;⠓⠀⠑⠀⠀⠀⠑⠀⠊⠀⠧⠀⠜⠀⠞&lt;/row&gt;
          &lt;row&gt;⠀&lt;/row&gt;
          &lt;row&gt;⠞⠀⠁⠀⠚⠀⠥⠀⠝⠀⠝⠀⠑⠀⠑⠀⠞&lt;/row&gt;
          &lt;row&gt;⠀&lt;/row&gt;
          &lt;row&gt;⠍⠀⠊⠀⠞⠀⠜⠀⠜⠀⠝⠀⠀⠀⠍⠀⠁⠀⠅⠀⠎⠀⠕⠀⠊⠄&lt;/row&gt;
          &lt;row&gt;⠀&lt;/row&gt;
          &lt;row&gt;⠀&lt;/row&gt;
          &lt;row&gt;⠤⠀⠀⠀⠠⠗⠀⠕⠀⠛⠀⠑⠀⠗⠀⠀⠀⠁⠀⠊⠀⠅⠀⠕⠀⠕&lt;/row&gt;
          &lt;row&gt;⠀&lt;/row&gt;
          &lt;row&gt;⠇⠀⠽⠀⠪⠀⠙⠀⠜⠀⠀⠀⠠⠇⠀⠊⠀⠝⠀⠙⠀⠁⠀⠁⠄&lt;/row&gt;
          &lt;row&gt;⠀&lt;/row&gt;
          &lt;row&gt;⠠⠍⠀⠑⠀⠊⠀⠙⠀⠜⠀⠝⠀⠀⠀⠕⠀⠝&lt;/row&gt;
          &lt;row&gt;⠀&lt;/row&gt;
          &lt;row&gt;⠏⠀⠁⠀⠗⠀⠁⠀⠎⠀⠞⠀⠁&lt;/row&gt;
          &lt;row&gt;⠀&lt;/row&gt;
          &lt;row&gt;⠍⠀⠑⠀⠝⠀⠝⠀⠜⠀⠀⠀⠅⠀⠊⠀⠑⠀⠗⠀⠞⠀⠕⠀⠤&lt;/row&gt;
          &lt;row&gt;⠀&lt;/row&gt;
          &lt;row&gt;⠞⠀⠊⠀⠑⠀⠞⠀⠜⠂⠀⠀⠀⠠⠑⠀⠍⠀⠊⠀⠇&lt;/row&gt;
        &lt;/page&gt;
        &lt;page&gt;
          &lt;row&gt;⠀⠀⠀⠀⠀⠀⠀⠀⠀⠀⠀⠀⠀⠀⠀⠀⠀⠀⠀⠀⠀⠀⠀⠀⠀⠀⠀⠼⠑⠉&lt;/row&gt;
          &lt;row&gt;⠎⠀⠁⠀⠝⠀⠕⠀⠊⠂⠀⠀⠀⠅⠀⠥⠀⠝&lt;/row&gt;
          &lt;row&gt;⠀&lt;/row&gt;
          &lt;row&gt;⠠⠥⠀⠃⠀⠃⠀⠑⠀⠀⠀⠚⠀⠁&lt;/row&gt;
          &lt;row&gt;⠀&lt;/row&gt;
          &lt;row&gt;⠠⠎⠀⠕⠀⠅⠀⠗⠀⠁⠀⠞⠀⠑⠀⠎&lt;/row&gt;
          &lt;row&gt;⠀&lt;/row&gt;
          &lt;row&gt;⠞⠀⠥⠀⠇⠀⠊⠀⠧⠀⠁⠀⠞&lt;/row&gt;
          &lt;row&gt;⠀&lt;/row&gt;
          &lt;row&gt;⠓⠀⠁⠀⠅⠀⠑⠀⠍⠀⠁⠀⠁⠀⠝⠀⠀⠀⠓⠀⠑⠀⠊⠀⠞⠀⠜⠄&lt;/row&gt;
          &lt;row&gt;⠀&lt;/row&gt;
          &lt;row&gt;⠀&lt;/row&gt;
          &lt;row&gt;⠤⠀⠀⠀⠠⠧⠀⠕⠀⠊⠀⠀⠀⠎⠀⠊⠀⠝⠀⠥⠀⠁&lt;/row&gt;
          &lt;row&gt;⠀&lt;/row&gt;
          &lt;row&gt;⠗⠀⠁⠀⠥⠀⠅⠀⠅⠀⠁⠀⠁⠂⠀⠀⠀⠠⠥⠀⠃⠀⠃⠀⠑&lt;/row&gt;
          &lt;row&gt;⠀&lt;/row&gt;
          &lt;row&gt;⠎⠀⠥⠀⠗⠀⠅⠀⠥⠀⠞⠀⠞⠀⠑⠀⠇⠀⠊&lt;/row&gt;
          &lt;row&gt;⠀&lt;/row&gt;
          &lt;row&gt;⠏⠀⠑⠀⠇⠀⠜⠀⠎⠀⠞⠀⠽⠀⠝⠀⠑⠀⠑⠀⠝⠀⠜⠄&lt;/row&gt;
          &lt;row&gt;⠀&lt;/row&gt;
          &lt;row&gt;⠤⠀⠀⠀⠠⠑⠀⠝⠀⠞⠀⠜⠂⠀⠀⠀⠚⠀⠕⠀⠎&lt;/row&gt;
          &lt;row&gt;⠀&lt;/row&gt;
          &lt;row&gt;⠕⠀⠙⠀⠕⠀⠞⠀⠁⠀⠞⠀⠀⠀⠊⠀⠇⠀⠞⠀⠁⠀⠤&lt;/row&gt;
          &lt;row&gt;⠀&lt;/row&gt;
          &lt;row&gt;⠏⠀⠜⠀⠊⠀⠧⠀⠜⠀⠅⠀⠑⠀⠗⠀⠓⠀⠕⠀⠎⠀⠎⠀⠁⠂&lt;/row&gt;
          &lt;row&gt;⠀&lt;/row&gt;
          &lt;row&gt;⠅⠀⠥⠀⠝⠀⠝⠀⠑⠀⠎&lt;/row&gt;
        &lt;/page&gt;
        &lt;page&gt;
          &lt;row&gt;⠀⠀⠀⠀⠀⠀⠀⠀⠀⠀⠀⠀⠀⠀⠀⠀⠀⠀⠀⠀⠀⠀⠀⠀⠀⠀⠀⠼⠑⠙&lt;/row&gt;
          &lt;row&gt;⠏⠀⠜⠀⠜⠀⠎⠀⠑⠀⠍⠀⠍⠀⠑&lt;/row&gt;
          &lt;row&gt;⠀&lt;/row&gt;
          &lt;row&gt;⠅⠀⠕⠀⠥⠀⠇⠀⠥⠀⠎⠀⠞⠀⠁⠂⠀⠀⠀⠚⠀⠁&lt;/row&gt;
          &lt;row&gt;⠀&lt;/row&gt;
          &lt;row&gt;⠎⠀⠁⠀⠁⠀⠞⠀⠁⠀⠍⠀⠍⠀⠑⠀⠀⠀⠎⠀⠊⠀⠝⠀⠥⠀⠞&lt;/row&gt;
          &lt;row&gt;⠀&lt;/row&gt;
          &lt;row&gt;⠅⠀⠕⠀⠞⠀⠊⠀⠊⠀⠝⠄&lt;/row&gt;
          &lt;row&gt;⠀&lt;/row&gt;
          &lt;row&gt;⠀&lt;/row&gt;
          &lt;row&gt;⠤⠀⠀⠀⠠⠑⠀⠊⠀⠀⠀⠎⠀⠊⠀⠊⠀⠞⠀⠜&lt;/row&gt;
          &lt;row&gt;⠀&lt;/row&gt;
          &lt;row&gt;⠞⠀⠥⠀⠇⠀⠑⠀⠀⠀⠍⠀⠊⠀⠞⠀⠜⠀⠜⠀⠝⠄&lt;/row&gt;
          &lt;row&gt;⠀&lt;/row&gt;
          &lt;row&gt;⠠⠑⠀⠝⠀⠀⠀⠚⠀⠁⠀⠅⠀⠎⠀⠁&lt;/row&gt;
          &lt;row&gt;⠀&lt;/row&gt;
          &lt;row&gt;⠏⠀⠑⠀⠇⠀⠜⠀⠞⠀⠜⠀⠀⠀⠑⠀⠝⠀⠜⠀⠜⠄&lt;/row&gt;
          &lt;row&gt;⠀&lt;/row&gt;
          &lt;row&gt;⠠⠕⠀⠇⠀⠑⠀⠝⠀⠀⠀⠏⠀⠑⠀⠇⠀⠜⠀⠝⠀⠝⠀⠽⠀⠞&lt;/row&gt;
          &lt;row&gt;⠀&lt;/row&gt;
          &lt;row&gt;⠅⠀⠕⠀⠅⠀⠕⠀⠀⠀⠽⠀⠪⠀⠝⠀⠀⠀⠚⠀⠁&lt;/row&gt;
          &lt;row&gt;⠀&lt;/row&gt;
          &lt;row&gt;⠝⠀⠜⠀⠓⠀⠝⠀⠽⠀⠞&lt;/row&gt;
          &lt;row&gt;⠀&lt;/row&gt;
          &lt;row&gt;⠅⠀⠁⠀⠥⠀⠓⠀⠑⠀⠊⠀⠞⠀⠁&lt;/row&gt;
          &lt;row&gt;⠀&lt;/row&gt;
          &lt;row&gt;⠏⠀⠁⠀⠊⠀⠝⠀⠁⠀⠚⠀⠁⠀⠊⠀⠎⠀⠊⠀⠁⠄&lt;/row&gt;
        &lt;/page&gt;
        &lt;page&gt;
          &lt;row&gt;⠀⠀⠀⠀⠀⠀⠀⠀⠀⠀⠀⠀⠀⠀⠀⠀⠀⠀⠀⠀⠀⠀⠀⠀⠀⠀⠀⠼⠑⠑&lt;/row&gt;
          &lt;row&gt;⠠⠞⠀⠥⠀⠝⠀⠞⠀⠥⠀⠥⠀⠀⠀⠅⠀⠥⠀⠊⠀⠝&lt;/row&gt;
          &lt;row&gt;⠀&lt;/row&gt;
          &lt;row&gt;⠕⠀⠇⠀⠊⠀⠎⠀⠊&lt;/row&gt;
          &lt;row&gt;⠀&lt;/row&gt;
          &lt;row&gt;⠧⠀⠁⠀⠝⠀⠅⠀⠊⠀⠇⠀⠁⠀⠎⠀⠎⠀⠁⠂&lt;/row&gt;
          &lt;row&gt;⠀&lt;/row&gt;
          &lt;row&gt;⠑⠀⠇⠀⠇⠀⠑⠀⠊⠀⠀⠀⠧⠀⠕⠀⠊&lt;/row&gt;
          &lt;row&gt;⠀&lt;/row&gt;
          &lt;row&gt;⠍⠀⠑⠀⠝⠀⠝⠀⠜⠀⠀⠀⠍⠀⠊⠀⠓⠀⠊⠀⠝&lt;/row&gt;
          &lt;row&gt;⠀&lt;/row&gt;
          &lt;row&gt;⠓⠀⠁⠀⠇⠀⠥⠀⠁⠀⠁⠄⠀⠀⠀⠠⠗⠀⠕⠀⠛⠀⠑⠀⠗&lt;/row&gt;
          &lt;row&gt;⠀&lt;/row&gt;
          &lt;row&gt;⠑⠀⠊⠀⠀⠀⠎⠀⠁⠀⠁⠀⠀⠀⠏⠀⠜⠀⠜⠀⠞⠀⠞⠀⠜⠀⠜&lt;/row&gt;
          &lt;row&gt;⠀&lt;/row&gt;
          &lt;row&gt;⠑⠀⠇⠀⠜⠀⠍⠀⠜⠀⠎⠀⠞⠀⠜⠀⠝⠀⠊⠄&lt;/row&gt;
          &lt;row&gt;⠀&lt;/row&gt;
          &lt;row&gt;⠠⠍⠀⠊⠀⠝⠀⠜⠀⠀⠀⠇⠀⠜⠀⠓⠀⠙⠀⠑⠀⠝&lt;/row&gt;
          &lt;row&gt;⠀&lt;/row&gt;
          &lt;row&gt;⠅⠀⠕⠀⠞⠀⠊⠀⠊⠀⠝⠀⠀⠀⠎⠀⠊⠀⠇⠀⠇⠀⠕⠀⠊⠀⠝&lt;/row&gt;
          &lt;row&gt;⠀&lt;/row&gt;
          &lt;row&gt;⠅⠀⠥⠀⠝⠀⠀⠀⠞⠀⠁⠀⠓⠀⠙⠀⠕⠀⠝⠄&lt;/row&gt;
          &lt;row&gt;⠀&lt;/row&gt;
          &lt;row&gt;⠀&lt;/row&gt;
          &lt;row&gt;⠠⠥⠀⠃⠀⠃⠀⠑⠀⠀⠀⠏⠀⠥⠀⠙⠀⠊⠀⠎⠀⠞⠀⠑⠀⠇⠀⠊&lt;/row&gt;
          &lt;row&gt;⠀&lt;/row&gt;
          &lt;row&gt;⠏⠀⠜⠀⠜⠀⠞⠀⠜⠀⠜⠀⠝⠄&lt;/row&gt;
        &lt;/page&gt;
        &lt;page&gt;
          &lt;row&gt;⠀⠀⠀⠀⠀⠀⠀⠀⠀⠀⠀⠀⠀⠀⠀⠀⠀⠀⠀⠀⠀⠀⠀⠀⠀⠀⠀⠼⠑⠋&lt;/row&gt;
          &lt;row&gt;⠠⠚⠀⠕⠀⠎⠀⠅⠀⠥⠀⠎⠀⠀⠀⠠⠇⠀⠊⠀⠝⠀⠙⠀⠁&lt;/row&gt;
          &lt;row&gt;⠀&lt;/row&gt;
          &lt;row&gt;⠕⠀⠇⠀⠊⠀⠀⠀⠇⠀⠊⠀⠊⠀⠁⠀⠝&lt;/row&gt;
          &lt;row&gt;⠀&lt;/row&gt;
          &lt;row&gt;⠗⠀⠕⠀⠓⠀⠅⠀⠑⠀⠁⠀⠀⠀⠕⠀⠍⠀⠁⠀⠅⠀⠎⠀⠊&lt;/row&gt;
          &lt;row&gt;⠀&lt;/row&gt;
          &lt;row&gt;⠏⠀⠁⠀⠗⠀⠓⠀⠁⠀⠁⠀⠅⠀⠎⠀⠑⠀⠑⠀⠝⠄&lt;/row&gt;
          &lt;row&gt;⠀&lt;/row&gt;
          &lt;row&gt;⠀&lt;/row&gt;
          &lt;row&gt;⠤⠀⠀⠀⠠⠅⠀⠁⠀⠞⠀⠎⠀⠕⠀⠅⠀⠁⠀⠁⠂&lt;/row&gt;
          &lt;row&gt;⠀&lt;/row&gt;
          &lt;row&gt;⠞⠀⠥⠀⠕⠀⠇⠀⠇⠀⠁⠀⠀⠀⠕⠀⠝&lt;/row&gt;
          &lt;row&gt;⠀&lt;/row&gt;
          &lt;row&gt;⠠⠓⠀⠪⠀⠏⠀⠎⠀⠪⠀⠤⠠⠓⠀⠊⠀⠇⠀⠙⠀⠁⠂&lt;/row&gt;
          &lt;row&gt;⠀&lt;/row&gt;
          &lt;row&gt;⠠⠎⠀⠕⠀⠅⠀⠗⠀⠁⠀⠞⠀⠑⠀⠎&lt;/row&gt;
          &lt;row&gt;⠀&lt;/row&gt;
          &lt;row&gt;⠓⠀⠥⠀⠕⠀⠍⠀⠁⠀⠎⠀⠊⠄&lt;/row&gt;
          &lt;row&gt;⠀&lt;/row&gt;
          &lt;row&gt;⠀&lt;/row&gt;
          &lt;row&gt;⠠⠧⠀⠁⠀⠝⠀⠓⠀⠁⠀⠀⠀⠝⠀⠁⠀⠊⠀⠝⠀⠑⠀⠝&lt;/row&gt;
          &lt;row&gt;⠀&lt;/row&gt;
          &lt;row&gt;⠏⠀⠑⠀⠝⠀⠅⠀⠕⠀⠊&lt;/row&gt;
          &lt;row&gt;⠀&lt;/row&gt;
          &lt;row&gt;⠗⠀⠕⠀⠎⠀⠅⠀⠁⠀⠅⠀⠕⠀⠗⠀⠊⠀⠁⠄&lt;/row&gt;
          &lt;row/&gt;
        &lt;/page&gt;
        &lt;page&gt;
          &lt;row&gt;⠀⠀⠀⠀⠀⠀⠀⠀⠀⠀⠀⠀⠀⠀⠀⠀⠀⠀⠀⠀⠀⠀⠀⠀⠀⠀⠀⠼⠑⠛&lt;/row&gt;
          &lt;row&gt;⠠⠧⠀⠊⠀⠑⠀⠗⠀⠑⠀⠎⠀⠎⠀⠜⠀⠀⠀⠕⠀⠇⠀⠊&lt;/row&gt;
          &lt;row&gt;⠀&lt;/row&gt;
          &lt;row&gt;⠗⠀⠊⠀⠎⠀⠁⠀⠊⠀⠝⠀⠑⠀⠝&lt;/row&gt;
          &lt;row&gt;⠀&lt;/row&gt;
          &lt;row&gt;⠅⠀⠜⠀⠗⠀⠗⠀⠽⠀⠇⠀⠁⠀⠥⠀⠅⠀⠅⠀⠥⠄&lt;/row&gt;
          &lt;row&gt;⠀&lt;/row&gt;
          &lt;row&gt;⠠⠝⠀⠁⠀⠊⠀⠝⠀⠑⠀⠝&lt;/row&gt;
          &lt;row&gt;⠀&lt;/row&gt;
          &lt;row&gt;⠏⠀⠥⠀⠙⠀⠕⠀⠞⠀⠞⠀⠑⠀⠇⠀⠊&lt;/row&gt;
          &lt;row&gt;⠀&lt;/row&gt;
          &lt;row&gt;⠇⠀⠪⠀⠽⠀⠞⠀⠜⠀⠍⠀⠊⠀⠜⠀⠜⠀⠝&lt;/row&gt;
          &lt;row&gt;⠀&lt;/row&gt;
          &lt;row&gt;⠞⠀⠁⠀⠧⠀⠁⠀⠗⠀⠕⠀⠊⠀⠞⠀⠁&lt;/row&gt;
          &lt;row&gt;⠀&lt;/row&gt;
          &lt;row&gt;⠇⠀⠁⠀⠥⠀⠅⠀⠅⠀⠥⠀⠥⠀⠝⠄&lt;/row&gt;
          &lt;row&gt;⠀&lt;/row&gt;
          &lt;row&gt;⠠⠑⠀⠝⠀⠊⠀⠞⠀⠑⠀⠝⠀⠀⠀⠞⠀⠽⠀⠓⠀⠚⠀⠊⠀⠜&lt;/row&gt;
          &lt;row&gt;⠀&lt;/row&gt;
          &lt;row&gt;⠏⠀⠥⠀⠇⠀⠇⠀⠕⠀⠚⠀⠁⠂&lt;/row&gt;
          &lt;row&gt;⠀&lt;/row&gt;
          &lt;row&gt;⠍⠀⠥⠀⠞⠀⠞⠀⠁⠀⠀⠀⠍⠀⠽⠀⠪⠀⠎&lt;/row&gt;
          &lt;row&gt;⠀&lt;/row&gt;
          &lt;row&gt;⠏⠀⠥⠀⠕⠀⠇⠀⠊⠀⠅⠀⠎⠀⠊&lt;/row&gt;
          &lt;row&gt;⠀&lt;/row&gt;
          &lt;row&gt;⠎⠀⠽⠀⠪⠀⠙⠀⠽⠀⠝&lt;/row&gt;
          &lt;row/&gt;
        &lt;/page&gt;
        &lt;page&gt;
          &lt;row&gt;⠀⠀⠀⠀⠀⠀⠀⠀⠀⠀⠀⠀⠀⠀⠀⠀⠀⠀⠀⠀⠀⠀⠀⠀⠀⠀⠀⠼⠑⠓&lt;/row&gt;
          &lt;row&gt;⠍⠀⠁⠀⠅⠀⠅⠀⠁⠀⠗⠀⠁⠀⠤&lt;/row&gt;
          &lt;row&gt;⠀&lt;/row&gt;
          &lt;row&gt;⠍⠀⠥⠀⠥⠀⠎⠀⠊⠀⠁⠀⠝⠀⠝⠀⠕⠀⠅⠀⠎⠀⠑⠀⠝&lt;/row&gt;
          &lt;row&gt;⠀&lt;/row&gt;
          &lt;row&gt;⠚⠀⠁⠀⠀⠀⠧⠀⠊⠀⠇⠀⠇⠀⠁⠀⠞⠀⠁⠀⠅⠀⠊⠀⠝⠂&lt;/row&gt;
          &lt;row&gt;⠀&lt;/row&gt;
          &lt;row&gt;⠚⠀⠕⠀⠝⠀⠅⠀⠁⠀⠀⠀⠚⠀⠕⠀⠅⠀⠥⠀⠀⠀⠕⠀⠇⠀⠊&lt;/row&gt;
          &lt;row&gt;⠀&lt;/row&gt;
          &lt;row&gt;⠓⠀⠑⠀⠊⠀⠞⠀⠞⠀⠜⠀⠝⠀⠽⠀⠞&lt;/row&gt;
          &lt;row&gt;⠀&lt;/row&gt;
          &lt;row&gt;⠏⠀⠕⠀⠊⠀⠎⠄&lt;/row&gt;
          &lt;row&gt;⠀&lt;/row&gt;
          &lt;row&gt;⠀&lt;/row&gt;
          &lt;row&gt;⠤⠀⠀⠀⠠⠜⠀⠊⠀⠞⠀⠊⠀⠀⠀⠎⠀⠁⠀⠝⠀⠕⠀⠕⠂&lt;/row&gt;
          &lt;row&gt;⠀&lt;/row&gt;
          &lt;row&gt;⠑⠀⠞⠀⠞⠀⠜⠀⠀⠀⠓⠀⠜⠀⠝⠀⠑⠀⠝&lt;/row&gt;
          &lt;row&gt;⠀&lt;/row&gt;
          &lt;row&gt;⠝⠀⠊⠀⠍⠀⠑⠀⠝⠀⠎⠀⠜⠀⠀⠀⠕⠀⠝&lt;/row&gt;
          &lt;row&gt;⠀&lt;/row&gt;
          &lt;row&gt;⠠⠓⠀⠊⠀⠇⠀⠙⠀⠁&lt;/row&gt;
          &lt;row&gt;⠀&lt;/row&gt;
          &lt;row&gt;⠠⠍⠀⠕⠀⠇⠀⠊⠀⠝⠂⠀⠀⠀⠠⠇⠀⠊⠀⠝⠀⠙⠀⠁&lt;/row&gt;
          &lt;row&gt;⠀&lt;/row&gt;
          &lt;row&gt;⠅⠀⠑⠀⠗⠀⠞⠀⠕⠀⠊⠄&lt;/row&gt;
          &lt;row&gt;⠀&lt;/row&gt;
          &lt;row/&gt;
        &lt;/page&gt;
        &lt;page&gt;
          &lt;row&gt;⠀⠀⠀⠀⠀⠀⠀⠀⠀⠀⠀⠀⠀⠀⠀⠀⠀⠀⠀⠀⠀⠀⠀⠀⠀⠀⠀⠼⠑⠊&lt;/row&gt;
          &lt;row&gt;⠤⠀⠀⠀⠠⠓⠀⠜⠀⠝⠀⠀⠀⠕⠀⠝⠀⠀⠀⠅⠀⠕⠀⠅⠀⠕&lt;/row&gt;
          &lt;row&gt;⠀&lt;/row&gt;
          &lt;row&gt;⠠⠛⠀⠕⠀⠞⠀⠇⠀⠁⠀⠝⠀⠝⠀⠊⠀⠝&lt;/row&gt;
          &lt;row&gt;⠀&lt;/row&gt;
          &lt;row&gt;⠗⠀⠊⠀⠅⠀⠅⠀⠁⠀⠊⠀⠝&lt;/row&gt;
          &lt;row&gt;⠀&lt;/row&gt;
          &lt;row&gt;⠊⠀⠓⠀⠍⠀⠊⠀⠝⠀⠑⠀⠝⠀⠀⠀⠍⠀⠥⠀⠞⠀⠞⠀⠁&lt;/row&gt;
          &lt;row&gt;⠀&lt;/row&gt;
          &lt;row&gt;⠙⠀⠽⠀⠽⠀⠅⠀⠅⠀⠁⠀⠁⠀⠀⠀⠎⠀⠊⠀⠇⠀⠞⠀⠊&lt;/row&gt;
          &lt;row&gt;⠀&lt;/row&gt;
          &lt;row&gt;⠗⠀⠕⠀⠎⠀⠅⠀⠊⠀⠅⠀⠎⠀⠊⠀⠁⠄&lt;/row&gt;
          &lt;row&gt;⠀&lt;/row&gt;
          &lt;row&gt;⠀&lt;/row&gt;
          &lt;row&gt;⠤⠀⠀⠀⠠⠍⠀⠊⠀⠝⠀⠜⠀⠀⠀⠕⠀⠇⠀⠑⠀⠝&lt;/row&gt;
          &lt;row&gt;⠀&lt;/row&gt;
          &lt;row&gt;⠅⠀⠥⠀⠥⠀⠇⠀⠇⠀⠥⠀⠞⠂⠀⠀⠀⠑⠀⠞⠀⠞⠀⠜&lt;/row&gt;
          &lt;row&gt;⠀&lt;/row&gt;
          &lt;row&gt;⠓⠀⠜⠀⠝⠀⠀⠀⠕⠀⠇⠀⠊&lt;/row&gt;
          &lt;row&gt;⠀&lt;/row&gt;
          &lt;row&gt;⠞⠀⠥⠀⠝⠀⠝⠀⠑⠀⠞⠀⠞⠀⠥&lt;/row&gt;
          &lt;row&gt;⠀&lt;/row&gt;
          &lt;row&gt;⠁⠀⠧⠀⠁⠀⠗⠀⠥⠀⠥⠀⠎⠀⠞⠀⠥⠀⠞⠀⠅⠀⠊⠀⠚⠀⠁&lt;/row&gt;
          &lt;row&gt;⠀&lt;/row&gt;
          &lt;row&gt;⠑⠀⠝⠀⠝⠀⠑⠀⠝⠀⠀⠀⠅⠀⠥⠀⠊⠀⠝&lt;/row&gt;
          &lt;row&gt;⠀&lt;/row&gt;
          &lt;row&gt;⠁⠀⠇⠀⠅⠀⠕⠀⠊⠀⠀⠀⠅⠀⠥⠀⠥⠀⠇⠀⠇⠀⠁&lt;/row&gt;
        &lt;/page&gt;
        &lt;page&gt;
          &lt;row&gt;⠀⠀⠀⠀⠀⠀⠀⠀⠀⠀⠀⠀⠀⠀⠀⠀⠀⠀⠀⠀⠀⠀⠀⠀⠀⠀⠀⠼⠋⠚&lt;/row&gt;
          &lt;row&gt;⠕⠀⠥⠀⠞⠀⠕⠀⠚⠀⠁&lt;/row&gt;
          &lt;row&gt;⠀&lt;/row&gt;
          &lt;row&gt;⠜⠀⠜⠀⠝⠀⠊⠀⠜⠀⠀⠀⠏⠀⠜⠀⠜⠀⠎⠀⠎⠀⠜⠀⠜⠀⠝⠂&lt;/row&gt;
          &lt;row&gt;⠀&lt;/row&gt;
          &lt;row&gt;⠠⠥⠀⠃⠀⠃⠀⠑⠀⠀⠀⠎⠀⠁⠀⠝⠀⠕⠀⠊⠄&lt;/row&gt;
          &lt;row&gt;⠀&lt;/row&gt;
          &lt;row&gt;⠤⠀⠀⠀⠠⠓⠀⠜⠀⠝⠀⠀⠀⠏⠀⠥⠀⠓⠀⠥⠀⠥&lt;/row&gt;
          &lt;row&gt;⠀&lt;/row&gt;
          &lt;row&gt;⠚⠀⠕⠀⠝⠀⠅⠀⠥⠀⠝⠀⠀⠀⠅⠀⠁⠀⠝⠀⠎⠀⠎⠀⠁&lt;/row&gt;
          &lt;row&gt;⠀&lt;/row&gt;
          &lt;row&gt;⠏⠀⠁⠀⠗⠀⠁⠀⠊⠀⠅⠀⠁⠀⠁⠄&lt;/row&gt;
          &lt;row&gt;⠀&lt;/row&gt;
          &lt;row&gt;⠠⠚⠀⠕⠀⠝⠀⠅⠀⠥⠀⠝⠂⠀⠀⠀⠚⠀⠕⠀⠞⠀⠁&lt;/row&gt;
          &lt;row&gt;⠀&lt;/row&gt;
          &lt;row&gt;⠑⠀⠍⠀⠍⠀⠑⠀⠀⠀⠝⠀⠜⠀⠑⠄&lt;/row&gt;
          &lt;row&gt;⠀&lt;/row&gt;
          &lt;row&gt;⠀&lt;/row&gt;
          &lt;row&gt;⠠⠥⠀⠃⠀⠃⠀⠑⠀⠀⠀⠏⠀⠽⠀⠎⠀⠜⠀⠓⠀⠞⠀⠽⠀⠊⠄&lt;/row&gt;
          &lt;row&gt;⠀&lt;/row&gt;
          &lt;row&gt;⠠⠎⠀⠊⠀⠞⠀⠞⠀⠑⠀⠝⠀⠀⠀⠓⠀⠜⠀⠝⠀⠞⠀⠜&lt;/row&gt;
          &lt;row&gt;⠀&lt;/row&gt;
          &lt;row&gt;⠁⠀⠇⠀⠅⠀⠕⠀⠊&lt;/row&gt;
          &lt;row&gt;⠀&lt;/row&gt;
          &lt;row&gt;⠝⠀⠁⠀⠥⠀⠗⠀⠁⠀⠞⠀⠞⠀⠁⠀⠁⠄&lt;/row&gt;
          &lt;row&gt;⠀&lt;/row&gt;
          &lt;row/&gt;
        &lt;/page&gt;
        &lt;page&gt;
          &lt;row&gt;⠀⠀⠀⠀⠀⠀⠀⠀⠀⠀⠀⠀⠀⠀⠀⠀⠀⠀⠀⠀⠀⠀⠀⠀⠀⠀⠀⠼⠋⠁&lt;/row&gt;
          &lt;row&gt;⠠⠓⠀⠪⠀⠏⠀⠎⠀⠪⠀⠤⠠⠓⠀⠊⠀⠇⠀⠙⠀⠁⠀⠝&lt;/row&gt;
          &lt;row&gt;⠀&lt;/row&gt;
          &lt;row&gt;⠧⠀⠊⠀⠑⠀⠗⠀⠑⠀⠎⠀⠎⠀⠜&lt;/row&gt;
          &lt;row&gt;⠀&lt;/row&gt;
          &lt;row&gt;⠎⠀⠑⠀⠊⠀⠎⠀⠕⠀⠊⠀⠀⠀⠏⠀⠕⠀⠇⠀⠊⠀⠊⠀⠎⠀⠊⠄&lt;/row&gt;
          &lt;row&gt;⠀&lt;/row&gt;
          &lt;row&gt;⠠⠞⠀⠜⠀⠍⠀⠜⠀⠅⠀⠊⠀⠝⠀⠀⠀⠏⠀⠥⠀⠓⠀⠥⠀⠊&lt;/row&gt;
          &lt;row&gt;⠀&lt;/row&gt;
          &lt;row&gt;⠚⠀⠕⠀⠝⠀⠅⠀⠥⠀⠝⠀⠀⠀⠅⠀⠁⠀⠝⠀⠎⠀⠎⠀⠁⠂&lt;/row&gt;
          &lt;row&gt;⠀&lt;/row&gt;
          &lt;row&gt;⠚⠀⠕⠀⠞⠀⠁⠀⠀⠀⠓⠀⠑⠀⠀⠀⠑⠀⠊⠀⠧⠀⠜⠀⠞&lt;/row&gt;
          &lt;row&gt;⠀&lt;/row&gt;
          &lt;row&gt;⠝⠀⠜⠀⠓⠀⠝⠀⠑⠀⠑⠀⠞⠄&lt;/row&gt;
          &lt;row&gt;⠀&lt;/row&gt;
          &lt;row&gt;⠀&lt;/row&gt;
          &lt;row&gt;⠠⠑⠀⠍⠀⠊⠀⠇⠀⠊⠀⠜⠀⠅⠀⠊⠀⠝&lt;/row&gt;
          &lt;row&gt;⠀&lt;/row&gt;
          &lt;row&gt;⠓⠀⠥⠀⠧⠀⠊⠀⠞⠀⠞⠀⠊⠄&lt;/row&gt;
          &lt;row&gt;⠀&lt;/row&gt;
          &lt;row&gt;⠠⠓⠀⠜⠀⠝⠀⠀⠀⠞⠀⠥⠀⠝⠀⠎⠀⠊&lt;/row&gt;
          &lt;row&gt;⠀&lt;/row&gt;
          &lt;row&gt;⠏⠀⠕⠀⠇⠀⠊⠀⠊⠀⠎⠀⠊⠀⠝⠄&lt;/row&gt;
          &lt;row&gt;⠀&lt;/row&gt;
          &lt;row&gt;⠀&lt;/row&gt;
          &lt;row&gt;⠀&lt;/row&gt;
          &lt;row/&gt;
        &lt;/page&gt;
        &lt;page&gt;
          &lt;row&gt;⠀⠀⠀⠀⠀⠀⠀⠀⠀⠀⠀⠀⠀⠀⠀⠀⠀⠀⠀⠀⠀⠀⠀⠀⠀⠀⠀⠼⠋⠃&lt;/row&gt;
          &lt;row&gt;⠠⠞⠀⠜⠀⠍⠀⠜⠀⠀⠀⠕⠀⠇⠀⠊&lt;/row&gt;
          &lt;row&gt;⠀&lt;/row&gt;
          &lt;row&gt;⠠⠅⠀⠁⠀⠇⠀⠇⠀⠑&lt;/row&gt;
          &lt;row&gt;⠀&lt;/row&gt;
          &lt;row&gt;⠠⠅⠀⠥⠀⠥⠀⠇⠀⠊⠀⠁⠀⠊⠀⠝⠀⠑⠀⠝⠂&lt;/row&gt;
          &lt;row&gt;⠀&lt;/row&gt;
          &lt;row&gt;⠚⠀⠕⠀⠅⠀⠁⠀⠀⠀⠓⠀⠕⠀⠊⠀⠞⠀⠊&lt;/row&gt;
          &lt;row&gt;⠀&lt;/row&gt;
          &lt;row&gt;⠏⠀⠕⠀⠇⠀⠊⠀⠊⠀⠎⠀⠊⠀⠝&lt;/row&gt;
          &lt;row&gt;⠀&lt;/row&gt;
          &lt;row&gt;⠇⠀⠪⠀⠽⠀⠙⠀⠑⠀⠞⠀⠞⠀⠽⠀⠚⠀⠑⠀⠝&lt;/row&gt;
          &lt;row&gt;⠀&lt;/row&gt;
          &lt;row&gt;⠏⠀⠕⠀⠇⠀⠅⠀⠥⠀⠏⠀⠽⠀⠪⠀⠗⠀⠊⠀⠑⠀⠝&lt;/row&gt;
          &lt;row&gt;⠀&lt;/row&gt;
          &lt;row&gt;⠧⠀⠁⠀⠗⠀⠁⠀⠎⠀⠞⠀⠕⠀⠁⠄&lt;/row&gt;
          &lt;row&gt;⠀&lt;/row&gt;
          &lt;row&gt;⠀&lt;/row&gt;
          &lt;row&gt;⠤⠀⠀⠀⠠⠓⠀⠜⠀⠝⠀⠀⠀⠏⠀⠥⠀⠓⠀⠥⠀⠥&lt;/row&gt;
          &lt;row&gt;⠀&lt;/row&gt;
          &lt;row&gt;⠅⠀⠜⠀⠝⠀⠝⠀⠽⠀⠅⠀⠅⠀⠜⠀⠜⠀⠝&lt;/row&gt;
          &lt;row&gt;⠀&lt;/row&gt;
          &lt;row&gt;⠎⠀⠑⠀⠇⠀⠇⠀⠁⠀⠊⠀⠎⠀⠊⠀⠇⠀⠇⠀⠁&lt;/row&gt;
          &lt;row&gt;⠀&lt;/row&gt;
          &lt;row&gt;⠅⠀⠥⠀⠥⠀⠇⠀⠕⠀⠅⠀⠅⠀⠑⠀⠊⠀⠇⠀⠇⠀⠁⠂&lt;/row&gt;
          &lt;row&gt;⠀&lt;/row&gt;
          &lt;row&gt;⠓⠀⠁⠀⠝⠀⠙⠀⠎⠀⠋⠀⠗⠀⠑⠀⠑⠀⠇⠀⠇⠀⠜⠄&lt;/row&gt;
        &lt;/page&gt;
        &lt;page&gt;
          &lt;row&gt;⠀⠀⠀⠀⠀⠀⠀⠀⠀⠀⠀⠀⠀⠀⠀⠀⠀⠀⠀⠀⠀⠀⠀⠀⠀⠀⠀⠼⠋⠉&lt;/row&gt;
          &lt;row&gt;⠠⠕⠀⠊⠀⠅⠀⠑⠀⠁⠀⠎⠀⠞⠀⠁⠀⠁⠀⠝⠀⠀⠀⠎⠀⠑&lt;/row&gt;
          &lt;row&gt;⠀&lt;/row&gt;
          &lt;row&gt;⠕⠀⠝⠀⠀⠀⠍⠀⠑⠀⠇⠀⠅⠀⠑⠀⠊⠀⠝&lt;/row&gt;
          &lt;row&gt;⠀&lt;/row&gt;
          &lt;row&gt;⠎⠀⠁⠀⠍⠀⠁⠀⠀⠀⠁⠀⠎⠀⠊⠀⠁⠄&lt;/row&gt;
          &lt;row&gt;⠀&lt;/row&gt;
          &lt;row&gt;⠠⠅⠀⠥⠀⠍⠀⠏⠀⠊⠀⠅⠀⠊⠀⠝⠀⠀⠀⠏⠀⠥⠀⠓⠀⠥⠀⠥&lt;/row&gt;
          &lt;row&gt;⠀&lt;/row&gt;
          &lt;row&gt;⠊⠀⠓⠀⠍⠀⠊⠀⠎⠀⠑⠀⠝⠀⠀⠀⠅⠀⠁⠀⠝⠀⠎⠀⠎⠀⠁⠂&lt;/row&gt;
          &lt;row&gt;⠀&lt;/row&gt;
          &lt;row&gt;⠚⠀⠕⠀⠊⠀⠞⠀⠁⠀⠀⠀⠑⠀⠍⠀⠍⠀⠑⠀⠀⠀⠝⠀⠜⠀⠑⠄&lt;/row&gt;
          &lt;row&gt;⠀&lt;/row&gt;
          &lt;row&gt;⠀&lt;/row&gt;
          &lt;row&gt;⠠⠞⠀⠜⠀⠝⠀⠜⠀⠜⠀⠝⠀⠀⠀⠠⠓⠀⠪⠀⠏⠀⠎⠀⠪⠀⠤&lt;/row&gt;
          &lt;row&gt;⠀&lt;/row&gt;
          &lt;row&gt;⠠⠓⠀⠊⠀⠇⠀⠙⠀⠁⠀⠀⠀⠕⠀⠇⠀⠊&lt;/row&gt;
          &lt;row&gt;⠀&lt;/row&gt;
          &lt;row&gt;⠅⠀⠊⠀⠥⠀⠅⠀⠅⠀⠥⠀⠊⠀⠝⠀⠑⠀⠝&lt;/row&gt;
          &lt;row&gt;⠀&lt;/row&gt;
          &lt;row&gt;⠍⠀⠊⠀⠑⠀⠇⠀⠊⠀⠅⠀⠥⠀⠧⠀⠊⠀⠞⠀⠥⠀⠎⠀⠽⠀⠎⠤&lt;/row&gt;
          &lt;row&gt;⠀&lt;/row&gt;
          &lt;row&gt;⠞⠀⠜⠀⠧⠀⠊⠀⠇⠀⠇⠀⠑⠀⠑⠀⠝⠄&lt;/row&gt;
          &lt;row&gt;⠀&lt;/row&gt;
          &lt;row&gt;⠠⠓⠀⠜⠀⠝⠀⠀⠀⠎⠀⠜⠀⠞⠀⠞⠀⠊&lt;/row&gt;
          &lt;row&gt;⠀&lt;/row&gt;
          &lt;row&gt;⠓⠀⠑⠀⠊⠀⠞⠀⠜⠂⠀⠀⠀⠅⠀⠕⠀⠎⠀⠅⠀⠁⠀⠀⠀⠓⠀⠑&lt;/row&gt;
        &lt;/page&gt;
        &lt;page&gt;
          &lt;row&gt;⠀⠀⠀⠀⠀⠀⠀⠀⠀⠀⠀⠀⠀⠀⠀⠀⠀⠀⠀⠀⠀⠀⠀⠀⠀⠀⠀⠼⠋⠙&lt;/row&gt;
          &lt;row&gt;⠑⠀⠊⠀⠧⠀⠜⠀⠞&lt;/row&gt;
          &lt;row&gt;⠀&lt;/row&gt;
          &lt;row&gt;⠇⠀⠪⠀⠽⠀⠞⠀⠜⠀⠝⠀⠑⠀⠑⠀⠞&lt;/row&gt;
          &lt;row&gt;⠀&lt;/row&gt;
          &lt;row&gt;⠑⠀⠝⠀⠑⠀⠍⠀⠏⠀⠜⠀⠜⠀⠀⠀⠞⠀⠽⠀⠓⠀⠚⠀⠊⠀⠜&lt;/row&gt;
          &lt;row&gt;⠀&lt;/row&gt;
          &lt;row&gt;⠏⠀⠥⠀⠇⠀⠇⠀⠕⠀⠚⠀⠁⠄&lt;/row&gt;
          &lt;row&gt;⠀&lt;/row&gt;
          &lt;row&gt;⠠⠅⠀⠜⠀⠗⠀⠗⠀⠽⠀⠇⠀⠁⠀⠥⠀⠅⠀⠥⠀⠎⠀⠎⠀⠁&lt;/row&gt;
          &lt;row&gt;⠀&lt;/row&gt;
          &lt;row&gt;⠕⠀⠇⠀⠊⠀⠀⠀⠧⠀⠁⠀⠊⠀⠝⠀⠀⠀⠅⠀⠁⠀⠅⠀⠎⠀⠊&lt;/row&gt;
          &lt;row&gt;⠀&lt;/row&gt;
          &lt;row&gt;⠏⠀⠥⠀⠇⠀⠇⠀⠕⠀⠁⠄⠀⠀⠀⠠⠝⠀⠊⠀⠊⠀⠇⠀⠇⠀⠜&lt;/row&gt;
          &lt;row&gt;⠀&lt;/row&gt;
          &lt;row&gt;⠑⠀⠊⠀⠀⠀⠎⠀⠁⠀⠁⠀⠝⠀⠥⠀⠞⠀⠀⠀⠑⠀⠙⠀⠑⠀⠎&lt;/row&gt;
          &lt;row&gt;⠀&lt;/row&gt;
          &lt;row&gt;⠇⠀⠕⠀⠥⠀⠝⠀⠁⠀⠎⠀⠎⠀⠜⠀⠍⠀⠏⠀⠽⠀⠇⠀⠜⠀⠜⠄&lt;/row&gt;
          &lt;row&gt;⠀&lt;/row&gt;
          &lt;row&gt;⠠⠥⠀⠃⠀⠃⠀⠑⠀⠅⠀⠊⠀⠝⠀⠀⠀⠅⠀⠑⠀⠗⠀⠜⠀⠎⠀⠊&lt;/row&gt;
          &lt;row&gt;⠀&lt;/row&gt;
          &lt;row&gt;⠥⠀⠎⠀⠑⠀⠊⠀⠝⠀⠀⠀⠞⠀⠽⠀⠓⠀⠚⠀⠊⠀⠜&lt;/row&gt;
          &lt;row&gt;⠀&lt;/row&gt;
          &lt;row&gt;⠏⠀⠥⠀⠇⠀⠇⠀⠕⠀⠚⠀⠁⠂⠀⠀⠀⠚⠀⠕⠀⠞⠀⠅⠀⠁&lt;/row&gt;
          &lt;row&gt;⠀&lt;/row&gt;
          &lt;row&gt;⠓⠀⠜⠀⠝⠀⠀⠀⠧⠀⠑⠀⠊&lt;/row&gt;
          &lt;row/&gt;
        &lt;/page&gt;
        &lt;page&gt;
          &lt;row&gt;⠀⠀⠀⠀⠀⠀⠀⠀⠀⠀⠀⠀⠀⠀⠀⠀⠀⠀⠀⠀⠀⠀⠀⠀⠀⠀⠀⠼⠋⠑&lt;/row&gt;
          &lt;row&gt;⠅⠀⠁⠀⠥⠀⠏⠀⠏⠀⠁⠀⠁⠀⠝&lt;/row&gt;
          &lt;row&gt;⠀&lt;/row&gt;
          &lt;row&gt;⠎⠀⠁⠀⠁⠀⠙⠀⠁⠀⠅⠀⠎⠀⠑⠀⠑⠀⠝&lt;/row&gt;
          &lt;row&gt;⠀&lt;/row&gt;
          &lt;row&gt;⠗⠀⠁⠀⠓⠀⠁⠀⠁⠄⠀⠀⠀⠠⠓⠀⠜⠀⠝⠀⠀⠀⠑⠀⠊&lt;/row&gt;
          &lt;row&gt;⠀&lt;/row&gt;
          &lt;row&gt;⠎⠀⠁⠀⠁⠀⠝⠀⠥⠀⠞⠀⠀⠀⠧⠀⠊⠀⠊⠀⠅⠀⠅⠀⠕⠀⠤&lt;/row&gt;
          &lt;row&gt;⠀&lt;/row&gt;
          &lt;row&gt;⠗⠀⠁⠀⠓⠀⠁⠀⠁⠂⠀⠀⠀⠅⠀⠕⠀⠎⠀⠅⠀⠁&lt;/row&gt;
          &lt;row&gt;⠀&lt;/row&gt;
          &lt;row&gt;⠓⠀⠜⠀⠝⠀⠑⠀⠝⠀⠀⠀⠜⠀⠊⠀⠞⠀⠊⠀⠝⠀⠎⠀⠜&lt;/row&gt;
          &lt;row&gt;⠀&lt;/row&gt;
          &lt;row&gt;⠕⠀⠇⠀⠊⠀⠀⠀⠝⠀⠊⠀⠊⠀⠝⠀⠀⠀⠅⠀⠪⠀⠽⠀⠓⠀⠜⠄&lt;/row&gt;
          &lt;row&gt;⠀&lt;/row&gt;
          &lt;row&gt;⠀&lt;/row&gt;
          &lt;row&gt;⠠⠚⠀⠕⠀⠎⠀⠅⠀⠥⠀⠎⠀⠀⠀⠠⠥⠀⠃⠀⠃⠀⠑&lt;/row&gt;
          &lt;row&gt;⠀&lt;/row&gt;
          &lt;row&gt;⠚⠀⠁⠀⠀⠀⠠⠓⠀⠊⠀⠇⠀⠙⠀⠁&lt;/row&gt;
          &lt;row&gt;⠀&lt;/row&gt;
          &lt;row&gt;⠞⠀⠁⠀⠏⠀⠁⠀⠎⠀⠊⠀⠧⠀⠁⠀⠞&lt;/row&gt;
          &lt;row&gt;⠀&lt;/row&gt;
          &lt;row&gt;⠞⠀⠕⠀⠊⠀⠎⠀⠑⠀⠝⠀⠎⠀⠁&lt;/row&gt;
          &lt;row&gt;⠀&lt;/row&gt;
          &lt;row&gt;⠑⠀⠞⠀⠎⠀⠊⠀⠑⠀⠎⠀⠎⠀⠜⠀⠜⠀⠝&lt;/row&gt;
          &lt;row&gt;⠀&lt;/row&gt;
          &lt;row&gt;⠏⠀⠥⠀⠇⠀⠇⠀⠕⠀⠚⠀⠁⠄&lt;/row&gt;
        &lt;/page&gt;
        &lt;page&gt;
          &lt;row&gt;⠀⠀⠀⠀⠀⠀⠀⠀⠀⠀⠀⠀⠀⠀⠀⠀⠀⠀⠀⠀⠀⠀⠀⠀⠀⠀⠀⠼⠋⠋&lt;/row&gt;
          &lt;row&gt;⠠⠎⠀⠊⠀⠇⠀⠇⠀⠕⠀⠊⠀⠝⠀⠀⠀⠓⠀⠑&lt;/row&gt;
          &lt;row&gt;⠀&lt;/row&gt;
          &lt;row&gt;⠏⠀⠥⠀⠓⠀⠥⠀⠊⠀⠧⠀⠁⠀⠞⠀⠀⠀⠎⠀⠊⠀⠊⠀⠞⠀⠜⠂&lt;/row&gt;
          &lt;row&gt;⠀&lt;/row&gt;
          &lt;row&gt;⠍⠀⠊⠀⠎⠀⠞⠀⠜⠀⠀⠀⠕⠀⠇⠀⠊⠀⠧⠀⠁⠀⠞&lt;/row&gt;
          &lt;row&gt;⠀&lt;/row&gt;
          &lt;row&gt;⠇⠀⠪⠀⠽⠀⠞⠀⠜⠀⠝⠀⠑⠀⠑⠀⠞&lt;/row&gt;
          &lt;row&gt;⠀&lt;/row&gt;
          &lt;row&gt;⠝⠀⠊⠀⠊⠀⠞⠀⠜⠄⠀⠀⠀⠠⠊⠀⠞⠀⠜⠀⠊⠀⠎⠀⠑⠀⠞&lt;/row&gt;
          &lt;row&gt;⠀&lt;/row&gt;
          &lt;row&gt;⠧⠀⠁⠀⠇⠀⠇⠀⠊⠀⠓⠀⠁⠀⠥⠀⠙⠀⠁⠀⠞&lt;/row&gt;
          &lt;row&gt;⠀&lt;/row&gt;
          &lt;row&gt;⠕⠀⠇⠀⠊⠀⠀⠀⠏⠀⠁⠀⠗⠀⠁⠀⠎&lt;/row&gt;
          &lt;row&gt;⠀&lt;/row&gt;
          &lt;row&gt;⠏⠀⠁⠀⠊⠀⠅⠀⠅⠀⠁⠄&lt;/row&gt;
          &lt;row&gt;⠀&lt;/row&gt;
          &lt;row&gt;⠀&lt;/row&gt;
          &lt;row&gt;⠤⠀⠀⠀⠠⠍⠀⠥⠀⠊⠀⠎⠀⠞⠀⠁⠀⠞⠀⠞⠀⠑⠀⠅⠀⠕⠂&lt;/row&gt;
          &lt;row&gt;⠀&lt;/row&gt;
          &lt;row&gt;⠅⠀⠥⠀⠝⠀⠀⠀⠊⠀⠓⠀⠍⠀⠊⠀⠎⠀⠊⠀⠇⠀⠞⠀⠜&lt;/row&gt;
          &lt;row&gt;⠀&lt;/row&gt;
          &lt;row&gt;⠧⠀⠁⠀⠗⠀⠁⠀⠎⠀⠞⠀⠑⠀⠞⠀⠞⠀⠊⠀⠊⠀⠝&lt;/row&gt;
          &lt;row&gt;⠀&lt;/row&gt;
          &lt;row&gt;⠏⠀⠥⠀⠥⠀⠞⠀⠁⠀⠗⠀⠓⠀⠁⠀⠞⠀⠕⠀⠝⠀⠞⠀⠞⠀⠥⠤&lt;/row&gt;
          &lt;row&gt;⠀&lt;/row&gt;
          &lt;row&gt;⠚⠀⠁⠢⠀⠀⠀⠠⠥⠀⠃⠀⠃⠀⠑⠀⠀⠀⠅⠀⠽⠀⠎⠀⠽⠀⠊⠄&lt;/row&gt;
        &lt;/page&gt;
        &lt;page&gt;
          &lt;row&gt;⠀⠀⠀⠀⠀⠀⠀⠀⠀⠀⠀⠀⠀⠀⠀⠀⠀⠀⠀⠀⠀⠀⠀⠀⠀⠀⠀⠼⠋⠛&lt;/row&gt;
          &lt;row&gt;⠠⠑⠀⠍⠀⠊⠀⠇⠀⠀⠀⠝⠀⠁⠀⠥⠀⠗⠀⠕⠀⠊⠄&lt;/row&gt;
          &lt;row&gt;⠀&lt;/row&gt;
          &lt;row&gt;⠀&lt;/row&gt;
          &lt;row&gt;⠤⠀⠀⠀⠠⠚⠀⠕⠀⠕⠂⠀⠀⠀⠎⠀⠑⠀⠓⠀⠜⠀⠝&lt;/row&gt;
          &lt;row&gt;⠀&lt;/row&gt;
          &lt;row&gt;⠕⠀⠇⠀⠊⠀⠀⠀⠧⠀⠊⠀⠊⠀⠍⠀⠑&lt;/row&gt;
          &lt;row&gt;⠀&lt;/row&gt;
          &lt;row&gt;⠅⠀⠑⠀⠎⠀⠜⠀⠝⠀⠜⠂⠀⠀⠀⠓⠀⠜⠀⠝&lt;/row&gt;
          &lt;row&gt;⠀&lt;/row&gt;
          &lt;row&gt;⠧⠀⠁⠀⠎⠀⠞⠀⠁⠀⠎⠀⠊⠄&lt;/row&gt;
          &lt;row&gt;⠀&lt;/row&gt;
          &lt;row&gt;⠀&lt;/row&gt;
          &lt;row&gt;⠤⠀⠀⠀⠠⠎⠀⠊⠀⠊⠀⠞⠀⠜⠀⠀⠀⠎⠀⠽⠀⠝⠀⠞⠀⠽⠀⠊&lt;/row&gt;
          &lt;row&gt;⠀&lt;/row&gt;
          &lt;row&gt;⠓⠀⠊⠀⠗⠀⠧⠀⠑⠀⠜⠀⠀⠀⠍⠀⠑⠀⠅⠀⠅⠀⠁⠀⠇⠀⠁⠄&lt;/row&gt;
          &lt;row&gt;⠀&lt;/row&gt;
          &lt;row&gt;⠠⠏⠀⠥⠀⠥⠀⠞⠀⠁⠀⠗⠀⠓⠀⠁⠀⠞⠀⠕⠀⠝⠀⠞⠀⠞⠀⠥⠤&lt;/row&gt;
          &lt;row&gt;⠀&lt;/row&gt;
          &lt;row&gt;⠚⠀⠁⠀⠀⠀⠅⠀⠁⠀⠞⠀⠕⠀⠎⠀⠊&lt;/row&gt;
          &lt;row&gt;⠀&lt;/row&gt;
          &lt;row&gt;⠏⠀⠊⠀⠓⠀⠕⠀⠊⠀⠇⠀⠞⠀⠁⠀⠀⠀⠚⠀⠕⠀⠅⠀⠁&lt;/row&gt;
          &lt;row&gt;⠀&lt;/row&gt;
          &lt;row&gt;⠏⠀⠥⠀⠕⠀⠇⠀⠑⠀⠇⠀⠇⠀⠁&lt;/row&gt;
          &lt;row&gt;⠀&lt;/row&gt;
          &lt;row&gt;⠠⠧⠀⠊⠀⠎⠀⠃⠀⠽⠀⠞⠀⠜⠄&lt;/row&gt;
          &lt;row/&gt;
        &lt;/page&gt;
        &lt;page&gt;
          &lt;row&gt;⠀⠀⠀⠀⠀⠀⠀⠀⠀⠀⠀⠀⠀⠀⠀⠀⠀⠀⠀⠀⠀⠀⠀⠀⠀⠀⠀⠼⠋⠓&lt;/row&gt;
          &lt;row&gt;⠠⠅⠀⠁⠀⠊⠀⠅⠀⠅⠀⠊⠀⠀⠀⠕⠀⠇⠀⠊⠀⠧⠀⠁⠀⠞&lt;/row&gt;
          &lt;row&gt;⠀&lt;/row&gt;
          &lt;row&gt;⠊⠀⠓⠀⠁⠀⠝⠀⠀⠀⠗⠀⠁⠀⠊⠀⠧⠀⠕⠀⠝⠀⠁⠄&lt;/row&gt;
          &lt;row&gt;⠀&lt;/row&gt;
          &lt;row&gt;⠀&lt;/row&gt;
          &lt;row&gt;⠤⠀⠀⠀⠠⠍⠀⠊⠀⠝⠀⠜⠀⠀⠀⠞⠀⠊⠀⠑⠀⠙⠀⠜⠀⠝⠂&lt;/row&gt;
          &lt;row&gt;⠀&lt;/row&gt;
          &lt;row&gt;⠅⠀⠥⠀⠅⠀⠁⠀⠀⠀⠝⠀⠑&lt;/row&gt;
          &lt;row&gt;⠀&lt;/row&gt;
          &lt;row&gt;⠧⠀⠁⠀⠗⠀⠁⠀⠎⠀⠞⠀⠊⠂⠀⠀⠀⠠⠥⠀⠃⠀⠃⠀⠑&lt;/row&gt;
          &lt;row&gt;⠀&lt;/row&gt;
          &lt;row&gt;⠅⠀⠑⠀⠗⠀⠞⠀⠕⠀⠊⠄&lt;/row&gt;
          &lt;row&gt;⠀&lt;/row&gt;
          &lt;row&gt;⠀&lt;/row&gt;
          &lt;row&gt;⠀&lt;/row&gt;
          &lt;row&gt;⠤⠀⠀⠀⠠⠎⠀⠑⠀⠀⠀⠕⠀⠇⠀⠊&lt;/row&gt;
          &lt;row&gt;⠀&lt;/row&gt;
          &lt;row&gt;⠠⠓⠀⠊⠀⠇⠀⠙⠀⠁⠂⠀⠀⠀⠓⠀⠜⠀⠝⠀⠀⠀⠕⠀⠇⠀⠊&lt;/row&gt;
          &lt;row&gt;⠀&lt;/row&gt;
          &lt;row&gt;⠝⠀⠜⠀⠓⠀⠝⠀⠽⠀⠞&lt;/row&gt;
          &lt;row&gt;⠀&lt;/row&gt;
          &lt;row&gt;⠞⠀⠑⠀⠇⠀⠅⠀⠅⠀⠁⠀⠗⠀⠊⠀⠎⠀⠎⠀⠁&lt;/row&gt;
          &lt;row&gt;⠀&lt;/row&gt;
          &lt;row&gt;⠕⠀⠓⠀⠚⠀⠑⠀⠇⠀⠍⠀⠁⠀⠝⠀⠀⠀⠏⠀⠥⠀⠥⠀⠤&lt;/row&gt;
          &lt;row&gt;⠀&lt;/row&gt;
          &lt;row&gt;⠞⠀⠁⠀⠗⠀⠓⠀⠁⠀⠞⠀⠕⠀⠝⠀⠞⠀⠞⠀⠥⠀⠚⠀⠑⠀⠝&lt;/row&gt;
        &lt;/page&gt;
        &lt;page&gt;
          &lt;row&gt;⠀⠀⠀⠀⠀⠀⠀⠀⠀⠀⠀⠀⠀⠀⠀⠀⠀⠀⠀⠀⠀⠀⠀⠀⠀⠀⠀⠼⠋⠊&lt;/row&gt;
          &lt;row&gt;⠧⠀⠁⠀⠏⠀⠁⠀⠥⠀⠞⠀⠥⠀⠎⠀⠤&lt;/row&gt;
          &lt;row&gt;⠀&lt;/row&gt;
          &lt;row&gt;⠁⠀⠗⠀⠍⠀⠑⠀⠊⠀⠚⠀⠁⠀⠎⠀⠞⠀⠁⠄&lt;/row&gt;
          &lt;row&gt;⠀&lt;/row&gt;
          &lt;row&gt;⠀&lt;/row&gt;
          &lt;row&gt;⠤⠀⠀⠀⠠⠕⠀⠇⠀⠑⠀⠞⠀⠅⠀⠕&lt;/row&gt;
          &lt;row&gt;⠀&lt;/row&gt;
          &lt;row&gt;⠧⠀⠁⠀⠗⠀⠍⠀⠁⠂⠀⠀⠀⠑⠀⠞⠀⠞⠀⠜⠀⠀⠀⠎⠀⠑&lt;/row&gt;
          &lt;row&gt;⠀&lt;/row&gt;
          &lt;row&gt;⠕⠀⠇⠀⠊⠀⠀⠀⠓⠀⠜⠀⠝⠢⠀⠀⠀⠅⠀⠽⠀⠎⠀⠽⠀⠊&lt;/row&gt;
          &lt;row&gt;⠀&lt;/row&gt;
          &lt;row&gt;⠠⠑⠀⠍⠀⠊⠀⠇⠄&lt;/row&gt;
          &lt;row&gt;⠀&lt;/row&gt;
          &lt;row&gt;⠠⠎⠀⠽⠀⠽⠀⠇⠀⠇⠀⠊⠀⠎⠀⠞⠀⠜⠀⠀⠀⠑⠀⠊&lt;/row&gt;
          &lt;row&gt;⠀&lt;/row&gt;
          &lt;row&gt;⠕⠀⠇⠀⠇⠀⠥⠀⠞⠀⠀⠀⠅⠀⠕⠀⠎⠀⠅⠀⠁⠀⠁⠀⠝&lt;/row&gt;
          &lt;row&gt;⠀&lt;/row&gt;
          &lt;row&gt;⠇⠀⠪⠀⠽⠀⠙⠀⠑⠀⠞⠀⠞⠀⠽⠄&lt;/row&gt;
          &lt;row&gt;⠀&lt;/row&gt;
          &lt;row&gt;⠠⠑⠀⠙⠀⠑⠀⠇⠀⠇⠀⠊⠀⠎⠀⠑⠀⠝⠀⠜&lt;/row&gt;
          &lt;row&gt;⠀&lt;/row&gt;
          &lt;row&gt;⠅⠀⠑⠀⠎⠀⠜⠀⠝⠀⠜⠀⠀⠀⠠⠑⠀⠍⠀⠊⠀⠇⠀⠀⠀⠑⠀⠊&lt;/row&gt;
          &lt;row&gt;⠀&lt;/row&gt;
          &lt;row&gt;⠕⠀⠇⠀⠇⠀⠥⠀⠞⠀⠀⠀⠧⠀⠊⠀⠑⠀⠇⠀⠜&lt;/row&gt;
          &lt;row&gt;⠀&lt;/row&gt;
          &lt;row&gt;⠏⠀⠑⠀⠗⠀⠥⠀⠎⠀⠞⠀⠁⠀⠝⠀⠥⠀⠞&lt;/row&gt;
        &lt;/page&gt;
        &lt;page&gt;
          &lt;row&gt;⠀⠀⠀⠀⠀⠀⠀⠀⠀⠀⠀⠀⠀⠀⠀⠀⠀⠀⠀⠀⠀⠀⠀⠀⠀⠀⠀⠼⠛⠚&lt;/row&gt;
          &lt;row&gt;⠑⠀⠞⠀⠎⠀⠊⠀⠧⠀⠜⠀⠤&lt;/row&gt;
          &lt;row&gt;⠀&lt;/row&gt;
          &lt;row&gt;⠞⠀⠕⠀⠊⠀⠍⠀⠊⠀⠎⠀⠞⠀⠕⠀⠁⠀⠁⠀⠝⠄&lt;/row&gt;
          &lt;row&gt;⠀&lt;/row&gt;
          &lt;row&gt;⠀&lt;/row&gt;
          &lt;row&gt;⠤⠀⠀⠀⠠⠓⠀⠜⠀⠝⠀⠀⠀⠕⠀⠇⠀⠊&lt;/row&gt;
          &lt;row&gt;⠀&lt;/row&gt;
          &lt;row&gt;⠏⠀⠊⠀⠊⠀⠇⠀⠕⠀⠞⠀⠞⠀⠁⠀⠝⠀⠥⠀⠞&lt;/row&gt;
          &lt;row&gt;⠀&lt;/row&gt;
          &lt;row&gt;⠞⠀⠕⠀⠝⠀⠞⠀⠥⠀⠞&lt;/row&gt;
          &lt;row&gt;⠀&lt;/row&gt;
          &lt;row&gt;⠠⠏⠀⠕⠀⠓⠀⠚⠀⠕⠀⠊⠀⠎⠀⠊⠀⠇⠀⠇⠀⠑&lt;/row&gt;
          &lt;row&gt;⠀&lt;/row&gt;
          &lt;row&gt;⠧⠀⠁⠀⠇⠀⠇⠀⠊⠀⠓⠀⠁⠀⠥⠀⠙⠀⠕⠀⠊⠀⠇⠀⠇⠀⠑⠂&lt;/row&gt;
          &lt;row&gt;⠀&lt;/row&gt;
          &lt;row&gt;⠚⠀⠕⠀⠞⠀⠞⠀⠁⠀⠀⠀⠝⠀⠑&lt;/row&gt;
          &lt;row&gt;⠀&lt;/row&gt;
          &lt;row&gt;⠎⠀⠁⠀⠊⠀⠧⠀⠁⠀⠞⠀⠀⠀⠞⠀⠁⠀⠧⠀⠁⠀⠞⠀⠁&lt;/row&gt;
          &lt;row&gt;⠀&lt;/row&gt;
          &lt;row&gt;⠞⠀⠕⠀⠊⠀⠎⠀⠊⠀⠁⠀⠁⠀⠝⠀⠀⠀⠚⠀⠁&lt;/row&gt;
          &lt;row&gt;⠀&lt;/row&gt;
          &lt;row&gt;⠚⠀⠥⠀⠓⠀⠇⠀⠊⠀⠁&lt;/row&gt;
          &lt;row&gt;⠀&lt;/row&gt;
          &lt;row&gt;⠽⠀⠓⠀⠙⠀⠑⠀⠎⠀⠎⠀⠜⠂⠀⠀⠀⠠⠥⠀⠃⠀⠃⠀⠑&lt;/row&gt;
          &lt;row&gt;⠀&lt;/row&gt;
          &lt;row&gt;⠎⠀⠁⠀⠝⠀⠕⠀⠊⠄&lt;/row&gt;
        &lt;/page&gt;
        &lt;page&gt;
          &lt;row&gt;⠀⠀⠀⠀⠀⠀⠀⠀⠀⠀⠀⠀⠀⠀⠀⠀⠀⠀⠀⠀⠀⠀⠀⠀⠀⠀⠀⠼⠛⠁&lt;/row&gt;
          &lt;row&gt;⠤⠀⠀⠀⠠⠝⠀⠑⠀⠀⠀⠝⠀⠜⠀⠽⠀⠞⠀⠞⠀⠊⠀⠧⠀⠜⠀⠞&lt;/row&gt;
          &lt;row&gt;⠀&lt;/row&gt;
          &lt;row&gt;⠅⠀⠥⠀⠥⠀⠇⠀⠑⠀⠍⠀⠍⠀⠁&lt;/row&gt;
          &lt;row&gt;⠀&lt;/row&gt;
          &lt;row&gt;⠝⠀⠊⠀⠊⠀⠝&lt;/row&gt;
          &lt;row&gt;⠀&lt;/row&gt;
          &lt;row&gt;⠽⠀⠅⠀⠎⠀⠊⠀⠝⠀⠜⠀⠊⠀⠎⠀⠊⠀⠇⠀⠞⠀⠜&lt;/row&gt;
          &lt;row&gt;⠀&lt;/row&gt;
          &lt;row&gt;⠏⠀⠊⠀⠓⠀⠕⠀⠊⠀⠇⠀⠇⠀⠁⠀⠁⠀⠝⠄&lt;/row&gt;
          &lt;row&gt;⠀&lt;/row&gt;
          &lt;row&gt;⠠⠅⠀⠜⠀⠎⠀⠅⠀⠊⠀⠝⠀⠀⠀⠓⠀⠜⠀⠝⠀⠑⠀⠝&lt;/row&gt;
          &lt;row&gt;⠀&lt;/row&gt;
          &lt;row&gt;⠏⠀⠁⠀⠇⠀⠁⠀⠥⠀⠞⠀⠞⠀⠁⠀⠁&lt;/row&gt;
          &lt;row&gt;⠀&lt;/row&gt;
          &lt;row&gt;⠞⠀⠕⠀⠝⠀⠞⠀⠥⠀⠞⠄&lt;/row&gt;
          &lt;row&gt;⠀&lt;/row&gt;
          &lt;row&gt;⠀&lt;/row&gt;
          &lt;row&gt;⠠⠥⠀⠃⠀⠃⠀⠑⠀⠀⠀⠊⠀⠎⠀⠅⠀⠊&lt;/row&gt;
          &lt;row&gt;⠀&lt;/row&gt;
          &lt;row&gt;⠎⠀⠊⠀⠇⠀⠍⠀⠜⠀⠜&lt;/row&gt;
          &lt;row&gt;⠀&lt;/row&gt;
          &lt;row&gt;⠠⠓⠀⠊⠀⠇⠀⠙⠀⠁⠀⠇⠀⠇⠀⠑⠂⠀⠀⠀⠚⠀⠕⠀⠅⠀⠁&lt;/row&gt;
          &lt;row&gt;⠀&lt;/row&gt;
          &lt;row&gt;⠧⠀⠁⠀⠎⠀⠞⠀⠁⠀⠎⠀⠊&lt;/row&gt;
          &lt;row&gt;⠀&lt;/row&gt;
          &lt;row&gt;⠎⠀⠊⠀⠇⠀⠍⠀⠜⠀⠝⠀⠊⠀⠎⠀⠅⠀⠥⠀⠥⠀⠝⠄&lt;/row&gt;
        &lt;/page&gt;
        &lt;page&gt;
          &lt;row&gt;⠀⠀⠀⠀⠀⠀⠀⠀⠀⠀⠀⠀⠀⠀⠀⠀⠀⠀⠀⠀⠀⠀⠀⠀⠀⠀⠀⠼⠛⠃&lt;/row&gt;
          &lt;row&gt;⠤⠀⠀⠀⠠⠓⠀⠊⠀⠇⠀⠙⠀⠁⠀⠝&lt;/row&gt;
          &lt;row&gt;⠀&lt;/row&gt;
          &lt;row&gt;⠍⠀⠊⠀⠑⠀⠇⠀⠑⠀⠎⠀⠞⠀⠜⠀⠀⠀⠑⠀⠊&lt;/row&gt;
          &lt;row&gt;⠀&lt;/row&gt;
          &lt;row&gt;⠕⠀⠇⠀⠑⠀⠀⠀⠝⠀⠊⠀⠊⠀⠝&lt;/row&gt;
          &lt;row&gt;⠀&lt;/row&gt;
          &lt;row&gt;⠝⠀⠥⠀⠥⠀⠅⠀⠁⠀⠁⠂⠀⠀⠀⠍⠀⠊⠀⠅⠀⠜&lt;/row&gt;
          &lt;row&gt;⠀&lt;/row&gt;
          &lt;row&gt;⠕⠀⠝⠀⠀⠀⠅⠀⠑⠀⠝⠀⠑⠀⠝⠀⠅⠀⠊⠀⠝&lt;/row&gt;
          &lt;row&gt;⠀&lt;/row&gt;
          &lt;row&gt;⠕⠀⠍⠀⠁⠀⠊⠀⠎⠀⠥⠀⠥⠀⠞⠀⠞⠀⠁⠂&lt;/row&gt;
          &lt;row&gt;⠀&lt;/row&gt;
          &lt;row&gt;⠠⠥⠀⠃⠀⠃⠀⠑⠀⠀⠀⠚⠀⠁⠀⠞⠀⠅⠀⠕⠀⠊⠄&lt;/row&gt;
          &lt;row&gt;⠀&lt;/row&gt;
          &lt;row&gt;⠤⠀⠀⠀⠠⠓⠀⠜⠀⠝⠀⠀⠀⠥⠀⠎⠀⠅⠀⠕⠀⠕⠂&lt;/row&gt;
          &lt;row&gt;⠀&lt;/row&gt;
          &lt;row&gt;⠑⠀⠞⠀⠞⠀⠜⠀⠀⠀⠅⠀⠁⠀⠊⠀⠅⠀⠅⠀⠊&lt;/row&gt;
          &lt;row&gt;⠀&lt;/row&gt;
          &lt;row&gt;⠑⠀⠎⠀⠊⠀⠝⠀⠑⠀⠑⠀⠞⠀⠀⠀⠕⠀⠧⠀⠁⠀⠞&lt;/row&gt;
          &lt;row&gt;⠀&lt;/row&gt;
          &lt;row&gt;⠞⠀⠕⠀⠙⠀⠑⠀⠇⠀⠇⠀⠊⠀⠎⠀⠥⠀⠥⠀⠙⠀⠑⠀⠎⠀⠤&lt;/row&gt;
          &lt;row&gt;⠀&lt;/row&gt;
          &lt;row&gt;⠎⠀⠁⠀⠀⠀⠑⠀⠇⠀⠜⠀⠧⠀⠊⠀⠜⠂⠀⠀⠀⠚⠀⠁&lt;/row&gt;
          &lt;row&gt;⠀&lt;/row&gt;
          &lt;row&gt;⠓⠀⠜⠀⠝⠀⠀⠀⠓⠀⠁⠀⠇⠀⠥⠀⠁⠀⠁⠂&lt;/row&gt;
          &lt;row/&gt;
        &lt;/page&gt;
        &lt;page&gt;
          &lt;row&gt;⠀⠀⠀⠀⠀⠀⠀⠀⠀⠀⠀⠀⠀⠀⠀⠀⠀⠀⠀⠀⠀⠀⠀⠀⠀⠀⠀⠼⠛⠉&lt;/row&gt;
          &lt;row&gt;⠑⠀⠞⠀⠞⠀⠜⠀⠀⠀⠝⠀⠑⠀⠀⠀⠎⠀⠁⠀⠁⠀⠧⠀⠁⠀⠞&lt;/row&gt;
          &lt;row&gt;⠀&lt;/row&gt;
          &lt;row&gt;⠏⠀⠜⠀⠜⠀⠞⠀⠞⠀⠜⠀⠜&lt;/row&gt;
          &lt;row&gt;⠀&lt;/row&gt;
          &lt;row&gt;⠕⠀⠍⠀⠊⠀⠎⠀⠞⠀⠁&lt;/row&gt;
          &lt;row&gt;⠀&lt;/row&gt;
          &lt;row&gt;⠁⠀⠎⠀⠊⠀⠕⠀⠊⠀⠎⠀⠞⠀⠁⠀⠁⠀⠝⠄&lt;/row&gt;
          &lt;row&gt;⠀&lt;/row&gt;
          &lt;row&gt;⠀&lt;/row&gt;
          &lt;row&gt;⠤⠀⠀⠀⠠⠑⠀⠊⠀⠀⠀⠞⠀⠥⠀⠕⠀⠀⠀⠕⠀⠇⠀⠑&lt;/row&gt;
          &lt;row&gt;⠀&lt;/row&gt;
          &lt;row&gt;⠑⠀⠗⠀⠊⠀⠞⠀⠽⠀⠊⠀⠎⠀⠑⠀⠝&lt;/row&gt;
          &lt;row&gt;⠀&lt;/row&gt;
          &lt;row&gt;⠕⠀⠥⠀⠞⠀⠕⠀⠁⠂&lt;/row&gt;
          &lt;row&gt;⠀&lt;/row&gt;
          &lt;row&gt;⠠⠎⠀⠕⠀⠅⠀⠗⠀⠁⠀⠞⠀⠑⠀⠎&lt;/row&gt;
          &lt;row&gt;⠀&lt;/row&gt;
          &lt;row&gt;⠎⠀⠁⠀⠝⠀⠕⠀⠊⠄&lt;/row&gt;
          &lt;row&gt;⠀&lt;/row&gt;
          &lt;row&gt;⠀&lt;/row&gt;
          &lt;row&gt;⠤⠀⠀⠀⠠⠍⠀⠑⠀⠊⠀⠙⠀⠜⠀⠝⠀⠀⠀⠊⠀⠎⠀⠜&lt;/row&gt;
          &lt;row&gt;⠀&lt;/row&gt;
          &lt;row&gt;⠏⠀⠥⠀⠓⠀⠥⠀⠥⠀⠀⠀⠥⠀⠎⠀⠑⠀⠊⠀⠝&lt;/row&gt;
          &lt;row&gt;⠀&lt;/row&gt;
          &lt;row&gt;⠁⠀⠥⠀⠞⠀⠕⠀⠇⠀⠇⠀⠑⠀⠀⠀⠅⠀⠥⠀⠊⠀⠝&lt;/row&gt;
          &lt;row/&gt;
        &lt;/page&gt;
        &lt;page&gt;
          &lt;row&gt;⠀⠀⠀⠀⠀⠀⠀⠀⠀⠀⠀⠀⠀⠀⠀⠀⠀⠀⠀⠀⠀⠀⠀⠀⠀⠀⠀⠼⠛⠙&lt;/row&gt;
          &lt;row&gt;⠎⠀⠑⠀⠀⠀⠕⠀⠇⠀⠊⠀⠎⠀⠊⠀⠀⠀⠑⠀⠇⠀⠜⠀⠧⠀⠜⠄&lt;/row&gt;
          &lt;row&gt;⠀&lt;/row&gt;
          &lt;row&gt;⠰⠠⠅⠀⠁⠀⠎⠀⠀⠀⠝⠀⠊⠀⠊⠀⠝⠂&lt;/row&gt;
          &lt;row&gt;⠀&lt;/row&gt;
          &lt;row&gt;⠗⠀⠕⠀⠍⠀⠥⠀⠅⠀⠁⠀⠎⠀⠁⠄&lt;/row&gt;
          &lt;row&gt;⠀&lt;/row&gt;
          &lt;row&gt;⠠⠎⠀⠞⠀⠁⠀⠗⠀⠞⠀⠞⠀⠁⠀⠁⠀⠓⠀⠁⠀⠝&lt;/row&gt;
          &lt;row&gt;⠀&lt;/row&gt;
          &lt;row&gt;⠝⠀⠽⠀⠞⠲⠰⠂⠀⠀⠀⠓⠀⠜⠀⠝⠀⠀⠀⠎⠀⠁⠀⠝⠀⠕⠀⠕&lt;/row&gt;
          &lt;row&gt;⠀&lt;/row&gt;
          &lt;row&gt;⠚⠀⠁⠀⠀⠀⠓⠀⠁⠀⠅⠀⠅⠀⠁⠀⠁&lt;/row&gt;
          &lt;row&gt;⠀&lt;/row&gt;
          &lt;row&gt;⠗⠀⠁⠀⠞⠀⠞⠀⠊⠀⠁⠄&lt;/row&gt;
          &lt;row&gt;⠀&lt;/row&gt;
          &lt;row&gt;⠀&lt;/row&gt;
          &lt;row&gt;⠤⠀⠀⠀⠠⠍⠀⠑⠀⠊⠀⠙⠀⠜⠀⠝⠀⠀⠀⠜⠀⠊⠀⠞⠀⠊&lt;/row&gt;
          &lt;row&gt;⠀&lt;/row&gt;
          &lt;row&gt;⠏⠀⠥⠀⠓⠀⠥⠀⠥⠀⠀⠀⠞⠀⠊⠀⠑⠀⠞⠀⠕⠀⠤&lt;/row&gt;
          &lt;row&gt;⠀&lt;/row&gt;
          &lt;row&gt;⠅⠀⠕⠀⠝⠀⠑⠀⠑⠀⠇⠀⠇⠀⠑⠂&lt;/row&gt;
          &lt;row&gt;⠀&lt;/row&gt;
          &lt;row&gt;⠠⠇⠀⠊⠀⠝⠀⠙⠀⠁&lt;/row&gt;
          &lt;row&gt;⠀&lt;/row&gt;
          &lt;row&gt;⠞⠀⠊⠀⠗⠀⠎⠀⠅⠀⠁⠀⠓⠀⠞⠀⠊⠄&lt;/row&gt;
          &lt;row&gt;⠀&lt;/row&gt;
          &lt;row/&gt;
        &lt;/page&gt;
        &lt;page&gt;
          &lt;row&gt;⠀⠀⠀⠀⠀⠀⠀⠀⠀⠀⠀⠀⠀⠀⠀⠀⠀⠀⠀⠀⠀⠀⠀⠀⠀⠀⠀⠼⠛⠑&lt;/row&gt;
          &lt;row&gt;⠤⠀⠀⠀⠰⠠⠅⠀⠽⠀⠇⠀⠇⠀⠜⠀⠏⠀⠜&lt;/row&gt;
          &lt;row&gt;⠀&lt;/row&gt;
          &lt;row&gt;⠎⠀⠊⠀⠝⠀⠜⠀⠀⠀⠝⠀⠽⠀⠞&lt;/row&gt;
          &lt;row&gt;⠀&lt;/row&gt;
          &lt;row&gt;⠓⠀⠊⠀⠙⠀⠁⠀⠎⠀⠞⠀⠑⠀⠇⠀⠑⠀⠞⠲&lt;/row&gt;
          &lt;row&gt;⠀&lt;/row&gt;
          &lt;row&gt;⠠⠑⠀⠊⠀⠓⠀⠜⠀⠝⠀⠀⠀⠞⠀⠜⠀⠎⠀⠞⠀⠜&lt;/row&gt;
          &lt;row&gt;⠀&lt;/row&gt;
          &lt;row&gt;⠞⠀⠥⠀⠇⠀⠑⠀⠀⠀⠽⠀⠓⠀⠞⠀⠜⠀⠜⠀⠝&lt;/row&gt;
          &lt;row&gt;⠀&lt;/row&gt;
          &lt;row&gt;⠍⠀⠊⠀⠞⠀⠜⠀⠜⠀⠝⠲⠀⠀⠀⠠⠏⠀⠽⠀⠎⠀⠞⠀⠽⠀⠞&lt;/row&gt;
          &lt;row&gt;⠀&lt;/row&gt;
          &lt;row&gt;⠅⠀⠽⠀⠇⠀⠇⠀⠜&lt;/row&gt;
          &lt;row&gt;⠀&lt;/row&gt;
          &lt;row&gt;⠏⠀⠁⠀⠗⠀⠑⠀⠍⠀⠏⠀⠁⠀⠁⠀⠝⠄&lt;/row&gt;
          &lt;row&gt;⠀&lt;/row&gt;
          &lt;row&gt;⠠⠝⠀⠕⠀⠊⠀⠝⠲⠀⠀⠀⠠⠝⠀⠕⠀⠊⠀⠝⠲&lt;/row&gt;
          &lt;row&gt;⠀&lt;/row&gt;
          &lt;row&gt;⠠⠏⠀⠽⠀⠎⠀⠞⠀⠽⠀⠞⠀⠀⠀⠅⠀⠽⠀⠇⠀⠇⠀⠜⠂&lt;/row&gt;
          &lt;row&gt;⠀&lt;/row&gt;
          &lt;row&gt;⠚⠀⠕⠀⠎⠀⠀⠀⠧⠀⠁⠀⠊⠀⠝&lt;/row&gt;
          &lt;row&gt;⠀&lt;/row&gt;
          &lt;row&gt;⠓⠀⠁⠀⠇⠀⠥⠀⠁⠀⠞⠲⠰&lt;/row&gt;
          &lt;row&gt;⠀&lt;/row&gt;
          &lt;row&gt;⠀&lt;/row&gt;
          &lt;row/&gt;
        &lt;/page&gt;
        &lt;page&gt;
          &lt;row&gt;⠀⠀⠀⠀⠀⠀⠀⠀⠀⠀⠀⠀⠀⠀⠀⠀⠀⠀⠀⠀⠀⠀⠀⠀⠀⠀⠀⠼⠛⠋&lt;/row&gt;
          &lt;row&gt;⠤⠀⠀⠀⠠⠅⠀⠁⠀⠞⠀⠎⠀⠕⠀⠅⠀⠁⠀⠁⠂&lt;/row&gt;
          &lt;row&gt;⠀&lt;/row&gt;
          &lt;row&gt;⠠⠗⠀⠜⠀⠽⠀⠓⠀⠜⠀⠍⠀⠜⠀⠑⠀⠝&lt;/row&gt;
          &lt;row&gt;⠀&lt;/row&gt;
          &lt;row&gt;⠧⠀⠑⠀⠇⠀⠚⠀⠑⠀⠅⠀⠎⠀⠑⠀⠞&lt;/row&gt;
          &lt;row&gt;⠀&lt;/row&gt;
          &lt;row&gt;⠎⠀⠑⠀⠊⠀⠎⠀⠕⠀⠧⠀⠁⠀⠞&lt;/row&gt;
          &lt;row&gt;⠀&lt;/row&gt;
          &lt;row&gt;⠅⠀⠕⠀⠥⠀⠇⠀⠥⠀⠝&lt;/row&gt;
          &lt;row&gt;⠀&lt;/row&gt;
          &lt;row&gt;⠏⠀⠕⠀⠗⠀⠞⠀⠊⠀⠇⠀⠇⠀⠁⠂&lt;/row&gt;
          &lt;row&gt;⠀&lt;/row&gt;
          &lt;row&gt;⠠⠎⠀⠕⠀⠅⠀⠗⠀⠁⠀⠞⠀⠑⠀⠎&lt;/row&gt;
          &lt;row&gt;⠀&lt;/row&gt;
          &lt;row&gt;⠎⠀⠁⠀⠝⠀⠕⠀⠊⠄⠀⠀⠀⠤⠀⠀⠀⠠⠍⠀⠊⠀⠞⠀⠜&lt;/row&gt;
          &lt;row&gt;⠀&lt;/row&gt;
          &lt;row&gt;⠍⠀⠑⠀⠀⠀⠝⠀⠽⠀⠞⠀⠀⠀⠞⠀⠑⠀⠑⠀⠍⠀⠍⠀⠑⠢&lt;/row&gt;
          &lt;row&gt;⠀&lt;/row&gt;
          &lt;row&gt;⠠⠗⠀⠕⠀⠛⠀⠑⠀⠗⠀⠀⠀⠕⠀⠇⠀⠊&lt;/row&gt;
          &lt;row&gt;⠀&lt;/row&gt;
          &lt;row&gt;⠍⠀⠕⠀⠝⠀⠞⠀⠁⠀⠀⠀⠅⠀⠑⠀⠗⠀⠞⠀⠁⠀⠁&lt;/row&gt;
          &lt;row&gt;⠀&lt;/row&gt;
          &lt;row&gt;⠥⠀⠓⠀⠁⠀⠝⠀⠝⠀⠥⠀⠞&lt;/row&gt;
          &lt;row&gt;⠀&lt;/row&gt;
          &lt;row&gt;⠞⠀⠽⠀⠪⠀⠝⠀⠞⠀⠜⠀⠜&lt;/row&gt;
          &lt;row/&gt;
        &lt;/page&gt;
        &lt;page&gt;
          &lt;row&gt;⠀⠀⠀⠀⠀⠀⠀⠀⠀⠀⠀⠀⠀⠀⠀⠀⠀⠀⠀⠀⠀⠀⠀⠀⠀⠀⠀⠼⠛⠛&lt;/row&gt;
          &lt;row&gt;⠞⠀⠥⠀⠅⠀⠊⠀⠅⠀⠁⠀⠥⠀⠇⠀⠥⠀⠅⠀⠎⠀⠑⠀⠝&lt;/row&gt;
          &lt;row&gt;⠀&lt;/row&gt;
          &lt;row&gt;⠠⠎⠀⠕⠀⠅⠀⠗⠀⠁⠀⠞⠀⠑⠀⠅⠀⠎⠀⠑⠀⠝&lt;/row&gt;
          &lt;row&gt;⠀&lt;/row&gt;
          &lt;row&gt;⠅⠀⠥⠀⠗⠀⠅⠀⠥⠀⠎⠀⠞⠀⠁⠀⠀⠀⠁⠀⠇⠀⠁⠀⠎⠄&lt;/row&gt;
          &lt;row&gt;⠀&lt;/row&gt;
          &lt;row&gt;⠠⠚⠀⠁⠀⠀⠀⠅⠀⠑⠀⠗⠀⠗⠀⠁⠀⠝&lt;/row&gt;
          &lt;row&gt;⠀&lt;/row&gt;
          &lt;row&gt;⠠⠎⠀⠕⠀⠅⠀⠗⠀⠁⠀⠞⠀⠑⠀⠅⠀⠎⠀⠑⠀⠝&lt;/row&gt;
          &lt;row&gt;⠀&lt;/row&gt;
          &lt;row&gt;⠁⠀⠚⠀⠁⠀⠑⠀⠎⠀⠎⠀⠁&lt;/row&gt;
          &lt;row&gt;⠀&lt;/row&gt;
          &lt;row&gt;⠏⠀⠽⠀⠪⠀⠗⠀⠜⠀⠇⠀⠇⠀⠜⠀⠀⠀⠠⠗⠀⠕⠀⠛⠀⠑⠀⠗&lt;/row&gt;
          &lt;row&gt;⠀&lt;/row&gt;
          &lt;row&gt;⠕⠀⠇⠀⠊⠀⠀⠀⠞⠀⠪⠀⠝⠀⠜⠀⠊⠀⠎⠀⠎⠀⠽⠀⠞&lt;/row&gt;
          &lt;row&gt;⠀&lt;/row&gt;
          &lt;row&gt;⠓⠀⠜⠀⠝⠀⠞⠀⠜⠀⠀⠀⠝⠀⠊⠀⠊⠀⠝&lt;/row&gt;
          &lt;row&gt;⠀&lt;/row&gt;
          &lt;row&gt;⠑⠀⠞⠀⠞⠀⠜⠀⠀⠀⠓⠀⠜⠀⠝⠀⠀⠀⠕⠀⠇⠀⠊&lt;/row&gt;
          &lt;row&gt;⠀&lt;/row&gt;
          &lt;row&gt;⠅⠀⠁⠀⠁⠀⠞⠀⠥⠀⠝⠀⠥⠀⠞⠄&lt;/row&gt;
          &lt;row&gt;⠀&lt;/row&gt;
          &lt;row&gt;⠀&lt;/row&gt;
          &lt;row&gt;⠀&lt;/row&gt;
          &lt;row&gt;⠀&lt;/row&gt;
          &lt;row/&gt;
        &lt;/page&gt;
        &lt;page&gt;
          &lt;row&gt;⠀⠀⠀⠀⠀⠀⠀⠀⠀⠀⠀⠀⠀⠀⠀⠀⠀⠀⠀⠀⠀⠀⠀⠀⠀⠀⠀⠼⠛⠓&lt;/row&gt;
          &lt;row&gt;⠤⠀⠀⠀⠠⠍⠀⠑⠀⠝⠀⠝⠀⠜⠀⠜⠀⠝&lt;/row&gt;
          &lt;row&gt;⠀&lt;/row&gt;
          &lt;row&gt;⠞⠀⠁⠀⠅⠀⠁⠀⠅⠀⠁⠀⠥⠀⠞⠀⠞⠀⠁⠲&lt;/row&gt;
          &lt;row&gt;⠀&lt;/row&gt;
          &lt;row&gt;⠠⠥⠀⠃⠀⠃⠀⠑⠀⠀⠀⠅⠀⠑⠀⠅⠀⠎⠀⠊⠄&lt;/row&gt;
          &lt;row&gt;⠀&lt;/row&gt;
          &lt;row&gt;⠀&lt;/row&gt;
          &lt;row&gt;⠀&lt;/row&gt;
          &lt;row&gt;⠀&lt;/row&gt;
          &lt;row&gt;⠀&lt;/row&gt;
          &lt;row&gt;⠀&lt;/row&gt;
          &lt;row&gt;⠀&lt;/row&gt;
          &lt;row&gt;⠀&lt;/row&gt;
          &lt;row&gt;⠀&lt;/row&gt;
          &lt;row&gt;⠀&lt;/row&gt;
          &lt;row&gt;⠀&lt;/row&gt;
          &lt;row&gt;⠀&lt;/row&gt;
          &lt;row&gt;⠀&lt;/row&gt;
          &lt;row&gt;⠀&lt;/row&gt;
          &lt;row&gt;⠀&lt;/row&gt;
          &lt;row&gt;⠀&lt;/row&gt;
          &lt;row&gt;⠀&lt;/row&gt;
          &lt;row&gt;⠀&lt;/row&gt;
          &lt;row&gt;⠀&lt;/row&gt;
          &lt;row&gt;⠀&lt;/row&gt;
          &lt;row/&gt;
        &lt;/page&gt;
        &lt;page&gt;
          &lt;row&gt;⠀⠀⠀⠀⠀⠀⠀⠀⠀⠀⠀⠀⠀⠀⠀⠀⠀⠀⠀⠀⠀⠀⠀⠀⠀⠀⠀⠼⠛⠊&lt;/row&gt;
          &lt;row&gt;⠼⠉⠄⠀⠀⠀⠠⠇⠀⠥⠀⠅⠀⠥&lt;/row&gt;
          &lt;row&gt;⠀&lt;/row&gt;
          &lt;row&gt;⠀&lt;/row&gt;
          &lt;row&gt;⠀&lt;/row&gt;
          &lt;row&gt;⠤⠀⠀⠀⠠⠞⠀⠜⠀⠝⠀⠜⠀⠜⠀⠝&lt;/row&gt;
          &lt;row&gt;⠀&lt;/row&gt;
          &lt;row&gt;⠅⠀⠊⠀⠗⠀⠚⠀⠕⠀⠊⠀⠞⠀⠑⠀⠞⠀⠁⠀⠁⠀⠝&lt;/row&gt;
          &lt;row&gt;⠀&lt;/row&gt;
          &lt;row&gt;⠁⠀⠊⠀⠝⠀⠑⠂⠀⠀⠀⠠⠍⠀⠜⠀⠗⠀⠞⠀⠁⠀⠤&lt;/row&gt;
          &lt;row&gt;⠀&lt;/row&gt;
          &lt;row&gt;⠕⠀⠏⠀⠑⠀⠞⠀⠞⠀⠁⠀⠚⠀⠁⠀⠀⠀⠎⠀⠁⠀⠝⠀⠕⠀⠊⠂&lt;/row&gt;
          &lt;row&gt;⠀&lt;/row&gt;
          &lt;row&gt;⠅⠀⠥⠀⠝⠀⠀⠀⠅⠀⠁⠀⠊⠀⠅⠀⠅⠀⠊&lt;/row&gt;
          &lt;row&gt;⠀&lt;/row&gt;
          &lt;row&gt;⠇⠀⠁⠀⠏⠀⠎⠀⠑⠀⠞⠀⠀⠀⠕⠀⠇⠀⠊⠀⠧⠀⠁⠀⠞&lt;/row&gt;
          &lt;row&gt;⠀&lt;/row&gt;
          &lt;row&gt;⠅⠀⠕⠀⠅⠀⠕⠀⠕⠀⠝⠀⠞⠀⠥⠀⠝⠀⠑⠀⠑⠀⠞&lt;/row&gt;
          &lt;row&gt;⠀&lt;/row&gt;
          &lt;row&gt;⠇⠀⠥⠀⠕⠀⠅⠀⠅⠀⠁⠀⠁⠀⠝⠄&lt;/row&gt;
          &lt;row&gt;⠀&lt;/row&gt;
          &lt;row&gt;⠤⠀⠀⠀⠠⠏⠀⠕⠀⠅⠀⠅⠀⠥⠀⠅⠀⠎⠀⠑⠀⠝&lt;/row&gt;
          &lt;row&gt;⠀&lt;/row&gt;
          &lt;row&gt;⠑⠀⠎⠀⠊⠀⠞⠀⠽⠀⠎⠀⠀⠀⠕⠀⠇⠀⠊&lt;/row&gt;
          &lt;row&gt;⠀&lt;/row&gt;
          &lt;row&gt;⠍⠀⠁⠀⠓⠀⠞⠀⠁⠀⠧⠀⠁⠄&lt;/row&gt;
          &lt;row/&gt;
        &lt;/page&gt;
        &lt;page&gt;
          &lt;row&gt;⠀⠀⠀⠀⠀⠀⠀⠀⠀⠀⠀⠀⠀⠀⠀⠀⠀⠀⠀⠀⠀⠀⠀⠀⠀⠀⠀⠼⠓⠚&lt;/row&gt;
          &lt;row&gt;⠠⠎⠀⠊⠀⠅⠀⠎⠀⠊&lt;/row&gt;
          &lt;row&gt;⠀&lt;/row&gt;
          &lt;row&gt;⠁⠀⠚⠀⠁⠀⠞⠀⠞⠀⠑⠀⠇⠀⠊⠀⠝⠀⠀⠀⠑⠀⠞⠀⠞⠀⠜&lt;/row&gt;
          &lt;row&gt;⠀&lt;/row&gt;
          &lt;row&gt;⠁⠀⠊⠀⠝⠀⠑⠀⠑⠀⠝⠀⠀⠀⠕⠀⠞⠀⠎⠀⠊⠀⠅⠀⠅⠀⠕&lt;/row&gt;
          &lt;row&gt;⠀&lt;/row&gt;
          &lt;row&gt;⠕⠀⠇⠀⠊⠀⠎⠀⠊⠀⠀⠀⠠⠑⠀⠇⠀⠜⠀⠍⠀⠜⠀⠝⠀⠊&lt;/row&gt;
          &lt;row&gt;⠀&lt;/row&gt;
          &lt;row&gt;⠞⠀⠁⠀⠊⠀⠅⠀⠥⠀⠗⠀⠊⠀⠝⠀⠁⠄&lt;/row&gt;
          &lt;row&gt;⠀&lt;/row&gt;
          &lt;row&gt;⠀&lt;/row&gt;
          &lt;row&gt;⠤⠀⠀⠀⠠⠓⠀⠁⠀⠥⠀⠎⠀⠅⠀⠁⠀⠁⠲&lt;/row&gt;
          &lt;row&gt;⠀&lt;/row&gt;
          &lt;row&gt;⠠⠁⠀⠇⠀⠧⠀⠁⠀⠀⠀⠓⠀⠥⠀⠥⠀⠙⠀⠁⠀⠓⠀⠞⠀⠊⠄&lt;/row&gt;
          &lt;row&gt;⠀&lt;/row&gt;
          &lt;row&gt;⠀&lt;/row&gt;
          &lt;row&gt;⠤⠀⠀⠀⠠⠓⠀⠕⠀⠅⠀⠅⠀⠥⠀⠎&lt;/row&gt;
          &lt;row&gt;⠀&lt;/row&gt;
          &lt;row&gt;⠏⠀⠕⠀⠅⠀⠅⠀⠥⠀⠎&lt;/row&gt;
          &lt;row&gt;⠀&lt;/row&gt;
          &lt;row&gt;⠊⠀⠙⠀⠊⠀⠕⠀⠅⠀⠅⠀⠥⠀⠎⠂&lt;/row&gt;
          &lt;row&gt;⠀&lt;/row&gt;
          &lt;row&gt;⠠⠗⠀⠥⠀⠙⠀⠕⠀⠇⠀⠋⠀⠀⠀⠓⠀⠥⠀⠕⠀⠅⠀⠁⠀⠎⠀⠊&lt;/row&gt;
          &lt;row&gt;⠀&lt;/row&gt;
          &lt;row&gt;⠜⠀⠜⠀⠝⠀⠑⠀⠅⠀⠅⠀⠜⠀⠜⠀⠎⠀⠞⠀⠊⠄&lt;/row&gt;
          &lt;row/&gt;
        &lt;/page&gt;
        &lt;page&gt;
          &lt;row&gt;⠀⠀⠀⠀⠀⠀⠀⠀⠀⠀⠀⠀⠀⠀⠀⠀⠀⠀⠀⠀⠀⠀⠀⠀⠀⠀⠀⠼⠓⠁&lt;/row&gt;
          &lt;row&gt;⠤⠀⠀⠀⠠⠕⠀⠝⠀⠅⠀⠕⠀⠀⠀⠏⠀⠁⠀⠅⠀⠅⠀⠕⠢&lt;/row&gt;
          &lt;row&gt;⠀&lt;/row&gt;
          &lt;row&gt;⠀&lt;/row&gt;
          &lt;row&gt;⠤⠀⠀⠀⠠⠕⠀⠝⠂⠀⠀⠀⠠⠍⠀⠜⠀⠗⠀⠞⠀⠁&lt;/row&gt;
          &lt;row&gt;⠀&lt;/row&gt;
          &lt;row&gt;⠎⠀⠁⠀⠝⠀⠕⠀⠊⠄⠀⠀⠀⠤&lt;/row&gt;
          &lt;row&gt;⠀&lt;/row&gt;
          &lt;row&gt;⠠⠅⠀⠁⠀⠊⠀⠅⠀⠅⠀⠊&lt;/row&gt;
          &lt;row&gt;⠀&lt;/row&gt;
          &lt;row&gt;⠅⠀⠊⠀⠗⠀⠚⠀⠕⠀⠊⠀⠞⠀⠞⠀⠁⠀⠧⠀⠁⠀⠞⠂&lt;/row&gt;
          &lt;row&gt;⠀&lt;/row&gt;
          &lt;row&gt;⠚⠀⠁⠀⠀⠀⠁⠀⠚⠀⠁⠀⠞⠀⠞⠀⠑⠀⠇⠀⠊⠀⠝⠂&lt;/row&gt;
          &lt;row&gt;⠀&lt;/row&gt;
          &lt;row&gt;⠑⠀⠞⠀⠞⠀⠜⠀⠀⠀⠎⠀⠊⠀⠞⠀⠞⠀⠑⠀⠝&lt;/row&gt;
          &lt;row&gt;⠀&lt;/row&gt;
          &lt;row&gt;⠧⠀⠕⠀⠊⠀⠞⠀⠞⠀⠑⠀⠀⠀⠇⠀⠥⠀⠅⠀⠑⠀⠁&lt;/row&gt;
          &lt;row&gt;⠀&lt;/row&gt;
          &lt;row&gt;⠞⠀⠁⠀⠗⠀⠊⠀⠝⠀⠁⠀⠞⠀⠀⠀⠜⠀⠜⠀⠝⠀⠑⠀⠑⠀⠝&lt;/row&gt;
          &lt;row&gt;⠀&lt;/row&gt;
          &lt;row&gt;⠞⠀⠕⠀⠊⠀⠎⠀⠊⠀⠇⠀⠇⠀⠑⠀⠝⠀⠝⠀⠑&lt;/row&gt;
          &lt;row&gt;⠀&lt;/row&gt;
          &lt;row&gt;⠏⠀⠊⠀⠑⠀⠝⠀⠗⠀⠽⠀⠓⠀⠍⠀⠊⠀⠎⠀⠎⠀⠜⠄&lt;/row&gt;
          &lt;row&gt;⠀&lt;/row&gt;
          &lt;row&gt;⠀&lt;/row&gt;
          &lt;row&gt;⠀&lt;/row&gt;
          &lt;row/&gt;
        &lt;/page&gt;
        &lt;page&gt;
          &lt;row&gt;⠀⠀⠀⠀⠀⠀⠀⠀⠀⠀⠀⠀⠀⠀⠀⠀⠀⠀⠀⠀⠀⠀⠀⠀⠀⠀⠀⠼⠓⠃&lt;/row&gt;
          &lt;row&gt;⠤⠀⠀⠀⠠⠚⠀⠕⠀⠎⠀⠀⠀⠕⠀⠇⠀⠊⠀⠎⠀⠊⠀⠝&lt;/row&gt;
          &lt;row&gt;⠀&lt;/row&gt;
          &lt;row&gt;⠞⠀⠁⠀⠊⠀⠅⠀⠥⠀⠗⠀⠊⠂⠀⠀⠀⠑⠀⠝&lt;/row&gt;
          &lt;row&gt;⠀&lt;/row&gt;
          &lt;row&gt;⠏⠀⠊⠀⠞⠀⠜⠀⠊⠀⠎⠀⠊⠀⠀⠀⠞⠀⠁⠀⠊⠀⠅⠀⠁⠀⠤&lt;/row&gt;
          &lt;row&gt;⠀&lt;/row&gt;
          &lt;row&gt;⠑⠀⠎⠀⠊⠀⠞⠀⠽⠀⠅⠀⠎⠀⠊⠀⠜⠂&lt;/row&gt;
          &lt;row&gt;⠀&lt;/row&gt;
          &lt;row&gt;⠎⠀⠁⠀⠝⠀⠕⠀⠊⠀⠀⠀⠠⠗⠀⠥⠀⠙⠀⠕⠀⠇⠀⠋⠄&lt;/row&gt;
          &lt;row&gt;⠀&lt;/row&gt;
          &lt;row&gt;⠤⠀⠀⠀⠠⠧⠀⠁⠀⠗⠀⠁⠀⠎⠀⠞⠀⠁⠀⠊⠀⠎⠀⠊⠀⠝&lt;/row&gt;
          &lt;row&gt;⠀&lt;/row&gt;
          &lt;row&gt;⠅⠀⠁⠀⠊⠀⠅⠀⠅⠀⠊⠀⠑⠀⠝⠀⠀⠀⠗⠀⠁⠀⠓⠀⠁⠀⠞⠄&lt;/row&gt;
          &lt;row&gt;⠀&lt;/row&gt;
          &lt;row&gt;⠀&lt;/row&gt;
          &lt;row&gt;⠠⠇⠀⠕⠀⠊⠀⠓⠀⠞⠀⠊⠀⠎⠀⠊⠀⠝⠀⠀⠀⠝⠀⠑&lt;/row&gt;
          &lt;row&gt;⠀&lt;/row&gt;
          &lt;row&gt;⠕⠀⠍⠀⠊⠀⠊⠀⠝&lt;/row&gt;
          &lt;row&gt;⠀&lt;/row&gt;
          &lt;row&gt;⠞⠀⠁⠀⠎⠀⠅⠀⠥⠀⠊⠀⠓⠀⠊⠀⠝⠀⠊⠄&lt;/row&gt;
          &lt;row&gt;⠀&lt;/row&gt;
          &lt;row&gt;⠠⠓⠀⠁⠀⠓⠀⠁⠄&lt;/row&gt;
          &lt;row&gt;⠀&lt;/row&gt;
          &lt;row&gt;⠀&lt;/row&gt;
          &lt;row&gt;⠀&lt;/row&gt;
          &lt;row/&gt;
        &lt;/page&gt;
        &lt;page&gt;
          &lt;row&gt;⠀⠀⠀⠀⠀⠀⠀⠀⠀⠀⠀⠀⠀⠀⠀⠀⠀⠀⠀⠀⠀⠀⠀⠀⠀⠀⠀⠼⠓⠉&lt;/row&gt;
          &lt;row&gt;⠤⠀⠀⠀⠠⠎⠀⠊⠀⠊⠀⠞⠀⠜⠀⠀⠀⠞⠀⠥⠀⠇⠀⠑⠀⠑&lt;/row&gt;
          &lt;row&gt;⠀&lt;/row&gt;
          &lt;row&gt;⠧⠀⠁⠀⠗⠀⠍⠀⠁⠀⠎⠀⠞⠀⠊⠀⠀⠀⠓⠀⠊⠀⠑⠀⠝⠀⠕&lt;/row&gt;
          &lt;row&gt;⠀&lt;/row&gt;
          &lt;row&gt;⠞⠀⠁⠀⠗⠀⠊⠀⠝⠀⠁⠂&lt;/row&gt;
          &lt;row&gt;⠀&lt;/row&gt;
          &lt;row&gt;⠠⠍⠀⠜⠀⠗⠀⠞⠀⠁⠀⠕⠀⠏⠀⠑⠀⠞⠀⠞⠀⠁⠀⠚⠀⠁&lt;/row&gt;
          &lt;row&gt;⠀&lt;/row&gt;
          &lt;row&gt;⠎⠀⠁⠀⠝⠀⠕⠀⠊⠄⠀⠀⠀⠤⠀⠀⠀⠠⠞⠀⠜⠀⠎⠀⠎⠀⠜&lt;/row&gt;
          &lt;row&gt;⠀&lt;/row&gt;
          &lt;row&gt;⠕⠀⠝⠀⠀⠀⠎⠀⠊⠀⠝⠀⠥⠀⠇⠀⠇⠀⠑&lt;/row&gt;
          &lt;row&gt;⠀&lt;/row&gt;
          &lt;row&gt;⠏⠀⠁⠀⠏⠀⠑⠀⠗⠀⠊⠀⠁⠀⠀⠀⠚⠀⠁&lt;/row&gt;
          &lt;row&gt;⠀&lt;/row&gt;
          &lt;row&gt;⠅⠀⠽⠀⠝⠀⠜⠄⠀⠀⠀⠠⠕⠀⠇⠀⠑⠀⠀⠀⠓⠀⠽⠀⠧⠀⠜⠲&lt;/row&gt;
          &lt;row&gt;⠀&lt;/row&gt;
          &lt;row&gt;⠀&lt;/row&gt;
          &lt;row&gt;⠠⠑⠀⠍⠀⠊⠀⠇⠀⠀⠀⠅⠀⠁⠀⠞⠀⠎⠀⠕⠀⠊&lt;/row&gt;
          &lt;row&gt;⠀&lt;/row&gt;
          &lt;row&gt;⠧⠀⠁⠀⠊⠀⠧⠀⠊⠀⠓⠀⠅⠀⠁⠀⠁&lt;/row&gt;
          &lt;row&gt;⠀&lt;/row&gt;
          &lt;row&gt;⠠⠁⠀⠇⠀⠧⠀⠁⠀⠁⠂⠀⠀⠀⠚⠀⠁⠀⠀⠀⠠⠁⠀⠇⠀⠧⠀⠁&lt;/row&gt;
          &lt;row&gt;⠀&lt;/row&gt;
          &lt;row&gt;⠧⠀⠁⠀⠎⠀⠞⠀⠁⠀⠎⠀⠊&lt;/row&gt;
          &lt;row&gt;⠀&lt;/row&gt;
          &lt;row&gt;⠅⠀⠁⠀⠞⠀⠎⠀⠑⠀⠑⠀⠎⠀⠑⠀⠑⠀⠝⠄&lt;/row&gt;
        &lt;/page&gt;
        &lt;page&gt;
          &lt;row&gt;⠀⠀⠀⠀⠀⠀⠀⠀⠀⠀⠀⠀⠀⠀⠀⠀⠀⠀⠀⠀⠀⠀⠀⠀⠀⠀⠀⠼⠓⠙&lt;/row&gt;
          &lt;row&gt;⠠⠞⠀⠥⠀⠝⠀⠞⠀⠥⠀⠊&lt;/row&gt;
          &lt;row&gt;⠀&lt;/row&gt;
          &lt;row&gt;⠇⠀⠜⠀⠍⠀⠏⠀⠊⠀⠍⠀⠜⠀⠇⠀⠞⠀⠜⠀⠀⠀⠚⠀⠁&lt;/row&gt;
          &lt;row&gt;⠀&lt;/row&gt;
          &lt;row&gt;⠅⠀⠥⠀⠞⠀⠅⠀⠥⠀⠞⠀⠞⠀⠁⠀⠧⠀⠁⠀⠇⠀⠞⠀⠁⠂&lt;/row&gt;
          &lt;row&gt;⠀&lt;/row&gt;
          &lt;row&gt;⠅⠀⠥⠀⠝⠀⠀⠀⠠⠁⠀⠇⠀⠧⠀⠁&lt;/row&gt;
          &lt;row&gt;⠀&lt;/row&gt;
          &lt;row&gt;⠓⠀⠽⠀⠍⠀⠽⠀⠊⠀⠇⠀⠊&lt;/row&gt;
          &lt;row&gt;⠀&lt;/row&gt;
          &lt;row&gt;⠓⠀⠜⠀⠝⠀⠑⠀⠇⠀⠇⠀⠑⠄&lt;/row&gt;
          &lt;row&gt;⠀&lt;/row&gt;
          &lt;row&gt;⠀&lt;/row&gt;
          &lt;row&gt;⠤⠀⠀⠀⠠⠚⠀⠕⠀⠎⠀⠀⠀⠍⠀⠊⠀⠝⠀⠜&lt;/row&gt;
          &lt;row&gt;⠀&lt;/row&gt;
          &lt;row&gt;⠕⠀⠇⠀⠊⠀⠎⠀⠊⠀⠝⠀⠀⠀⠞⠀⠁⠀⠊⠀⠅⠀⠥⠀⠗⠀⠊⠂&lt;/row&gt;
          &lt;row&gt;⠀&lt;/row&gt;
          &lt;row&gt;⠞⠀⠥⠀⠇⠀⠊⠀⠎⠀⠊⠀⠝&lt;/row&gt;
          &lt;row&gt;⠀&lt;/row&gt;
          &lt;row&gt;⠗⠀⠊⠀⠅⠀⠅⠀⠁⠀⠁⠀⠅⠀⠎⠀⠊⠀⠀⠀⠚⠀⠁&lt;/row&gt;
          &lt;row&gt;⠀&lt;/row&gt;
          &lt;row&gt;⠅⠀⠥⠀⠥⠀⠇⠀⠥⠀⠊⠀⠎⠀⠁⠀⠅⠀⠎⠀⠊⠂&lt;/row&gt;
          &lt;row&gt;⠀&lt;/row&gt;
          &lt;row&gt;⠠⠥⠀⠃⠀⠃⠀⠑⠀⠀⠀⠎⠀⠁⠀⠝⠀⠕⠀⠊⠄&lt;/row&gt;
          &lt;row&gt;⠀&lt;/row&gt;
          &lt;row/&gt;
        &lt;/page&gt;
        &lt;page&gt;
          &lt;row&gt;⠀⠀⠀⠀⠀⠀⠀⠀⠀⠀⠀⠀⠀⠀⠀⠀⠀⠀⠀⠀⠀⠀⠀⠀⠀⠀⠀⠼⠓⠑&lt;/row&gt;
          &lt;row&gt;⠤⠀⠀⠀⠠⠞⠀⠊⠀⠑⠀⠝⠀⠁⠀⠊⠀⠎⠀⠊⠀⠝&lt;/row&gt;
          &lt;row&gt;⠀&lt;/row&gt;
          &lt;row&gt;⠧⠀⠁⠀⠇⠀⠞⠀⠁⠀⠧⠀⠁⠀⠎⠀⠞⠀⠊&lt;/row&gt;
          &lt;row&gt;⠀&lt;/row&gt;
          &lt;row&gt;⠗⠀⠁⠀⠓⠀⠁⠀⠁⠀⠀⠀⠚⠀⠁&lt;/row&gt;
          &lt;row&gt;⠀&lt;/row&gt;
          &lt;row&gt;⠧⠀⠕⠀⠊⠀⠎⠀⠊⠀⠝⠀⠀⠀⠕⠀⠎⠀⠞⠀⠑⠀⠇⠀⠇⠀⠁&lt;/row&gt;
          &lt;row&gt;⠀&lt;/row&gt;
          &lt;row&gt;⠓⠀⠊⠀⠑⠀⠝⠀⠕⠀⠚⠀⠁⠀⠀⠀⠚⠀⠕⠀⠥⠀⠇⠀⠥⠀⠤&lt;/row&gt;
          &lt;row&gt;⠀&lt;/row&gt;
          &lt;row&gt;⠇⠀⠁⠀⠓⠀⠚⠀⠕⠀⠚⠀⠁&lt;/row&gt;
          &lt;row&gt;⠀&lt;/row&gt;
          &lt;row&gt;⠜⠀⠊⠀⠙⠀⠊⠀⠇⠀⠇⠀⠑⠀⠀⠀⠚⠀⠁&lt;/row&gt;
          &lt;row&gt;⠀&lt;/row&gt;
          &lt;row&gt;⠎⠀⠊⠀⠎⠀⠁⠀⠗⠀⠥⠀⠅⠀⠎⠀⠊⠀⠇⠀⠇⠀⠑⠀⠝⠀⠊⠄&lt;/row&gt;
          &lt;row&gt;⠀&lt;/row&gt;
          &lt;row&gt;⠀&lt;/row&gt;
          &lt;row&gt;⠤⠀⠀⠀⠠⠕⠀⠇⠀⠑⠀⠞⠀⠅⠀⠕&lt;/row&gt;
          &lt;row&gt;⠀&lt;/row&gt;
          &lt;row&gt;⠅⠀⠊⠀⠗⠀⠚⠀⠕⠀⠊⠀⠞⠀⠞⠀⠁⠀⠝⠀⠥⠀⠞&lt;/row&gt;
          &lt;row&gt;⠀&lt;/row&gt;
          &lt;row&gt;⠚⠀⠕⠀⠀⠀⠚⠀⠕⠀⠥⠀⠇⠀⠥⠀⠤&lt;/row&gt;
          &lt;row&gt;⠀&lt;/row&gt;
          &lt;row&gt;⠏⠀⠥⠀⠅⠀⠊⠀⠇⠀⠇⠀⠑⠢⠀⠀⠀⠠⠑⠀⠍⠀⠊⠀⠇&lt;/row&gt;
          &lt;row&gt;⠀&lt;/row&gt;
          &lt;row&gt;⠅⠀⠥⠀⠊⠀⠎⠀⠅⠀⠁⠀⠎⠀⠊⠄&lt;/row&gt;
        &lt;/page&gt;
        &lt;page&gt;
          &lt;row&gt;⠀⠀⠀⠀⠀⠀⠀⠀⠀⠀⠀⠀⠀⠀⠀⠀⠀⠀⠀⠀⠀⠀⠀⠀⠀⠀⠀⠼⠓⠋&lt;/row&gt;
          &lt;row&gt;⠤⠀⠀⠀⠠⠑⠀⠊⠀⠀⠀⠅⠀⠁⠀⠝⠀⠝⠀⠁⠀⠞⠀⠁⠄&lt;/row&gt;
          &lt;row&gt;⠀&lt;/row&gt;
          &lt;row&gt;⠠⠞⠀⠊⠀⠑⠀⠙⠀⠜⠀⠝⠀⠀⠀⠍⠀⠊⠀⠞⠀⠜&lt;/row&gt;
          &lt;row&gt;⠀&lt;/row&gt;
          &lt;row&gt;⠎⠀⠁⠀⠁⠀⠝⠒⠀⠀⠀⠋⠀⠁⠀⠗⠀⠅⠀⠥⠀⠞⠀⠀⠀⠚⠀⠁&lt;/row&gt;
          &lt;row&gt;⠀&lt;/row&gt;
          &lt;row&gt;⠥⠀⠥⠀⠙⠀⠑⠀⠝⠀⠀⠀⠧⠀⠊⠀⠇⠀⠇⠀⠁⠀⠤&lt;/row&gt;
          &lt;row&gt;⠀&lt;/row&gt;
          &lt;row&gt;⠏⠀⠁⠀⠊⠀⠙⠀⠁⠀⠝⠄⠀⠀⠀⠠⠑⠀⠝&lt;/row&gt;
          &lt;row&gt;⠀&lt;/row&gt;
          &lt;row&gt;⠍⠀⠥⠀⠥⠀⠞⠀⠁⠄⠀⠀⠀⠠⠑⠀⠊⠀⠀⠀⠕⠀⠇⠀⠑&lt;/row&gt;
          &lt;row&gt;⠀&lt;/row&gt;
          &lt;row&gt;⠗⠀⠁⠀⠓⠀⠁⠀⠁⠄&lt;/row&gt;
          &lt;row&gt;⠀&lt;/row&gt;
          &lt;row&gt;⠀&lt;/row&gt;
          &lt;row&gt;⠠⠥⠀⠃⠀⠃⠀⠑⠀⠀⠀⠅⠀⠥⠀⠍⠀⠁⠀⠗⠀⠞⠀⠥⠀⠊&lt;/row&gt;
          &lt;row&gt;⠀&lt;/row&gt;
          &lt;row&gt;⠏⠀⠁⠀⠏⠀⠑⠀⠗⠀⠊⠀⠝⠀⠎⠀⠁&lt;/row&gt;
          &lt;row&gt;⠀&lt;/row&gt;
          &lt;row&gt;⠏⠀⠥⠀⠕⠀⠇⠀⠑⠀⠑⠀⠝⠀⠀⠀⠚⠀⠁&lt;/row&gt;
          &lt;row&gt;⠀&lt;/row&gt;
          &lt;row&gt;⠁⠀⠇⠀⠅⠀⠕⠀⠊&lt;/row&gt;
          &lt;row&gt;⠀&lt;/row&gt;
          &lt;row&gt;⠅⠀⠊⠀⠗⠀⠚⠀⠕⠀⠊⠀⠞⠀⠞⠀⠁⠀⠁⠄&lt;/row&gt;
          &lt;row&gt;⠀&lt;/row&gt;
          &lt;row/&gt;
        &lt;/page&gt;
        &lt;page&gt;
          &lt;row&gt;⠀⠀⠀⠀⠀⠀⠀⠀⠀⠀⠀⠀⠀⠀⠀⠀⠀⠀⠀⠀⠀⠀⠀⠀⠀⠀⠀⠼⠓⠛&lt;/row&gt;
          &lt;row&gt;⠠⠑⠀⠍⠀⠊⠀⠇⠀⠀⠀⠧⠀⠊⠀⠇⠀⠅⠀⠥⠀⠊⠀⠇⠀⠊&lt;/row&gt;
          &lt;row&gt;⠀&lt;/row&gt;
          &lt;row&gt;⠽⠀⠍⠀⠏⠀⠜⠀⠗⠀⠊⠀⠇⠀⠇⠀⠑⠀⠑⠀⠝⠄&lt;/row&gt;
          &lt;row&gt;⠀&lt;/row&gt;
          &lt;row&gt;⠠⠅⠀⠁⠀⠊⠀⠅⠀⠅⠀⠊⠀⠀⠀⠕⠀⠇⠀⠊⠀⠧⠀⠁⠀⠞&lt;/row&gt;
          &lt;row&gt;⠀&lt;/row&gt;
          &lt;row&gt;⠚⠀⠕⠀⠀⠀⠁⠀⠇⠀⠕⠀⠊⠀⠞⠀⠞⠀⠁⠀⠝⠀⠑⠀⠑⠀⠞&lt;/row&gt;
          &lt;row&gt;⠀&lt;/row&gt;
          &lt;row&gt;⠞⠀⠁⠀⠗⠀⠊⠀⠝⠀⠁⠀⠝⠀⠎⠀⠁⠄⠀⠀⠀⠠⠓⠀⠜⠀⠝&lt;/row&gt;
          &lt;row&gt;⠀&lt;/row&gt;
          &lt;row&gt;⠑⠀⠊⠀⠀⠀⠏⠀⠽⠀⠎⠀⠞⠀⠽⠀⠝⠀⠽⠀⠞&lt;/row&gt;
          &lt;row&gt;⠀&lt;/row&gt;
          &lt;row&gt;⠁⠀⠚⠀⠁⠀⠞⠀⠞⠀⠑⠀⠇⠀⠑⠀⠍⠀⠁⠀⠁⠀⠝&lt;/row&gt;
          &lt;row&gt;⠀&lt;/row&gt;
          &lt;row&gt;⠍⠀⠥⠀⠥⠀⠞⠀⠁⠀⠀⠀⠅⠀⠥⠀⠊⠀⠝&lt;/row&gt;
          &lt;row&gt;⠀&lt;/row&gt;
          &lt;row&gt;⠠⠁⠀⠇⠀⠧⠀⠁⠀⠁⠄&lt;/row&gt;
          &lt;row&gt;⠀&lt;/row&gt;
          &lt;row&gt;⠀&lt;/row&gt;
          &lt;row&gt;⠠⠚⠀⠕⠀⠎⠀⠀⠀⠓⠀⠜⠀⠝⠀⠀⠀⠕⠀⠇⠀⠊⠀⠎⠀⠊&lt;/row&gt;
          &lt;row&gt;⠀&lt;/row&gt;
          &lt;row&gt;⠞⠀⠁⠀⠊⠀⠅⠀⠥⠀⠗⠀⠊⠂⠀⠀⠀⠓⠀⠜⠀⠝&lt;/row&gt;
          &lt;row&gt;⠀&lt;/row&gt;
          &lt;row&gt;⠕⠀⠞⠀⠞⠀⠁⠀⠊⠀⠎⠀⠊⠀⠀⠀⠠⠁⠀⠇⠀⠧⠀⠁⠀⠝&lt;/row&gt;
          &lt;row&gt;⠀&lt;/row&gt;
          &lt;row&gt;⠍⠀⠥⠀⠅⠀⠁⠀⠁⠀⠝⠀⠎⠀⠁&lt;/row&gt;
        &lt;/page&gt;
        &lt;page&gt;
          &lt;row&gt;⠀⠀⠀⠀⠀⠀⠀⠀⠀⠀⠀⠀⠀⠀⠀⠀⠀⠀⠀⠀⠀⠀⠀⠀⠀⠀⠀⠼⠓⠓&lt;/row&gt;
          &lt;row&gt;⠅⠀⠁⠀⠊⠀⠅⠀⠅⠀⠊⠀⠊⠀⠝&lt;/row&gt;
          &lt;row&gt;⠀&lt;/row&gt;
          &lt;row&gt;⠍⠀⠁⠀⠁⠀⠊⠀⠇⠀⠍⠀⠁⠀⠝&lt;/row&gt;
          &lt;row&gt;⠀&lt;/row&gt;
          &lt;row&gt;⠎⠀⠥⠀⠥⠀⠗⠀⠊⠀⠊⠀⠝&lt;/row&gt;
          &lt;row&gt;⠀&lt;/row&gt;
          &lt;row&gt;⠅⠀⠁⠀⠥⠀⠏⠀⠥⠀⠝⠀⠅⠀⠑⠀⠊⠀⠓⠀⠊⠀⠝⠄&lt;/row&gt;
          &lt;row&gt;⠀&lt;/row&gt;
          &lt;row&gt;⠠⠓⠀⠑⠀⠀⠀⠁⠀⠚⠀⠁⠀⠊⠀⠎⠀⠊⠀⠧⠀⠁⠀⠞&lt;/row&gt;
          &lt;row&gt;⠀&lt;/row&gt;
          &lt;row&gt;⠽⠀⠇⠀⠑⠀⠇⠀⠇⠀⠊⠀⠎⠀⠑⠀⠇⠀⠇⠀⠜&lt;/row&gt;
          &lt;row&gt;⠀&lt;/row&gt;
          &lt;row&gt;⠇⠀⠊⠀⠍⠀⠥⠀⠎⠀⠊⠀⠊⠀⠝⠀⠊⠀⠇⠀⠇⠀⠁&lt;/row&gt;
          &lt;row&gt;⠀&lt;/row&gt;
          &lt;row&gt;⠚⠀⠁⠀⠀⠀⠓⠀⠑⠀⠊⠀⠇⠀⠇⠀⠜&lt;/row&gt;
          &lt;row&gt;⠀&lt;/row&gt;
          &lt;row&gt;⠕⠀⠇⠀⠊⠀⠎⠀⠊⠀⠀⠀⠕⠀⠍⠀⠁&lt;/row&gt;
          &lt;row&gt;⠀&lt;/row&gt;
          &lt;row&gt;⠇⠀⠑⠀⠝⠀⠞⠀⠕⠀⠅⠀⠕⠀⠝⠀⠑⠄⠀⠀⠀⠠⠚⠀⠁&lt;/row&gt;
          &lt;row&gt;⠀&lt;/row&gt;
          &lt;row&gt;⠎⠀⠁⠀⠇⠀⠁⠀⠊⠀⠝⠀⠑⠀⠝⠀⠀⠀⠎⠀⠁⠀⠁⠀⠗⠀⠊⠂&lt;/row&gt;
          &lt;row&gt;⠀&lt;/row&gt;
          &lt;row&gt;⠚⠀⠕⠀⠝⠀⠝⠀⠑⠀⠀⠀⠅⠀⠑⠀⠇⠀⠇⠀⠜⠀⠜⠀⠝&lt;/row&gt;
          &lt;row&gt;⠀&lt;/row&gt;
          &lt;row&gt;⠍⠀⠥⠀⠥⠀⠇⠀⠇⠀⠁⠀⠀⠀⠑⠀⠊&lt;/row&gt;
          &lt;row/&gt;
        &lt;/page&gt;
        &lt;page&gt;
          &lt;row&gt;⠀⠀⠀⠀⠀⠀⠀⠀⠀⠀⠀⠀⠀⠀⠀⠀⠀⠀⠀⠀⠀⠀⠀⠀⠀⠀⠀⠼⠓⠊&lt;/row&gt;
          &lt;row&gt;⠕⠀⠇⠀⠊⠀⠎⠀⠊⠀⠀⠀⠇⠀⠥⠀⠏⠀⠁&lt;/row&gt;
          &lt;row&gt;⠀&lt;/row&gt;
          &lt;row&gt;⠞⠀⠥⠀⠇⠀⠇⠀⠁⠄⠀⠀⠀⠠⠑⠀⠊&lt;/row&gt;
          &lt;row&gt;⠀&lt;/row&gt;
          &lt;row&gt;⠧⠀⠁⠀⠗⠀⠎⠀⠊⠀⠝⠀⠅⠀⠁⠀⠁⠀⠝&lt;/row&gt;
          &lt;row&gt;⠀&lt;/row&gt;
          &lt;row&gt;⠠⠗⠀⠜⠀⠽⠀⠓⠀⠜⠀⠍⠀⠜⠀⠑⠀⠝&lt;/row&gt;
          &lt;row&gt;⠀&lt;/row&gt;
          &lt;row&gt;⠧⠀⠑⠀⠇⠀⠚⠀⠑⠀⠅⠀⠎⠀⠊⠀⠇⠀⠇⠀⠜⠄&lt;/row&gt;
          &lt;row&gt;⠀&lt;/row&gt;
          &lt;row&gt;⠀&lt;/row&gt;
          &lt;row&gt;⠠⠧⠀⠜⠀⠇⠀⠊⠀⠞⠀⠥⠀⠝⠀⠝⠀⠊⠀⠇⠀⠇⠀⠁&lt;/row&gt;
          &lt;row&gt;⠀&lt;/row&gt;
          &lt;row&gt;⠠⠑⠀⠍⠀⠊⠀⠇⠀⠀⠀⠑⠀⠞⠀⠎⠀⠊&lt;/row&gt;
          &lt;row&gt;⠀&lt;/row&gt;
          &lt;row&gt;⠓⠀⠥⠀⠕⠀⠇⠀⠊⠀⠎⠀⠎⠀⠁⠀⠁⠀⠝&lt;/row&gt;
          &lt;row&gt;⠀&lt;/row&gt;
          &lt;row&gt;⠠⠇⠀⠊⠀⠝⠀⠙⠀⠁⠀⠁&lt;/row&gt;
          &lt;row&gt;⠀&lt;/row&gt;
          &lt;row&gt;⠅⠀⠁⠀⠞⠀⠎⠀⠑⠀⠑⠀⠇⠀⠇⠀⠁⠀⠁⠀⠝⠄&lt;/row&gt;
          &lt;row&gt;⠀&lt;/row&gt;
          &lt;row&gt;⠠⠎⠀⠊⠀⠞⠀⠞⠀⠑⠀⠝⠀⠀⠀⠓⠀⠜⠀⠝&lt;/row&gt;
          &lt;row&gt;⠀&lt;/row&gt;
          &lt;row&gt;⠝⠀⠜⠀⠅⠀⠊⠀⠀⠀⠏⠀⠊⠀⠅⠀⠅⠀⠥⠀⠤&lt;/row&gt;
          &lt;row&gt;⠀&lt;/row&gt;
          &lt;row&gt;⠎⠀⠊⠀⠎⠀⠅⠀⠕⠀⠝⠀⠎⠀⠁&lt;/row&gt;
        &lt;/page&gt;
        &lt;page&gt;
          &lt;row&gt;⠀⠀⠀⠀⠀⠀⠀⠀⠀⠀⠀⠀⠀⠀⠀⠀⠀⠀⠀⠀⠀⠀⠀⠀⠀⠀⠀⠼⠊⠚&lt;/row&gt;
          &lt;row&gt;⠊⠀⠅⠀⠅⠀⠥⠀⠝⠀⠁⠀⠎⠀⠞⠀⠁⠄&lt;/row&gt;
          &lt;row&gt;⠀&lt;/row&gt;
          &lt;row&gt;⠠⠇⠀⠊⠀⠝⠀⠙⠀⠁⠀⠀⠀⠊⠀⠎⠀⠞⠀⠥⠀⠊&lt;/row&gt;
          &lt;row&gt;⠀&lt;/row&gt;
          &lt;row&gt;⠇⠀⠥⠀⠕⠀⠅⠀⠁⠀⠎⠀⠎⠀⠁&lt;/row&gt;
          &lt;row&gt;⠀&lt;/row&gt;
          &lt;row&gt;⠏⠀⠊⠀⠊⠀⠗⠀⠞⠀⠜⠀⠍⠀⠜⠀⠎⠀⠎⠀⠜⠄&lt;/row&gt;
          &lt;row&gt;⠀&lt;/row&gt;
          &lt;row&gt;⠠⠓⠀⠜⠀⠝⠀⠀⠀⠝⠀⠁⠀⠥⠀⠗⠀⠕⠀⠊⠂⠀⠀⠀⠚⠀⠁&lt;/row&gt;
          &lt;row&gt;⠀&lt;/row&gt;
          &lt;row&gt;⠅⠀⠁⠀⠊⠀⠅⠀⠅⠀⠊⠀⠀⠀⠞⠀⠥⠀⠝⠀⠞⠀⠥⠀⠊&lt;/row&gt;
          &lt;row&gt;⠀&lt;/row&gt;
          &lt;row&gt;⠕⠀⠇⠀⠑⠀⠧⠀⠁⠀⠝⠀⠀⠀⠓⠀⠽⠀⠧⠀⠊⠀⠝⠄&lt;/row&gt;
          &lt;row&gt;⠀&lt;/row&gt;
          &lt;row&gt;⠠⠎⠀⠑⠀⠀⠀⠕⠀⠇⠀⠊&lt;/row&gt;
          &lt;row&gt;⠀&lt;/row&gt;
          &lt;row&gt;⠍⠀⠥⠀⠅⠀⠁⠀⠧⠀⠁⠀⠁⠄⠀⠀⠀⠠⠑⠀⠍⠀⠊⠀⠇&lt;/row&gt;
          &lt;row&gt;⠀&lt;/row&gt;
          &lt;row&gt;⠑⠀⠊⠀⠀⠀⠓⠀⠁⠀⠇⠀⠥⠀⠝⠀⠝⠀⠥⠀⠞&lt;/row&gt;
          &lt;row&gt;⠀&lt;/row&gt;
          &lt;row&gt;⠠⠇⠀⠊⠀⠝⠀⠙⠀⠁⠀⠝&lt;/row&gt;
          &lt;row&gt;⠀&lt;/row&gt;
          &lt;row&gt;⠏⠀⠑⠀⠇⠀⠅⠀⠜⠀⠜⠀⠧⠀⠜⠀⠝⠄&lt;/row&gt;
          &lt;row&gt;⠀&lt;/row&gt;
          &lt;row&gt;⠀&lt;/row&gt;
          &lt;row/&gt;
        &lt;/page&gt;
        &lt;page&gt;
          &lt;row&gt;⠀⠀⠀⠀⠀⠀⠀⠀⠀⠀⠀⠀⠀⠀⠀⠀⠀⠀⠀⠀⠀⠀⠀⠀⠀⠀⠀⠼⠊⠁&lt;/row&gt;
          &lt;row&gt;⠠⠓⠀⠜⠀⠝⠀⠀⠀⠞⠀⠁⠀⠇⠀⠇⠀⠥⠀⠎⠀⠞⠀⠑⠀⠇⠀⠊&lt;/row&gt;
          &lt;row&gt;⠀&lt;/row&gt;
          &lt;row&gt;⠅⠀⠕⠀⠥⠀⠇⠀⠥⠀⠝⠀⠏⠀⠊⠀⠓⠀⠁⠀⠝&lt;/row&gt;
          &lt;row&gt;⠀&lt;/row&gt;
          &lt;row&gt;⠏⠀⠕⠀⠊⠀⠅⠀⠅⠀⠊⠀⠀⠀⠠⠏⠀⠽⠀⠓⠀⠜⠀⠝&lt;/row&gt;
          &lt;row&gt;⠀&lt;/row&gt;
          &lt;row&gt;⠠⠓⠀⠁⠀⠝⠀⠎⠀⠊⠀⠝&lt;/row&gt;
          &lt;row&gt;⠀&lt;/row&gt;
          &lt;row&gt;⠅⠀⠁⠀⠙⠀⠥⠀⠇⠀⠇⠀⠑⠀⠀⠀⠏⠀⠜⠀⠊⠀⠝⠄&lt;/row&gt;
          &lt;row&gt;⠀&lt;/row&gt;
          &lt;row&gt;⠠⠥⠀⠃⠀⠃⠀⠑⠀⠀⠀⠎⠀⠑⠀⠥⠀⠗⠀⠁⠀⠎⠀⠊&lt;/row&gt;
          &lt;row&gt;⠀&lt;/row&gt;
          &lt;row&gt;⠏⠀⠑⠀⠗⠀⠜⠀⠎⠀⠎⠀⠜⠄&lt;/row&gt;
          &lt;row&gt;⠀&lt;/row&gt;
          &lt;row&gt;⠀&lt;/row&gt;
          &lt;row&gt;⠠⠚⠀⠥⠀⠥⠀⠗⠀⠊⠀⠀⠀⠎⠀⠊⠀⠇⠀⠇⠀⠕⠀⠊⠀⠝&lt;/row&gt;
          &lt;row&gt;⠀&lt;/row&gt;
          &lt;row&gt;⠠⠥⠀⠃⠀⠃⠀⠑⠀⠝⠀⠀⠀⠜⠀⠊⠀⠞⠀⠊&lt;/row&gt;
          &lt;row&gt;⠀&lt;/row&gt;
          &lt;row&gt;⠗⠀⠽⠀⠝⠀⠞⠀⠜⠀⠎⠀⠊⠀⠀⠀⠥⠀⠇⠀⠕⠀⠎&lt;/row&gt;
          &lt;row&gt;⠀&lt;/row&gt;
          &lt;row&gt;⠇⠀⠑⠀⠇⠀⠥⠀⠅⠀⠁⠀⠥⠀⠏⠀⠁⠀⠎⠀⠞⠀⠁⠂&lt;/row&gt;
          &lt;row&gt;⠀&lt;/row&gt;
          &lt;row&gt;⠚⠀⠕⠀⠎⠀⠎⠀⠁⠀⠀⠀⠠⠗⠀⠕⠀⠛⠀⠑⠀⠗&lt;/row&gt;
          &lt;row&gt;⠀&lt;/row&gt;
          &lt;row&gt;⠞⠀⠽⠀⠪⠀⠎⠀⠅⠀⠑⠀⠝⠀⠞⠀⠑⠀⠇⠀⠊⠄&lt;/row&gt;
        &lt;/page&gt;
        &lt;page&gt;
          &lt;row&gt;⠀⠀⠀⠀⠀⠀⠀⠀⠀⠀⠀⠀⠀⠀⠀⠀⠀⠀⠀⠀⠀⠀⠀⠀⠀⠀⠀⠼⠊⠃&lt;/row&gt;
          &lt;row&gt;⠠⠓⠀⠜⠀⠝⠀⠀⠀⠑⠀⠞⠀⠎⠀⠊&lt;/row&gt;
          &lt;row&gt;⠀&lt;/row&gt;
          &lt;row&gt;⠚⠀⠕⠀⠞⠀⠁⠀⠊⠀⠝⠀⠀⠀⠍⠀⠁⠀⠁⠀⠎⠀⠞⠀⠁⠄&lt;/row&gt;
          &lt;row&gt;⠀&lt;/row&gt;
          &lt;row&gt;⠠⠑⠀⠍⠀⠊⠀⠇⠀⠀⠀⠝⠀⠜⠀⠅⠀⠊⠂&lt;/row&gt;
          &lt;row&gt;⠀&lt;/row&gt;
          &lt;row&gt;⠑⠀⠞⠀⠞⠀⠜⠀⠀⠀⠓⠀⠜⠀⠝⠀⠀⠀⠕⠀⠇⠀⠊&lt;/row&gt;
          &lt;row&gt;⠀&lt;/row&gt;
          &lt;row&gt;⠏⠀⠕⠀⠊⠀⠎⠀⠎⠀⠁&lt;/row&gt;
          &lt;row&gt;⠀&lt;/row&gt;
          &lt;row&gt;⠞⠀⠕⠀⠇⠀⠁⠀⠇⠀⠞⠀⠁⠀⠁⠀⠝⠄&lt;/row&gt;
          &lt;row&gt;⠀&lt;/row&gt;
          &lt;row&gt;⠀&lt;/row&gt;
          &lt;row&gt;⠠⠥⠀⠇⠀⠅⠀⠕⠀⠝⠀⠁⠀⠀⠀⠕⠀⠇⠀⠊&lt;/row&gt;
          &lt;row&gt;⠀&lt;/row&gt;
          &lt;row&gt;⠅⠀⠽⠀⠇⠀⠍⠀⠜⠂⠀⠀⠀⠑⠀⠊⠀⠅⠀⠜&lt;/row&gt;
          &lt;row&gt;⠀&lt;/row&gt;
          &lt;row&gt;⠠⠥⠀⠃⠀⠃⠀⠑⠀⠝⠀⠀⠀⠜⠀⠊⠀⠞⠀⠊&lt;/row&gt;
          &lt;row&gt;⠀&lt;/row&gt;
          &lt;row&gt;⠕⠀⠇⠀⠇⠀⠥⠀⠞⠀⠀⠀⠑⠀⠓⠀⠞⠀⠊⠀⠝⠀⠽⠀⠞&lt;/row&gt;
          &lt;row&gt;⠀&lt;/row&gt;
          &lt;row&gt;⠇⠀⠁⠀⠊⠀⠞⠀⠞⠀⠁⠀⠁&lt;/row&gt;
          &lt;row&gt;⠀&lt;/row&gt;
          &lt;row&gt;⠞⠀⠁⠀⠅⠀⠅⠀⠊⠀⠁⠀⠁⠀⠝&lt;/row&gt;
          &lt;row&gt;⠀&lt;/row&gt;
          &lt;row&gt;⠅⠀⠊⠀⠊⠀⠝⠀⠝⠀⠊⠄&lt;/row&gt;
        &lt;/page&gt;
        &lt;page&gt;
          &lt;row&gt;⠀⠀⠀⠀⠀⠀⠀⠀⠀⠀⠀⠀⠀⠀⠀⠀⠀⠀⠀⠀⠀⠀⠀⠀⠀⠀⠀⠼⠊⠉&lt;/row&gt;
          &lt;row&gt;⠤⠀⠀⠀⠠⠍⠀⠊⠀⠞⠀⠜⠀⠀⠀⠜⠀⠊⠀⠞⠀⠊&lt;/row&gt;
          &lt;row&gt;⠀&lt;/row&gt;
          &lt;row&gt;⠞⠀⠑⠀⠅⠀⠑⠀⠑⠀⠀⠀⠞⠀⠜⠀⠜⠀⠇⠀⠇⠀⠜⠢&lt;/row&gt;
          &lt;row&gt;⠀&lt;/row&gt;
          &lt;row&gt;⠠⠥⠀⠃⠀⠃⠀⠑&lt;/row&gt;
          &lt;row&gt;⠀&lt;/row&gt;
          &lt;row&gt;⠅⠀⠥⠀⠍⠀⠍⠀⠁⠀⠎⠀⠞⠀⠑⠀⠇⠀⠊⠄&lt;/row&gt;
          &lt;row&gt;⠀&lt;/row&gt;
          &lt;row&gt;⠀&lt;/row&gt;
          &lt;row&gt;⠠⠏⠀⠕⠀⠚⠀⠁⠀⠞&lt;/row&gt;
          &lt;row&gt;⠀&lt;/row&gt;
          &lt;row&gt;⠅⠀⠁⠀⠞⠀⠎⠀⠕⠀⠊⠀⠧⠀⠁⠀⠞&lt;/row&gt;
          &lt;row&gt;⠀&lt;/row&gt;
          &lt;row&gt;⠓⠀⠥⠀⠕⠀⠇⠀⠑⠀⠇⠀⠇⠀⠊⠀⠎⠀⠑⠀⠎⠀⠞⠀⠊&lt;/row&gt;
          &lt;row&gt;⠀&lt;/row&gt;
          &lt;row&gt;⠅⠀⠥⠀⠍⠀⠏⠀⠁⠀⠁⠀⠝⠀⠅⠀⠊⠀⠝&lt;/row&gt;
          &lt;row&gt;⠀&lt;/row&gt;
          &lt;row&gt;⠎⠀⠥⠀⠥⠀⠝⠀⠞⠀⠁⠀⠁⠀⠝⠀⠀⠀⠚⠀⠁&lt;/row&gt;
          &lt;row&gt;⠀&lt;/row&gt;
          &lt;row&gt;⠽⠀⠇⠀⠊⠀⠞⠀⠞⠀⠊⠀⠧⠀⠜⠀⠞&lt;/row&gt;
          &lt;row&gt;⠀&lt;/row&gt;
          &lt;row&gt;⠅⠀⠁⠀⠙⠀⠥⠀⠝⠄&lt;/row&gt;
          &lt;row&gt;⠀&lt;/row&gt;
          &lt;row&gt;⠀&lt;/row&gt;
          &lt;row&gt;⠀&lt;/row&gt;
          &lt;row/&gt;
        &lt;/page&gt;
        &lt;page&gt;
          &lt;row&gt;⠀⠀⠀⠀⠀⠀⠀⠀⠀⠀⠀⠀⠀⠀⠀⠀⠀⠀⠀⠀⠀⠀⠀⠀⠀⠀⠀⠼⠊⠙&lt;/row&gt;
          &lt;row&gt;⠤⠀⠀⠀⠠⠍⠀⠊⠀⠝⠀⠜⠀⠀⠀⠑⠀⠝⠀⠀⠀⠥⠀⠎⠀⠅⠀⠕&lt;/row&gt;
          &lt;row&gt;⠀&lt;/row&gt;
          &lt;row&gt;⠞⠀⠜⠀⠞⠀⠜⠂⠀⠀⠀⠠⠥⠀⠃⠀⠃⠀⠑⠀⠝&lt;/row&gt;
          &lt;row&gt;⠀&lt;/row&gt;
          &lt;row&gt;⠜⠀⠊⠀⠞⠀⠊⠀⠀⠀⠓⠀⠥⠀⠥⠀⠙⠀⠁⠀⠓⠀⠞⠀⠊&lt;/row&gt;
          &lt;row&gt;⠀&lt;/row&gt;
          &lt;row&gt;⠝⠀⠜⠀⠓⠀⠙⠀⠑⠀⠎⠀⠎⠀⠜⠀⠜⠀⠝&lt;/row&gt;
          &lt;row&gt;⠀&lt;/row&gt;
          &lt;row&gt;⠓⠀⠑⠀⠊⠀⠙⠀⠜⠀⠞⠄⠀⠀⠀⠤⠀⠀⠀⠠⠕⠀⠇⠀⠊⠀⠝&lt;/row&gt;
          &lt;row&gt;⠀&lt;/row&gt;
          &lt;row&gt;⠇⠀⠑⠀⠇⠀⠥⠀⠅⠀⠁⠀⠥⠀⠏⠀⠁⠀⠎⠀⠎⠀⠁&lt;/row&gt;
          &lt;row&gt;⠀&lt;/row&gt;
          &lt;row&gt;⠕⠀⠎⠀⠞⠀⠁⠀⠍⠀⠁⠀⠎⠀⠎⠀⠁&lt;/row&gt;
          &lt;row&gt;⠀&lt;/row&gt;
          &lt;row&gt;⠚⠀⠕⠀⠥⠀⠇⠀⠥⠀⠇⠀⠁⠀⠓⠀⠚⠀⠕⠀⠚⠀⠁⠄&lt;/row&gt;
          &lt;row&gt;⠀&lt;/row&gt;
          &lt;row&gt;⠠⠍⠀⠥⠀⠞⠀⠞⠀⠁⠀⠀⠀⠅⠀⠥⠀⠝&lt;/row&gt;
          &lt;row&gt;⠀&lt;/row&gt;
          &lt;row&gt;⠁⠀⠊⠀⠕⠀⠊⠀⠝⠀⠀⠀⠍⠀⠁⠀⠅⠀⠎⠀⠁⠀⠁⠂&lt;/row&gt;
          &lt;row&gt;⠀&lt;/row&gt;
          &lt;row&gt;⠅⠀⠥⠀⠅⠀⠅⠀⠁⠀⠗⠀⠕⠀⠝⠀⠊⠀⠀⠀⠕⠀⠇⠀⠊&lt;/row&gt;
          &lt;row&gt;⠀&lt;/row&gt;
          &lt;row&gt;⠏⠀⠕⠀⠊⠀⠎⠀⠎⠀⠁⠄⠀⠀⠀⠠⠚⠀⠕⠀⠝⠀⠅⠀⠥⠀⠝&lt;/row&gt;
          &lt;row&gt;⠀&lt;/row&gt;
          &lt;row&gt;⠕⠀⠝⠀⠀⠀⠞⠀⠜⠀⠽⠀⠞⠀⠽⠀⠝⠀⠽⠀⠞&lt;/row&gt;
          &lt;row/&gt;
        &lt;/page&gt;
        &lt;page&gt;
          &lt;row&gt;⠀⠀⠀⠀⠀⠀⠀⠀⠀⠀⠀⠀⠀⠀⠀⠀⠀⠀⠀⠀⠀⠀⠀⠀⠀⠀⠀⠼⠊⠑&lt;/row&gt;
          &lt;row&gt;⠧⠀⠁⠀⠗⠀⠁⠀⠎⠀⠞⠀⠁⠀⠁⠀⠀⠀⠎⠀⠑⠲&lt;/row&gt;
          &lt;row&gt;⠀&lt;/row&gt;
          &lt;row&gt;⠀&lt;/row&gt;
          &lt;row&gt;⠤⠀⠀⠀⠠⠚⠀⠁⠀⠀⠀⠅⠀⠁⠀⠊⠀⠅⠀⠅⠀⠊&lt;/row&gt;
          &lt;row&gt;⠀&lt;/row&gt;
          &lt;row&gt;⠗⠀⠁⠀⠓⠀⠁⠀⠞⠢⠀⠀⠀⠠⠥⠀⠃⠀⠃⠀⠑&lt;/row&gt;
          &lt;row&gt;⠀&lt;/row&gt;
          &lt;row&gt;⠅⠀⠽⠀⠎⠀⠽⠀⠊⠄&lt;/row&gt;
          &lt;row&gt;⠀&lt;/row&gt;
          &lt;row&gt;⠀&lt;/row&gt;
          &lt;row&gt;⠠⠓⠀⠜⠀⠝⠀⠀⠀⠑⠀⠊&lt;/row&gt;
          &lt;row&gt;⠀&lt;/row&gt;
          &lt;row&gt;⠥⠀⠎⠀⠅⠀⠕⠀⠝⠀⠥⠀⠞⠂⠀⠀⠀⠑⠀⠞⠀⠞⠀⠜&lt;/row&gt;
          &lt;row&gt;⠀&lt;/row&gt;
          &lt;row&gt;⠎⠀⠑⠀⠀⠀⠕⠀⠇⠀⠊&lt;/row&gt;
          &lt;row&gt;⠀&lt;/row&gt;
          &lt;row&gt;⠍⠀⠁⠀⠓⠀⠙⠀⠕⠀⠇⠀⠇⠀⠊⠀⠎⠀⠞⠀⠁⠄&lt;/row&gt;
          &lt;row&gt;⠀&lt;/row&gt;
          &lt;row&gt;⠠⠎⠀⠊⠀⠇⠀⠇⠀⠕⠀⠊⠀⠝⠀⠓⠀⠁⠀⠝&lt;/row&gt;
          &lt;row&gt;⠀&lt;/row&gt;
          &lt;row&gt;⠎⠀⠑⠀⠝⠀⠀⠀⠕⠀⠇⠀⠊⠀⠎⠀⠊&lt;/row&gt;
          &lt;row&gt;⠀&lt;/row&gt;
          &lt;row&gt;⠞⠀⠜⠀⠽⠀⠞⠀⠽⠀⠝⠀⠽⠀⠞&lt;/row&gt;
          &lt;row&gt;⠀&lt;/row&gt;
          &lt;row&gt;⠞⠀⠁⠀⠏⠀⠁⠀⠓⠀⠞⠀⠥⠀⠁⠀⠀⠀⠁⠀⠊⠀⠧⠀⠁⠀⠝&lt;/row&gt;
          &lt;row/&gt;
        &lt;/page&gt;
        &lt;page&gt;
          &lt;row&gt;⠀⠀⠀⠀⠀⠀⠀⠀⠀⠀⠀⠀⠀⠀⠀⠀⠀⠀⠀⠀⠀⠀⠀⠀⠀⠀⠀⠼⠊⠋&lt;/row&gt;
          &lt;row&gt;⠜⠀⠎⠀⠅⠀⠑⠀⠞⠀⠞⠀⠜⠀⠊⠀⠝⠄&lt;/row&gt;
          &lt;row&gt;⠀&lt;/row&gt;
          &lt;row&gt;⠀&lt;/row&gt;
          &lt;row&gt;⠤⠀⠀⠀⠠⠚⠀⠁⠀⠀⠀⠅⠀⠁⠀⠊⠀⠅⠀⠅⠀⠊&lt;/row&gt;
          &lt;row&gt;⠀&lt;/row&gt;
          &lt;row&gt;⠗⠀⠁⠀⠓⠀⠁⠀⠞⠄⠀⠀⠀⠠⠕⠀⠝⠀⠝⠀⠑⠀⠅⠀⠎⠀⠊&lt;/row&gt;
          &lt;row&gt;⠀&lt;/row&gt;
          &lt;row&gt;⠅⠀⠁⠀⠥⠀⠏⠀⠁⠀⠎⠀⠎⠀⠁&lt;/row&gt;
          &lt;row&gt;⠀&lt;/row&gt;
          &lt;row&gt;⠎⠀⠁⠀⠞⠀⠞⠀⠥⠀⠊⠀⠀⠀⠕⠀⠇⠀⠑⠀⠍⠀⠁⠀⠁⠀⠝&lt;/row&gt;
          &lt;row&gt;⠀&lt;/row&gt;
          &lt;row&gt;⠏⠀⠕⠀⠇⠀⠊⠀⠊⠀⠎⠀⠊⠄⠀⠀⠀⠠⠞⠀⠑⠀⠊⠀⠝&lt;/row&gt;
          &lt;row&gt;⠀&lt;/row&gt;
          &lt;row&gt;⠓⠀⠑⠀⠞⠀⠊&lt;/row&gt;
          &lt;row&gt;⠀&lt;/row&gt;
          &lt;row&gt;⠊⠀⠇⠀⠍⠀⠕⠀⠊⠀⠞⠀⠥⠀⠅⠀⠎⠀⠑⠀⠝&lt;/row&gt;
          &lt;row&gt;⠀&lt;/row&gt;
          &lt;row&gt;⠧⠀⠁⠀⠗⠀⠅⠀⠁⠀⠥⠀⠙⠀⠑⠀⠎⠀⠞⠀⠁⠄&lt;/row&gt;
          &lt;row&gt;⠀&lt;/row&gt;
          &lt;row&gt;⠀&lt;/row&gt;
          &lt;row&gt;⠤⠀⠀⠀⠠⠍⠀⠊⠀⠇⠀⠇⠀⠕⠀⠊⠀⠝⠀⠀⠀⠝⠀⠜⠀⠊⠀⠞&lt;/row&gt;
          &lt;row&gt;⠀&lt;/row&gt;
          &lt;row&gt;⠅⠀⠥⠀⠅⠀⠅⠀⠁⠀⠗⠀⠕⠀⠎⠀⠊&lt;/row&gt;
          &lt;row&gt;⠀&lt;/row&gt;
          &lt;row&gt;⠧⠀⠊⠀⠊⠀⠍⠀⠑⠀⠅⠀⠎⠀⠊⠢&lt;/row&gt;
          &lt;row/&gt;
        &lt;/page&gt;
        &lt;page&gt;
          &lt;row&gt;⠀⠀⠀⠀⠀⠀⠀⠀⠀⠀⠀⠀⠀⠀⠀⠀⠀⠀⠀⠀⠀⠀⠀⠀⠀⠀⠀⠼⠊⠛&lt;/row&gt;
          &lt;row&gt;⠠⠑⠀⠍⠀⠊⠀⠇⠀⠀⠀⠅⠀⠽⠀⠎⠀⠽⠀⠊⠄&lt;/row&gt;
          &lt;row&gt;⠀&lt;/row&gt;
          &lt;row&gt;⠀&lt;/row&gt;
          &lt;row&gt;⠤⠀⠀⠀⠠⠚⠀⠥⠀⠥⠀⠗⠀⠊⠀⠀⠀⠑⠀⠝⠀⠝⠀⠑⠀⠝&lt;/row&gt;
          &lt;row&gt;⠀&lt;/row&gt;
          &lt;row&gt;⠅⠀⠥⠀⠊⠀⠝⠀⠀⠀⠍⠀⠑⠀⠝⠀⠊⠀⠝&lt;/row&gt;
          &lt;row&gt;⠀&lt;/row&gt;
          &lt;row&gt;⠅⠀⠁⠀⠥⠀⠏⠀⠏⠀⠁⠀⠁⠀⠝⠄&lt;/row&gt;
          &lt;row&gt;⠀&lt;/row&gt;
          &lt;row&gt;⠠⠅⠀⠁⠀⠞⠀⠎⠀⠕⠀⠊⠀⠝⠂&lt;/row&gt;
          &lt;row&gt;⠀&lt;/row&gt;
          &lt;row&gt;⠏⠀⠁⠀⠇⠀⠚⠀⠕⠀⠝⠀⠅⠀⠕&lt;/row&gt;
          &lt;row&gt;⠀&lt;/row&gt;
          &lt;row&gt;⠍⠀⠊⠀⠝⠀⠥⠀⠇⠀⠇⠀⠁⠀⠀⠀⠕⠀⠇⠀⠊&lt;/row&gt;
          &lt;row&gt;⠀&lt;/row&gt;
          &lt;row&gt;⠗⠀⠁⠀⠓⠀⠁⠀⠁⠄⠀⠀⠀⠠⠎⠀⠊⠀⠞⠀⠜&lt;/row&gt;
          &lt;row&gt;⠀&lt;/row&gt;
          &lt;row&gt;⠕⠀⠇⠀⠊⠀⠀⠀⠞⠀⠁⠀⠎⠀⠁⠀⠝&lt;/row&gt;
          &lt;row&gt;⠀&lt;/row&gt;
          &lt;row&gt;⠧⠀⠊⠀⠊⠀⠎⠀⠊⠀⠎⠀⠁⠀⠞⠀⠁⠀⠁&lt;/row&gt;
          &lt;row&gt;⠀&lt;/row&gt;
          &lt;row&gt;⠅⠀⠗⠀⠥⠀⠥⠀⠝⠀⠥⠀⠁⠂⠀⠀⠀⠠⠥⠀⠃⠀⠃⠀⠑⠀⠝&lt;/row&gt;
          &lt;row&gt;⠀&lt;/row&gt;
          &lt;row&gt;⠜⠀⠊⠀⠞⠀⠊⠀⠀⠀⠧⠀⠁⠀⠎⠀⠞⠀⠁⠀⠎⠀⠊&lt;/row&gt;
          &lt;row&gt;⠀&lt;/row&gt;
          &lt;row&gt;⠚⠀⠁⠀⠀⠀⠏⠀⠊⠀⠇⠀⠇⠀⠁⠀⠓⠀⠞⠀⠊&lt;/row&gt;
        &lt;/page&gt;
        &lt;page&gt;
          &lt;row&gt;⠀⠀⠀⠀⠀⠀⠀⠀⠀⠀⠀⠀⠀⠀⠀⠀⠀⠀⠀⠀⠀⠀⠀⠀⠀⠀⠀⠼⠊⠓&lt;/row&gt;
          &lt;row&gt;⠊⠀⠞⠀⠅⠀⠥⠀⠥⠀⠝⠄⠀⠀⠀⠤⠀⠀⠀⠠⠎⠀⠑⠀⠝&lt;/row&gt;
          &lt;row&gt;⠀&lt;/row&gt;
          &lt;row&gt;⠏⠀⠊⠀⠞⠀⠊⠀⠀⠀⠗⠀⠊⠀⠊⠀⠞⠀⠞⠀⠜⠀⠜&lt;/row&gt;
          &lt;row&gt;⠀&lt;/row&gt;
          &lt;row&gt;⠅⠀⠁⠀⠊⠀⠅⠀⠅⠀⠊⠀⠊⠀⠝&lt;/row&gt;
          &lt;row&gt;⠀&lt;/row&gt;
          &lt;row&gt;⠚⠀⠕⠀⠥⠀⠇⠀⠥⠀⠇⠀⠁⠀⠓⠀⠚⠀⠕⠀⠊⠀⠓⠀⠊⠀⠝⠄&lt;/row&gt;
          &lt;row&gt;⠀&lt;/row&gt;
          &lt;row&gt;⠀&lt;/row&gt;
          &lt;row&gt;⠤⠀⠀⠀⠠⠗⠀⠁⠀⠓⠀⠁⠀⠞&lt;/row&gt;
          &lt;row&gt;⠀&lt;/row&gt;
          &lt;row&gt;⠇⠀⠪⠀⠽⠀⠞⠀⠽⠀⠧⠀⠜⠀⠞⠀⠀⠀⠧⠀⠊⠀⠑⠀⠇⠀⠜⠂&lt;/row&gt;
          &lt;row&gt;⠀&lt;/row&gt;
          &lt;row&gt;⠎⠀⠁⠀⠁⠀⠞⠀⠏⠀⠁⠀⠀⠀⠝⠀⠜⠀⠓⠀⠙⠀⠜⠂&lt;/row&gt;
          &lt;row&gt;⠀&lt;/row&gt;
          &lt;row&gt;⠠⠥⠀⠃⠀⠃⠀⠑⠀⠀⠀⠧⠀⠁⠀⠅⠀⠥⠀⠥⠀⠞⠀⠞⠀⠊⠄&lt;/row&gt;
          &lt;row&gt;⠀&lt;/row&gt;
          &lt;row&gt;⠤⠀⠀⠀⠠⠑⠀⠍⠀⠊⠀⠇⠀⠀⠀⠕⠀⠝&lt;/row&gt;
          &lt;row&gt;⠀&lt;/row&gt;
          &lt;row&gt;⠍⠀⠑⠀⠎⠀⠞⠀⠁⠀⠗⠀⠊&lt;/row&gt;
          &lt;row&gt;⠀&lt;/row&gt;
          &lt;row&gt;⠗⠀⠁⠀⠞⠀⠅⠀⠕⠀⠍⠀⠁⠀⠁⠀⠝&lt;/row&gt;
          &lt;row&gt;⠀&lt;/row&gt;
          &lt;row&gt;⠁⠀⠗⠀⠧⠀⠕⠀⠊⠀⠞⠀⠥⠀⠅⠀⠎⠀⠊⠀⠁⠄&lt;/row&gt;
          &lt;row&gt;⠀&lt;/row&gt;
          &lt;row/&gt;
        &lt;/page&gt;
        &lt;page&gt;
          &lt;row&gt;⠀⠀⠀⠀⠀⠀⠀⠀⠀⠀⠀⠀⠀⠀⠀⠀⠀⠀⠀⠀⠀⠀⠀⠀⠀⠀⠀⠼⠊⠊&lt;/row&gt;
          &lt;row&gt;⠠⠓⠀⠜⠀⠝⠀⠑⠀⠇⠀⠇⠀⠜⠀⠀⠀⠕⠀⠝&lt;/row&gt;
          &lt;row&gt;⠀&lt;/row&gt;
          &lt;row&gt;⠚⠀⠕⠀⠏⠀⠁⠀⠀⠀⠑⠀⠞⠀⠎⠀⠊⠀⠧⠀⠜⠀⠤&lt;/row&gt;
          &lt;row&gt;⠀&lt;/row&gt;
          &lt;row&gt;⠞⠀⠕⠀⠊⠀⠍⠀⠊⠀⠎⠀⠞⠀⠕⠄&lt;/row&gt;
          &lt;row&gt;⠀&lt;/row&gt;
          &lt;row&gt;⠀&lt;/row&gt;
          &lt;row&gt;⠠⠑⠀⠍⠀⠊⠀⠇⠀⠀⠀⠝⠀⠕⠀⠇⠀⠕⠀⠎⠀⠞⠀⠥⠀⠊&lt;/row&gt;
          &lt;row&gt;⠀&lt;/row&gt;
          &lt;row&gt;⠓⠀⠊⠀⠑⠀⠍⠀⠁⠀⠝⠄&lt;/row&gt;
          &lt;row&gt;⠀&lt;/row&gt;
          &lt;row&gt;⠀&lt;/row&gt;
          &lt;row&gt;⠤⠀⠀⠀⠠⠍⠀⠊⠀⠝⠀⠜⠀⠀⠀⠞⠀⠑⠀⠑⠀⠝&lt;/row&gt;
          &lt;row&gt;⠀&lt;/row&gt;
          &lt;row&gt;⠏⠀⠁⠀⠗⠀⠓⠀⠁⠀⠁⠀⠝⠀⠊⠂⠀⠀⠀⠓⠀⠜⠀⠝&lt;/row&gt;
          &lt;row&gt;⠀&lt;/row&gt;
          &lt;row&gt;⠎⠀⠁⠀⠝⠀⠕⠀⠊⠄⠀⠀⠀⠤⠀⠀⠀⠠⠍⠀⠥⠀⠞⠀⠞⠀⠁&lt;/row&gt;
          &lt;row&gt;⠀&lt;/row&gt;
          &lt;row&gt;⠑⠀⠝⠀⠀⠀⠇⠀⠥⠀⠏⠀⠁⠀⠁&lt;/row&gt;
          &lt;row&gt;⠀&lt;/row&gt;
          &lt;row&gt;⠍⠀⠊⠀⠞⠀⠜⠀⠜⠀⠝⠄⠀⠀⠀⠠⠅⠀⠑⠀⠊⠀⠞⠀⠜&lt;/row&gt;
          &lt;row&gt;⠀&lt;/row&gt;
          &lt;row&gt;⠅⠀⠁⠀⠥⠀⠏⠀⠁⠀⠎⠀⠎⠀⠁⠀⠀⠀⠕⠀⠇⠀⠊&lt;/row&gt;
          &lt;row&gt;⠀&lt;/row&gt;
          &lt;row&gt;⠽⠀⠓⠀⠞⠀⠜⠀⠀⠀⠁⠀⠊⠀⠅⠀⠁⠀⠁&lt;/row&gt;
          &lt;row/&gt;
        &lt;/page&gt;
        &lt;page&gt;
          &lt;row&gt;⠀⠀⠀⠀⠀⠀⠀⠀⠀⠀⠀⠀⠀⠀⠀⠀⠀⠀⠀⠀⠀⠀⠀⠀⠀⠀⠼⠁⠚⠚&lt;/row&gt;
          &lt;row&gt;⠅⠀⠁⠀⠝⠀⠎⠀⠎⠀⠁⠀⠎⠀⠊⠢&lt;/row&gt;
          &lt;row&gt;⠀&lt;/row&gt;
          &lt;row&gt;⠀&lt;/row&gt;
          &lt;row&gt;⠠⠥⠀⠃⠀⠃⠀⠑⠀⠝⠀⠀⠀⠜⠀⠊⠀⠞⠀⠊&lt;/row&gt;
          &lt;row&gt;⠀&lt;/row&gt;
          &lt;row&gt;⠍⠀⠊⠀⠑⠀⠞⠀⠞⠀⠊⠄&lt;/row&gt;
          &lt;row&gt;⠀&lt;/row&gt;
          &lt;row&gt;⠀&lt;/row&gt;
          &lt;row&gt;⠤⠀⠀⠀⠠⠑⠀⠝⠀⠎⠀⠊⠀⠝⠀⠀⠀⠎⠀⠊⠀⠝⠀⠝⠀⠑&lt;/row&gt;
          &lt;row&gt;⠀&lt;/row&gt;
          &lt;row&gt;⠞⠀⠥⠀⠇⠀⠊⠀⠀⠀⠞⠀⠁⠀⠊⠀⠅⠀⠥⠀⠗⠀⠊⠄&lt;/row&gt;
          &lt;row&gt;⠀&lt;/row&gt;
          &lt;row&gt;⠠⠓⠀⠜⠀⠝⠀⠑⠀⠝⠀⠀⠀⠝⠀⠊⠀⠍⠀⠑⠀⠝⠀⠎⠀⠜&lt;/row&gt;
          &lt;row&gt;⠀&lt;/row&gt;
          &lt;row&gt;⠕⠀⠇⠀⠊⠀⠀⠀⠠⠏⠀⠕⠀⠅⠀⠅⠀⠥⠀⠎⠂&lt;/row&gt;
          &lt;row&gt;⠀&lt;/row&gt;
          &lt;row&gt;⠅⠀⠥⠀⠥⠀⠇⠀⠊⠀⠝⠀⠀⠀⠎⠀⠑⠀⠝⠂⠀⠀⠀⠅⠀⠥⠀⠝&lt;/row&gt;
          &lt;row&gt;⠀&lt;/row&gt;
          &lt;row&gt;⠓⠀⠜⠀⠝⠀⠀⠀⠏⠀⠥⠀⠓⠀⠥⠀⠊&lt;/row&gt;
          &lt;row&gt;⠀&lt;/row&gt;
          &lt;row&gt;⠚⠀⠕⠀⠝⠀⠅⠀⠥⠀⠝⠀⠀⠀⠅⠀⠁⠀⠝⠀⠎⠀⠎⠀⠁&lt;/row&gt;
          &lt;row&gt;⠀&lt;/row&gt;
          &lt;row&gt;⠅⠀⠜⠀⠝⠀⠝⠀⠽⠀⠅⠀⠅⠀⠜⠀⠜⠀⠝⠄&lt;/row&gt;
          &lt;row&gt;⠀&lt;/row&gt;
          &lt;row&gt;⠀&lt;/row&gt;
          &lt;row/&gt;
        &lt;/page&gt;
        &lt;page&gt;
          &lt;row&gt;⠀⠀⠀⠀⠀⠀⠀⠀⠀⠀⠀⠀⠀⠀⠀⠀⠀⠀⠀⠀⠀⠀⠀⠀⠀⠀⠼⠁⠚⠁&lt;/row&gt;
          &lt;row&gt;⠰⠠⠓⠀⠑⠀⠊⠂⠀⠀⠀⠞⠀⠜⠀⠜⠀⠇⠀⠇⠀⠜⠀⠀⠀⠕⠀⠝&lt;/row&gt;
          &lt;row&gt;⠀&lt;/row&gt;
          &lt;row&gt;⠠⠏⠀⠕⠀⠅⠀⠅⠀⠥⠀⠎⠰⠂⠀⠀⠀⠓⠀⠜⠀⠝&lt;/row&gt;
          &lt;row&gt;⠀&lt;/row&gt;
          &lt;row&gt;⠎⠀⠁⠀⠝⠀⠕⠀⠊⠄⠀⠀⠀⠠⠓⠀⠜⠀⠝⠀⠑⠀⠇⠀⠇⠀⠜&lt;/row&gt;
          &lt;row&gt;⠀&lt;/row&gt;
          &lt;row&gt;⠕⠀⠇⠀⠊⠀⠀⠀⠅⠀⠕⠀⠗⠀⠅⠀⠑⠀⠁&lt;/row&gt;
          &lt;row&gt;⠀&lt;/row&gt;
          &lt;row&gt;⠓⠀⠁⠀⠞⠀⠞⠀⠥⠀⠀⠀⠚⠀⠁⠀⠀⠀⠍⠀⠥⠀⠎⠀⠞⠀⠁&lt;/row&gt;
          &lt;row&gt;⠀&lt;/row&gt;
          &lt;row&gt;⠧⠀⠊⠀⠊⠀⠞⠀⠞⠀⠁⠄⠀⠀⠀⠠⠓⠀⠜⠀⠝&lt;/row&gt;
          &lt;row&gt;⠀&lt;/row&gt;
          &lt;row&gt;⠕⠀⠇⠀⠊⠀⠀⠀⠞⠀⠁⠀⠧⠀⠁⠀⠞⠀⠞⠀⠕⠀⠍⠀⠁⠀⠝&lt;/row&gt;
          &lt;row&gt;⠀&lt;/row&gt;
          &lt;row&gt;⠅⠀⠕⠀⠓⠀⠞⠀⠑⠀⠇⠀⠊⠀⠁⠀⠎⠀⠀⠀⠚⠀⠁&lt;/row&gt;
          &lt;row&gt;⠀&lt;/row&gt;
          &lt;row&gt;⠽⠀⠎⠀⠞⠀⠜⠀⠧⠀⠜⠀⠇⠀⠇⠀⠊⠀⠝⠀⠑⠀⠝⠄&lt;/row&gt;
          &lt;row&gt;⠀&lt;/row&gt;
          &lt;row&gt;⠀&lt;/row&gt;
          &lt;row&gt;⠠⠑⠀⠍⠀⠊⠀⠇⠀⠀⠀⠧⠀⠊⠀⠓⠀⠑⠀⠇⠀⠎⠀⠊⠄&lt;/row&gt;
          &lt;row&gt;⠀&lt;/row&gt;
          &lt;row&gt;⠠⠓⠀⠑⠀⠀⠀⠕⠀⠇⠀⠊⠀⠧⠀⠁⠀⠞&lt;/row&gt;
          &lt;row&gt;⠀&lt;/row&gt;
          &lt;row&gt;⠞⠀⠁⠀⠧⠀⠁⠀⠝⠀⠝⠀⠑⠀⠑⠀⠞&lt;/row&gt;
          &lt;row&gt;⠀&lt;/row&gt;
          &lt;row&gt;⠠⠏⠀⠕⠀⠅⠀⠅⠀⠥⠀⠅⠀⠎⠀⠑⠀⠝&lt;/row&gt;
        &lt;/page&gt;
        &lt;page&gt;
          &lt;row&gt;⠀⠀⠀⠀⠀⠀⠀⠀⠀⠀⠀⠀⠀⠀⠀⠀⠀⠀⠀⠀⠀⠀⠀⠀⠀⠀⠼⠁⠚⠃&lt;/row&gt;
          &lt;row&gt;⠜⠀⠎⠀⠅⠀⠑⠀⠞⠀⠞⠀⠜⠀⠊⠀⠝⠄&lt;/row&gt;
          &lt;row&gt;⠀&lt;/row&gt;
          &lt;row&gt;⠀&lt;/row&gt;
          &lt;row&gt;⠤⠀⠠⠅⠀⠑⠀⠊⠀⠞⠀⠜⠀⠀⠀⠍⠀⠥⠀⠊⠀⠞⠀⠁⠢&lt;/row&gt;
          &lt;row&gt;⠀&lt;/row&gt;
          &lt;row&gt;⠀&lt;/row&gt;
          &lt;row&gt;⠤⠀⠠⠗⠀⠕⠀⠛⠀⠑⠀⠗&lt;/row&gt;
          &lt;row&gt;⠀&lt;/row&gt;
          &lt;row&gt;⠠⠗⠀⠜⠀⠽⠀⠓⠀⠜⠀⠍⠀⠜⠀⠅⠀⠊⠂&lt;/row&gt;
          &lt;row&gt;⠀&lt;/row&gt;
          &lt;row&gt;⠏⠀⠕⠀⠊⠀⠅⠀⠁⠀⠀⠀⠚⠀⠕⠀⠅⠀⠁⠀⠀⠀⠕⠀⠝&lt;/row&gt;
          &lt;row&gt;⠀&lt;/row&gt;
          &lt;row&gt;⠞⠀⠪⠀⠊⠀⠎⠀⠎⠀⠜⠀⠀⠀⠇⠀⠑⠀⠇⠀⠥⠀⠤&lt;/row&gt;
          &lt;row&gt;⠀&lt;/row&gt;
          &lt;row&gt;⠅⠀⠁⠀⠥⠀⠏⠀⠁⠀⠎⠀⠎⠀⠁⠂&lt;/row&gt;
          &lt;row&gt;⠀&lt;/row&gt;
          &lt;row&gt;⠠⠥⠀⠃⠀⠃⠀⠑⠀⠝⠀⠀⠀⠜⠀⠊⠀⠞⠀⠊&lt;/row&gt;
          &lt;row&gt;⠀&lt;/row&gt;
          &lt;row&gt;⠅⠀⠑⠀⠗⠀⠞⠀⠕⠀⠊⠄⠀⠀⠀⠤⠀⠀⠀⠠⠚⠀⠁&lt;/row&gt;
          &lt;row&gt;⠀&lt;/row&gt;
          &lt;row&gt;⠎⠀⠊⠀⠞⠀⠞⠀⠑⠀⠝⠀⠀⠀⠎⠀⠑&lt;/row&gt;
          &lt;row&gt;⠀&lt;/row&gt;
          &lt;row&gt;⠕⠀⠍⠀⠊⠀⠞⠀⠥⠀⠊⠀⠝⠀⠑⠀⠝&lt;/row&gt;
          &lt;row&gt;⠀&lt;/row&gt;
          &lt;row&gt;⠝⠀⠁⠀⠊⠀⠝⠀⠑⠀⠝⠂⠀⠀⠀⠚⠀⠕⠀⠅⠀⠁&lt;/row&gt;
          &lt;row/&gt;
        &lt;/page&gt;
        &lt;page&gt;
          &lt;row&gt;⠀⠀⠀⠀⠀⠀⠀⠀⠀⠀⠀⠀⠀⠀⠀⠀⠀⠀⠀⠀⠀⠀⠀⠀⠀⠀⠼⠁⠚⠉&lt;/row&gt;
          &lt;row&gt;⠏⠀⠥⠀⠓⠀⠥⠀⠥&lt;/row&gt;
          &lt;row&gt;⠀&lt;/row&gt;
          &lt;row&gt;⠊⠀⠞⠀⠎⠀⠑⠀⠅⠀⠎⠀⠑⠀⠑⠀⠝⠄&lt;/row&gt;
          &lt;row&gt;⠀&lt;/row&gt;
          &lt;row&gt;⠀&lt;/row&gt;
          &lt;row&gt;⠤⠀⠀⠀⠠⠓⠀⠪⠀⠏⠀⠎⠀⠪⠀⠤⠠⠓⠀⠊⠀⠇⠀⠙⠀⠁⠢&lt;/row&gt;
          &lt;row&gt;⠀&lt;/row&gt;
          &lt;row&gt;⠠⠥⠀⠃⠀⠃⠀⠑⠀⠀⠀⠅⠀⠽⠀⠎⠀⠽⠀⠊⠄&lt;/row&gt;
          &lt;row&gt;⠀&lt;/row&gt;
          &lt;row&gt;⠀&lt;/row&gt;
          &lt;row&gt;⠤⠀⠀⠀⠠⠝⠀⠊⠀⠊⠀⠝⠂&lt;/row&gt;
          &lt;row&gt;⠀&lt;/row&gt;
          &lt;row&gt;⠎⠀⠊⠀⠅⠀⠎⠀⠊⠀⠓⠀⠜⠀⠝⠀⠀⠀⠓⠀⠜⠀⠝⠀⠞⠀⠜&lt;/row&gt;
          &lt;row&gt;⠀&lt;/row&gt;
          &lt;row&gt;⠅⠀⠥⠀⠞⠀⠎⠀⠥⠀⠞⠀⠁⠀⠁⠀⠝⠂⠀⠀⠀⠝⠀⠽⠀⠞&lt;/row&gt;
          &lt;row&gt;⠀&lt;/row&gt;
          &lt;row&gt;⠍⠀⠥⠀⠊⠀⠎⠀⠞⠀⠁⠀⠝⠀⠅⠀⠊⠀⠝⠄&lt;/row&gt;
          &lt;row&gt;⠀&lt;/row&gt;
          &lt;row&gt;⠠⠓⠀⠜⠀⠝&lt;/row&gt;
          &lt;row&gt;⠀&lt;/row&gt;
          &lt;row&gt;⠞⠀⠊⠀⠑⠀⠙⠀⠥⠀⠎⠀⠞⠀⠑⠀⠇⠀⠊⠂&lt;/row&gt;
          &lt;row&gt;⠀&lt;/row&gt;
          &lt;row&gt;⠧⠀⠕⠀⠊⠀⠎⠀⠊⠀⠧⠀⠁⠀⠞⠀⠅⠀⠕&lt;/row&gt;
          &lt;row&gt;⠀&lt;/row&gt;
          &lt;row&gt;⠇⠀⠊⠀⠊⠀⠅⠀⠅⠀⠑⠀⠑⠀⠝⠀⠀⠀⠝⠀⠥⠀⠅⠀⠑⠀⠞&lt;/row&gt;
          &lt;row/&gt;
        &lt;/page&gt;
        &lt;page&gt;
          &lt;row&gt;⠀⠀⠀⠀⠀⠀⠀⠀⠀⠀⠀⠀⠀⠀⠀⠀⠀⠀⠀⠀⠀⠀⠀⠀⠀⠀⠼⠁⠚⠙&lt;/row&gt;
          &lt;row&gt;⠞⠀⠥⠀⠇⠀⠇⠀⠁&lt;/row&gt;
          &lt;row&gt;⠀&lt;/row&gt;
          &lt;row&gt;⠧⠀⠊⠀⠑⠀⠞⠀⠞⠀⠜⠀⠍⠀⠜⠀⠜⠀⠝&lt;/row&gt;
          &lt;row&gt;⠀&lt;/row&gt;
          &lt;row&gt;⠚⠀⠕⠀⠥⠀⠇⠀⠥⠀⠁⠀⠀⠀⠓⠀⠜⠀⠝⠀⠑⠀⠝&lt;/row&gt;
          &lt;row&gt;⠀&lt;/row&gt;
          &lt;row&gt;⠇⠀⠥⠀⠕⠀⠅⠀⠎⠀⠑⠀⠑⠀⠝⠄&lt;/row&gt;
          &lt;row&gt;⠀&lt;/row&gt;
          &lt;row&gt;⠠⠓⠀⠜⠀⠝⠀⠀⠀⠇⠀⠥⠀⠏⠀⠁⠀⠎⠀⠊&lt;/row&gt;
          &lt;row&gt;⠀&lt;/row&gt;
          &lt;row&gt;⠞⠀⠥⠀⠕⠀⠙⠀⠁⠀⠀⠀⠝⠀⠑&lt;/row&gt;
          &lt;row&gt;⠀&lt;/row&gt;
          &lt;row&gt;⠞⠀⠁⠀⠅⠀⠁⠀⠊⠀⠎⠀⠊⠀⠝&lt;/row&gt;
          &lt;row&gt;⠀&lt;/row&gt;
          &lt;row&gt;⠞⠀⠁⠀⠏⠀⠁⠀⠝⠀⠊⠀⠝⠀⠏⠀⠜⠀⠊⠀⠧⠀⠜⠀⠝⠀⠜⠄&lt;/row&gt;
          &lt;row&gt;⠀&lt;/row&gt;
          &lt;row&gt;⠰⠠⠞⠀⠜⠀⠽⠀⠞⠀⠽⠀⠽⠀⠓⠀⠜⠀⠝&lt;/row&gt;
          &lt;row&gt;⠀&lt;/row&gt;
          &lt;row&gt;⠝⠀⠊⠀⠊⠀⠙⠀⠑⠀⠝⠀⠅⠀⠊⠀⠝&lt;/row&gt;
          &lt;row&gt;⠀&lt;/row&gt;
          &lt;row&gt;⠎⠀⠁⠀⠁⠀⠙⠀⠁⠀⠀⠀⠏⠀⠊⠀⠞⠀⠜⠀⠜&lt;/row&gt;
          &lt;row&gt;⠀&lt;/row&gt;
          &lt;row&gt;⠚⠀⠕⠀⠎⠀⠅⠀⠥⠀⠎&lt;/row&gt;
          &lt;row&gt;⠀&lt;/row&gt;
          &lt;row&gt;⠓⠀⠁⠀⠥⠀⠎⠀⠅⠀⠁⠀⠁⠰⠂⠀⠀⠀⠓⠀⠜⠀⠝&lt;/row&gt;
          &lt;row/&gt;
        &lt;/page&gt;
        &lt;page&gt;
          &lt;row&gt;⠀⠀⠀⠀⠀⠀⠀⠀⠀⠀⠀⠀⠀⠀⠀⠀⠀⠀⠀⠀⠀⠀⠀⠀⠀⠀⠼⠁⠚⠑&lt;/row&gt;
          &lt;row&gt;⠎⠀⠁⠀⠝⠀⠕⠀⠊⠄⠀⠀⠀⠠⠗⠀⠕⠀⠛⠀⠑⠀⠗&lt;/row&gt;
          &lt;row&gt;⠀&lt;/row&gt;
          &lt;row&gt;⠧⠀⠁⠀⠎⠀⠞⠀⠁⠀⠎⠀⠊⠀⠀⠀⠎⠀⠊⠀⠊⠀⠓⠀⠑⠀⠝⠂&lt;/row&gt;
          &lt;row&gt;⠀&lt;/row&gt;
          &lt;row&gt;⠑⠀⠞⠀⠞⠀⠜⠀⠀⠀⠠⠓⠀⠪⠀⠏⠀⠎⠀⠪⠀⠤&lt;/row&gt;
          &lt;row&gt;⠀&lt;/row&gt;
          &lt;row&gt;⠠⠓⠀⠊⠀⠇⠀⠙⠀⠁⠀⠀⠀⠧⠀⠕⠀⠊⠀⠎⠀⠊&lt;/row&gt;
          &lt;row&gt;⠀&lt;/row&gt;
          &lt;row&gt;⠕⠀⠎⠀⠞⠀⠁⠀⠁⠀⠀⠀⠝⠀⠑⠄&lt;/row&gt;
          &lt;row&gt;⠀&lt;/row&gt;
          &lt;row&gt;⠀&lt;/row&gt;
          &lt;row&gt;⠤⠀⠠⠍⠀⠊⠀⠞⠀⠜⠀⠀⠀⠠⠓⠀⠊⠀⠇⠀⠙⠀⠁&lt;/row&gt;
          &lt;row&gt;⠀&lt;/row&gt;
          &lt;row&gt;⠎⠀⠁⠀⠝⠀⠕⠀⠊⠀⠀⠀⠎⠀⠊⠀⠇⠀⠇⠀⠕⠀⠊⠀⠝⠢&lt;/row&gt;
          &lt;row&gt;⠀&lt;/row&gt;
          &lt;row&gt;⠠⠑⠀⠍⠀⠊⠀⠇⠀⠀⠀⠥⠀⠞⠀⠑⠀⠇⠀⠊⠄&lt;/row&gt;
          &lt;row&gt;⠀&lt;/row&gt;
          &lt;row&gt;⠀&lt;/row&gt;
          &lt;row&gt;⠤⠀⠠⠓⠀⠜⠀⠝⠀⠀⠀⠅⠀⠽⠀⠎⠀⠽⠀⠊⠂&lt;/row&gt;
          &lt;row&gt;⠀&lt;/row&gt;
          &lt;row&gt;⠏⠀⠁⠀⠇⠀⠚⠀⠕⠀⠝⠀⠅⠀⠕⠀⠀⠀⠝⠀⠥⠀⠅⠀⠑⠀⠞&lt;/row&gt;
          &lt;row&gt;⠀&lt;/row&gt;
          &lt;row&gt;⠍⠀⠁⠀⠅⠀⠎⠀⠕⠀⠊⠀⠧⠀⠁⠀⠞⠂⠀⠀⠀⠚⠀⠁&lt;/row&gt;
          &lt;row&gt;⠀&lt;/row&gt;
          &lt;row&gt;⠇⠀⠁⠀⠎⠀⠅⠀⠊&lt;/row&gt;
          &lt;row/&gt;
        &lt;/page&gt;
        &lt;page&gt;
          &lt;row&gt;⠀⠀⠀⠀⠀⠀⠀⠀⠀⠀⠀⠀⠀⠀⠀⠀⠀⠀⠀⠀⠀⠀⠀⠀⠀⠀⠼⠁⠚⠋&lt;/row&gt;
          &lt;row&gt;⠏⠀⠥⠀⠇⠀⠇⠀⠕⠀⠊⠀⠎⠀⠞⠀⠁&lt;/row&gt;
          &lt;row&gt;⠀&lt;/row&gt;
          &lt;row&gt;⠎⠀⠁⠀⠁⠀⠍⠀⠁⠀⠝⠀⠎⠀⠁⠀⠀⠀⠗⠀⠁⠀⠓⠀⠁⠀⠞⠂&lt;/row&gt;
          &lt;row&gt;⠀&lt;/row&gt;
          &lt;row&gt;⠍⠀⠥⠀⠞⠀⠞⠀⠁⠀⠀⠀⠝⠀⠑⠀⠀⠀⠑⠀⠊⠀⠧⠀⠜⠀⠞&lt;/row&gt;
          &lt;row&gt;⠀&lt;/row&gt;
          &lt;row&gt;⠗⠀⠊⠀⠊⠀⠞⠀⠞⠀⠜⠀⠝⠀⠑⠀⠑⠀⠞&lt;/row&gt;
          &lt;row&gt;⠀&lt;/row&gt;
          &lt;row&gt;⠁⠀⠇⠀⠅⠀⠥⠀⠥⠀⠝⠀⠅⠀⠁⠀⠁⠀⠝⠂&lt;/row&gt;
          &lt;row&gt;⠀&lt;/row&gt;
          &lt;row&gt;⠠⠥⠀⠃⠀⠃⠀⠑⠀⠝⠀⠀⠀⠜⠀⠊⠀⠞⠀⠊&lt;/row&gt;
          &lt;row&gt;⠀&lt;/row&gt;
          &lt;row&gt;⠎⠀⠁⠀⠝⠀⠕⠀⠊⠀⠀⠀⠚⠀⠁&lt;/row&gt;
          &lt;row&gt;⠀&lt;/row&gt;
          &lt;row&gt;⠏⠀⠽⠀⠽⠀⠓⠀⠅⠀⠊&lt;/row&gt;
          &lt;row&gt;⠀&lt;/row&gt;
          &lt;row&gt;⠅⠀⠽⠀⠽⠀⠝⠀⠑⠀⠇⠀⠑⠀⠑⠀⠝⠀⠎⠀⠜&lt;/row&gt;
          &lt;row&gt;⠀&lt;/row&gt;
          &lt;row&gt;⠝⠀⠑⠀⠝⠀⠜⠀⠇⠀⠊⠀⠊⠀⠝⠀⠁⠀⠇⠀⠇⠀⠁⠄&lt;/row&gt;
          &lt;row&gt;⠀&lt;/row&gt;
          &lt;row&gt;⠤⠀⠀⠀⠠⠞⠀⠜⠀⠍⠀⠜⠀⠀⠀⠕⠀⠝&lt;/row&gt;
          &lt;row&gt;⠀&lt;/row&gt;
          &lt;row&gt;⠊⠀⠓⠀⠁⠀⠝⠀⠀⠀⠅⠀⠁⠀⠍⠀⠁⠀⠇⠀⠁⠀⠝&lt;/row&gt;
          &lt;row&gt;⠀&lt;/row&gt;
          &lt;row&gt;⠎⠀⠥⠀⠗⠀⠥⠀⠇⠀⠇⠀⠊⠀⠎⠀⠞⠀⠁⠲&lt;/row&gt;
          &lt;row/&gt;
        &lt;/page&gt;
        &lt;page&gt;
          &lt;row&gt;⠀⠀⠀⠀⠀⠀⠀⠀⠀⠀⠀⠀⠀⠀⠀⠀⠀⠀⠀⠀⠀⠀⠀⠀⠀⠀⠼⠁⠚⠛&lt;/row&gt;
          &lt;row&gt;⠼⠙⠄⠀⠀⠀⠠⠇⠀⠥⠀⠅⠀⠥&lt;/row&gt;
          &lt;row&gt;⠀&lt;/row&gt;
          &lt;row&gt;⠀&lt;/row&gt;
          &lt;row&gt;⠀&lt;/row&gt;
          &lt;row&gt;⠤⠀⠀⠀⠠⠍⠀⠑⠀⠝⠀⠝⠀⠜⠀⠜⠀⠝⠀⠀⠀⠚⠀⠕⠄&lt;/row&gt;
          &lt;row&gt;⠀&lt;/row&gt;
          &lt;row&gt;⠠⠍⠀⠽⠀⠪⠀⠓⠀⠜⠀⠎⠀⠞⠀⠽⠀⠍⠀⠍⠀⠑&lt;/row&gt;
          &lt;row&gt;⠀&lt;/row&gt;
          &lt;row&gt;⠚⠀⠥⠀⠍⠀⠏⠀⠏⠀⠁⠀⠞⠀⠥⠀⠝⠀⠝⠀⠊⠀⠇⠀⠞⠀⠁⠂&lt;/row&gt;
          &lt;row&gt;⠀&lt;/row&gt;
          &lt;row&gt;⠠⠥⠀⠃⠀⠃⠀⠑⠀⠀⠀⠎⠀⠁⠀⠝⠀⠕⠀⠊⠂&lt;/row&gt;
          &lt;row&gt;⠀&lt;/row&gt;
          &lt;row&gt;⠅⠀⠥⠀⠝⠀⠀⠀⠓⠀⠜⠀⠝⠀⠑⠀⠝&lt;/row&gt;
          &lt;row&gt;⠀&lt;/row&gt;
          &lt;row&gt;⠜⠀⠊⠀⠞⠀⠊⠀⠝⠀⠎⠀⠜⠀⠀⠀⠕⠀⠇⠀⠊&lt;/row&gt;
          &lt;row&gt;⠀&lt;/row&gt;
          &lt;row&gt;⠇⠀⠜⠀⠓⠀⠞⠀⠑⠀⠝⠀⠽⠀⠞&lt;/row&gt;
          &lt;row&gt;⠀&lt;/row&gt;
          &lt;row&gt;⠅⠀⠕⠀⠞⠀⠊⠀⠊⠀⠝⠄&lt;/row&gt;
          &lt;row&gt;⠀&lt;/row&gt;
          &lt;row&gt;⠀&lt;/row&gt;
          &lt;row&gt;⠠⠑⠀⠍⠀⠊⠀⠇⠀⠀⠀⠅⠀⠁⠀⠞⠀⠎⠀⠕⠀⠊&lt;/row&gt;
          &lt;row&gt;⠀&lt;/row&gt;
          &lt;row&gt;⠅⠀⠑⠀⠇⠀⠇⠀⠕⠀⠁⠄⠀⠀⠀⠠⠎⠀⠑⠀⠀⠀⠕⠀⠇⠀⠊&lt;/row&gt;
          &lt;row&gt;⠀&lt;/row&gt;
          &lt;row&gt;⠍⠀⠑⠀⠇⠀⠅⠀⠑⠀⠊⠀⠝⠀⠀⠀⠅⠀⠁⠀⠅⠀⠎⠀⠊⠄&lt;/row&gt;
        &lt;/page&gt;
        &lt;page&gt;
          &lt;row&gt;⠀⠀⠀⠀⠀⠀⠀⠀⠀⠀⠀⠀⠀⠀⠀⠀⠀⠀⠀⠀⠀⠀⠀⠀⠀⠀⠼⠁⠚⠓&lt;/row&gt;
          &lt;row&gt;⠤⠀⠀⠀⠠⠑⠀⠝⠀⠀⠀⠞⠀⠥⠀⠇⠀⠑&lt;/row&gt;
          &lt;row&gt;⠀&lt;/row&gt;
          &lt;row&gt;⠚⠀⠥⠀⠍⠀⠏⠀⠏⠀⠁⠀⠁⠀⠝&lt;/row&gt;
          &lt;row&gt;⠀&lt;/row&gt;
          &lt;row&gt;⠞⠀⠜⠀⠝⠀⠜⠀⠜⠀⠝⠄⠀⠀⠀⠠⠏⠀⠊⠀⠞⠀⠜⠀⠜&lt;/row&gt;
          &lt;row&gt;⠀&lt;/row&gt;
          &lt;row&gt;⠞⠀⠥⠀⠞⠀⠅⠀⠊⠀⠁⠀⠀⠀⠝⠀⠊⠀⠊⠀⠝&lt;/row&gt;
          &lt;row&gt;⠀&lt;/row&gt;
          &lt;row&gt;⠅⠀⠁⠀⠥⠀⠁⠀⠝⠀⠀⠀⠅⠀⠥⠀⠊⠀⠝&lt;/row&gt;
          &lt;row&gt;⠀&lt;/row&gt;
          &lt;row&gt;⠚⠀⠜⠀⠇⠀⠚⠀⠑⠀⠞⠀⠀⠀⠕⠀⠧⠀⠁⠀⠞&lt;/row&gt;
          &lt;row&gt;⠀&lt;/row&gt;
          &lt;row&gt;⠞⠀⠥⠀⠕⠀⠗⠀⠑⠀⠑⠀⠞⠂⠀⠀⠀⠠⠑⠀⠍⠀⠊⠀⠇&lt;/row&gt;
          &lt;row&gt;⠀&lt;/row&gt;
          &lt;row&gt;⠎⠀⠑⠀⠇⠀⠊⠀⠞⠀⠞⠀⠊⠀⠀⠀⠚⠀⠁&lt;/row&gt;
          &lt;row&gt;⠀&lt;/row&gt;
          &lt;row&gt;⠞⠀⠁⠀⠗⠀⠞⠀⠞⠀⠥⠀⠊&lt;/row&gt;
          &lt;row&gt;⠀&lt;/row&gt;
          &lt;row&gt;⠇⠀⠑⠀⠇⠀⠥⠀⠅⠀⠁⠀⠥⠀⠏⠀⠁⠀⠝&lt;/row&gt;
          &lt;row&gt;⠀&lt;/row&gt;
          &lt;row&gt;⠕⠀⠧⠀⠑⠀⠝⠀⠅⠀⠁⠀⠓⠀⠧⠀⠁⠀⠁⠀⠝⠄&lt;/row&gt;
          &lt;row&gt;⠀&lt;/row&gt;
          &lt;row&gt;⠀&lt;/row&gt;
          &lt;row&gt;⠤⠀⠀⠀⠠⠍⠀⠥⠀⠞⠀⠞⠀⠁&lt;/row&gt;
          &lt;row&gt;⠀&lt;/row&gt;
          &lt;row&gt;⠎⠀⠊⠀⠝⠀⠜⠀⠓⠀⠜⠀⠝⠀⠀⠀⠏⠀⠊⠀⠙⠀⠜⠀⠞&lt;/row&gt;
        &lt;/page&gt;
        &lt;page&gt;
          &lt;row&gt;⠀⠀⠀⠀⠀⠀⠀⠀⠀⠀⠀⠀⠀⠀⠀⠀⠀⠀⠀⠀⠀⠀⠀⠀⠀⠀⠼⠁⠚⠊&lt;/row&gt;
          &lt;row&gt;⠇⠀⠊⠀⠊⠀⠅⠀⠥⠀⠝⠀⠝⠀⠁⠀⠎⠀⠞⠀⠁⠲&lt;/row&gt;
          &lt;row&gt;⠀&lt;/row&gt;
          &lt;row&gt;⠠⠥⠀⠃⠀⠃⠀⠑&lt;/row&gt;
          &lt;row&gt;⠀&lt;/row&gt;
          &lt;row&gt;⠓⠀⠥⠀⠕⠀⠇⠀⠑⠀⠎⠀⠞⠀⠥⠀⠊⠄&lt;/row&gt;
          &lt;row&gt;⠀&lt;/row&gt;
          &lt;row&gt;⠤⠀⠀⠀⠠⠑⠀⠊⠀⠅⠀⠜⠀⠀⠀⠏⠀⠊⠀⠝⠀⠝⠀⠁⠀⠞⠀⠁&lt;/row&gt;
          &lt;row&gt;⠀&lt;/row&gt;
          &lt;row&gt;⠎⠀⠁⠀⠁⠄&lt;/row&gt;
          &lt;row&gt;⠀&lt;/row&gt;
          &lt;row&gt;⠀&lt;/row&gt;
          &lt;row&gt;⠤⠀⠀⠀⠠⠞⠀⠊⠀⠑⠀⠙⠀⠜⠀⠝⠂&lt;/row&gt;
          &lt;row&gt;⠀&lt;/row&gt;
          &lt;row&gt;⠍⠀⠥⠀⠞⠀⠞⠀⠁⠀⠀⠀⠞⠀⠜⠀⠍⠀⠜⠀⠀⠀⠕⠀⠝&lt;/row&gt;
          &lt;row&gt;⠀&lt;/row&gt;
          &lt;row&gt;⠞⠀⠜⠀⠗⠀⠅⠀⠑⠀⠜⠀⠍⠀⠏⠀⠜⠀⠜⠄&lt;/row&gt;
          &lt;row&gt;⠀&lt;/row&gt;
          &lt;row&gt;⠠⠑⠀⠍⠀⠊⠀⠇⠀⠀⠀⠁⠀⠧⠀⠁⠀⠎⠀⠊&lt;/row&gt;
          &lt;row&gt;⠀&lt;/row&gt;
          &lt;row&gt;⠕⠀⠧⠀⠑⠀⠝⠂⠀⠀⠀⠚⠀⠁&lt;/row&gt;
          &lt;row&gt;⠀&lt;/row&gt;
          &lt;row&gt;⠇⠀⠊⠀⠊⠀⠅⠀⠅⠀⠑⠀⠑⠀⠝⠀⠀⠀⠅⠀⠑⠀⠇⠀⠇⠀⠕&lt;/row&gt;
          &lt;row&gt;⠀&lt;/row&gt;
          &lt;row&gt;⠅⠀⠊⠀⠇⠀⠁⠀⠓⠀⠞⠀⠊⠄&lt;/row&gt;
          &lt;row&gt;⠀&lt;/row&gt;
          &lt;row/&gt;
        &lt;/page&gt;
        &lt;page&gt;
          &lt;row&gt;⠀⠀⠀⠀⠀⠀⠀⠀⠀⠀⠀⠀⠀⠀⠀⠀⠀⠀⠀⠀⠀⠀⠀⠀⠀⠀⠼⠁⠁⠚&lt;/row&gt;
          &lt;row&gt;⠤⠀⠀⠀⠠⠍⠀⠥⠀⠞⠀⠞⠀⠁⠀⠀⠀⠠⠗⠀⠕⠀⠛⠀⠑⠀⠗&lt;/row&gt;
          &lt;row&gt;⠀&lt;/row&gt;
          &lt;row&gt;⠕⠀⠝⠀⠀⠀⠎⠀⠊⠀⠑⠀⠇⠀⠇⠀⠜⠄&lt;/row&gt;
          &lt;row&gt;⠀&lt;/row&gt;
          &lt;row&gt;⠠⠕⠀⠇⠀⠑⠀⠞⠀⠅⠀⠕⠀⠀⠀⠎⠀⠊⠀⠝⠀⠜&lt;/row&gt;
          &lt;row&gt;⠀&lt;/row&gt;
          &lt;row&gt;⠊⠀⠓⠀⠁⠀⠝⠀⠀⠀⠧⠀⠊⠀⠊⠀⠎⠀⠁⠀⠎⠢&lt;/row&gt;
          &lt;row&gt;⠀&lt;/row&gt;
          &lt;row&gt;⠀&lt;/row&gt;
          &lt;row&gt;⠤⠀⠀⠀⠠⠍⠀⠊⠀⠝⠀⠜⠀⠀⠀⠕⠀⠇⠀⠑⠀⠝&lt;/row&gt;
          &lt;row&gt;⠀&lt;/row&gt;
          &lt;row&gt;⠅⠀⠁⠀⠓⠀⠚⠀⠕⠄⠀⠀⠀⠠⠍⠀⠥⠀⠞⠀⠞⠀⠁&lt;/row&gt;
          &lt;row&gt;⠀&lt;/row&gt;
          &lt;row&gt;⠚⠀⠕⠀⠎⠀⠀⠀⠕⠀⠇⠀⠑⠀⠝&lt;/row&gt;
          &lt;row&gt;⠀&lt;/row&gt;
          &lt;row&gt;⠞⠀⠜⠀⠜⠀⠇⠀⠇⠀⠜⠀⠀⠀⠠⠗⠀⠕⠀⠛⠀⠑⠀⠗⠀⠊⠀⠝&lt;/row&gt;
          &lt;row&gt;⠀&lt;/row&gt;
          &lt;row&gt;⠅⠀⠁⠀⠝⠀⠎⠀⠎⠀⠁⠂⠀⠀⠀⠎⠀⠊⠀⠇⠀⠇⠀⠕⠀⠊⠀⠝&lt;/row&gt;
          &lt;row&gt;⠀&lt;/row&gt;
          &lt;row&gt;⠠⠇⠀⠊⠀⠝⠀⠙⠀⠁⠀⠀⠀⠕⠀⠝&lt;/row&gt;
          &lt;row&gt;⠀&lt;/row&gt;
          &lt;row&gt;⠞⠀⠥⠀⠗⠀⠧⠀⠁⠀⠎⠀⠎⠀⠁⠀⠀⠀⠚⠀⠁&lt;/row&gt;
          &lt;row&gt;⠀&lt;/row&gt;
          &lt;row&gt;⠧⠀⠕⠀⠊⠀⠀⠀⠇⠀⠊⠀⠧⠀⠁⠀⠓⠀⠞⠀⠁⠀⠁&lt;/row&gt;
          &lt;row&gt;⠀&lt;/row&gt;
          &lt;row&gt;⠅⠀⠕⠀⠞⠀⠊⠀⠊⠀⠝⠄&lt;/row&gt;
        &lt;/page&gt;
        &lt;page&gt;
          &lt;row&gt;⠀⠀⠀⠀⠀⠀⠀⠀⠀⠀⠀⠀⠀⠀⠀⠀⠀⠀⠀⠀⠀⠀⠀⠀⠀⠀⠼⠁⠁⠁&lt;/row&gt;
          &lt;row&gt;⠠⠅⠀⠑⠀⠗⠀⠗⠀⠕⠀⠀⠀⠓⠀⠜⠀⠝⠀⠑⠀⠇⠀⠇⠀⠑⠂&lt;/row&gt;
          &lt;row&gt;⠀&lt;/row&gt;
          &lt;row&gt;⠑⠀⠞⠀⠞⠀⠜⠀⠀⠀⠏⠀⠊⠀⠙⠀⠜⠀⠝&lt;/row&gt;
          &lt;row&gt;⠀&lt;/row&gt;
          &lt;row&gt;⠎⠀⠊⠀⠇⠀⠍⠀⠜⠀⠇⠀⠇⠀⠜&lt;/row&gt;
          &lt;row&gt;⠀&lt;/row&gt;
          &lt;row&gt;⠠⠗⠀⠕⠀⠛⠀⠑⠀⠗⠀⠊⠀⠁⠲&lt;/row&gt;
          &lt;row&gt;⠀&lt;/row&gt;
          &lt;row&gt;⠠⠇⠀⠊⠀⠝⠀⠙⠀⠁⠀⠝⠀⠀⠀⠅⠀⠕⠀⠥⠀⠇⠀⠥&lt;/row&gt;
          &lt;row&gt;⠀&lt;/row&gt;
          &lt;row&gt;⠇⠀⠕⠀⠏⠀⠏⠀⠥⠀⠥⠀⠀⠀⠝⠀⠽⠀⠞⠄&lt;/row&gt;
          &lt;row&gt;⠀&lt;/row&gt;
          &lt;row&gt;⠀&lt;/row&gt;
          &lt;row&gt;⠤⠀⠀⠀⠠⠓⠀⠽⠀⠧⠀⠜⠀⠀⠀⠕⠀⠝⠂&lt;/row&gt;
          &lt;row&gt;⠀&lt;/row&gt;
          &lt;row&gt;⠠⠥⠀⠃⠀⠃⠀⠑⠀⠀⠀⠎⠀⠁⠀⠝⠀⠕⠀⠊&lt;/row&gt;
          &lt;row&gt;⠀&lt;/row&gt;
          &lt;row&gt;⠑⠀⠍⠀⠏⠀⠊⠀⠑⠀⠝⠄&lt;/row&gt;
          &lt;row&gt;⠀&lt;/row&gt;
          &lt;row&gt;⠤⠀⠀⠀⠠⠍⠀⠊⠀⠞⠀⠜⠀⠀⠀⠁⠀⠊⠀⠕⠀⠞&lt;/row&gt;
          &lt;row&gt;⠀&lt;/row&gt;
          &lt;row&gt;⠞⠀⠑⠀⠓⠀⠙⠀⠜⠢&lt;/row&gt;
          &lt;row&gt;⠀&lt;/row&gt;
          &lt;row&gt;⠤⠀⠀⠀⠠⠑⠀⠞⠀⠎⠀⠊⠀⠜⠀⠀⠀⠜⠀⠊⠀⠞⠀⠊⠀⠎⠀⠊&lt;/row&gt;
          &lt;row&gt;⠀&lt;/row&gt;
          &lt;row&gt;⠅⠀⠥⠀⠅⠀⠅⠀⠁⠀⠗⠀⠕⠀⠁⠄&lt;/row&gt;
        &lt;/page&gt;
        &lt;page&gt;
          &lt;row&gt;⠀⠀⠀⠀⠀⠀⠀⠀⠀⠀⠀⠀⠀⠀⠀⠀⠀⠀⠀⠀⠀⠀⠀⠀⠀⠀⠼⠁⠁⠃&lt;/row&gt;
          &lt;row&gt;⠠⠞⠀⠁⠀⠧⠀⠁⠀⠗⠀⠁⠀⠞⠀⠀⠀⠑⠀⠊⠀⠧⠀⠜⠀⠞&lt;/row&gt;
          &lt;row&gt;⠀&lt;/row&gt;
          &lt;row&gt;⠧⠀⠁⠀⠊⠀⠝⠀⠀⠀⠇⠀⠁⠀⠅⠀⠅⠀⠁⠀⠁&lt;/row&gt;
          &lt;row&gt;⠀&lt;/row&gt;
          &lt;row&gt;⠕⠀⠇⠀⠑⠀⠍⠀⠁⠀⠎⠀⠞⠀⠁⠄&lt;/row&gt;
          &lt;row&gt;⠀&lt;/row&gt;
          &lt;row&gt;⠠⠅⠀⠥⠀⠅⠀⠅⠀⠁⠀⠗⠀⠕⠀⠀⠀⠕⠀⠝&lt;/row&gt;
          &lt;row&gt;⠀&lt;/row&gt;
          &lt;row&gt;⠚⠀⠕⠀⠎⠀⠎⠀⠁⠀⠊⠀⠝⠄&lt;/row&gt;
          &lt;row&gt;⠀&lt;/row&gt;
          &lt;row&gt;⠀&lt;/row&gt;
          &lt;row&gt;⠤⠀⠀⠀⠠⠗⠀⠕⠀⠛⠀⠑⠀⠗⠀⠀⠀⠕⠀⠝&lt;/row&gt;
          &lt;row&gt;⠀&lt;/row&gt;
          &lt;row&gt;⠧⠀⠊⠀⠑⠀⠝⠀⠽⠀⠞⠀⠀⠀⠎⠀⠑⠀⠝⠂&lt;/row&gt;
          &lt;row&gt;⠀&lt;/row&gt;
          &lt;row&gt;⠠⠥⠀⠃⠀⠃⠀⠑⠀⠀⠀⠎⠀⠁⠀⠝⠀⠕⠀⠊⠄&lt;/row&gt;
          &lt;row&gt;⠀&lt;/row&gt;
          &lt;row&gt;⠤⠀⠀⠀⠠⠅⠀⠁⠀⠊⠀⠀⠀⠎⠀⠊⠀⠝⠀⠜&lt;/row&gt;
          &lt;row&gt;⠀&lt;/row&gt;
          &lt;row&gt;⠎⠀⠑⠀⠝⠀⠀⠀⠽⠀⠍⠀⠍⠀⠜⠀⠗⠀⠗⠀⠜⠀⠞⠢&lt;/row&gt;
          &lt;row&gt;⠀&lt;/row&gt;
          &lt;row&gt;⠠⠍⠀⠑⠀⠀⠀⠑⠀⠍⠀⠍⠀⠑⠀⠀⠀⠎⠀⠁⠀⠁&lt;/row&gt;
          &lt;row&gt;⠀&lt;/row&gt;
          &lt;row&gt;⠊⠀⠅⠀⠊⠀⠝⠀⠜⠀⠀⠀⠗⠀⠁⠀⠓⠀⠕⠀⠚⠀⠁&lt;/row&gt;
          &lt;row&gt;⠀&lt;/row&gt;
          &lt;row&gt;⠞⠀⠁⠀⠅⠀⠁⠀⠊⠀⠎⠀⠊⠀⠝⠄&lt;/row&gt;
        &lt;/page&gt;
        &lt;page&gt;
          &lt;row&gt;⠀⠀⠀⠀⠀⠀⠀⠀⠀⠀⠀⠀⠀⠀⠀⠀⠀⠀⠀⠀⠀⠀⠀⠀⠀⠀⠼⠁⠁⠉&lt;/row&gt;
          &lt;row&gt;⠠⠍⠀⠊⠀⠝⠀⠜⠀⠀⠀⠇⠀⠜⠀⠓⠀⠙⠀⠑⠀⠝&lt;/row&gt;
          &lt;row&gt;⠀&lt;/row&gt;
          &lt;row&gt;⠝⠀⠽⠀⠞⠄&lt;/row&gt;
          &lt;row&gt;⠀&lt;/row&gt;
          &lt;row&gt;⠀&lt;/row&gt;
          &lt;row&gt;⠤⠀⠀⠀⠠⠑⠀⠊⠀⠀⠀⠕⠀⠇⠀⠑&lt;/row&gt;
          &lt;row&gt;⠀&lt;/row&gt;
          &lt;row&gt;⠧⠀⠁⠀⠗⠀⠍⠀⠁⠀⠁⠂⠀⠀⠀⠑⠀⠞⠀⠞⠀⠜⠀⠀⠀⠎⠀⠑&lt;/row&gt;
          &lt;row&gt;⠀&lt;/row&gt;
          &lt;row&gt;⠕⠀⠝⠀⠀⠀⠠⠗⠀⠕⠀⠛⠀⠑⠀⠗⠂&lt;/row&gt;
          &lt;row&gt;⠀&lt;/row&gt;
          &lt;row&gt;⠧⠀⠁⠀⠊⠀⠅⠀⠅⠀⠁⠀⠀⠀⠍⠀⠑&lt;/row&gt;
          &lt;row&gt;⠀&lt;/row&gt;
          &lt;row&gt;⠑⠀⠏⠀⠜⠀⠊⠀⠇⠀⠑⠀⠍⠀⠍⠀⠑⠀⠅⠀⠊⠀⠝&lt;/row&gt;
          &lt;row&gt;⠀&lt;/row&gt;
          &lt;row&gt;⠓⠀⠜⠀⠝⠀⠞⠀⠜⠄⠀⠀⠀⠠⠕⠀⠝&lt;/row&gt;
          &lt;row&gt;⠀&lt;/row&gt;
          &lt;row&gt;⠕⠀⠇⠀⠞⠀⠁⠀⠧⠀⠁&lt;/row&gt;
          &lt;row&gt;⠀&lt;/row&gt;
          &lt;row&gt;⠞⠀⠕⠀⠙⠀⠊⠀⠎⠀⠞⠀⠑⠀⠊⠀⠞⠀⠁&lt;/row&gt;
          &lt;row&gt;⠀&lt;/row&gt;
          &lt;row&gt;⠑⠀⠝⠀⠝⠀⠑⠀⠝⠀⠀⠀⠅⠀⠥⠀⠊⠀⠝⠀⠀⠀⠧⠀⠕⠀⠊&lt;/row&gt;
          &lt;row&gt;⠀&lt;/row&gt;
          &lt;row&gt;⠎⠀⠽⠀⠽⠀⠞⠀⠞⠀⠜⠀⠜⠀⠀⠀⠅⠀⠑⠀⠞⠀⠜⠀⠜⠀⠝⠄&lt;/row&gt;
          &lt;row&gt;⠀&lt;/row&gt;
          &lt;row/&gt;
        &lt;/page&gt;
        &lt;page&gt;
          &lt;row&gt;⠀⠀⠀⠀⠀⠀⠀⠀⠀⠀⠀⠀⠀⠀⠀⠀⠀⠀⠀⠀⠀⠀⠀⠀⠀⠀⠼⠁⠁⠙&lt;/row&gt;
          &lt;row&gt;⠠⠑⠀⠍⠀⠊⠀⠇⠀⠀⠀⠍⠀⠑⠀⠝⠀⠊&lt;/row&gt;
          &lt;row&gt;⠀&lt;/row&gt;
          &lt;row&gt;⠅⠀⠁⠀⠥⠀⠏⠀⠏⠀⠁⠀⠁⠀⠝⠀⠀⠀⠚⠀⠁&lt;/row&gt;
          &lt;row&gt;⠀&lt;/row&gt;
          &lt;row&gt;⠅⠀⠁⠀⠞⠀⠎⠀⠑⠀⠇⠀⠊&lt;/row&gt;
          &lt;row&gt;⠀&lt;/row&gt;
          &lt;row&gt;⠽⠀⠍⠀⠏⠀⠜⠀⠗⠀⠊⠀⠇⠀⠇⠀⠑⠀⠑⠀⠝⠄&lt;/row&gt;
          &lt;row&gt;⠀&lt;/row&gt;
          &lt;row&gt;⠠⠚⠀⠕⠀⠥⠀⠇⠀⠥⠀⠇⠀⠁⠀⠥⠀⠇⠀⠥⠀⠞&lt;/row&gt;
          &lt;row&gt;⠀&lt;/row&gt;
          &lt;row&gt;⠞⠀⠥⠀⠇⠀⠧⠀⠊⠀⠧⠀⠁⠀⠞&lt;/row&gt;
          &lt;row&gt;⠀&lt;/row&gt;
          &lt;row&gt;⠅⠀⠁⠀⠊⠀⠥⠀⠞⠀⠞⠀⠊⠀⠍⠀⠊⠀⠎⠀⠞⠀⠁⠄&lt;/row&gt;
          &lt;row&gt;⠀&lt;/row&gt;
          &lt;row&gt;⠠⠞⠀⠊⠀⠎⠀⠅⠀⠊⠀⠝⠀⠀⠀⠞⠀⠁⠀⠅⠀⠁⠀⠝⠀⠁&lt;/row&gt;
          &lt;row&gt;⠀&lt;/row&gt;
          &lt;row&gt;⠑⠀⠊⠀⠀⠀⠕⠀⠇⠀⠇⠀⠥⠀⠞&lt;/row&gt;
          &lt;row&gt;⠀&lt;/row&gt;
          &lt;row&gt;⠅⠀⠑⠀⠞⠀⠜⠀⠜⠀⠝⠄⠀⠀⠀⠠⠑⠀⠍⠀⠊⠀⠇&lt;/row&gt;
          &lt;row&gt;⠀&lt;/row&gt;
          &lt;row&gt;⠗⠀⠊⠀⠑⠀⠝⠀⠎⠀⠊&lt;/row&gt;
          &lt;row&gt;⠀&lt;/row&gt;
          &lt;row&gt;⠑⠀⠞⠀⠎⠀⠊⠀⠍⠀⠜⠀⠜⠀⠝&lt;/row&gt;
          &lt;row&gt;⠀&lt;/row&gt;
          &lt;row&gt;⠅⠀⠁⠀⠎⠀⠎⠀⠁⠀⠝⠀⠀⠀⠁⠀⠇⠀⠇⠀⠁&lt;/row&gt;
          &lt;row/&gt;
        &lt;/page&gt;
        &lt;page&gt;
          &lt;row&gt;⠀⠀⠀⠀⠀⠀⠀⠀⠀⠀⠀⠀⠀⠀⠀⠀⠀⠀⠀⠀⠀⠀⠀⠀⠀⠀⠼⠁⠁⠑&lt;/row&gt;
          &lt;row&gt;⠕⠀⠇⠀⠑⠀⠧⠀⠊⠀⠇⠀⠞⠀⠁&lt;/row&gt;
          &lt;row&gt;⠀&lt;/row&gt;
          &lt;row&gt;⠓⠀⠽⠀⠇⠀⠇⠀⠽⠀⠊⠀⠇⠀⠞⠀⠜⠄&lt;/row&gt;
          &lt;row&gt;⠀&lt;/row&gt;
          &lt;row&gt;⠠⠚⠀⠕⠀⠅⠀⠥⠀⠀⠀⠧⠀⠕⠀⠊⠀⠎⠀⠊&lt;/row&gt;
          &lt;row&gt;⠀&lt;/row&gt;
          &lt;row&gt;⠞⠀⠥⠀⠇⠀⠇⠀⠁⠀⠀⠀⠍⠀⠊⠀⠇⠀⠇⠀⠕⠀⠊⠀⠝&lt;/row&gt;
          &lt;row&gt;⠀&lt;/row&gt;
          &lt;row&gt;⠞⠀⠁⠀⠓⠀⠁⠀⠝⠀⠎⠀⠁⠄&lt;/row&gt;
          &lt;row&gt;⠀&lt;/row&gt;
          &lt;row&gt;⠠⠝⠀⠕⠀⠏⠀⠑⠀⠥⠀⠎⠀⠀⠀⠕⠀⠇⠀⠊&lt;/row&gt;
          &lt;row&gt;⠀&lt;/row&gt;
          &lt;row&gt;⠧⠀⠁⠀⠇⠀⠞⠀⠞⠀⠊⠀⠁⠄&lt;/row&gt;
          &lt;row&gt;⠀&lt;/row&gt;
          &lt;row&gt;⠠⠓⠀⠽⠀⠇⠀⠇⠀⠽⠀⠊⠀⠇⠀⠇⠀⠜⠀⠀⠀⠕⠀⠇⠀⠊&lt;/row&gt;
          &lt;row&gt;⠀&lt;/row&gt;
          &lt;row&gt;⠚⠀⠕⠀⠥⠀⠇⠀⠥⠀⠏⠀⠁⠀⠏⠀⠑⠀⠗⠀⠊⠀⠁&lt;/row&gt;
          &lt;row&gt;⠀&lt;/row&gt;
          &lt;row&gt;⠚⠀⠁⠀⠀⠀⠇⠀⠁⠀⠓⠀⠚⠀⠁⠀⠤&lt;/row&gt;
          &lt;row&gt;⠀&lt;/row&gt;
          &lt;row&gt;⠇⠀⠁⠀⠁⠀⠞⠀⠊⠀⠅⠀⠕⠀⠊⠀⠞⠀⠁⠂&lt;/row&gt;
          &lt;row&gt;⠀&lt;/row&gt;
          &lt;row&gt;⠎⠀⠁⠀⠅⠀⠎⠀⠑⠀⠞⠀⠀⠀⠚⠀⠁&lt;/row&gt;
          &lt;row&gt;⠀&lt;/row&gt;
          &lt;row&gt;⠏⠀⠥⠀⠝⠀⠁⠀⠊⠀⠎⠀⠞⠀⠁⠀⠀⠀⠝⠀⠁⠀⠗⠀⠥⠀⠁⠄&lt;/row&gt;
          &lt;row/&gt;
        &lt;/page&gt;
        &lt;page&gt;
          &lt;row&gt;⠀⠀⠀⠀⠀⠀⠀⠀⠀⠀⠀⠀⠀⠀⠀⠀⠀⠀⠀⠀⠀⠀⠀⠀⠀⠀⠼⠁⠁⠋&lt;/row&gt;
          &lt;row&gt;⠠⠑⠀⠊⠀⠀⠀⠅⠀⠥⠀⠅⠀⠅⠀⠁⠀⠗⠀⠕⠀⠁⠄&lt;/row&gt;
          &lt;row&gt;⠀&lt;/row&gt;
          &lt;row&gt;⠀&lt;/row&gt;
          &lt;row&gt;⠠⠓⠀⠜⠀⠝⠀⠀⠀⠚⠀⠁⠀⠞⠀⠅⠀⠕⠀⠊&lt;/row&gt;
          &lt;row&gt;⠀&lt;/row&gt;
          &lt;row&gt;⠑⠀⠞⠀⠎⠀⠊⠀⠍⠀⠊⠀⠎⠀⠞⠀⠜&lt;/row&gt;
          &lt;row&gt;⠀&lt;/row&gt;
          &lt;row&gt;⠝⠀⠜⠀⠽⠀⠞⠀⠑⠀⠊⠀⠅⠀⠅⠀⠥⠀⠝⠀⠁⠀⠇⠀⠞⠀⠁&lt;/row&gt;
          &lt;row&gt;⠀&lt;/row&gt;
          &lt;row&gt;⠚⠀⠕⠀⠥⠀⠇⠀⠥⠀⠞⠀⠕⠀⠝⠀⠞⠀⠞⠀⠥⠀⠚⠀⠑⠀⠝&lt;/row&gt;
          &lt;row&gt;⠀&lt;/row&gt;
          &lt;row&gt;⠎⠀⠑⠀⠁⠀⠎⠀⠞⠀⠁⠂⠀⠀⠀⠝⠀⠁⠀⠇⠀⠇⠀⠑⠀⠤&lt;/row&gt;
          &lt;row&gt;⠀&lt;/row&gt;
          &lt;row&gt;⠓⠀⠽⠀⠇⠀⠇⠀⠽⠀⠇⠀⠞⠀⠜⠀⠀⠀⠚⠀⠁&lt;/row&gt;
          &lt;row&gt;⠀&lt;/row&gt;
          &lt;row&gt;⠓⠀⠽⠀⠇⠀⠇⠀⠽⠀⠇⠀⠞⠀⠜⠂⠀⠀⠀⠚⠀⠕⠀⠇⠀⠇⠀⠁&lt;/row&gt;
          &lt;row&gt;⠀&lt;/row&gt;
          &lt;row&gt;⠕⠀⠇⠀⠊&lt;/row&gt;
          &lt;row&gt;⠀&lt;/row&gt;
          &lt;row&gt;⠏⠀⠊⠀⠑⠀⠝⠀⠕⠀⠊⠀⠎⠀⠍⠀⠁⠀⠇⠀⠇⠀⠑⠀⠚⠀⠁⠄&lt;/row&gt;
          &lt;row&gt;⠀&lt;/row&gt;
          &lt;row&gt;⠠⠑⠀⠊⠀⠀⠀⠍⠀⠊⠀⠞⠀⠜⠀⠜⠀⠝⠄&lt;/row&gt;
          &lt;row&gt;⠀&lt;/row&gt;
          &lt;row&gt;⠀&lt;/row&gt;
          &lt;row&gt;⠀&lt;/row&gt;
          &lt;row/&gt;
        &lt;/page&gt;
        &lt;page&gt;
          &lt;row&gt;⠀⠀⠀⠀⠀⠀⠀⠀⠀⠀⠀⠀⠀⠀⠀⠀⠀⠀⠀⠀⠀⠀⠀⠀⠀⠀⠼⠁⠁⠛&lt;/row&gt;
          &lt;row&gt;⠠⠎⠀⠊⠀⠞⠀⠞⠀⠑⠀⠝⠀⠀⠀⠓⠀⠜⠀⠝&lt;/row&gt;
          &lt;row&gt;⠀&lt;/row&gt;
          &lt;row&gt;⠅⠀⠕⠀⠅⠀⠕⠀⠎⠀⠊&lt;/row&gt;
          &lt;row&gt;⠀&lt;/row&gt;
          &lt;row&gt;⠗⠀⠕⠀⠓⠀⠅⠀⠑⠀⠥⠀⠞⠀⠑⠀⠝⠀⠎⠀⠁⠀⠀⠀⠚⠀⠁&lt;/row&gt;
          &lt;row&gt;⠀&lt;/row&gt;
          &lt;row&gt;⠏⠀⠥⠀⠚⠀⠁⠀⠓⠀⠞⠀⠊⠀⠀⠀⠧⠀⠑⠀⠗⠀⠓⠀⠕⠀⠝&lt;/row&gt;
          &lt;row&gt;⠀&lt;/row&gt;
          &lt;row&gt;⠞⠀⠁⠀⠁⠀⠅⠀⠎⠀⠑⠀⠀⠀⠞⠀⠁⠀⠅⠀⠁⠀⠤&lt;/row&gt;
          &lt;row&gt;⠀&lt;/row&gt;
          &lt;row&gt;⠓⠀⠥⠀⠕⠀⠝⠀⠑⠀⠑⠀⠎⠀⠑⠀⠑⠀⠝⠄&lt;/row&gt;
          &lt;row&gt;⠀&lt;/row&gt;
          &lt;row&gt;⠠⠓⠀⠜⠀⠝⠀⠀⠀⠅⠀⠥⠀⠗⠀⠅⠀⠊⠀⠎⠀⠞⠀⠊&lt;/row&gt;
          &lt;row&gt;⠀&lt;/row&gt;
          &lt;row&gt;⠧⠀⠑⠀⠎⠀⠎⠀⠁⠀⠝⠀⠀⠀⠏⠀⠁⠀⠏⠀⠑⠀⠗⠀⠊⠀⠤&lt;/row&gt;
          &lt;row&gt;⠀&lt;/row&gt;
          &lt;row&gt;⠅⠀⠕⠀⠗⠀⠊⠀⠊⠀⠝⠂⠀⠀⠀⠚⠀⠁&lt;/row&gt;
          &lt;row&gt;⠀&lt;/row&gt;
          &lt;row&gt;⠎⠀⠊⠀⠑⠀⠇⠀⠇⠀⠜⠀⠀⠀⠕⠀⠇⠀⠊&lt;/row&gt;
          &lt;row&gt;⠀&lt;/row&gt;
          &lt;row&gt;⠅⠀⠥⠀⠅⠀⠅⠀⠁⠀⠗⠀⠕⠄&lt;/row&gt;
          &lt;row&gt;⠀&lt;/row&gt;
          &lt;row&gt;⠠⠧⠀⠁⠀⠗⠀⠕⠀⠑⠀⠝&lt;/row&gt;
          &lt;row&gt;⠀&lt;/row&gt;
          &lt;row&gt;⠚⠀⠜⠀⠞⠀⠞⠀⠜⠀⠍⠀⠜⠀⠎⠀⠞⠀⠜&lt;/row&gt;
          &lt;row/&gt;
        &lt;/page&gt;
        &lt;page&gt;
          &lt;row&gt;⠀⠀⠀⠀⠀⠀⠀⠀⠀⠀⠀⠀⠀⠀⠀⠀⠀⠀⠀⠀⠀⠀⠀⠀⠀⠀⠼⠁⠁⠓&lt;/row&gt;
          &lt;row&gt;⠎⠀⠕⠀⠗⠀⠍⠀⠑⠀⠝⠀⠚⠀⠜⠀⠇⠀⠅⠀⠊⠀⠜&lt;/row&gt;
          &lt;row&gt;⠀&lt;/row&gt;
          &lt;row&gt;⠓⠀⠜⠀⠝⠀⠀⠀⠕⠀⠞⠀⠞⠀⠊&lt;/row&gt;
          &lt;row&gt;⠀&lt;/row&gt;
          &lt;row&gt;⠏⠀⠁⠀⠏⠀⠑⠀⠗⠀⠊⠀⠏⠀⠽⠀⠽⠀⠓⠀⠅⠀⠑⠀⠑⠀⠝&lt;/row&gt;
          &lt;row&gt;⠀&lt;/row&gt;
          &lt;row&gt;⠚⠀⠁⠀⠀⠀⠎⠀⠥⠀⠚⠀⠁⠀⠥⠀⠞⠀⠞⠀⠊&lt;/row&gt;
          &lt;row&gt;⠀&lt;/row&gt;
          &lt;row&gt;⠅⠀⠥⠀⠅⠀⠅⠀⠁⠀⠗⠀⠕⠀⠝&lt;/row&gt;
          &lt;row&gt;⠀&lt;/row&gt;
          &lt;row&gt;⠗⠀⠑⠀⠏⠀⠏⠀⠥⠀⠥⠀⠝⠀⠎⠀⠁⠄&lt;/row&gt;
          &lt;row&gt;⠀&lt;/row&gt;
          &lt;row&gt;⠀&lt;/row&gt;
          &lt;row&gt;⠤⠀⠀⠀⠠⠍⠀⠊⠀⠞⠀⠜⠀⠎⠀⠀⠀⠞⠀⠜⠀⠜⠀⠇⠀⠇⠀⠜&lt;/row&gt;
          &lt;row&gt;⠀&lt;/row&gt;
          &lt;row&gt;⠏⠀⠥⠀⠥⠀⠓⠀⠁⠀⠞⠀⠁⠀⠁⠀⠝⠢&lt;/row&gt;
          &lt;row&gt;⠀&lt;/row&gt;
          &lt;row&gt;⠀&lt;/row&gt;
          &lt;row&gt;⠠⠗⠀⠕⠀⠛⠀⠑⠀⠗⠀⠊⠀⠝&lt;/row&gt;
          &lt;row&gt;⠀&lt;/row&gt;
          &lt;row&gt;⠋⠀⠊⠀⠝⠀⠝⠀⠊⠀⠝⠀⠑⠀⠝⠀⠀⠀⠝⠀⠁⠀⠁⠀⠍⠀⠁&lt;/row&gt;
          &lt;row&gt;⠀&lt;/row&gt;
          &lt;row&gt;⠊⠀⠇⠀⠍⠀⠑⠀⠎⠀⠞⠀⠽⠀⠊&lt;/row&gt;
          &lt;row&gt;⠀&lt;/row&gt;
          &lt;row&gt;⠕⠀⠧⠀⠑⠀⠇⠀⠇⠀⠑⠀⠀⠀⠊⠀⠓⠀⠁⠀⠝&lt;/row&gt;
          &lt;row/&gt;
        &lt;/page&gt;
        &lt;page&gt;
          &lt;row&gt;⠀⠀⠀⠀⠀⠀⠀⠀⠀⠀⠀⠀⠀⠀⠀⠀⠀⠀⠀⠀⠀⠀⠀⠀⠀⠀⠼⠁⠁⠊&lt;/row&gt;
          &lt;row&gt;⠽⠀⠇⠀⠇⠀⠜⠀⠞⠀⠞⠀⠜⠀⠑⠀⠝⠄&lt;/row&gt;
          &lt;row&gt;⠀&lt;/row&gt;
          &lt;row&gt;⠠⠑⠀⠍⠀⠊⠀⠇⠀⠀⠀⠑⠀⠊⠀⠀⠀⠕⠀⠇⠀⠇⠀⠥⠀⠞&lt;/row&gt;
          &lt;row&gt;⠀&lt;/row&gt;
          &lt;row&gt;⠅⠀⠥⠀⠥⠀⠇⠀⠇⠀⠥⠀⠞⠀⠀⠀⠓⠀⠜⠀⠝⠀⠑⠀⠝&lt;/row&gt;
          &lt;row&gt;⠀&lt;/row&gt;
          &lt;row&gt;⠞⠀⠥⠀⠇⠀⠑⠀⠧⠀⠁⠀⠝⠄&lt;/row&gt;
          &lt;row&gt;⠀&lt;/row&gt;
          &lt;row&gt;⠠⠑⠀⠍⠀⠊⠀⠇⠀⠊⠀⠝⠀⠀⠀⠎⠀⠽⠀⠙⠀⠜⠀⠝&lt;/row&gt;
          &lt;row&gt;⠀&lt;/row&gt;
          &lt;row&gt;⠚⠀⠽⠀⠎⠀⠅⠀⠽⠀⠞⠀⠞⠀⠊⠀⠀⠀⠚⠀⠁&lt;/row&gt;
          &lt;row&gt;⠀&lt;/row&gt;
          &lt;row&gt;⠅⠀⠕⠀⠗⠀⠧⠀⠊⠀⠎⠀⠎⠀⠁&lt;/row&gt;
          &lt;row&gt;⠀&lt;/row&gt;
          &lt;row&gt;⠎⠀⠥⠀⠓⠀⠊⠀⠎⠀⠊⠄⠀⠀⠀⠠⠝⠀⠊⠀⠊⠀⠝&lt;/row&gt;
          &lt;row&gt;⠀&lt;/row&gt;
          &lt;row&gt;⠅⠀⠕⠀⠧⠀⠁⠀⠎⠀⠞⠀⠊⠀⠀⠀⠓⠀⠜⠀⠝⠀⠞⠀⠜&lt;/row&gt;
          &lt;row&gt;⠀&lt;/row&gt;
          &lt;row&gt;⠏⠀⠑⠀⠇⠀⠕⠀⠞⠀⠞⠀⠊⠄&lt;/row&gt;
          &lt;row&gt;⠀&lt;/row&gt;
          &lt;row&gt;⠀&lt;/row&gt;
          &lt;row&gt;⠤⠀⠀⠀⠠⠞⠀⠑⠀⠑⠀⠝&lt;/row&gt;
          &lt;row&gt;⠀&lt;/row&gt;
          &lt;row&gt;⠞⠀⠊⠀⠑⠀⠞⠀⠑⠀⠑⠀⠇⠀⠇⠀⠊⠀⠎⠀⠞⠀⠜&lt;/row&gt;
          &lt;row&gt;⠀&lt;/row&gt;
          &lt;row&gt;⠞⠀⠥⠀⠞⠀⠅⠀⠊⠀⠍⠀⠥⠀⠎⠀⠞⠀⠁⠂&lt;/row&gt;
        &lt;/page&gt;
        &lt;page&gt;
          &lt;row&gt;⠀⠀⠀⠀⠀⠀⠀⠀⠀⠀⠀⠀⠀⠀⠀⠀⠀⠀⠀⠀⠀⠀⠀⠀⠀⠀⠼⠁⠃⠚&lt;/row&gt;
          &lt;row&gt;⠠⠑⠀⠍⠀⠊⠀⠇⠀⠀⠀⠜⠀⠝⠀⠅⠀⠽⠀⠞⠀⠞⠀⠊⠄&lt;/row&gt;
          &lt;row&gt;⠀&lt;/row&gt;
          &lt;row&gt;⠀&lt;/row&gt;
          &lt;row&gt;⠤⠀⠀⠀⠠⠍⠀⠊⠀⠞⠀⠜&lt;/row&gt;
          &lt;row&gt;⠀&lt;/row&gt;
          &lt;row&gt;⠞⠀⠥⠀⠞⠀⠅⠀⠊⠀⠍⠀⠥⠀⠎⠀⠞⠀⠁⠢&lt;/row&gt;
          &lt;row&gt;⠀&lt;/row&gt;
          &lt;row&gt;⠠⠅⠀⠥⠀⠊⠀⠝⠀⠅⠀⠁⠀⠀⠀⠅⠀⠁⠀⠥⠀⠁⠀⠝&lt;/row&gt;
          &lt;row&gt;⠀&lt;/row&gt;
          &lt;row&gt;⠕⠀⠝⠀⠝⠀⠊⠀⠎⠀⠞⠀⠥⠀⠞&lt;/row&gt;
          &lt;row&gt;⠀&lt;/row&gt;
          &lt;row&gt;⠧⠀⠜⠀⠇⠀⠞⠀⠞⠀⠑⠀⠇⠀⠑⠀⠍⠀⠜⠀⠜⠀⠝&lt;/row&gt;
          &lt;row&gt;⠀&lt;/row&gt;
          &lt;row&gt;⠎⠀⠑⠀⠇⠀⠅⠀⠜⠀⠎⠀⠁⠀⠥⠀⠝⠀⠁⠀⠁⠂&lt;/row&gt;
          &lt;row&gt;⠀&lt;/row&gt;
          &lt;row&gt;⠝⠀⠊⠀⠊⠀⠝⠀⠅⠀⠪⠢&lt;/row&gt;
          &lt;row&gt;⠀&lt;/row&gt;
          &lt;row&gt;⠀&lt;/row&gt;
          &lt;row&gt;⠠⠗⠀⠕⠀⠛⠀⠑⠀⠗⠀⠀⠀⠞⠀⠁⠀⠗⠀⠞⠀⠞⠀⠥⠀⠊&lt;/row&gt;
          &lt;row&gt;⠀&lt;/row&gt;
          &lt;row&gt;⠠⠑⠀⠍⠀⠊⠀⠇⠀⠊⠀⠜&lt;/row&gt;
          &lt;row&gt;⠀&lt;/row&gt;
          &lt;row&gt;⠗⠀⠊⠀⠝⠀⠝⠀⠥⠀⠅⠀⠎⠀⠊⠀⠎⠀⠞⠀⠁⠀⠀⠀⠚⠀⠁&lt;/row&gt;
          &lt;row&gt;⠀&lt;/row&gt;
          &lt;row&gt;⠧⠀⠑⠀⠞⠀⠊⠀⠀⠀⠓⠀⠜⠀⠝⠀⠑⠀⠞&lt;/row&gt;
          &lt;row/&gt;
        &lt;/page&gt;
        &lt;page&gt;
          &lt;row&gt;⠀⠀⠀⠀⠀⠀⠀⠀⠀⠀⠀⠀⠀⠀⠀⠀⠀⠀⠀⠀⠀⠀⠀⠀⠀⠀⠼⠁⠃⠁&lt;/row&gt;
          &lt;row&gt;⠇⠀⠥⠀⠕⠀⠅⠀⠎⠀⠑⠀⠑⠀⠝&lt;/row&gt;
          &lt;row&gt;⠀&lt;/row&gt;
          &lt;row&gt;⠅⠀⠑⠀⠧⠀⠽⠀⠑⠀⠎⠀⠞⠀⠊⠀⠀⠀⠅⠀⠥⠀⠊⠀⠝&lt;/row&gt;
          &lt;row&gt;⠀&lt;/row&gt;
          &lt;row&gt;⠇⠀⠁⠀⠏⠀⠁⠀⠎⠀⠑⠀⠝⠄&lt;/row&gt;
          &lt;row&gt;⠀&lt;/row&gt;
          &lt;row&gt;⠀&lt;/row&gt;
          &lt;row&gt;⠠⠑⠀⠍⠀⠊⠀⠇⠀⠀⠀⠁⠀⠚⠀⠁⠀⠞⠀⠞⠀⠑⠀⠇⠀⠊&lt;/row&gt;
          &lt;row&gt;⠀&lt;/row&gt;
          &lt;row&gt;⠝⠀⠊⠀⠊⠀⠝⠀⠀⠀⠑⠀⠞⠀⠞⠀⠜&lt;/row&gt;
          &lt;row&gt;⠀&lt;/row&gt;
          &lt;row&gt;⠅⠀⠕⠀⠗⠀⠧⠀⠁⠀⠞&lt;/row&gt;
          &lt;row&gt;⠀&lt;/row&gt;
          &lt;row&gt;⠎⠀⠁⠀⠥⠀⠓⠀⠥⠀⠎⠀⠊⠀⠧⠀⠁⠀⠞⠄&lt;/row&gt;
          &lt;row&gt;⠀&lt;/row&gt;
          &lt;row&gt;⠠⠕⠀⠇⠀⠊⠀⠀⠀⠅⠀⠑⠀⠅⠀⠎⠀⠊⠀⠞⠀⠞⠀⠜⠀⠧⠀⠜&lt;/row&gt;
          &lt;row&gt;⠀&lt;/row&gt;
          &lt;row&gt;⠚⠀⠕⠀⠅⠀⠊⠀⠝⠀⠀⠀⠕⠀⠧⠀⠑⠀⠇⠀⠁&lt;/row&gt;
          &lt;row&gt;⠀&lt;/row&gt;
          &lt;row&gt;⠅⠀⠑⠀⠊⠀⠝⠀⠕⠂⠀⠀⠀⠚⠀⠕⠀⠇⠀⠇⠀⠁&lt;/row&gt;
          &lt;row&gt;⠀&lt;/row&gt;
          &lt;row&gt;⠓⠀⠜⠀⠝⠀⠀⠀⠎⠀⠁⠀⠊⠀⠎⠀⠊&lt;/row&gt;
          &lt;row&gt;⠀&lt;/row&gt;
          &lt;row&gt;⠠⠗⠀⠕⠀⠛⠀⠑⠀⠗⠀⠊⠀⠝&lt;/row&gt;
          &lt;row&gt;⠀&lt;/row&gt;
          &lt;row&gt;⠎⠀⠕⠀⠗⠀⠍⠀⠑⠀⠝⠀⠚⠀⠜⠀⠇⠀⠚⠀⠑⠀⠞⠄&lt;/row&gt;
        &lt;/page&gt;
        &lt;page&gt;
          &lt;row&gt;⠀⠀⠀⠀⠀⠀⠀⠀⠀⠀⠀⠀⠀⠀⠀⠀⠀⠀⠀⠀⠀⠀⠀⠀⠀⠀⠼⠁⠃⠃&lt;/row&gt;
          &lt;row&gt;⠤⠀⠀⠀⠠⠑⠀⠊&lt;/row&gt;
          &lt;row&gt;⠀&lt;/row&gt;
          &lt;row&gt;⠎⠀⠊⠀⠝⠀⠝⠀⠑⠀⠏⠀⠜⠀⠊⠀⠝⠀⠅⠀⠜⠀⠜⠀⠝⠄&lt;/row&gt;
          &lt;row&gt;⠀&lt;/row&gt;
          &lt;row&gt;⠠⠚⠀⠕⠀⠎⠀⠀⠀⠝⠀⠜⠀⠽⠀⠞⠀⠜⠀⠞&lt;/row&gt;
          &lt;row&gt;⠀&lt;/row&gt;
          &lt;row&gt;⠅⠀⠜⠀⠞⠀⠞⠀⠜⠀⠎⠀⠊⠂⠀⠀⠀⠧⠀⠕⠀⠊⠀⠝&lt;/row&gt;
          &lt;row&gt;⠀&lt;/row&gt;
          &lt;row&gt;⠅⠀⠑⠀⠗⠀⠞⠀⠕⠀⠁⠀⠀⠀⠅⠀⠥⠀⠊⠀⠝⠀⠅⠀⠁&lt;/row&gt;
          &lt;row&gt;⠀&lt;/row&gt;
          &lt;row&gt;⠜⠀⠇⠀⠽⠀⠅⠀⠜⠀⠎⠀⠀⠀⠕⠀⠇⠀⠑⠀⠞⠄&lt;/row&gt;
          &lt;row&gt;⠀&lt;/row&gt;
          &lt;row&gt;⠀&lt;/row&gt;
          &lt;row&gt;⠤⠀⠀⠀⠠⠕⠀⠇⠀⠊⠀⠅⠀⠕⠀⠀⠀⠞⠀⠥⠀⠕&lt;/row&gt;
          &lt;row&gt;⠀&lt;/row&gt;
          &lt;row&gt;⠧⠀⠊⠀⠞⠀⠎⠀⠊⠢⠀⠀⠀⠠⠗⠀⠕⠀⠛⠀⠑⠀⠗&lt;/row&gt;
          &lt;row&gt;⠀&lt;/row&gt;
          &lt;row&gt;⠞⠀⠥⠀⠊⠀⠚⠀⠕⠀⠞⠀⠞⠀⠊&lt;/row&gt;
          &lt;row&gt;⠀&lt;/row&gt;
          &lt;row&gt;⠠⠑⠀⠍⠀⠊⠀⠇⠀⠊⠀⠜⠄&lt;/row&gt;
          &lt;row&gt;⠀&lt;/row&gt;
          &lt;row&gt;⠤⠀⠀⠀⠠⠇⠀⠪⠀⠽⠀⠎⠀⠊⠀⠝&lt;/row&gt;
          &lt;row&gt;⠀&lt;/row&gt;
          &lt;row&gt;⠧⠀⠁⠀⠝⠀⠓⠀⠁⠀⠝&lt;/row&gt;
          &lt;row&gt;⠀&lt;/row&gt;
          &lt;row&gt;⠑⠀⠝⠀⠝⠀⠥⠀⠎⠀⠞⠀⠥⠀⠎⠀⠅⠀⠊⠀⠗⠀⠚⠀⠁⠀⠝⠄&lt;/row&gt;
        &lt;/page&gt;
        &lt;page&gt;
          &lt;row&gt;⠀⠀⠀⠀⠀⠀⠀⠀⠀⠀⠀⠀⠀⠀⠀⠀⠀⠀⠀⠀⠀⠀⠀⠀⠀⠀⠼⠁⠃⠉&lt;/row&gt;
          &lt;row&gt;⠠⠕⠀⠝⠀⠅⠀⠕⠀⠀⠀⠎⠀⠊⠀⠝⠀⠥⠀⠇⠀⠇⠀⠁&lt;/row&gt;
          &lt;row&gt;⠀&lt;/row&gt;
          &lt;row&gt;⠧⠀⠑⠀⠎⠀⠊⠀⠧⠀⠜⠀⠗⠀⠑⠀⠚⠀⠜⠢&lt;/row&gt;
          &lt;row&gt;⠀&lt;/row&gt;
          &lt;row&gt;⠠⠍⠀⠊⠀⠝⠀⠥⠀⠝⠀⠀⠀⠕⠀⠝&lt;/row&gt;
          &lt;row&gt;⠀&lt;/row&gt;
          &lt;row&gt;⠎⠀⠊⠀⠧⠀⠑⠀⠇⠀⠞⠀⠜⠀⠧⠀⠜&lt;/row&gt;
          &lt;row&gt;⠀&lt;/row&gt;
          &lt;row&gt;⠧⠀⠜⠀⠗⠀⠊⠀⠜&lt;/row&gt;
          &lt;row&gt;⠀&lt;/row&gt;
          &lt;row&gt;⠅⠀⠜⠀⠍⠀⠍⠀⠑⠀⠝⠀⠑⠀⠑⠀⠎⠀⠊⠀⠀⠀⠚⠀⠁&lt;/row&gt;
          &lt;row&gt;⠀&lt;/row&gt;
          &lt;row&gt;⠏⠀⠁⠀⠊⠀⠝⠀⠑⠀⠞⠀⠞⠀⠁⠀⠧⠀⠁⠀⠀⠀⠎⠀⠑⠀⠝&lt;/row&gt;
          &lt;row&gt;⠀&lt;/row&gt;
          &lt;row&gt;⠚⠀⠜⠀⠇⠀⠅⠀⠊&lt;/row&gt;
          &lt;row&gt;⠀&lt;/row&gt;
          &lt;row&gt;⠏⠀⠁⠀⠏⠀⠑⠀⠗⠀⠊⠀⠇⠀⠇⠀⠑⠄&lt;/row&gt;
          &lt;row&gt;⠀&lt;/row&gt;
          &lt;row&gt;⠠⠎⠀⠊⠀⠞⠀⠞⠀⠑⠀⠝⠀⠀⠀⠅⠀⠁⠀⠞⠀⠎⠀⠕⠀⠝&lt;/row&gt;
          &lt;row&gt;⠀&lt;/row&gt;
          &lt;row&gt;⠅⠀⠊⠀⠗⠀⠚⠀⠁⠀⠎⠀⠞⠀⠁⠄&lt;/row&gt;
          &lt;row&gt;⠀&lt;/row&gt;
          &lt;row&gt;⠀&lt;/row&gt;
          &lt;row&gt;⠀&lt;/row&gt;
          &lt;row&gt;⠀&lt;/row&gt;
          &lt;row/&gt;
        &lt;/page&gt;
        &lt;page&gt;
          &lt;row&gt;⠀⠀⠀⠀⠀⠀⠀⠀⠀⠀⠀⠀⠀⠀⠀⠀⠀⠀⠀⠀⠀⠀⠀⠀⠀⠀⠼⠁⠃⠙&lt;/row&gt;
          &lt;row&gt;⠠⠎⠀⠊⠀⠊⠀⠝⠀⠜&lt;/row&gt;
          &lt;row&gt;⠀&lt;/row&gt;
          &lt;row&gt;⠅⠀⠑⠀⠗⠀⠗⠀⠕⠀⠞⠀⠁⠀⠁⠀⠝&lt;/row&gt;
          &lt;row&gt;⠀&lt;/row&gt;
          &lt;row&gt;⠅⠀⠜⠀⠙⠀⠑⠀⠝&lt;/row&gt;
          &lt;row&gt;⠀&lt;/row&gt;
          &lt;row&gt;⠧⠀⠊⠀⠊⠀⠧⠀⠕⠀⠊⠀⠎⠀⠞⠀⠁⠄&lt;/row&gt;
          &lt;row&gt;⠀&lt;/row&gt;
          &lt;row&gt;⠠⠎⠀⠊⠀⠝⠀⠥⠀⠇⠀⠇⠀⠁⠀⠀⠀⠕⠀⠝&lt;/row&gt;
          &lt;row&gt;⠀&lt;/row&gt;
          &lt;row&gt;⠝⠀⠜⠀⠅⠀⠪⠀⠚⠀⠜⠀⠜⠀⠝⠀⠀⠀⠓⠀⠽⠀⠧⠀⠊⠀⠝&lt;/row&gt;
          &lt;row&gt;⠀&lt;/row&gt;
          &lt;row&gt;⠧⠀⠁⠀⠓⠀⠧⠀⠁&lt;/row&gt;
          &lt;row&gt;⠀&lt;/row&gt;
          &lt;row&gt;⠑⠀⠇⠀⠜⠀⠍⠀⠜⠀⠝⠀⠧⠀⠊⠀⠊⠀⠧⠀⠁⠄&lt;/row&gt;
          &lt;row&gt;⠀&lt;/row&gt;
          &lt;row&gt;⠀&lt;/row&gt;
          &lt;row&gt;⠠⠗⠀⠕⠀⠛⠀⠑⠀⠗⠀⠀⠀⠝⠀⠜⠀⠽⠀⠞⠀⠞⠀⠊&lt;/row&gt;
          &lt;row&gt;⠀&lt;/row&gt;
          &lt;row&gt;⠞⠀⠽⠀⠽⠀⠞⠀⠽⠀⠧⠀⠜⠀⠊⠀⠎⠀⠑⠀⠇⠀⠞⠀⠜&lt;/row&gt;
          &lt;row&gt;⠀&lt;/row&gt;
          &lt;row&gt;⠚⠀⠁⠀⠀⠀⠞⠀⠑⠀⠅⠀⠊⠀⠀⠀⠅⠀⠥⠀⠞⠀⠑⠀⠝&lt;/row&gt;
          &lt;row&gt;⠀&lt;/row&gt;
          &lt;row&gt;⠠⠑⠀⠍⠀⠊⠀⠇⠀⠀⠀⠏⠀⠽⠀⠽⠀⠎⠀⠊⠄&lt;/row&gt;
          &lt;row&gt;⠀&lt;/row&gt;
          &lt;row/&gt;
        &lt;/page&gt;
        &lt;page&gt;
          &lt;row&gt;⠀⠀⠀⠀⠀⠀⠀⠀⠀⠀⠀⠀⠀⠀⠀⠀⠀⠀⠀⠀⠀⠀⠀⠀⠀⠀⠼⠁⠃⠑&lt;/row&gt;
          &lt;row&gt;⠤⠀⠀⠀⠠⠍⠀⠊⠀⠞⠀⠑⠀⠝⠀⠀⠀⠎⠀⠁⠀⠁⠀⠝&lt;/row&gt;
          &lt;row&gt;⠀&lt;/row&gt;
          &lt;row&gt;⠞⠀⠊⠀⠑⠀⠞⠀⠜⠀⠜&lt;/row&gt;
          &lt;row&gt;⠀&lt;/row&gt;
          &lt;row&gt;⠧⠀⠁⠀⠎⠀⠞⠀⠁⠀⠥⠀⠅⠀⠎⠀⠑⠀⠝⠢⠀⠀⠀⠓⠀⠜⠀⠝&lt;/row&gt;
          &lt;row&gt;⠀&lt;/row&gt;
          &lt;row&gt;⠎⠀⠪⠀⠎⠀⠎⠀⠪⠀⠞⠀⠞⠀⠊&lt;/row&gt;
          &lt;row&gt;⠀&lt;/row&gt;
          &lt;row&gt;⠏⠀⠽⠀⠪⠀⠗⠀⠊⠀⠞⠀⠑⠀⠇⠀⠇⠀⠑⠀⠝&lt;/row&gt;
          &lt;row&gt;⠀&lt;/row&gt;
          &lt;row&gt;⠅⠀⠊⠀⠑⠀⠇⠀⠊⠀⠅⠀⠕⠀⠗⠀⠥⠀⠁⠀⠁⠀⠝⠄&lt;/row&gt;
          &lt;row&gt;⠀&lt;/row&gt;
          &lt;row&gt;⠀&lt;/row&gt;
          &lt;row&gt;⠤⠀⠀⠀⠠⠍⠀⠑⠀⠊⠀⠇⠀⠁⠀⠁⠀⠝⠀⠀⠀⠎⠀⠑⠀⠝&lt;/row&gt;
          &lt;row&gt;⠀&lt;/row&gt;
          &lt;row&gt;⠎⠀⠊⠀⠝⠀⠥⠀⠇⠀⠇⠀⠑⠂⠀⠀⠀⠅⠀⠥⠀⠝⠀⠀⠀⠎⠀⠑&lt;/row&gt;
          &lt;row&gt;⠀&lt;/row&gt;
          &lt;row&gt;⠕⠀⠝⠀⠀⠀⠧⠀⠁⠀⠇⠀⠍⠀⠊⠀⠎⠄&lt;/row&gt;
          &lt;row&gt;⠀&lt;/row&gt;
          &lt;row&gt;⠀&lt;/row&gt;
          &lt;row&gt;⠤⠀⠀⠀⠠⠎⠀⠊⠀⠊⠀⠎⠀⠞⠀⠊⠀⠜⠲&lt;/row&gt;
          &lt;row&gt;⠀&lt;/row&gt;
          &lt;row&gt;⠠⠗⠀⠕⠀⠛⠀⠑⠀⠗⠀⠀⠀⠎⠀⠁⠀⠝⠀⠕⠀⠊⠀⠀⠀⠚⠀⠁&lt;/row&gt;
          &lt;row&gt;⠀&lt;/row&gt;
          &lt;row&gt;⠓⠀⠑⠀⠊⠀⠞⠀⠞⠀⠊&lt;/row&gt;
          &lt;row/&gt;
        &lt;/page&gt;
        &lt;page&gt;
          &lt;row&gt;⠀⠀⠀⠀⠀⠀⠀⠀⠀⠀⠀⠀⠀⠀⠀⠀⠀⠀⠀⠀⠀⠀⠀⠀⠀⠀⠼⠁⠃⠋&lt;/row&gt;
          &lt;row&gt;⠽⠀⠇⠀⠜⠀⠧⠀⠊⠀⠊⠀⠞⠀⠕⠀⠎⠀⠑⠀⠞&lt;/row&gt;
          &lt;row&gt;⠀&lt;/row&gt;
          &lt;row&gt;⠠⠑⠀⠍⠀⠊⠀⠇⠀⠊⠀⠝⠀⠀⠀⠅⠀⠁⠀⠝⠀⠎⠀⠎⠀⠁&lt;/row&gt;
          &lt;row&gt;⠀&lt;/row&gt;
          &lt;row&gt;⠚⠀⠥⠀⠥⠀⠗⠀⠊⠂⠀⠀⠀⠅⠀⠥⠀⠝&lt;/row&gt;
          &lt;row&gt;⠀&lt;/row&gt;
          &lt;row&gt;⠠⠥⠀⠃⠀⠃⠀⠑⠀⠀⠀⠅⠀⠥⠀⠇⠀⠅⠀⠊&lt;/row&gt;
          &lt;row&gt;⠀&lt;/row&gt;
          &lt;row&gt;⠊⠀⠅⠀⠅⠀⠥⠀⠝⠀⠁⠀⠝⠀⠀⠀⠕⠀⠓⠀⠊⠄&lt;/row&gt;
          &lt;row&gt;⠀&lt;/row&gt;
          &lt;row&gt;⠀&lt;/row&gt;
          &lt;row&gt;⠠⠥⠀⠃⠀⠃⠀⠑⠀⠀⠀⠜⠀⠇⠀⠇⠀⠊⠀⠎⠀⠞⠀⠽⠀⠊&lt;/row&gt;
          &lt;row&gt;⠀&lt;/row&gt;
          &lt;row&gt;⠝⠀⠊⠀⠊⠀⠝⠀⠀⠀⠑⠀⠞⠀⠞⠀⠜⠀⠀⠀⠕⠀⠇⠀⠊&lt;/row&gt;
          &lt;row&gt;⠀&lt;/row&gt;
          &lt;row&gt;⠧⠀⠜⠀⠓⠀⠜⠀⠇⠀⠇⠀⠜&lt;/row&gt;
          &lt;row&gt;⠀&lt;/row&gt;
          &lt;row&gt;⠞⠀⠪⠀⠍⠀⠜⠀⠓⠀⠞⠀⠜⠀⠜&lt;/row&gt;
          &lt;row&gt;⠀&lt;/row&gt;
          &lt;row&gt;⠞⠀⠁⠀⠅⠀⠁⠀⠏⠀⠥⠀⠕⠀⠇⠀⠑⠀⠇⠀⠇⠀⠑⠀⠑⠀⠝&lt;/row&gt;
          &lt;row&gt;⠀&lt;/row&gt;
          &lt;row&gt;⠍⠀⠁⠀⠁⠀⠓⠀⠁⠀⠝⠄&lt;/row&gt;
          &lt;row&gt;⠀&lt;/row&gt;
          &lt;row&gt;⠠⠇⠀⠊⠀⠊⠀⠅⠀⠥⠀⠝⠀⠞⠀⠁⠀⠞⠀⠥⠀⠝⠀⠞⠀⠊&lt;/row&gt;
          &lt;row&gt;⠀&lt;/row&gt;
          &lt;row&gt;⠕⠀⠇⠀⠊⠀⠀⠀⠏⠀⠑⠀⠗⠀⠥⠀⠞⠀⠞⠀⠥⠂&lt;/row&gt;
        &lt;/page&gt;
        &lt;page&gt;
          &lt;row&gt;⠀⠀⠀⠀⠀⠀⠀⠀⠀⠀⠀⠀⠀⠀⠀⠀⠀⠀⠀⠀⠀⠀⠀⠀⠀⠀⠼⠁⠃⠛&lt;/row&gt;
          &lt;row&gt;⠅⠀⠕⠀⠎⠀⠅⠀⠁⠀⠀⠀⠕⠀⠏⠀⠑⠀⠞⠀⠞⠀⠁⠀⠚⠀⠁&lt;/row&gt;
          &lt;row&gt;⠀&lt;/row&gt;
          &lt;row&gt;⠕⠀⠇⠀⠊⠀⠀⠀⠅⠀⠊⠀⠏⠀⠑⠀⠜⠀⠝⠀⠜⠄&lt;/row&gt;
          &lt;row&gt;⠀&lt;/row&gt;
          &lt;row&gt;⠠⠎⠀⠊⠀⠅⠀⠎⠀⠊⠀⠀⠀⠠⠥⠀⠃⠀⠃⠀⠑&lt;/row&gt;
          &lt;row&gt;⠀&lt;/row&gt;
          &lt;row&gt;⠕⠀⠇⠀⠊⠀⠀⠀⠞⠀⠥⠀⠇⠀⠇⠀⠥⠀⠞&lt;/row&gt;
          &lt;row&gt;⠀&lt;/row&gt;
          &lt;row&gt;⠞⠀⠁⠀⠅⠀⠁⠀⠊⠀⠎⠀⠊⠀⠝⠄&lt;/row&gt;
          &lt;row&gt;⠀&lt;/row&gt;
          &lt;row&gt;⠀&lt;/row&gt;
          &lt;row&gt;⠤⠀⠀⠀⠠⠍⠀⠊⠀⠞⠀⠜⠀⠀⠀⠞⠀⠜⠀⠜⠀⠇⠀⠇⠀⠜&lt;/row&gt;
          &lt;row&gt;⠀&lt;/row&gt;
          &lt;row&gt;⠞⠀⠁⠀⠏⠀⠁⠀⠓⠀⠞⠀⠥⠀⠥⠢⠀⠀⠀⠓⠀⠜⠀⠝&lt;/row&gt;
          &lt;row&gt;⠀&lt;/row&gt;
          &lt;row&gt;⠅⠀⠽⠀⠎⠀⠽⠀⠊⠂⠀⠀⠀⠅⠀⠥⠀⠝&lt;/row&gt;
          &lt;row&gt;⠀&lt;/row&gt;
          &lt;row&gt;⠠⠑⠀⠍⠀⠊⠀⠇⠀⠀⠀⠁⠀⠎⠀⠞⠀⠥⠀⠊&lt;/row&gt;
          &lt;row&gt;⠀&lt;/row&gt;
          &lt;row&gt;⠥⠀⠇⠀⠕⠀⠎⠄&lt;/row&gt;
          &lt;row&gt;⠀&lt;/row&gt;
          &lt;row&gt;⠤⠀⠀⠀⠠⠍⠀⠊⠀⠝⠀⠥⠀⠇⠀⠇⠀⠁⠀⠀⠀⠕⠀⠝&lt;/row&gt;
          &lt;row&gt;⠀&lt;/row&gt;
          &lt;row&gt;⠠⠗⠀⠕⠀⠛⠀⠑⠀⠗⠀⠊⠀⠝&lt;/row&gt;
          &lt;row&gt;⠀&lt;/row&gt;
          &lt;row&gt;⠎⠀⠕⠀⠗⠀⠍⠀⠑⠀⠝⠀⠚⠀⠜⠀⠇⠀⠚⠀⠑⠀⠞&lt;/row&gt;
        &lt;/page&gt;
        &lt;page&gt;
          &lt;row&gt;⠀⠀⠀⠀⠀⠀⠀⠀⠀⠀⠀⠀⠀⠀⠀⠀⠀⠀⠀⠀⠀⠀⠀⠀⠀⠀⠼⠁⠃⠓&lt;/row&gt;
          &lt;row&gt;⠏⠀⠁⠀⠏⠀⠑⠀⠗⠀⠊⠀⠇⠀⠇⠀⠁&lt;/row&gt;
          &lt;row&gt;⠀&lt;/row&gt;
          &lt;row&gt;⠚⠀⠁⠀⠀⠀⠇⠀⠪⠀⠽⠀⠎⠀⠊⠀⠝&lt;/row&gt;
          &lt;row&gt;⠀&lt;/row&gt;
          &lt;row&gt;⠅⠀⠥⠀⠅⠀⠅⠀⠁⠀⠗⠀⠕⠀⠝⠄⠀⠀⠀⠠⠎⠀⠑&lt;/row&gt;
          &lt;row&gt;⠀&lt;/row&gt;
          &lt;row&gt;⠧⠀⠕⠀⠊⠀⠀⠀⠕⠀⠇⠀⠇⠀⠁&lt;/row&gt;
          &lt;row&gt;⠀&lt;/row&gt;
          &lt;row&gt;⠜⠀⠊⠀⠞⠀⠊⠀⠎⠀⠊⠄⠀⠀⠀⠠⠚⠀⠕⠀⠎&lt;/row&gt;
          &lt;row&gt;⠀&lt;/row&gt;
          &lt;row&gt;⠅⠀⠥⠀⠅⠀⠅⠀⠁⠀⠗⠀⠕⠀⠎⠀⠎⠀⠁⠀⠀⠀⠕⠀⠝&lt;/row&gt;
          &lt;row&gt;⠀&lt;/row&gt;
          &lt;row&gt;⠠⠗⠀⠕⠀⠛⠀⠑⠀⠗⠀⠊⠀⠝&lt;/row&gt;
          &lt;row&gt;⠀&lt;/row&gt;
          &lt;row&gt;⠎⠀⠕⠀⠗⠀⠍⠀⠑⠀⠝⠀⠚⠀⠜⠀⠇⠀⠚⠀⠑⠀⠞⠂&lt;/row&gt;
          &lt;row&gt;⠀&lt;/row&gt;
          &lt;row&gt;⠞⠀⠊⠀⠑⠀⠙⠀⠜⠀⠍⠀⠍⠀⠑&lt;/row&gt;
          &lt;row&gt;⠀&lt;/row&gt;
          &lt;row&gt;⠑⠀⠞⠀⠞⠀⠜⠀⠀⠀⠓⠀⠜⠀⠝⠀⠀⠀⠕⠀⠝&lt;/row&gt;
          &lt;row&gt;⠀&lt;/row&gt;
          &lt;row&gt;⠧⠀⠁⠀⠗⠀⠁⠀⠎⠄⠀⠀⠀⠠⠍⠀⠥⠀⠥⠀⠎⠀⠎⠀⠁&lt;/row&gt;
          &lt;row&gt;⠀&lt;/row&gt;
          &lt;row&gt;⠞⠀⠁⠀⠏⠀⠁⠀⠥⠀⠅⠀⠎⠀⠑⠀⠎⠀⠎⠀⠁&lt;/row&gt;
          &lt;row&gt;⠀&lt;/row&gt;
          &lt;row&gt;⠓⠀⠜⠀⠝⠀⠀⠀⠕⠀⠝⠀⠀⠀⠎⠀⠽⠀⠽⠀⠞⠀⠪⠀⠝⠄&lt;/row&gt;
          &lt;row/&gt;
        &lt;/page&gt;
        &lt;page&gt;
          &lt;row&gt;⠀⠀⠀⠀⠀⠀⠀⠀⠀⠀⠀⠀⠀⠀⠀⠀⠀⠀⠀⠀⠀⠀⠀⠀⠀⠀⠼⠁⠃⠊&lt;/row&gt;
          &lt;row&gt;⠠⠑⠀⠍⠀⠊⠀⠇⠀⠀⠀⠝⠀⠜⠀⠽⠀⠞⠀⠞⠀⠊&lt;/row&gt;
          &lt;row&gt;⠀&lt;/row&gt;
          &lt;row&gt;⠅⠀⠥⠀⠅⠀⠅⠀⠁⠀⠗⠀⠕⠀⠁&lt;/row&gt;
          &lt;row&gt;⠀&lt;/row&gt;
          &lt;row&gt;⠠⠥⠀⠃⠀⠃⠀⠑⠀⠇⠀⠇⠀⠑⠀⠀⠀⠓⠀⠑⠀⠊⠀⠙⠀⠜⠀⠝&lt;/row&gt;
          &lt;row&gt;⠀&lt;/row&gt;
          &lt;row&gt;⠏⠀⠜⠀⠜⠀⠎⠀⠞⠀⠽⠀⠜⠀⠜⠀⠝&lt;/row&gt;
          &lt;row&gt;⠀&lt;/row&gt;
          &lt;row&gt;⠠⠗⠀⠕⠀⠛⠀⠑⠀⠗⠀⠊⠀⠝&lt;/row&gt;
          &lt;row&gt;⠀&lt;/row&gt;
          &lt;row&gt;⠝⠀⠜⠀⠅⠀⠽⠀⠍⠀⠜⠀⠞⠀⠞⠀⠪⠀⠍⠀⠊⠀⠊⠀⠝⠄&lt;/row&gt;
          &lt;row&gt;⠀&lt;/row&gt;
          &lt;row&gt;⠠⠥⠀⠃⠀⠃⠀⠑⠀⠀⠀⠧⠀⠊⠀⠓⠀⠑⠀⠇⠀⠎⠀⠊⠄&lt;/row&gt;
          &lt;row&gt;⠀&lt;/row&gt;
          &lt;row&gt;⠀&lt;/row&gt;
          &lt;row&gt;⠤⠀⠀⠀⠠⠕⠀⠝⠀⠀⠀⠞⠀⠥⠀⠕&lt;/row&gt;
          &lt;row&gt;⠀&lt;/row&gt;
          &lt;row&gt;⠜⠀⠊⠀⠙⠀⠊⠀⠝⠄⠀⠀⠀⠠⠕⠀⠧⠀⠁⠀⠞⠀⠅⠀⠕&lt;/row&gt;
          &lt;row&gt;⠀&lt;/row&gt;
          &lt;row&gt;⠗⠀⠁⠀⠓⠀⠁⠀⠞⠀⠀⠀⠞⠀⠁⠀⠇⠀⠇⠀⠑⠀⠇⠀⠇⠀⠁⠢&lt;/row&gt;
          &lt;row&gt;⠀&lt;/row&gt;
          &lt;row&gt;⠤⠀⠀⠀⠠⠑⠀⠊⠀⠧⠀⠜⠀⠞⠂&lt;/row&gt;
          &lt;row&gt;⠀&lt;/row&gt;
          &lt;row&gt;⠅⠀⠥⠀⠅⠀⠅⠀⠁⠀⠗⠀⠕⠀⠀⠀⠕⠀⠝&lt;/row&gt;
          &lt;row&gt;⠀&lt;/row&gt;
          &lt;row&gt;⠞⠀⠽⠀⠓⠀⠚⠀⠜⠂⠀⠀⠀⠠⠑⠀⠍⠀⠊⠀⠇&lt;/row&gt;
        &lt;/page&gt;
        &lt;page&gt;
          &lt;row&gt;⠀⠀⠀⠀⠀⠀⠀⠀⠀⠀⠀⠀⠀⠀⠀⠀⠀⠀⠀⠀⠀⠀⠀⠀⠀⠀⠼⠁⠉⠚&lt;/row&gt;
          &lt;row&gt;⠎⠀⠁⠀⠝⠀⠕⠀⠊⠀⠀⠀⠚⠀⠁&lt;/row&gt;
          &lt;row&gt;⠀&lt;/row&gt;
          &lt;row&gt;⠏⠀⠥⠀⠙⠀⠊⠀⠎⠀⠞⠀⠊&lt;/row&gt;
          &lt;row&gt;⠀&lt;/row&gt;
          &lt;row&gt;⠏⠀⠜⠀⠜⠀⠞⠀⠜⠀⠜⠀⠝⠄&lt;/row&gt;
          &lt;row&gt;⠀&lt;/row&gt;
          &lt;row&gt;⠤⠀⠀⠀⠠⠍⠀⠊⠀⠎⠀⠎⠀⠜⠀⠀⠀⠠⠇⠀⠊⠀⠝⠀⠙⠀⠁&lt;/row&gt;
          &lt;row&gt;⠀&lt;/row&gt;
          &lt;row&gt;⠕⠀⠝⠢&lt;/row&gt;
          &lt;row&gt;⠀&lt;/row&gt;
          &lt;row&gt;⠀&lt;/row&gt;
          &lt;row&gt;⠤⠀⠀⠀⠠⠓⠀⠜⠀⠝⠀⠀⠀⠇⠀⠜⠀⠓⠀⠞⠀⠊&lt;/row&gt;
          &lt;row&gt;⠀&lt;/row&gt;
          &lt;row&gt;⠊⠀⠇⠀⠞⠀⠁⠀⠏⠀⠜⠀⠊⠀⠧⠀⠜⠀⠅⠀⠑⠀⠗⠀⠓⠀⠕⠤&lt;/row&gt;
          &lt;row&gt;⠀&lt;/row&gt;
          &lt;row&gt;⠎⠀⠞⠀⠁⠀⠀⠀⠠⠁⠀⠇⠀⠧⠀⠁⠀⠝&lt;/row&gt;
          &lt;row&gt;⠀&lt;/row&gt;
          &lt;row&gt;⠅⠀⠁⠀⠝⠀⠎⠀⠎⠀⠁⠄&lt;/row&gt;
          &lt;row&gt;⠀&lt;/row&gt;
          &lt;row&gt;⠀&lt;/row&gt;
          &lt;row&gt;⠠⠥⠀⠃⠀⠃⠀⠑⠀⠀⠀⠎⠀⠥⠀⠇⠀⠇⠀⠕⠀⠊&lt;/row&gt;
          &lt;row&gt;⠀&lt;/row&gt;
          &lt;row&gt;⠚⠀⠥⠀⠍⠀⠏⠀⠏⠀⠁⠀⠏⠀⠥⠀⠎⠀⠎⠀⠊⠀⠝&lt;/row&gt;
          &lt;row&gt;⠀&lt;/row&gt;
          &lt;row&gt;⠗⠀⠑⠀⠏⠀⠏⠀⠥⠀⠥⠀⠝⠀⠎⠀⠁⠄&lt;/row&gt;
          &lt;row/&gt;
        &lt;/page&gt;
        &lt;page&gt;
          &lt;row&gt;⠀⠀⠀⠀⠀⠀⠀⠀⠀⠀⠀⠀⠀⠀⠀⠀⠀⠀⠀⠀⠀⠀⠀⠀⠀⠀⠼⠁⠉⠁&lt;/row&gt;
          &lt;row&gt;⠤⠀⠀⠀⠠⠍⠀⠑⠀⠝⠀⠝⠀⠜⠀⠜⠀⠝&lt;/row&gt;
          &lt;row&gt;⠀&lt;/row&gt;
          &lt;row&gt;⠞⠀⠑⠀⠊⠀⠇⠀⠇⠀⠑⠂⠀⠀⠀⠠⠑⠀⠍⠀⠊⠀⠇&lt;/row&gt;
          &lt;row&gt;⠀&lt;/row&gt;
          &lt;row&gt;⠎⠀⠁⠀⠝⠀⠕⠀⠊⠄&lt;/row&gt;
          &lt;row&gt;⠀&lt;/row&gt;
          &lt;row&gt;⠤⠀⠀⠀⠠⠍⠀⠊⠀⠝⠀⠥⠀⠇⠀⠇⠀⠁⠀⠀⠀⠕⠀⠝&lt;/row&gt;
          &lt;row&gt;⠀&lt;/row&gt;
          &lt;row&gt;⠁⠀⠎⠀⠊⠀⠁⠀⠁&lt;/row&gt;
          &lt;row&gt;⠀&lt;/row&gt;
          &lt;row&gt;⠜⠀⠊⠀⠙⠀⠊⠀⠇⠀⠇⠀⠑⠀⠎⠀⠊⠄&lt;/row&gt;
          &lt;row&gt;⠀&lt;/row&gt;
          &lt;row&gt;⠀&lt;/row&gt;
          &lt;row&gt;⠀&lt;/row&gt;
          &lt;row&gt;⠀&lt;/row&gt;
          &lt;row&gt;⠀&lt;/row&gt;
          &lt;row&gt;⠀&lt;/row&gt;
          &lt;row&gt;⠀&lt;/row&gt;
          &lt;row&gt;⠀&lt;/row&gt;
          &lt;row&gt;⠀&lt;/row&gt;
          &lt;row&gt;⠀&lt;/row&gt;
          &lt;row&gt;⠀&lt;/row&gt;
          &lt;row&gt;⠀&lt;/row&gt;
          &lt;row&gt;⠀&lt;/row&gt;
          &lt;row&gt;⠀&lt;/row&gt;
          &lt;row/&gt;
        &lt;/page&gt;
        &lt;page&gt;
          &lt;row&gt;⠀⠀⠀⠀⠀⠀⠀⠀⠀⠀⠀⠀⠀⠀⠀⠀⠀⠀⠀⠀⠀⠀⠀⠀⠀⠀⠼⠁⠉⠃&lt;/row&gt;
          &lt;row&gt;⠼⠑⠄⠀⠀⠀⠠⠇⠀⠥⠀⠅⠀⠥&lt;/row&gt;
          &lt;row&gt;⠀&lt;/row&gt;
          &lt;row&gt;⠀&lt;/row&gt;
          &lt;row&gt;⠠⠥⠀⠃⠀⠃⠀⠑⠀⠝⠀⠀⠀⠅⠀⠕⠀⠞⠀⠕⠀⠝⠀⠁&lt;/row&gt;
          &lt;row&gt;⠀&lt;/row&gt;
          &lt;row&gt;⠧⠀⠊⠀⠇⠀⠊⠀⠎⠀⠊⠀⠀⠀⠏⠀⠊⠀⠑⠀⠝⠀⠊⠀⠜&lt;/row&gt;
          &lt;row&gt;⠀&lt;/row&gt;
          &lt;row&gt;⠇⠀⠁⠀⠏⠀⠎⠀⠊⠀⠁⠄⠀⠀⠀⠠⠓⠀⠑&lt;/row&gt;
          &lt;row&gt;⠀&lt;/row&gt;
          &lt;row&gt;⠓⠀⠽⠀⠏⠀⠏⠀⠊⠀⠧⠀⠜⠀⠞&lt;/row&gt;
          &lt;row&gt;⠀&lt;/row&gt;
          &lt;row&gt;⠎⠀⠕⠀⠓⠀⠧⠀⠁⠀⠇⠀⠞⠀⠁&lt;/row&gt;
          &lt;row&gt;⠀&lt;/row&gt;
          &lt;row&gt;⠇⠀⠁⠀⠞⠀⠞⠀⠊⠀⠁⠀⠇⠀⠇⠀⠑⠀⠀⠀⠚⠀⠁&lt;/row&gt;
          &lt;row&gt;⠀&lt;/row&gt;
          &lt;row&gt;⠇⠀⠑⠀⠊⠀⠅⠀⠅⠀⠊⠀⠧⠀⠜⠀⠞⠂⠀⠀⠀⠑⠀⠞⠀⠞⠀⠜&lt;/row&gt;
          &lt;row&gt;⠀&lt;/row&gt;
          &lt;row&gt;⠏⠀⠥⠀⠗⠀⠚⠀⠑⠀⠓⠀⠞⠀⠊⠀⠧⠀⠁⠀⠞&lt;/row&gt;
          &lt;row&gt;⠀&lt;/row&gt;
          &lt;row&gt;⠇⠀⠁⠀⠊⠀⠧⠀⠁⠀⠇⠀⠇⠀⠁&lt;/row&gt;
          &lt;row&gt;⠀&lt;/row&gt;
          &lt;row&gt;⠍⠀⠽⠀⠗⠀⠎⠀⠅⠀⠽⠀⠎⠀⠎⠀⠜⠀⠀⠀⠚⠀⠁&lt;/row&gt;
          &lt;row&gt;⠀&lt;/row&gt;
          &lt;row&gt;⠕⠀⠇⠀⠊⠀⠧⠀⠁⠀⠞&lt;/row&gt;
          &lt;row&gt;⠀&lt;/row&gt;
          &lt;row&gt;⠍⠀⠑⠀⠗⠀⠊⠀⠓⠀⠜⠀⠙⠀⠜⠀⠎⠀⠎⠀⠜⠀⠀⠀⠚⠀⠁&lt;/row&gt;
        &lt;/page&gt;
        &lt;page&gt;
          &lt;row&gt;⠀⠀⠀⠀⠀⠀⠀⠀⠀⠀⠀⠀⠀⠀⠀⠀⠀⠀⠀⠀⠀⠀⠀⠀⠀⠀⠼⠁⠉⠉&lt;/row&gt;
          &lt;row&gt;⠚⠀⠕⠀⠥⠀⠞⠀⠥⠀⠊⠀⠧⠀⠁⠀⠞&lt;/row&gt;
          &lt;row&gt;⠀&lt;/row&gt;
          &lt;row&gt;⠥⠀⠊⠀⠍⠀⠁⠀⠁⠀⠝⠀⠀⠀⠍⠀⠁⠀⠊⠀⠓⠀⠊⠀⠝⠄&lt;/row&gt;
          &lt;row&gt;⠀&lt;/row&gt;
          &lt;row&gt;⠰⠠⠍⠀⠁⠀⠊⠀⠎⠀⠎⠀⠁⠰⠀⠀⠀⠕⠀⠇⠀⠊&lt;/row&gt;
          &lt;row&gt;⠀&lt;/row&gt;
          &lt;row&gt;⠅⠀⠑⠀⠊⠀⠞⠀⠞⠀⠊⠀⠪⠀⠝⠀⠤&lt;/row&gt;
          &lt;row&gt;⠀&lt;/row&gt;
          &lt;row&gt;⠏⠀⠪⠀⠽⠀⠙⠀⠜⠀⠇⠀⠇⠀⠜⠂⠀⠀⠀⠚⠀⠕⠀⠝⠀⠅⠀⠁&lt;/row&gt;
          &lt;row&gt;⠀&lt;/row&gt;
          &lt;row&gt;⠜⠀⠜⠀⠗⠀⠑⠀⠎⠀⠎⠀⠜⠀⠀⠀⠠⠥⠀⠃⠀⠃⠀⠑⠀⠝&lt;/row&gt;
          &lt;row&gt;⠀&lt;/row&gt;
          &lt;row&gt;⠜⠀⠊⠀⠞⠀⠊⠀⠀⠀⠇⠀⠑⠀⠊⠀⠏⠀⠕⠀⠊&lt;/row&gt;
          &lt;row&gt;⠀&lt;/row&gt;
          &lt;row&gt;⠚⠀⠕⠀⠥⠀⠇⠀⠥⠀⠏⠀⠥⠀⠇⠀⠇⠀⠊⠀⠁⠄&lt;/row&gt;
          &lt;row&gt;⠀&lt;/row&gt;
          &lt;row&gt;⠠⠞⠀⠁⠀⠊⠀⠅⠀⠊⠀⠝⠀⠁⠀⠁⠀⠀⠀⠚⠀⠁&lt;/row&gt;
          &lt;row&gt;⠀&lt;/row&gt;
          &lt;row&gt;⠗⠀⠥⠀⠎⠀⠊⠀⠝⠀⠕⠀⠊⠀⠞⠀⠁⠀⠀⠀⠎⠀⠁⠀⠊&lt;/row&gt;
          &lt;row&gt;⠀&lt;/row&gt;
          &lt;row&gt;⠎⠀⠽⠀⠪⠀⠙⠀⠜⠄⠀⠀⠀⠠⠅⠀⠁⠀⠊⠀⠅⠀⠅⠀⠊&lt;/row&gt;
          &lt;row&gt;⠀&lt;/row&gt;
          &lt;row&gt;⠠⠥⠀⠃⠀⠃⠀⠑⠀⠝&lt;/row&gt;
          &lt;row&gt;⠀&lt;/row&gt;
          &lt;row&gt;⠎⠀⠊⠀⠎⠀⠁⠀⠗⠀⠥⠀⠅⠀⠎⠀⠑⠀⠞&lt;/row&gt;
          &lt;row/&gt;
        &lt;/page&gt;
        &lt;page&gt;
          &lt;row&gt;⠀⠀⠀⠀⠀⠀⠀⠀⠀⠀⠀⠀⠀⠀⠀⠀⠀⠀⠀⠀⠀⠀⠀⠀⠀⠀⠼⠁⠉⠙&lt;/row&gt;
          &lt;row&gt;⠕⠀⠇⠀⠊⠀⠧⠀⠁⠀⠞&lt;/row&gt;
          &lt;row&gt;⠀&lt;/row&gt;
          &lt;row&gt;⠧⠀⠁⠀⠇⠀⠅⠀⠕⠀⠊⠀⠎⠀⠊⠀⠝⠀⠁&lt;/row&gt;
          &lt;row&gt;⠀&lt;/row&gt;
          &lt;row&gt;⠚⠀⠁⠀⠥⠀⠓⠀⠕⠀⠊⠀⠎⠀⠞⠀⠁⠄&lt;/row&gt;
          &lt;row&gt;⠀&lt;/row&gt;
          &lt;row&gt;⠠⠏⠀⠊⠀⠅⠀⠅⠀⠥⠀⠀⠀⠠⠃⠀⠊⠀⠃⠀⠊&lt;/row&gt;
          &lt;row&gt;⠀&lt;/row&gt;
          &lt;row&gt;⠕⠀⠇⠀⠊⠀⠀⠀⠞⠀⠽⠀⠪⠀⠝⠀⠞⠀⠜⠀⠝⠀⠽⠀⠞&lt;/row&gt;
          &lt;row&gt;⠀&lt;/row&gt;
          &lt;row&gt;⠗⠀⠥⠀⠎⠀⠊⠀⠝⠀⠕⠀⠊⠀⠞⠀⠁&lt;/row&gt;
          &lt;row&gt;⠀&lt;/row&gt;
          &lt;row&gt;⠧⠀⠁⠀⠊⠀⠏⠀⠏⠀⠁⠀⠁⠀⠝⠀⠎⠀⠁&lt;/row&gt;
          &lt;row&gt;⠀&lt;/row&gt;
          &lt;row&gt;⠚⠀⠁⠀⠀⠀⠎⠀⠁⠀⠝⠀⠕⠀⠊⠂⠀⠀⠀⠑⠀⠞⠀⠞⠀⠜&lt;/row&gt;
          &lt;row&gt;⠀&lt;/row&gt;
          &lt;row&gt;⠝⠀⠑⠀⠀⠀⠕⠀⠇⠀⠊⠀⠧⠀⠁⠀⠞&lt;/row&gt;
          &lt;row&gt;⠀&lt;/row&gt;
          &lt;row&gt;⠝⠀⠥⠀⠅⠀⠑⠀⠝⠀⠅⠀⠁⠀⠅⠀⠅⠀⠁⠀⠁⠄&lt;/row&gt;
          &lt;row&gt;⠀&lt;/row&gt;
          &lt;row&gt;⠀&lt;/row&gt;
          &lt;row&gt;⠤⠀⠀⠀⠠⠕⠀⠇⠀⠑⠀⠞⠀⠞⠀⠑⠀⠅⠀⠕&lt;/row&gt;
          &lt;row&gt;⠀&lt;/row&gt;
          &lt;row&gt;⠇⠀⠪⠀⠽⠀⠞⠀⠜⠀⠝⠀⠑⠀⠑⠀⠞&lt;/row&gt;
          &lt;row&gt;⠀&lt;/row&gt;
          &lt;row&gt;⠅⠀⠥⠀⠅⠀⠅⠀⠁⠀⠗⠀⠕⠀⠝⠀⠊⠢&lt;/row&gt;
        &lt;/page&gt;
        &lt;page&gt;
          &lt;row&gt;⠀⠀⠀⠀⠀⠀⠀⠀⠀⠀⠀⠀⠀⠀⠀⠀⠀⠀⠀⠀⠀⠀⠀⠀⠀⠀⠼⠁⠉⠑&lt;/row&gt;
          &lt;row&gt;⠠⠥⠀⠃⠀⠃⠀⠑⠀⠝⠀⠀⠀⠜⠀⠊⠀⠞⠀⠊&lt;/row&gt;
          &lt;row&gt;⠀&lt;/row&gt;
          &lt;row&gt;⠅⠀⠽⠀⠎⠀⠽⠀⠊⠄&lt;/row&gt;
          &lt;row&gt;⠀&lt;/row&gt;
          &lt;row&gt;⠀&lt;/row&gt;
          &lt;row&gt;⠠⠓⠀⠜⠀⠝⠀⠀⠀⠊⠀⠇⠀⠁⠀⠓⠀⠞⠀⠥⠀⠊&lt;/row&gt;
          &lt;row&gt;⠀&lt;/row&gt;
          &lt;row&gt;⠑⠀⠝⠀⠎⠀⠊⠀⠝⠀⠀⠀⠍⠀⠥⠀⠞⠀⠞⠀⠁&lt;/row&gt;
          &lt;row&gt;⠀&lt;/row&gt;
          &lt;row&gt;⠎⠀⠊⠀⠞⠀⠞⠀⠑⠀⠝&lt;/row&gt;
          &lt;row&gt;⠀&lt;/row&gt;
          &lt;row&gt;⠍⠀⠁⠀⠎⠀⠑⠀⠝⠀⠞⠀⠥⠀⠊⠂&lt;/row&gt;
          &lt;row&gt;⠀&lt;/row&gt;
          &lt;row&gt;⠅⠀⠕⠀⠎⠀⠅⠀⠁&lt;/row&gt;
          &lt;row&gt;⠀&lt;/row&gt;
          &lt;row&gt;⠅⠀⠥⠀⠅⠀⠅⠀⠁⠀⠗⠀⠕⠀⠎⠀⠎⠀⠁⠀⠀⠀⠑⠀⠊&lt;/row&gt;
          &lt;row&gt;⠀&lt;/row&gt;
          &lt;row&gt;⠕⠀⠇⠀⠇⠀⠥⠀⠞⠀⠀⠀⠗⠀⠁⠀⠓⠀⠁⠀⠁⠄&lt;/row&gt;
          &lt;row&gt;⠀&lt;/row&gt;
          &lt;row&gt;⠀&lt;/row&gt;
          &lt;row&gt;⠤⠀⠀⠀⠠⠇⠀⠁⠀⠎⠀⠞⠀⠑⠀⠝⠀⠀⠀⠅⠀⠥⠀⠧⠀⠁⠀⠞&lt;/row&gt;
          &lt;row&gt;⠀&lt;/row&gt;
          &lt;row&gt;⠕⠀⠧⠀⠁⠀⠞⠀⠀⠀⠞⠀⠁⠀⠇⠀⠇⠀⠑⠀⠇⠀⠇⠀⠁⠂&lt;/row&gt;
          &lt;row&gt;⠀&lt;/row&gt;
          &lt;row&gt;⠚⠀⠁⠀⠀⠀⠃⠀⠥⠀⠎⠀⠎⠀⠊⠀⠅⠀⠕⠀⠗⠀⠞⠀⠞⠀⠊⠂&lt;/row&gt;
          &lt;row/&gt;
        &lt;/page&gt;
        &lt;page&gt;
          &lt;row&gt;⠀⠀⠀⠀⠀⠀⠀⠀⠀⠀⠀⠀⠀⠀⠀⠀⠀⠀⠀⠀⠀⠀⠀⠀⠀⠀⠼⠁⠉⠋&lt;/row&gt;
          &lt;row&gt;⠠⠑⠀⠍⠀⠊⠀⠇⠀⠀⠀⠽⠀⠗⠀⠊⠀⠞⠀⠞⠀⠊&lt;/row&gt;
          &lt;row&gt;⠀&lt;/row&gt;
          &lt;row&gt;⠇⠀⠕⠀⠓⠀⠙⠀⠥⠀⠞⠀⠞⠀⠁⠀⠁⠄&lt;/row&gt;
          &lt;row&gt;⠀&lt;/row&gt;
          &lt;row&gt;⠀&lt;/row&gt;
          &lt;row&gt;⠤⠀⠀⠀⠠⠍⠀⠥⠀⠊⠀⠎⠀⠞⠀⠊⠀⠝&lt;/row&gt;
          &lt;row&gt;⠀&lt;/row&gt;
          &lt;row&gt;⠚⠀⠥⠀⠥⠀⠗⠀⠊⠀⠀⠀⠽⠀⠓⠀⠙⠀⠑⠀⠝&lt;/row&gt;
          &lt;row&gt;⠀&lt;/row&gt;
          &lt;row&gt;⠁⠀⠎⠀⠊⠀⠁⠀⠝⠂⠀⠀⠀⠠⠥⠀⠃⠀⠃⠀⠑⠀⠝&lt;/row&gt;
          &lt;row&gt;⠀&lt;/row&gt;
          &lt;row&gt;⠜⠀⠊⠀⠞⠀⠊⠀⠀⠀⠍⠀⠁⠀⠊⠀⠝⠀⠊⠀⠞⠀⠎⠀⠊&lt;/row&gt;
          &lt;row&gt;⠀&lt;/row&gt;
          &lt;row&gt;⠠⠑⠀⠍⠀⠊⠀⠇⠀⠊⠀⠝&lt;/row&gt;
          &lt;row&gt;⠀&lt;/row&gt;
          &lt;row&gt;⠑⠀⠞⠀⠎⠀⠊⠀⠑⠀⠎⠀⠎⠀⠜&lt;/row&gt;
          &lt;row&gt;⠀&lt;/row&gt;
          &lt;row&gt;⠎⠀⠕⠀⠗⠀⠍⠀⠑⠀⠝⠀⠚⠀⠜⠀⠇⠀⠅⠀⠊⠀⠜⠄&lt;/row&gt;
          &lt;row&gt;⠀&lt;/row&gt;
          &lt;row&gt;⠀&lt;/row&gt;
          &lt;row&gt;⠠⠑⠀⠍⠀⠊⠀⠇⠀⠀⠀⠕⠀⠇⠀⠊&lt;/row&gt;
          &lt;row&gt;⠀&lt;/row&gt;
          &lt;row&gt;⠞⠀⠥⠀⠏⠀⠎⠀⠥⠀⠞⠀⠞⠀⠁⠀⠝⠀⠥⠀⠞&lt;/row&gt;
          &lt;row&gt;⠀&lt;/row&gt;
          &lt;row&gt;⠏⠀⠑⠀⠗⠀⠥⠀⠝⠀⠁⠀⠚⠀⠁⠀⠥⠀⠓⠀⠕⠀⠚⠀⠁&lt;/row&gt;
          &lt;row/&gt;
        &lt;/page&gt;
        &lt;page&gt;
          &lt;row&gt;⠀⠀⠀⠀⠀⠀⠀⠀⠀⠀⠀⠀⠀⠀⠀⠀⠀⠀⠀⠀⠀⠀⠀⠀⠀⠀⠼⠁⠉⠛&lt;/row&gt;
          &lt;row&gt;⠅⠀⠥⠀⠅⠀⠅⠀⠁⠀⠗⠀⠕⠀⠇⠀⠇⠀⠑⠂&lt;/row&gt;
          &lt;row&gt;⠀&lt;/row&gt;
          &lt;row&gt;⠚⠀⠕⠀⠞⠀⠞⠀⠁⠀⠀⠀⠎⠀⠕⠀⠗⠀⠍⠀⠑⠀⠝⠀⠤&lt;/row&gt;
          &lt;row&gt;⠀&lt;/row&gt;
          &lt;row&gt;⠚⠀⠜⠀⠇⠀⠚⠀⠑⠀⠞&lt;/row&gt;
          &lt;row&gt;⠀&lt;/row&gt;
          &lt;row&gt;⠑⠀⠗⠀⠕⠀⠞⠀⠞⠀⠥⠀⠊⠀⠎⠀⠊⠀⠧⠀⠁⠀⠞&lt;/row&gt;
          &lt;row&gt;⠀&lt;/row&gt;
          &lt;row&gt;⠝⠀⠁⠀⠓⠀⠁⠀⠎⠀⠞⠀⠁&lt;/row&gt;
          &lt;row&gt;⠀&lt;/row&gt;
          &lt;row&gt;⠎⠀⠑⠀⠇⠀⠧⠀⠑⠀⠍⠀⠍⠀⠊⠀⠝⠂⠀⠀⠀⠚⠀⠁&lt;/row&gt;
          &lt;row&gt;⠀&lt;/row&gt;
          &lt;row&gt;⠓⠀⠜⠀⠝⠀⠀⠀⠅⠀⠥⠀⠧⠀⠁⠀⠎⠀⠊&lt;/row&gt;
          &lt;row&gt;⠀&lt;/row&gt;
          &lt;row&gt;⠝⠀⠊⠀⠊⠀⠞⠀⠜&lt;/row&gt;
          &lt;row&gt;⠀&lt;/row&gt;
          &lt;row&gt;⠅⠀⠜⠀⠝⠀⠝⠀⠽⠀⠅⠀⠅⠀⠜⠀⠤&lt;/row&gt;
          &lt;row&gt;⠀&lt;/row&gt;
          &lt;row&gt;⠅⠀⠁⠀⠍⠀⠑⠀⠗⠀⠁⠀⠇⠀⠇⠀⠁⠀⠁⠀⠝⠄&lt;/row&gt;
          &lt;row&gt;⠀&lt;/row&gt;
          &lt;row&gt;⠀&lt;/row&gt;
          &lt;row&gt;⠤⠀⠀⠀⠠⠍⠀⠊⠀⠝⠀⠅⠀⠜⠢⠀⠀⠀⠠⠑⠀⠍⠀⠊⠀⠇&lt;/row&gt;
          &lt;row&gt;⠀&lt;/row&gt;
          &lt;row&gt;⠍⠀⠥⠀⠞⠀⠊⠀⠎⠀⠊&lt;/row&gt;
          &lt;row&gt;⠀&lt;/row&gt;
          &lt;row&gt;⠅⠀⠑⠀⠎⠀⠅⠀⠊⠀⠞⠀⠞⠀⠽⠀⠝⠀⠑⠀⠑⠀⠝⠀⠜⠄&lt;/row&gt;
        &lt;/page&gt;
        &lt;page&gt;
          &lt;row&gt;⠀⠀⠀⠀⠀⠀⠀⠀⠀⠀⠀⠀⠀⠀⠀⠀⠀⠀⠀⠀⠀⠀⠀⠀⠀⠀⠼⠁⠉⠓&lt;/row&gt;
          &lt;row&gt;⠤⠀⠀⠀⠠⠅⠀⠊⠀⠗⠀⠚⠀⠕⠀⠊⠀⠞⠀⠊⠀⠝&lt;/row&gt;
          &lt;row&gt;⠀&lt;/row&gt;
          &lt;row&gt;⠇⠀⠁⠀⠎⠀⠞⠀⠑⠀⠝&lt;/row&gt;
          &lt;row&gt;⠀&lt;/row&gt;
          &lt;row&gt;⠓⠀⠑⠀⠝⠀⠅⠀⠊⠀⠇⠀⠪⠀⠤&lt;/row&gt;
          &lt;row&gt;⠀&lt;/row&gt;
          &lt;row&gt;⠞⠀⠥⠀⠝⠀⠝⠀⠥⠀⠅⠀⠎⠀⠑⠀⠞&lt;/row&gt;
          &lt;row&gt;⠀&lt;/row&gt;
          &lt;row&gt;⠎⠀⠁⠀⠙⠀⠁⠀⠝⠀⠀⠀⠅⠀⠗⠀⠥⠀⠥⠀⠝⠀⠥⠀⠝&lt;/row&gt;
          &lt;row&gt;⠀&lt;/row&gt;
          &lt;row&gt;⠎⠀⠑⠀⠞⠀⠑⠀⠇⠀⠑⠀⠊⠀⠓⠀⠊⠀⠝⠂&lt;/row&gt;
          &lt;row&gt;⠀&lt;/row&gt;
          &lt;row&gt;⠚⠀⠕⠀⠞⠀⠅⠀⠁⠀⠀⠀⠕⠀⠇⠀⠊⠀⠧⠀⠁⠀⠞&lt;/row&gt;
          &lt;row&gt;⠀&lt;/row&gt;
          &lt;row&gt;⠅⠀⠥⠀⠅⠀⠅⠀⠁⠀⠗⠀⠕⠀⠎⠀⠎⠀⠁⠄&lt;/row&gt;
          &lt;row&gt;⠀&lt;/row&gt;
          &lt;row&gt;⠠⠍⠀⠊⠀⠝⠀⠥⠀⠇⠀⠇⠀⠁⠀⠀⠀⠑⠀⠊&lt;/row&gt;
          &lt;row&gt;⠀&lt;/row&gt;
          &lt;row&gt;⠕⠀⠇⠀⠇⠀⠥⠀⠞⠀⠀⠀⠍⠀⠥⠀⠥⠀⠞⠀⠁&lt;/row&gt;
          &lt;row&gt;⠀&lt;/row&gt;
          &lt;row&gt;⠅⠀⠜⠀⠎⠀⠊⠀⠇⠀⠇⠀⠜⠂⠀⠀⠀⠅⠀⠥⠀⠝&lt;/row&gt;
          &lt;row&gt;⠀&lt;/row&gt;
          &lt;row&gt;⠎⠀⠕⠀⠊⠀⠞⠀⠊⠀⠝&lt;/row&gt;
          &lt;row&gt;⠀&lt;/row&gt;
          &lt;row&gt;⠎⠀⠁⠀⠊⠀⠗⠀⠁⠀⠁⠀⠇⠀⠁⠀⠁⠀⠝⠂&lt;/row&gt;
          &lt;row/&gt;
        &lt;/page&gt;
        &lt;page&gt;
          &lt;row&gt;⠀⠀⠀⠀⠀⠀⠀⠀⠀⠀⠀⠀⠀⠀⠀⠀⠀⠀⠀⠀⠀⠀⠀⠀⠀⠀⠼⠁⠉⠊&lt;/row&gt;
          &lt;row&gt;⠚⠀⠁⠀⠀⠀⠎⠀⠊⠀⠑⠀⠇⠀⠇⠀⠜&lt;/row&gt;
          &lt;row&gt;⠀&lt;/row&gt;
          &lt;row&gt;⠅⠀⠽⠀⠎⠀⠽⠀⠞⠀⠜⠀⠜⠀⠝⠀⠀⠀⠁⠀⠊⠀⠝⠀⠁&lt;/row&gt;
          &lt;row&gt;⠀&lt;/row&gt;
          &lt;row&gt;⠓⠀⠑⠀⠝⠀⠅⠀⠊⠀⠇⠀⠪⠀⠤&lt;/row&gt;
          &lt;row&gt;⠀&lt;/row&gt;
          &lt;row&gt;⠞⠀⠥⠀⠝⠀⠝⠀⠥⠀⠅⠀⠎⠀⠊⠀⠁⠄&lt;/row&gt;
          &lt;row&gt;⠀&lt;/row&gt;
          &lt;row&gt;⠠⠅⠀⠊⠀⠗⠀⠚⠀⠕⠀⠊⠀⠞⠀⠊⠀⠝&lt;/row&gt;
          &lt;row&gt;⠀&lt;/row&gt;
          &lt;row&gt;⠅⠀⠥⠀⠥⠀⠇⠀⠁⠀⠅⠀⠜⠀⠗⠀⠅⠀⠊⠀⠤&lt;/row&gt;
          &lt;row&gt;⠀&lt;/row&gt;
          &lt;row&gt;⠅⠀⠽⠀⠝⠀⠜⠀⠇⠀⠇⠀⠜⠂⠀⠀⠀⠎⠀⠊⠀⠞⠀⠜&lt;/row&gt;
          &lt;row&gt;⠀&lt;/row&gt;
          &lt;row&gt;⠑⠀⠊⠀⠀⠀⠧⠀⠕⠀⠊⠀⠀⠀⠅⠀⠥⠀⠍⠀⠍⠀⠁⠀⠞⠀⠁&lt;/row&gt;
          &lt;row&gt;⠀&lt;/row&gt;
          &lt;row&gt;⠏⠀⠕⠀⠊⠀⠎⠄&lt;/row&gt;
          &lt;row&gt;⠀&lt;/row&gt;
          &lt;row&gt;⠀&lt;/row&gt;
          &lt;row&gt;⠀&lt;/row&gt;
          &lt;row&gt;⠠⠧⠀⠊⠀⠊⠀⠙⠀⠑⠀⠝⠀⠞⠀⠑⠀⠑⠀⠝&lt;/row&gt;
          &lt;row&gt;⠀&lt;/row&gt;
          &lt;row&gt;⠎⠀⠑⠀⠞⠀⠑⠀⠇⠀⠊⠀⠊⠀⠝&lt;/row&gt;
          &lt;row&gt;⠀&lt;/row&gt;
          &lt;row&gt;⠅⠀⠊⠀⠗⠀⠚⠀⠕⠀⠊⠀⠞⠀⠊⠀⠝⠀⠀⠀⠕⠀⠍⠀⠁⠀⠝&lt;/row&gt;
          &lt;row/&gt;
        &lt;/page&gt;
        &lt;page&gt;
          &lt;row&gt;⠀⠀⠀⠀⠀⠀⠀⠀⠀⠀⠀⠀⠀⠀⠀⠀⠀⠀⠀⠀⠀⠀⠀⠀⠀⠀⠼⠁⠙⠚&lt;/row&gt;
          &lt;row&gt;⠓⠀⠑⠀⠝⠀⠅⠀⠊⠀⠇⠀⠪⠀⠤&lt;/row&gt;
          &lt;row&gt;⠀&lt;/row&gt;
          &lt;row&gt;⠞⠀⠥⠀⠝⠀⠝⠀⠥⠀⠅⠀⠎⠀⠑⠀⠝⠀⠊⠄&lt;/row&gt;
          &lt;row&gt;⠀&lt;/row&gt;
          &lt;row&gt;⠀&lt;/row&gt;
          &lt;row&gt;⠤⠀⠀⠀⠠⠍⠀⠥⠀⠞⠀⠞⠀⠁⠀⠀⠀⠎⠀⠑⠀⠓⠀⠜⠀⠝&lt;/row&gt;
          &lt;row&gt;⠀&lt;/row&gt;
          &lt;row&gt;⠕⠀⠝⠀⠀⠀⠍⠀⠁⠀⠓⠀⠞⠀⠁⠀⠧⠀⠁⠀⠁⠲&lt;/row&gt;
          &lt;row&gt;⠀&lt;/row&gt;
          &lt;row&gt;⠠⠎⠀⠊⠀⠊⠀⠞⠀⠜⠀⠀⠀⠝⠀⠜⠀⠅⠀⠑⠀⠑⠂&lt;/row&gt;
          &lt;row&gt;⠀&lt;/row&gt;
          &lt;row&gt;⠑⠀⠞⠀⠞⠀⠜⠀⠀⠀⠝⠀⠑⠀⠀⠀⠕⠀⠧⠀⠁⠀⠞&lt;/row&gt;
          &lt;row&gt;⠀&lt;/row&gt;
          &lt;row&gt;⠎⠀⠊⠀⠝⠀⠥⠀⠝⠀⠀⠀⠗⠀⠁⠀⠓⠀⠕⠀⠚⠀⠁⠀⠎⠀⠊⠄&lt;/row&gt;
          &lt;row&gt;⠀&lt;/row&gt;
          &lt;row&gt;⠀&lt;/row&gt;
          &lt;row&gt;⠤⠀⠀⠀⠠⠗⠀⠕⠀⠛⠀⠑⠀⠗⠀⠀⠀⠝⠀⠑⠀⠀⠀⠕⠀⠝&lt;/row&gt;
          &lt;row&gt;⠀&lt;/row&gt;
          &lt;row&gt;⠧⠀⠊⠀⠑⠀⠝⠀⠽⠀⠞⠂⠀⠀⠀⠥⠀⠎⠀⠅⠀⠕&lt;/row&gt;
          &lt;row&gt;⠀&lt;/row&gt;
          &lt;row&gt;⠝⠀⠽⠀⠞⠲⠀⠀⠀⠠⠥⠀⠃⠀⠃⠀⠑&lt;/row&gt;
          &lt;row&gt;⠀&lt;/row&gt;
          &lt;row&gt;⠎⠀⠁⠀⠝⠀⠕⠀⠊&lt;/row&gt;
          &lt;row&gt;⠀&lt;/row&gt;
          &lt;row&gt;⠅⠀⠥⠀⠥⠀⠇⠀⠕⠀⠎⠀⠞⠀⠁⠀⠑⠀⠝&lt;/row&gt;
          &lt;row/&gt;
        &lt;/page&gt;
        &lt;page&gt;
          &lt;row&gt;⠀⠀⠀⠀⠀⠀⠀⠀⠀⠀⠀⠀⠀⠀⠀⠀⠀⠀⠀⠀⠀⠀⠀⠀⠀⠀⠼⠁⠙⠁&lt;/row&gt;
          &lt;row&gt;⠞⠀⠕⠀⠙⠀⠑⠀⠇⠀⠇⠀⠁&lt;/row&gt;
          &lt;row&gt;⠀&lt;/row&gt;
          &lt;row&gt;⠜⠀⠗⠀⠞⠀⠽⠀⠝⠀⠑⠀⠑⠀⠇⠀⠞⠀⠜⠄&lt;/row&gt;
          &lt;row&gt;⠀&lt;/row&gt;
          &lt;row&gt;⠤⠀⠀⠀⠠⠗⠀⠕⠀⠛⠀⠑⠀⠗⠀⠀⠀⠕⠀⠝&lt;/row&gt;
          &lt;row&gt;⠀&lt;/row&gt;
          &lt;row&gt;⠁⠀⠗⠀⠅⠀⠅⠀⠊⠀⠓⠀⠊⠀⠗⠀⠧⠀⠊⠀⠪⠂&lt;/row&gt;
          &lt;row&gt;⠀&lt;/row&gt;
          &lt;row&gt;⠏⠀⠊⠀⠑⠀⠗⠀⠥⠀⠏⠀⠜⠀⠊⠀⠙⠀⠑⠀⠝&lt;/row&gt;
          &lt;row&gt;⠀&lt;/row&gt;
          &lt;row&gt;⠅⠀⠥⠀⠝⠀⠊⠀⠝⠀⠛⠀⠁⠀⠎⠂&lt;/row&gt;
          &lt;row&gt;⠀&lt;/row&gt;
          &lt;row&gt;⠇⠀⠊⠀⠍⠀⠁⠀⠊⠀⠝⠀⠑⠀⠝&lt;/row&gt;
          &lt;row&gt;⠀&lt;/row&gt;
          &lt;row&gt;⠗⠀⠜⠀⠅⠀⠜⠀⠅⠀⠇⠀⠊⠀⠍⠀⠏⠀⠏⠀⠊&lt;/row&gt;
          &lt;row&gt;⠀&lt;/row&gt;
          &lt;row&gt;⠚⠀⠁⠀⠀⠀⠓⠀⠁⠀⠊⠀⠎⠀⠑⠀⠧⠀⠁&lt;/row&gt;
          &lt;row&gt;⠀&lt;/row&gt;
          &lt;row&gt;⠅⠀⠁⠀⠅⠀⠅⠀⠁⠀⠇⠀⠜⠀⠚⠀⠜⠄⠀⠀⠀⠠⠓⠀⠜⠀⠝&lt;/row&gt;
          &lt;row&gt;⠀&lt;/row&gt;
          &lt;row&gt;⠞⠀⠑⠀⠅⠀⠑⠀⠑⠀⠀⠀⠁⠀⠊⠀⠝⠀⠁&lt;/row&gt;
          &lt;row&gt;⠀&lt;/row&gt;
          &lt;row&gt;⠅⠀⠊⠀⠥⠀⠎⠀⠁⠀⠁⠄&lt;/row&gt;
          &lt;row&gt;⠀&lt;/row&gt;
          &lt;row&gt;⠀&lt;/row&gt;
          &lt;row/&gt;
        &lt;/page&gt;
        &lt;page&gt;
          &lt;row&gt;⠀⠀⠀⠀⠀⠀⠀⠀⠀⠀⠀⠀⠀⠀⠀⠀⠀⠀⠀⠀⠀⠀⠀⠀⠀⠀⠼⠁⠙⠃&lt;/row&gt;
          &lt;row&gt;⠤⠀⠀⠀⠠⠑⠀⠓⠀⠅⠀⠜⠂⠀⠀⠀⠠⠑⠀⠍⠀⠊⠀⠇&lt;/row&gt;
          &lt;row&gt;⠀&lt;/row&gt;
          &lt;row&gt;⠍⠀⠽⠀⠪⠀⠝⠀⠎⠀⠊⠂⠀⠀⠀⠤⠀⠀⠀⠍⠀⠥⠀⠞⠀⠞⠀⠁&lt;/row&gt;
          &lt;row&gt;⠀&lt;/row&gt;
          &lt;row&gt;⠑⠀⠊⠀⠀⠀⠎⠀⠑⠀⠀⠀⠎⠀⠊⠀⠇⠀⠞⠀⠊&lt;/row&gt;
          &lt;row&gt;⠀&lt;/row&gt;
          &lt;row&gt;⠞⠀⠁⠀⠗⠀⠅⠀⠕⠀⠊⠀⠞⠀⠁⠂&lt;/row&gt;
          &lt;row&gt;⠀&lt;/row&gt;
          &lt;row&gt;⠑⠀⠞⠀⠞⠀⠜⠀⠀⠀⠓⠀⠜⠀⠝⠀⠀⠀⠕⠀⠝&lt;/row&gt;
          &lt;row&gt;⠀&lt;/row&gt;
          &lt;row&gt;⠎⠀⠽⠀⠽⠀⠇⠀⠇⠀⠊⠀⠝⠀⠑⠀⠝⠄&lt;/row&gt;
          &lt;row&gt;⠀&lt;/row&gt;
          &lt;row&gt;⠠⠑⠀⠍⠀⠍⠀⠑⠀⠀⠀⠞⠀⠊⠀⠑⠀⠙⠀⠜&lt;/row&gt;
          &lt;row&gt;⠀&lt;/row&gt;
          &lt;row&gt;⠎⠀⠊⠀⠞⠀⠜⠀⠀⠀⠧⠀⠊⠀⠑⠀⠇⠀⠜⠄&lt;/row&gt;
          &lt;row&gt;⠀&lt;/row&gt;
          &lt;row&gt;⠠⠍⠀⠊⠀⠝⠀⠜⠀⠀⠀⠎⠀⠕⠀⠊⠀⠞⠀⠁⠀⠝&lt;/row&gt;
          &lt;row&gt;⠀&lt;/row&gt;
          &lt;row&gt;⠇⠀⠑⠀⠓⠀⠞⠀⠑⠀⠑⠀⠝⠄&lt;/row&gt;
          &lt;row&gt;⠀&lt;/row&gt;
          &lt;row&gt;⠀&lt;/row&gt;
          &lt;row&gt;⠠⠑⠀⠍⠀⠊⠀⠇⠀⠀⠀⠧⠀⠁⠀⠇⠀⠊⠀⠞⠀⠎⠀⠊&lt;/row&gt;
          &lt;row&gt;⠀&lt;/row&gt;
          &lt;row&gt;⠝⠀⠥⠀⠍⠀⠑⠀⠗⠀⠕⠀⠝&lt;/row&gt;
          &lt;row&gt;⠀&lt;/row&gt;
          &lt;row&gt;⠅⠀⠜⠀⠝⠀⠝⠀⠽⠀⠅⠀⠜⠀⠇⠀⠇⠀⠜⠀⠜⠀⠝⠂&lt;/row&gt;
        &lt;/page&gt;
        &lt;page&gt;
          &lt;row&gt;⠀⠀⠀⠀⠀⠀⠀⠀⠀⠀⠀⠀⠀⠀⠀⠀⠀⠀⠀⠀⠀⠀⠀⠀⠀⠀⠼⠁⠙⠉&lt;/row&gt;
          &lt;row&gt;⠚⠀⠁⠀⠀⠀⠏⠀⠊⠀⠁⠀⠝&lt;/row&gt;
          &lt;row&gt;⠀&lt;/row&gt;
          &lt;row&gt;⠓⠀⠜⠀⠝⠀⠑⠀⠞&lt;/row&gt;
          &lt;row&gt;⠀&lt;/row&gt;
          &lt;row&gt;⠽⠀⠓⠀⠙⠀⠊⠀⠎⠀⠞⠀⠑⠀⠞⠀⠞⠀⠊⠀⠊⠀⠝&lt;/row&gt;
          &lt;row&gt;⠀&lt;/row&gt;
          &lt;row&gt;⠥⠀⠥⠀⠞⠀⠊⠀⠎⠀⠤&lt;/row&gt;
          &lt;row&gt;⠀&lt;/row&gt;
          &lt;row&gt;⠞⠀⠕⠀⠊⠀⠍⠀⠊⠀⠞⠀⠥⠀⠅⠀⠎⠀⠑⠀⠑⠀⠝⠄&lt;/row&gt;
          &lt;row&gt;⠀&lt;/row&gt;
          &lt;row&gt;⠀&lt;/row&gt;
          &lt;row&gt;⠀&lt;/row&gt;
          &lt;row&gt;⠠⠓⠀⠜⠀⠝⠀⠀⠀⠅⠀⠑⠀⠗⠀⠞⠀⠕⠀⠊⠂&lt;/row&gt;
          &lt;row&gt;⠀&lt;/row&gt;
          &lt;row&gt;⠑⠀⠞⠀⠞⠀⠜⠀⠀⠀⠠⠥⠀⠃⠀⠃⠀⠑⠀⠝&lt;/row&gt;
          &lt;row&gt;⠀&lt;/row&gt;
          &lt;row&gt;⠜⠀⠊⠀⠙⠀⠊⠀⠝⠀⠀⠀⠗⠀⠁⠀⠓⠀⠁⠀⠞&lt;/row&gt;
          &lt;row&gt;⠀&lt;/row&gt;
          &lt;row&gt;⠕⠀⠇⠀⠊⠀⠀⠀⠧⠀⠁⠀⠗⠀⠁⠀⠎⠀⠞⠀⠑⠀⠞⠀⠞⠀⠥&lt;/row&gt;
          &lt;row&gt;⠀&lt;/row&gt;
          &lt;row&gt;⠚⠀⠁⠀⠀⠀⠑⠀⠞⠀⠞⠀⠜&lt;/row&gt;
          &lt;row&gt;⠀&lt;/row&gt;
          &lt;row&gt;⠎⠀⠑⠀⠞⠀⠑⠀⠇⠀⠊⠀⠞⠀⠀⠀⠕⠀⠇⠀⠊&lt;/row&gt;
          &lt;row&gt;⠀&lt;/row&gt;
          &lt;row&gt;⠍⠀⠑⠀⠗⠀⠅⠀⠊⠀⠞⠀⠞⠀⠽&lt;/row&gt;
          &lt;row/&gt;
        &lt;/page&gt;
        &lt;page&gt;
          &lt;row&gt;⠀⠀⠀⠀⠀⠀⠀⠀⠀⠀⠀⠀⠀⠀⠀⠀⠀⠀⠀⠀⠀⠀⠀⠀⠀⠀⠼⠁⠙⠙&lt;/row&gt;
          &lt;row&gt;⠅⠀⠥⠀⠥⠀⠇⠀⠁⠀⠅⠀⠜⠀⠗⠀⠅⠀⠊⠀⠤&lt;/row&gt;
          &lt;row&gt;⠀&lt;/row&gt;
          &lt;row&gt;⠅⠀⠽⠀⠝⠀⠜⠀⠇⠀⠇⠀⠜⠄&lt;/row&gt;
          &lt;row&gt;⠀&lt;/row&gt;
          &lt;row&gt;⠀&lt;/row&gt;
          &lt;row&gt;⠤⠀⠀⠀⠠⠍⠀⠊⠀⠞⠀⠜⠀⠀⠀⠓⠀⠽⠀⠪⠀⠞⠀⠽⠀⠜&lt;/row&gt;
          &lt;row&gt;⠀&lt;/row&gt;
          &lt;row&gt;⠞⠀⠥⠀⠕⠀⠎⠀⠞⠀⠁⠀⠀⠀⠕⠀⠇⠀⠊⠢&lt;/row&gt;
          &lt;row&gt;⠀&lt;/row&gt;
          &lt;row&gt;⠞⠀⠊⠀⠧⠀⠁⠀⠎⠀⠊⠀⠀⠀⠠⠥⠀⠃⠀⠃⠀⠑⠂&lt;/row&gt;
          &lt;row&gt;⠀&lt;/row&gt;
          &lt;row&gt;⠚⠀⠕⠀⠞⠀⠁⠀⠀⠀⠽⠀⠓⠀⠜&lt;/row&gt;
          &lt;row&gt;⠀&lt;/row&gt;
          &lt;row&gt;⠅⠀⠊⠀⠥⠀⠅⠀⠥⠀⠞⠀⠞⠀⠊⠂⠀⠀⠀⠑⠀⠞⠀⠞⠀⠑⠀⠊&lt;/row&gt;
          &lt;row&gt;⠀&lt;/row&gt;
          &lt;row&gt;⠠⠑⠀⠍⠀⠊⠀⠇⠀⠀⠀⠞⠀⠁⠀⠚⠀⠥⠀⠝⠀⠝⠀⠥⠀⠞&lt;/row&gt;
          &lt;row&gt;⠀&lt;/row&gt;
          &lt;row&gt;⠠⠗⠀⠕⠀⠛⠀⠑⠀⠗⠀⠊⠀⠝⠀⠀⠀⠕⠀⠇⠀⠑⠀⠧⠀⠁⠀⠝&lt;/row&gt;
          &lt;row&gt;⠀&lt;/row&gt;
          &lt;row&gt;⠎⠀⠽⠀⠽⠀⠇⠀⠇⠀⠊⠀⠝⠀⠑⠀⠝⠄&lt;/row&gt;
          &lt;row&gt;⠀&lt;/row&gt;
          &lt;row&gt;⠀&lt;/row&gt;
          &lt;row&gt;⠤⠀⠀⠀⠠⠚⠀⠕⠀⠎⠀⠀⠀⠧⠀⠁⠀⠗⠀⠁⠀⠎&lt;/row&gt;
          &lt;row&gt;⠀&lt;/row&gt;
          &lt;row&gt;⠍⠀⠁⠀⠅⠀⠎⠀⠁⠀⠁&lt;/row&gt;
          &lt;row/&gt;
        &lt;/page&gt;
        &lt;page&gt;
          &lt;row&gt;⠀⠀⠀⠀⠀⠀⠀⠀⠀⠀⠀⠀⠀⠀⠀⠀⠀⠀⠀⠀⠀⠀⠀⠀⠀⠀⠼⠁⠙⠑&lt;/row&gt;
          &lt;row&gt;⠗⠀⠁⠀⠓⠀⠕⠀⠊⠀⠇⠀⠇⠀⠁⠂⠀⠀⠀⠓⠀⠜⠀⠝&lt;/row&gt;
          &lt;row&gt;⠀&lt;/row&gt;
          &lt;row&gt;⠚⠀⠜⠀⠜⠀⠀⠀⠅⠀⠊⠀⠊⠀⠝⠀⠝⠀⠊⠄&lt;/row&gt;
          &lt;row&gt;⠀&lt;/row&gt;
          &lt;row&gt;⠠⠅⠀⠁⠀⠊⠀⠅⠀⠅⠀⠊⠀⠀⠀⠎⠀⠁⠀⠁⠀⠧⠀⠁⠀⠞&lt;/row&gt;
          &lt;row&gt;⠀&lt;/row&gt;
          &lt;row&gt;⠇⠀⠥⠀⠅⠀⠑⠀⠁⠀⠀⠀⠞⠀⠜⠀⠎⠀⠞⠀⠜&lt;/row&gt;
          &lt;row&gt;⠀&lt;/row&gt;
          &lt;row&gt;⠎⠀⠥⠀⠝⠀⠝⠀⠥⠀⠝⠀⠞⠀⠁⠀⠊⠀⠝&lt;/row&gt;
          &lt;row&gt;⠀&lt;/row&gt;
          &lt;row&gt;⠇⠀⠑⠀⠓⠀⠙⠀⠑⠀⠎⠀⠞⠀⠜⠄&lt;/row&gt;
          &lt;row&gt;⠀&lt;/row&gt;
          &lt;row&gt;⠠⠚⠀⠕⠀⠎⠀⠀⠀⠚⠀⠕⠀⠅⠀⠥&lt;/row&gt;
          &lt;row&gt;⠀&lt;/row&gt;
          &lt;row&gt;⠍⠀⠁⠀⠅⠀⠎⠀⠁⠀⠁&lt;/row&gt;
          &lt;row&gt;⠀&lt;/row&gt;
          &lt;row&gt;⠍⠀⠑⠀⠗⠀⠅⠀⠊⠀⠞⠀⠽⠀⠊⠀⠇⠀⠇⠀⠜&lt;/row&gt;
          &lt;row&gt;⠀&lt;/row&gt;
          &lt;row&gt;⠎⠀⠑⠀⠞⠀⠑⠀⠇⠀⠑⠀⠊⠀⠇⠀⠇⠀⠜⠂&lt;/row&gt;
          &lt;row&gt;⠀&lt;/row&gt;
          &lt;row&gt;⠍⠀⠑⠀⠊⠀⠇⠀⠇⠀⠑&lt;/row&gt;
          &lt;row&gt;⠀&lt;/row&gt;
          &lt;row&gt;⠎⠀⠕⠀⠊⠀⠞⠀⠑⠀⠞⠀⠁⠀⠁⠀⠝&lt;/row&gt;
          &lt;row&gt;⠀&lt;/row&gt;
          &lt;row&gt;⠓⠀⠑⠀⠞⠀⠊⠂⠀⠀⠀⠚⠀⠁&lt;/row&gt;
          &lt;row/&gt;
        &lt;/page&gt;
        &lt;page&gt;
          &lt;row&gt;⠀⠀⠀⠀⠀⠀⠀⠀⠀⠀⠀⠀⠀⠀⠀⠀⠀⠀⠀⠀⠀⠀⠀⠀⠀⠀⠼⠁⠙⠋&lt;/row&gt;
          &lt;row&gt;⠎⠀⠊⠀⠇⠀⠇⠀⠕⠀⠊⠀⠝&lt;/row&gt;
          &lt;row&gt;⠀&lt;/row&gt;
          &lt;row&gt;⠞⠀⠊⠀⠑⠀⠙⠀⠜⠀⠍⠀⠍⠀⠑⠂⠀⠀⠀⠅⠀⠥⠀⠅⠀⠁&lt;/row&gt;
          &lt;row&gt;⠀&lt;/row&gt;
          &lt;row&gt;⠧⠀⠁⠀⠗⠀⠁⠀⠎⠀⠀⠀⠕⠀⠝⠄&lt;/row&gt;
          &lt;row&gt;⠀&lt;/row&gt;
          &lt;row&gt;⠀&lt;/row&gt;
          &lt;row&gt;⠤⠀⠀⠀⠠⠝⠀⠕⠀⠅⠀⠅⠀⠑⠀⠇⠀⠁⠀⠁⠲&lt;/row&gt;
          &lt;row&gt;⠀&lt;/row&gt;
          &lt;row&gt;⠠⠥⠀⠃⠀⠃⠀⠑⠀⠀⠀⠓⠀⠥⠀⠥⠀⠙⠀⠁⠀⠓⠀⠞⠀⠊&lt;/row&gt;
          &lt;row&gt;⠀&lt;/row&gt;
          &lt;row&gt;⠊⠀⠇⠀⠕⠀⠊⠀⠎⠀⠑⠀⠍⠀⠍⠀⠁⠀⠝&lt;/row&gt;
          &lt;row&gt;⠀&lt;/row&gt;
          &lt;row&gt;⠝⠀⠜⠀⠅⠀⠪⠀⠊⠀⠎⠀⠑⠀⠝⠀⠜⠄&lt;/row&gt;
          &lt;row&gt;⠀&lt;/row&gt;
          &lt;row&gt;⠀&lt;/row&gt;
          &lt;row&gt;⠠⠥⠀⠃⠀⠃⠀⠑⠀⠝&lt;/row&gt;
          &lt;row&gt;⠀&lt;/row&gt;
          &lt;row&gt;⠏⠀⠊⠀⠅⠀⠅⠀⠥⠀⠧⠀⠑⠀⠇⠀⠊&lt;/row&gt;
          &lt;row&gt;⠀&lt;/row&gt;
          &lt;row&gt;⠞⠀⠁⠀⠗⠀⠚⠀⠕⠀⠎⠀⠊&lt;/row&gt;
          &lt;row&gt;⠀&lt;/row&gt;
          &lt;row&gt;⠠⠑⠀⠍⠀⠊⠀⠇⠀⠊⠀⠇⠀⠇⠀⠑&lt;/row&gt;
          &lt;row&gt;⠀&lt;/row&gt;
          &lt;row&gt;⠗⠀⠥⠀⠎⠀⠊⠀⠝⠀⠕⠀⠊⠀⠞⠀⠁⠂&lt;/row&gt;
          &lt;row/&gt;
        &lt;/page&gt;
        &lt;page&gt;
          &lt;row&gt;⠀⠀⠀⠀⠀⠀⠀⠀⠀⠀⠀⠀⠀⠀⠀⠀⠀⠀⠀⠀⠀⠀⠀⠀⠀⠀⠼⠁⠙⠛&lt;/row&gt;
          &lt;row&gt;⠍⠀⠥⠀⠞⠀⠞⠀⠁⠀⠀⠀⠠⠑⠀⠍⠀⠊⠀⠇⠀⠀⠀⠑⠀⠊&lt;/row&gt;
          &lt;row&gt;⠀&lt;/row&gt;
          &lt;row&gt;⠕⠀⠞⠀⠞⠀⠁⠀⠝⠀⠥⠀⠞⠄⠀⠀⠀⠠⠑⠀⠊⠀⠓⠀⠜⠀⠝&lt;/row&gt;
          &lt;row&gt;⠀&lt;/row&gt;
          &lt;row&gt;⠓⠀⠜⠀⠝⠀⠀⠀⠧⠀⠕⠀⠊⠀⠝⠀⠥⠀⠞&lt;/row&gt;
          &lt;row&gt;⠀&lt;/row&gt;
          &lt;row&gt;⠞⠀⠊⠀⠑⠀⠞⠀⠜⠀⠜⠂&lt;/row&gt;
          &lt;row&gt;⠀&lt;/row&gt;
          &lt;row&gt;⠕⠀⠇⠀⠊⠀⠧⠀⠁⠀⠞⠀⠅⠀⠕&lt;/row&gt;
          &lt;row&gt;⠀&lt;/row&gt;
          &lt;row&gt;⠗⠀⠥⠀⠎⠀⠊⠀⠝⠀⠁⠀⠞⠀⠀⠀⠕⠀⠇⠀⠇⠀⠑⠀⠑⠀⠞&lt;/row&gt;
          &lt;row&gt;⠀&lt;/row&gt;
          &lt;row&gt;⠠⠃⠀⠊⠀⠃⠀⠊⠀⠝⠀⠀⠀⠧⠀⠁⠀⠊⠀⠏⠀⠁⠀⠎⠀⠎⠀⠁&lt;/row&gt;
          &lt;row&gt;⠀&lt;/row&gt;
          &lt;row&gt;⠧⠀⠁⠀⠊⠀⠀⠀⠑⠀⠊⠀⠧⠀⠜⠀⠞⠄&lt;/row&gt;
          &lt;row&gt;⠀&lt;/row&gt;
          &lt;row&gt;⠀&lt;/row&gt;
          &lt;row&gt;⠠⠑⠀⠍⠀⠊⠀⠇⠀⠀⠀⠚⠀⠁⠀⠀⠀⠠⠥⠀⠃⠀⠃⠀⠑&lt;/row&gt;
          &lt;row&gt;⠀&lt;/row&gt;
          &lt;row&gt;⠏⠀⠥⠀⠅⠀⠊⠀⠧⠀⠁⠀⠞⠀⠀⠀⠞⠀⠁⠀⠁⠀⠎&lt;/row&gt;
          &lt;row&gt;⠀&lt;/row&gt;
          &lt;row&gt;⠏⠀⠜⠀⠜⠀⠇⠀⠇⠀⠽⠀⠎⠀⠧⠀⠁⠀⠁⠀⠞⠀⠞⠀⠑⠀⠑⠤&lt;/row&gt;
          &lt;row&gt;⠀&lt;/row&gt;
          &lt;row&gt;⠞⠀⠀⠀⠽⠀⠇⠀⠇⠀⠑⠀⠑⠀⠝&lt;/row&gt;
          &lt;row&gt;⠀&lt;/row&gt;
          &lt;row&gt;⠚⠀⠁⠀⠀⠀⠍⠀⠑⠀⠝⠀⠊⠀⠧⠀⠜⠀⠞&lt;/row&gt;
        &lt;/page&gt;
        &lt;page&gt;
          &lt;row&gt;⠀⠀⠀⠀⠀⠀⠀⠀⠀⠀⠀⠀⠀⠀⠀⠀⠀⠀⠀⠀⠀⠀⠀⠀⠀⠀⠼⠁⠙⠓&lt;/row&gt;
          &lt;row&gt;⠑⠀⠞⠀⠎⠀⠊⠀⠧⠀⠜⠀⠤&lt;/row&gt;
          &lt;row&gt;⠀&lt;/row&gt;
          &lt;row&gt;⠞⠀⠕⠀⠊⠀⠍⠀⠊⠀⠎⠀⠞⠀⠕⠀⠕⠀⠝⠄&lt;/row&gt;
          &lt;row&gt;⠀&lt;/row&gt;
          &lt;row&gt;⠀&lt;/row&gt;
          &lt;row&gt;⠤⠀⠀⠀⠠⠑⠀⠏⠀⠜⠀⠊⠀⠇⠀⠞⠀⠽⠀⠚⠀⠜⠀⠀⠀⠕⠀⠝&lt;/row&gt;
          &lt;row&gt;⠀&lt;/row&gt;
          &lt;row&gt;⠎⠀⠊⠀⠊⠀⠎⠀⠀⠀⠝⠀⠑⠀⠇⠀⠚⠀⠜⠂&lt;/row&gt;
          &lt;row&gt;⠀&lt;/row&gt;
          &lt;row&gt;⠠⠑⠀⠍⠀⠊⠀⠇⠀⠀⠀⠎⠀⠁⠀⠝⠀⠕⠀⠊&lt;/row&gt;
          &lt;row&gt;⠀&lt;/row&gt;
          &lt;row&gt;⠓⠀⠑⠀⠊⠀⠙⠀⠜⠀⠝&lt;/row&gt;
          &lt;row&gt;⠀&lt;/row&gt;
          &lt;row&gt;⠎⠀⠥⠀⠇⠀⠚⠀⠑⠀⠞⠀⠞⠀⠥⠀⠁⠀⠁⠀⠝&lt;/row&gt;
          &lt;row&gt;⠀&lt;/row&gt;
          &lt;row&gt;⠅⠀⠑⠀⠇⠀⠞⠀⠁⠀⠊⠀⠎⠀⠑⠀⠝&lt;/row&gt;
          &lt;row&gt;⠀&lt;/row&gt;
          &lt;row&gt;⠅⠀⠕⠀⠚⠀⠥⠀⠝⠀⠀⠀⠕⠀⠧⠀⠑⠀⠝⠄&lt;/row&gt;
          &lt;row&gt;⠀&lt;/row&gt;
          &lt;row&gt;⠀&lt;/row&gt;
          &lt;row&gt;⠤⠀⠀⠀⠠⠍⠀⠊⠀⠞⠀⠑⠀⠝⠀⠀⠀⠝⠀⠊⠀⠊⠀⠝&lt;/row&gt;
          &lt;row&gt;⠀&lt;/row&gt;
          &lt;row&gt;⠝⠀⠑⠀⠇⠀⠚⠀⠜⠢⠀⠀⠀⠠⠥⠀⠃⠀⠃⠀⠑&lt;/row&gt;
          &lt;row&gt;⠀&lt;/row&gt;
          &lt;row&gt;⠅⠀⠥⠀⠍⠀⠍⠀⠁⠀⠎⠀⠞⠀⠥⠀⠊⠄&lt;/row&gt;
          &lt;row/&gt;
        &lt;/page&gt;
        &lt;page&gt;
          &lt;row&gt;⠀⠀⠀⠀⠀⠀⠀⠀⠀⠀⠀⠀⠀⠀⠀⠀⠀⠀⠀⠀⠀⠀⠀⠀⠀⠀⠼⠁⠙⠊&lt;/row&gt;
          &lt;row&gt;⠤⠀⠀⠀⠠⠗⠀⠕⠀⠛⠀⠑⠀⠗⠀⠀⠀⠕⠀⠝&lt;/row&gt;
          &lt;row&gt;⠀&lt;/row&gt;
          &lt;row&gt;⠧⠀⠁⠀⠗⠀⠁⠀⠎⠀⠞⠀⠁⠀⠝⠀⠥⠀⠞&lt;/row&gt;
          &lt;row&gt;⠀&lt;/row&gt;
          &lt;row&gt;⠑⠀⠝⠀⠝⠀⠑⠀⠝⠀⠅⠀⠊⠀⠝⠄⠀⠀⠀⠠⠓⠀⠜⠀⠝&lt;/row&gt;
          &lt;row&gt;⠀&lt;/row&gt;
          &lt;row&gt;⠕⠀⠝⠀⠀⠀⠎⠀⠽⠀⠽⠀⠇⠀⠇⠀⠊⠀⠝⠀⠑⠀⠝⠄&lt;/row&gt;
          &lt;row&gt;⠀&lt;/row&gt;
          &lt;row&gt;⠠⠞⠀⠊⠀⠑⠀⠙⠀⠜⠀⠝⠀⠀⠀⠎⠀⠑⠀⠝⠲&lt;/row&gt;
          &lt;row&gt;⠀&lt;/row&gt;
          &lt;row&gt;⠠⠓⠀⠜⠀⠝⠀⠀⠀⠕⠀⠝&lt;/row&gt;
          &lt;row&gt;⠀&lt;/row&gt;
          &lt;row&gt;⠝⠀⠜⠀⠏⠀⠊⠀⠎⠀⠞⠀⠜⠀⠝⠀⠽⠀⠞&lt;/row&gt;
          &lt;row&gt;⠀&lt;/row&gt;
          &lt;row&gt;⠇⠀⠊⠀⠍⠀⠎⠀⠁⠀⠁&lt;/row&gt;
          &lt;row&gt;⠀&lt;/row&gt;
          &lt;row&gt;⠅⠀⠁⠀⠥⠀⠏⠀⠁⠀⠎⠀⠞⠀⠁⠀⠀⠀⠍⠀⠕⠀⠝⠀⠞⠀⠁&lt;/row&gt;
          &lt;row&gt;⠀&lt;/row&gt;
          &lt;row&gt;⠅⠀⠑⠀⠗⠀⠞⠀⠁⠀⠁⠄&lt;/row&gt;
          &lt;row&gt;⠀&lt;/row&gt;
          &lt;row&gt;⠀&lt;/row&gt;
          &lt;row&gt;⠤⠀⠀⠀⠠⠓⠀⠊⠀⠇⠀⠙⠀⠁⠀⠅⠀⠊⠀⠝⠀⠀⠀⠕⠀⠝&lt;/row&gt;
          &lt;row&gt;⠀&lt;/row&gt;
          &lt;row&gt;⠕⠀⠞⠀⠞⠀⠁⠀⠝⠀⠥⠀⠞&lt;/row&gt;
          &lt;row&gt;⠀&lt;/row&gt;
          &lt;row&gt;⠞⠀⠁⠀⠧⠀⠁⠀⠗⠀⠕⠀⠊⠀⠞⠀⠁⠂&lt;/row&gt;
        &lt;/page&gt;
        &lt;page&gt;
          &lt;row&gt;⠀⠀⠀⠀⠀⠀⠀⠀⠀⠀⠀⠀⠀⠀⠀⠀⠀⠀⠀⠀⠀⠀⠀⠀⠀⠀⠼⠁⠑⠚&lt;/row&gt;
          &lt;row&gt;⠓⠀⠜⠀⠝⠀⠓⠀⠜⠀⠝⠀⠀⠀⠧⠀⠑⠀⠊&lt;/row&gt;
          &lt;row&gt;⠀&lt;/row&gt;
          &lt;row&gt;⠏⠀⠥⠀⠥⠀⠞⠀⠁⠀⠗⠀⠓⠀⠁⠀⠞⠀⠕⠀⠝⠀⠞⠀⠥⠀⠞⠂&lt;/row&gt;
          &lt;row&gt;⠀&lt;/row&gt;
          &lt;row&gt;⠓⠀⠥⠀⠕⠀⠍⠀⠁⠀⠥⠀⠞⠀⠞⠀⠊&lt;/row&gt;
          &lt;row&gt;⠀&lt;/row&gt;
          &lt;row&gt;⠠⠑⠀⠍⠀⠊⠀⠇⠄&lt;/row&gt;
          &lt;row&gt;⠀&lt;/row&gt;
          &lt;row&gt;⠤⠀⠀⠀⠠⠚⠀⠁&lt;/row&gt;
          &lt;row&gt;⠀&lt;/row&gt;
          &lt;row&gt;⠠⠏⠀⠕⠀⠅⠀⠅⠀⠥⠀⠎⠀⠅⠀⠊⠀⠝&lt;/row&gt;
          &lt;row&gt;⠀&lt;/row&gt;
          &lt;row&gt;⠅⠀⠥⠀⠥⠀⠇⠀⠥⠀⠥&lt;/row&gt;
          &lt;row&gt;⠀&lt;/row&gt;
          &lt;row&gt;⠑⠀⠏⠀⠜⠀⠊⠀⠇⠀⠞⠀⠽⠀⠊⠀⠓⠀⠊⠀⠝⠄&lt;/row&gt;
          &lt;row&gt;⠀&lt;/row&gt;
          &lt;row&gt;⠠⠚⠀⠕⠀⠎⠀⠀⠀⠓⠀⠜⠀⠝⠀⠀⠀⠏⠀⠽⠀⠎⠀⠞⠀⠽⠀⠊&lt;/row&gt;
          &lt;row&gt;⠀&lt;/row&gt;
          &lt;row&gt;⠞⠀⠁⠀⠊⠀⠅⠀⠕⠀⠍⠀⠁⠀⠁⠀⠝&lt;/row&gt;
          &lt;row&gt;⠀&lt;/row&gt;
          &lt;row&gt;⠠⠁⠀⠇⠀⠧⠀⠁⠀⠝&lt;/row&gt;
          &lt;row&gt;⠀&lt;/row&gt;
          &lt;row&gt;⠎⠀⠕⠀⠗⠀⠍⠀⠥⠀⠅⠀⠎⠀⠑⠀⠝⠀⠀⠀⠏⠀⠕⠀⠊⠀⠎⠂&lt;/row&gt;
          &lt;row&gt;⠀&lt;/row&gt;
          &lt;row&gt;⠓⠀⠜⠀⠝⠀⠀⠀⠏⠀⠽⠀⠎⠀⠞⠀⠽⠀⠊⠀⠎⠀⠊&lt;/row&gt;
          &lt;row/&gt;
        &lt;/page&gt;
        &lt;page&gt;
          &lt;row&gt;⠀⠀⠀⠀⠀⠀⠀⠀⠀⠀⠀⠀⠀⠀⠀⠀⠀⠀⠀⠀⠀⠀⠀⠀⠀⠀⠼⠁⠑⠁&lt;/row&gt;
          &lt;row&gt;⠓⠀⠑⠀⠇⠀⠏⠀⠕⠀⠎⠀⠞⠀⠊&lt;/row&gt;
          &lt;row&gt;⠀&lt;/row&gt;
          &lt;row&gt;⠧⠀⠁⠀⠗⠀⠁⠀⠎⠀⠞⠀⠁⠀⠍⠀⠁⠀⠁⠀⠝&lt;/row&gt;
          &lt;row&gt;⠀&lt;/row&gt;
          &lt;row&gt;⠅⠀⠥⠀⠅⠀⠅⠀⠁⠀⠗⠀⠕⠀⠝⠄&lt;/row&gt;
          &lt;row&gt;⠀&lt;/row&gt;
          &lt;row&gt;⠀&lt;/row&gt;
          &lt;row&gt;⠤⠀⠀⠀⠠⠅⠀⠥⠀⠅⠀⠁⠀⠀⠀⠎⠀⠊⠀⠞⠀⠞⠀⠑⠀⠝&lt;/row&gt;
          &lt;row&gt;⠀&lt;/row&gt;
          &lt;row&gt;⠕⠀⠝⠀⠀⠀⠝⠀⠑⠀⠇⠀⠚⠀⠜⠀⠎&lt;/row&gt;
          &lt;row&gt;⠀&lt;/row&gt;
          &lt;row&gt;⠑⠀⠏⠀⠜⠀⠊⠀⠇⠀⠞⠀⠽⠢&lt;/row&gt;
          &lt;row&gt;⠀&lt;/row&gt;
          &lt;row&gt;⠀&lt;/row&gt;
          &lt;row&gt;⠤⠀⠀⠀⠠⠏⠀⠕⠀⠇⠀⠊⠀⠊⠀⠎⠀⠊⠂&lt;/row&gt;
          &lt;row&gt;⠀&lt;/row&gt;
          &lt;row&gt;⠠⠅⠀⠁⠀⠇⠀⠇⠀⠑&lt;/row&gt;
          &lt;row&gt;⠀&lt;/row&gt;
          &lt;row&gt;⠠⠅⠀⠥⠀⠥⠀⠇⠀⠊⠀⠁⠀⠊⠀⠝⠀⠑⠀⠝⠄&lt;/row&gt;
          &lt;row&gt;⠀&lt;/row&gt;
          &lt;row&gt;⠠⠧⠀⠁⠀⠊⠀⠅⠀⠅⠀⠑⠀⠊&lt;/row&gt;
          &lt;row&gt;⠀&lt;/row&gt;
          &lt;row&gt;⠕⠀⠇⠀⠑⠀⠅⠀⠁⠀⠁⠀⠝⠀⠀⠀⠅⠀⠕⠀⠧⠀⠊⠀⠝&lt;/row&gt;
          &lt;row&gt;⠀&lt;/row&gt;
          &lt;row&gt;⠇⠀⠥⠀⠥⠀⠇⠀⠞⠀⠁⠀⠧⠀⠁⠀⠁⠂⠀⠀⠀⠑⠀⠞⠀⠞⠀⠜&lt;/row&gt;
          &lt;row/&gt;
        &lt;/page&gt;
        &lt;page&gt;
          &lt;row&gt;⠀⠀⠀⠀⠀⠀⠀⠀⠀⠀⠀⠀⠀⠀⠀⠀⠀⠀⠀⠀⠀⠀⠀⠀⠀⠀⠼⠁⠑⠃&lt;/row&gt;
          &lt;row&gt;⠓⠀⠜⠀⠝⠀⠀⠀⠕⠀⠝&lt;/row&gt;
          &lt;row&gt;⠀&lt;/row&gt;
          &lt;row&gt;⠎⠀⠽⠀⠽⠀⠇⠀⠇⠀⠊⠀⠝⠀⠑⠀⠝⠂&lt;/row&gt;
          &lt;row&gt;⠀&lt;/row&gt;
          &lt;row&gt;⠠⠑⠀⠍⠀⠊⠀⠇⠀⠀⠀⠎⠀⠁⠀⠝⠀⠕⠀⠊⠄&lt;/row&gt;
          &lt;row&gt;⠀&lt;/row&gt;
          &lt;row&gt;⠤⠀⠀⠀⠠⠍⠀⠑⠀⠊⠀⠙⠀⠜⠀⠝⠀⠀⠀⠕⠀⠝&lt;/row&gt;
          &lt;row&gt;⠀&lt;/row&gt;
          &lt;row&gt;⠽⠀⠗⠀⠊⠀⠞⠀⠑⠀⠞⠀⠞⠀⠜⠀⠧⠀⠜&lt;/row&gt;
          &lt;row&gt;⠀&lt;/row&gt;
          &lt;row&gt;⠎⠀⠁⠀⠁⠀⠙⠀⠁⠀⠀⠀⠅⠀⠁⠀⠊⠀⠅⠀⠅⠀⠊⠀⠑⠀⠝&lt;/row&gt;
          &lt;row&gt;⠀&lt;/row&gt;
          &lt;row&gt;⠎⠀⠕⠀⠗⠀⠍⠀⠑⠀⠝⠀⠚⠀⠜⠀⠇⠀⠚⠀⠑⠀⠞&lt;/row&gt;
          &lt;row&gt;⠀&lt;/row&gt;
          &lt;row&gt;⠚⠀⠁⠀⠀⠀⠧⠀⠑⠀⠗⠀⠗⠀⠁⠀⠞⠀⠞⠀⠁⠀⠧⠀⠁&lt;/row&gt;
          &lt;row&gt;⠀&lt;/row&gt;
          &lt;row&gt;⠝⠀⠊⠀⠊⠀⠞⠀⠜⠀⠀⠀⠅⠀⠥⠀⠅⠀⠅⠀⠁⠀⠗⠀⠕⠀⠝&lt;/row&gt;
          &lt;row&gt;⠀&lt;/row&gt;
          &lt;row&gt;⠎⠀⠕⠀⠗⠀⠍⠀⠑⠀⠝⠀⠚⠀⠜⠀⠇⠀⠅⠀⠊⠀⠊⠀⠝&lt;/row&gt;
          &lt;row&gt;⠀&lt;/row&gt;
          &lt;row&gt;⠑⠀⠝⠀⠝⠀⠑⠀⠝⠀⠀⠀⠅⠀⠥⠀⠊⠀⠝&lt;/row&gt;
          &lt;row&gt;⠀&lt;/row&gt;
          &lt;row&gt;⠎⠀⠽⠀⠽⠀⠞⠀⠜⠀⠍⠀⠍⠀⠑&lt;/row&gt;
          &lt;row&gt;⠀&lt;/row&gt;
          &lt;row&gt;⠅⠀⠑⠀⠞⠀⠜⠀⠜⠀⠝⠄&lt;/row&gt;
          &lt;row/&gt;
        &lt;/page&gt;
        &lt;page&gt;
          &lt;row&gt;⠀⠀⠀⠀⠀⠀⠀⠀⠀⠀⠀⠀⠀⠀⠀⠀⠀⠀⠀⠀⠀⠀⠀⠀⠀⠀⠼⠁⠑⠉&lt;/row&gt;
          &lt;row&gt;⠠⠅⠀⠥⠀⠅⠀⠅⠀⠁⠀⠗⠀⠕⠀⠎⠀⠎⠀⠁⠀⠀⠀⠕⠀⠝&lt;/row&gt;
          &lt;row&gt;⠀&lt;/row&gt;
          &lt;row&gt;⠓⠀⠽⠀⠧⠀⠜&lt;/row&gt;
          &lt;row&gt;⠀&lt;/row&gt;
          &lt;row&gt;⠏⠀⠑⠀⠥⠀⠅⠀⠁⠀⠇⠀⠕⠀⠝⠀⠚⠀⠜⠀⠇⠀⠅⠀⠊⠂&lt;/row&gt;
          &lt;row&gt;⠀&lt;/row&gt;
          &lt;row&gt;⠚⠀⠕⠀⠝⠀⠅⠀⠁⠀⠀⠀⠞⠀⠜⠀⠽⠀⠞⠀⠽⠀⠽&lt;/row&gt;
          &lt;row&gt;⠀&lt;/row&gt;
          &lt;row&gt;⠕⠀⠇⠀⠇⠀⠁⠀⠀⠀⠧⠀⠁⠀⠗⠀⠅⠀⠁⠀⠁⠀⠝⠄&lt;/row&gt;
          &lt;row&gt;⠀&lt;/row&gt;
          &lt;row&gt;⠀&lt;/row&gt;
          &lt;row&gt;⠠⠥⠀⠃⠀⠃⠀⠑⠀⠀⠀⠅⠀⠁⠀⠞⠀⠎⠀⠕⠀⠊&lt;/row&gt;
          &lt;row&gt;⠀&lt;/row&gt;
          &lt;row&gt;⠞⠀⠁⠀⠗⠀⠅⠀⠁⠀⠎⠀⠞⠀⠊⠂⠀⠀⠀⠅⠀⠥⠀⠝&lt;/row&gt;
          &lt;row&gt;⠀&lt;/row&gt;
          &lt;row&gt;⠠⠑⠀⠍⠀⠊⠀⠇⠀⠀⠀⠧⠀⠑⠀⠗⠀⠞⠀⠁⠀⠎⠀⠊&lt;/row&gt;
          &lt;row&gt;⠀&lt;/row&gt;
          &lt;row&gt;⠠⠗⠀⠕⠀⠛⠀⠑⠀⠗⠀⠊⠀⠝&lt;/row&gt;
          &lt;row&gt;⠀&lt;/row&gt;
          &lt;row&gt;⠚⠀⠁⠀⠀⠀⠧⠀⠁⠀⠗⠀⠅⠀⠁⠀⠁⠀⠝&lt;/row&gt;
          &lt;row&gt;⠀&lt;/row&gt;
          &lt;row&gt;⠏⠀⠑⠀⠥⠀⠅⠀⠁⠀⠇⠀⠕⠀⠝⠀⠚⠀⠜⠀⠇⠀⠅⠀⠊⠀⠜⠄&lt;/row&gt;
          &lt;row&gt;⠀&lt;/row&gt;
          &lt;row&gt;⠠⠑⠀⠍⠀⠊⠀⠇⠀⠀⠀⠕⠀⠇⠀⠊&lt;/row&gt;
          &lt;row&gt;⠀&lt;/row&gt;
          &lt;row&gt;⠎⠀⠁⠀⠝⠀⠕⠀⠝⠀⠥⠀⠞⠂&lt;/row&gt;
        &lt;/page&gt;
        &lt;page&gt;
          &lt;row&gt;⠀⠀⠀⠀⠀⠀⠀⠀⠀⠀⠀⠀⠀⠀⠀⠀⠀⠀⠀⠀⠀⠀⠀⠀⠀⠀⠼⠁⠑⠙&lt;/row&gt;
          &lt;row&gt;⠑⠀⠞⠀⠞⠀⠜&lt;/row&gt;
          &lt;row&gt;⠀&lt;/row&gt;
          &lt;row&gt;⠞⠀⠁⠀⠗⠀⠧⠀⠊⠀⠞⠀⠞⠀⠊⠀⠊⠀⠝&lt;/row&gt;
          &lt;row&gt;⠀&lt;/row&gt;
          &lt;row&gt;⠧⠀⠜⠀⠓⠀⠊⠀⠝⠀⠞⠀⠜⠀⠜⠀⠝&lt;/row&gt;
          &lt;row&gt;⠀&lt;/row&gt;
          &lt;row&gt;⠅⠀⠁⠀⠅⠀⠎⠀⠊⠀⠞⠀⠕⠀⠊⠀⠎⠀⠞⠀⠁&lt;/row&gt;
          &lt;row&gt;⠀&lt;/row&gt;
          &lt;row&gt;⠽⠀⠓⠀⠞⠀⠜⠀⠇⠀⠜⠀⠊⠀⠎⠀⠽⠀⠽⠀⠞⠀⠞⠀⠜&lt;/row&gt;
          &lt;row&gt;⠀&lt;/row&gt;
          &lt;row&gt;⠑⠀⠝⠀⠝⠀⠑⠀⠝⠀⠀⠀⠅⠀⠥⠀⠊⠀⠝&lt;/row&gt;
          &lt;row&gt;⠀&lt;/row&gt;
          &lt;row&gt;⠎⠀⠁⠀⠁⠀⠞⠀⠞⠀⠕⠀⠊⠀⠀⠀⠕⠀⠇⠀⠇⠀⠁&lt;/row&gt;
          &lt;row&gt;⠀&lt;/row&gt;
          &lt;row&gt;⠧⠀⠁⠀⠗⠀⠍⠀⠁⠂⠀⠀⠀⠑⠀⠞⠀⠞⠀⠜&lt;/row&gt;
          &lt;row&gt;⠀&lt;/row&gt;
          &lt;row&gt;⠅⠀⠽⠀⠎⠀⠽⠀⠍⠀⠽⠀⠅⠀⠎⠀⠑⠀⠎⠀⠎⠀⠜&lt;/row&gt;
          &lt;row&gt;⠀&lt;/row&gt;
          &lt;row&gt;⠕⠀⠇⠀⠊⠀⠀⠀⠎⠀⠁⠀⠍⠀⠁&lt;/row&gt;
          &lt;row&gt;⠀&lt;/row&gt;
          &lt;row&gt;⠎⠀⠕⠀⠗⠀⠍⠀⠑⠀⠝⠀⠚⠀⠜⠀⠇⠀⠅⠀⠊⠄&lt;/row&gt;
          &lt;row&gt;⠀&lt;/row&gt;
          &lt;row&gt;⠀&lt;/row&gt;
          &lt;row&gt;⠤⠀⠀⠀⠠⠎⠀⠽⠀⠽⠀⠇⠀⠇⠀⠊⠀⠝⠀⠑⠀⠝⠀⠀⠀⠑⠀⠊&lt;/row&gt;
          &lt;row&gt;⠀&lt;/row&gt;
          &lt;row&gt;⠕⠀⠇⠀⠑⠀⠀⠀⠠⠗⠀⠕⠀⠛⠀⠑⠀⠗⠂&lt;/row&gt;
        &lt;/page&gt;
        &lt;page&gt;
          &lt;row&gt;⠀⠀⠀⠀⠀⠀⠀⠀⠀⠀⠀⠀⠀⠀⠀⠀⠀⠀⠀⠀⠀⠀⠀⠀⠀⠀⠼⠁⠑⠑&lt;/row&gt;
          &lt;row&gt;⠠⠑⠀⠍⠀⠊⠀⠇⠀⠀⠀⠚⠀⠥⠀⠇⠀⠊⠀⠎⠀⠞⠀⠊⠄&lt;/row&gt;
          &lt;row&gt;⠀&lt;/row&gt;
          &lt;row&gt;⠤⠀⠀⠀⠠⠎⠀⠊⠀⠊⠀⠝⠀⠜&lt;/row&gt;
          &lt;row&gt;⠀&lt;/row&gt;
          &lt;row&gt;⠞⠀⠁⠀⠏⠀⠁⠀⠥⠀⠅⠀⠎⠀⠑⠀⠎⠀⠎⠀⠁&lt;/row&gt;
          &lt;row&gt;⠀&lt;/row&gt;
          &lt;row&gt;⠎⠀⠑⠀⠝⠀⠀⠀⠕⠀⠝⠀⠀⠀⠕⠀⠇⠀⠞⠀⠁⠀⠧⠀⠁&lt;/row&gt;
          &lt;row&gt;⠀&lt;/row&gt;
          &lt;row&gt;⠚⠀⠕⠀⠅⠀⠥⠀⠀⠀⠍⠀⠥⠀⠥⠄&lt;/row&gt;
          &lt;row&gt;⠀&lt;/row&gt;
          &lt;row&gt;⠀&lt;/row&gt;
          &lt;row&gt;⠠⠑⠀⠍⠀⠊⠀⠇⠀⠀⠀⠕⠀⠇⠀⠊⠀⠀⠀⠚⠀⠥⠀⠥⠀⠗⠀⠊&lt;/row&gt;
          &lt;row&gt;⠀&lt;/row&gt;
          &lt;row&gt;⠇⠀⠜⠀⠓⠀⠑⠀⠞⠀⠞⠀⠜⠀⠝⠀⠽⠀⠞&lt;/row&gt;
          &lt;row&gt;⠀&lt;/row&gt;
          &lt;row&gt;⠅⠀⠜⠀⠙⠀⠑⠀⠝⠀⠧⠀⠊⠀⠊⠀⠧⠀⠁⠀⠞⠀⠑⠀⠎⠀⠞⠤&lt;/row&gt;
          &lt;row&gt;⠀&lt;/row&gt;
          &lt;row&gt;⠊⠀⠝⠀⠀⠀⠞⠀⠥⠀⠇⠀⠕⠀⠅⠀⠎⠀⠑⠀⠝&lt;/row&gt;
          &lt;row&gt;⠀&lt;/row&gt;
          &lt;row&gt;⠎⠀⠜⠀⠓⠀⠅⠀⠪⠀⠏⠀⠕⠀⠎⠀⠞⠀⠊⠀⠇⠀⠇⠀⠁&lt;/row&gt;
          &lt;row&gt;⠀&lt;/row&gt;
          &lt;row&gt;⠠⠗⠀⠕⠀⠛⠀⠑⠀⠗⠀⠊⠀⠇⠀⠇⠀⠑⠄⠀⠀⠀⠠⠎⠀⠑⠀⠝&lt;/row&gt;
          &lt;row&gt;⠀&lt;/row&gt;
          &lt;row&gt;⠕⠀⠇⠀⠊⠀⠀⠀⠧⠀⠕⠀⠊⠀⠝⠀⠥⠀⠞&lt;/row&gt;
          &lt;row&gt;⠀&lt;/row&gt;
          &lt;row&gt;⠚⠀⠜⠀⠇⠀⠚⠀⠑⠀⠝⠀⠞⠀⠜⠀⠜&lt;/row&gt;
        &lt;/page&gt;
        &lt;page&gt;
          &lt;row&gt;⠀⠀⠀⠀⠀⠀⠀⠀⠀⠀⠀⠀⠀⠀⠀⠀⠀⠀⠀⠀⠀⠀⠀⠀⠀⠀⠼⠁⠑⠋&lt;/row&gt;
          &lt;row&gt;⠎⠀⠥⠀⠕⠀⠗⠀⠁⠀⠁⠀⠝&lt;/row&gt;
          &lt;row&gt;⠀&lt;/row&gt;
          &lt;row&gt;⠑⠀⠝⠀⠝⠀⠥⠀⠎⠀⠞⠀⠥⠀⠎⠀⠅⠀⠊⠀⠗⠀⠚⠀⠁⠀⠝&lt;/row&gt;
          &lt;row&gt;⠀&lt;/row&gt;
          &lt;row&gt;⠎⠀⠊⠀⠧⠀⠥⠀⠇⠀⠞⠀⠁⠀⠀⠀⠼⠙⠉⠄&lt;/row&gt;
          &lt;row&gt;⠀&lt;/row&gt;
          &lt;row&gt;⠀&lt;/row&gt;
          &lt;row&gt;⠤⠀⠀⠀⠠⠏⠀⠁⠀⠓⠀⠥⠀⠎⠲⠀⠀⠀⠠⠥⠀⠃⠀⠃⠀⠑&lt;/row&gt;
          &lt;row&gt;⠀&lt;/row&gt;
          &lt;row&gt;⠏⠀⠥⠀⠥⠀⠎⠀⠅⠀⠁⠀⠓⠀⠞⠀⠊⠀⠀⠀⠚⠀⠁&lt;/row&gt;
          &lt;row&gt;⠀&lt;/row&gt;
          &lt;row&gt;⠅⠀⠁⠀⠞⠀⠎⠀⠕⠀⠊⠀⠀⠀⠧⠀⠊⠀⠑⠀⠇⠀⠜&lt;/row&gt;
          &lt;row&gt;⠀&lt;/row&gt;
          &lt;row&gt;⠅⠀⠑⠀⠗⠀⠗⠀⠁⠀⠝⠄&lt;/row&gt;
          &lt;row&gt;⠀&lt;/row&gt;
          &lt;row&gt;⠀&lt;/row&gt;
          &lt;row&gt;⠠⠓⠀⠜⠀⠝⠀⠀⠀⠑⠀⠊&lt;/row&gt;
          &lt;row&gt;⠀&lt;/row&gt;
          &lt;row&gt;⠓⠀⠁⠀⠇⠀⠥⠀⠝⠀⠝⠀⠥⠀⠞⠀⠀⠀⠥⠀⠎⠀⠅⠀⠕⠀⠁&lt;/row&gt;
          &lt;row&gt;⠀&lt;/row&gt;
          &lt;row&gt;⠝⠀⠜⠀⠅⠀⠑⠀⠍⠀⠜⠀⠜⠀⠝⠀⠎⠀⠜⠄&lt;/row&gt;
          &lt;row&gt;⠀&lt;/row&gt;
          &lt;row&gt;⠀&lt;/row&gt;
          &lt;row&gt;⠀&lt;/row&gt;
          &lt;row&gt;⠀&lt;/row&gt;
          &lt;row/&gt;
        &lt;/page&gt;
        &lt;page&gt;
          &lt;row&gt;⠀⠀⠀⠀⠀⠀⠀⠀⠀⠀⠀⠀⠀⠀⠀⠀⠀⠀⠀⠀⠀⠀⠀⠀⠀⠀⠼⠁⠑⠛&lt;/row&gt;
          &lt;row&gt;⠤⠀⠀⠀⠠⠎⠀⠽⠀⠽⠀⠇⠀⠇⠀⠊⠀⠝⠀⠑⠀⠝&lt;/row&gt;
          &lt;row&gt;⠀&lt;/row&gt;
          &lt;row&gt;⠧⠀⠕⠀⠊⠀⠀⠀⠎⠀⠊⠀⠊⠀⠎⠀⠀⠀⠕⠀⠇⠀⠇⠀⠁&lt;/row&gt;
          &lt;row&gt;⠀&lt;/row&gt;
          &lt;row&gt;⠠⠏⠀⠕⠀⠅⠀⠅⠀⠥⠀⠎⠀⠀⠀⠠⠕⠀⠇⠀⠎⠀⠎⠀⠕⠀⠝&lt;/row&gt;
          &lt;row&gt;⠀&lt;/row&gt;
          &lt;row&gt;⠞⠀⠁⠀⠊⠀⠀⠀⠑⠀⠓⠀⠅⠀⠜&lt;/row&gt;
          &lt;row&gt;⠀&lt;/row&gt;
          &lt;row&gt;⠠⠓⠀⠊⠀⠇⠀⠙⠀⠁⠲⠀⠀⠀⠓⠀⠜⠀⠝&lt;/row&gt;
          &lt;row&gt;⠀&lt;/row&gt;
          &lt;row&gt;⠚⠀⠁⠀⠞⠀⠅⠀⠕⠀⠊⠄&lt;/row&gt;
          &lt;row&gt;⠀&lt;/row&gt;
          &lt;row&gt;⠤⠀⠀⠀⠠⠏⠀⠕⠀⠅⠀⠅⠀⠥⠀⠎&lt;/row&gt;
          &lt;row&gt;⠀&lt;/row&gt;
          &lt;row&gt;⠇⠀⠁⠀⠓⠀⠚⠀⠕⠀⠊⠀⠞⠀⠞⠀⠊&lt;/row&gt;
          &lt;row&gt;⠀&lt;/row&gt;
          &lt;row&gt;⠠⠁⠀⠇⠀⠧⠀⠁⠀⠇⠀⠇⠀⠑&lt;/row&gt;
          &lt;row&gt;⠀&lt;/row&gt;
          &lt;row&gt;⠅⠀⠥⠀⠧⠀⠁⠀⠝⠀⠎⠀⠁⠄⠀⠀⠀⠠⠎⠀⠊⠀⠊⠀⠝⠀⠜&lt;/row&gt;
          &lt;row&gt;⠀&lt;/row&gt;
          &lt;row&gt;⠕⠀⠝⠀⠀⠀⠑⠀⠓⠀⠅⠀⠜⠀⠀⠀⠓⠀⠜⠀⠝⠀⠑⠀⠝&lt;/row&gt;
          &lt;row&gt;⠀&lt;/row&gt;
          &lt;row&gt;⠎⠀⠕⠀⠗⠀⠍⠀⠑⠀⠝⠀⠚⠀⠜⠀⠇⠀⠅⠀⠑⠀⠝⠀⠎⠀⠜⠄&lt;/row&gt;
          &lt;row&gt;⠀&lt;/row&gt;
          &lt;row&gt;⠀&lt;/row&gt;
          &lt;row/&gt;
        &lt;/page&gt;
        &lt;page&gt;
          &lt;row&gt;⠀⠀⠀⠀⠀⠀⠀⠀⠀⠀⠀⠀⠀⠀⠀⠀⠀⠀⠀⠀⠀⠀⠀⠀⠀⠀⠼⠁⠑⠓&lt;/row&gt;
          &lt;row&gt;⠠⠧⠀⠕⠀⠊⠀⠝⠀⠀⠀⠅⠀⠽⠀⠎⠀⠽⠀⠜&lt;/row&gt;
          &lt;row&gt;⠀&lt;/row&gt;
          &lt;row&gt;⠠⠁⠀⠇⠀⠧⠀⠁⠀⠇⠀⠞⠀⠁⠂&lt;/row&gt;
          &lt;row&gt;⠀&lt;/row&gt;
          &lt;row&gt;⠎⠀⠁⠀⠁⠀⠝⠀⠅⠀⠕⠀⠀⠀⠇⠀⠁⠀⠊⠀⠝⠀⠁⠀⠞⠀⠁&lt;/row&gt;
          &lt;row&gt;⠀&lt;/row&gt;
          &lt;row&gt;⠎⠀⠊⠀⠞⠀⠜⠄&lt;/row&gt;
          &lt;row&gt;⠀&lt;/row&gt;
          &lt;row&gt;⠀&lt;/row&gt;
          &lt;row&gt;⠤⠀⠀⠀⠠⠍⠀⠊⠀⠝⠀⠜⠀⠀⠀⠞⠀⠥⠀⠇⠀⠑⠀⠝&lt;/row&gt;
          &lt;row&gt;⠀&lt;/row&gt;
          &lt;row&gt;⠍⠀⠥⠀⠅⠀⠁⠀⠁⠀⠝⠂⠀⠀⠀⠠⠑⠀⠍⠀⠊⠀⠇&lt;/row&gt;
          &lt;row&gt;⠀&lt;/row&gt;
          &lt;row&gt;⠎⠀⠁⠀⠝⠀⠕⠀⠊⠀⠀⠀⠝⠀⠕⠀⠏⠀⠑⠀⠁⠀⠎⠀⠞⠀⠊⠄&lt;/row&gt;
          &lt;row&gt;⠀&lt;/row&gt;
          &lt;row&gt;⠠⠎⠀⠑⠀⠀⠀⠕⠀⠇⠀⠊⠀⠀⠀⠓⠀⠽⠀⠧⠀⠜&lt;/row&gt;
          &lt;row&gt;⠀&lt;/row&gt;
          &lt;row&gt;⠎⠀⠽⠀⠽⠀⠀⠀⠍⠀⠑⠀⠝⠀⠝⠀⠜&lt;/row&gt;
          &lt;row&gt;⠀&lt;/row&gt;
          &lt;row&gt;⠞⠀⠁⠀⠏⠀⠁⠀⠁⠀⠍⠀⠁⠀⠁⠀⠝&lt;/row&gt;
          &lt;row&gt;⠀&lt;/row&gt;
          &lt;row&gt;⠠⠁⠀⠇⠀⠧⠀⠁⠀⠁⠄&lt;/row&gt;
          &lt;row&gt;⠀&lt;/row&gt;
          &lt;row&gt;⠀&lt;/row&gt;
          &lt;row&gt;⠀&lt;/row&gt;
          &lt;row/&gt;
        &lt;/page&gt;
        &lt;page&gt;
          &lt;row&gt;⠀⠀⠀⠀⠀⠀⠀⠀⠀⠀⠀⠀⠀⠀⠀⠀⠀⠀⠀⠀⠀⠀⠀⠀⠀⠀⠼⠁⠑⠊&lt;/row&gt;
          &lt;row&gt;⠼⠋⠄⠀⠀⠀⠠⠇⠀⠥⠀⠅⠀⠥&lt;/row&gt;
          &lt;row&gt;⠀&lt;/row&gt;
          &lt;row&gt;⠀&lt;/row&gt;
          &lt;row&gt;⠀&lt;/row&gt;
          &lt;row&gt;⠠⠓⠀⠑&lt;/row&gt;
          &lt;row&gt;⠀&lt;/row&gt;
          &lt;row&gt;⠞⠀⠁⠀⠇⠀⠇⠀⠥⠀⠎⠀⠞⠀⠑⠀⠇⠀⠊⠀⠧⠀⠁⠀⠞&lt;/row&gt;
          &lt;row&gt;⠀&lt;/row&gt;
          &lt;row&gt;⠠⠎⠀⠥⠀⠥⠀⠗⠀⠞⠀⠕⠀⠗⠀⠊⠀⠇⠀⠇⠀⠑⠄&lt;/row&gt;
          &lt;row&gt;⠀&lt;/row&gt;
          &lt;row&gt;⠠⠎⠀⠊⠀⠑⠀⠇⠀⠇⠀⠜⠀⠀⠀⠕⠀⠇⠀⠊&lt;/row&gt;
          &lt;row&gt;⠀&lt;/row&gt;
          &lt;row&gt;⠅⠀⠕⠀⠧⠀⠁⠀⠀⠀⠍⠀⠑⠀⠞⠀⠑⠀⠇⠀⠊&lt;/row&gt;
          &lt;row&gt;⠀&lt;/row&gt;
          &lt;row&gt;⠚⠀⠁⠀⠀⠀⠏⠀⠁⠀⠇⠀⠚⠀⠕⠀⠝&lt;/row&gt;
          &lt;row&gt;⠀&lt;/row&gt;
          &lt;row&gt;⠅⠀⠁⠀⠊⠀⠧⠀⠊⠀⠝⠀⠅⠀⠕⠀⠝⠀⠑⠀⠊⠀⠞⠀⠁&lt;/row&gt;
          &lt;row&gt;⠀&lt;/row&gt;
          &lt;row&gt;⠚⠀⠁⠀⠀⠀⠅⠀⠥⠀⠕⠀⠗⠀⠍⠀⠁⠀⠤&lt;/row&gt;
          &lt;row&gt;⠀&lt;/row&gt;
          &lt;row&gt;⠁⠀⠥⠀⠞⠀⠕⠀⠚⠀⠁⠄&lt;/row&gt;
          &lt;row&gt;⠀&lt;/row&gt;
          &lt;row&gt;⠀&lt;/row&gt;
          &lt;row&gt;⠀&lt;/row&gt;
          &lt;row&gt;⠀&lt;/row&gt;
          &lt;row/&gt;
        &lt;/page&gt;
        &lt;page&gt;
          &lt;row&gt;⠀⠀⠀⠀⠀⠀⠀⠀⠀⠀⠀⠀⠀⠀⠀⠀⠀⠀⠀⠀⠀⠀⠀⠀⠀⠀⠼⠁⠋⠚&lt;/row&gt;
          &lt;row&gt;⠠⠅⠀⠕⠀⠅⠀⠕⠀⠀⠀⠞⠀⠕⠀⠗⠀⠊&lt;/row&gt;
          &lt;row&gt;⠀&lt;/row&gt;
          &lt;row&gt;⠅⠀⠥⠀⠝⠀⠝⠀⠕⠀⠎⠀⠞⠀⠑⠀⠞⠀⠤&lt;/row&gt;
          &lt;row&gt;⠀&lt;/row&gt;
          &lt;row&gt;⠞⠀⠁⠀⠊⠀⠎⠀⠊⠀⠊⠀⠝⠂⠀⠀⠀⠚⠀⠁&lt;/row&gt;
          &lt;row&gt;⠀&lt;/row&gt;
          &lt;row&gt;⠅⠀⠁⠀⠁⠀⠕⠀⠅⠀⠎⠀⠑⠀⠝&lt;/row&gt;
          &lt;row&gt;⠀&lt;/row&gt;
          &lt;row&gt;⠅⠀⠑⠀⠎⠀⠅⠀⠑⠀⠇⠀⠇⠀⠜&lt;/row&gt;
          &lt;row&gt;⠀&lt;/row&gt;
          &lt;row&gt;⠅⠀⠪⠀⠅⠀⠪⠀⠞⠀⠞⠀⠊&lt;/row&gt;
          &lt;row&gt;⠀&lt;/row&gt;
          &lt;row&gt;⠁⠀⠗⠀⠅⠀⠑⠀⠕⠀⠇⠀⠕⠀⠛⠀⠊⠄⠀⠀⠀⠠⠓⠀⠜⠀⠝&lt;/row&gt;
          &lt;row&gt;⠀&lt;/row&gt;
          &lt;row&gt;⠑⠀⠞⠀⠎⠀⠊⠀⠀⠀⠧⠀⠁⠀⠝⠀⠓⠀⠕⠀⠚⠀⠁&lt;/row&gt;
          &lt;row&gt;⠀&lt;/row&gt;
          &lt;row&gt;⠑⠀⠎⠀⠊⠀⠝⠀⠑⠀⠊⠀⠞⠀⠜⠄&lt;/row&gt;
          &lt;row&gt;⠀&lt;/row&gt;
          &lt;row&gt;⠀&lt;/row&gt;
          &lt;row&gt;⠠⠁⠀⠗⠀⠅⠀⠑⠀⠕⠀⠇⠀⠕⠀⠛⠀⠊&lt;/row&gt;
          &lt;row&gt;⠀&lt;/row&gt;
          &lt;row&gt;⠅⠀⠑⠀⠗⠀⠞⠀⠕⠀⠊⠀⠀⠀⠏⠀⠕⠀⠚⠀⠊⠀⠇⠀⠇⠀⠑&lt;/row&gt;
          &lt;row&gt;⠀&lt;/row&gt;
          &lt;row&gt;⠇⠀⠪⠀⠽⠀⠞⠀⠜⠀⠝⠀⠑⠀⠑⠀⠝⠀⠎⠀⠜&lt;/row&gt;
          &lt;row&gt;⠀&lt;/row&gt;
          &lt;row&gt;⠅⠀⠕⠀⠗⠀⠥⠀⠚⠀⠁⠂⠀⠀⠀⠚⠀⠕⠀⠞⠀⠅⠀⠁&lt;/row&gt;
        &lt;/page&gt;
        &lt;page&gt;
          &lt;row&gt;⠀⠀⠀⠀⠀⠀⠀⠀⠀⠀⠀⠀⠀⠀⠀⠀⠀⠀⠀⠀⠀⠀⠀⠀⠀⠀⠼⠁⠋⠁&lt;/row&gt;
          &lt;row&gt;⠕⠀⠇⠀⠊⠀⠀⠀⠞⠀⠑⠀⠓⠀⠞⠀⠽&lt;/row&gt;
          &lt;row&gt;⠀&lt;/row&gt;
          &lt;row&gt;⠓⠀⠊⠀⠗⠀⠧⠀⠑⠀⠝⠀⠎⠀⠁⠀⠗⠀⠧⠀⠊⠀⠎⠀⠞⠀⠁⠄&lt;/row&gt;
          &lt;row&gt;⠀&lt;/row&gt;
          &lt;row&gt;⠠⠍⠀⠁⠀⠁⠀⠎⠀⠎⠀⠁⠀⠀⠀⠕⠀⠇⠀⠊&lt;/row&gt;
          &lt;row&gt;⠀&lt;/row&gt;
          &lt;row&gt;⠑⠀⠎⠀⠊⠀⠝⠀⠑⠀⠊⠀⠞⠀⠜&lt;/row&gt;
          &lt;row&gt;⠀&lt;/row&gt;
          &lt;row&gt;⠅⠀⠊⠀⠧⠀⠊⠀⠅⠀⠁⠀⠥⠀⠙⠀⠑⠀⠇⠀⠞⠀⠁&lt;/row&gt;
          &lt;row&gt;⠀&lt;/row&gt;
          &lt;row&gt;⠇⠀⠜⠀⠓⠀⠞⠀⠊⠀⠑⠀⠝⠄&lt;/row&gt;
          &lt;row&gt;⠀&lt;/row&gt;
          &lt;row&gt;⠀&lt;/row&gt;
          &lt;row&gt;⠤⠀⠀⠀⠠⠅⠀⠁⠀⠞⠀⠎⠀⠕⠂&lt;/row&gt;
          &lt;row&gt;⠀&lt;/row&gt;
          &lt;row&gt;⠠⠎⠀⠕⠀⠅⠀⠗⠀⠁⠀⠞⠀⠑⠀⠎⠲⠀⠀⠀⠠⠑⠀⠍⠀⠊⠀⠇&lt;/row&gt;
          &lt;row&gt;⠀&lt;/row&gt;
          &lt;row&gt;⠓⠀⠥⠀⠥⠀⠙⠀⠁⠀⠓⠀⠞⠀⠊⠄&lt;/row&gt;
          &lt;row&gt;⠀&lt;/row&gt;
          &lt;row&gt;⠀&lt;/row&gt;
          &lt;row&gt;⠠⠑⠀⠍⠀⠊⠀⠇⠀⠀⠀⠑⠀⠊⠀⠀⠀⠕⠀⠇⠀⠇⠀⠥⠀⠞&lt;/row&gt;
          &lt;row&gt;⠀&lt;/row&gt;
          &lt;row&gt;⠥⠀⠎⠀⠅⠀⠕⠀⠁⠀⠀⠀⠎⠀⠊⠀⠇⠀⠍⠀⠊⠀⠜⠀⠜⠀⠝⠄&lt;/row&gt;
          &lt;row&gt;⠀&lt;/row&gt;
          &lt;row&gt;⠠⠞⠀⠕⠀⠗⠀⠊⠀⠝⠀⠀⠀⠅⠀⠑⠀⠎⠀⠅⠀⠑⠀⠇⠀⠇⠀⠜&lt;/row&gt;
          &lt;row/&gt;
        &lt;/page&gt;
        &lt;page&gt;
          &lt;row&gt;⠀⠀⠀⠀⠀⠀⠀⠀⠀⠀⠀⠀⠀⠀⠀⠀⠀⠀⠀⠀⠀⠀⠀⠀⠀⠀⠼⠁⠋⠃&lt;/row&gt;
          &lt;row&gt;⠎⠀⠑⠀⠊⠀⠎⠀⠕⠀⠊&lt;/row&gt;
          &lt;row&gt;⠀&lt;/row&gt;
          &lt;row&gt;⠠⠎⠀⠕⠀⠅⠀⠗⠀⠁⠀⠞⠀⠑⠀⠎⠀⠀⠀⠝⠀⠁⠀⠁⠀⠍⠀⠁&lt;/row&gt;
          &lt;row&gt;⠀&lt;/row&gt;
          &lt;row&gt;⠞⠀⠜⠀⠽⠀⠝⠀⠝⠀⠜&lt;/row&gt;
          &lt;row&gt;⠀&lt;/row&gt;
          &lt;row&gt;⠏⠀⠽⠀⠽⠀⠅⠀⠅⠀⠊⠀⠏⠀⠕⠀⠊⠀⠅⠀⠊⠀⠁⠄&lt;/row&gt;
          &lt;row&gt;⠀&lt;/row&gt;
          &lt;row&gt;⠠⠑⠀⠍⠀⠊⠀⠇⠀⠀⠀⠞⠀⠥⠀⠊⠀⠚⠀⠕⠀⠞⠀⠞⠀⠊⠄&lt;/row&gt;
          &lt;row&gt;⠀&lt;/row&gt;
          &lt;row&gt;⠠⠥⠀⠃⠀⠃⠀⠑⠀⠅⠀⠊⠀⠝&lt;/row&gt;
          &lt;row&gt;⠀&lt;/row&gt;
          &lt;row&gt;⠞⠀⠥⠀⠊⠀⠚⠀⠕⠀⠞⠀⠞⠀⠊⠄&lt;/row&gt;
          &lt;row&gt;⠀&lt;/row&gt;
          &lt;row&gt;⠠⠎⠀⠕⠀⠅⠀⠗⠀⠁⠀⠞⠀⠑⠀⠅⠀⠎⠀⠑⠀⠝&lt;/row&gt;
          &lt;row&gt;⠀&lt;/row&gt;
          &lt;row&gt;⠍⠀⠕⠀⠇⠀⠑⠀⠍⠀⠍⠀⠊⠀⠎⠀⠞⠀⠁&lt;/row&gt;
          &lt;row&gt;⠀&lt;/row&gt;
          &lt;row&gt;⠅⠀⠕⠀⠗⠀⠧⠀⠊⠀⠎⠀⠞⠀⠁&lt;/row&gt;
          &lt;row&gt;⠀&lt;/row&gt;
          &lt;row&gt;⠎⠀⠕⠀⠚⠀⠕⠀⠞⠀⠞⠀⠊&lt;/row&gt;
          &lt;row&gt;⠀&lt;/row&gt;
          &lt;row&gt;⠏⠀⠽⠀⠽⠀⠅⠀⠅⠀⠊⠀⠏⠀⠕⠀⠊⠀⠅⠀⠊⠀⠁⠄&lt;/row&gt;
          &lt;row&gt;⠀&lt;/row&gt;
          &lt;row&gt;⠀&lt;/row&gt;
          &lt;row/&gt;
        &lt;/page&gt;
        &lt;page&gt;
          &lt;row&gt;⠀⠀⠀⠀⠀⠀⠀⠀⠀⠀⠀⠀⠀⠀⠀⠀⠀⠀⠀⠀⠀⠀⠀⠀⠀⠀⠼⠁⠋⠉&lt;/row&gt;
          &lt;row&gt;⠠⠏⠀⠽⠀⠽⠀⠅⠀⠅⠀⠊⠀⠏⠀⠕⠀⠊⠀⠅⠀⠊⠀⠁&lt;/row&gt;
          &lt;row&gt;⠀&lt;/row&gt;
          &lt;row&gt;⠕⠀⠇⠀⠊⠀⠀⠀⠝⠀⠊⠀⠏⠀⠊⠀⠎⠀⠞⠀⠑⠀⠞⠀⠞⠀⠽&lt;/row&gt;
          &lt;row&gt;⠀&lt;/row&gt;
          &lt;row&gt;⠝⠀⠑⠀⠝⠀⠜⠀⠜⠀⠝⠀⠀⠀⠚⠀⠁&lt;/row&gt;
          &lt;row&gt;⠀&lt;/row&gt;
          &lt;row&gt;⠅⠀⠥⠀⠇⠀⠍⠀⠁⠀⠅⠀⠁⠀⠗⠀⠧⠀⠕⠀⠊⠀⠓⠀⠊⠀⠝&lt;/row&gt;
          &lt;row&gt;⠀&lt;/row&gt;
          &lt;row&gt;⠚⠀⠁⠀⠀⠀⠽⠀⠇⠀⠜⠀⠤⠀⠀⠀⠚⠀⠁&lt;/row&gt;
          &lt;row&gt;⠀&lt;/row&gt;
          &lt;row&gt;⠁⠀⠇⠀⠁⠀⠓⠀⠥⠀⠥⠀⠇⠀⠑⠀⠑⠀⠝⠄&lt;/row&gt;
          &lt;row&gt;⠀&lt;/row&gt;
          &lt;row&gt;⠠⠞⠀⠥⠀⠅⠀⠊⠀⠅⠀⠁⠀⠥⠀⠇⠀⠥⠀⠅⠀⠎⠀⠑⠀⠎⠀⠎⠤&lt;/row&gt;
          &lt;row&gt;⠀&lt;/row&gt;
          &lt;row&gt;⠁⠀⠅⠀⠊⠀⠝⠀⠀⠀⠕⠀⠇⠀⠊⠀⠀⠀⠧⠀⠊⠀⠑⠀⠗⠀⠊&lt;/row&gt;
          &lt;row&gt;⠀&lt;/row&gt;
          &lt;row&gt;⠧⠀⠊⠀⠑⠀⠗⠀⠑⠀⠎⠀⠎⠀⠜&lt;/row&gt;
          &lt;row&gt;⠀&lt;/row&gt;
          &lt;row&gt;⠏⠀⠽⠀⠽⠀⠅⠀⠅⠀⠊⠀⠏⠀⠕⠀⠊⠀⠅⠀⠊⠀⠁⠄&lt;/row&gt;
          &lt;row&gt;⠀&lt;/row&gt;
          &lt;row&gt;⠠⠎⠀⠕⠀⠅⠀⠗⠀⠁⠀⠞⠀⠑⠀⠅⠀⠎⠀⠑⠀⠝&lt;/row&gt;
          &lt;row&gt;⠀&lt;/row&gt;
          &lt;row&gt;⠅⠀⠜⠀⠙⠀⠑⠀⠎⠀⠎⠀⠜⠀⠀⠀⠕⠀⠇⠀⠊&lt;/row&gt;
          &lt;row&gt;⠀&lt;/row&gt;
          &lt;row&gt;⠅⠀⠑⠀⠗⠀⠜⠀⠽⠀⠎⠀⠇⠀⠊⠀⠏⠀⠁⠀⠎⠄&lt;/row&gt;
          &lt;row/&gt;
        &lt;/page&gt;
        &lt;page&gt;
          &lt;row&gt;⠀⠀⠀⠀⠀⠀⠀⠀⠀⠀⠀⠀⠀⠀⠀⠀⠀⠀⠀⠀⠀⠀⠀⠀⠀⠀⠼⠁⠋⠙&lt;/row&gt;
          &lt;row&gt;⠤⠀⠀⠀⠠⠍⠀⠊⠀⠞⠀⠜⠀⠀⠀⠎⠀⠊⠀⠝⠀⠜&lt;/row&gt;
          &lt;row&gt;⠀&lt;/row&gt;
          &lt;row&gt;⠞⠀⠑⠀⠑⠀⠞⠢⠀⠀⠀⠠⠑⠀⠍⠀⠊⠀⠇&lt;/row&gt;
          &lt;row&gt;⠀&lt;/row&gt;
          &lt;row&gt;⠅⠀⠽⠀⠎⠀⠽⠀⠊&lt;/row&gt;
          &lt;row&gt;⠀&lt;/row&gt;
          &lt;row&gt;⠓⠀⠥⠀⠕⠀⠇⠀⠊⠀⠎⠀⠎⠀⠁⠀⠁⠀⠝⠄&lt;/row&gt;
          &lt;row&gt;⠀&lt;/row&gt;
          &lt;row&gt;⠀&lt;/row&gt;
          &lt;row&gt;⠠⠎⠀⠕⠀⠅⠀⠗⠀⠁⠀⠞⠀⠑⠀⠎&lt;/row&gt;
          &lt;row&gt;⠀&lt;/row&gt;
          &lt;row&gt;⠝⠀⠜⠀⠽⠀⠞⠀⠞⠀⠊&lt;/row&gt;
          &lt;row&gt;⠀&lt;/row&gt;
          &lt;row&gt;⠅⠀⠥⠀⠍⠀⠍⠀⠁⠀⠇⠀⠇⠀⠊⠀⠎⠀⠑⠀⠇⠀⠞⠀⠁⠂&lt;/row&gt;
          &lt;row&gt;⠀&lt;/row&gt;
          &lt;row&gt;⠚⠀⠁⠀⠀⠀⠓⠀⠜⠀⠝⠀⠑⠀⠑⠀⠝⠀⠀⠀⠞⠀⠑⠀⠅⠀⠊&lt;/row&gt;
          &lt;row&gt;⠀&lt;/row&gt;
          &lt;row&gt;⠎⠀⠑⠀⠇⠀⠧⠀⠜⠀⠎⠀⠞⠀⠊⠀⠅⠀⠊⠀⠝&lt;/row&gt;
          &lt;row&gt;⠀&lt;/row&gt;
          &lt;row&gt;⠓⠀⠊⠀⠗⠀⠧⠀⠑⠀⠜⠀⠝⠀⠀⠀⠅⠀⠊⠀⠏⠀⠑⠀⠜⠀⠜⠄&lt;/row&gt;
          &lt;row&gt;⠀&lt;/row&gt;
          &lt;row&gt;⠀&lt;/row&gt;
          &lt;row&gt;⠤⠀⠀⠀⠠⠕⠀⠎⠀⠕⠀⠊⠀⠞⠀⠁⠀⠝&lt;/row&gt;
          &lt;row&gt;⠀&lt;/row&gt;
          &lt;row&gt;⠍⠀⠊⠀⠑⠀⠇⠀⠞⠀⠜⠀⠝⠀⠊⠂&lt;/row&gt;
          &lt;row/&gt;
        &lt;/page&gt;
        &lt;page&gt;
          &lt;row&gt;⠀⠀⠀⠀⠀⠀⠀⠀⠀⠀⠀⠀⠀⠀⠀⠀⠀⠀⠀⠀⠀⠀⠀⠀⠀⠀⠼⠁⠋⠑&lt;/row&gt;
          &lt;row&gt;⠠⠎⠀⠕⠀⠅⠀⠗⠀⠁⠀⠞⠀⠑⠀⠎&lt;/row&gt;
          &lt;row&gt;⠀&lt;/row&gt;
          &lt;row&gt;⠧⠀⠁⠀⠎⠀⠞⠀⠁⠀⠎⠀⠊⠄&lt;/row&gt;
          &lt;row&gt;⠀&lt;/row&gt;
          &lt;row&gt;⠀&lt;/row&gt;
          &lt;row&gt;⠠⠎⠀⠁⠀⠝⠀⠕⠀⠊⠀⠎⠀⠞⠀⠁⠀⠀⠀⠑⠀⠊&lt;/row&gt;
          &lt;row&gt;⠀&lt;/row&gt;
          &lt;row&gt;⠞⠀⠁⠀⠓⠀⠞⠀⠕⠀⠝⠀⠥⠀⠞⠀⠀⠀⠎⠀⠁⠀⠁⠀⠙⠀⠁&lt;/row&gt;
          &lt;row&gt;⠀&lt;/row&gt;
          &lt;row&gt;⠎⠀⠑⠀⠇⠀⠧⠀⠜⠀⠜⠂⠀⠀⠀⠅⠀⠕⠀⠎⠀⠅⠀⠁&lt;/row&gt;
          &lt;row&gt;⠀&lt;/row&gt;
          &lt;row&gt;⠓⠀⠥⠀⠥⠀⠇⠀⠊⠀⠎⠀⠎⠀⠁⠀⠀⠀⠕⠀⠇⠀⠊&lt;/row&gt;
          &lt;row&gt;⠀&lt;/row&gt;
          &lt;row&gt;⠝⠀⠊⠀⠊⠀⠝⠀⠀⠀⠏⠀⠁⠀⠇⠀⠚⠀⠕⠀⠝&lt;/row&gt;
          &lt;row&gt;⠀&lt;/row&gt;
          &lt;row&gt;⠏⠀⠽⠀⠽⠀⠅⠀⠅⠀⠊⠀⠏⠀⠕⠀⠊⠀⠅⠀⠊⠀⠁⠄&lt;/row&gt;
          &lt;row&gt;⠀&lt;/row&gt;
          &lt;row&gt;⠀&lt;/row&gt;
          &lt;row&gt;⠤⠀⠀⠀⠠⠍⠀⠊⠀⠞⠀⠜&lt;/row&gt;
          &lt;row&gt;⠀&lt;/row&gt;
          &lt;row&gt;⠧⠀⠁⠀⠎⠀⠞⠀⠁⠀⠁⠀⠝⠢&lt;/row&gt;
          &lt;row&gt;⠀&lt;/row&gt;
          &lt;row&gt;⠀&lt;/row&gt;
          &lt;row&gt;⠠⠑⠀⠍⠀⠊⠀⠇⠀⠀⠀⠽⠀⠗⠀⠊⠀⠞⠀⠞⠀⠊&lt;/row&gt;
          &lt;row&gt;⠀&lt;/row&gt;
          &lt;row&gt;⠁⠀⠗⠀⠧⠀⠁⠀⠞⠀⠁⠂⠀⠀⠀⠍⠀⠥⠀⠞⠀⠞⠀⠁&lt;/row&gt;
        &lt;/page&gt;
        &lt;page&gt;
          &lt;row&gt;⠀⠀⠀⠀⠀⠀⠀⠀⠀⠀⠀⠀⠀⠀⠀⠀⠀⠀⠀⠀⠀⠀⠀⠀⠀⠀⠼⠁⠋⠋&lt;/row&gt;
          &lt;row&gt;⠎⠀⠑⠀⠀⠀⠑⠀⠊⠀⠀⠀⠕⠀⠇⠀⠇⠀⠥⠀⠞&lt;/row&gt;
          &lt;row&gt;⠀&lt;/row&gt;
          &lt;row&gt;⠓⠀⠑⠀⠇⠀⠏⠀⠏⠀⠕⠀⠁⠄&lt;/row&gt;
          &lt;row&gt;⠀&lt;/row&gt;
          &lt;row&gt;⠀&lt;/row&gt;
          &lt;row&gt;⠤⠀⠀⠀⠠⠕⠀⠎⠀⠕⠀⠊⠀⠞⠀⠁⠀⠝&lt;/row&gt;
          &lt;row&gt;⠀&lt;/row&gt;
          &lt;row&gt;⠍⠀⠊⠀⠑⠀⠇⠀⠞⠀⠜⠀⠝⠀⠊&lt;/row&gt;
          &lt;row&gt;⠀&lt;/row&gt;
          &lt;row&gt;⠎⠀⠊⠀⠊⠀⠇⠀⠊⠀⠑⠀⠝&lt;/row&gt;
          &lt;row&gt;⠀&lt;/row&gt;
          &lt;row&gt;⠕⠀⠊⠀⠅⠀⠑⠀⠥⠀⠅⠀⠎⠀⠊⠀⠑⠀⠝&lt;/row&gt;
          &lt;row&gt;⠀&lt;/row&gt;
          &lt;row&gt;⠏⠀⠥⠀⠕⠀⠇⠀⠑⠀⠎⠀⠞⠀⠁⠄&lt;/row&gt;
          &lt;row&gt;⠀&lt;/row&gt;
          &lt;row&gt;⠠⠝⠀⠽⠀⠞⠀⠀⠀⠕⠀⠝⠀⠀⠀⠞⠀⠁⠀⠇⠀⠧⠀⠊⠄&lt;/row&gt;
          &lt;row&gt;⠀&lt;/row&gt;
          &lt;row&gt;⠠⠎⠀⠊⠀⠊⠀⠇⠀⠊⠀⠞⠀⠀⠀⠕⠀⠧⠀⠁⠀⠞&lt;/row&gt;
          &lt;row&gt;⠀&lt;/row&gt;
          &lt;row&gt;⠧⠀⠁⠀⠊⠀⠏⠀⠥⠀⠝⠀⠑⠀⠑⠀⠞&lt;/row&gt;
          &lt;row&gt;⠀&lt;/row&gt;
          &lt;row&gt;⠓⠀⠕⠀⠗⠀⠗⠀⠕⠀⠅⠀⠎⠀⠑⠀⠑⠀⠝&lt;/row&gt;
          &lt;row&gt;⠀&lt;/row&gt;
          &lt;row&gt;⠚⠀⠁⠀⠀⠀⠝⠀⠥⠀⠅⠀⠅⠀⠥⠀⠧⠀⠁⠀⠞⠄&lt;/row&gt;
          &lt;row&gt;⠀&lt;/row&gt;
          &lt;row/&gt;
        &lt;/page&gt;
        &lt;page&gt;
          &lt;row&gt;⠀⠀⠀⠀⠀⠀⠀⠀⠀⠀⠀⠀⠀⠀⠀⠀⠀⠀⠀⠀⠀⠀⠀⠀⠀⠀⠼⠁⠋⠛&lt;/row&gt;
          &lt;row&gt;⠠⠍⠀⠥⠀⠞⠀⠞⠀⠁⠀⠀⠀⠅⠀⠥⠀⠝⠀⠀⠀⠅⠀⠕⠀⠅⠀⠕&lt;/row&gt;
          &lt;row&gt;⠀&lt;/row&gt;
          &lt;row&gt;⠞⠀⠕⠀⠗⠀⠊⠀⠀⠀⠅⠀⠁⠀⠊⠀⠧⠀⠑⠀⠞⠀⠁⠀⠁⠀⠝&lt;/row&gt;
          &lt;row&gt;⠀&lt;/row&gt;
          &lt;row&gt;⠁⠀⠥⠀⠅⠀⠊⠀⠀⠀⠚⠀⠁&lt;/row&gt;
          &lt;row&gt;⠀&lt;/row&gt;
          &lt;row&gt;⠏⠀⠊⠀⠙⠀⠑⠀⠞⠀⠜⠀⠜⠀⠝&lt;/row&gt;
          &lt;row&gt;⠀&lt;/row&gt;
          &lt;row&gt;⠞⠀⠜⠀⠇⠀⠇⠀⠁⠀⠊⠀⠎⠀⠞⠀⠁&lt;/row&gt;
          &lt;row&gt;⠀&lt;/row&gt;
          &lt;row&gt;⠍⠀⠑⠀⠞⠀⠑⠀⠇⠀⠊⠀⠜⠂⠀⠀⠀⠎⠀⠊⠀⠊⠀⠇⠀⠊⠀⠞&lt;/row&gt;
          &lt;row&gt;⠀&lt;/row&gt;
          &lt;row&gt;⠓⠀⠜⠀⠊⠀⠗⠀⠊⠀⠽⠀⠞⠀⠽⠀⠧⠀⠜⠀⠞⠄&lt;/row&gt;
          &lt;row&gt;⠀&lt;/row&gt;
          &lt;row&gt;⠠⠝⠀⠑⠀⠀⠀⠓⠀⠑⠀⠗⠀⠜⠀⠜⠀⠧⠀⠜⠀⠞⠀⠀⠀⠚⠀⠁&lt;/row&gt;
          &lt;row&gt;⠀&lt;/row&gt;
          &lt;row&gt;⠞⠀⠁⠀⠗⠀⠧⠀⠊⠀⠞⠀⠎⠀⠑⠀⠧⠀⠁⠀⠞&lt;/row&gt;
          &lt;row&gt;⠀&lt;/row&gt;
          &lt;row&gt;⠗⠀⠥⠀⠕⠀⠅⠀⠁⠀⠁&lt;/row&gt;
          &lt;row&gt;⠀&lt;/row&gt;
          &lt;row&gt;⠍⠀⠥⠀⠞⠀⠞⠀⠁⠀⠀⠀⠑⠀⠊⠀⠧⠀⠜⠀⠞&lt;/row&gt;
          &lt;row&gt;⠀&lt;/row&gt;
          &lt;row&gt;⠇⠀⠪⠀⠽⠀⠙⠀⠜⠀⠀⠀⠎⠀⠊⠀⠞⠀⠜&lt;/row&gt;
          &lt;row&gt;⠀&lt;/row&gt;
          &lt;row&gt;⠞⠀⠁⠀⠇⠀⠧⠀⠑⠀⠇⠀⠇⠀⠁⠄&lt;/row&gt;
          &lt;row/&gt;
        &lt;/page&gt;
        &lt;page&gt;
          &lt;row&gt;⠀⠀⠀⠀⠀⠀⠀⠀⠀⠀⠀⠀⠀⠀⠀⠀⠀⠀⠀⠀⠀⠀⠀⠀⠀⠀⠼⠁⠋⠓&lt;/row&gt;
          &lt;row&gt;⠠⠎⠀⠊⠀⠅⠀⠎⠀⠊⠀⠀⠀⠅⠀⠑⠀⠗⠀⠜⠀⠜⠀⠝&lt;/row&gt;
          &lt;row&gt;⠀&lt;/row&gt;
          &lt;row&gt;⠗⠀⠁⠀⠓⠀⠁⠀⠁&lt;/row&gt;
          &lt;row&gt;⠀&lt;/row&gt;
          &lt;row&gt;⠕⠀⠎⠀⠞⠀⠁⠀⠁⠀⠅⠀⠎⠀⠑⠀⠝⠀⠊&lt;/row&gt;
          &lt;row&gt;⠀&lt;/row&gt;
          &lt;row&gt;⠎⠀⠊⠀⠊⠀⠇⠀⠑⠀⠊⠀⠇⠀⠇⠀⠑&lt;/row&gt;
          &lt;row&gt;⠀&lt;/row&gt;
          &lt;row&gt;⠍⠀⠥⠀⠝⠀⠊⠀⠁⠄&lt;/row&gt;
          &lt;row&gt;⠀&lt;/row&gt;
          &lt;row&gt;⠀&lt;/row&gt;
          &lt;row&gt;⠤⠀⠀⠀⠠⠞⠀⠊⠀⠑⠀⠞⠀⠜⠀⠜⠀⠅⠀⠪&lt;/row&gt;
          &lt;row&gt;⠀&lt;/row&gt;
          &lt;row&gt;⠜⠀⠊⠀⠞⠀⠊⠀⠎⠀⠊⠀⠀⠀⠞⠀⠜⠀⠎⠀⠞⠀⠜⠢&lt;/row&gt;
          &lt;row&gt;⠀&lt;/row&gt;
          &lt;row&gt;⠠⠥⠀⠃⠀⠃⠀⠑⠀⠀⠀⠅⠀⠽⠀⠎⠀⠽⠀⠊&lt;/row&gt;
          &lt;row&gt;⠀&lt;/row&gt;
          &lt;row&gt;⠧⠀⠁⠀⠗⠀⠕⠀⠧⠀⠁⠀⠎⠀⠞⠀⠊⠄&lt;/row&gt;
          &lt;row&gt;⠀&lt;/row&gt;
          &lt;row&gt;⠀&lt;/row&gt;
          &lt;row&gt;⠠⠎⠀⠁⠀⠞⠀⠞⠀⠥⠀⠊⠀⠀⠀⠁⠀⠊⠀⠅⠀⠁&lt;/row&gt;
          &lt;row&gt;⠀&lt;/row&gt;
          &lt;row&gt;⠥⠀⠎⠀⠑⠀⠊⠀⠝⠀⠀⠀⠝⠀⠊⠀⠊⠀⠝⠂&lt;/row&gt;
          &lt;row&gt;⠀&lt;/row&gt;
          &lt;row&gt;⠑⠀⠞⠀⠞⠀⠜⠀⠀⠀⠠⠎⠀⠕⠀⠅⠀⠗⠀⠁⠀⠞⠀⠑⠀⠎&lt;/row&gt;
          &lt;row/&gt;
        &lt;/page&gt;
        &lt;page&gt;
          &lt;row&gt;⠀⠀⠀⠀⠀⠀⠀⠀⠀⠀⠀⠀⠀⠀⠀⠀⠀⠀⠀⠀⠀⠀⠀⠀⠀⠀⠼⠁⠋⠊&lt;/row&gt;
          &lt;row&gt;⠞⠀⠑⠀⠅⠀⠊&lt;/row&gt;
          &lt;row&gt;⠀&lt;/row&gt;
          &lt;row&gt;⠞⠀⠑⠀⠍⠀⠏⠀⠁⠀⠥⠀⠅⠀⠎⠀⠊⠀⠁⠂&lt;/row&gt;
          &lt;row&gt;⠀&lt;/row&gt;
          &lt;row&gt;⠚⠀⠕⠀⠞⠀⠅⠀⠁⠀⠀⠀⠑⠀⠊⠀⠧⠀⠜⠀⠞&lt;/row&gt;
          &lt;row&gt;⠀&lt;/row&gt;
          &lt;row&gt;⠊⠀⠇⠀⠁⠀⠓⠀⠙⠀⠥⠀⠞⠀⠞⠀⠁⠀⠝⠀⠑⠀⠑⠀⠞&lt;/row&gt;
          &lt;row&gt;⠀&lt;/row&gt;
          &lt;row&gt;⠓⠀⠜⠀⠝⠀⠑⠀⠝⠀⠀⠀⠜⠀⠊⠀⠞⠀⠊⠀⠜⠀⠜⠀⠝⠄&lt;/row&gt;
          &lt;row&gt;⠀&lt;/row&gt;
          &lt;row&gt;⠠⠥⠀⠃⠀⠃⠀⠑⠀⠀⠀⠏⠀⠕⠀⠓⠀⠞⠀⠊⠂&lt;/row&gt;
          &lt;row&gt;⠀&lt;/row&gt;
          &lt;row&gt;⠍⠀⠁⠀⠓⠀⠞⠀⠕⠀⠊⠀⠅⠀⠕⠀⠀⠀⠞⠀⠜⠀⠍⠀⠜&lt;/row&gt;
          &lt;row&gt;⠀&lt;/row&gt;
          &lt;row&gt;⠕⠀⠇⠀⠇⠀⠁⠀⠀⠀⠎⠀⠑⠀⠇⠀⠇⠀⠁⠀⠊⠀⠝⠀⠑⠀⠝&lt;/row&gt;
          &lt;row&gt;⠀&lt;/row&gt;
          &lt;row&gt;⠞⠀⠑⠀⠍⠀⠏⠀⠁⠀⠥⠀⠎⠄&lt;/row&gt;
          &lt;row&gt;⠀&lt;/row&gt;
          &lt;row&gt;⠀&lt;/row&gt;
          &lt;row&gt;⠤⠀⠀⠀⠠⠎⠀⠊⠀⠊⠀⠇⠀⠊⠀⠞&lt;/row&gt;
          &lt;row&gt;⠀&lt;/row&gt;
          &lt;row&gt;⠞⠀⠽⠀⠅⠀⠅⠀⠜⠀⠜⠀⠧⠀⠜⠀⠞&lt;/row&gt;
          &lt;row&gt;⠀&lt;/row&gt;
          &lt;row&gt;⠍⠀⠥⠀⠝⠀⠊⠀⠎⠀⠞⠀⠁⠂⠀⠀⠀⠠⠑⠀⠍⠀⠊⠀⠇&lt;/row&gt;
          &lt;row&gt;⠀&lt;/row&gt;
          &lt;row&gt;⠎⠀⠁⠀⠝⠀⠕⠀⠊⠄&lt;/row&gt;
        &lt;/page&gt;
        &lt;page&gt;
          &lt;row&gt;⠀⠀⠀⠀⠀⠀⠀⠀⠀⠀⠀⠀⠀⠀⠀⠀⠀⠀⠀⠀⠀⠀⠀⠀⠀⠀⠼⠁⠛⠚&lt;/row&gt;
          &lt;row&gt;⠤⠀⠀⠀⠠⠍⠀⠥⠀⠞⠀⠞⠀⠁⠀⠀⠀⠝⠀⠊⠀⠊⠀⠇⠀⠇⠀⠑&lt;/row&gt;
          &lt;row&gt;⠀&lt;/row&gt;
          &lt;row&gt;⠑⠀⠊⠀⠀⠀⠎⠀⠁⠀⠁⠀⠀⠀⠁⠀⠝⠀⠞⠀⠁⠀⠁&lt;/row&gt;
          &lt;row&gt;⠀&lt;/row&gt;
          &lt;row&gt;⠍⠀⠁⠀⠊⠀⠞⠀⠕⠀⠁⠂⠀⠀⠀⠅⠀⠕⠀⠎⠀⠅⠀⠁&lt;/row&gt;
          &lt;row&gt;⠀&lt;/row&gt;
          &lt;row&gt;⠎⠀⠊⠀⠊⠀⠞⠀⠜⠀⠀⠀⠝⠀⠑&lt;/row&gt;
          &lt;row&gt;⠀&lt;/row&gt;
          &lt;row&gt;⠎⠀⠁⠀⠊⠀⠗⠀⠁⠀⠎⠀⠞⠀⠥⠀⠧⠀⠁⠀⠞⠄&lt;/row&gt;
          &lt;row&gt;⠀&lt;/row&gt;
          &lt;row&gt;⠠⠞⠀⠥⠀⠇⠀⠑⠀⠞⠀⠅⠀⠕⠀⠀⠀⠍⠀⠥⠀⠅⠀⠁⠀⠁⠀⠝&lt;/row&gt;
          &lt;row&gt;⠀&lt;/row&gt;
          &lt;row&gt;⠠⠁⠀⠇⠀⠧⠀⠁⠀⠇⠀⠇⠀⠑⠂&lt;/row&gt;
          &lt;row&gt;⠀&lt;/row&gt;
          &lt;row&gt;⠠⠎⠀⠕⠀⠅⠀⠗⠀⠁⠀⠞⠀⠑⠀⠎⠢&lt;/row&gt;
          &lt;row&gt;⠀&lt;/row&gt;
          &lt;row&gt;⠀&lt;/row&gt;
          &lt;row&gt;⠤⠀⠀⠀⠠⠑⠀⠝⠀⠀⠀⠑⠀⠓⠀⠙⠀⠊⠂&lt;/row&gt;
          &lt;row&gt;⠀&lt;/row&gt;
          &lt;row&gt;⠠⠎⠀⠕⠀⠅⠀⠗⠀⠁⠀⠞⠀⠑⠀⠎&lt;/row&gt;
          &lt;row&gt;⠀&lt;/row&gt;
          &lt;row&gt;⠎⠀⠁⠀⠝⠀⠕⠀⠊⠄&lt;/row&gt;
          &lt;row&gt;⠀&lt;/row&gt;
          &lt;row&gt;⠤⠀⠀⠀⠠⠞⠀⠑⠀⠓⠀⠞⠀⠜⠀⠧⠀⠜⠀⠝⠀⠊⠀⠀⠀⠕⠀⠝&lt;/row&gt;
          &lt;row&gt;⠀&lt;/row&gt;
          &lt;row&gt;⠏⠀⠑⠀⠇⠀⠁⠀⠎⠀⠞⠀⠁⠀⠁&lt;/row&gt;
        &lt;/page&gt;
        &lt;page&gt;
          &lt;row&gt;⠀⠀⠀⠀⠀⠀⠀⠀⠀⠀⠀⠀⠀⠀⠀⠀⠀⠀⠀⠀⠀⠀⠀⠀⠀⠀⠼⠁⠛⠁&lt;/row&gt;
          &lt;row&gt;⠎⠀⠊⠀⠊⠀⠇⠀⠑⠀⠚⠀⠜⠄&lt;/row&gt;
          &lt;row&gt;⠀&lt;/row&gt;
          &lt;row&gt;⠠⠅⠀⠁⠀⠊⠀⠅⠀⠅⠀⠊&lt;/row&gt;
          &lt;row&gt;⠀&lt;/row&gt;
          &lt;row&gt;⠍⠀⠥⠀⠝⠀⠁⠀⠗⠀⠁⠀⠓⠀⠁⠀⠞&lt;/row&gt;
          &lt;row&gt;⠀&lt;/row&gt;
          &lt;row&gt;⠕⠀⠞⠀⠑⠀⠞⠀⠁⠀⠁⠀⠝&lt;/row&gt;
          &lt;row&gt;⠀&lt;/row&gt;
          &lt;row&gt;⠅⠀⠊⠀⠊⠀⠞⠀⠕⠀⠇⠀⠇⠀⠊⠀⠤&lt;/row&gt;
          &lt;row&gt;⠀&lt;/row&gt;
          &lt;row&gt;⠎⠀⠥⠀⠥⠀⠙⠀⠑⠀⠇⠀⠇⠀⠁&lt;/row&gt;
          &lt;row&gt;⠀&lt;/row&gt;
          &lt;row&gt;⠧⠀⠁⠀⠎⠀⠞⠀⠁⠀⠁⠀⠝⠄⠀⠀⠀⠠⠞⠀⠑⠀⠊⠀⠝&lt;/row&gt;
          &lt;row&gt;⠀&lt;/row&gt;
          &lt;row&gt;⠍⠀⠽⠀⠪⠀⠎⠀⠀⠀⠇⠀⠑⠀⠓⠀⠙⠀⠑⠀⠝⠂&lt;/row&gt;
          &lt;row&gt;⠀&lt;/row&gt;
          &lt;row&gt;⠚⠀⠕⠀⠝⠀⠅⠀⠁⠀⠀⠀⠝⠀⠊⠀⠍⠀⠊⠀⠀⠀⠕⠀⠝&lt;/row&gt;
          &lt;row&gt;⠀&lt;/row&gt;
          &lt;row&gt;⠠⠎⠀⠊⠀⠊⠀⠇⠀⠊⠀⠝⠀⠑⠀⠇⠀⠜⠀⠍⠀⠜⠀⠜⠄&lt;/row&gt;
          &lt;row&gt;⠀&lt;/row&gt;
          &lt;row&gt;⠠⠎⠀⠊⠀⠊⠀⠞⠀⠜⠀⠀⠀⠧⠀⠕⠀⠊&lt;/row&gt;
          &lt;row&gt;⠀&lt;/row&gt;
          &lt;row&gt;⠇⠀⠥⠀⠅⠀⠑⠀⠁⠂&lt;/row&gt;
          &lt;row&gt;⠀&lt;/row&gt;
          &lt;row&gt;⠍⠀⠊⠀⠇⠀⠇⠀⠁⠀⠊⠀⠎⠀⠞⠀⠁&lt;/row&gt;
          &lt;row/&gt;
        &lt;/page&gt;
        &lt;page&gt;
          &lt;row&gt;⠀⠀⠀⠀⠀⠀⠀⠀⠀⠀⠀⠀⠀⠀⠀⠀⠀⠀⠀⠀⠀⠀⠀⠀⠀⠀⠼⠁⠛⠃&lt;/row&gt;
          &lt;row&gt;⠎⠀⠊⠀⠊⠀⠇⠀⠑⠀⠊⠀⠇⠀⠇⠀⠜⠀⠀⠀⠕⠀⠝⠄&lt;/row&gt;
          &lt;row&gt;⠀&lt;/row&gt;
          &lt;row&gt;⠠⠇⠀⠑⠀⠓⠀⠞⠀⠊⠀⠀⠀⠍⠀⠁⠀⠅⠀⠎⠀⠁⠀⠁&lt;/row&gt;
          &lt;row&gt;⠀&lt;/row&gt;
          &lt;row&gt;⠧⠀⠊⠀⠊⠀⠎⠀⠊⠀⠀⠀⠅⠀⠗⠀⠥⠀⠥⠀⠝⠀⠥⠀⠁⠄&lt;/row&gt;
          &lt;row&gt;⠀&lt;/row&gt;
          &lt;row&gt;⠀&lt;/row&gt;
          &lt;row&gt;⠤⠀⠀⠀⠠⠕⠀⠎⠀⠞⠀⠁⠀⠝&lt;/row&gt;
          &lt;row&gt;⠀&lt;/row&gt;
          &lt;row&gt;⠇⠀⠑⠀⠓⠀⠙⠀⠑⠀⠝⠂⠀⠀⠀⠅⠀⠥⠀⠝&lt;/row&gt;
          &lt;row&gt;⠀&lt;/row&gt;
          &lt;row&gt;⠞⠀⠥⠀⠇⠀⠑⠀⠍⠀⠍⠀⠑⠀⠀⠀⠅⠀⠕⠀⠞⠀⠊⠀⠊⠀⠝⠂&lt;/row&gt;
          &lt;row&gt;⠀&lt;/row&gt;
          &lt;row&gt;⠠⠑⠀⠍⠀⠊⠀⠇⠀⠀⠀⠇⠀⠥⠀⠏⠀⠁⠀⠎⠀⠊⠄&lt;/row&gt;
          &lt;row&gt;⠀&lt;/row&gt;
          &lt;row&gt;⠀&lt;/row&gt;
          &lt;row&gt;⠠⠓⠀⠜⠀⠝⠀⠀⠀⠕⠀⠇⠀⠊⠀⠀⠀⠚⠀⠥⠀⠥⠀⠗⠀⠊&lt;/row&gt;
          &lt;row&gt;⠀&lt;/row&gt;
          &lt;row&gt;⠝⠀⠜⠀⠓⠀⠝⠀⠽⠀⠞⠀⠀⠀⠠⠓⠀⠥⠀⠇⠀⠙⠀⠁&lt;/row&gt;
          &lt;row&gt;⠀&lt;/row&gt;
          &lt;row&gt;⠠⠍⠀⠥⠀⠇⠀⠇⠀⠃⠀⠑⠀⠗⠀⠛⠀⠊⠀⠝⠂&lt;/row&gt;
          &lt;row&gt;⠀&lt;/row&gt;
          &lt;row&gt;⠠⠎⠀⠥⠀⠝⠀⠝⠀⠥⠀⠝⠀⠞⠀⠁⠀⠊⠀⠝⠀⠏⠀⠊⠀⠇⠀⠁⠤&lt;/row&gt;
          &lt;row&gt;⠀&lt;/row&gt;
          &lt;row&gt;⠁⠀⠚⠀⠁⠀⠝⠄&lt;/row&gt;
          &lt;row/&gt;
        &lt;/page&gt;
        &lt;page&gt;
          &lt;row&gt;⠀⠀⠀⠀⠀⠀⠀⠀⠀⠀⠀⠀⠀⠀⠀⠀⠀⠀⠀⠀⠀⠀⠀⠀⠀⠀⠼⠁⠛⠉&lt;/row&gt;
          &lt;row&gt;⠠⠑⠀⠍⠀⠊⠀⠇⠀⠀⠀⠑⠀⠊&lt;/row&gt;
          &lt;row&gt;⠀&lt;/row&gt;
          &lt;row&gt;⠓⠀⠁⠀⠇⠀⠥⠀⠝⠀⠝⠀⠥⠀⠞&lt;/row&gt;
          &lt;row&gt;⠀&lt;/row&gt;
          &lt;row&gt;⠞⠀⠁⠀⠧⠀⠁⠀⠞⠀⠁⠀⠀⠀⠠⠓⠀⠥⠀⠇⠀⠙⠀⠁⠀⠁&lt;/row&gt;
          &lt;row&gt;⠀&lt;/row&gt;
          &lt;row&gt;⠞⠀⠥⠀⠗⠀⠓⠀⠁⠀⠝⠀⠀⠀⠏⠀⠜⠀⠊⠀⠞⠀⠑⠀⠝⠄&lt;/row&gt;
          &lt;row&gt;⠀&lt;/row&gt;
          &lt;row&gt;⠠⠓⠀⠥⠀⠇⠀⠙⠀⠁⠀⠀⠀⠅⠀⠜⠀⠧⠀⠊&lt;/row&gt;
          &lt;row&gt;⠀&lt;/row&gt;
          &lt;row&gt;⠚⠀⠕⠀⠅⠀⠁⠀⠀⠀⠎⠀⠥⠀⠝⠀⠝⠀⠥⠀⠝⠀⠞⠀⠁⠀⠊&lt;/row&gt;
          &lt;row&gt;⠀&lt;/row&gt;
          &lt;row&gt;⠅⠀⠽⠀⠇⠀⠜⠀⠎⠀⠎⠀⠜⠀⠀⠀⠠⠺⠀⠑⠀⠗⠀⠝⠀⠊⠀⠝&lt;/row&gt;
          &lt;row&gt;⠀&lt;/row&gt;
          &lt;row&gt;⠏⠀⠑⠀⠗⠀⠓⠀⠑⠀⠑⠀⠇⠀⠇⠀⠜⠂&lt;/row&gt;
          &lt;row&gt;⠀&lt;/row&gt;
          &lt;row&gt;⠧⠀⠁⠀⠊⠀⠅⠀⠅⠀⠁⠀⠀⠀⠓⠀⠜⠀⠝⠀⠞⠀⠜&lt;/row&gt;
          &lt;row&gt;⠀&lt;/row&gt;
          &lt;row&gt;⠑⠀⠊⠀⠀⠀⠕⠀⠇⠀⠇⠀⠥⠀⠞&lt;/row&gt;
          &lt;row&gt;⠀&lt;/row&gt;
          &lt;row&gt;⠅⠀⠥⠀⠞⠀⠎⠀⠥⠀⠞⠀⠞⠀⠥⠄⠀⠀⠀⠠⠓⠀⠜⠀⠝&lt;/row&gt;
          &lt;row&gt;⠀&lt;/row&gt;
          &lt;row&gt;⠎⠀⠁⠀⠁⠀⠞⠀⠞⠀⠕⠀⠊&lt;/row&gt;
          &lt;row&gt;⠀&lt;/row&gt;
          &lt;row&gt;⠓⠀⠪⠀⠏⠀⠊⠀⠎⠀⠞⠀⠜&lt;/row&gt;
          &lt;row/&gt;
        &lt;/page&gt;
        &lt;page&gt;
          &lt;row&gt;⠀⠀⠀⠀⠀⠀⠀⠀⠀⠀⠀⠀⠀⠀⠀⠀⠀⠀⠀⠀⠀⠀⠀⠀⠀⠀⠼⠁⠛⠙&lt;/row&gt;
          &lt;row&gt;⠇⠀⠕⠀⠏⠀⠥⠀⠞⠀⠞⠀⠕⠀⠍⠀⠁⠀⠎⠀⠞⠀⠊&lt;/row&gt;
          &lt;row&gt;⠀&lt;/row&gt;
          &lt;row&gt;⠞⠀⠁⠀⠥⠀⠙⠀⠑⠀⠊⠀⠎⠀⠞⠀⠁&lt;/row&gt;
          &lt;row&gt;⠀&lt;/row&gt;
          &lt;row&gt;⠚⠀⠁⠀⠀⠀⠅⠀⠁⠀⠥⠀⠓⠀⠑⠀⠊⠀⠎⠀⠞⠀⠁&lt;/row&gt;
          &lt;row&gt;⠀&lt;/row&gt;
          &lt;row&gt;⠕⠀⠝⠀⠝⠀⠑⠀⠞⠀⠞⠀⠕⠀⠍⠀⠥⠀⠥⠀⠅⠀⠤&lt;/row&gt;
          &lt;row&gt;⠀&lt;/row&gt;
          &lt;row&gt;⠎⠀⠊⠀⠎⠀⠞⠀⠁⠄&lt;/row&gt;
          &lt;row&gt;⠀&lt;/row&gt;
          &lt;row&gt;⠀&lt;/row&gt;
          &lt;row&gt;⠠⠅⠀⠁⠀⠥⠀⠑⠀⠍⠀⠏⠀⠁⠀⠝⠀⠁&lt;/row&gt;
          &lt;row&gt;⠀&lt;/row&gt;
          &lt;row&gt;⠞⠀⠕⠀⠗⠀⠊⠀⠇⠀⠇⠀⠁⠂⠀⠀⠀⠁⠀⠊⠀⠧⠀⠁⠀⠝&lt;/row&gt;
          &lt;row&gt;⠀&lt;/row&gt;
          &lt;row&gt;⠠⠏⠀⠽⠀⠓⠀⠜⠀⠝&lt;/row&gt;
          &lt;row&gt;⠀&lt;/row&gt;
          &lt;row&gt;⠠⠅⠀⠁⠀⠞⠀⠁⠀⠗⠀⠊⠀⠊⠀⠝⠀⠁⠀⠝&lt;/row&gt;
          &lt;row&gt;⠀&lt;/row&gt;
          &lt;row&gt;⠅⠀⠊⠀⠗⠀⠅⠀⠕⠀⠝⠀⠤&lt;/row&gt;
          &lt;row&gt;⠀&lt;/row&gt;
          &lt;row&gt;⠗⠀⠁⠀⠥⠀⠝⠀⠊⠀⠕⠀⠊⠀⠙⠀⠑⠀⠝&lt;/row&gt;
          &lt;row&gt;⠀&lt;/row&gt;
          &lt;row&gt;⠇⠀⠥⠀⠕⠀⠝⠀⠁⠂⠀⠀⠀⠠⠑⠀⠍⠀⠊⠀⠇&lt;/row&gt;
          &lt;row&gt;⠀&lt;/row&gt;
          &lt;row&gt;⠝⠀⠜⠀⠅⠀⠊⠀⠀⠀⠥⠀⠝⠀⠊⠀⠎⠀⠑⠀⠝&lt;/row&gt;
        &lt;/page&gt;
        &lt;page&gt;
          &lt;row&gt;⠀⠀⠀⠀⠀⠀⠀⠀⠀⠀⠀⠀⠀⠀⠀⠀⠀⠀⠀⠀⠀⠀⠀⠀⠀⠀⠼⠁⠛⠑&lt;/row&gt;
          &lt;row&gt;⠎⠀⠊⠀⠊⠀⠇⠀⠊⠀⠝&lt;/row&gt;
          &lt;row&gt;⠀&lt;/row&gt;
          &lt;row&gt;⠓⠀⠕⠀⠊⠀⠏⠀⠑⠀⠗⠀⠞⠀⠑⠀⠇⠀⠑⠀⠧⠀⠁⠀⠝&lt;/row&gt;
          &lt;row&gt;⠀&lt;/row&gt;
          &lt;row&gt;⠑⠀⠞⠀⠑⠀⠑⠀⠝⠀⠏⠀⠜⠀⠊⠀⠝⠄&lt;/row&gt;
          &lt;row&gt;⠀&lt;/row&gt;
          &lt;row&gt;⠠⠅⠀⠁⠀⠞⠀⠁⠀⠎⠀⠞⠀⠗⠀⠕⠀⠋⠀⠊&lt;/row&gt;
          &lt;row&gt;⠀&lt;/row&gt;
          &lt;row&gt;⠥⠀⠓⠀⠅⠀⠁⠀⠎⠀⠊⠄&lt;/row&gt;
          &lt;row&gt;⠀&lt;/row&gt;
          &lt;row&gt;⠠⠓⠀⠥⠀⠇⠀⠙⠀⠁&lt;/row&gt;
          &lt;row&gt;⠀&lt;/row&gt;
          &lt;row&gt;⠠⠍⠀⠥⠀⠇⠀⠇⠀⠃⠀⠑⠀⠗⠀⠛&lt;/row&gt;
          &lt;row&gt;⠀&lt;/row&gt;
          &lt;row&gt;⠍⠀⠁⠀⠗⠀⠎⠀⠎⠀⠊⠀⠀⠀⠏⠀⠊⠀⠞⠀⠅⠀⠊⠀⠝&lt;/row&gt;
          &lt;row&gt;⠀&lt;/row&gt;
          &lt;row&gt;⠁⠀⠎⠀⠅⠀⠑⠀⠇⠀⠊⠀⠝&lt;/row&gt;
          &lt;row&gt;⠀&lt;/row&gt;
          &lt;row&gt;⠎⠀⠥⠀⠕⠀⠗⠀⠁⠀⠁⠀⠝&lt;/row&gt;
          &lt;row&gt;⠀&lt;/row&gt;
          &lt;row&gt;⠎⠀⠊⠀⠊⠀⠇⠀⠊⠀⠜⠀⠀⠀⠅⠀⠕⠀⠓⠀⠞⠀⠊⠄&lt;/row&gt;
          &lt;row&gt;⠀&lt;/row&gt;
          &lt;row&gt;⠠⠓⠀⠜⠀⠝⠀⠀⠀⠑⠀⠊&lt;/row&gt;
          &lt;row&gt;⠀&lt;/row&gt;
          &lt;row&gt;⠝⠀⠜⠀⠽⠀⠞⠀⠞⠀⠜⠀⠝⠀⠽⠀⠞&lt;/row&gt;
          &lt;row/&gt;
        &lt;/page&gt;
        &lt;page&gt;
          &lt;row&gt;⠀⠀⠀⠀⠀⠀⠀⠀⠀⠀⠀⠀⠀⠀⠀⠀⠀⠀⠀⠀⠀⠀⠀⠀⠀⠀⠼⠁⠛⠋&lt;/row&gt;
          &lt;row&gt;⠓⠀⠥⠀⠕⠀⠍⠀⠁⠀⠁⠀⠧⠀⠁⠀⠝⠀⠀⠀⠎⠀⠊⠀⠞⠀⠜⠄&lt;/row&gt;
          &lt;row&gt;⠀&lt;/row&gt;
          &lt;row&gt;⠠⠓⠀⠜⠀⠝⠀⠀⠀⠏⠀⠑⠀⠝⠀⠅⠀⠕⠀⠊&lt;/row&gt;
          &lt;row&gt;⠀&lt;/row&gt;
          &lt;row&gt;⠅⠀⠜⠀⠎⠀⠊⠀⠇⠀⠁⠀⠥⠀⠅⠀⠅⠀⠥⠀⠁⠀⠁⠀⠝&lt;/row&gt;
          &lt;row&gt;⠀&lt;/row&gt;
          &lt;row&gt;⠅⠀⠜⠀⠧⠀⠑⠀⠇⠀⠇⠀⠑⠀⠎⠀⠎⠀⠜⠀⠜⠀⠝⠄&lt;/row&gt;
          &lt;row&gt;⠀&lt;/row&gt;
          &lt;row&gt;⠀&lt;/row&gt;
          &lt;row&gt;⠠⠎⠀⠊⠀⠊⠀⠇⠀⠊⠀⠀⠀⠅⠀⠊⠀⠏⠀⠊⠀⠞⠀⠞⠀⠊&lt;/row&gt;
          &lt;row&gt;⠀&lt;/row&gt;
          &lt;row&gt;⠍⠀⠊⠀⠝⠀⠅⠀⠜⠀⠀⠀⠑⠀⠓⠀⠞⠀⠊&lt;/row&gt;
          &lt;row&gt;⠀&lt;/row&gt;
          &lt;row&gt;⠇⠀⠽⠀⠓⠀⠽⠀⠊⠀⠇⠀⠇⠀⠜&lt;/row&gt;
          &lt;row&gt;⠀&lt;/row&gt;
          &lt;row&gt;⠚⠀⠁⠀⠇⠀⠕⠀⠊⠀⠇⠀⠇⠀⠁⠀⠁⠀⠝⠄⠀⠀⠀⠠⠎⠀⠑&lt;/row&gt;
          &lt;row&gt;⠀&lt;/row&gt;
          &lt;row&gt;⠞⠀⠥⠀⠓⠀⠊⠀⠎⠀⠊⠀⠀⠀⠚⠀⠁&lt;/row&gt;
          &lt;row&gt;⠀&lt;/row&gt;
          &lt;row&gt;⠧⠀⠊⠀⠇⠀⠅⠀⠥⠀⠊⠀⠇⠀⠊&lt;/row&gt;
          &lt;row&gt;⠀&lt;/row&gt;
          &lt;row&gt;⠽⠀⠍⠀⠏⠀⠜⠀⠗⠀⠊⠀⠇⠀⠇⠀⠑⠀⠑⠀⠝⠄&lt;/row&gt;
          &lt;row&gt;⠀&lt;/row&gt;
          &lt;row&gt;⠠⠓⠀⠥⠀⠇⠀⠙⠀⠁⠀⠀⠀⠇⠀⠜⠀⠓⠀⠑⠀⠎⠀⠞⠀⠽⠀⠊&lt;/row&gt;
          &lt;row&gt;⠀&lt;/row&gt;
          &lt;row&gt;⠏⠀⠑⠀⠇⠀⠕⠀⠞⠀⠞⠀⠁⠀⠧⠀⠁⠀⠁&lt;/row&gt;
        &lt;/page&gt;
        &lt;page&gt;
          &lt;row&gt;⠀⠀⠀⠀⠀⠀⠀⠀⠀⠀⠀⠀⠀⠀⠀⠀⠀⠀⠀⠀⠀⠀⠀⠀⠀⠀⠼⠁⠛⠛&lt;/row&gt;
          &lt;row&gt;⠧⠀⠁⠀⠥⠀⠓⠀⠞⠀⠊⠀⠁⠄⠀⠀⠀⠠⠑⠀⠍⠀⠊⠀⠇&lt;/row&gt;
          &lt;row&gt;⠀&lt;/row&gt;
          &lt;row&gt;⠓⠀⠥⠀⠥⠀⠎⠀⠊⠂⠀⠀⠀⠠⠥⠀⠃⠀⠃⠀⠑&lt;/row&gt;
          &lt;row&gt;⠀&lt;/row&gt;
          &lt;row&gt;⠓⠀⠥⠀⠥⠀⠎⠀⠊⠂⠀⠀⠀⠍⠀⠥⠀⠞⠀⠞⠀⠁&lt;/row&gt;
          &lt;row&gt;⠀&lt;/row&gt;
          &lt;row&gt;⠅⠀⠁⠀⠊⠀⠅⠀⠅⠀⠑⠀⠊⠀⠝&lt;/row&gt;
          &lt;row&gt;⠀&lt;/row&gt;
          &lt;row&gt;⠅⠀⠕⠀⠧⠀⠊⠀⠍⠀⠍⠀⠊⠀⠝⠀⠀⠀⠓⠀⠥⠀⠥⠀⠎⠀⠊&lt;/row&gt;
          &lt;row&gt;⠀&lt;/row&gt;
          &lt;row&gt;⠠⠎⠀⠕⠀⠅⠀⠗⠀⠁⠀⠞⠀⠑⠀⠎⠒&lt;/row&gt;
          &lt;row&gt;⠀&lt;/row&gt;
          &lt;row&gt;⠀&lt;/row&gt;
          &lt;row&gt;⠤⠀⠀⠀⠠⠧⠀⠁⠀⠗⠀⠕⠀⠀⠀⠎⠀⠊⠀⠊⠀⠇⠀⠊⠀⠜⠲&lt;/row&gt;
          &lt;row&gt;⠀&lt;/row&gt;
          &lt;row&gt;⠀&lt;/row&gt;
          &lt;row&gt;⠠⠍⠀⠥⠀⠞⠀⠞⠀⠁⠀⠀⠀⠕⠀⠇⠀⠊&lt;/row&gt;
          &lt;row&gt;⠀&lt;/row&gt;
          &lt;row&gt;⠇⠀⠊⠀⠊⠀⠁⠀⠝&lt;/row&gt;
          &lt;row&gt;⠀&lt;/row&gt;
          &lt;row&gt;⠍⠀⠽⠀⠪⠀⠓⠀⠜⠀⠊⠀⠎⠀⠞⠀⠜⠄&lt;/row&gt;
          &lt;row&gt;⠀&lt;/row&gt;
          &lt;row&gt;⠠⠎⠀⠊⠀⠊⠀⠇⠀⠊⠀⠀⠀⠑⠀⠓⠀⠞⠀⠊&lt;/row&gt;
          &lt;row&gt;⠀&lt;/row&gt;
          &lt;row&gt;⠚⠀⠥⠀⠥⠀⠗⠀⠊⠀⠀⠀⠚⠀⠁&lt;/row&gt;
          &lt;row/&gt;
        &lt;/page&gt;
        &lt;page&gt;
          &lt;row&gt;⠀⠀⠀⠀⠀⠀⠀⠀⠀⠀⠀⠀⠀⠀⠀⠀⠀⠀⠀⠀⠀⠀⠀⠀⠀⠀⠼⠁⠛⠓&lt;/row&gt;
          &lt;row&gt;⠚⠀⠥⠀⠥⠀⠗⠀⠊⠀⠀⠀⠅⠀⠜⠀⠏⠀⠑⠀⠗⠀⠞⠀⠽⠀⠜&lt;/row&gt;
          &lt;row&gt;⠀&lt;/row&gt;
          &lt;row&gt;⠏⠀⠁⠀⠇⠀⠇⠀⠕⠀⠅⠀⠎⠀⠊⠀⠀⠀⠑⠀⠝⠀⠝⠀⠑⠀⠝&lt;/row&gt;
          &lt;row&gt;⠀&lt;/row&gt;
          &lt;row&gt;⠅⠀⠥⠀⠊⠀⠝⠀⠀⠀⠠⠓⠀⠥⠀⠇⠀⠙⠀⠁&lt;/row&gt;
          &lt;row&gt;⠀&lt;/row&gt;
          &lt;row&gt;⠏⠀⠕⠀⠞⠀⠅⠀⠁⠀⠊⠀⠎⠀⠊&lt;/row&gt;
          &lt;row&gt;⠀&lt;/row&gt;
          &lt;row&gt;⠎⠀⠊⠀⠞⠀⠜⠄⠀⠀⠀⠠⠑⠀⠊⠀⠀⠀⠊⠀⠓⠀⠍⠀⠑⠂&lt;/row&gt;
          &lt;row&gt;⠀&lt;/row&gt;
          &lt;row&gt;⠑⠀⠞⠀⠞⠀⠜⠀⠀⠀⠎⠀⠊⠀⠊⠀⠇⠀⠊⠀⠞&lt;/row&gt;
          &lt;row&gt;⠀&lt;/row&gt;
          &lt;row&gt;⠧⠀⠕⠀⠊⠀⠧⠀⠁⠀⠞⠀⠀⠀⠚⠀⠜⠀⠜⠀⠙⠀⠜&lt;/row&gt;
          &lt;row&gt;⠀&lt;/row&gt;
          &lt;row&gt;⠁⠀⠥⠀⠞⠀⠕⠀⠝⠀⠀⠀⠁⠀⠇⠀⠇⠀⠑⠂⠀⠀⠀⠅⠀⠥⠀⠝&lt;/row&gt;
          &lt;row&gt;⠀&lt;/row&gt;
          &lt;row&gt;⠠⠓⠀⠥⠀⠇⠀⠙⠀⠁⠀⠅⠀⠊⠀⠝⠀⠀⠀⠧⠀⠕⠀⠊&lt;/row&gt;
          &lt;row&gt;⠀&lt;/row&gt;
          &lt;row&gt;⠅⠀⠜⠀⠧⠀⠑⠀⠇⠀⠇⠀⠜⠀⠀⠀⠝⠀⠊⠀⠊⠀⠙⠀⠑⠀⠝&lt;/row&gt;
          &lt;row&gt;⠀&lt;/row&gt;
          &lt;row&gt;⠽⠀⠇⠀⠊⠂⠀⠀⠀⠠⠑⠀⠍⠀⠊⠀⠇&lt;/row&gt;
          &lt;row&gt;⠀&lt;/row&gt;
          &lt;row&gt;⠁⠀⠚⠀⠁⠀⠞⠀⠞⠀⠑⠀⠇⠀⠊⠄&lt;/row&gt;
          &lt;row&gt;⠀&lt;/row&gt;
          &lt;row&gt;⠀&lt;/row&gt;
          &lt;row/&gt;
        &lt;/page&gt;
        &lt;page&gt;
          &lt;row&gt;⠀⠀⠀⠀⠀⠀⠀⠀⠀⠀⠀⠀⠀⠀⠀⠀⠀⠀⠀⠀⠀⠀⠀⠀⠀⠀⠼⠁⠛⠊&lt;/row&gt;
          &lt;row&gt;⠤⠀⠀⠀⠠⠍⠀⠊⠀⠅⠀⠜⠀⠀⠀⠎⠀⠑⠀⠀⠀⠕⠀⠇⠀⠊⠢&lt;/row&gt;
          &lt;row&gt;⠀&lt;/row&gt;
          &lt;row&gt;⠠⠓⠀⠥⠀⠇⠀⠙⠀⠁⠀⠀⠀⠅⠀⠽⠀⠎⠀⠽⠀⠊&lt;/row&gt;
          &lt;row&gt;⠀&lt;/row&gt;
          &lt;row&gt;⠅⠀⠥⠀⠥⠀⠇⠀⠇⠀⠑⠀⠎⠀⠎⠀⠁⠀⠁⠀⠝&lt;/row&gt;
          &lt;row&gt;⠀&lt;/row&gt;
          &lt;row&gt;⠎⠀⠊⠀⠓⠀⠊⠀⠝⠀⠜⠀⠜⠄&lt;/row&gt;
          &lt;row&gt;⠀&lt;/row&gt;
          &lt;row&gt;⠀&lt;/row&gt;
          &lt;row&gt;⠤⠀⠀⠀⠠⠎⠀⠊⠀⠊⠀⠇⠀⠊⠲⠀⠀⠀⠠⠎⠀⠊⠀⠝⠀⠜&lt;/row&gt;
          &lt;row&gt;⠀&lt;/row&gt;
          &lt;row&gt;⠍⠀⠑⠀⠇⠀⠅⠀⠑⠀⠊⠀⠝⠀⠀⠀⠞⠀⠁⠀⠏⠀⠕⠀⠊⠀⠞&lt;/row&gt;
          &lt;row&gt;⠀&lt;/row&gt;
          &lt;row&gt;⠎⠀⠑⠀⠝⠂⠀⠀⠀⠠⠎⠀⠕⠀⠅⠀⠗⠀⠁⠀⠞⠀⠑⠀⠎&lt;/row&gt;
          &lt;row&gt;⠀&lt;/row&gt;
          &lt;row&gt;⠎⠀⠽⠀⠽⠀⠞⠀⠞⠀⠊⠀⠀⠀⠚⠀⠁&lt;/row&gt;
          &lt;row&gt;⠀&lt;/row&gt;
          &lt;row&gt;⠞⠀⠽⠀⠪⠀⠝⠀⠎⠀⠊&lt;/row&gt;
          &lt;row&gt;⠀&lt;/row&gt;
          &lt;row&gt;⠅⠀⠑⠀⠗⠀⠜⠀⠽⠀⠎⠀⠇⠀⠊⠀⠏⠀⠏⠀⠁⠀⠁⠀⠝&lt;/row&gt;
          &lt;row&gt;⠀&lt;/row&gt;
          &lt;row&gt;⠠⠓⠀⠥⠀⠇⠀⠙⠀⠁⠀⠝⠀⠀⠀⠝⠀⠑⠀⠝⠀⠜⠀⠝&lt;/row&gt;
          &lt;row&gt;⠀&lt;/row&gt;
          &lt;row&gt;⠁⠀⠇⠀⠇⠀⠑⠄&lt;/row&gt;
          &lt;row&gt;⠀&lt;/row&gt;
          &lt;row/&gt;
        &lt;/page&gt;
        &lt;page&gt;
          &lt;row&gt;⠀⠀⠀⠀⠀⠀⠀⠀⠀⠀⠀⠀⠀⠀⠀⠀⠀⠀⠀⠀⠀⠀⠀⠀⠀⠀⠼⠁⠓⠚&lt;/row&gt;
          &lt;row&gt;⠤⠀⠀⠀⠠⠇⠀⠁⠀⠓⠀⠚⠀⠕⠀⠊⠀⠞⠀⠁&lt;/row&gt;
          &lt;row&gt;⠀&lt;/row&gt;
          &lt;row&gt;⠗⠀⠕⠀⠏⠀⠕&lt;/row&gt;
          &lt;row&gt;⠀&lt;/row&gt;
          &lt;row&gt;⠅⠀⠕⠀⠙⠀⠊⠀⠞⠀⠞⠀⠕⠀⠍⠀⠊⠀⠇⠀⠇⠀⠑&lt;/row&gt;
          &lt;row&gt;⠀&lt;/row&gt;
          &lt;row&gt;⠎⠀⠊⠀⠊⠀⠇⠀⠑⠀⠊⠀⠇⠀⠇⠀⠑⠄&lt;/row&gt;
          &lt;row&gt;⠀&lt;/row&gt;
          &lt;row&gt;⠀&lt;/row&gt;
          &lt;row&gt;⠤⠀⠀⠀⠠⠍⠀⠊⠀⠞⠀⠜⠀⠀⠀⠎⠀⠊⠀⠝⠀⠜&lt;/row&gt;
          &lt;row&gt;⠀&lt;/row&gt;
          &lt;row&gt;⠓⠀⠪⠀⠏⠀⠪⠀⠞⠀⠜⠀⠞⠢⠀⠀⠀⠠⠓⠀⠥⠀⠇⠀⠙⠀⠁&lt;/row&gt;
          &lt;row&gt;⠀&lt;/row&gt;
          &lt;row&gt;⠞⠀⠕⠀⠅⠀⠁⠀⠊⠀⠎⠀⠊&lt;/row&gt;
          &lt;row&gt;⠀&lt;/row&gt;
          &lt;row&gt;⠜⠀⠗⠀⠞⠀⠽⠀⠝⠀⠑⠀⠑⠀⠝⠀⠜⠄&lt;/row&gt;
          &lt;row&gt;⠀&lt;/row&gt;
          &lt;row&gt;⠀&lt;/row&gt;
          &lt;row&gt;⠤⠀⠀⠀⠠⠜⠀⠊⠀⠞⠀⠊⠀⠎⠀⠊&lt;/row&gt;
          &lt;row&gt;⠀&lt;/row&gt;
          &lt;row&gt;⠞⠀⠥⠀⠎⠀⠅⠀⠊⠀⠝⠀⠀⠀⠓⠀⠁⠀⠇⠀⠥⠀⠁⠀⠁⠂&lt;/row&gt;
          &lt;row&gt;⠀&lt;/row&gt;
          &lt;row&gt;⠑⠀⠞⠀⠞⠀⠜⠀⠀⠀⠅⠀⠑⠀⠗⠀⠚⠀⠜⠀⠜⠀⠞&lt;/row&gt;
          &lt;row&gt;⠀&lt;/row&gt;
          &lt;row&gt;⠗⠀⠁⠀⠓⠀⠁⠀⠁⠀⠀⠀⠚⠀⠁&lt;/row&gt;
          &lt;row/&gt;
        &lt;/page&gt;
        &lt;page&gt;
          &lt;row&gt;⠀⠀⠀⠀⠀⠀⠀⠀⠀⠀⠀⠀⠀⠀⠀⠀⠀⠀⠀⠀⠀⠀⠀⠀⠀⠀⠼⠁⠓⠁&lt;/row&gt;
          &lt;row&gt;⠝⠀⠕⠀⠇⠀⠁⠀⠁⠀⠞&lt;/row&gt;
          &lt;row&gt;⠀&lt;/row&gt;
          &lt;row&gt;⠊⠀⠞⠀⠎⠀⠑⠀⠎⠀⠊⠀⠀⠀⠞⠀⠜⠀⠇⠀⠇⠀⠜&lt;/row&gt;
          &lt;row&gt;⠀&lt;/row&gt;
          &lt;row&gt;⠇⠀⠁⠀⠊⠀⠇⠀⠇⠀⠁⠄&lt;/row&gt;
          &lt;row&gt;⠀&lt;/row&gt;
          &lt;row&gt;⠀&lt;/row&gt;
          &lt;row&gt;⠤⠀⠀⠀⠠⠕⠀⠎⠀⠞⠀⠁⠀⠀⠀⠎⠀⠊⠀⠞⠀⠞⠀⠑⠀⠝&lt;/row&gt;
          &lt;row&gt;⠀&lt;/row&gt;
          &lt;row&gt;⠠⠎⠀⠊⠀⠊⠀⠇⠀⠊⠀⠝⠀⠑⠀⠇⠀⠜⠀⠍⠀⠜⠀⠜⠄&lt;/row&gt;
          &lt;row&gt;⠀&lt;/row&gt;
          &lt;row&gt;⠠⠧⠀⠁⠀⠊⠀⠝⠀⠀⠀⠧⠀⠊⠀⠊⠀⠙⠀⠑⠀⠇⠀⠇⠀⠜&lt;/row&gt;
          &lt;row&gt;⠀&lt;/row&gt;
          &lt;row&gt;⠅⠀⠗⠀⠥⠀⠥⠀⠝⠀⠥⠀⠇⠀⠇⠀⠁&lt;/row&gt;
          &lt;row&gt;⠀&lt;/row&gt;
          &lt;row&gt;⠧⠀⠕⠀⠊⠀⠞⠀⠀⠀⠏⠀⠑⠀⠇⠀⠁⠀⠎⠀⠞⠀⠁⠀⠁&lt;/row&gt;
          &lt;row&gt;⠀&lt;/row&gt;
          &lt;row&gt;⠎⠀⠊⠀⠊⠀⠇⠀⠊⠀⠝⠄&lt;/row&gt;
          &lt;row&gt;⠀&lt;/row&gt;
          &lt;row&gt;⠀&lt;/row&gt;
          &lt;row&gt;⠤⠀⠀⠀⠠⠞⠀⠽⠀⠓⠀⠍⠀⠽⠀⠽⠀⠅⠀⠎⠀⠊⠀⠜⠲&lt;/row&gt;
          &lt;row&gt;⠀&lt;/row&gt;
          &lt;row&gt;⠠⠓⠀⠥⠀⠇⠀⠙⠀⠁⠀⠀⠀⠎⠀⠁⠀⠝⠀⠕⠀⠊⠀⠀⠀⠚⠀⠁&lt;/row&gt;
          &lt;row&gt;⠀&lt;/row&gt;
          &lt;row&gt;⠍⠀⠁⠀⠗⠀⠎⠀⠎⠀⠊&lt;/row&gt;
          &lt;row/&gt;
        &lt;/page&gt;
        &lt;page&gt;
          &lt;row&gt;⠀⠀⠀⠀⠀⠀⠀⠀⠀⠀⠀⠀⠀⠀⠀⠀⠀⠀⠀⠀⠀⠀⠀⠀⠀⠀⠼⠁⠓⠃&lt;/row&gt;
          &lt;row&gt;⠑⠀⠞⠀⠑⠀⠑⠀⠝⠀⠏⠀⠜⠀⠊⠀⠝&lt;/row&gt;
          &lt;row&gt;⠀&lt;/row&gt;
          &lt;row&gt;⠅⠀⠁⠀⠞⠀⠥⠀⠅⠀⠊⠀⠧⠀⠊⠀⠤&lt;/row&gt;
          &lt;row&gt;⠀&lt;/row&gt;
          &lt;row&gt;⠅⠀⠁⠀⠎⠀⠕⠀⠚⠀⠑⠀⠝⠀⠀⠀⠕⠀⠓⠀⠊⠄&lt;/row&gt;
          &lt;row&gt;⠀&lt;/row&gt;
          &lt;row&gt;⠀&lt;/row&gt;
          &lt;row&gt;⠤⠀⠀⠀⠠⠕⠀⠇⠀⠑⠀⠞⠀⠅⠀⠕&lt;/row&gt;
          &lt;row&gt;⠀&lt;/row&gt;
          &lt;row&gt;⠎⠀⠁⠀⠁⠀⠝⠀⠥⠀⠞&lt;/row&gt;
          &lt;row&gt;⠀&lt;/row&gt;
          &lt;row&gt;⠅⠀⠑⠀⠗⠀⠜⠀⠞⠀⠞⠀⠽⠀⠜&lt;/row&gt;
          &lt;row&gt;⠀&lt;/row&gt;
          &lt;row&gt;⠽⠀⠓⠀⠞⠀⠜⠀⠜⠀⠝⠀⠀⠀⠗⠀⠁⠀⠓⠀⠁⠀⠁⠢&lt;/row&gt;
          &lt;row&gt;⠀&lt;/row&gt;
          &lt;row&gt;⠠⠥⠀⠃⠀⠃⠀⠑⠀⠀⠀⠥⠀⠞⠀⠑⠀⠇⠀⠊⠄&lt;/row&gt;
          &lt;row&gt;⠀&lt;/row&gt;
          &lt;row&gt;⠠⠓⠀⠜⠀⠝⠀⠀⠀⠞⠀⠊⠀⠑⠀⠎⠀⠊⠂&lt;/row&gt;
          &lt;row&gt;⠀&lt;/row&gt;
          &lt;row&gt;⠅⠀⠥⠀⠊⠀⠝⠀⠅⠀⠁⠀⠀⠀⠧⠀⠁⠀⠊⠀⠅⠀⠑⠀⠁⠀⠁&lt;/row&gt;
          &lt;row&gt;⠀&lt;/row&gt;
          &lt;row&gt;⠗⠀⠁⠀⠓⠀⠁⠀⠝&lt;/row&gt;
          &lt;row&gt;⠀&lt;/row&gt;
          &lt;row&gt;⠓⠀⠁⠀⠝⠀⠅⠀⠅⠀⠊⠀⠍⠀⠊⠀⠝⠀⠑⠀⠝&lt;/row&gt;
          &lt;row&gt;⠀&lt;/row&gt;
          &lt;row&gt;⠕⠀⠇⠀⠊⠄&lt;/row&gt;
        &lt;/page&gt;
        &lt;page&gt;
          &lt;row&gt;⠀⠀⠀⠀⠀⠀⠀⠀⠀⠀⠀⠀⠀⠀⠀⠀⠀⠀⠀⠀⠀⠀⠀⠀⠀⠀⠼⠁⠓⠉&lt;/row&gt;
          &lt;row&gt;⠤⠀⠀⠀⠠⠑⠀⠝⠀⠀⠀⠏⠀⠑⠀⠝⠀⠝⠀⠊⠀⠝&lt;/row&gt;
          &lt;row&gt;⠀&lt;/row&gt;
          &lt;row&gt;⠅⠀⠊⠀⠇⠀⠇⠀⠊⠀⠝⠀⠅⠀⠊⠀⠜⠄⠀⠀⠀⠠⠅⠀⠥⠀⠝&lt;/row&gt;
          &lt;row&gt;⠀&lt;/row&gt;
          &lt;row&gt;⠞⠀⠥⠀⠇⠀⠑⠀⠑⠀⠀⠀⠅⠀⠑⠀⠗⠀⠜⠀⠽⠀⠎⠀⠤&lt;/row&gt;
          &lt;row&gt;⠀&lt;/row&gt;
          &lt;row&gt;⠇⠀⠊⠀⠏⠀⠏⠀⠁⠀⠁⠀⠝⠀⠀⠀⠅⠀⠁⠀⠝⠀⠎⠀⠎⠀⠁⠂&lt;/row&gt;
          &lt;row&gt;⠀&lt;/row&gt;
          &lt;row&gt;⠊⠀⠓⠀⠍⠀⠊⠀⠎⠀⠑⠀⠞&lt;/row&gt;
          &lt;row&gt;⠀&lt;/row&gt;
          &lt;row&gt;⠞⠀⠑⠀⠑⠀⠎⠀⠅⠀⠑⠀⠝⠀⠞⠀⠑⠀⠇⠀⠑⠀⠧⠀⠜⠀⠞&lt;/row&gt;
          &lt;row&gt;⠀&lt;/row&gt;
          &lt;row&gt;⠑⠀⠞⠀⠞⠀⠑⠀⠊⠀⠧⠀⠜⠀⠞&lt;/row&gt;
          &lt;row&gt;⠀&lt;/row&gt;
          &lt;row&gt;⠓⠀⠥⠀⠕⠀⠍⠀⠁⠀⠁⠄⠀⠀⠀⠠⠓⠀⠑&lt;/row&gt;
          &lt;row&gt;⠀&lt;/row&gt;
          &lt;row&gt;⠧⠀⠁⠀⠊⠀⠝⠀⠀⠀⠅⠀⠁⠀⠞⠀⠎⠀⠕⠀⠧⠀⠁⠀⠞&lt;/row&gt;
          &lt;row&gt;⠀&lt;/row&gt;
          &lt;row&gt;⠅⠀⠑⠀⠇⠀⠇⠀⠕⠀⠁⠀⠀⠀⠚⠀⠁&lt;/row&gt;
          &lt;row&gt;⠀&lt;/row&gt;
          &lt;row&gt;⠅⠀⠜⠀⠧⠀⠑⠀⠇⠀⠑⠀⠧⠀⠜⠀⠞&lt;/row&gt;
          &lt;row&gt;⠀&lt;/row&gt;
          &lt;row&gt;⠅⠀⠕⠀⠧⠀⠁⠀⠁&lt;/row&gt;
          &lt;row&gt;⠀&lt;/row&gt;
          &lt;row&gt;⠑⠀⠞⠀⠑⠀⠑⠀⠝⠀⠏⠀⠜⠀⠊⠀⠝⠄&lt;/row&gt;
          &lt;row/&gt;
        &lt;/page&gt;
        &lt;page&gt;
          &lt;row&gt;⠀⠀⠀⠀⠀⠀⠀⠀⠀⠀⠀⠀⠀⠀⠀⠀⠀⠀⠀⠀⠀⠀⠀⠀⠀⠀⠼⠁⠓⠙&lt;/row&gt;
          &lt;row&gt;⠼⠛⠄⠀⠀⠀⠠⠇⠀⠥⠀⠅⠀⠥&lt;/row&gt;
          &lt;row&gt;⠀&lt;/row&gt;
          &lt;row&gt;⠀&lt;/row&gt;
          &lt;row&gt;⠠⠁⠀⠇⠀⠧⠀⠁⠀⠀⠀⠁⠀⠎⠀⠥⠀⠊&lt;/row&gt;
          &lt;row&gt;⠀&lt;/row&gt;
          &lt;row&gt;⠅⠀⠁⠀⠎⠀⠧⠀⠊⠀⠞⠀⠊⠀⠑⠀⠞⠀⠑⠀⠑⠀⠇⠀⠤&lt;/row&gt;
          &lt;row&gt;⠀&lt;/row&gt;
          &lt;row&gt;⠇⠀⠊⠀⠎⠀⠑⠀⠝&lt;/row&gt;
          &lt;row&gt;⠀&lt;/row&gt;
          &lt;row&gt;⠏⠀⠥⠀⠥⠀⠞⠀⠁⠀⠗⠀⠓⠀⠁⠀⠝&lt;/row&gt;
          &lt;row&gt;⠀&lt;/row&gt;
          &lt;row&gt;⠞⠀⠁⠀⠅⠀⠁⠀⠝⠀⠁⠀⠀⠀⠞⠀⠁⠀⠇⠀⠕⠀⠎⠀⠎⠀⠁⠂&lt;/row&gt;
          &lt;row&gt;⠀&lt;/row&gt;
          &lt;row&gt;⠚⠀⠕⠀⠅⠀⠁⠀⠀⠀⠍⠀⠥⠀⠊⠀⠎⠀⠞⠀⠥⠀⠞⠀⠞⠀⠊&lt;/row&gt;
          &lt;row&gt;⠀&lt;/row&gt;
          &lt;row&gt;⠏⠀⠊⠀⠑⠀⠝⠀⠞⠀⠜⠀⠀⠀⠇⠀⠊⠀⠝⠀⠝⠀⠁⠀⠁⠄&lt;/row&gt;
          &lt;row&gt;⠀&lt;/row&gt;
          &lt;row&gt;⠠⠁⠀⠇⠀⠧⠀⠁⠀⠝⠀⠀⠀⠓⠀⠥⠀⠕⠀⠝⠀⠑⠀⠑⠀⠝&lt;/row&gt;
          &lt;row&gt;⠀&lt;/row&gt;
          &lt;row&gt;⠊⠀⠅⠀⠅⠀⠥⠀⠝⠀⠁⠀⠎⠀⠞⠀⠁⠀⠀⠀⠝⠀⠜⠀⠅⠀⠊&lt;/row&gt;
          &lt;row&gt;⠀&lt;/row&gt;
          &lt;row&gt;⠅⠀⠁⠀⠥⠀⠏⠀⠥⠀⠝⠀⠛⠀⠊⠀⠝⠀⠍⠀⠥⠀⠥⠀⠗⠀⠊⠤&lt;/row&gt;
          &lt;row&gt;⠀&lt;/row&gt;
          &lt;row&gt;⠇⠀⠇⠀⠑⠀⠀⠀⠚⠀⠁⠀⠀⠀⠍⠀⠑⠀⠗⠀⠑⠀⠇⠀⠇⠀⠑⠄&lt;/row&gt;
          &lt;row&gt;⠀&lt;/row&gt;
          &lt;row/&gt;
        &lt;/page&gt;
        &lt;page&gt;
          &lt;row&gt;⠀⠀⠀⠀⠀⠀⠀⠀⠀⠀⠀⠀⠀⠀⠀⠀⠀⠀⠀⠀⠀⠀⠀⠀⠀⠀⠼⠁⠓⠑&lt;/row&gt;
          &lt;row&gt;⠠⠁⠀⠇⠀⠧⠀⠁⠀⠝⠀⠀⠀⠊⠀⠎⠀⠜⠀⠀⠀⠁⠀⠚⠀⠕⠀⠊&lt;/row&gt;
          &lt;row&gt;⠀&lt;/row&gt;
          &lt;row&gt;⠎⠀⠥⠀⠥⠀⠗⠀⠞⠀⠁⠀⠀⠀⠅⠀⠥⠀⠕⠀⠗⠀⠍⠀⠁⠀⠤&lt;/row&gt;
          &lt;row&gt;⠀&lt;/row&gt;
          &lt;row&gt;⠁⠀⠥⠀⠞⠀⠕⠀⠁⠄⠀⠀⠀⠠⠓⠀⠜⠀⠝&lt;/row&gt;
          &lt;row&gt;⠀&lt;/row&gt;
          &lt;row&gt;⠍⠀⠽⠀⠊⠀⠀⠀⠞⠀⠁⠀⠧⠀⠁⠀⠗⠀⠕⠀⠊⠀⠞⠀⠁&lt;/row&gt;
          &lt;row&gt;⠀&lt;/row&gt;
          &lt;row&gt;⠍⠀⠁⠀⠗⠀⠅⠀⠅⠀⠊⠀⠝⠀⠕⠀⠊⠀⠇⠀⠇⠀⠁⠂&lt;/row&gt;
          &lt;row&gt;⠀&lt;/row&gt;
          &lt;row&gt;⠑⠀⠝⠀⠊⠀⠍⠀⠍⠀⠜⠀⠅⠀⠎⠀⠑⠀⠑⠀⠝&lt;/row&gt;
          &lt;row&gt;⠀&lt;/row&gt;
          &lt;row&gt;⠇⠀⠑⠀⠇⠀⠥⠀⠚⠀⠁⠀⠀⠀⠍⠀⠥⠀⠞⠀⠞⠀⠁&lt;/row&gt;
          &lt;row&gt;⠀&lt;/row&gt;
          &lt;row&gt;⠍⠀⠽⠀⠪⠀⠎⠀⠀⠀⠧⠀⠁⠀⠁⠀⠞⠀⠞⠀⠑⠀⠊⠀⠞⠀⠁⠂&lt;/row&gt;
          &lt;row&gt;⠀&lt;/row&gt;
          &lt;row&gt;⠉⠀⠙⠀⠤⠀⠇⠀⠑⠀⠧⠀⠽⠀⠚⠀⠜⠀⠀⠀⠚⠀⠁&lt;/row&gt;
          &lt;row&gt;⠀&lt;/row&gt;
          &lt;row&gt;⠍⠀⠁⠀⠅⠀⠑⠀⠊⠀⠎⠀⠊⠀⠁⠄&lt;/row&gt;
          &lt;row&gt;⠀&lt;/row&gt;
          &lt;row&gt;⠠⠑⠀⠝⠀⠝⠀⠑⠀⠝⠀⠀⠀⠚⠀⠕⠀⠥⠀⠇⠀⠥⠀⠁&lt;/row&gt;
          &lt;row&gt;⠀&lt;/row&gt;
          &lt;row&gt;⠕⠀⠇⠀⠊⠀⠀⠀⠍⠀⠕⠀⠝⠀⠑⠀⠞&lt;/row&gt;
          &lt;row&gt;⠀&lt;/row&gt;
          &lt;row&gt;⠍⠀⠁⠀⠗⠀⠅⠀⠅⠀⠊⠀⠝⠀⠁⠀⠞⠂⠀⠀⠀⠚⠀⠁&lt;/row&gt;
          &lt;row/&gt;
        &lt;/page&gt;
        &lt;page&gt;
          &lt;row&gt;⠀⠀⠀⠀⠀⠀⠀⠀⠀⠀⠀⠀⠀⠀⠀⠀⠀⠀⠀⠀⠀⠀⠀⠀⠀⠀⠼⠁⠓⠋&lt;/row&gt;
          &lt;row&gt;⠠⠁⠀⠇⠀⠧⠀⠁⠀⠀⠀⠕⠀⠇⠀⠊&lt;/row&gt;
          &lt;row&gt;⠀&lt;/row&gt;
          &lt;row&gt;⠥⠀⠎⠀⠑⠀⠊⠀⠝⠀⠀⠀⠁⠀⠏⠀⠥⠀⠝⠀⠁&lt;/row&gt;
          &lt;row&gt;⠀&lt;/row&gt;
          &lt;row&gt;⠍⠀⠽⠀⠽⠀⠍⠀⠜⠀⠎⠀⠎⠀⠜⠄⠀⠀⠀⠠⠑⠀⠍⠀⠊⠀⠇&lt;/row&gt;
          &lt;row&gt;⠀&lt;/row&gt;
          &lt;row&gt;⠞⠀⠕⠀⠊⠀⠧⠀⠕⠀⠊⠂⠀⠀⠀⠑⠀⠞⠀⠞⠀⠜&lt;/row&gt;
          &lt;row&gt;⠀&lt;/row&gt;
          &lt;row&gt;⠠⠁⠀⠇⠀⠧⠀⠁⠀⠀⠀⠕⠀⠇⠀⠊⠀⠎⠀⠊⠀⠀⠀⠝⠀⠽⠀⠞&lt;/row&gt;
          &lt;row&gt;⠀&lt;/row&gt;
          &lt;row&gt;⠅⠀⠕⠀⠞⠀⠕⠀⠝⠀⠁⠄&lt;/row&gt;
          &lt;row&gt;⠀&lt;/row&gt;
          &lt;row&gt;⠀&lt;/row&gt;
          &lt;row&gt;⠠⠁⠀⠇⠀⠧⠀⠁⠀⠝⠀⠀⠀⠜⠀⠊⠀⠞⠀⠊&lt;/row&gt;
          &lt;row&gt;⠀&lt;/row&gt;
          &lt;row&gt;⠞⠀⠽⠀⠪⠀⠎⠀⠅⠀⠑⠀⠝⠀⠞⠀⠑⠀⠇⠀⠊&lt;/row&gt;
          &lt;row&gt;⠀&lt;/row&gt;
          &lt;row&gt;⠇⠀⠜⠀⠜⠀⠅⠀⠜⠀⠗⠀⠊⠀⠝⠀⠜&lt;/row&gt;
          &lt;row&gt;⠀&lt;/row&gt;
          &lt;row&gt;⠠⠧⠀⠊⠀⠎⠀⠃⠀⠽⠀⠝&lt;/row&gt;
          &lt;row&gt;⠀&lt;/row&gt;
          &lt;row&gt;⠎⠀⠁⠀⠊⠀⠗⠀⠁⠀⠁⠀⠇⠀⠁⠀⠎⠀⠎⠀⠁⠄&lt;/row&gt;
          &lt;row&gt;⠀&lt;/row&gt;
          &lt;row&gt;⠠⠓⠀⠜⠀⠝⠀⠀⠀⠑⠀⠊⠀⠀⠀⠕⠀⠇⠀⠇⠀⠥⠀⠞&lt;/row&gt;
          &lt;row&gt;⠀&lt;/row&gt;
          &lt;row&gt;⠚⠀⠥⠀⠥⠀⠗⠀⠊⠀⠀⠀⠅⠀⠕⠀⠎⠀⠅⠀⠁⠀⠁⠀⠝&lt;/row&gt;
        &lt;/page&gt;
        &lt;page&gt;
          &lt;row&gt;⠀⠀⠀⠀⠀⠀⠀⠀⠀⠀⠀⠀⠀⠀⠀⠀⠀⠀⠀⠀⠀⠀⠀⠀⠀⠀⠼⠁⠓⠛&lt;/row&gt;
          &lt;row&gt;⠅⠀⠕⠀⠞⠀⠕⠀⠝⠀⠁⠄⠀⠀⠀⠠⠚⠀⠁&lt;/row&gt;
          &lt;row&gt;⠀&lt;/row&gt;
          &lt;row&gt;⠎⠀⠊⠀⠇⠀⠇⠀⠕⠀⠊⠀⠝⠀⠀⠀⠅⠀⠥⠀⠝&lt;/row&gt;
          &lt;row&gt;⠀&lt;/row&gt;
          &lt;row&gt;⠕⠀⠇⠀⠊⠂⠀⠀⠀⠓⠀⠜⠀⠝&lt;/row&gt;
          &lt;row&gt;⠀&lt;/row&gt;
          &lt;row&gt;⠝⠀⠥⠀⠅⠀⠅⠀⠥⠀⠊⠂⠀⠀⠀⠅⠀⠕⠀⠎⠀⠅⠀⠁&lt;/row&gt;
          &lt;row&gt;⠀&lt;/row&gt;
          &lt;row&gt;⠕⠀⠇⠀⠊&lt;/row&gt;
          &lt;row&gt;⠀&lt;/row&gt;
          &lt;row&gt;⠏⠀⠜⠀⠊⠀⠧⠀⠽⠀⠎⠀⠞⠀⠜⠀⠝⠀⠽⠀⠞&lt;/row&gt;
          &lt;row&gt;⠀&lt;/row&gt;
          &lt;row&gt;⠽⠀⠪⠀⠇⠀⠇⠀⠜⠄⠀⠀⠀⠠⠎⠀⠊⠀⠇⠀⠇⠀⠕⠀⠊⠀⠝&lt;/row&gt;
          &lt;row&gt;⠀&lt;/row&gt;
          &lt;row&gt;⠏⠀⠊⠀⠞⠀⠊⠀⠀⠀⠕⠀⠇⠀⠇⠀⠁&lt;/row&gt;
          &lt;row&gt;⠀&lt;/row&gt;
          &lt;row&gt;⠓⠀⠊⠀⠊⠀⠗⠀⠑⠀⠝⠀⠓⠀⠊⠀⠇⠀⠚⠀⠁⠀⠁⠄&lt;/row&gt;
          &lt;row&gt;⠀&lt;/row&gt;
          &lt;row&gt;⠠⠎⠀⠑⠀⠝⠀⠀⠀⠧⠀⠥⠀⠕⠀⠅⠀⠎⠀⠊&lt;/row&gt;
          &lt;row&gt;⠀&lt;/row&gt;
          &lt;row&gt;⠠⠑⠀⠍⠀⠊⠀⠇⠀⠀⠀⠑⠀⠊&lt;/row&gt;
          &lt;row&gt;⠀&lt;/row&gt;
          &lt;row&gt;⠥⠀⠎⠀⠅⠀⠁⠀⠇⠀⠞⠀⠁⠀⠝⠀⠥⠀⠞&lt;/row&gt;
          &lt;row&gt;⠀&lt;/row&gt;
          &lt;row&gt;⠎⠀⠕⠀⠊⠀⠞⠀⠞⠀⠁⠀⠁&lt;/row&gt;
          &lt;row/&gt;
        &lt;/page&gt;
        &lt;page&gt;
          &lt;row&gt;⠀⠀⠀⠀⠀⠀⠀⠀⠀⠀⠀⠀⠀⠀⠀⠀⠀⠀⠀⠀⠀⠀⠀⠀⠀⠀⠼⠁⠓⠓&lt;/row&gt;
          &lt;row&gt;⠕⠀⠧⠀⠊⠀⠅⠀⠑⠀⠇⠀⠇⠀⠕⠀⠁⠄&lt;/row&gt;
          &lt;row&gt;⠀&lt;/row&gt;
          &lt;row&gt;⠠⠑⠀⠊⠀⠅⠀⠜⠀⠀⠀⠠⠥⠀⠃⠀⠃⠀⠑⠀⠅⠀⠁⠀⠁⠀⠝⠄&lt;/row&gt;
          &lt;row&gt;⠀&lt;/row&gt;
          &lt;row&gt;⠠⠓⠀⠑⠀⠀⠀⠁⠀⠎⠀⠞⠀⠥⠀⠊⠀⠧⠀⠁⠀⠞&lt;/row&gt;
          &lt;row&gt;⠀&lt;/row&gt;
          &lt;row&gt;⠑⠀⠞⠀⠑⠀⠊⠀⠎⠀⠑⠀⠑⠀⠝⠀⠀⠀⠚⠀⠁&lt;/row&gt;
          &lt;row&gt;⠀&lt;/row&gt;
          &lt;row&gt;⠞⠀⠕⠀⠊⠀⠧⠀⠕⠀⠊⠀⠧⠀⠁⠀⠞⠂⠀⠀⠀⠑⠀⠞⠀⠞⠀⠜&lt;/row&gt;
          &lt;row&gt;⠀&lt;/row&gt;
          &lt;row&gt;⠚⠀⠕⠀⠅⠀⠥⠀⠀⠀⠅⠀⠥⠀⠥⠀⠇⠀⠊⠀⠎⠀⠊⠄&lt;/row&gt;
          &lt;row&gt;⠀&lt;/row&gt;
          &lt;row&gt;⠀&lt;/row&gt;
          &lt;row&gt;⠠⠞⠀⠁⠀⠇⠀⠕⠀⠀⠀⠕⠀⠇⠀⠊⠀⠀⠀⠊⠀⠎⠀⠕⠄&lt;/row&gt;
          &lt;row&gt;⠀&lt;/row&gt;
          &lt;row&gt;⠠⠎⠀⠊⠀⠊⠀⠝⠀⠜⠀⠀⠀⠕⠀⠇⠀⠊&lt;/row&gt;
          &lt;row&gt;⠀&lt;/row&gt;
          &lt;row&gt;⠍⠀⠕⠀⠝⠀⠞⠀⠁⠀⠀⠀⠞⠀⠕⠀⠗⠀⠝⠀⠊⠀⠁&lt;/row&gt;
          &lt;row&gt;⠀&lt;/row&gt;
          &lt;row&gt;⠚⠀⠁⠀⠀⠀⠑⠀⠗⠀⠊⠀⠅⠀⠕⠀⠊⠀⠎⠀⠞⠀⠁&lt;/row&gt;
          &lt;row&gt;⠀&lt;/row&gt;
          &lt;row&gt;⠏⠀⠊⠀⠅⠀⠅⠀⠥⠀⠓⠀⠥⠀⠕⠀⠝⠀⠑⠀⠞⠀⠞⠀⠁⠄&lt;/row&gt;
          &lt;row&gt;⠀&lt;/row&gt;
          &lt;row&gt;⠀&lt;/row&gt;
          &lt;row&gt;⠀&lt;/row&gt;
          &lt;row/&gt;
        &lt;/page&gt;
        &lt;page&gt;
          &lt;row&gt;⠀⠀⠀⠀⠀⠀⠀⠀⠀⠀⠀⠀⠀⠀⠀⠀⠀⠀⠀⠀⠀⠀⠀⠀⠀⠀⠼⠁⠓⠊&lt;/row&gt;
          &lt;row&gt;⠠⠑⠀⠍⠀⠊⠀⠇⠀⠀⠀⠕⠀⠇⠀⠊&lt;/row&gt;
          &lt;row&gt;⠀&lt;/row&gt;
          &lt;row&gt;⠅⠀⠑⠀⠗⠀⠗⠀⠁⠀⠝&lt;/row&gt;
          &lt;row&gt;⠀&lt;/row&gt;
          &lt;row&gt;⠁⠀⠊⠀⠅⠀⠁⠀⠊⠀⠎⠀⠑⠀⠍⠀⠍⠀⠊⠀⠝&lt;/row&gt;
          &lt;row&gt;⠀&lt;/row&gt;
          &lt;row&gt;⠅⠀⠜⠀⠽⠀⠝⠀⠽⠀⠞⠀⠀⠀⠞⠀⠜⠀⠜⠀⠇⠀⠇⠀⠜⠄&lt;/row&gt;
          &lt;row&gt;⠀&lt;/row&gt;
          &lt;row&gt;⠠⠎⠀⠊⠀⠇⠀⠇⠀⠕⠀⠊⠀⠝⠀⠀⠀⠅⠀⠕⠀⠅⠀⠕&lt;/row&gt;
          &lt;row&gt;⠀&lt;/row&gt;
          &lt;row&gt;⠇⠀⠥⠀⠕⠀⠅⠀⠅⠀⠁⠀⠀⠀⠕⠀⠇⠀⠊&lt;/row&gt;
          &lt;row&gt;⠀&lt;/row&gt;
          &lt;row&gt;⠅⠀⠥⠀⠞⠀⠎⠀⠥⠀⠞⠀⠞⠀⠥⠀⠀⠀⠠⠁⠀⠇⠀⠧⠀⠁⠀⠝&lt;/row&gt;
          &lt;row&gt;⠀&lt;/row&gt;
          &lt;row&gt;⠎⠀⠽⠀⠝⠀⠞⠀⠞⠀⠜⠀⠗⠀⠑⠀⠊⠀⠇⠀⠇⠀⠑⠄&lt;/row&gt;
          &lt;row&gt;⠀&lt;/row&gt;
          &lt;row&gt;⠀&lt;/row&gt;
          &lt;row&gt;⠠⠅⠀⠥⠀⠝⠀⠀⠀⠠⠑⠀⠍⠀⠊⠀⠇⠀⠀⠀⠚⠀⠁&lt;/row&gt;
          &lt;row&gt;⠀&lt;/row&gt;
          &lt;row&gt;⠠⠥⠀⠃⠀⠃⠀⠑⠀⠀⠀⠕⠀⠇⠀⠊⠀⠧⠀⠁⠀⠞&lt;/row&gt;
          &lt;row&gt;⠀&lt;/row&gt;
          &lt;row&gt;⠎⠀⠑⠀⠊⠀⠎⠀⠕⠀⠝⠀⠑⠀⠑⠀⠞&lt;/row&gt;
          &lt;row&gt;⠀&lt;/row&gt;
          &lt;row&gt;⠑⠀⠞⠀⠑⠀⠊⠀⠎⠀⠑⠀⠎⠀⠎⠀⠜&lt;/row&gt;
          &lt;row&gt;⠀&lt;/row&gt;
          &lt;row&gt;⠓⠀⠽⠀⠧⠀⠜⠀⠝⠀⠀⠀⠁⠀⠊⠀⠅⠀⠁⠀⠁⠀⠀⠀⠚⠀⠁&lt;/row&gt;
        &lt;/page&gt;
        &lt;page&gt;
          &lt;row&gt;⠀⠀⠀⠀⠀⠀⠀⠀⠀⠀⠀⠀⠀⠀⠀⠀⠀⠀⠀⠀⠀⠀⠀⠀⠀⠀⠼⠁⠊⠚&lt;/row&gt;
          &lt;row&gt;⠅⠀⠥⠀⠥⠀⠇⠀⠕⠀⠎⠀⠞⠀⠑⠀⠇⠀⠇⠀⠑⠀⠑⠀⠞&lt;/row&gt;
          &lt;row&gt;⠀&lt;/row&gt;
          &lt;row&gt;⠜⠀⠜⠀⠝⠀⠊⠀⠜⠂⠀⠀⠀⠠⠑⠀⠍⠀⠊⠀⠇&lt;/row&gt;
          &lt;row&gt;⠀&lt;/row&gt;
          &lt;row&gt;⠓⠀⠁⠀⠇⠀⠥⠀⠎⠀⠊⠀⠀⠀⠍⠀⠑⠀⠝⠀⠝⠀⠜&lt;/row&gt;
          &lt;row&gt;⠀&lt;/row&gt;
          &lt;row&gt;⠑⠀⠞⠀⠎⠀⠊⠀⠍⠀⠜⠀⠜⠀⠝&lt;/row&gt;
          &lt;row&gt;⠀&lt;/row&gt;
          &lt;row&gt;⠠⠁⠀⠇⠀⠧⠀⠁⠀⠁⠄⠀⠀⠀⠠⠓⠀⠜⠀⠝&lt;/row&gt;
          &lt;row&gt;⠀&lt;/row&gt;
          &lt;row&gt;⠞⠀⠊⠀⠑⠀⠎⠀⠊⠂⠀⠀⠀⠍⠀⠊⠀⠎⠀⠎⠀⠜&lt;/row&gt;
          &lt;row&gt;⠀&lt;/row&gt;
          &lt;row&gt;⠠⠁⠀⠇⠀⠧⠀⠁⠀⠝⠀⠀⠀⠓⠀⠥⠀⠕⠀⠝⠀⠑&lt;/row&gt;
          &lt;row&gt;⠀&lt;/row&gt;
          &lt;row&gt;⠕⠀⠇⠀⠊⠄⠀⠀⠀⠠⠍⠀⠥⠀⠞⠀⠞⠀⠁&lt;/row&gt;
          &lt;row&gt;⠀&lt;/row&gt;
          &lt;row&gt;⠠⠥⠀⠃⠀⠃⠀⠑⠀⠀⠀⠑⠀⠊&lt;/row&gt;
          &lt;row&gt;⠀&lt;/row&gt;
          &lt;row&gt;⠓⠀⠁⠀⠇⠀⠥⠀⠝⠀⠝⠀⠥⠀⠞⠄&lt;/row&gt;
          &lt;row&gt;⠀&lt;/row&gt;
          &lt;row&gt;⠠⠓⠀⠜⠀⠝⠀⠞⠀⠜⠀⠀⠀⠏⠀⠑⠀⠇⠀⠕⠀⠞⠀⠞⠀⠊⠄&lt;/row&gt;
          &lt;row&gt;⠀&lt;/row&gt;
          &lt;row&gt;⠠⠞⠀⠁⠀⠇⠀⠕⠀⠎⠀⠎⠀⠁&lt;/row&gt;
          &lt;row&gt;⠀&lt;/row&gt;
          &lt;row&gt;⠕⠀⠇⠀⠊⠀⠀⠀⠏⠀⠊⠀⠍⠀⠑⠀⠜⠄&lt;/row&gt;
          &lt;row/&gt;
        &lt;/page&gt;
        &lt;page&gt;
          &lt;row&gt;⠀⠀⠀⠀⠀⠀⠀⠀⠀⠀⠀⠀⠀⠀⠀⠀⠀⠀⠀⠀⠀⠀⠀⠀⠀⠀⠼⠁⠊⠁&lt;/row&gt;
          &lt;row&gt;⠠⠧⠀⠁⠀⠊⠀⠝&lt;/row&gt;
          &lt;row&gt;⠀&lt;/row&gt;
          &lt;row&gt;⠅⠀⠽⠀⠝⠀⠞⠀⠞⠀⠑⠀⠇⠀⠊⠀⠅⠀⠪⠀⠞&lt;/row&gt;
          &lt;row&gt;⠀&lt;/row&gt;
          &lt;row&gt;⠇⠀⠕⠀⠊⠀⠎⠀⠞⠀⠊⠀⠧⠀⠁⠀⠞&lt;/row&gt;
          &lt;row&gt;⠀&lt;/row&gt;
          &lt;row&gt;⠊⠀⠅⠀⠅⠀⠥⠀⠝⠀⠕⠀⠊⠀⠇⠀⠇⠀⠁⠄&lt;/row&gt;
          &lt;row&gt;⠀&lt;/row&gt;
          &lt;row&gt;⠀&lt;/row&gt;
          &lt;row&gt;⠠⠑⠀⠍⠀⠊⠀⠇⠀⠀⠀⠅⠀⠁⠀⠏⠀⠥⠀⠎⠀⠊&lt;/row&gt;
          &lt;row&gt;⠀&lt;/row&gt;
          &lt;row&gt;⠏⠀⠕⠀⠗⠀⠞⠀⠁⠀⠊⠀⠞⠀⠁⠀⠀⠀⠽⠀⠇⠀⠪⠀⠎&lt;/row&gt;
          &lt;row&gt;⠀&lt;/row&gt;
          &lt;row&gt;⠚⠀⠁⠀⠀⠀⠎⠀⠊⠀⠞⠀⠞⠀⠑⠀⠝&lt;/row&gt;
          &lt;row&gt;⠀&lt;/row&gt;
          &lt;row&gt;⠎⠀⠑⠀⠥⠀⠗⠀⠁⠀⠁⠀⠧⠀⠊⠀⠁&lt;/row&gt;
          &lt;row&gt;⠀&lt;/row&gt;
          &lt;row&gt;⠏⠀⠕⠀⠗⠀⠞⠀⠁⠀⠊⠀⠞⠀⠁&lt;/row&gt;
          &lt;row&gt;⠀&lt;/row&gt;
          &lt;row&gt;⠞⠀⠕⠀⠗⠀⠝⠀⠊⠀⠊⠀⠝⠂⠀⠀⠀⠚⠀⠕⠀⠎⠀⠎⠀⠁&lt;/row&gt;
          &lt;row&gt;⠀&lt;/row&gt;
          &lt;row&gt;⠠⠁⠀⠇⠀⠧⠀⠁⠀⠝⠀⠀⠀⠓⠀⠥⠀⠕⠀⠝⠀⠑&lt;/row&gt;
          &lt;row&gt;⠀&lt;/row&gt;
          &lt;row&gt;⠕⠀⠇⠀⠊⠄⠀⠀⠀⠠⠓⠀⠜⠀⠝⠀⠞⠀⠜&lt;/row&gt;
          &lt;row&gt;⠀&lt;/row&gt;
          &lt;row&gt;⠓⠀⠑⠀⠗⠀⠍⠀⠕⠀⠎⠀⠞⠀⠥⠀⠞⠀⠞⠀⠊⠄&lt;/row&gt;
        &lt;/page&gt;
        &lt;page&gt;
          &lt;row&gt;⠀⠀⠀⠀⠀⠀⠀⠀⠀⠀⠀⠀⠀⠀⠀⠀⠀⠀⠀⠀⠀⠀⠀⠀⠀⠀⠼⠁⠊⠃&lt;/row&gt;
          &lt;row&gt;⠤⠀⠀⠀⠠⠑⠀⠍⠀⠊⠀⠇⠲⠀⠀⠀⠠⠓⠀⠑⠀⠊⠲&lt;/row&gt;
          &lt;row&gt;⠀&lt;/row&gt;
          &lt;row&gt;⠀&lt;/row&gt;
          &lt;row&gt;⠠⠁⠀⠇⠀⠧⠀⠁⠀⠀⠀⠊⠀⠎⠀⠞⠀⠥⠀⠊&lt;/row&gt;
          &lt;row&gt;⠀&lt;/row&gt;
          &lt;row&gt;⠅⠀⠊⠀⠗⠀⠚⠀⠕⠀⠊⠀⠞⠀⠥⠀⠎⠀⠏⠀⠪⠀⠽⠀⠞⠀⠜⠤&lt;/row&gt;
          &lt;row&gt;⠀&lt;/row&gt;
          &lt;row&gt;⠝⠀⠎⠀⠜⠀⠀⠀⠜⠀⠜⠀⠗⠀⠑⠀⠎⠀⠎⠀⠜&lt;/row&gt;
          &lt;row&gt;⠀&lt;/row&gt;
          &lt;row&gt;⠍⠀⠁⠀⠁⠀⠇⠀⠁⠀⠁⠀⠍⠀⠁⠀⠎⠀⠎⠀⠁&lt;/row&gt;
          &lt;row&gt;⠀&lt;/row&gt;
          &lt;row&gt;⠇⠀⠑⠀⠝⠀⠞⠀⠕⠀⠅⠀⠕⠀⠝⠀⠑⠀⠑⠀⠝&lt;/row&gt;
          &lt;row&gt;⠀&lt;/row&gt;
          &lt;row&gt;⠏⠀⠊⠀⠑⠀⠝⠀⠕⠀⠊⠀⠎⠀⠍⠀⠁⠀⠇⠀⠇⠀⠊⠀⠁⠄&lt;/row&gt;
          &lt;row&gt;⠀&lt;/row&gt;
          &lt;row&gt;⠠⠓⠀⠜⠀⠝⠀⠀⠀⠝⠀⠕⠀⠥⠀⠎⠀⠊⠀⠀⠀⠚⠀⠁&lt;/row&gt;
          &lt;row&gt;⠀&lt;/row&gt;
          &lt;row&gt;⠅⠀⠁⠀⠞⠀⠎⠀⠕⠀⠊⠀⠀⠀⠠⠑⠀⠍⠀⠊⠀⠇⠀⠊⠀⠜&lt;/row&gt;
          &lt;row&gt;⠀&lt;/row&gt;
          &lt;row&gt;⠅⠀⠁⠀⠥⠀⠁⠀⠝&lt;/row&gt;
          &lt;row&gt;⠀&lt;/row&gt;
          &lt;row&gt;⠎⠀⠁⠀⠝⠀⠕⠀⠍⠀⠁⠀⠞⠀⠞⠀⠁&lt;/row&gt;
          &lt;row&gt;⠀&lt;/row&gt;
          &lt;row&gt;⠍⠀⠊⠀⠞⠀⠜⠀⠜⠀⠝⠄&lt;/row&gt;
          &lt;row&gt;⠀&lt;/row&gt;
          &lt;row/&gt;
        &lt;/page&gt;
        &lt;page&gt;
          &lt;row&gt;⠀⠀⠀⠀⠀⠀⠀⠀⠀⠀⠀⠀⠀⠀⠀⠀⠀⠀⠀⠀⠀⠀⠀⠀⠀⠀⠼⠁⠊⠉&lt;/row&gt;
          &lt;row&gt;⠠⠑⠀⠍⠀⠊⠀⠇⠀⠅⠀⠜⠀⠜⠀⠝&lt;/row&gt;
          &lt;row&gt;⠀&lt;/row&gt;
          &lt;row&gt;⠑⠀⠊⠀⠀⠀⠏⠀⠥⠀⠓⠀⠥⠀⠝⠀⠥⠀⠞⠄&lt;/row&gt;
          &lt;row&gt;⠀&lt;/row&gt;
          &lt;row&gt;⠠⠎⠀⠁⠀⠝⠀⠁⠀⠞&lt;/row&gt;
          &lt;row&gt;⠀&lt;/row&gt;
          &lt;row&gt;⠎⠀⠥⠀⠗⠀⠊⠀⠎⠀⠊⠀⠧⠀⠁⠀⠞&lt;/row&gt;
          &lt;row&gt;⠀&lt;/row&gt;
          &lt;row&gt;⠓⠀⠜⠀⠝⠀⠑⠀⠝⠀⠀⠀⠏⠀⠜⠀⠜⠀⠎⠀⠎⠀⠜⠀⠜⠀⠝&lt;/row&gt;
          &lt;row&gt;⠀&lt;/row&gt;
          &lt;row&gt;⠅⠀⠥⠀⠊⠀⠝⠀⠀⠀⠅⠀⠜⠀⠗⠀⠏⠀⠜⠀⠎⠀⠑⠀⠞⠄&lt;/row&gt;
          &lt;row&gt;⠀&lt;/row&gt;
          &lt;row&gt;⠠⠁⠀⠇⠀⠧⠀⠁⠀⠝⠀⠀⠀⠎⠀⠊⠀⠇⠀⠍⠀⠜⠀⠞&lt;/row&gt;
          &lt;row&gt;⠀&lt;/row&gt;
          &lt;row&gt;⠝⠀⠁⠀⠥⠀⠗⠀⠕⠀⠊⠀⠧⠀⠁⠀⠞⠄&lt;/row&gt;
          &lt;row&gt;⠀&lt;/row&gt;
          &lt;row&gt;⠀&lt;/row&gt;
          &lt;row&gt;⠤⠀⠀⠀⠠⠍⠀⠊⠀⠞⠀⠜⠀⠀⠀⠁⠀⠎⠀⠊⠀⠁⠀⠁&lt;/row&gt;
          &lt;row&gt;⠀&lt;/row&gt;
          &lt;row&gt;⠎⠀⠊⠀⠝⠀⠥⠀⠇⠀⠇⠀⠁⠀⠀⠀⠕⠀⠝⠢&lt;/row&gt;
          &lt;row&gt;⠀&lt;/row&gt;
          &lt;row&gt;⠠⠁⠀⠇⠀⠧⠀⠁⠀⠀⠀⠅⠀⠽⠀⠎⠀⠽⠀⠊⠄&lt;/row&gt;
          &lt;row&gt;⠀&lt;/row&gt;
          &lt;row&gt;⠀&lt;/row&gt;
          &lt;row&gt;⠀&lt;/row&gt;
          &lt;row/&gt;
        &lt;/page&gt;
        &lt;page&gt;
          &lt;row&gt;⠀⠀⠀⠀⠀⠀⠀⠀⠀⠀⠀⠀⠀⠀⠀⠀⠀⠀⠀⠀⠀⠀⠀⠀⠀⠀⠼⠁⠊⠙&lt;/row&gt;
          &lt;row&gt;⠤⠀⠀⠀⠠⠑⠀⠝⠀⠀⠀⠍⠀⠥⠀⠊⠀⠎⠀⠞⠀⠁⠂&lt;/row&gt;
          &lt;row&gt;⠀&lt;/row&gt;
          &lt;row&gt;⠠⠑⠀⠍⠀⠊⠀⠇⠀⠀⠀⠧⠀⠁⠀⠎⠀⠞⠀⠁⠀⠎⠀⠊&lt;/row&gt;
          &lt;row&gt;⠀&lt;/row&gt;
          &lt;row&gt;⠚⠀⠁⠀⠀⠀⠏⠀⠥⠀⠝⠀⠁⠀⠎⠀⠞⠀⠥⠀⠊&lt;/row&gt;
          &lt;row&gt;⠀&lt;/row&gt;
          &lt;row&gt;⠅⠀⠕⠀⠗⠀⠧⠀⠁⠀⠤&lt;/row&gt;
          &lt;row&gt;⠀&lt;/row&gt;
          &lt;row&gt;⠝⠀⠊⠀⠏⠀⠥⠀⠅⠀⠕⠀⠊⠀⠞⠀⠁⠀⠁⠀⠝&lt;/row&gt;
          &lt;row&gt;⠀&lt;/row&gt;
          &lt;row&gt;⠍⠀⠽⠀⠪⠀⠞⠀⠑⠀⠝⠄⠀⠀⠀⠠⠁⠀⠇⠀⠧⠀⠁&lt;/row&gt;
          &lt;row&gt;⠀&lt;/row&gt;
          &lt;row&gt;⠞⠀⠥⠀⠕⠀⠅⠀⠎⠀⠥⠀⠊⠀⠀⠀⠝⠀⠊⠀⠊⠀⠝&lt;/row&gt;
          &lt;row&gt;⠀&lt;/row&gt;
          &lt;row&gt;⠓⠀⠽⠀⠧⠀⠜⠀⠇⠀⠞⠀⠜⠀⠀⠀⠚⠀⠁&lt;/row&gt;
          &lt;row&gt;⠀&lt;/row&gt;
          &lt;row&gt;⠓⠀⠜⠀⠝⠀⠑⠀⠝⠀⠀⠀⠏⠀⠕⠀⠎⠀⠅⠀⠑⠀⠝⠀⠎⠀⠁&lt;/row&gt;
          &lt;row&gt;⠀&lt;/row&gt;
          &lt;row&gt;⠝⠀⠜⠀⠽⠀⠞⠀⠞⠀⠊⠀⠧⠀⠜⠀⠞⠀⠀⠀⠝⠀⠊⠀⠊⠀⠝&lt;/row&gt;
          &lt;row&gt;⠀&lt;/row&gt;
          &lt;row&gt;⠏⠀⠑⠀⠓⠀⠍⠀⠑⠀⠊⠀⠇⠀⠞⠀⠜⠄&lt;/row&gt;
          &lt;row&gt;⠀&lt;/row&gt;
          &lt;row&gt;⠠⠑⠀⠍⠀⠊⠀⠇⠀⠊⠀⠝⠀⠀⠀⠕⠀⠇⠀⠊&lt;/row&gt;
          &lt;row&gt;⠀&lt;/row&gt;
          &lt;row&gt;⠊⠀⠓⠀⠁⠀⠝⠀⠀⠀⠏⠀⠁⠀⠅⠀⠅⠀⠕&lt;/row&gt;
          &lt;row/&gt;
        &lt;/page&gt;
        &lt;page&gt;
          &lt;row&gt;⠀⠀⠀⠀⠀⠀⠀⠀⠀⠀⠀⠀⠀⠀⠀⠀⠀⠀⠀⠀⠀⠀⠀⠀⠀⠀⠼⠁⠊⠑&lt;/row&gt;
          &lt;row&gt;⠞⠀⠁⠀⠏⠀⠥⠀⠞⠀⠞⠀⠁⠀⠁⠀⠀⠀⠓⠀⠜⠀⠝⠀⠞⠀⠜&lt;/row&gt;
          &lt;row&gt;⠀&lt;/row&gt;
          &lt;row&gt;⠏⠀⠕⠀⠎⠀⠅⠀⠑⠀⠇⠀⠇⠀⠑⠄&lt;/row&gt;
          &lt;row&gt;⠀&lt;/row&gt;
          &lt;row&gt;⠀&lt;/row&gt;
          &lt;row&gt;⠤⠀⠀⠀⠠⠏⠀⠥⠀⠎⠀⠎⠀⠁⠀⠁⠀⠞⠀⠞⠀⠑⠀⠅⠀⠕&lt;/row&gt;
          &lt;row&gt;⠀&lt;/row&gt;
          &lt;row&gt;⠞⠀⠑⠀⠀⠀⠝⠀⠽⠀⠞⠢⠀⠀⠀⠅⠀⠽⠀⠎⠀⠽⠀⠊&lt;/row&gt;
          &lt;row&gt;⠀&lt;/row&gt;
          &lt;row&gt;⠠⠇⠀⠊⠀⠝⠀⠙⠀⠁⠀⠀⠀⠚⠀⠁&lt;/row&gt;
          &lt;row&gt;⠀&lt;/row&gt;
          &lt;row&gt;⠅⠀⠥⠀⠗⠀⠅⠀⠊⠀⠎⠀⠞⠀⠊⠀⠀⠀⠕⠀⠧⠀⠑⠀⠝&lt;/row&gt;
          &lt;row&gt;⠀&lt;/row&gt;
          &lt;row&gt;⠞⠀⠁⠀⠅⠀⠁⠀⠁⠂⠀⠀⠀⠍⠀⠊⠀⠎⠀⠎⠀⠜&lt;/row&gt;
          &lt;row&gt;⠀&lt;/row&gt;
          &lt;row&gt;⠓⠀⠜⠀⠝⠀⠀⠀⠕⠀⠇⠀⠊&lt;/row&gt;
          &lt;row&gt;⠀&lt;/row&gt;
          &lt;row&gt;⠏⠀⠊⠀⠊⠀⠇⠀⠑⠀⠎⠀⠅⠀⠑⠀⠇⠀⠇⠀⠽⠀⠞⠄&lt;/row&gt;
          &lt;row&gt;⠀&lt;/row&gt;
          &lt;row&gt;⠤⠀⠀⠀⠠⠝⠀⠜⠀⠊⠀⠝&lt;/row&gt;
          &lt;row&gt;⠀&lt;/row&gt;
          &lt;row&gt;⠊⠀⠅⠀⠅⠀⠥⠀⠝⠀⠁⠀⠎⠀⠞⠀⠁⠂⠀⠀⠀⠅⠀⠥⠀⠝&lt;/row&gt;
          &lt;row&gt;⠀&lt;/row&gt;
          &lt;row&gt;⠞⠀⠥⠀⠇⠀⠊⠀⠞⠀⠞⠀⠑⠄&lt;/row&gt;
          &lt;row&gt;⠀&lt;/row&gt;
          &lt;row/&gt;
        &lt;/page&gt;
        &lt;page&gt;
          &lt;row&gt;⠀⠀⠀⠀⠀⠀⠀⠀⠀⠀⠀⠀⠀⠀⠀⠀⠀⠀⠀⠀⠀⠀⠀⠀⠀⠀⠼⠁⠊⠋&lt;/row&gt;
          &lt;row&gt;⠠⠑⠀⠍⠀⠊⠀⠇⠀⠀⠀⠎⠀⠥⠀⠇⠀⠅⠀⠊&lt;/row&gt;
          &lt;row&gt;⠀&lt;/row&gt;
          &lt;row&gt;⠎⠀⠊⠀⠇⠀⠍⠀⠜⠀⠝⠀⠎⠀⠜⠀⠀⠀⠚⠀⠁&lt;/row&gt;
          &lt;row&gt;⠀&lt;/row&gt;
          &lt;row&gt;⠇⠀⠁⠀⠎⠀⠅⠀⠊&lt;/row&gt;
          &lt;row&gt;⠀&lt;/row&gt;
          &lt;row&gt;⠅⠀⠽⠀⠍⠀⠍⠀⠑⠀⠝⠀⠑⠀⠑⠀⠝⠂&lt;/row&gt;
          &lt;row&gt;⠀&lt;/row&gt;
          &lt;row&gt;⠚⠀⠕⠀⠞⠀⠞⠀⠑⠀⠊&lt;/row&gt;
          &lt;row&gt;⠀&lt;/row&gt;
          &lt;row&gt;⠇⠀⠜⠀⠊⠀⠍⠀⠜⠀⠽⠀⠞⠀⠞⠀⠜⠀⠊⠀⠎⠀⠊&lt;/row&gt;
          &lt;row&gt;⠀&lt;/row&gt;
          &lt;row&gt;⠠⠇⠀⠊⠀⠝⠀⠙⠀⠁⠀⠁⠄&lt;/row&gt;
          &lt;row&gt;⠀&lt;/row&gt;
          &lt;row&gt;⠀&lt;/row&gt;
          &lt;row&gt;⠤⠀⠀⠀⠠⠍⠀⠊⠀⠞⠀⠜⠀⠀⠀⠎⠀⠊⠀⠝⠀⠜&lt;/row&gt;
          &lt;row&gt;⠀&lt;/row&gt;
          &lt;row&gt;⠞⠀⠜⠀⠜⠀⠇⠀⠇⠀⠜⠀⠀⠀⠞⠀⠑⠀⠑⠀⠞⠢&lt;/row&gt;
          &lt;row&gt;⠀&lt;/row&gt;
          &lt;row&gt;⠓⠀⠜⠀⠝⠀⠀⠀⠞⠀⠊⠀⠧⠀⠁⠀⠎⠀⠊&lt;/row&gt;
          &lt;row&gt;⠀&lt;/row&gt;
          &lt;row&gt;⠎⠀⠊⠀⠎⠀⠅⠀⠕⠀⠇⠀⠞⠀⠁⠀⠁⠀⠝⠄&lt;/row&gt;
          &lt;row&gt;⠀&lt;/row&gt;
          &lt;row&gt;⠀&lt;/row&gt;
          &lt;row&gt;⠀&lt;/row&gt;
          &lt;row/&gt;
        &lt;/page&gt;
        &lt;page&gt;
          &lt;row&gt;⠀⠀⠀⠀⠀⠀⠀⠀⠀⠀⠀⠀⠀⠀⠀⠀⠀⠀⠀⠀⠀⠀⠀⠀⠀⠀⠼⠁⠊⠛&lt;/row&gt;
          &lt;row&gt;⠤⠀⠀⠀⠠⠞⠀⠥⠀⠇⠀⠊⠀⠝⠀⠀⠀⠠⠁⠀⠇⠀⠧⠀⠁⠀⠝&lt;/row&gt;
          &lt;row&gt;⠀&lt;/row&gt;
          &lt;row&gt;⠅⠀⠁⠀⠝⠀⠎⠀⠎⠀⠁&lt;/row&gt;
          &lt;row&gt;⠀&lt;/row&gt;
          &lt;row&gt;⠅⠀⠕⠀⠥⠀⠇⠀⠥⠀⠎⠀⠞⠀⠁⠄⠀⠀⠀⠠⠓⠀⠜⠀⠝&lt;/row&gt;
          &lt;row&gt;⠀&lt;/row&gt;
          &lt;row&gt;⠎⠀⠥⠀⠕⠀⠚⠀⠑⠀⠇⠀⠑⠀⠑⠀⠀⠀⠍⠀⠊⠀⠝⠀⠥⠀⠁&lt;/row&gt;
          &lt;row&gt;⠀&lt;/row&gt;
          &lt;row&gt;⠝⠀⠊⠀⠊⠀⠝⠀⠀⠀⠑⠀⠞⠀⠞⠀⠑⠀⠊&lt;/row&gt;
          &lt;row&gt;⠀&lt;/row&gt;
          &lt;row&gt;⠍⠀⠊⠀⠝⠀⠥⠀⠁⠀⠀⠀⠇⠀⠽⠀⠪⠀⠙⠀⠜⠄&lt;/row&gt;
          &lt;row&gt;⠀&lt;/row&gt;
          &lt;row&gt;⠠⠍⠀⠊⠀⠞⠀⠜⠀⠀⠀⠊⠀⠞⠀⠎⠀⠑⠀⠀⠀⠞⠀⠑⠀⠑⠀⠞&lt;/row&gt;
          &lt;row&gt;⠀&lt;/row&gt;
          &lt;row&gt;⠞⠀⠜⠀⠜⠀⠇⠀⠇⠀⠜⠢⠀⠀⠀⠠⠇⠀⠊⠀⠝⠀⠙⠀⠁&lt;/row&gt;
          &lt;row&gt;⠀&lt;/row&gt;
          &lt;row&gt;⠅⠀⠽⠀⠎⠀⠽⠀⠊⠀⠀⠀⠚⠀⠁&lt;/row&gt;
          &lt;row&gt;⠀&lt;/row&gt;
          &lt;row&gt;⠞⠀⠊⠀⠗⠀⠎⠀⠅⠀⠁⠀⠓⠀⠞⠀⠊⠄&lt;/row&gt;
          &lt;row&gt;⠀&lt;/row&gt;
          &lt;row&gt;⠀&lt;/row&gt;
          &lt;row&gt;⠤⠀⠀⠀⠠⠞⠀⠽⠀⠪⠀⠞⠀⠜⠂⠀⠀⠀⠠⠑⠀⠍⠀⠊⠀⠇&lt;/row&gt;
          &lt;row&gt;⠀&lt;/row&gt;
          &lt;row&gt;⠎⠀⠁⠀⠝⠀⠕⠀⠊⠀⠀⠀⠧⠀⠁⠀⠅⠀⠁⠀⠧⠀⠁⠀⠝⠀⠁⠄&lt;/row&gt;
          &lt;row&gt;⠀&lt;/row&gt;
          &lt;row/&gt;
        &lt;/page&gt;
        &lt;page&gt;
          &lt;row&gt;⠀⠀⠀⠀⠀⠀⠀⠀⠀⠀⠀⠀⠀⠀⠀⠀⠀⠀⠀⠀⠀⠀⠀⠀⠀⠀⠼⠁⠊⠓&lt;/row&gt;
          &lt;row&gt;⠤⠀⠀⠀⠠⠓⠀⠁⠀⠇⠀⠥⠀⠁⠀⠊⠀⠎⠀⠊⠀⠝&lt;/row&gt;
          &lt;row&gt;⠀&lt;/row&gt;
          &lt;row&gt;⠇⠀⠁⠀⠊⠀⠝⠀⠁⠀⠞⠀⠁&lt;/row&gt;
          &lt;row&gt;⠀&lt;/row&gt;
          &lt;row&gt;⠧⠀⠁⠀⠇⠀⠕⠀⠅⠀⠥⠀⠧⠀⠁⠀⠁⠂&lt;/row&gt;
          &lt;row&gt;⠀&lt;/row&gt;
          &lt;row&gt;⠚⠀⠕⠀⠝⠀⠅⠀⠁⠀⠀⠀⠎⠀⠁⠀⠊⠀⠞&lt;/row&gt;
          &lt;row&gt;⠀&lt;/row&gt;
          &lt;row&gt;⠠⠏⠀⠕⠀⠅⠀⠅⠀⠥⠀⠅⠀⠎⠀⠑⠀⠇⠀⠞⠀⠁⠂&lt;/row&gt;
          &lt;row&gt;⠀&lt;/row&gt;
          &lt;row&gt;⠠⠁⠀⠇⠀⠧⠀⠁⠄&lt;/row&gt;
          &lt;row&gt;⠀&lt;/row&gt;
          &lt;row&gt;⠀&lt;/row&gt;
          &lt;row&gt;⠠⠞⠀⠁⠀⠗⠀⠧⠀⠊⠀⠞⠀⠎⠀⠑⠀⠝&lt;/row&gt;
          &lt;row&gt;⠀&lt;/row&gt;
          &lt;row&gt;⠓⠀⠜⠀⠝⠀⠑⠀⠝⠀⠀⠀⠎⠀⠕⠀⠗⠀⠍⠀⠑⠀⠝⠀⠤&lt;/row&gt;
          &lt;row&gt;⠀&lt;/row&gt;
          &lt;row&gt;⠚⠀⠜⠀⠇⠀⠅⠀⠑⠀⠝⠀⠎⠀⠜⠄&lt;/row&gt;
          &lt;row&gt;⠀&lt;/row&gt;
          &lt;row&gt;⠀&lt;/row&gt;
          &lt;row&gt;⠤⠀⠀⠀⠠⠍⠀⠊⠀⠞⠀⠜⠀⠀⠀⠓⠀⠜⠀⠝⠀⠀⠀⠕⠀⠝&lt;/row&gt;
          &lt;row&gt;⠀&lt;/row&gt;
          &lt;row&gt;⠞⠀⠑⠀⠓⠀⠝⠀⠽⠀⠞⠢⠀⠀⠀⠠⠁⠀⠇⠀⠧⠀⠁&lt;/row&gt;
          &lt;row&gt;⠀&lt;/row&gt;
          &lt;row&gt;⠅⠀⠽⠀⠎⠀⠽⠀⠊⠀⠀⠀⠚⠀⠁&lt;/row&gt;
          &lt;row/&gt;
        &lt;/page&gt;
        &lt;page&gt;
          &lt;row&gt;⠀⠀⠀⠀⠀⠀⠀⠀⠀⠀⠀⠀⠀⠀⠀⠀⠀⠀⠀⠀⠀⠀⠀⠀⠀⠀⠼⠁⠊⠊&lt;/row&gt;
          &lt;row&gt;⠊⠀⠗⠀⠗⠀⠕⠀⠞⠀⠞⠀⠊&lt;/row&gt;
          &lt;row&gt;⠀&lt;/row&gt;
          &lt;row&gt;⠅⠀⠥⠀⠧⠀⠁⠀⠝&lt;/row&gt;
          &lt;row&gt;⠀&lt;/row&gt;
          &lt;row&gt;⠊⠀⠇⠀⠍⠀⠕⠀⠊⠀⠞⠀⠥⠀⠎⠀⠤&lt;/row&gt;
          &lt;row&gt;⠀&lt;/row&gt;
          &lt;row&gt;⠞⠀⠁⠀⠥⠀⠇⠀⠥⠀⠇⠀⠞⠀⠁⠀⠀⠀⠝⠀⠊⠀⠊⠀⠝&lt;/row&gt;
          &lt;row&gt;⠀&lt;/row&gt;
          &lt;row&gt;⠧⠀⠁⠀⠗⠀⠕⠀⠧⠀⠁⠀⠎⠀⠞⠀⠊⠀⠀⠀⠅⠀⠥⠀⠊⠀⠝&lt;/row&gt;
          &lt;row&gt;⠀&lt;/row&gt;
          &lt;row&gt;⠏⠀⠽⠀⠎⠀⠞⠀⠽⠀⠊⠄&lt;/row&gt;
          &lt;row&gt;⠀&lt;/row&gt;
          &lt;row&gt;⠀&lt;/row&gt;
          &lt;row&gt;⠤⠀⠀⠀⠠⠥⠀⠃⠀⠃⠀⠑⠀⠝⠀⠀⠀⠜⠀⠊⠀⠙⠀⠊⠀⠝&lt;/row&gt;
          &lt;row&gt;⠀&lt;/row&gt;
          &lt;row&gt;⠅⠀⠥⠀⠅⠀⠅⠀⠁⠀⠗⠀⠕&lt;/row&gt;
          &lt;row&gt;⠀&lt;/row&gt;
          &lt;row&gt;⠧⠀⠁⠀⠗⠀⠁⠀⠎⠀⠞⠀⠑⠀⠞⠀⠞⠀⠊⠀⠊⠀⠝⠄&lt;/row&gt;
          &lt;row&gt;⠀&lt;/row&gt;
          &lt;row&gt;⠠⠏⠀⠕⠀⠅⠀⠅⠀⠥⠀⠎⠀⠀⠀⠕⠀⠝⠀⠀⠀⠽⠀⠅⠀⠎⠀⠊&lt;/row&gt;
          &lt;row&gt;⠀&lt;/row&gt;
          &lt;row&gt;⠅⠀⠕⠀⠇⠀⠍⠀⠑⠀⠎⠀⠞⠀⠁&lt;/row&gt;
          &lt;row&gt;⠀&lt;/row&gt;
          &lt;row&gt;⠑⠀⠏⠀⠜⠀⠊⠀⠇⠀⠇⠀⠽⠀⠎⠀⠞⠀⠜⠄&lt;/row&gt;
          &lt;row&gt;⠀&lt;/row&gt;
          &lt;row/&gt;
        &lt;/page&gt;
        &lt;page&gt;
          &lt;row&gt;⠀⠀⠀⠀⠀⠀⠀⠀⠀⠀⠀⠀⠀⠀⠀⠀⠀⠀⠀⠀⠀⠀⠀⠀⠀⠀⠼⠃⠚⠚&lt;/row&gt;
          &lt;row&gt;⠠⠍⠀⠥⠀⠥⠀⠞⠀⠀⠀⠕⠀⠧⠀⠁⠀⠞&lt;/row&gt;
          &lt;row&gt;⠀&lt;/row&gt;
          &lt;row&gt;⠠⠓⠀⠪⠀⠏⠀⠎⠀⠪⠀⠤⠠⠓⠀⠊⠀⠇⠀⠙⠀⠁⠀⠀⠀⠚⠀⠁&lt;/row&gt;
          &lt;row&gt;⠀&lt;/row&gt;
          &lt;row&gt;⠠⠅⠀⠁⠀⠇⠀⠇⠀⠑&lt;/row&gt;
          &lt;row&gt;⠀&lt;/row&gt;
          &lt;row&gt;⠠⠅⠀⠥⠀⠥⠀⠇⠀⠊⠀⠁⠀⠊⠀⠝⠀⠑⠀⠝⠄&lt;/row&gt;
          &lt;row&gt;⠀&lt;/row&gt;
          &lt;row&gt;⠠⠗⠀⠕⠀⠛⠀⠑⠀⠗⠀⠅⠀⠊⠀⠝&lt;/row&gt;
          &lt;row&gt;⠀&lt;/row&gt;
          &lt;row&gt;⠅⠀⠥⠀⠥⠀⠇⠀⠥⠀⠊&lt;/row&gt;
          &lt;row&gt;⠀&lt;/row&gt;
          &lt;row&gt;⠑⠀⠏⠀⠜⠀⠊⠀⠇⠀⠞⠀⠽⠀⠊⠀⠓⠀⠊⠀⠝⠂&lt;/row&gt;
          &lt;row&gt;⠀&lt;/row&gt;
          &lt;row&gt;⠍⠀⠥⠀⠞⠀⠞⠀⠁⠀⠀⠀⠓⠀⠜⠀⠝⠀⠀⠀⠕⠀⠝&lt;/row&gt;
          &lt;row&gt;⠀&lt;/row&gt;
          &lt;row&gt;⠎⠀⠽⠀⠽⠀⠞⠀⠪⠀⠝⠄&lt;/row&gt;
          &lt;row&gt;⠀&lt;/row&gt;
          &lt;row&gt;⠠⠅⠀⠥⠀⠅⠀⠅⠀⠁⠀⠗⠀⠕⠀⠝&lt;/row&gt;
          &lt;row&gt;⠀&lt;/row&gt;
          &lt;row&gt;⠎⠀⠕⠀⠗⠀⠍⠀⠑⠀⠝⠀⠚⠀⠜⠀⠇⠀⠚⠀⠑⠀⠞&lt;/row&gt;
          &lt;row&gt;⠀&lt;/row&gt;
          &lt;row&gt;⠑⠀⠊⠀⠧⠀⠜⠀⠞⠀⠀⠀⠕⠀⠇⠀⠑&lt;/row&gt;
          &lt;row&gt;⠀&lt;/row&gt;
          &lt;row&gt;⠓⠀⠜⠀⠝⠀⠑⠀⠝⠄&lt;/row&gt;
          &lt;row/&gt;
        &lt;/page&gt;
        &lt;page&gt;
          &lt;row&gt;⠀⠀⠀⠀⠀⠀⠀⠀⠀⠀⠀⠀⠀⠀⠀⠀⠀⠀⠀⠀⠀⠀⠀⠀⠀⠀⠼⠃⠚⠁&lt;/row&gt;
          &lt;row&gt;⠤⠀⠀⠀⠠⠞⠀⠽⠀⠓⠀⠍⠀⠜⠀⠜⠂&lt;/row&gt;
          &lt;row&gt;⠀&lt;/row&gt;
          &lt;row&gt;⠠⠇⠀⠊⠀⠝⠀⠙⠀⠁⠀⠀⠀⠞⠀⠕⠀⠅⠀⠁⠀⠊⠀⠎⠀⠊⠄&lt;/row&gt;
          &lt;row&gt;⠀&lt;/row&gt;
          &lt;row&gt;⠤⠀⠀⠀⠠⠅⠀⠁⠀⠊⠀⠅⠀⠅⠀⠊&lt;/row&gt;
          &lt;row&gt;⠀&lt;/row&gt;
          &lt;row&gt;⠊⠀⠇⠀⠁⠀⠓⠀⠞⠀⠥⠀⠊⠀⠎⠀⠊⠀⠧⠀⠁⠀⠞⠂&lt;/row&gt;
          &lt;row&gt;⠀&lt;/row&gt;
          &lt;row&gt;⠚⠀⠕⠀⠎⠀⠀⠀⠓⠀⠜⠀⠝&lt;/row&gt;
          &lt;row&gt;⠀&lt;/row&gt;
          &lt;row&gt;⠚⠀⠕⠀⠥⠀⠞⠀⠥⠀⠊⠀⠎⠀⠊&lt;/row&gt;
          &lt;row&gt;⠀&lt;/row&gt;
          &lt;row&gt;⠧⠀⠁⠀⠝⠀⠅⠀⠊⠀⠇⠀⠁⠀⠁⠀⠝⠀⠀⠀⠑⠀⠊⠀⠅⠀⠜&lt;/row&gt;
          &lt;row&gt;⠀&lt;/row&gt;
          &lt;row&gt;⠧⠀⠕⠀⠊⠀⠎⠀⠊⠀⠀⠀⠅⠀⠊⠀⠥⠀⠎⠀⠁⠀⠞⠀⠁&lt;/row&gt;
          &lt;row&gt;⠀&lt;/row&gt;
          &lt;row&gt;⠍⠀⠥⠀⠊⠀⠞⠀⠁⠄⠀⠀⠀⠠⠍⠀⠊⠀⠝⠀⠥⠀⠝&lt;/row&gt;
          &lt;row&gt;⠀&lt;/row&gt;
          &lt;row&gt;⠍⠀⠊⠀⠑⠀⠇⠀⠑⠀⠎⠀⠞⠀⠜⠀⠝⠀⠊&lt;/row&gt;
          &lt;row&gt;⠀&lt;/row&gt;
          &lt;row&gt;⠓⠀⠜⠀⠝⠀⠑⠀⠞⠀⠀⠀⠏⠀⠊⠀⠞⠀⠜⠀⠊⠀⠎⠀⠊&lt;/row&gt;
          &lt;row&gt;⠀&lt;/row&gt;
          &lt;row&gt;⠧⠀⠁⠀⠝⠀⠛⠀⠊⠀⠞⠀⠁⠄&lt;/row&gt;
          &lt;row&gt;⠀&lt;/row&gt;
          &lt;row&gt;⠀&lt;/row&gt;
          &lt;row/&gt;
        &lt;/page&gt;
        &lt;page&gt;
          &lt;row&gt;⠀⠀⠀⠀⠀⠀⠀⠀⠀⠀⠀⠀⠀⠀⠀⠀⠀⠀⠀⠀⠀⠀⠀⠀⠀⠀⠼⠃⠚⠃&lt;/row&gt;
          &lt;row&gt;⠤⠀⠀⠀⠠⠑⠀⠊⠀⠀⠀⠊⠀⠓⠀⠍⠀⠊⠀⠎⠀⠊⠀⠜&lt;/row&gt;
          &lt;row&gt;⠀&lt;/row&gt;
          &lt;row&gt;⠧⠀⠕⠀⠊⠀⠀⠀⠇⠀⠁⠀⠊⠀⠞⠀⠞⠀⠁⠀⠁&lt;/row&gt;
          &lt;row&gt;⠀&lt;/row&gt;
          &lt;row&gt;⠧⠀⠁⠀⠝⠀⠅⠀⠊⠀⠇⠀⠁⠀⠁⠀⠝⠀⠀⠀⠧⠀⠁⠀⠊⠀⠝⠂&lt;/row&gt;
          &lt;row&gt;⠀&lt;/row&gt;
          &lt;row&gt;⠚⠀⠕⠀⠞⠀⠞⠀⠁⠀⠀⠀⠍⠀⠥⠀⠥⠀⠞&lt;/row&gt;
          &lt;row&gt;⠀&lt;/row&gt;
          &lt;row&gt;⠊⠀⠇⠀⠁⠀⠓⠀⠞⠀⠥⠀⠊⠀⠎⠀⠊⠀⠧⠀⠁⠀⠞⠂&lt;/row&gt;
          &lt;row&gt;⠀&lt;/row&gt;
          &lt;row&gt;⠠⠑⠀⠍⠀⠊⠀⠇⠀⠀⠀⠎⠀⠁⠀⠝⠀⠕⠀⠊&lt;/row&gt;
          &lt;row&gt;⠀&lt;/row&gt;
          &lt;row&gt;⠞⠀⠊⠀⠥⠀⠅⠀⠁⠀⠎⠀⠞⠀⠊⠄&lt;/row&gt;
          &lt;row&gt;⠀&lt;/row&gt;
          &lt;row&gt;⠤⠀⠀⠀⠠⠎⠀⠊⠀⠞⠀⠜⠀⠀⠀⠧⠀⠁⠀⠗⠀⠞⠀⠑⠀⠝&lt;/row&gt;
          &lt;row&gt;⠀&lt;/row&gt;
          &lt;row&gt;⠕⠀⠝⠀⠀⠀⠇⠀⠁⠀⠊⠀⠞⠀⠀⠀⠚⠀⠁&lt;/row&gt;
          &lt;row&gt;⠀&lt;/row&gt;
          &lt;row&gt;⠎⠀⠜⠀⠜⠀⠝⠀⠝⠀⠪⠀⠞⠄&lt;/row&gt;
          &lt;row&gt;⠀&lt;/row&gt;
          &lt;row&gt;⠀&lt;/row&gt;
          &lt;row&gt;⠤⠀⠀⠀⠠⠞⠀⠽⠀⠓⠀⠍⠀⠜⠀⠜⠂&lt;/row&gt;
          &lt;row&gt;⠀&lt;/row&gt;
          &lt;row&gt;⠠⠇⠀⠊⠀⠝⠀⠙⠀⠁⠀⠀⠀⠞⠀⠕⠀⠊⠀⠎⠀⠞⠀⠊⠄&lt;/row&gt;
          &lt;row&gt;⠀&lt;/row&gt;
          &lt;row/&gt;
        &lt;/page&gt;
        &lt;page&gt;
          &lt;row&gt;⠀⠀⠀⠀⠀⠀⠀⠀⠀⠀⠀⠀⠀⠀⠀⠀⠀⠀⠀⠀⠀⠀⠀⠀⠀⠀⠼⠃⠚⠉&lt;/row&gt;
          &lt;row&gt;⠠⠑⠀⠍⠀⠊⠀⠇⠀⠀⠀⠞⠀⠽⠀⠪⠀⠝⠀⠎⠀⠊&lt;/row&gt;
          &lt;row&gt;⠀&lt;/row&gt;
          &lt;row&gt;⠅⠀⠥⠀⠧⠀⠁⠀⠝&lt;/row&gt;
          &lt;row&gt;⠀&lt;/row&gt;
          &lt;row&gt;⠗⠀⠑⠀⠏⠀⠏⠀⠥⠀⠥⠀⠝⠀⠎⠀⠁⠄⠀⠀⠀⠠⠓⠀⠜⠀⠝&lt;/row&gt;
          &lt;row&gt;⠀&lt;/row&gt;
          &lt;row&gt;⠁⠀⠊⠀⠅⠀⠕⠀⠊⠀⠀⠀⠕⠀⠞⠀⠞⠀⠁⠀⠁&lt;/row&gt;
          &lt;row&gt;⠀&lt;/row&gt;
          &lt;row&gt;⠅⠀⠑⠀⠍⠀⠊⠀⠎⠀⠞⠀⠊⠀⠝⠀⠧⠀⠜⠀⠇⠀⠊⠀⠝⠀⠑⠤&lt;/row&gt;
          &lt;row&gt;⠀&lt;/row&gt;
          &lt;row&gt;⠑⠀⠝⠀⠎⠀⠜⠀⠀⠀⠑⠀⠎⠀⠊⠀⠊⠀⠝⠂&lt;/row&gt;
          &lt;row&gt;⠀&lt;/row&gt;
          &lt;row&gt;⠅⠀⠥⠀⠝⠀⠓⠀⠁⠀⠝⠀⠀⠀⠏⠀⠜⠀⠜⠀⠎⠀⠊⠀⠎⠀⠊&lt;/row&gt;
          &lt;row&gt;⠀&lt;/row&gt;
          &lt;row&gt;⠅⠀⠕⠀⠞⠀⠊⠀⠊⠀⠝⠀⠀⠀⠑⠀⠞⠀⠎⠀⠊⠀⠧⠀⠜⠀⠤&lt;/row&gt;
          &lt;row&gt;⠀&lt;/row&gt;
          &lt;row&gt;⠞⠀⠕⠀⠊⠀⠍⠀⠊⠀⠎⠀⠞⠀⠕⠀⠕⠀⠝⠄&lt;/row&gt;
          &lt;row&gt;⠀&lt;/row&gt;
          &lt;row&gt;⠠⠞⠀⠁⠀⠇⠀⠅⠀⠊⠀⠝⠀⠀⠀⠁⠀⠧⠀⠥⠀⠇⠀⠇⠀⠁&lt;/row&gt;
          &lt;row&gt;⠀&lt;/row&gt;
          &lt;row&gt;⠧⠀⠁⠀⠇⠀⠕⠀⠅⠀⠥⠀⠧⠀⠁⠀⠝&lt;/row&gt;
          &lt;row&gt;⠀&lt;/row&gt;
          &lt;row&gt;⠎⠀⠕⠀⠗⠀⠍⠀⠑⠀⠝⠀⠚⠀⠜⠀⠇⠀⠚⠀⠑⠀⠞&lt;/row&gt;
          &lt;row&gt;⠀&lt;/row&gt;
          &lt;row&gt;⠞⠀⠥⠀⠇⠀⠊⠀⠎⠀⠊⠀⠧⠀⠁⠀⠞&lt;/row&gt;
          &lt;row/&gt;
        &lt;/page&gt;
        &lt;page&gt;
          &lt;row&gt;⠀⠀⠀⠀⠀⠀⠀⠀⠀⠀⠀⠀⠀⠀⠀⠀⠀⠀⠀⠀⠀⠀⠀⠀⠀⠀⠼⠃⠚⠙&lt;/row&gt;
          &lt;row&gt;⠝⠀⠜⠀⠅⠀⠽⠀⠧⠀⠊⠀⠊⠀⠝⠄&lt;/row&gt;
          &lt;row&gt;⠀&lt;/row&gt;
          &lt;row&gt;⠠⠁⠀⠇⠀⠧⠀⠁⠀⠝⠀⠀⠀⠎⠀⠕⠀⠗⠀⠍⠀⠑⠀⠝⠀⠤&lt;/row&gt;
          &lt;row&gt;⠀&lt;/row&gt;
          &lt;row&gt;⠚⠀⠜⠀⠇⠀⠚⠀⠑⠀⠞⠀⠀⠀⠓⠀⠜⠀⠝⠀⠑⠀⠇⠀⠇⠀⠜&lt;/row&gt;
          &lt;row&gt;⠀&lt;/row&gt;
          &lt;row&gt;⠕⠀⠇⠀⠊⠀⠀⠀⠚⠀⠕&lt;/row&gt;
          &lt;row&gt;⠀&lt;/row&gt;
          &lt;row&gt;⠑⠀⠝⠀⠝⠀⠑⠀⠎⠀⠞⠀⠜⠀⠜⠀⠝&lt;/row&gt;
          &lt;row&gt;⠀&lt;/row&gt;
          &lt;row&gt;⠍⠀⠥⠀⠎⠀⠞⠀⠁⠀⠎⠀⠎⠀⠁&lt;/row&gt;
          &lt;row&gt;⠀&lt;/row&gt;
          &lt;row&gt;⠍⠀⠥⠀⠊⠀⠎⠀⠞⠀⠊⠀⠤&lt;/row&gt;
          &lt;row&gt;⠀&lt;/row&gt;
          &lt;row&gt;⠅⠀⠊⠀⠗⠀⠚⠀⠁⠀⠎⠀⠎⠀⠁⠀⠁⠀⠝⠄&lt;/row&gt;
          &lt;row&gt;⠀&lt;/row&gt;
          &lt;row&gt;⠤⠀⠀⠀⠠⠞⠀⠥⠀⠇⠀⠑⠀⠞⠀⠅⠀⠕&lt;/row&gt;
          &lt;row&gt;⠀&lt;/row&gt;
          &lt;row&gt;⠍⠀⠑⠀⠊⠀⠙⠀⠜⠀⠝⠀⠀⠀⠅⠀⠁⠀⠝⠀⠎⠀⠤&lt;/row&gt;
          &lt;row&gt;⠀&lt;/row&gt;
          &lt;row&gt;⠎⠀⠁⠀⠍⠀⠍⠀⠑⠀⠀⠀⠅⠀⠕⠀⠞⠀⠊⠀⠊⠀⠝⠢&lt;/row&gt;
          &lt;row&gt;⠀&lt;/row&gt;
          &lt;row&gt;⠓⠀⠜⠀⠝⠀⠀⠀⠅⠀⠽⠀⠎⠀⠽⠀⠊&lt;/row&gt;
          &lt;row&gt;⠀&lt;/row&gt;
          &lt;row&gt;⠠⠇⠀⠊⠀⠝⠀⠙⠀⠁⠀⠇⠀⠞⠀⠁⠄&lt;/row&gt;
          &lt;row/&gt;
        &lt;/page&gt;
        &lt;page&gt;
          &lt;row&gt;⠀⠀⠀⠀⠀⠀⠀⠀⠀⠀⠀⠀⠀⠀⠀⠀⠀⠀⠀⠀⠀⠀⠀⠀⠀⠀⠼⠃⠚⠑&lt;/row&gt;
          &lt;row&gt;⠠⠊⠀⠞⠀⠎⠀⠑⠀⠀⠀⠁⠀⠎⠀⠊⠀⠁⠀⠎⠀⠎⠀⠁&lt;/row&gt;
          &lt;row&gt;⠀&lt;/row&gt;
          &lt;row&gt;⠠⠑⠀⠍⠀⠊⠀⠇⠀⠀⠀⠕⠀⠇⠀⠊⠀⠀⠀⠝⠀⠊⠀⠊⠀⠝&lt;/row&gt;
          &lt;row&gt;⠀&lt;/row&gt;
          &lt;row&gt;⠧⠀⠊⠀⠓⠀⠁⠀⠊⠀⠝⠀⠑⠀⠝&lt;/row&gt;
          &lt;row&gt;⠀&lt;/row&gt;
          &lt;row&gt;⠠⠇⠀⠊⠀⠝⠀⠙⠀⠁⠀⠇⠀⠇⠀⠑⠂&lt;/row&gt;
          &lt;row&gt;⠀&lt;/row&gt;
          &lt;row&gt;⠑⠀⠞⠀⠞⠀⠜⠀⠀⠀⠕⠀⠇⠀⠊&lt;/row&gt;
          &lt;row&gt;⠀&lt;/row&gt;
          &lt;row&gt;⠓⠀⠁⠀⠇⠀⠚⠀⠑⠀⠞⠀⠁⠄⠀⠀⠀⠠⠓⠀⠜⠀⠝&lt;/row&gt;
          &lt;row&gt;⠀&lt;/row&gt;
          &lt;row&gt;⠕⠀⠇⠀⠊&lt;/row&gt;
          &lt;row&gt;⠀&lt;/row&gt;
          &lt;row&gt;⠧⠀⠁⠀⠁⠀⠗⠀⠁⠀⠝⠀⠞⠀⠁⠀⠝⠀⠥⠀⠞&lt;/row&gt;
          &lt;row&gt;⠀&lt;/row&gt;
          &lt;row&gt;⠓⠀⠑⠀⠝⠀⠅⠀⠑⠀⠝⠀⠎⠀⠜&lt;/row&gt;
          &lt;row&gt;⠀&lt;/row&gt;
          &lt;row&gt;⠎⠀⠥⠀⠕⠀⠚⠀⠑⠀⠇⠀⠇⠀⠁⠀⠅⠀⠎⠀⠑⠀⠑⠀⠝&lt;/row&gt;
          &lt;row&gt;⠀&lt;/row&gt;
          &lt;row&gt;⠠⠇⠀⠊⠀⠝⠀⠙⠀⠁⠀⠁&lt;/row&gt;
          &lt;row&gt;⠀&lt;/row&gt;
          &lt;row&gt;⠠⠗⠀⠕⠀⠛⠀⠑⠀⠗⠀⠊⠀⠇⠀⠞⠀⠁⠂&lt;/row&gt;
          &lt;row&gt;⠀&lt;/row&gt;
          &lt;row&gt;⠍⠀⠥⠀⠞⠀⠞⠀⠁⠀⠀⠀⠕⠀⠇⠀⠊⠀⠅⠀⠕&lt;/row&gt;
          &lt;row/&gt;
        &lt;/page&gt;
        &lt;page&gt;
          &lt;row&gt;⠀⠀⠀⠀⠀⠀⠀⠀⠀⠀⠀⠀⠀⠀⠀⠀⠀⠀⠀⠀⠀⠀⠀⠀⠀⠀⠼⠃⠚⠋&lt;/row&gt;
          &lt;row&gt;⠠⠇⠀⠊⠀⠝⠀⠙⠀⠁&lt;/row&gt;
          &lt;row&gt;⠀&lt;/row&gt;
          &lt;row&gt;⠅⠀⠊⠀⠊⠀⠞⠀⠕⠀⠇⠀⠇⠀⠊⠀⠝⠀⠑⠀⠝⠢&lt;/row&gt;
          &lt;row&gt;⠀&lt;/row&gt;
          &lt;row&gt;⠠⠑⠀⠊⠀⠀⠀⠎⠀⠊⠀⠝⠀⠝⠀⠑&lt;/row&gt;
          &lt;row&gt;⠀&lt;/row&gt;
          &lt;row&gt;⠏⠀⠜⠀⠊⠀⠝⠀⠅⠀⠜⠀⠜⠀⠝⠲&lt;/row&gt;
          &lt;row&gt;⠀&lt;/row&gt;
          &lt;row&gt;⠠⠇⠀⠊⠀⠝⠀⠙⠀⠁⠀⠀⠀⠑⠀⠊⠀⠀⠀⠑⠀⠙⠀⠑⠀⠎&lt;/row&gt;
          &lt;row&gt;⠀&lt;/row&gt;
          &lt;row&gt;⠓⠀⠥⠀⠕⠀⠍⠀⠁⠀⠝⠀⠝⠀⠥⠀⠞⠂⠀⠀⠀⠑⠀⠞⠀⠞⠀⠜&lt;/row&gt;
          &lt;row&gt;⠀&lt;/row&gt;
          &lt;row&gt;⠓⠀⠜⠀⠝⠀⠞⠀⠜&lt;/row&gt;
          &lt;row&gt;⠀&lt;/row&gt;
          &lt;row&gt;⠎⠀⠥⠀⠕⠀⠚⠀⠑⠀⠇⠀⠞⠀⠊⠀⠊⠀⠝⠂&lt;/row&gt;
          &lt;row&gt;⠀&lt;/row&gt;
          &lt;row&gt;⠎⠀⠊⠀⠇⠀⠇⠀⠜⠀⠀⠀⠓⠀⠜⠀⠝&lt;/row&gt;
          &lt;row&gt;⠀&lt;/row&gt;
          &lt;row&gt;⠓⠀⠁⠀⠇⠀⠥⠀⠎⠀⠊⠀⠀⠀⠎⠀⠑⠀⠇⠀⠧⠀⠊⠀⠞⠀⠜&lt;/row&gt;
          &lt;row&gt;⠀&lt;/row&gt;
          &lt;row&gt;⠊⠀⠞⠀⠎⠀⠑⠄⠀⠀⠀⠠⠚⠀⠁&lt;/row&gt;
          &lt;row&gt;⠀&lt;/row&gt;
          &lt;row&gt;⠎⠀⠊⠀⠞⠀⠞⠀⠑⠀⠝⠀⠀⠀⠓⠀⠜⠀⠝&lt;/row&gt;
          &lt;row&gt;⠀&lt;/row&gt;
          &lt;row&gt;⠧⠀⠊⠀⠑⠀⠇⠀⠜⠀⠀⠀⠅⠀⠑⠀⠓⠀⠞⠀⠁⠀⠎⠀⠊&lt;/row&gt;
          &lt;row/&gt;
        &lt;/page&gt;
        &lt;page&gt;
          &lt;row&gt;⠀⠀⠀⠀⠀⠀⠀⠀⠀⠀⠀⠀⠀⠀⠀⠀⠀⠀⠀⠀⠀⠀⠀⠀⠀⠀⠼⠃⠚⠛&lt;/row&gt;
          &lt;row&gt;⠝⠀⠕⠀⠇⠀⠁⠀⠞⠀⠁⠀⠀⠀⠠⠑⠀⠍⠀⠊⠀⠇⠀⠊⠀⠝&lt;/row&gt;
          &lt;row&gt;⠀&lt;/row&gt;
          &lt;row&gt;⠠⠁⠀⠇⠀⠧⠀⠁⠀⠝⠀⠀⠀⠝⠀⠜⠀⠓⠀⠙⠀⠑⠀⠝⠄&lt;/row&gt;
          &lt;row&gt;⠀&lt;/row&gt;
          &lt;row&gt;⠀&lt;/row&gt;
          &lt;row&gt;⠤⠀⠀⠀⠠⠅⠀⠁⠀⠊⠀⠀⠀⠍⠀⠊⠀⠝⠀⠜&lt;/row&gt;
          &lt;row&gt;⠀&lt;/row&gt;
          &lt;row&gt;⠧⠀⠕⠀⠊⠀⠝⠀⠀⠀⠞⠀⠥⠀⠇⠀⠇⠀⠁⠂&lt;/row&gt;
          &lt;row&gt;⠀&lt;/row&gt;
          &lt;row&gt;⠠⠇⠀⠊⠀⠝⠀⠙⠀⠁⠀⠀⠀⠎⠀⠁⠀⠝⠀⠕⠀⠊⠀⠀⠀⠚⠀⠁&lt;/row&gt;
          &lt;row&gt;⠀&lt;/row&gt;
          &lt;row&gt;⠅⠀⠁⠀⠞⠀⠎⠀⠕⠀⠊⠀⠀⠀⠠⠑⠀⠍⠀⠊⠀⠇⠀⠊⠀⠜⠄&lt;/row&gt;
          &lt;row&gt;⠀&lt;/row&gt;
          &lt;row&gt;⠤⠀⠀⠀⠠⠧⠀⠁⠀⠊⠀⠅⠀⠅⠀⠁⠀⠀⠀⠑⠀⠊&lt;/row&gt;
          &lt;row&gt;⠀&lt;/row&gt;
          &lt;row&gt;⠍⠀⠊⠀⠝⠀⠥⠀⠇⠀⠇⠀⠁⠀⠀⠀⠑⠀⠝⠀⠜⠀⠜&lt;/row&gt;
          &lt;row&gt;⠀&lt;/row&gt;
          &lt;row&gt;⠕⠀⠇⠀⠑⠀⠀⠀⠓⠀⠜⠀⠞⠀⠜⠀⠜⠄&lt;/row&gt;
          &lt;row&gt;⠀&lt;/row&gt;
          &lt;row&gt;⠠⠞⠀⠊⠀⠑⠀⠎⠀⠊⠀⠞⠀⠅⠀⠪⠂&lt;/row&gt;
          &lt;row&gt;⠀&lt;/row&gt;
          &lt;row&gt;⠑⠀⠞⠀⠞⠀⠜⠀⠀⠀⠠⠁⠀⠇⠀⠧⠀⠁⠀⠝⠀⠀⠀⠊⠀⠎⠀⠜&lt;/row&gt;
          &lt;row&gt;⠀&lt;/row&gt;
          &lt;row&gt;⠕⠀⠍⠀⠊⠀⠎⠀⠞⠀⠁⠀⠁&lt;/row&gt;
          &lt;row&gt;⠀&lt;/row&gt;
          &lt;row&gt;⠇⠀⠑⠀⠇⠀⠥⠀⠅⠀⠁⠀⠥⠀⠏⠀⠁⠀⠝⠢&lt;/row&gt;
        &lt;/page&gt;
        &lt;page&gt;
          &lt;row&gt;⠀⠀⠀⠀⠀⠀⠀⠀⠀⠀⠀⠀⠀⠀⠀⠀⠀⠀⠀⠀⠀⠀⠀⠀⠀⠀⠼⠃⠚⠓&lt;/row&gt;
          &lt;row&gt;⠠⠓⠀⠜⠀⠝⠀⠀⠀⠕⠀⠝⠀⠀⠀⠕⠀⠎⠀⠞⠀⠁⠀⠝⠀⠥⠀⠞&lt;/row&gt;
          &lt;row&gt;⠀&lt;/row&gt;
          &lt;row&gt;⠎⠀⠑⠀⠝⠄⠀⠀⠀⠠⠍⠀⠑⠀⠝⠀⠊⠀⠝&lt;/row&gt;
          &lt;row&gt;⠀&lt;/row&gt;
          &lt;row&gt;⠠⠁⠀⠇⠀⠧⠀⠁⠀⠝⠀⠀⠀⠅⠀⠁⠀⠝⠀⠎⠀⠎⠀⠁&lt;/row&gt;
          &lt;row&gt;⠀&lt;/row&gt;
          &lt;row&gt;⠅⠀⠁⠀⠥⠀⠏⠀⠏⠀⠁⠀⠁⠀⠝&lt;/row&gt;
          &lt;row&gt;⠀&lt;/row&gt;
          &lt;row&gt;⠅⠀⠕⠀⠥⠀⠇⠀⠥⠀⠝⠀⠀⠀⠚⠀⠜⠀⠇⠀⠅⠀⠑⠀⠑⠀⠝⠄&lt;/row&gt;
          &lt;row&gt;⠀&lt;/row&gt;
          &lt;row&gt;⠠⠅⠀⠥⠀⠝⠀⠀⠀⠠⠗⠀⠕⠀⠛⠀⠑⠀⠗&lt;/row&gt;
          &lt;row&gt;⠀&lt;/row&gt;
          &lt;row&gt;⠝⠀⠜⠀⠅⠀⠊⠂⠀⠀⠀⠑⠀⠞⠀⠞⠀⠜&lt;/row&gt;
          &lt;row&gt;⠀&lt;/row&gt;
          &lt;row&gt;⠠⠁⠀⠇⠀⠧⠀⠁⠀⠀⠀⠚⠀⠁⠀⠀⠀⠍⠀⠊⠀⠝⠀⠜&lt;/row&gt;
          &lt;row&gt;⠀&lt;/row&gt;
          &lt;row&gt;⠕⠀⠇⠀⠊⠀⠍⠀⠍⠀⠑&lt;/row&gt;
          &lt;row&gt;⠀&lt;/row&gt;
          &lt;row&gt;⠅⠀⠁⠀⠧⠀⠑⠀⠗⠀⠑⠀⠊⠀⠞⠀⠁⠂⠀⠀⠀⠓⠀⠜⠀⠝&lt;/row&gt;
          &lt;row&gt;⠀&lt;/row&gt;
          &lt;row&gt;⠑⠀⠊⠀⠀⠀⠥⠀⠎⠀⠅⠀⠁⠀⠇⠀⠞⠀⠁⠀⠝⠀⠥⠀⠞&lt;/row&gt;
          &lt;row&gt;⠀&lt;/row&gt;
          &lt;row&gt;⠅⠀⠊⠀⠥⠀⠎⠀⠁⠀⠞⠀⠁⠄&lt;/row&gt;
          &lt;row&gt;⠀&lt;/row&gt;
          &lt;row&gt;⠀&lt;/row&gt;
          &lt;row/&gt;
        &lt;/page&gt;
        &lt;page&gt;
          &lt;row&gt;⠀⠀⠀⠀⠀⠀⠀⠀⠀⠀⠀⠀⠀⠀⠀⠀⠀⠀⠀⠀⠀⠀⠀⠀⠀⠀⠼⠃⠚⠊&lt;/row&gt;
          &lt;row&gt;⠠⠑⠀⠝⠀⠀⠀⠥⠀⠎⠀⠅⠀⠕⠂⠀⠀⠀⠑⠀⠞⠀⠞⠀⠜&lt;/row&gt;
          &lt;row&gt;⠀&lt;/row&gt;
          &lt;row&gt;⠓⠀⠜⠀⠝⠀⠀⠀⠞⠀⠕⠀⠓⠀⠞⠀⠊⠀⠊&lt;/row&gt;
          &lt;row&gt;⠀&lt;/row&gt;
          &lt;row&gt;⠅⠀⠊⠀⠥⠀⠎⠀⠁⠀⠞⠀⠁⠀⠀⠀⠍⠀⠊⠀⠝⠀⠥⠀⠁&lt;/row&gt;
          &lt;row&gt;⠀&lt;/row&gt;
          &lt;row&gt;⠑⠀⠝⠀⠜⠀⠜⠂⠀⠀⠀⠅⠀⠕⠀⠎⠀⠅⠀⠁&lt;/row&gt;
          &lt;row&gt;⠀&lt;/row&gt;
          &lt;row&gt;⠎⠀⠊⠀⠇⠀⠇⠀⠕⠀⠊⠀⠝⠀⠀⠀⠍⠀⠑&lt;/row&gt;
          &lt;row&gt;⠀&lt;/row&gt;
          &lt;row&gt;⠅⠀⠑⠀⠗⠀⠗⠀⠕⠀⠍⠀⠍⠀⠑⠀⠀⠀⠠⠁⠀⠇⠀⠧⠀⠁⠀⠝&lt;/row&gt;
          &lt;row&gt;⠀&lt;/row&gt;
          &lt;row&gt;⠊⠀⠎⠀⠜⠀⠇⠀⠇⠀⠑⠄&lt;/row&gt;
          &lt;row&gt;⠀&lt;/row&gt;
          &lt;row&gt;⠠⠑⠀⠊⠀⠅⠀⠪⠀⠀⠀⠝⠀⠊⠀⠊⠀⠝⠂&lt;/row&gt;
          &lt;row&gt;⠀&lt;/row&gt;
          &lt;row&gt;⠠⠁⠀⠇⠀⠧⠀⠁⠢⠀⠀⠀⠠⠎⠀⠑⠀⠀⠀⠑⠀⠊&lt;/row&gt;
          &lt;row&gt;⠀&lt;/row&gt;
          &lt;row&gt;⠕⠀⠇⠀⠑&lt;/row&gt;
          &lt;row&gt;⠀&lt;/row&gt;
          &lt;row&gt;⠅⠀⠁⠀⠝⠀⠞⠀⠑⠀⠇⠀⠑⠀⠍⠀⠊⠀⠎⠀⠞⠀⠁⠄&lt;/row&gt;
          &lt;row&gt;⠀&lt;/row&gt;
          &lt;row&gt;⠠⠎⠀⠑⠀⠀⠀⠕⠀⠝⠀⠀⠀⠞⠀⠕⠀⠞⠀⠥⠀⠥⠀⠙⠀⠑⠀⠝&lt;/row&gt;
          &lt;row&gt;⠀&lt;/row&gt;
          &lt;row&gt;⠅⠀⠑⠀⠗⠀⠞⠀⠕⠀⠍⠀⠊⠀⠎⠀⠞⠀⠁⠄&lt;/row&gt;
          &lt;row/&gt;
        &lt;/page&gt;
        &lt;page&gt;
          &lt;row&gt;⠀⠀⠀⠀⠀⠀⠀⠀⠀⠀⠀⠀⠀⠀⠀⠀⠀⠀⠀⠀⠀⠀⠀⠀⠀⠀⠼⠃⠁⠚&lt;/row&gt;
          &lt;row&gt;⠤⠀⠀⠀⠠⠞⠀⠕⠀⠞⠀⠥⠀⠥⠀⠎⠀⠀⠀⠏⠀⠊⠀⠞⠀⠜⠀⠜&lt;/row&gt;
          &lt;row&gt;⠀&lt;/row&gt;
          &lt;row&gt;⠅⠀⠑⠀⠗⠀⠞⠀⠕⠀⠁⠂⠀⠀⠀⠠⠁⠀⠇⠀⠧⠀⠁&lt;/row&gt;
          &lt;row&gt;⠀&lt;/row&gt;
          &lt;row&gt;⠎⠀⠁⠀⠝⠀⠕⠀⠊⠄&lt;/row&gt;
          &lt;row&gt;⠀&lt;/row&gt;
          &lt;row&gt;⠤⠀⠀⠀⠠⠚⠀⠕⠀⠎⠀⠀⠀⠚⠀⠕⠀⠅⠀⠥⠀⠀⠀⠕⠀⠝&lt;/row&gt;
          &lt;row&gt;⠀&lt;/row&gt;
          &lt;row&gt;⠞⠀⠥⠀⠓⠀⠍⠀⠁⠀⠀⠀⠞⠀⠁⠀⠊&lt;/row&gt;
          &lt;row&gt;⠀&lt;/row&gt;
          &lt;row&gt;⠅⠀⠊⠀⠥⠀⠎⠀⠁⠀⠁⠂⠀⠀⠀⠎⠀⠊⠀⠊⠀⠞⠀⠜&lt;/row&gt;
          &lt;row&gt;⠀&lt;/row&gt;
          &lt;row&gt;⠏⠀⠊⠀⠞⠀⠜⠀⠜⠀⠀⠀⠏⠀⠥⠀⠓⠀⠥⠀⠁&lt;/row&gt;
          &lt;row&gt;⠀&lt;/row&gt;
          &lt;row&gt;⠜⠀⠜⠀⠝⠀⠑⠀⠑⠀⠝&lt;/row&gt;
          &lt;row&gt;⠀&lt;/row&gt;
          &lt;row&gt;⠚⠀⠁⠀⠀⠀⠎⠀⠑⠀⠇⠀⠧⠀⠜⠀⠎⠀⠞⠀⠊&lt;/row&gt;
          &lt;row&gt;⠀&lt;/row&gt;
          &lt;row&gt;⠝⠀⠊⠀⠊⠀⠝⠀⠀⠀⠑⠀⠞⠀⠞⠀⠜&lt;/row&gt;
          &lt;row&gt;⠀&lt;/row&gt;
          &lt;row&gt;⠅⠀⠁⠀⠊⠀⠅⠀⠅⠀⠊&lt;/row&gt;
          &lt;row&gt;⠀&lt;/row&gt;
          &lt;row&gt;⠅⠀⠥⠀⠥⠀⠇⠀⠑⠀⠧⠀⠁⠀⠞⠄&lt;/row&gt;
          &lt;row&gt;⠀&lt;/row&gt;
          &lt;row&gt;⠀&lt;/row&gt;
          &lt;row/&gt;
        &lt;/page&gt;
        &lt;page&gt;
          &lt;row&gt;⠀⠀⠀⠀⠀⠀⠀⠀⠀⠀⠀⠀⠀⠀⠀⠀⠀⠀⠀⠀⠀⠀⠀⠀⠀⠀⠼⠃⠁⠁&lt;/row&gt;
          &lt;row&gt;⠠⠎⠀⠊⠀⠇⠀⠇⠀⠜⠀⠀⠀⠚⠀⠥⠀⠥⠀⠗⠀⠊&lt;/row&gt;
          &lt;row&gt;⠀&lt;/row&gt;
          &lt;row&gt;⠎⠀⠁⠀⠇⠀⠁⠀⠊⠀⠇⠀⠥⠀⠀⠀⠞⠀⠑⠀⠅⠀⠑⠀⠑&lt;/row&gt;
          &lt;row&gt;⠀&lt;/row&gt;
          &lt;row&gt;⠅⠀⠊⠀⠥⠀⠎⠀⠁⠀⠁⠀⠍⠀⠊⠀⠎⠀⠑⠀⠝&lt;/row&gt;
          &lt;row&gt;⠀&lt;/row&gt;
          &lt;row&gt;⠍⠀⠁⠀⠓⠀⠙⠀⠕⠀⠇⠀⠇⠀⠊⠀⠎⠀⠑⠀⠅⠀⠎⠀⠊⠄&lt;/row&gt;
          &lt;row&gt;⠀&lt;/row&gt;
          &lt;row&gt;⠀&lt;/row&gt;
          &lt;row&gt;⠀&lt;/row&gt;
          &lt;row&gt;⠀&lt;/row&gt;
          &lt;row&gt;⠀&lt;/row&gt;
          &lt;row&gt;⠀&lt;/row&gt;
          &lt;row&gt;⠀&lt;/row&gt;
          &lt;row&gt;⠀&lt;/row&gt;
          &lt;row&gt;⠀&lt;/row&gt;
          &lt;row&gt;⠀&lt;/row&gt;
          &lt;row&gt;⠀&lt;/row&gt;
          &lt;row&gt;⠀&lt;/row&gt;
          &lt;row&gt;⠀&lt;/row&gt;
          &lt;row&gt;⠀&lt;/row&gt;
          &lt;row&gt;⠀&lt;/row&gt;
          &lt;row&gt;⠀&lt;/row&gt;
          &lt;row&gt;⠀&lt;/row&gt;
          &lt;row&gt;⠀&lt;/row&gt;
          &lt;row/&gt;
        &lt;/page&gt;
        &lt;page&gt;
          &lt;row&gt;⠀⠀⠀⠀⠀⠀⠀⠀⠀⠀⠀⠀⠀⠀⠀⠀⠀⠀⠀⠀⠀⠀⠀⠀⠀⠀⠼⠃⠁⠃&lt;/row&gt;
          &lt;row&gt;⠼⠓⠄⠀⠀⠀⠠⠇⠀⠥⠀⠅⠀⠥&lt;/row&gt;
          &lt;row&gt;⠀&lt;/row&gt;
          &lt;row&gt;⠀&lt;/row&gt;
          &lt;row&gt;⠠⠅⠀⠕⠀⠞⠀⠕⠀⠝⠀⠁&lt;/row&gt;
          &lt;row&gt;⠀&lt;/row&gt;
          &lt;row&gt;⠠⠏⠀⠕⠀⠓⠀⠚⠀⠕⠀⠊⠀⠝⠀⠑⠀⠝&lt;/row&gt;
          &lt;row&gt;⠀&lt;/row&gt;
          &lt;row&gt;⠍⠀⠥⠀⠥⠀⠗⠀⠊⠀⠅⠀⠁⠀⠞⠀⠥⠀⠀⠀⠼⠁⠙⠒⠝&lt;/row&gt;
          &lt;row&gt;⠀&lt;/row&gt;
          &lt;row&gt;⠅⠀⠑⠀⠇⠀⠞⠀⠁⠀⠊⠀⠎⠀⠑⠀⠎⠀⠎⠀⠁&lt;/row&gt;
          &lt;row&gt;⠀&lt;/row&gt;
          &lt;row&gt;⠅⠀⠕⠀⠚⠀⠥⠀⠎⠀⠎⠀⠁⠀⠀⠀⠠⠑⠀⠍⠀⠊⠀⠇&lt;/row&gt;
          &lt;row&gt;⠀&lt;/row&gt;
          &lt;row&gt;⠞⠀⠥⠀⠞⠀⠅⠀⠊&lt;/row&gt;
          &lt;row&gt;⠀&lt;/row&gt;
          &lt;row&gt;⠠⠏⠀⠕⠀⠅⠀⠅⠀⠥⠀⠅⠀⠎⠀⠑⠀⠝&lt;/row&gt;
          &lt;row&gt;⠀&lt;/row&gt;
          &lt;row&gt;⠎⠀⠕⠀⠗⠀⠍⠀⠑⠀⠝⠀⠚⠀⠜⠀⠇⠀⠅⠀⠊⠀⠜⠄&lt;/row&gt;
          &lt;row&gt;⠀&lt;/row&gt;
          &lt;row&gt;⠠⠓⠀⠥⠀⠕⠀⠇⠀⠑⠀⠇⠀⠇⠀⠊⠀⠎⠀⠑⠀⠎⠀⠞⠀⠊&lt;/row&gt;
          &lt;row&gt;⠀&lt;/row&gt;
          &lt;row&gt;⠓⠀⠜⠀⠝⠀⠀⠀⠧⠀⠑⠀⠗⠀⠞⠀⠁⠀⠎⠀⠊&lt;/row&gt;
          &lt;row&gt;⠀&lt;/row&gt;
          &lt;row&gt;⠝⠀⠊⠀⠊⠀⠞⠀⠜⠀⠀⠀⠧⠀⠁⠀⠗⠀⠅⠀⠁⠀⠁⠀⠝&lt;/row&gt;
          &lt;row&gt;⠀&lt;/row&gt;
          &lt;row&gt;⠎⠀⠕⠀⠗⠀⠍⠀⠑⠀⠝⠀⠚⠀⠜⠀⠇⠀⠅⠀⠑⠀⠑⠀⠝⠂&lt;/row&gt;
        &lt;/page&gt;
        &lt;page&gt;
          &lt;row&gt;⠀⠀⠀⠀⠀⠀⠀⠀⠀⠀⠀⠀⠀⠀⠀⠀⠀⠀⠀⠀⠀⠀⠀⠀⠀⠀⠼⠃⠁⠉&lt;/row&gt;
          &lt;row&gt;⠚⠀⠕⠀⠅⠀⠁⠀⠀⠀⠕⠀⠇⠀⠊&lt;/row&gt;
          &lt;row&gt;⠀&lt;/row&gt;
          &lt;row&gt;⠅⠀⠥⠀⠅⠀⠅⠀⠁⠀⠗⠀⠕⠀⠎⠀⠎⠀⠁⠄&lt;/row&gt;
          &lt;row&gt;⠀&lt;/row&gt;
          &lt;row&gt;⠠⠇⠀⠊⠀⠝⠀⠙⠀⠁⠀⠀⠀⠕⠀⠇⠀⠊&lt;/row&gt;
          &lt;row&gt;⠀&lt;/row&gt;
          &lt;row&gt;⠍⠀⠁⠀⠇⠀⠞⠀⠞⠀⠁⠀⠍⠀⠁⠀⠞⠀⠕⠀⠝⠂&lt;/row&gt;
          &lt;row&gt;⠀&lt;/row&gt;
          &lt;row&gt;⠓⠀⠜⠀⠝⠀⠑⠀⠎⠀⠞⠀⠜⠀⠀⠀⠞⠀⠕⠀⠥⠀⠓⠀⠥&lt;/row&gt;
          &lt;row&gt;⠀&lt;/row&gt;
          &lt;row&gt;⠅⠀⠑⠀⠎⠀⠞⠀⠊⠀⠀⠀⠇⠀⠊⠀⠊⠀⠁⠀⠝&lt;/row&gt;
          &lt;row&gt;⠀&lt;/row&gt;
          &lt;row&gt;⠅⠀⠁⠀⠥⠀⠁⠀⠝⠄&lt;/row&gt;
          &lt;row&gt;⠀&lt;/row&gt;
          &lt;row&gt;⠀&lt;/row&gt;
          &lt;row&gt;⠤⠀⠀⠀⠠⠕⠀⠝⠀⠅⠀⠕⠀⠀⠀⠠⠏⠀⠕⠀⠅⠀⠅⠀⠥⠀⠎&lt;/row&gt;
          &lt;row&gt;⠀&lt;/row&gt;
          &lt;row&gt;⠎⠀⠽⠀⠽⠀⠇⠀⠇⠀⠊⠀⠝⠀⠑⠀⠝⠀⠀⠀⠧⠀⠁⠀⠊&lt;/row&gt;
          &lt;row&gt;⠀&lt;/row&gt;
          &lt;row&gt;⠎⠀⠽⠀⠽⠀⠞⠀⠪⠀⠝⠢⠀⠀⠀⠓⠀⠜⠀⠝&lt;/row&gt;
          &lt;row&gt;⠀&lt;/row&gt;
          &lt;row&gt;⠅⠀⠽⠀⠎⠀⠑⠀⠇⠀⠊⠀⠀⠀⠓⠀⠽⠀⠏⠀⠏⠀⠊⠀⠑⠀⠝&lt;/row&gt;
          &lt;row&gt;⠀&lt;/row&gt;
          &lt;row&gt;⠞⠀⠁⠀⠎⠀⠁⠀⠚⠀⠁⠀⠇⠀⠅⠀⠁⠀⠁⠄&lt;/row&gt;
          &lt;row&gt;⠀&lt;/row&gt;
          &lt;row/&gt;
        &lt;/page&gt;
        &lt;page&gt;
          &lt;row&gt;⠀⠀⠀⠀⠀⠀⠀⠀⠀⠀⠀⠀⠀⠀⠀⠀⠀⠀⠀⠀⠀⠀⠀⠀⠀⠀⠼⠃⠁⠙&lt;/row&gt;
          &lt;row&gt;⠤⠀⠀⠀⠠⠎⠀⠽⠀⠽⠀⠞⠀⠪⠀⠝⠂⠀⠀⠀⠠⠑⠀⠍⠀⠊⠀⠇&lt;/row&gt;
          &lt;row&gt;⠀&lt;/row&gt;
          &lt;row&gt;⠧⠀⠁⠀⠎⠀⠞⠀⠁⠀⠎⠀⠊⠄&lt;/row&gt;
          &lt;row&gt;⠀&lt;/row&gt;
          &lt;row&gt;⠤⠀⠀⠀⠠⠇⠀⠥⠀⠥⠀⠇⠀⠊⠀⠝⠂⠀⠀⠀⠑⠀⠞⠀⠞⠀⠜&lt;/row&gt;
          &lt;row&gt;⠀&lt;/row&gt;
          &lt;row&gt;⠓⠀⠜⠀⠝⠀⠀⠀⠕⠀⠇⠀⠊⠀⠎⠀⠊&lt;/row&gt;
          &lt;row&gt;⠀&lt;/row&gt;
          &lt;row&gt;⠎⠀⠽⠀⠽⠀⠇⠀⠇⠀⠊⠀⠝⠀⠑⠀⠝⠂&lt;/row&gt;
          &lt;row&gt;⠀&lt;/row&gt;
          &lt;row&gt;⠍⠀⠥⠀⠞⠀⠞⠀⠁⠀⠀⠀⠑⠀⠗⠀⠑⠀⠓⠀⠙⠀⠽⠀⠊⠀⠝⠄&lt;/row&gt;
          &lt;row&gt;⠀&lt;/row&gt;
          &lt;row&gt;⠠⠎⠀⠑⠀⠝⠀⠀⠀⠞⠀⠜⠀⠽⠀⠞⠀⠽⠀⠽&lt;/row&gt;
          &lt;row&gt;⠀&lt;/row&gt;
          &lt;row&gt;⠕⠀⠇⠀⠇⠀⠁⠀⠀⠀⠠⠓⠀⠊⠀⠇⠀⠙⠀⠁⠀⠀⠀⠞⠀⠁⠀⠊&lt;/row&gt;
          &lt;row&gt;⠀&lt;/row&gt;
          &lt;row&gt;⠠⠅⠀⠁⠀⠇⠀⠇⠀⠑⠄⠀⠀⠀⠠⠑⠀⠝&lt;/row&gt;
          &lt;row&gt;⠀&lt;/row&gt;
          &lt;row&gt;⠞⠀⠁⠀⠓⠀⠞⠀⠕⠀⠊⠀⠎⠀⠊⠂⠀⠀⠀⠑⠀⠞⠀⠞⠀⠜&lt;/row&gt;
          &lt;row&gt;⠀&lt;/row&gt;
          &lt;row&gt;⠎⠀⠽⠀⠽⠀⠇⠀⠇⠀⠊⠀⠝⠀⠑⠀⠝⠀⠀⠀⠕⠀⠝&lt;/row&gt;
          &lt;row&gt;⠀&lt;/row&gt;
          &lt;row&gt;⠅⠀⠥⠀⠍⠀⠏⠀⠊⠀⠅⠀⠁⠀⠁⠀⠝&lt;/row&gt;
          &lt;row&gt;⠀&lt;/row&gt;
          &lt;row&gt;⠓⠀⠑⠀⠊⠀⠎⠀⠞⠀⠜⠂⠀⠀⠀⠍⠀⠥⠀⠞⠀⠞⠀⠁&lt;/row&gt;
          &lt;row/&gt;
        &lt;/page&gt;
        &lt;page&gt;
          &lt;row&gt;⠀⠀⠀⠀⠀⠀⠀⠀⠀⠀⠀⠀⠀⠀⠀⠀⠀⠀⠀⠀⠀⠀⠀⠀⠀⠀⠼⠃⠁⠑&lt;/row&gt;
          &lt;row&gt;⠍⠀⠑⠀⠊⠀⠙⠀⠜⠀⠝⠀⠀⠀⠕⠀⠝&lt;/row&gt;
          &lt;row&gt;⠀&lt;/row&gt;
          &lt;row&gt;⠞⠀⠥⠀⠞⠀⠅⠀⠊⠀⠞⠀⠞⠀⠁⠀⠧⠀⠁&lt;/row&gt;
          &lt;row&gt;⠀&lt;/row&gt;
          &lt;row&gt;⠓⠀⠑⠀⠊⠀⠙⠀⠜⠀⠝&lt;/row&gt;
          &lt;row&gt;⠀&lt;/row&gt;
          &lt;row&gt;⠎⠀⠕⠀⠗⠀⠍⠀⠑⠀⠝⠀⠚⠀⠜⠀⠇⠀⠅⠀⠑⠀⠝⠀⠎⠀⠜⠄&lt;/row&gt;
          &lt;row&gt;⠀&lt;/row&gt;
          &lt;row&gt;⠠⠎⠀⠽⠀⠽⠀⠇⠀⠇⠀⠊⠀⠝⠀⠑⠀⠝⠀⠀⠀⠕⠀⠝&lt;/row&gt;
          &lt;row&gt;⠀&lt;/row&gt;
          &lt;row&gt;⠏⠀⠁⠀⠇⠀⠚⠀⠁⠀⠎⠀⠞⠀⠑⠀⠞⠀⠞⠀⠁⠀⠧⠀⠁⠂&lt;/row&gt;
          &lt;row&gt;⠀&lt;/row&gt;
          &lt;row&gt;⠚⠀⠕⠀⠞⠀⠞⠀⠁⠀⠀⠀⠓⠀⠜⠀⠝⠀⠞⠀⠜&lt;/row&gt;
          &lt;row&gt;⠀&lt;/row&gt;
          &lt;row&gt;⠧⠀⠕⠀⠊⠀⠙⠀⠁⠀⠁⠀⠝&lt;/row&gt;
          &lt;row&gt;⠀&lt;/row&gt;
          &lt;row&gt;⠗⠀⠁⠀⠝⠀⠛⠀⠁⠀⠊⠀⠎⠀⠞⠀⠁⠄&lt;/row&gt;
          &lt;row&gt;⠀&lt;/row&gt;
          &lt;row&gt;⠠⠅⠀⠕⠀⠎⠀⠅⠀⠁⠀⠀⠀⠝⠀⠊⠀⠊⠀⠝&lt;/row&gt;
          &lt;row&gt;⠀&lt;/row&gt;
          &lt;row&gt;⠎⠀⠑⠀⠀⠀⠕⠀⠝⠒⠀⠀⠀⠇⠀⠁⠀⠅⠀⠊⠀⠀⠀⠕⠀⠝&lt;/row&gt;
          &lt;row&gt;⠀&lt;/row&gt;
          &lt;row&gt;⠎⠀⠁⠀⠍⠀⠁⠀⠀⠀⠅⠀⠁⠀⠊⠀⠅⠀⠊⠀⠇⠀⠇⠀⠑⠄&lt;/row&gt;
          &lt;row&gt;⠀&lt;/row&gt;
          &lt;row&gt;⠀&lt;/row&gt;
          &lt;row/&gt;
        &lt;/page&gt;
        &lt;page&gt;
          &lt;row&gt;⠀⠀⠀⠀⠀⠀⠀⠀⠀⠀⠀⠀⠀⠀⠀⠀⠀⠀⠀⠀⠀⠀⠀⠀⠀⠀⠼⠃⠁⠋&lt;/row&gt;
          &lt;row&gt;⠤⠀⠀⠀⠠⠍⠀⠊⠀⠅⠀⠎⠀⠊⠀⠀⠀⠠⠓⠀⠊⠀⠇⠀⠙⠀⠁&lt;/row&gt;
          &lt;row&gt;⠀&lt;/row&gt;
          &lt;row&gt;⠧⠀⠁⠀⠗⠀⠁⠀⠎⠀⠞⠀⠁⠀⠊⠀⠎⠀⠊⠂⠀⠀⠀⠅⠀⠥⠀⠝&lt;/row&gt;
          &lt;row&gt;⠀&lt;/row&gt;
          &lt;row&gt;⠓⠀⠜⠀⠝⠀⠑⠀⠇⠀⠇⠀⠜⠀⠀⠀⠕⠀⠝&lt;/row&gt;
          &lt;row&gt;⠀&lt;/row&gt;
          &lt;row&gt;⠧⠀⠁⠀⠇⠀⠞⠀⠁⠀⠧⠀⠁⠀⠎⠀⠞⠀⠊&lt;/row&gt;
          &lt;row&gt;⠀&lt;/row&gt;
          &lt;row&gt;⠗⠀⠁⠀⠓⠀⠁⠀⠁⠀⠀⠀⠅⠀⠕⠀⠞⠀⠕⠀⠝⠀⠁⠀⠁⠀⠝&lt;/row&gt;
          &lt;row&gt;⠀&lt;/row&gt;
          &lt;row&gt;⠏⠀⠁⠀⠞⠀⠚⠀⠁⠀⠎⠀⠎⠀⠁⠢&lt;/row&gt;
          &lt;row&gt;⠀&lt;/row&gt;
          &lt;row&gt;⠠⠇⠀⠊⠀⠝⠀⠙⠀⠁⠀⠀⠀⠅⠀⠽⠀⠎⠀⠽⠀⠊⠀⠀⠀⠚⠀⠁&lt;/row&gt;
          &lt;row&gt;⠀&lt;/row&gt;
          &lt;row&gt;⠊⠀⠎⠀⠞⠀⠁⠀⠓⠀⠞⠀⠊⠀⠀⠀⠠⠑⠀⠍⠀⠊⠀⠇⠀⠊⠀⠝&lt;/row&gt;
          &lt;row&gt;⠀&lt;/row&gt;
          &lt;row&gt;⠧⠀⠊⠀⠑⠀⠗⠀⠑⠀⠑⠀⠝⠄&lt;/row&gt;
          &lt;row&gt;⠀&lt;/row&gt;
          &lt;row&gt;⠀&lt;/row&gt;
          &lt;row&gt;⠤⠀⠀⠀⠠⠅⠀⠥⠀⠅⠀⠁⠀⠀⠀⠎⠀⠁⠀⠝⠀⠕⠀⠕⠂&lt;/row&gt;
          &lt;row&gt;⠀&lt;/row&gt;
          &lt;row&gt;⠑⠀⠞⠀⠞⠀⠜⠀⠀⠀⠓⠀⠜⠀⠝⠀⠑⠀⠇⠀⠇⠀⠜&lt;/row&gt;
          &lt;row&gt;⠀&lt;/row&gt;
          &lt;row&gt;⠕⠀⠝⠀⠀⠀⠗⠀⠁⠀⠓⠀⠁⠀⠁&lt;/row&gt;
          &lt;row&gt;⠀&lt;/row&gt;
          &lt;row&gt;⠏⠀⠁⠀⠞⠀⠚⠀⠁⠀⠎⠀⠎⠀⠁⠢&lt;/row&gt;
        &lt;/page&gt;
        &lt;page&gt;
          &lt;row&gt;⠀⠀⠀⠀⠀⠀⠀⠀⠀⠀⠀⠀⠀⠀⠀⠀⠀⠀⠀⠀⠀⠀⠀⠀⠀⠀⠼⠃⠁⠛&lt;/row&gt;
          &lt;row&gt;⠤⠀⠀⠀⠠⠁⠀⠇⠀⠧⠀⠁⠀⠝⠀⠀⠀⠊⠀⠎⠀⠜⠄&lt;/row&gt;
          &lt;row&gt;⠀&lt;/row&gt;
          &lt;row&gt;⠠⠞⠀⠁⠀⠊⠀⠀⠀⠑⠀⠓⠀⠅⠀⠜⠀⠀⠀⠗⠀⠁⠀⠓⠀⠁⠀⠞&lt;/row&gt;
          &lt;row&gt;⠀&lt;/row&gt;
          &lt;row&gt;⠑⠀⠊⠀⠧⠀⠜⠀⠞⠀⠀⠀⠕⠀⠇⠀⠑&lt;/row&gt;
          &lt;row&gt;⠀&lt;/row&gt;
          &lt;row&gt;⠞⠀⠁⠀⠗⠀⠅⠀⠁⠀⠇⠀⠇⠀⠑⠀⠑⠀⠝&lt;/row&gt;
          &lt;row&gt;⠀&lt;/row&gt;
          &lt;row&gt;⠕⠀⠞⠀⠞⠀⠁⠀⠑⠀⠝&lt;/row&gt;
          &lt;row&gt;⠀&lt;/row&gt;
          &lt;row&gt;⠏⠀⠁⠀⠞⠀⠚⠀⠁⠀⠎⠀⠎⠀⠁⠂⠀⠀⠀⠍⠀⠥⠀⠞⠀⠞⠀⠁&lt;/row&gt;
          &lt;row&gt;⠀&lt;/row&gt;
          &lt;row&gt;⠓⠀⠜⠀⠝⠀⠀⠀⠕⠀⠝&lt;/row&gt;
          &lt;row&gt;⠀&lt;/row&gt;
          &lt;row&gt;⠏⠀⠊⠀⠊⠀⠇⠀⠕⠀⠞⠀⠞⠀⠁⠀⠝⠀⠥⠀⠞&lt;/row&gt;
          &lt;row&gt;⠀&lt;/row&gt;
          &lt;row&gt;⠝⠀⠑⠀⠀⠀⠅⠀⠕⠀⠞⠀⠊⠀⠊⠀⠝⠀⠎⠀⠁⠂&lt;/row&gt;
          &lt;row&gt;⠀&lt;/row&gt;
          &lt;row&gt;⠅⠀⠕⠀⠎⠀⠅⠀⠁⠀⠀⠀⠑⠀⠊⠀⠀⠀⠇⠀⠥⠀⠕⠀⠞⠀⠁&lt;/row&gt;
          &lt;row&gt;⠀&lt;/row&gt;
          &lt;row&gt;⠏⠀⠁⠀⠝⠀⠅⠀⠅⠀⠊⠀⠊⠀⠝⠄&lt;/row&gt;
          &lt;row&gt;⠀&lt;/row&gt;
          &lt;row&gt;⠀&lt;/row&gt;
          &lt;row&gt;⠠⠑⠀⠍⠀⠊⠀⠇⠀⠀⠀⠍⠀⠊⠀⠑⠀⠞⠀⠞⠀⠊⠄&lt;/row&gt;
          &lt;row&gt;⠀&lt;/row&gt;
          &lt;row/&gt;
        &lt;/page&gt;
        &lt;page&gt;
          &lt;row&gt;⠀⠀⠀⠀⠀⠀⠀⠀⠀⠀⠀⠀⠀⠀⠀⠀⠀⠀⠀⠀⠀⠀⠀⠀⠀⠀⠼⠃⠁⠓&lt;/row&gt;
          &lt;row&gt;⠤⠀⠀⠀⠠⠕⠀⠝⠀⠀⠀⠧⠀⠁⠀⠊⠀⠅⠀⠑⠀⠁&lt;/row&gt;
          &lt;row&gt;⠀&lt;/row&gt;
          &lt;row&gt;⠅⠀⠑⠀⠅⠀⠎⠀⠊⠀⠜⠂⠀⠀⠀⠍⠀⠊⠀⠅⠀⠜&lt;/row&gt;
          &lt;row&gt;⠀&lt;/row&gt;
          &lt;row&gt;⠍⠀⠕⠀⠞⠀⠊⠀⠊⠀⠧⠀⠊&lt;/row&gt;
          &lt;row&gt;⠀&lt;/row&gt;
          &lt;row&gt;⠓⠀⠜⠀⠝⠀⠑⠀⠇⠀⠇⠀⠜⠀⠀⠀⠕⠀⠇⠀⠊⠀⠎⠀⠊⠄&lt;/row&gt;
          &lt;row&gt;⠀&lt;/row&gt;
          &lt;row&gt;⠠⠍⠀⠊⠀⠅⠀⠎⠀⠊⠀⠀⠀⠓⠀⠜⠀⠝&lt;/row&gt;
          &lt;row&gt;⠀&lt;/row&gt;
          &lt;row&gt;⠧⠀⠁⠀⠗⠀⠁⠀⠎⠀⠞⠀⠁⠀⠊⠀⠎⠀⠊&lt;/row&gt;
          &lt;row&gt;⠀&lt;/row&gt;
          &lt;row&gt;⠅⠀⠪⠀⠽⠀⠓⠀⠊⠀⠇⠀⠞⠀⠜⠂⠀⠀⠀⠚⠀⠕⠀⠎&lt;/row&gt;
          &lt;row&gt;⠀&lt;/row&gt;
          &lt;row&gt;⠓⠀⠜⠀⠝⠀⠑⠀⠇⠀⠇⠀⠜⠀⠀⠀⠕⠀⠝&lt;/row&gt;
          &lt;row&gt;⠀&lt;/row&gt;
          &lt;row&gt;⠧⠀⠁⠀⠇⠀⠞⠀⠁⠀⠧⠀⠁⠀⠎⠀⠞⠀⠊&lt;/row&gt;
          &lt;row&gt;⠀&lt;/row&gt;
          &lt;row&gt;⠗⠀⠁⠀⠓⠀⠁⠀⠁⠢&lt;/row&gt;
          &lt;row&gt;⠀&lt;/row&gt;
          &lt;row&gt;⠤⠀⠀⠀⠠⠍⠀⠊⠀⠅⠀⠎⠀⠊⠀⠀⠀⠓⠀⠜⠀⠝&lt;/row&gt;
          &lt;row&gt;⠀&lt;/row&gt;
          &lt;row&gt;⠅⠀⠑⠀⠗⠀⠜⠀⠜⠀⠀⠀⠞⠀⠽⠀⠓⠀⠚⠀⠊⠀⠜&lt;/row&gt;
          &lt;row&gt;⠀&lt;/row&gt;
          &lt;row&gt;⠏⠀⠥⠀⠇⠀⠇⠀⠕⠀⠚⠀⠁⠂⠀⠀⠀⠚⠀⠕⠀⠎&lt;/row&gt;
          &lt;row/&gt;
        &lt;/page&gt;
        &lt;page&gt;
          &lt;row&gt;⠀⠀⠀⠀⠀⠀⠀⠀⠀⠀⠀⠀⠀⠀⠀⠀⠀⠀⠀⠀⠀⠀⠀⠀⠀⠀⠼⠃⠁⠊&lt;/row&gt;
          &lt;row&gt;⠓⠀⠜⠀⠝⠀⠑⠀⠇⠀⠇⠀⠜⠀⠀⠀⠕⠀⠝&lt;/row&gt;
          &lt;row&gt;⠀&lt;/row&gt;
          &lt;row&gt;⠗⠀⠁⠀⠓⠀⠁⠀⠁⠢&lt;/row&gt;
          &lt;row&gt;⠀&lt;/row&gt;
          &lt;row&gt;⠀&lt;/row&gt;
          &lt;row&gt;⠤⠀⠀⠀⠠⠑⠀⠓⠀⠅⠀⠜⠀⠀⠀⠓⠀⠜⠀⠝⠀⠑⠀⠇⠀⠇⠀⠜&lt;/row&gt;
          &lt;row&gt;⠀&lt;/row&gt;
          &lt;row&gt;⠑⠀⠊⠀⠀⠀⠕⠀⠇⠀⠑⠀⠀⠀⠍⠀⠥⠀⠥⠀⠞⠀⠁&lt;/row&gt;
          &lt;row&gt;⠀&lt;/row&gt;
          &lt;row&gt;⠞⠀⠑⠀⠅⠀⠑⠀⠍⠀⠊⠀⠎⠀⠞⠀⠜⠂&lt;/row&gt;
          &lt;row&gt;⠀&lt;/row&gt;
          &lt;row&gt;⠠⠑⠀⠍⠀⠊⠀⠇⠀⠀⠀⠁⠀⠚⠀⠁⠀⠞⠀⠞⠀⠑⠀⠇⠀⠊&lt;/row&gt;
          &lt;row&gt;⠀&lt;/row&gt;
          &lt;row&gt;⠜⠀⠜⠀⠝⠀⠑⠀⠑⠀⠝⠄⠀⠀⠀⠤⠀⠀⠀⠠⠑⠀⠓⠀⠅⠀⠜&lt;/row&gt;
          &lt;row&gt;⠀&lt;/row&gt;
          &lt;row&gt;⠓⠀⠜⠀⠝⠀⠑⠀⠎⠀⠞⠀⠜⠀⠀⠀⠕⠀⠝&lt;/row&gt;
          &lt;row&gt;⠀&lt;/row&gt;
          &lt;row&gt;⠓⠀⠁⠀⠥⠀⠎⠀⠅⠀⠁⠀⠀⠀⠅⠀⠑⠀⠗⠀⠜⠀⠞⠀⠜&lt;/row&gt;
          &lt;row&gt;⠀&lt;/row&gt;
          &lt;row&gt;⠞⠀⠽⠀⠓⠀⠚⠀⠊⠀⠜⠀⠀⠀⠏⠀⠥⠀⠇⠀⠇⠀⠕⠀⠚⠀⠁⠄&lt;/row&gt;
          &lt;row&gt;⠀&lt;/row&gt;
          &lt;row&gt;⠠⠎⠀⠑⠀⠀⠀⠕⠀⠝⠀⠀⠀⠓⠀⠽⠀⠧⠀⠜⠀⠅⠀⠎⠀⠊&lt;/row&gt;
          &lt;row&gt;⠀&lt;/row&gt;
          &lt;row&gt;⠽⠀⠍⠀⠏⠀⠜⠀⠗⠀⠊⠀⠎⠀⠞⠀⠪⠀⠇⠀⠇⠀⠑⠄&lt;/row&gt;
          &lt;row&gt;⠀&lt;/row&gt;
          &lt;row/&gt;
        &lt;/page&gt;
        &lt;page&gt;
          &lt;row&gt;⠀⠀⠀⠀⠀⠀⠀⠀⠀⠀⠀⠀⠀⠀⠀⠀⠀⠀⠀⠀⠀⠀⠀⠀⠀⠀⠼⠃⠃⠚&lt;/row&gt;
          &lt;row&gt;⠤⠀⠀⠀⠠⠜⠀⠊⠀⠞⠀⠊⠀⠀⠀⠎⠀⠁⠀⠝⠀⠕⠀⠊⠂&lt;/row&gt;
          &lt;row&gt;⠀&lt;/row&gt;
          &lt;row&gt;⠑⠀⠞⠀⠞⠀⠜⠀⠀⠀⠍⠀⠑⠀⠊⠀⠙⠀⠜⠀⠝&lt;/row&gt;
          &lt;row&gt;⠀&lt;/row&gt;
          &lt;row&gt;⠏⠀⠊⠀⠞⠀⠜⠀⠜⠀⠀⠀⠍⠀⠑⠀⠝⠀⠝⠀⠜&lt;/row&gt;
          &lt;row&gt;⠀&lt;/row&gt;
          &lt;row&gt;⠎⠀⠽⠀⠪⠀⠍⠀⠜⠀⠜⠀⠝⠂⠀⠀⠀⠠⠇⠀⠊⠀⠝⠀⠙⠀⠁&lt;/row&gt;
          &lt;row&gt;⠀&lt;/row&gt;
          &lt;row&gt;⠞⠀⠕⠀⠅⠀⠁⠀⠊⠀⠎⠀⠊⠄&lt;/row&gt;
          &lt;row&gt;⠀&lt;/row&gt;
          &lt;row&gt;⠀&lt;/row&gt;
          &lt;row&gt;⠠⠓⠀⠜⠀⠝⠀⠀⠀⠓⠀⠽⠀⠏⠀⠜⠀⠓⠀⠞⠀⠊&lt;/row&gt;
          &lt;row&gt;⠀&lt;/row&gt;
          &lt;row&gt;⠁⠀⠇⠀⠁⠀⠎⠀⠀⠀⠞⠀⠥⠀⠕⠀⠇⠀⠊⠀⠇⠀⠞⠀⠁&lt;/row&gt;
          &lt;row&gt;⠀&lt;/row&gt;
          &lt;row&gt;⠚⠀⠁⠀⠀⠀⠁⠀⠎⠀⠞⠀⠥⠀⠊⠀⠀⠀⠥⠀⠇⠀⠕⠀⠎&lt;/row&gt;
          &lt;row&gt;⠀&lt;/row&gt;
          &lt;row&gt;⠅⠀⠕⠀⠚⠀⠥⠀⠎⠀⠞⠀⠁⠄&lt;/row&gt;
          &lt;row&gt;⠀&lt;/row&gt;
          &lt;row&gt;⠠⠞⠀⠁⠀⠊⠀⠧⠀⠁⠀⠎⠀⠀⠀⠕⠀⠇⠀⠊&lt;/row&gt;
          &lt;row&gt;⠀&lt;/row&gt;
          &lt;row&gt;⠎⠀⠽⠀⠎⠀⠊⠀⠍⠀⠥⠀⠎⠀⠞⠀⠁⠀⠀⠀⠚⠀⠁&lt;/row&gt;
          &lt;row&gt;⠀&lt;/row&gt;
          &lt;row&gt;⠞⠀⠜⠀⠓⠀⠙⠀⠑⠀⠎⠀⠎⠀⠜⠄&lt;/row&gt;
          &lt;row&gt;⠀&lt;/row&gt;
          &lt;row/&gt;
        &lt;/page&gt;
        &lt;page&gt;
          &lt;row&gt;⠀⠀⠀⠀⠀⠀⠀⠀⠀⠀⠀⠀⠀⠀⠀⠀⠀⠀⠀⠀⠀⠀⠀⠀⠀⠀⠼⠃⠃⠁&lt;/row&gt;
          &lt;row&gt;⠤⠀⠀⠀⠠⠞⠀⠥⠀⠕⠀⠇⠀⠇⠀⠁&lt;/row&gt;
          &lt;row&gt;⠀&lt;/row&gt;
          &lt;row&gt;⠧⠀⠁⠀⠑⠀⠇⠀⠞⠀⠁⠀⠧⠀⠁⠀⠞&lt;/row&gt;
          &lt;row&gt;⠀&lt;/row&gt;
          &lt;row&gt;⠅⠀⠕⠀⠇⠀⠍⠀⠑&lt;/row&gt;
          &lt;row&gt;⠀&lt;/row&gt;
          &lt;row&gt;⠅⠀⠥⠀⠝⠀⠊⠀⠝⠀⠛⠀⠁⠀⠎⠀⠞⠀⠁⠄&lt;/row&gt;
          &lt;row&gt;⠀&lt;/row&gt;
          &lt;row&gt;⠠⠇⠀⠊⠀⠝⠀⠙⠀⠁⠀⠀⠀⠕⠀⠎⠀⠕⠀⠊⠀⠞⠀⠞⠀⠊&lt;/row&gt;
          &lt;row&gt;⠀&lt;/row&gt;
          &lt;row&gt;⠞⠀⠁⠀⠊⠀⠧⠀⠁⠀⠁⠀⠇⠀⠇⠀⠑⠄&lt;/row&gt;
          &lt;row&gt;⠀&lt;/row&gt;
          &lt;row&gt;⠤⠀⠀⠀⠠⠝⠀⠑⠀⠀⠀⠕⠀⠧⠀⠁⠀⠞&lt;/row&gt;
          &lt;row&gt;⠀&lt;/row&gt;
          &lt;row&gt;⠠⠕⠀⠗⠀⠊⠀⠕⠀⠝⠀⠊⠀⠝⠀⠀⠀⠧⠀⠽⠀⠪⠀⠝&lt;/row&gt;
          &lt;row&gt;⠀&lt;/row&gt;
          &lt;row&gt;⠅⠀⠕⠀⠇⠀⠍⠀⠑⠀⠀⠀⠞⠀⠜⠀⠓⠀⠞⠀⠑⠀⠜⠄&lt;/row&gt;
          &lt;row&gt;⠀&lt;/row&gt;
          &lt;row&gt;⠠⠍⠀⠊⠀⠝⠀⠥⠀⠎⠀⠞⠀⠁⠀⠀⠀⠑⠀⠓⠀⠅⠀⠜&lt;/row&gt;
          &lt;row&gt;⠀&lt;/row&gt;
          &lt;row&gt;⠞⠀⠥⠀⠇⠀⠑⠀⠑⠀⠀⠀⠁⠀⠧⠀⠁⠀⠗⠀⠥⠀⠥⠀⠎⠀⠤&lt;/row&gt;
          &lt;row&gt;⠀&lt;/row&gt;
          &lt;row&gt;⠞⠀⠥⠀⠞⠀⠅⠀⠊⠀⠚⠀⠁⠀⠀⠀⠊⠀⠎⠀⠕⠀⠝⠀⠁⠄&lt;/row&gt;
          &lt;row&gt;⠀&lt;/row&gt;
          &lt;row&gt;⠀&lt;/row&gt;
          &lt;row/&gt;
        &lt;/page&gt;
        &lt;page&gt;
          &lt;row&gt;⠀⠀⠀⠀⠀⠀⠀⠀⠀⠀⠀⠀⠀⠀⠀⠀⠀⠀⠀⠀⠀⠀⠀⠀⠀⠀⠼⠃⠃⠃&lt;/row&gt;
          &lt;row&gt;⠠⠍⠀⠁⠀⠗⠀⠊⠀⠁⠀⠤⠀⠜⠀⠊⠀⠞⠀⠊⠀⠀⠀⠕⠀⠇⠀⠊&lt;/row&gt;
          &lt;row&gt;⠀&lt;/row&gt;
          &lt;row&gt;⠅⠀⠑⠀⠊⠀⠞⠀⠞⠀⠊⠀⠪⠀⠎⠀⠎⠀⠜&lt;/row&gt;
          &lt;row&gt;⠀&lt;/row&gt;
          &lt;row&gt;⠍⠀⠥⠀⠞⠀⠞⠀⠁⠀⠀⠀⠑⠀⠊⠀⠀⠀⠽⠀⠅⠀⠎⠀⠊⠀⠝⠄&lt;/row&gt;
          &lt;row&gt;⠀&lt;/row&gt;
          &lt;row&gt;⠠⠏⠀⠪⠀⠽⠀⠙⠀⠜⠀⠝&lt;/row&gt;
          &lt;row&gt;⠀&lt;/row&gt;
          &lt;row&gt;⠞⠀⠕⠀⠊⠀⠎⠀⠑⠀⠇⠀⠇⠀⠁&lt;/row&gt;
          &lt;row&gt;⠀&lt;/row&gt;
          &lt;row&gt;⠏⠀⠥⠀⠕⠀⠇⠀⠑⠀⠝⠀⠀⠀⠊⠀⠎⠀⠞⠀⠥⠀⠊&lt;/row&gt;
          &lt;row&gt;⠀&lt;/row&gt;
          &lt;row&gt;⠠⠅⠀⠁⠀⠇⠀⠇⠀⠑&lt;/row&gt;
          &lt;row&gt;⠀&lt;/row&gt;
          &lt;row&gt;⠠⠅⠀⠥⠀⠥⠀⠇⠀⠊⠀⠁⠀⠊⠀⠝⠀⠑⠀⠝&lt;/row&gt;
          &lt;row&gt;⠀&lt;/row&gt;
          &lt;row&gt;⠚⠀⠥⠀⠕⠀⠍⠀⠁⠀⠎⠀⠎⠀⠁&lt;/row&gt;
          &lt;row&gt;⠀&lt;/row&gt;
          &lt;row&gt;⠅⠀⠁⠀⠓⠀⠧⠀⠊⠀⠁⠄⠀⠀⠀⠠⠑⠀⠍⠀⠊⠀⠇&lt;/row&gt;
          &lt;row&gt;⠀&lt;/row&gt;
          &lt;row&gt;⠚⠀⠁⠀⠀⠀⠠⠇⠀⠊⠀⠝⠀⠙⠀⠁&lt;/row&gt;
          &lt;row&gt;⠀&lt;/row&gt;
          &lt;row&gt;⠇⠀⠥⠀⠊⠀⠅⠀⠁⠀⠓⠀⠞⠀⠊⠀⠧⠀⠁⠀⠞&lt;/row&gt;
          &lt;row&gt;⠀&lt;/row&gt;
          &lt;row&gt;⠎⠀⠊⠀⠎⠀⠜⠀⠜⠀⠝&lt;/row&gt;
          &lt;row/&gt;
        &lt;/page&gt;
        &lt;page&gt;
          &lt;row&gt;⠀⠀⠀⠀⠀⠀⠀⠀⠀⠀⠀⠀⠀⠀⠀⠀⠀⠀⠀⠀⠀⠀⠀⠀⠀⠀⠼⠃⠃⠉&lt;/row&gt;
          &lt;row&gt;⠓⠀⠊⠀⠊⠀⠗⠀⠑⠀⠝⠀⠓⠀⠊⠀⠇⠀⠚⠀⠁⠀⠁&lt;/row&gt;
          &lt;row&gt;⠀&lt;/row&gt;
          &lt;row&gt;⠅⠀⠥⠀⠥⠀⠇⠀⠇⠀⠁⠀⠅⠀⠎⠀⠑⠀⠑⠀⠝⠂&lt;/row&gt;
          &lt;row&gt;⠀&lt;/row&gt;
          &lt;row&gt;⠍⠀⠊⠀⠎⠀⠞⠀⠜⠀⠀⠀⠜⠀⠊⠀⠞⠀⠊⠀⠀⠀⠚⠀⠁&lt;/row&gt;
          &lt;row&gt;⠀&lt;/row&gt;
          &lt;row&gt;⠠⠅⠀⠁⠀⠇⠀⠇⠀⠑&lt;/row&gt;
          &lt;row&gt;⠀&lt;/row&gt;
          &lt;row&gt;⠏⠀⠥⠀⠓⠀⠥⠀⠊⠀⠧⠀⠁⠀⠞⠄&lt;/row&gt;
          &lt;row&gt;⠀&lt;/row&gt;
          &lt;row&gt;⠀&lt;/row&gt;
          &lt;row&gt;⠤⠀⠀⠀⠠⠍⠀⠊⠀⠝⠀⠜⠀⠀⠀⠕⠀⠇⠀⠊⠀⠝&lt;/row&gt;
          &lt;row&gt;⠀&lt;/row&gt;
          &lt;row&gt;⠇⠀⠑⠀⠇⠀⠥⠀⠅⠀⠁⠀⠥⠀⠏⠀⠁⠀⠎⠀⠎⠀⠁⠂&lt;/row&gt;
          &lt;row&gt;⠀&lt;/row&gt;
          &lt;row&gt;⠅⠀⠥⠀⠝⠀⠀⠀⠗⠀⠊⠀⠅⠀⠕⠀⠎&lt;/row&gt;
          &lt;row&gt;⠀&lt;/row&gt;
          &lt;row&gt;⠞⠀⠁⠀⠏⠀⠁⠀⠓⠀⠞⠀⠥⠀⠊⠂&lt;/row&gt;
          &lt;row&gt;⠀&lt;/row&gt;
          &lt;row&gt;⠠⠅⠀⠁⠀⠇⠀⠇⠀⠑⠀⠀⠀⠎⠀⠑⠀⠇⠀⠊⠀⠞⠀⠞⠀⠊⠄&lt;/row&gt;
          &lt;row&gt;⠀&lt;/row&gt;
          &lt;row&gt;⠤⠀⠀⠀⠠⠚⠀⠥⠀⠞⠀⠞⠀⠑⠀⠇⠀⠊⠀⠝&lt;/row&gt;
          &lt;row&gt;⠀&lt;/row&gt;
          &lt;row&gt;⠠⠏⠀⠕⠀⠅⠀⠅⠀⠥⠀⠅⠀⠎⠀⠑⠀⠝&lt;/row&gt;
          &lt;row&gt;⠀&lt;/row&gt;
          &lt;row&gt;⠅⠀⠁⠀⠝⠀⠎⠀⠎⠀⠁⠄&lt;/row&gt;
        &lt;/page&gt;
        &lt;page&gt;
          &lt;row&gt;⠀⠀⠀⠀⠀⠀⠀⠀⠀⠀⠀⠀⠀⠀⠀⠀⠀⠀⠀⠀⠀⠀⠀⠀⠀⠀⠼⠃⠃⠙&lt;/row&gt;
          &lt;row&gt;⠠⠓⠀⠜⠀⠝⠀⠀⠀⠇⠀⠥⠀⠏⠀⠁⠀⠎⠀⠊&lt;/row&gt;
          &lt;row&gt;⠀&lt;/row&gt;
          &lt;row&gt;⠞⠀⠥⠀⠇⠀⠇⠀⠁&lt;/row&gt;
          &lt;row&gt;⠀&lt;/row&gt;
          &lt;row&gt;⠞⠀⠁⠀⠊⠀⠅⠀⠕⠀⠍⠀⠁⠀⠁⠀⠝&lt;/row&gt;
          &lt;row&gt;⠀&lt;/row&gt;
          &lt;row&gt;⠏⠀⠕⠀⠇⠀⠊⠀⠊⠀⠎⠀⠊⠀⠑⠀⠝&lt;/row&gt;
          &lt;row&gt;⠀&lt;/row&gt;
          &lt;row&gt;⠚⠀⠕⠀⠥⠀⠇⠀⠥⠀⠚⠀⠥⠀⠓⠀⠇⠀⠁⠀⠁⠀⠝⠄&lt;/row&gt;
          &lt;row&gt;⠀&lt;/row&gt;
          &lt;row&gt;⠠⠅⠀⠥⠀⠅⠀⠅⠀⠁⠀⠗⠀⠕&lt;/row&gt;
          &lt;row&gt;⠀&lt;/row&gt;
          &lt;row&gt;⠧⠀⠊⠀⠑⠀⠞⠀⠊⠀⠊⠀⠝⠀⠀⠀⠝⠀⠁⠀⠊⠀⠎⠀⠑⠀⠝&lt;/row&gt;
          &lt;row&gt;⠀&lt;/row&gt;
          &lt;row&gt;⠅⠀⠜⠀⠎⠀⠊⠀⠇⠀⠁⠀⠥⠀⠅⠀⠥⠀⠎⠀⠞⠀⠁⠂&lt;/row&gt;
          &lt;row&gt;⠀&lt;/row&gt;
          &lt;row&gt;⠅⠀⠥⠀⠝⠀⠀⠀⠓⠀⠜⠀⠝⠀⠀⠀⠕⠀⠇⠀⠊&lt;/row&gt;
          &lt;row&gt;⠀&lt;/row&gt;
          &lt;row&gt;⠅⠀⠁⠀⠥⠀⠏⠀⠁⠀⠎⠀⠎⠀⠁⠄⠀⠀⠀⠠⠕⠀⠇⠀⠑⠀⠝&lt;/row&gt;
          &lt;row&gt;⠀&lt;/row&gt;
          &lt;row&gt;⠇⠀⠁⠀⠁⠀⠞⠀⠊⠀⠝⠀⠥⠀⠞&lt;/row&gt;
          &lt;row&gt;⠀&lt;/row&gt;
          &lt;row&gt;⠊⠀⠇⠀⠍⠀⠕⠀⠊⠀⠞⠀⠥⠀⠅⠀⠎⠀⠑⠀⠝&lt;/row&gt;
          &lt;row&gt;⠀&lt;/row&gt;
          &lt;row&gt;⠓⠀⠥⠀⠕⠀⠇⠀⠑⠀⠇⠀⠇⠀⠊⠀⠎⠀⠑⠀⠎⠀⠞⠀⠊⠄&lt;/row&gt;
          &lt;row/&gt;
        &lt;/page&gt;
        &lt;page&gt;
          &lt;row&gt;⠀⠀⠀⠀⠀⠀⠀⠀⠀⠀⠀⠀⠀⠀⠀⠀⠀⠀⠀⠀⠀⠀⠀⠀⠀⠀⠼⠃⠃⠑&lt;/row&gt;
          &lt;row&gt;⠤⠀⠀⠀⠠⠚⠀⠊⠀⠇⠀⠇⠀⠤⠀⠏⠀⠁⠀⠗⠀⠅⠀⠁⠂&lt;/row&gt;
          &lt;row&gt;⠀&lt;/row&gt;
          &lt;row&gt;⠓⠀⠜⠀⠝⠀⠑⠀⠝⠀⠀⠀⠕⠀⠝&lt;/row&gt;
          &lt;row&gt;⠀&lt;/row&gt;
          &lt;row&gt;⠕⠀⠎⠀⠞⠀⠑⠀⠞⠀⠞⠀⠁⠀⠧⠀⠁&lt;/row&gt;
          &lt;row&gt;⠀&lt;/row&gt;
          &lt;row&gt;⠚⠀⠕⠀⠥⠀⠇⠀⠥⠀⠇⠀⠁⠀⠓⠀⠚⠀⠕⠀⠚⠀⠁&lt;/row&gt;
          &lt;row&gt;⠀&lt;/row&gt;
          &lt;row&gt;⠝⠀⠑⠀⠇⠀⠚⠀⠜⠀⠇⠀⠇⠀⠑&lt;/row&gt;
          &lt;row&gt;⠀&lt;/row&gt;
          &lt;row&gt;⠇⠀⠁⠀⠏⠀⠎⠀⠑⠀⠇⠀⠇⠀⠑⠄&lt;/row&gt;
          &lt;row&gt;⠀&lt;/row&gt;
          &lt;row&gt;⠠⠞⠀⠕⠀⠊⠀⠧⠀⠕⠀⠝⠀⠀⠀⠞⠀⠕⠀⠎⠀⠊⠀⠁⠀⠁⠀⠝&lt;/row&gt;
          &lt;row&gt;⠀&lt;/row&gt;
          &lt;row&gt;⠑⠀⠞⠀⠞⠀⠜⠀⠀⠀⠗⠀⠁⠀⠓⠀⠁⠀⠞&lt;/row&gt;
          &lt;row&gt;⠀&lt;/row&gt;
          &lt;row&gt;⠇⠀⠪⠀⠽⠀⠞⠀⠽⠀⠧⠀⠜⠀⠞⠂&lt;/row&gt;
          &lt;row&gt;⠀&lt;/row&gt;
          &lt;row&gt;⠠⠍⠀⠁⠀⠗⠀⠊⠀⠁⠀⠤⠀⠜⠀⠊⠀⠞⠀⠊&lt;/row&gt;
          &lt;row&gt;⠀&lt;/row&gt;
          &lt;row&gt;⠎⠀⠁⠀⠝⠀⠕⠀⠊⠀⠀⠀⠚⠀⠁⠀⠀⠀⠕⠀⠞⠀⠞⠀⠊&lt;/row&gt;
          &lt;row&gt;⠀&lt;/row&gt;
          &lt;row&gt;⠠⠅⠀⠁⠀⠇⠀⠇⠀⠑⠀⠝⠀⠀⠀⠞⠀⠑⠀⠅⠀⠑⠀⠍⠀⠜⠀⠝&lt;/row&gt;
          &lt;row&gt;⠀&lt;/row&gt;
          &lt;row&gt;⠊⠀⠇⠀⠍⠀⠕⠀⠊⠀⠞⠀⠥⠀⠅⠀⠎⠀⠑⠀⠝⠄&lt;/row&gt;
          &lt;row/&gt;
        &lt;/page&gt;
        &lt;page&gt;
          &lt;row&gt;⠀⠀⠀⠀⠀⠀⠀⠀⠀⠀⠀⠀⠀⠀⠀⠀⠀⠀⠀⠀⠀⠀⠀⠀⠀⠀⠼⠃⠃⠋&lt;/row&gt;
          &lt;row&gt;⠤⠀⠀⠀⠠⠅⠀⠁⠀⠞⠀⠎⠀⠕⠀⠝⠂⠀⠀⠀⠑⠀⠞⠀⠞⠀⠜&lt;/row&gt;
          &lt;row&gt;⠀&lt;/row&gt;
          &lt;row&gt;⠚⠀⠕⠀⠅⠀⠥⠀⠀⠀⠎⠀⠑⠀⠇⠀⠧⠀⠊⠀⠞⠀⠞⠀⠜⠀⠜&lt;/row&gt;
          &lt;row&gt;⠀&lt;/row&gt;
          &lt;row&gt;⠞⠀⠜⠀⠍⠀⠜⠀⠝⠀⠀⠀⠅⠀⠥⠀⠝⠀⠝⠀⠕⠀⠇⠀⠇⠀⠁⠄&lt;/row&gt;
          &lt;row&gt;⠀&lt;/row&gt;
          &lt;row&gt;⠀&lt;/row&gt;
          &lt;row&gt;⠤⠀⠀⠀⠠⠞⠀⠥⠀⠞⠀⠅⠀⠊⠀⠎⠀⠊⠀⠝&lt;/row&gt;
          &lt;row&gt;⠀&lt;/row&gt;
          &lt;row&gt;⠚⠀⠥⠀⠞⠀⠞⠀⠥⠀⠁&lt;/row&gt;
          &lt;row&gt;⠀&lt;/row&gt;
          &lt;row&gt;⠍⠀⠊⠀⠑⠀⠇⠀⠑⠀⠇⠀⠇⠀⠜⠀⠝⠀⠊&lt;/row&gt;
          &lt;row&gt;⠀&lt;/row&gt;
          &lt;row&gt;⠊⠀⠞⠀⠎⠀⠑⠂⠀⠀⠀⠠⠅⠀⠁⠀⠇⠀⠇⠀⠑&lt;/row&gt;
          &lt;row&gt;⠀&lt;/row&gt;
          &lt;row&gt;⠎⠀⠁⠀⠝⠀⠕⠀⠊⠄&lt;/row&gt;
          &lt;row&gt;⠀&lt;/row&gt;
          &lt;row&gt;⠀&lt;/row&gt;
          &lt;row&gt;⠤⠀⠀⠀⠠⠑⠀⠇⠀⠇⠀⠑⠀⠝&lt;/row&gt;
          &lt;row&gt;⠀&lt;/row&gt;
          &lt;row&gt;⠚⠀⠕⠀⠥⠀⠞⠀⠥⠀⠊⠀⠎⠀⠊&lt;/row&gt;
          &lt;row&gt;⠀&lt;/row&gt;
          &lt;row&gt;⠓⠀⠕⠀⠊⠀⠞⠀⠁⠀⠍⠀⠁⠀⠁⠀⠝&lt;/row&gt;
          &lt;row&gt;⠀&lt;/row&gt;
          &lt;row&gt;⠏⠀⠽⠀⠪⠀⠗⠀⠜⠀⠧⠀⠁⠀⠗⠀⠁⠀⠎⠀⠞⠀⠕⠀⠁⠂&lt;/row&gt;
          &lt;row/&gt;
        &lt;/page&gt;
        &lt;page&gt;
          &lt;row&gt;⠀⠀⠀⠀⠀⠀⠀⠀⠀⠀⠀⠀⠀⠀⠀⠀⠀⠀⠀⠀⠀⠀⠀⠀⠀⠀⠼⠃⠃⠛&lt;/row&gt;
          &lt;row&gt;⠕⠀⠇⠀⠊⠀⠎⠀⠊⠀⠝⠀⠀⠀⠧⠀⠁⠀⠗⠀⠍⠀⠁⠀⠁⠀⠝&lt;/row&gt;
          &lt;row&gt;⠀&lt;/row&gt;
          &lt;row&gt;⠚⠀⠕⠀⠀⠀⠝⠀⠁⠀⠏⠀⠁⠀⠝⠀⠝⠀⠥⠀⠞&lt;/row&gt;
          &lt;row&gt;⠀&lt;/row&gt;
          &lt;row&gt;⠎⠀⠽⠀⠽⠀⠇⠀⠇⠀⠊⠀⠎⠀⠑⠀⠝⠄&lt;/row&gt;
          &lt;row&gt;⠀&lt;/row&gt;
          &lt;row&gt;⠠⠍⠀⠥⠀⠞⠀⠞⠀⠁⠀⠀⠀⠞⠀⠽⠀⠪&lt;/row&gt;
          &lt;row&gt;⠀&lt;/row&gt;
          &lt;row&gt;⠧⠀⠁⠀⠗⠀⠁⠀⠎⠀⠞⠀⠕⠀⠎⠀⠎⠀⠁⠀⠀⠀⠧⠀⠊⠀⠑&lt;/row&gt;
          &lt;row&gt;⠀&lt;/row&gt;
          &lt;row&gt;⠅⠀⠁⠀⠊⠀⠅⠀⠑⠀⠝⠀⠀⠀⠁⠀⠊⠀⠅⠀⠁⠀⠝⠀⠊⠄&lt;/row&gt;
          &lt;row&gt;⠀&lt;/row&gt;
          &lt;row&gt;⠠⠊⠀⠓⠀⠍⠀⠊⠀⠎⠀⠑⠀⠞⠀⠀⠀⠞⠀⠥⠀⠕⠀⠧⠀⠁⠀⠞&lt;/row&gt;
          &lt;row&gt;⠀&lt;/row&gt;
          &lt;row&gt;⠏⠀⠕⠀⠇⠀⠅⠀⠥⠀⠏⠀⠽⠀⠪⠀⠗⠀⠊⠀⠜⠂&lt;/row&gt;
          &lt;row&gt;⠀&lt;/row&gt;
          &lt;row&gt;⠚⠀⠕⠀⠊⠀⠙⠀⠑⠀⠝&lt;/row&gt;
          &lt;row&gt;⠀&lt;/row&gt;
          &lt;row&gt;⠅⠀⠥⠀⠧⠀⠊⠀⠞⠀⠞⠀⠑⠀⠇⠀⠑⠀⠧⠀⠁⠀⠞&lt;/row&gt;
          &lt;row&gt;⠀&lt;/row&gt;
          &lt;row&gt;⠕⠀⠇⠀⠑⠀⠧⠀⠁⠀⠝&lt;/row&gt;
          &lt;row&gt;⠀&lt;/row&gt;
          &lt;row&gt;⠧⠀⠁⠀⠗⠀⠁⠀⠎⠀⠞⠀⠑⠀⠞⠀⠞⠀⠥⠀⠚⠀⠁⠄&lt;/row&gt;
          &lt;row&gt;⠀&lt;/row&gt;
          &lt;row&gt;⠀&lt;/row&gt;
          &lt;row/&gt;
        &lt;/page&gt;
        &lt;page&gt;
          &lt;row&gt;⠀⠀⠀⠀⠀⠀⠀⠀⠀⠀⠀⠀⠀⠀⠀⠀⠀⠀⠀⠀⠀⠀⠀⠀⠀⠀⠼⠃⠃⠓&lt;/row&gt;
          &lt;row&gt;⠠⠚⠀⠁⠀⠀⠀⠓⠀⠑⠀⠀⠀⠞⠀⠥⠀⠇⠀⠑⠀⠧⠀⠁⠀⠞&lt;/row&gt;
          &lt;row&gt;⠀&lt;/row&gt;
          &lt;row&gt;⠑⠀⠞⠀⠎⠀⠊⠀⠍⠀⠜⠀⠜⠀⠝&lt;/row&gt;
          &lt;row&gt;⠀&lt;/row&gt;
          &lt;row&gt;⠅⠀⠁⠀⠙⠀⠕⠀⠝⠀⠝⠀⠑⠀⠊⠀⠞⠀⠁&lt;/row&gt;
          &lt;row&gt;⠀&lt;/row&gt;
          &lt;row&gt;⠏⠀⠕⠀⠇⠀⠅⠀⠥⠀⠏⠀⠽⠀⠪⠀⠗⠀⠊⠀⠜⠄&lt;/row&gt;
          &lt;row&gt;⠀&lt;/row&gt;
          &lt;row&gt;⠠⠕⠀⠝⠀⠀⠀⠞⠀⠜⠀⠽⠀⠞⠀⠑⠀⠞⠀⠞⠀⠜⠀⠧⠀⠜&lt;/row&gt;
          &lt;row&gt;⠀&lt;/row&gt;
          &lt;row&gt;⠧⠀⠁⠀⠇⠀⠞⠀⠁⠀⠧⠀⠁⠀⠎⠀⠞⠀⠊&lt;/row&gt;
          &lt;row&gt;⠀&lt;/row&gt;
          &lt;row&gt;⠅⠀⠁⠀⠁⠀⠧⠀⠁⠀⠅⠀⠅⠀⠑⠀⠊⠀⠞⠀⠁&lt;/row&gt;
          &lt;row&gt;⠀&lt;/row&gt;
          &lt;row&gt;⠚⠀⠁⠀⠀⠀⠧⠀⠁⠀⠎⠀⠞⠀⠥⠀⠥⠀⠀⠀⠕⠀⠝&lt;/row&gt;
          &lt;row&gt;⠀&lt;/row&gt;
          &lt;row&gt;⠎⠀⠥⠀⠥⠀⠗⠀⠊⠄&lt;/row&gt;
          &lt;row&gt;⠀&lt;/row&gt;
          &lt;row&gt;⠠⠏⠀⠕⠀⠇⠀⠅⠀⠥⠀⠏⠀⠽⠀⠪⠀⠗⠀⠊⠀⠑⠀⠝&lt;/row&gt;
          &lt;row&gt;⠀&lt;/row&gt;
          &lt;row&gt;⠅⠀⠁⠀⠝⠀⠎⠀⠎⠀⠁⠀⠀⠀⠕⠀⠝&lt;/row&gt;
          &lt;row&gt;⠀&lt;/row&gt;
          &lt;row&gt;⠕⠀⠇⠀⠞⠀⠁⠀⠧⠀⠁&lt;/row&gt;
          &lt;row&gt;⠀&lt;/row&gt;
          &lt;row&gt;⠞⠀⠁⠀⠗⠀⠅⠀⠅⠀⠁⠀⠝⠀⠁⠄&lt;/row&gt;
          &lt;row/&gt;
        &lt;/page&gt;
        &lt;page&gt;
          &lt;row&gt;⠀⠀⠀⠀⠀⠀⠀⠀⠀⠀⠀⠀⠀⠀⠀⠀⠀⠀⠀⠀⠀⠀⠀⠀⠀⠀⠼⠃⠃⠊&lt;/row&gt;
          &lt;row&gt;⠠⠍⠀⠁⠀⠗⠀⠊⠀⠁⠀⠀⠀⠠⠺⠀⠑⠀⠗⠀⠝&lt;/row&gt;
          &lt;row&gt;⠀&lt;/row&gt;
          &lt;row&gt;⠽⠀⠍⠀⠍⠀⠜⠀⠗⠀⠎⠀⠊⠀⠀⠀⠎⠀⠑⠀⠝⠄&lt;/row&gt;
          &lt;row&gt;⠀&lt;/row&gt;
          &lt;row&gt;⠀&lt;/row&gt;
          &lt;row&gt;⠤⠀⠀⠀⠠⠍⠀⠊⠀⠞⠀⠑⠀⠝&lt;/row&gt;
          &lt;row&gt;⠀&lt;/row&gt;
          &lt;row&gt;⠧⠀⠊⠀⠊⠀⠓⠀⠙⠀⠽⠀⠞&lt;/row&gt;
          &lt;row&gt;⠀&lt;/row&gt;
          &lt;row&gt;⠞⠀⠽⠀⠪⠀⠎⠀⠎⠀⠜⠀⠎⠀⠊⠢⠀⠀⠀⠓⠀⠜⠀⠝&lt;/row&gt;
          &lt;row&gt;⠀&lt;/row&gt;
          &lt;row&gt;⠅⠀⠽⠀⠎⠀⠽⠀⠊⠄&lt;/row&gt;
          &lt;row&gt;⠀&lt;/row&gt;
          &lt;row&gt;⠀&lt;/row&gt;
          &lt;row&gt;⠤⠀⠀⠀⠠⠏⠀⠽⠀⠪⠀⠗⠀⠜⠀⠤&lt;/row&gt;
          &lt;row&gt;⠀&lt;/row&gt;
          &lt;row&gt;⠧⠀⠁⠀⠗⠀⠁⠀⠎⠀⠞⠀⠕⠀⠎⠀⠎⠀⠁⠀⠀⠀⠕⠀⠝&lt;/row&gt;
          &lt;row&gt;⠀&lt;/row&gt;
          &lt;row&gt;⠅⠀⠁⠀⠥⠀⠓⠀⠑⠀⠁⠀⠝⠀⠀⠀⠞⠀⠽⠀⠇⠀⠎⠀⠜⠀⠜⠂&lt;/row&gt;
          &lt;row&gt;⠀&lt;/row&gt;
          &lt;row&gt;⠠⠅⠀⠁⠀⠇⠀⠇⠀⠑&lt;/row&gt;
          &lt;row&gt;⠀&lt;/row&gt;
          &lt;row&gt;⠠⠅⠀⠥⠀⠥⠀⠇⠀⠊⠀⠁⠀⠊⠀⠝⠀⠑⠀⠝&lt;/row&gt;
          &lt;row&gt;⠀&lt;/row&gt;
          &lt;row&gt;⠅⠀⠥⠀⠊⠀⠎⠀⠅⠀⠁⠀⠎⠀⠊⠀⠀⠀⠝⠀⠊⠀⠊⠀⠝&lt;/row&gt;
          &lt;row/&gt;
        &lt;/page&gt;
        &lt;page&gt;
          &lt;row&gt;⠀⠀⠀⠀⠀⠀⠀⠀⠀⠀⠀⠀⠀⠀⠀⠀⠀⠀⠀⠀⠀⠀⠀⠀⠀⠀⠼⠃⠉⠚&lt;/row&gt;
          &lt;row&gt;⠓⠀⠊⠀⠇⠀⠚⠀⠁⠀⠁⠂⠀⠀⠀⠑⠀⠞⠀⠞⠀⠜&lt;/row&gt;
          &lt;row&gt;⠀&lt;/row&gt;
          &lt;row&gt;⠠⠑⠀⠍⠀⠊⠀⠇⠀⠀⠀⠚⠀⠁&lt;/row&gt;
          &lt;row&gt;⠀&lt;/row&gt;
          &lt;row&gt;⠠⠇⠀⠊⠀⠝⠀⠙⠀⠁⠀⠀⠀⠞⠀⠥⠀⠎⠀⠅⠀⠊⠀⠝&lt;/row&gt;
          &lt;row&gt;⠀&lt;/row&gt;
          &lt;row&gt;⠅⠀⠥⠀⠥⠀⠇⠀⠊⠀⠧⠀⠁⠀⠞⠄&lt;/row&gt;
          &lt;row&gt;⠀&lt;/row&gt;
          &lt;row&gt;⠤⠀⠀⠀⠠⠚⠀⠁⠀⠓⠀⠞⠀⠁⠀⠊⠀⠎⠀⠊⠀⠝&lt;/row&gt;
          &lt;row&gt;⠀&lt;/row&gt;
          &lt;row&gt;⠍⠀⠊⠀⠑⠀⠇⠀⠥⠀⠥⠀⠍⠀⠍⠀⠊⠀⠝&lt;/row&gt;
          &lt;row&gt;⠀&lt;/row&gt;
          &lt;row&gt;⠧⠀⠁⠀⠗⠀⠅⠀⠁⠀⠊⠀⠞⠀⠁⠄&lt;/row&gt;
          &lt;row&gt;⠀&lt;/row&gt;
          &lt;row&gt;⠀&lt;/row&gt;
          &lt;row&gt;⠠⠅⠀⠥⠀⠝⠀⠀⠀⠠⠅⠀⠁⠀⠇⠀⠇⠀⠑⠀⠀⠀⠕⠀⠇⠀⠊&lt;/row&gt;
          &lt;row&gt;⠀&lt;/row&gt;
          &lt;row&gt;⠅⠀⠊⠀⠊⠀⠞⠀⠞⠀⠜⠀⠝⠀⠽⠀⠞&lt;/row&gt;
          &lt;row&gt;⠀&lt;/row&gt;
          &lt;row&gt;⠅⠀⠁⠀⠓⠀⠧⠀⠊⠀⠎⠀⠞⠀⠁⠀⠀⠀⠚⠀⠁&lt;/row&gt;
          &lt;row&gt;⠀&lt;/row&gt;
          &lt;row&gt;⠇⠀⠜⠀⠓⠀⠞⠀⠑⠀⠝⠀⠽⠀⠞⠂⠀⠀⠀⠠⠑⠀⠍⠀⠊⠀⠇&lt;/row&gt;
          &lt;row&gt;⠀&lt;/row&gt;
          &lt;row&gt;⠎⠀⠊⠀⠑⠀⠏⠀⠏⠀⠁⠀⠎⠀⠊⠀⠀⠀⠓⠀⠜⠀⠝⠀⠑⠀⠝&lt;/row&gt;
          &lt;row&gt;⠀&lt;/row&gt;
          &lt;row&gt;⠅⠀⠁⠀⠓⠀⠧⠀⠊⠀⠅⠀⠥⠀⠏⠀⠏⠀⠊⠀⠝⠀⠎⠀⠁⠄&lt;/row&gt;
        &lt;/page&gt;
        &lt;page&gt;
          &lt;row&gt;⠀⠀⠀⠀⠀⠀⠀⠀⠀⠀⠀⠀⠀⠀⠀⠀⠀⠀⠀⠀⠀⠀⠀⠀⠀⠀⠼⠃⠉⠁&lt;/row&gt;
          &lt;row&gt;⠠⠎⠀⠊⠀⠊⠀⠝⠀⠜⠀⠀⠀⠕⠀⠇⠀⠊&lt;/row&gt;
          &lt;row&gt;⠀&lt;/row&gt;
          &lt;row&gt;⠞⠀⠁⠀⠅⠀⠥⠀⠥⠀⠇⠀⠇⠀⠁&lt;/row&gt;
          &lt;row&gt;⠀&lt;/row&gt;
          &lt;row&gt;⠎⠀⠕⠀⠗⠀⠍⠀⠑⠀⠝⠀⠚⠀⠜⠀⠇⠀⠅⠀⠊⠀⠜⠄&lt;/row&gt;
          &lt;row&gt;⠀&lt;/row&gt;
          &lt;row&gt;⠀&lt;/row&gt;
          &lt;row&gt;⠤⠀⠀⠀⠠⠗⠀⠥⠀⠕⠀⠁⠀⠝&lt;/row&gt;
          &lt;row&gt;⠀&lt;/row&gt;
          &lt;row&gt;⠚⠀⠜⠀⠇⠀⠅⠀⠑⠀⠑⠀⠝&lt;/row&gt;
          &lt;row&gt;⠀&lt;/row&gt;
          &lt;row&gt;⠎⠀⠁⠀⠁⠀⠙⠀⠁⠀⠁⠀⠝&lt;/row&gt;
          &lt;row&gt;⠀&lt;/row&gt;
          &lt;row&gt;⠅⠀⠁⠀⠗⠀⠅⠀⠅⠀⠊⠀⠁⠂⠀⠀⠀⠅⠀⠥⠀⠝⠀⠀⠀⠕⠀⠝&lt;/row&gt;
          &lt;row&gt;⠀&lt;/row&gt;
          &lt;row&gt;⠏⠀⠑⠀⠗⠀⠚⠀⠁⠀⠝⠀⠞⠀⠁⠀⠊⠂⠀⠀⠀⠜⠀⠊⠀⠞⠀⠊&lt;/row&gt;
          &lt;row&gt;⠀&lt;/row&gt;
          &lt;row&gt;⠎⠀⠁⠀⠝⠀⠕⠀⠊⠄&lt;/row&gt;
          &lt;row&gt;⠀&lt;/row&gt;
          &lt;row&gt;⠤⠀⠀⠀⠠⠍⠀⠥⠀⠞⠀⠞⠀⠁⠀⠀⠀⠑⠀⠝⠀⠎⠀⠊⠀⠝&lt;/row&gt;
          &lt;row&gt;⠀&lt;/row&gt;
          &lt;row&gt;⠚⠀⠕⠀⠝⠀⠅⠀⠥⠀⠝⠀⠀⠀⠕⠀⠝&lt;/row&gt;
          &lt;row&gt;⠀&lt;/row&gt;
          &lt;row&gt;⠥⠀⠇⠀⠅⠀⠕⠀⠊⠀⠇⠀⠥⠀⠞⠀⠑⠀⠞⠀⠞⠀⠁⠀⠧⠀⠁&lt;/row&gt;
          &lt;row&gt;⠀&lt;/row&gt;
          &lt;row&gt;⠠⠍⠀⠕⠀⠇⠀⠇⠀⠽⠄&lt;/row&gt;
        &lt;/page&gt;
        &lt;page&gt;
          &lt;row&gt;⠀⠀⠀⠀⠀⠀⠀⠀⠀⠀⠀⠀⠀⠀⠀⠀⠀⠀⠀⠀⠀⠀⠀⠀⠀⠀⠼⠃⠉⠃&lt;/row&gt;
          &lt;row&gt;⠠⠧⠀⠊⠀⠊⠀⠞⠀⠎⠀⠊⠀⠎⠀⠊⠀⠞⠀⠅⠀⠪&lt;/row&gt;
          &lt;row&gt;⠀&lt;/row&gt;
          &lt;row&gt;⠎⠀⠊⠀⠝⠀⠜⠂⠀⠀⠀⠠⠑⠀⠍⠀⠊⠀⠇⠢&lt;/row&gt;
          &lt;row&gt;⠀&lt;/row&gt;
          &lt;row&gt;⠀&lt;/row&gt;
          &lt;row&gt;⠤⠀⠀⠀⠠⠕⠀⠅⠀⠑⠀⠊⠄&lt;/row&gt;
          &lt;row&gt;⠀&lt;/row&gt;
          &lt;row&gt;⠀&lt;/row&gt;
          &lt;row&gt;⠠⠑⠀⠍⠀⠊⠀⠇⠀⠀⠀⠇⠀⠜⠀⠓⠀⠞⠀⠊&lt;/row&gt;
          &lt;row&gt;⠀&lt;/row&gt;
          &lt;row&gt;⠍⠀⠊⠀⠑⠀⠇⠀⠑⠀⠇⠀⠇⠀⠜⠀⠜⠀⠝&lt;/row&gt;
          &lt;row&gt;⠀&lt;/row&gt;
          &lt;row&gt;⠅⠀⠜⠀⠧⠀⠑⠀⠇⠀⠽⠀⠇⠀⠇⠀⠑⠄&lt;/row&gt;
          &lt;row&gt;⠀&lt;/row&gt;
          &lt;row&gt;⠠⠅⠀⠜⠀⠧⠀⠑⠀⠇⠀⠇⠀⠑⠀⠎⠀⠎⠀⠜⠀⠀⠀⠎⠀⠁⠀⠊&lt;/row&gt;
          &lt;row&gt;⠀&lt;/row&gt;
          &lt;row&gt;⠁⠀⠚⠀⠁⠀⠞⠀⠑⠀⠇⠀⠇⠀⠁&lt;/row&gt;
          &lt;row&gt;⠀&lt;/row&gt;
          &lt;row&gt;⠗⠀⠁⠀⠥⠀⠓⠀⠁⠀⠎⠀⠎⠀⠁⠄&lt;/row&gt;
          &lt;row&gt;⠀&lt;/row&gt;
          &lt;row&gt;⠀&lt;/row&gt;
          &lt;row&gt;⠠⠑⠀⠞⠀⠎⠀⠊⠀⠧⠀⠜⠀⠤&lt;/row&gt;
          &lt;row&gt;⠀&lt;/row&gt;
          &lt;row&gt;⠞⠀⠕⠀⠊⠀⠍⠀⠊⠀⠎⠀⠞⠀⠕⠀⠝&lt;/row&gt;
          &lt;row&gt;⠀&lt;/row&gt;
          &lt;row&gt;⠏⠀⠽⠀⠪⠀⠗⠀⠊⠀⠞⠀⠞⠀⠜⠀⠍⠀⠊⠀⠝⠀⠑⠀⠝&lt;/row&gt;
        &lt;/page&gt;
        &lt;page&gt;
          &lt;row&gt;⠀⠀⠀⠀⠀⠀⠀⠀⠀⠀⠀⠀⠀⠀⠀⠀⠀⠀⠀⠀⠀⠀⠀⠀⠀⠀⠼⠃⠉⠉&lt;/row&gt;
          &lt;row&gt;⠕⠀⠝⠀⠀⠀⠅⠀⠕⠀⠧⠀⠁⠀⠁&lt;/row&gt;
          &lt;row&gt;⠀&lt;/row&gt;
          &lt;row&gt;⠓⠀⠕⠀⠍⠀⠍⠀⠁⠀⠁⠂⠀⠀⠀⠠⠑⠀⠍⠀⠊⠀⠇&lt;/row&gt;
          &lt;row&gt;⠀&lt;/row&gt;
          &lt;row&gt;⠁⠀⠚⠀⠁⠀⠞⠀⠞⠀⠑⠀⠇⠀⠊⠄&lt;/row&gt;
          &lt;row&gt;⠀&lt;/row&gt;
          &lt;row&gt;⠠⠗⠀⠊⠀⠅⠀⠕⠀⠇⠀⠇⠀⠊⠀⠎⠀⠑⠀⠞&lt;/row&gt;
          &lt;row&gt;⠀&lt;/row&gt;
          &lt;row&gt;⠑⠀⠊⠀⠧⠀⠜⠀⠞⠀⠀⠀⠏⠀⠊⠀⠙⠀⠜&lt;/row&gt;
          &lt;row&gt;⠀&lt;/row&gt;
          &lt;row&gt;⠧⠀⠁⠀⠏⠀⠁⠀⠁⠀⠞⠀⠁⠀⠀⠀⠑⠀⠙⠀⠑⠀⠎&lt;/row&gt;
          &lt;row&gt;⠀&lt;/row&gt;
          &lt;row&gt;⠏⠀⠑⠀⠗⠀⠚⠀⠁⠀⠝⠀⠞⠀⠁⠀⠊⠀⠤&lt;/row&gt;
          &lt;row&gt;⠀&lt;/row&gt;
          &lt;row&gt;⠊⠀⠇⠀⠞⠀⠁⠀⠊⠀⠎⠀⠊⠀⠝⠄&lt;/row&gt;
          &lt;row&gt;⠀&lt;/row&gt;
          &lt;row&gt;⠠⠎⠀⠊⠀⠅⠀⠎⠀⠊⠀⠀⠀⠑⠀⠞⠀⠎⠀⠊⠀⠧⠀⠜⠀⠤&lt;/row&gt;
          &lt;row&gt;⠀&lt;/row&gt;
          &lt;row&gt;⠞⠀⠕⠀⠊⠀⠍⠀⠊⠀⠎⠀⠞⠀⠕⠀⠁&lt;/row&gt;
          &lt;row&gt;⠀&lt;/row&gt;
          &lt;row&gt;⠑⠀⠊⠀⠀⠀⠧⠀⠕⠀⠊⠀⠝⠀⠥⠀⠞&lt;/row&gt;
          &lt;row&gt;⠀&lt;/row&gt;
          &lt;row&gt;⠊⠀⠅⠀⠊⠀⠝⠀⠜⠀⠀⠀⠎⠀⠥⠀⠇⠀⠅⠀⠑⠀⠁⠄&lt;/row&gt;
          &lt;row&gt;⠀&lt;/row&gt;
          &lt;row&gt;⠤⠀⠀⠀⠠⠎⠀⠜⠀⠜⠀⠎⠀⠞⠀⠜⠀⠅⠀⠜⠀⠜&lt;/row&gt;
          &lt;row/&gt;
        &lt;/page&gt;
        &lt;page&gt;
          &lt;row&gt;⠀⠀⠀⠀⠀⠀⠀⠀⠀⠀⠀⠀⠀⠀⠀⠀⠀⠀⠀⠀⠀⠀⠀⠀⠀⠀⠼⠃⠉⠙&lt;/row&gt;
          &lt;row&gt;⠅⠀⠁⠀⠗⠀⠅⠀⠅⠀⠊⠀⠁&lt;/row&gt;
          &lt;row&gt;⠀&lt;/row&gt;
          &lt;row&gt;⠍⠀⠊⠀⠝⠀⠥⠀⠇⠀⠇⠀⠑⠀⠅⠀⠊⠀⠝⠲&lt;/row&gt;
          &lt;row&gt;⠀&lt;/row&gt;
          &lt;row&gt;⠠⠑⠀⠍⠀⠊⠀⠇⠀⠀⠀⠓⠀⠥⠀⠥⠀⠎⠀⠊&lt;/row&gt;
          &lt;row&gt;⠀&lt;/row&gt;
          &lt;row&gt;⠕⠀⠧⠀⠑⠀⠝⠀⠎⠀⠥⠀⠥⠀⠎⠀⠞⠀⠁&lt;/row&gt;
          &lt;row&gt;⠀&lt;/row&gt;
          &lt;row&gt;⠑⠀⠝⠀⠝⠀⠑⠀⠝⠀⠀⠀⠅⠀⠥⠀⠊⠀⠝&lt;/row&gt;
          &lt;row&gt;⠀&lt;/row&gt;
          &lt;row&gt;⠍⠀⠑⠀⠝⠀⠊⠀⠀⠀⠥⠀⠇⠀⠕⠀⠎⠄&lt;/row&gt;
          &lt;row&gt;⠀&lt;/row&gt;
          &lt;row&gt;⠤⠀⠀⠀⠠⠎⠀⠊⠀⠝⠀⠜⠀⠀⠀⠎⠀⠁⠀⠁⠀⠞&lt;/row&gt;
          &lt;row&gt;⠀&lt;/row&gt;
          &lt;row&gt;⠅⠀⠁⠀⠊⠀⠅⠀⠅⠀⠊&lt;/row&gt;
          &lt;row&gt;⠀&lt;/row&gt;
          &lt;row&gt;⠏⠀⠁⠀⠓⠀⠁⠀⠝⠀⠍⠀⠁⠀⠅⠀⠥⠀⠊⠀⠎⠀⠑⠀⠞⠲&lt;/row&gt;
          &lt;row&gt;⠀&lt;/row&gt;
          &lt;row&gt;⠠⠇⠀⠊⠀⠝⠀⠙⠀⠁⠀⠀⠀⠓⠀⠊⠀⠓⠀⠅⠀⠥⠀⠊⠄&lt;/row&gt;
          &lt;row&gt;⠀&lt;/row&gt;
          &lt;row&gt;⠤⠀⠀⠀⠠⠇⠀⠊⠀⠝⠀⠙⠀⠁⠀⠀⠀⠑⠀⠊⠀⠀⠀⠎⠀⠁⠀⠁&lt;/row&gt;
          &lt;row&gt;⠀&lt;/row&gt;
          &lt;row&gt;⠅⠀⠕⠀⠎⠀⠅⠀⠑⠀⠁&lt;/row&gt;
          &lt;row&gt;⠀&lt;/row&gt;
          &lt;row&gt;⠅⠀⠁⠀⠗⠀⠅⠀⠅⠀⠑⠀⠊⠀⠓⠀⠊⠀⠝&lt;/row&gt;
          &lt;row/&gt;
        &lt;/page&gt;
        &lt;page&gt;
          &lt;row&gt;⠀⠀⠀⠀⠀⠀⠀⠀⠀⠀⠀⠀⠀⠀⠀⠀⠀⠀⠀⠀⠀⠀⠀⠀⠀⠀⠼⠃⠉⠑&lt;/row&gt;
          &lt;row&gt;⠑⠀⠝⠀⠝⠀⠑⠀⠝⠀⠀⠀⠅⠀⠥⠀⠊⠀⠝&lt;/row&gt;
          &lt;row&gt;⠀&lt;/row&gt;
          &lt;row&gt;⠏⠀⠁⠀⠇⠀⠁⠀⠁⠀⠞⠂⠀⠀⠀⠜⠀⠊⠀⠞⠀⠊&lt;/row&gt;
          &lt;row&gt;⠀&lt;/row&gt;
          &lt;row&gt;⠧⠀⠁⠀⠅⠀⠥⠀⠥⠀⠞⠀⠞⠀⠊⠄&lt;/row&gt;
          &lt;row&gt;⠀&lt;/row&gt;
          &lt;row&gt;⠀&lt;/row&gt;
          &lt;row&gt;⠠⠅⠀⠜⠀⠧⠀⠑⠀⠇⠀⠽⠀⠇⠀⠇⠀⠜&lt;/row&gt;
          &lt;row&gt;⠀&lt;/row&gt;
          &lt;row&gt;⠠⠑⠀⠍⠀⠊⠀⠇⠀⠀⠀⠅⠀⠥⠀⠗⠀⠅⠀⠊⠀⠎⠀⠞⠀⠊&lt;/row&gt;
          &lt;row&gt;⠀&lt;/row&gt;
          &lt;row&gt;⠠⠥⠀⠃⠀⠃⠀⠑⠀⠝⠀⠀⠀⠞⠀⠁⠀⠇⠀⠕⠀⠝&lt;/row&gt;
          &lt;row&gt;⠀&lt;/row&gt;
          &lt;row&gt;⠊⠀⠅⠀⠅⠀⠥⠀⠝⠀⠁⠀⠎⠀⠞⠀⠁&lt;/row&gt;
          &lt;row&gt;⠀&lt;/row&gt;
          &lt;row&gt;⠎⠀⠊⠀⠎⠀⠜⠀⠜⠀⠝⠄⠀⠀⠀⠠⠎⠀⠊⠀⠑⠀⠇⠀⠇⠀⠜&lt;/row&gt;
          &lt;row&gt;⠀&lt;/row&gt;
          &lt;row&gt;⠝⠀⠑⠀⠇⠀⠚⠀⠜⠀⠀⠀⠇⠀⠁⠀⠎⠀⠞⠀⠁&lt;/row&gt;
          &lt;row&gt;⠀&lt;/row&gt;
          &lt;row&gt;⠊⠀⠎⠀⠞⠀⠥⠀⠊⠀⠀⠀⠏⠀⠪⠀⠽⠀⠙⠀⠜⠀⠝&lt;/row&gt;
          &lt;row&gt;⠀&lt;/row&gt;
          &lt;row&gt;⠜⠀⠜⠀⠗⠀⠑⠀⠎⠀⠎⠀⠜&lt;/row&gt;
          &lt;row&gt;⠀&lt;/row&gt;
          &lt;row&gt;⠑⠀⠙⠀⠑⠀⠎⠀⠎⠀⠜⠀⠜⠀⠝⠀⠀⠀⠏⠀⠊⠀⠑⠀⠝⠀⠊&lt;/row&gt;
          &lt;row&gt;⠀&lt;/row&gt;
          &lt;row&gt;⠇⠀⠊⠀⠍⠀⠕⠀⠝⠀⠁⠀⠙⠀⠊⠀⠏⠀⠥⠀⠇⠀⠇⠀⠕&lt;/row&gt;
        &lt;/page&gt;
        &lt;page&gt;
          &lt;row&gt;⠀⠀⠀⠀⠀⠀⠀⠀⠀⠀⠀⠀⠀⠀⠀⠀⠀⠀⠀⠀⠀⠀⠀⠀⠀⠀⠼⠃⠉⠋&lt;/row&gt;
          &lt;row&gt;⠚⠀⠁⠀⠀⠀⠧⠀⠁⠀⠙⠀⠊⠀⠇⠀⠇⠀⠊⠀⠝⠀⠑⠀⠝&lt;/row&gt;
          &lt;row&gt;⠀&lt;/row&gt;
          &lt;row&gt;⠏⠀⠁⠀⠊⠀⠎⠀⠞⠀⠑⠀⠞⠀⠞⠀⠥⠀⠚⠀⠁&lt;/row&gt;
          &lt;row&gt;⠀&lt;/row&gt;
          &lt;row&gt;⠏⠀⠑⠀⠗⠀⠥⠀⠝⠀⠕⠀⠊⠀⠞⠀⠁⠄&lt;/row&gt;
          &lt;row&gt;⠀&lt;/row&gt;
          &lt;row&gt;⠠⠞⠀⠕⠀⠊⠀⠎⠀⠑⠀⠞⠀⠀⠀⠎⠀⠁⠀⠊⠀⠧⠀⠁⠀⠞&lt;/row&gt;
          &lt;row&gt;⠀&lt;/row&gt;
          &lt;row&gt;⠏⠀⠑⠀⠗⠀⠚⠀⠁⠀⠝⠀⠞⠀⠁⠀⠊⠀⠝⠀⠁&lt;/row&gt;
          &lt;row&gt;⠀&lt;/row&gt;
          &lt;row&gt;⠅⠀⠁⠀⠗⠀⠅⠀⠅⠀⠊⠀⠁⠂⠀⠀⠀⠞⠀⠕⠀⠊⠀⠎⠀⠑⠀⠞&lt;/row&gt;
          &lt;row&gt;⠀&lt;/row&gt;
          &lt;row&gt;⠚⠀⠕⠀⠥⠀⠞⠀⠥⠀⠊⠀⠧⠀⠁⠀⠞&lt;/row&gt;
          &lt;row&gt;⠀&lt;/row&gt;
          &lt;row&gt;⠞⠀⠽⠀⠽⠀⠞⠀⠽⠀⠍⠀⠜⠀⠜⠀⠝&lt;/row&gt;
          &lt;row&gt;⠀&lt;/row&gt;
          &lt;row&gt;⠏⠀⠁⠀⠇⠀⠚⠀⠕⠀⠝&lt;/row&gt;
          &lt;row&gt;⠀&lt;/row&gt;
          &lt;row&gt;⠧⠀⠜⠀⠓⠀⠑⠀⠍⠀⠏⠀⠜⠀⠜⠀⠝⠂&lt;/row&gt;
          &lt;row&gt;⠀&lt;/row&gt;
          &lt;row&gt;⠠⠑⠀⠍⠀⠊⠀⠇⠀⠀⠀⠁⠀⠚⠀⠁⠀⠞⠀⠞⠀⠑⠀⠇⠀⠊⠄&lt;/row&gt;
          &lt;row&gt;⠀&lt;/row&gt;
          &lt;row&gt;⠠⠥⠀⠃⠀⠃⠀⠑⠀⠝⠀⠀⠀⠏⠀⠑⠀⠗⠀⠓⠀⠑⠀⠑⠀⠝&lt;/row&gt;
          &lt;row&gt;⠀&lt;/row&gt;
          &lt;row&gt;⠚⠀⠕⠀⠥⠀⠇⠀⠥⠀⠎⠀⠞⠀⠁&lt;/row&gt;
          &lt;row/&gt;
        &lt;/page&gt;
        &lt;page&gt;
          &lt;row&gt;⠀⠀⠀⠀⠀⠀⠀⠀⠀⠀⠀⠀⠀⠀⠀⠀⠀⠀⠀⠀⠀⠀⠀⠀⠀⠀⠼⠃⠉⠛&lt;/row&gt;
          &lt;row&gt;⠞⠀⠥⠀⠇⠀⠊⠀⠎⠀⠊⠀⠀⠀⠅⠀⠁⠀⠥⠀⠓⠀⠑⠀⠁⠀⠝&lt;/row&gt;
          &lt;row&gt;⠀&lt;/row&gt;
          &lt;row&gt;⠅⠀⠥⠀⠗⠀⠚⠀⠁⠂⠀⠀⠀⠑⠀⠇⠀⠇⠀⠑⠀⠊&lt;/row&gt;
          &lt;row&gt;⠀&lt;/row&gt;
          &lt;row&gt;⠠⠥⠀⠃⠀⠃⠀⠑⠀⠝⠀⠀⠀⠜⠀⠊⠀⠞⠀⠊&lt;/row&gt;
          &lt;row&gt;⠀&lt;/row&gt;
          &lt;row&gt;⠎⠀⠁⠀⠊⠀⠎⠀⠊⠀⠀⠀⠗⠀⠁⠀⠓⠀⠕⠀⠚⠀⠁⠀⠁⠀⠝&lt;/row&gt;
          &lt;row&gt;⠀&lt;/row&gt;
          &lt;row&gt;⠞⠀⠁⠀⠅⠀⠁⠀⠊⠀⠎⠀⠊⠀⠝⠄&lt;/row&gt;
        &lt;/page&gt;
      &lt;/section&gt;
    &lt;/volume&gt;
    &lt;volume cols="30" rows="27" rowgap="0" duplex="false"&gt;
      &lt;section&gt;
        &lt;page&gt;
          &lt;row&gt;⠀⠀⠀⠀⠀⠀⠀⠀⠀⠀⠀⠀⠀⠀⠀⠀⠀⠀⠀⠀⠀⠀⠀⠀⠀⠀⠼⠃⠉⠓&lt;/row&gt;
          &lt;row&gt;⠼⠊⠄⠀⠀⠀⠠⠇⠀⠥⠀⠅⠀⠥&lt;/row&gt;
          &lt;row&gt;⠀&lt;/row&gt;
          &lt;row&gt;⠀&lt;/row&gt;
          &lt;row&gt;⠠⠇⠀⠁⠀⠥⠀⠁⠀⠝⠀⠞⠀⠁⠀⠊⠀⠝⠀⠁⠀⠀⠀⠕⠀⠇⠀⠊&lt;/row&gt;
          &lt;row&gt;⠀&lt;/row&gt;
          &lt;row&gt;⠕⠀⠇⠀⠇⠀⠥⠀⠞&lt;/row&gt;
          &lt;row&gt;⠀&lt;/row&gt;
          &lt;row&gt;⠧⠀⠁⠀⠇⠀⠞⠀⠁⠀⠧⠀⠁⠀⠎⠀⠞⠀⠊&lt;/row&gt;
          &lt;row&gt;⠀&lt;/row&gt;
          &lt;row&gt;⠞⠀⠕⠀⠥⠀⠓⠀⠥⠀⠁⠂⠀⠀⠀⠚⠀⠁&lt;/row&gt;
          &lt;row&gt;⠀&lt;/row&gt;
          &lt;row&gt;⠧⠀⠁⠀⠎⠀⠞⠀⠁⠀⠀⠀⠊⠀⠇⠀⠇⠀⠁⠀⠇⠀⠇⠀⠁&lt;/row&gt;
          &lt;row&gt;⠀&lt;/row&gt;
          &lt;row&gt;⠠⠑⠀⠍⠀⠊⠀⠇⠀⠀⠀⠎⠀⠁⠀⠁⠀⠞⠀⠞⠀⠕⠀⠊&lt;/row&gt;
          &lt;row&gt;⠀&lt;/row&gt;
          &lt;row&gt;⠚⠀⠁⠀⠞⠀⠅⠀⠁⠀⠁&lt;/row&gt;
          &lt;row&gt;⠀&lt;/row&gt;
          &lt;row&gt;⠑⠀⠞⠀⠎⠀⠊⠀⠧⠀⠜⠀⠝⠀⠞⠀⠽⠀⠪⠀⠞⠀⠜⠄&lt;/row&gt;
          &lt;row&gt;⠀&lt;/row&gt;
          &lt;row&gt;⠠⠓⠀⠜⠀⠝⠀⠀⠀⠅⠀⠕⠀⠏⠀⠥⠀⠞⠀⠞⠀⠊&lt;/row&gt;
          &lt;row&gt;⠀&lt;/row&gt;
          &lt;row&gt;⠠⠥⠀⠃⠀⠃⠀⠑⠀⠝⠀⠀⠀⠊⠀⠅⠀⠅⠀⠥⠀⠝⠀⠁⠀⠁⠀⠝&lt;/row&gt;
          &lt;row&gt;⠀&lt;/row&gt;
          &lt;row&gt;⠚⠀⠁⠀⠀⠀⠧⠀⠊⠀⠊⠀⠞⠀⠞⠀⠕⠀⠊&lt;/row&gt;
          &lt;row&gt;⠀&lt;/row&gt;
          &lt;row&gt;⠅⠀⠜⠀⠙⠀⠑⠀⠇⠀⠇⠀⠜⠀⠜⠀⠝⠄&lt;/row&gt;
        &lt;/page&gt;
        &lt;page&gt;
          &lt;row&gt;⠀⠀⠀⠀⠀⠀⠀⠀⠀⠀⠀⠀⠀⠀⠀⠀⠀⠀⠀⠀⠀⠀⠀⠀⠀⠀⠼⠃⠉⠊&lt;/row&gt;
          &lt;row&gt;⠠⠓⠀⠥⠀⠚⠀⠁⠀⠥⠀⠅⠀⠎⠀⠑⠀⠎⠀⠎⠀⠁&lt;/row&gt;
          &lt;row&gt;⠀&lt;/row&gt;
          &lt;row&gt;⠠⠥⠀⠃⠀⠃⠀⠑⠀⠇⠀⠇⠀⠁⠀⠀⠀⠕⠀⠇⠀⠊&lt;/row&gt;
          &lt;row&gt;⠀&lt;/row&gt;
          &lt;row&gt;⠞⠀⠁⠀⠅⠀⠅⠀⠊⠀⠀⠀⠏⠀⠜⠀⠜⠀⠇⠀⠇⠀⠜&lt;/row&gt;
          &lt;row&gt;⠀&lt;/row&gt;
          &lt;row&gt;⠚⠀⠁⠀⠀⠀⠏⠀⠊⠀⠏⠀⠕⠀⠀⠀⠏⠀⠜⠀⠜⠀⠎⠀⠎⠀⠜&lt;/row&gt;
          &lt;row&gt;⠀&lt;/row&gt;
          &lt;row&gt;⠚⠀⠁⠀⠀⠀⠓⠀⠜⠀⠝⠀⠀⠀⠕⠀⠇⠀⠊&lt;/row&gt;
          &lt;row&gt;⠀&lt;/row&gt;
          &lt;row&gt;⠥⠀⠇⠀⠅⠀⠕⠀⠝⠀⠁⠀⠀⠀⠅⠀⠁⠀⠙⠀⠥⠀⠇⠀⠇⠀⠁⠄&lt;/row&gt;
          &lt;row&gt;⠀&lt;/row&gt;
          &lt;row&gt;⠀&lt;/row&gt;
          &lt;row&gt;⠤⠀⠀⠀⠠⠍⠀⠑⠀⠊⠀⠙⠀⠜⠀⠝⠀⠀⠀⠕⠀⠝&lt;/row&gt;
          &lt;row&gt;⠀&lt;/row&gt;
          &lt;row&gt;⠍⠀⠑⠀⠝⠀⠞⠀⠜⠀⠧⠀⠜⠀⠀⠀⠠⠓⠀⠪⠀⠏⠀⠎⠀⠪⠀⠤&lt;/row&gt;
          &lt;row&gt;⠀&lt;/row&gt;
          &lt;row&gt;⠠⠓⠀⠊⠀⠇⠀⠙⠀⠁⠀⠝⠀⠀⠀⠇⠀⠥⠀⠕⠀⠅⠀⠎⠀⠑⠂&lt;/row&gt;
          &lt;row&gt;⠀&lt;/row&gt;
          &lt;row&gt;⠧⠀⠁⠀⠊⠀⠝⠀⠀⠀⠓⠀⠜⠀⠝⠀⠑⠀⠝&lt;/row&gt;
          &lt;row&gt;⠀&lt;/row&gt;
          &lt;row&gt;⠎⠀⠕⠀⠗⠀⠍⠀⠑⠀⠝⠀⠚⠀⠜⠀⠇⠀⠅⠀⠑⠀⠝⠀⠎⠀⠜&lt;/row&gt;
          &lt;row&gt;⠀&lt;/row&gt;
          &lt;row&gt;⠏⠀⠥⠀⠥⠀⠞⠀⠞⠀⠥⠀⠧⠀⠁⠀⠞⠂&lt;/row&gt;
          &lt;row&gt;⠀&lt;/row&gt;
          &lt;row&gt;⠠⠑⠀⠍⠀⠊⠀⠇⠀⠀⠀⠎⠀⠁⠀⠝⠀⠕⠀⠊&lt;/row&gt;
        &lt;/page&gt;
        &lt;page&gt;
          &lt;row&gt;⠀⠀⠀⠀⠀⠀⠀⠀⠀⠀⠀⠀⠀⠀⠀⠀⠀⠀⠀⠀⠀⠀⠀⠀⠀⠀⠼⠃⠙⠚&lt;/row&gt;
          &lt;row&gt;⠚⠀⠁⠀⠀⠀⠏⠀⠽⠀⠽⠀⠙⠀⠽⠀⠎⠀⠞⠀⠊&lt;/row&gt;
          &lt;row&gt;⠀&lt;/row&gt;
          &lt;row&gt;⠇⠀⠥⠀⠍⠀⠊⠀⠓⠀⠊⠀⠥⠀⠞⠀⠁⠀⠇⠀⠑⠀⠑⠀⠝&lt;/row&gt;
          &lt;row&gt;⠀&lt;/row&gt;
          &lt;row&gt;⠅⠀⠜⠀⠙⠀⠑⠀⠇⠀⠇⠀⠑⠀⠑⠀⠝⠄&lt;/row&gt;
          &lt;row&gt;⠀&lt;/row&gt;
          &lt;row&gt;⠀&lt;/row&gt;
          &lt;row&gt;⠠⠧⠀⠊⠀⠊⠀⠍⠀⠑⠀⠊⠀⠝⠀⠅⠀⠊⠀⠝&lt;/row&gt;
          &lt;row&gt;⠀&lt;/row&gt;
          &lt;row&gt;⠎⠀⠁⠀⠞⠀⠕⠀⠊⠀⠀⠀⠇⠀⠥⠀⠝⠀⠞⠀⠁⠲&lt;/row&gt;
          &lt;row&gt;⠀&lt;/row&gt;
          &lt;row&gt;⠀&lt;/row&gt;
          &lt;row&gt;⠠⠓⠀⠊⠀⠇⠀⠙⠀⠁⠀⠀⠀⠠⠍⠀⠕⠀⠇⠀⠊⠀⠝&lt;/row&gt;
          &lt;row&gt;⠀&lt;/row&gt;
          &lt;row&gt;⠁⠀⠎⠀⠥⠀⠊&lt;/row&gt;
          &lt;row&gt;⠀&lt;/row&gt;
          &lt;row&gt;⠠⠅⠀⠁⠀⠗⠀⠓⠀⠥⠀⠅⠀⠥⠀⠚⠀⠁⠀⠇⠀⠇⠀⠁⠄&lt;/row&gt;
          &lt;row&gt;⠀&lt;/row&gt;
          &lt;row&gt;⠠⠑⠀⠍⠀⠊⠀⠇⠀⠀⠀⠕⠀⠇⠀⠊&lt;/row&gt;
          &lt;row&gt;⠀&lt;/row&gt;
          &lt;row&gt;⠅⠀⠁⠀⠞⠀⠎⠀⠕⠀⠝⠀⠥⠀⠞&lt;/row&gt;
          &lt;row&gt;⠀&lt;/row&gt;
          &lt;row&gt;⠕⠀⠎⠀⠕⠀⠊⠀⠞⠀⠞⠀⠑⠀⠑⠀⠝&lt;/row&gt;
          &lt;row&gt;⠀&lt;/row&gt;
          &lt;row&gt;⠝⠀⠑⠀⠞⠀⠊⠀⠎⠀⠞⠀⠜⠄&lt;/row&gt;
          &lt;row/&gt;
        &lt;/page&gt;
        &lt;page&gt;
          &lt;row&gt;⠀⠀⠀⠀⠀⠀⠀⠀⠀⠀⠀⠀⠀⠀⠀⠀⠀⠀⠀⠀⠀⠀⠀⠀⠀⠀⠼⠃⠙⠁&lt;/row&gt;
          &lt;row&gt;⠠⠺⠀⠁⠀⠇⠀⠇⠀⠿⠀⠗⠀⠊⠀⠝⠀⠤&lt;/row&gt;
          &lt;row&gt;⠀&lt;/row&gt;
          &lt;row&gt;⠁⠀⠥⠀⠅⠀⠊⠀⠕⠀⠇⠀⠇⠀⠁⠀⠀⠀⠕⠀⠇⠀⠊&lt;/row&gt;
          &lt;row&gt;⠀&lt;/row&gt;
          &lt;row&gt;⠠⠎⠀⠊⠀⠇⠀⠊⠀⠞⠀⠽⠀⠎⠀⠗⠀⠁⠀⠥⠀⠞⠀⠁⠀⠤&lt;/row&gt;
          &lt;row&gt;⠀&lt;/row&gt;
          &lt;row&gt;⠝⠀⠊⠀⠍⠀⠊⠀⠝⠀⠑⠀⠝⠀⠀⠀⠞⠀⠁⠀⠇⠀⠕⠂&lt;/row&gt;
          &lt;row&gt;⠀&lt;/row&gt;
          &lt;row&gt;⠚⠀⠕⠀⠎⠀⠞⠀⠁⠀⠀⠀⠎⠀⠁⠀⠊&lt;/row&gt;
          &lt;row&gt;⠀&lt;/row&gt;
          &lt;row&gt;⠏⠀⠁⠀⠝⠀⠝⠀⠥⠀⠅⠀⠁⠀⠅⠀⠅⠀⠥⠀⠁⠄&lt;/row&gt;
          &lt;row&gt;⠀&lt;/row&gt;
          &lt;row&gt;⠀&lt;/row&gt;
          &lt;row&gt;⠀&lt;/row&gt;
          &lt;row&gt;⠠⠞⠀⠥⠀⠕⠀⠅⠀⠎⠀⠥⠀⠀⠀⠕⠀⠇⠀⠊&lt;/row&gt;
          &lt;row&gt;⠀&lt;/row&gt;
          &lt;row&gt;⠁⠀⠊⠀⠧⠀⠁⠀⠝⠀⠀⠀⠊⠀⠓⠀⠁⠀⠝⠀⠁⠂&lt;/row&gt;
          &lt;row&gt;⠀&lt;/row&gt;
          &lt;row&gt;⠍⠀⠥⠀⠞⠀⠞⠀⠁⠀⠀⠀⠏⠀⠕⠀⠚⠀⠁⠀⠞&lt;/row&gt;
          &lt;row&gt;⠀&lt;/row&gt;
          &lt;row&gt;⠅⠀⠊⠀⠊⠀⠗⠀⠥⠀⠓⠀⠞⠀⠊⠀⠧⠀⠁⠀⠞&lt;/row&gt;
          &lt;row&gt;⠀&lt;/row&gt;
          &lt;row&gt;⠑⠀⠞⠀⠑⠀⠑⠀⠝⠀⠏⠀⠜⠀⠊⠀⠝⠀⠀⠀⠚⠀⠁&lt;/row&gt;
          &lt;row&gt;⠀&lt;/row&gt;
          &lt;row&gt;⠅⠀⠜⠀⠜⠀⠝⠀⠞⠀⠽⠀⠊⠀⠧⠀⠜⠀⠞&lt;/row&gt;
          &lt;row/&gt;
        &lt;/page&gt;
        &lt;page&gt;
          &lt;row&gt;⠀⠀⠀⠀⠀⠀⠀⠀⠀⠀⠀⠀⠀⠀⠀⠀⠀⠀⠀⠀⠀⠀⠀⠀⠀⠀⠼⠃⠙⠃&lt;/row&gt;
          &lt;row&gt;⠠⠇⠀⠑⠀⠏⠀⠕⠀⠤&lt;/row&gt;
          &lt;row&gt;⠀&lt;/row&gt;
          &lt;row&gt;⠅⠀⠑⠀⠇⠀⠇⠀⠕⠀⠝⠀⠅⠀⠥⠀⠚⠀⠁⠀⠇⠀⠇⠀⠑⠂&lt;/row&gt;
          &lt;row&gt;⠀&lt;/row&gt;
          &lt;row&gt;⠚⠀⠕⠀⠇⠀⠇⠀⠁⠀⠀⠀⠠⠓⠀⠊⠀⠇⠀⠙⠀⠁&lt;/row&gt;
          &lt;row&gt;⠀&lt;/row&gt;
          &lt;row&gt;⠁⠀⠎⠀⠥⠀⠊⠄⠀⠀⠀⠠⠑⠀⠍⠀⠊⠀⠇&lt;/row&gt;
          &lt;row&gt;⠀&lt;/row&gt;
          &lt;row&gt;⠅⠀⠕⠀⠅⠀⠑⠀⠊⠀⠇⠀⠊⠀⠀⠀⠕⠀⠧⠀⠑⠀⠁⠄&lt;/row&gt;
          &lt;row&gt;⠀&lt;/row&gt;
          &lt;row&gt;⠠⠎⠀⠑⠀⠀⠀⠕⠀⠇⠀⠊&lt;/row&gt;
          &lt;row&gt;⠀&lt;/row&gt;
          &lt;row&gt;⠇⠀⠥⠀⠅⠀⠕⠀⠎⠀⠎⠀⠁⠂⠀⠀⠀⠑⠀⠊⠀⠅⠀⠜&lt;/row&gt;
          &lt;row&gt;⠀&lt;/row&gt;
          &lt;row&gt;⠕⠀⠧⠀⠊⠀⠅⠀⠑⠀⠇⠀⠇⠀⠕⠀⠁&lt;/row&gt;
          &lt;row&gt;⠀&lt;/row&gt;
          &lt;row&gt;⠕⠀⠇⠀⠇⠀⠥⠀⠞⠄⠀⠀⠀⠠⠏⠀⠥⠀⠥⠀⠕⠀⠧⠀⠊&lt;/row&gt;
          &lt;row&gt;⠀&lt;/row&gt;
          &lt;row&gt;⠕⠀⠇⠀⠊⠀⠀⠀⠝⠀⠊⠀⠊⠀⠝&lt;/row&gt;
          &lt;row&gt;⠀&lt;/row&gt;
          &lt;row&gt;⠚⠀⠽⠀⠅⠀⠑⠀⠧⠀⠜⠂⠀⠀⠀⠑⠀⠞⠀⠞⠀⠜&lt;/row&gt;
          &lt;row&gt;⠀&lt;/row&gt;
          &lt;row&gt;⠅⠀⠕⠀⠏⠀⠥⠀⠞⠀⠥⠀⠎⠀⠀⠀⠞⠀⠥⠀⠎⠀⠅⠀⠊⠀⠝&lt;/row&gt;
          &lt;row&gt;⠀&lt;/row&gt;
          &lt;row&gt;⠅⠀⠥⠀⠥⠀⠇⠀⠥⠀⠊⠄&lt;/row&gt;
          &lt;row/&gt;
        &lt;/page&gt;
        &lt;page&gt;
          &lt;row&gt;⠀⠀⠀⠀⠀⠀⠀⠀⠀⠀⠀⠀⠀⠀⠀⠀⠀⠀⠀⠀⠀⠀⠀⠀⠀⠀⠼⠃⠙⠉&lt;/row&gt;
          &lt;row&gt;⠠⠍⠀⠥⠀⠞⠀⠞⠀⠁⠀⠀⠀⠽⠀⠓⠀⠞⠀⠜⠀⠅⠀⠅⠀⠊⠀⠜&lt;/row&gt;
          &lt;row&gt;⠀&lt;/row&gt;
          &lt;row&gt;⠊⠀⠅⠀⠅⠀⠥⠀⠝⠀⠁⠀⠀⠀⠁⠀⠥⠀⠅⠀⠑⠀⠝⠀⠊&lt;/row&gt;
          &lt;row&gt;⠀&lt;/row&gt;
          &lt;row&gt;⠚⠀⠁⠀⠀⠀⠠⠓⠀⠊⠀⠇⠀⠙⠀⠁&lt;/row&gt;
          &lt;row&gt;⠀&lt;/row&gt;
          &lt;row&gt;⠅⠀⠥⠀⠗⠀⠅⠀⠊⠀⠎⠀⠞⠀⠊⠀⠀⠀⠥⠀⠇⠀⠕⠀⠎⠄&lt;/row&gt;
          &lt;row&gt;⠀&lt;/row&gt;
          &lt;row&gt;⠀&lt;/row&gt;
          &lt;row&gt;⠤⠀⠀⠀⠠⠁⠀⠧⠀⠁⠀⠊⠀⠝⠀⠀⠀⠕⠀⠝&lt;/row&gt;
          &lt;row&gt;⠀&lt;/row&gt;
          &lt;row&gt;⠅⠀⠽⠀⠝⠀⠝⠀⠽⠀⠎⠀⠍⠀⠁⠀⠞⠀⠕⠀⠝&lt;/row&gt;
          &lt;row&gt;⠀&lt;/row&gt;
          &lt;row&gt;⠁⠀⠇⠀⠇⠀⠁⠂⠀⠀⠀⠠⠓⠀⠊⠀⠇⠀⠙⠀⠁&lt;/row&gt;
          &lt;row&gt;⠀&lt;/row&gt;
          &lt;row&gt;⠓⠀⠥⠀⠥⠀⠎⠀⠊⠄&lt;/row&gt;
          &lt;row&gt;⠀&lt;/row&gt;
          &lt;row&gt;⠀&lt;/row&gt;
          &lt;row&gt;⠤⠀⠀⠀⠠⠞⠀⠥⠀⠇⠀⠅⠀⠁⠀⠁&lt;/row&gt;
          &lt;row&gt;⠀&lt;/row&gt;
          &lt;row&gt;⠎⠀⠊⠀⠎⠀⠜⠀⠜⠀⠝⠄&lt;/row&gt;
          &lt;row&gt;⠀&lt;/row&gt;
          &lt;row&gt;⠀&lt;/row&gt;
          &lt;row&gt;⠠⠓⠀⠑⠀⠀⠀⠁⠀⠧⠀⠁⠀⠎⠀⠊⠀⠧⠀⠁⠀⠞&lt;/row&gt;
          &lt;row&gt;⠀&lt;/row&gt;
          &lt;row&gt;⠕⠀⠧⠀⠑⠀⠝⠀⠀⠀⠚⠀⠁&lt;/row&gt;
        &lt;/page&gt;
        &lt;page&gt;
          &lt;row&gt;⠀⠀⠀⠀⠀⠀⠀⠀⠀⠀⠀⠀⠀⠀⠀⠀⠀⠀⠀⠀⠀⠀⠀⠀⠀⠀⠼⠃⠙⠙&lt;/row&gt;
          &lt;row&gt;⠁⠀⠎⠀⠞⠀⠥⠀⠊⠀⠧⠀⠁⠀⠞⠀⠀⠀⠊⠀⠎⠀⠕⠀⠕⠀⠝&lt;/row&gt;
          &lt;row&gt;⠀&lt;/row&gt;
          &lt;row&gt;⠧⠀⠁⠀⠇⠀⠅⠀⠑⠀⠁⠀⠁⠀⠝&lt;/row&gt;
          &lt;row&gt;⠀&lt;/row&gt;
          &lt;row&gt;⠑⠀⠞⠀⠑⠀⠊⠀⠎⠀⠑⠀⠑⠀⠝⠂⠀⠀⠀⠚⠀⠕⠀⠎⠀⠞⠀⠁&lt;/row&gt;
          &lt;row&gt;⠀&lt;/row&gt;
          &lt;row&gt;⠍⠀⠑⠀⠝⠀⠊⠀⠀⠀⠇⠀⠑⠀⠧⠀⠑⠀⠜⠀⠞&lt;/row&gt;
          &lt;row&gt;⠀&lt;/row&gt;
          &lt;row&gt;⠏⠀⠕⠀⠗⠀⠞⠀⠁⠀⠁⠀⠞&lt;/row&gt;
          &lt;row&gt;⠀&lt;/row&gt;
          &lt;row&gt;⠽⠀⠇⠀⠜⠀⠅⠀⠑⠀⠗⠀⠞⠀⠁⠀⠁⠀⠝⠄&lt;/row&gt;
          &lt;row&gt;⠀&lt;/row&gt;
          &lt;row&gt;⠠⠓⠀⠊⠀⠇⠀⠙⠀⠁⠀⠀⠀⠎⠀⠑⠀⠊⠀⠎⠀⠕⠀⠊&lt;/row&gt;
          &lt;row&gt;⠀&lt;/row&gt;
          &lt;row&gt;⠽⠀⠇⠀⠜⠀⠅⠀⠑⠀⠗⠀⠗⠀⠁⠀⠎⠀⠎⠀⠁&lt;/row&gt;
          &lt;row&gt;⠀&lt;/row&gt;
          &lt;row&gt;⠓⠀⠑⠀⠇⠀⠇⠀⠁⠀⠝⠀⠀⠀⠜⠀⠜⠀⠗⠀⠑⠀⠎⠀⠎⠀⠜⠄&lt;/row&gt;
          &lt;row&gt;⠀&lt;/row&gt;
          &lt;row&gt;⠀&lt;/row&gt;
          &lt;row&gt;⠤⠀⠀⠀⠠⠞⠀⠥⠀⠇⠀⠅⠀⠁⠀⠁&lt;/row&gt;
          &lt;row&gt;⠀&lt;/row&gt;
          &lt;row&gt;⠞⠀⠜⠀⠝⠀⠝⠀⠑⠂⠀⠀⠀⠝⠀⠊⠀⠊⠀⠝&lt;/row&gt;
          &lt;row&gt;⠀&lt;/row&gt;
          &lt;row&gt;⠎⠀⠁⠀⠁⠀⠞⠀⠞⠀⠑&lt;/row&gt;
          &lt;row&gt;⠀&lt;/row&gt;
          &lt;row&gt;⠏⠀⠁⠀⠝⠀⠝⠀⠥⠀⠅⠀⠁⠀⠅⠀⠅⠀⠥⠀⠁&lt;/row&gt;
        &lt;/page&gt;
        &lt;page&gt;
          &lt;row&gt;⠀⠀⠀⠀⠀⠀⠀⠀⠀⠀⠀⠀⠀⠀⠀⠀⠀⠀⠀⠀⠀⠀⠀⠀⠀⠀⠼⠃⠙⠑&lt;/row&gt;
          &lt;row&gt;⠅⠀⠕⠀⠞⠀⠊⠀⠞⠀⠑⠀⠅⠀⠕⠀⠊⠀⠎⠀⠑⠀⠝&lt;/row&gt;
          &lt;row&gt;⠀&lt;/row&gt;
          &lt;row&gt;⠍⠀⠁⠀⠝⠀⠎⠀⠊⠀⠅⠀⠅⠀⠁⠀⠓⠀⠊⠀⠇⠀⠇⠀⠕⠀⠝&lt;/row&gt;
          &lt;row&gt;⠀&lt;/row&gt;
          &lt;row&gt;⠚⠀⠁⠀⠀⠀⠅⠀⠑⠀⠗⠀⠍⠀⠁⠀⠤&lt;/row&gt;
          &lt;row&gt;⠀&lt;/row&gt;
          &lt;row&gt;⠧⠀⠁⠀⠁⠀⠓⠀⠙⠀⠕⠀⠝&lt;/row&gt;
          &lt;row&gt;⠀&lt;/row&gt;
          &lt;row&gt;⠅⠀⠁⠀⠝⠀⠎⠀⠎⠀⠁⠂⠀⠀⠀⠠⠓⠀⠊⠀⠇⠀⠙⠀⠁&lt;/row&gt;
          &lt;row&gt;⠀&lt;/row&gt;
          &lt;row&gt;⠅⠀⠥⠀⠞⠀⠎⠀⠥⠀⠊⠄&lt;/row&gt;
          &lt;row&gt;⠀&lt;/row&gt;
          &lt;row&gt;⠀&lt;/row&gt;
          &lt;row&gt;⠠⠑⠀⠍⠀⠊⠀⠇⠀⠊⠀⠝⠀⠀⠀⠧⠀⠁⠀⠇⠀⠞⠀⠁⠀⠎⠀⠊&lt;/row&gt;
          &lt;row&gt;⠀&lt;/row&gt;
          &lt;row&gt;⠅⠀⠁⠀⠗⠀⠍⠀⠊⠀⠧⠀⠁⠀⠀⠀⠞⠀⠥⠀⠝⠀⠝⠀⠑⠂&lt;/row&gt;
          &lt;row&gt;⠀&lt;/row&gt;
          &lt;row&gt;⠑⠀⠞⠀⠞⠀⠜⠀⠀⠀⠓⠀⠜⠀⠝⠀⠀⠀⠕⠀⠇⠀⠊&lt;/row&gt;
          &lt;row&gt;⠀&lt;/row&gt;
          &lt;row&gt;⠇⠀⠥⠀⠅⠀⠑⠀⠝⠀⠥⠀⠞⠀⠀⠀⠞⠀⠜⠀⠎⠀⠞⠀⠜&lt;/row&gt;
          &lt;row&gt;⠀&lt;/row&gt;
          &lt;row&gt;⠚⠀⠕⠀⠎⠀⠞⠀⠁⠀⠊⠀⠝⠄&lt;/row&gt;
          &lt;row&gt;⠀&lt;/row&gt;
          &lt;row&gt;⠠⠅⠀⠁⠀⠓⠀⠙⠀⠑⠀⠎⠀⠞⠀⠁&lt;/row&gt;
          &lt;row&gt;⠀&lt;/row&gt;
          &lt;row&gt;⠝⠀⠜⠀⠇⠀⠅⠀⠜⠀⠊⠀⠎⠀⠑⠀⠎⠀⠞⠀⠜&lt;/row&gt;
        &lt;/page&gt;
        &lt;page&gt;
          &lt;row&gt;⠀⠀⠀⠀⠀⠀⠀⠀⠀⠀⠀⠀⠀⠀⠀⠀⠀⠀⠀⠀⠀⠀⠀⠀⠀⠀⠼⠃⠙⠋&lt;/row&gt;
          &lt;row&gt;⠇⠀⠁⠀⠏⠀⠎⠀⠑⠀⠎⠀⠞⠀⠁⠂&lt;/row&gt;
          &lt;row&gt;⠀&lt;/row&gt;
          &lt;row&gt;⠚⠀⠕⠀⠊⠀⠇⠀⠇⠀⠑⠀⠀⠀⠧⠀⠁⠀⠝⠀⠓⠀⠁&lt;/row&gt;
          &lt;row&gt;⠀&lt;/row&gt;
          &lt;row&gt;⠑⠀⠥⠀⠅⠀⠅⠀⠕⠀⠀⠀⠞⠀⠁⠀⠗⠀⠚⠀⠕⠀⠎⠀⠊&lt;/row&gt;
          &lt;row&gt;⠀&lt;/row&gt;
          &lt;row&gt;⠗⠀⠥⠀⠕⠀⠅⠀⠁⠀⠁⠄⠀⠀⠀⠠⠑⠀⠥⠀⠅⠀⠅⠀⠕⠂&lt;/row&gt;
          &lt;row&gt;⠀&lt;/row&gt;
          &lt;row&gt;⠚⠀⠕⠀⠅⠀⠁⠀⠀⠀⠁⠀⠎⠀⠥⠀⠊&lt;/row&gt;
          &lt;row&gt;⠀&lt;/row&gt;
          &lt;row&gt;⠏⠀⠊⠀⠏⠀⠁⠀⠗⠀⠅⠀⠁⠀⠅⠀⠅⠀⠥⠀⠤&lt;/row&gt;
          &lt;row&gt;⠀&lt;/row&gt;
          &lt;row&gt;⠞⠀⠁⠀⠇⠀⠕⠀⠎⠀⠎⠀⠁⠄&lt;/row&gt;
          &lt;row&gt;⠀&lt;/row&gt;
          &lt;row&gt;⠀&lt;/row&gt;
          &lt;row&gt;⠤⠀⠀⠀⠠⠗⠀⠊⠀⠅⠀⠎⠀⠊⠀⠎⠂&lt;/row&gt;
          &lt;row&gt;⠀&lt;/row&gt;
          &lt;row&gt;⠗⠀⠁⠀⠅⠀⠎⠀⠊⠀⠎⠂&lt;/row&gt;
          &lt;row&gt;⠀&lt;/row&gt;
          &lt;row&gt;⠗⠀⠕⠀⠥⠀⠎⠀⠅⠀⠥⠀⠞⠀⠞⠀⠁⠀⠁⠂⠀⠀⠀⠅⠀⠑⠀⠝&lt;/row&gt;
          &lt;row&gt;⠀&lt;/row&gt;
          &lt;row&gt;⠍⠀⠪⠀⠅⠀⠅⠀⠊⠀⠜⠀⠝⠀⠊&lt;/row&gt;
          &lt;row&gt;⠀&lt;/row&gt;
          &lt;row&gt;⠝⠀⠁⠀⠅⠀⠑⠀⠗⠀⠞⠀⠁⠀⠁⠂⠀⠀⠀⠠⠥⠀⠃⠀⠃⠀⠑&lt;/row&gt;
          &lt;row&gt;⠀&lt;/row&gt;
          &lt;row&gt;⠅⠀⠥⠀⠊⠀⠎⠀⠅⠀⠁⠀⠎⠀⠊⠄&lt;/row&gt;
        &lt;/page&gt;
        &lt;page&gt;
          &lt;row&gt;⠀⠀⠀⠀⠀⠀⠀⠀⠀⠀⠀⠀⠀⠀⠀⠀⠀⠀⠀⠀⠀⠀⠀⠀⠀⠀⠼⠃⠙⠛&lt;/row&gt;
          &lt;row&gt;⠠⠑⠀⠍⠀⠊⠀⠇⠀⠀⠀⠽⠀⠍⠀⠍⠀⠜⠀⠗⠀⠎⠀⠊⠂&lt;/row&gt;
          &lt;row&gt;⠀&lt;/row&gt;
          &lt;row&gt;⠑⠀⠞⠀⠞⠀⠜⠀⠀⠀⠓⠀⠑⠀⠀⠀⠕⠀⠇⠀⠊⠀⠧⠀⠁⠀⠞&lt;/row&gt;
          &lt;row&gt;⠀&lt;/row&gt;
          &lt;row&gt;⠁⠀⠚⠀⠁⠀⠞⠀⠑⠀⠇⠀⠇⠀⠑⠀⠑⠀⠞&lt;/row&gt;
          &lt;row&gt;⠀&lt;/row&gt;
          &lt;row&gt;⠎⠀⠁⠀⠍⠀⠁⠀⠁⠀⠀⠀⠎⠀⠁⠀⠞⠀⠥⠀⠁⠄&lt;/row&gt;
          &lt;row&gt;⠀&lt;/row&gt;
          &lt;row&gt;⠠⠞⠀⠜⠀⠍⠀⠜⠀⠀⠀⠕⠀⠇⠀⠊⠀⠀⠀⠊⠀⠓⠀⠁⠀⠝&lt;/row&gt;
          &lt;row&gt;⠀&lt;/row&gt;
          &lt;row&gt;⠅⠀⠥⠀⠊⠀⠝⠀⠀⠀⠠⠓⠀⠁⠀⠝⠀⠝⠀⠥⠀⠎⠀⠞⠀⠁&lt;/row&gt;
          &lt;row&gt;⠀&lt;/row&gt;
          &lt;row&gt;⠚⠀⠁⠀⠀⠀⠠⠅⠀⠑⠀⠗⠀⠞⠀⠥⠀⠎⠀⠞⠀⠁⠄&lt;/row&gt;
          &lt;row&gt;⠀&lt;/row&gt;
          &lt;row&gt;⠠⠕⠀⠇⠀⠊⠀⠅⠀⠕⠀⠀⠀⠠⠓⠀⠊⠀⠇⠀⠙⠀⠁&lt;/row&gt;
          &lt;row&gt;⠀&lt;/row&gt;
          &lt;row&gt;⠝⠀⠕⠀⠊⠀⠞⠀⠁⠂⠀⠀⠀⠎⠀⠑⠀⠀⠀⠚⠀⠜⠀⠊&lt;/row&gt;
          &lt;row&gt;⠀&lt;/row&gt;
          &lt;row&gt;⠝⠀⠜⠀⠓⠀⠞⠀⠜⠀⠧⠀⠜⠀⠅⠀⠎⠀⠊⠄&lt;/row&gt;
          &lt;row&gt;⠀&lt;/row&gt;
          &lt;row&gt;⠀&lt;/row&gt;
          &lt;row&gt;⠀&lt;/row&gt;
          &lt;row&gt;⠤⠀⠀⠀⠠⠕⠀⠝⠀⠏⠀⠁⠀⠀⠀⠍⠀⠥⠀⠅⠀⠁⠀⠧⠀⠁⠀⠁&lt;/row&gt;
          &lt;row&gt;⠀&lt;/row&gt;
          &lt;row&gt;⠎⠀⠁⠀⠁⠀⠙⠀⠁⠀⠀⠀⠧⠀⠊⠀⠑⠀⠗⠀⠁⠀⠊⠀⠞⠀⠁⠂&lt;/row&gt;
          &lt;row/&gt;
        &lt;/page&gt;
        &lt;page&gt;
          &lt;row&gt;⠀⠀⠀⠀⠀⠀⠀⠀⠀⠀⠀⠀⠀⠀⠀⠀⠀⠀⠀⠀⠀⠀⠀⠀⠀⠀⠼⠃⠙⠓&lt;/row&gt;
          &lt;row&gt;⠠⠓⠀⠊⠀⠇⠀⠙⠀⠁&lt;/row&gt;
          &lt;row&gt;⠀&lt;/row&gt;
          &lt;row&gt;⠓⠀⠥⠀⠥⠀⠙⠀⠁⠀⠓⠀⠞⠀⠊⠄&lt;/row&gt;
          &lt;row&gt;⠀&lt;/row&gt;
          &lt;row&gt;⠀&lt;/row&gt;
          &lt;row&gt;⠤⠀⠀⠀⠠⠁⠀⠊⠀⠧⠀⠁⠀⠝&lt;/row&gt;
          &lt;row&gt;⠀&lt;/row&gt;
          &lt;row&gt;⠧⠀⠁⠀⠇⠀⠞⠀⠁⠀⠧⠀⠁⠀⠝&lt;/row&gt;
          &lt;row&gt;⠀&lt;/row&gt;
          &lt;row&gt;⠍⠀⠥⠀⠅⠀⠁⠀⠧⠀⠁⠀⠁⠲&lt;/row&gt;
          &lt;row&gt;⠀&lt;/row&gt;
          &lt;row&gt;⠀&lt;/row&gt;
          &lt;row&gt;⠤⠀⠀⠀⠠⠎⠀⠊⠀⠝⠀⠜⠀⠀⠀⠕⠀⠇⠀⠊⠀⠞&lt;/row&gt;
          &lt;row&gt;⠀&lt;/row&gt;
          &lt;row&gt;⠅⠀⠥⠀⠥⠀⠇⠀⠑⠀⠍⠀⠍⠀⠁⠀⠀⠀⠑⠀⠝⠀⠝⠀⠑⠀⠝&lt;/row&gt;
          &lt;row&gt;⠀&lt;/row&gt;
          &lt;row&gt;⠁⠀⠧⠀⠁⠀⠗⠀⠥⠀⠥⠀⠎⠀⠞⠀⠥⠀⠞⠀⠅⠀⠊⠀⠚⠀⠁⠂&lt;/row&gt;
          &lt;row&gt;⠀&lt;/row&gt;
          &lt;row&gt;⠠⠑⠀⠍⠀⠊⠀⠇⠀⠀⠀⠎⠀⠁⠀⠝⠀⠕⠀⠊⠀⠀⠀⠚⠀⠁&lt;/row&gt;
          &lt;row&gt;⠀&lt;/row&gt;
          &lt;row&gt;⠊⠀⠎⠀⠞⠀⠥⠀⠥⠀⠞⠀⠥⠀⠊&lt;/row&gt;
          &lt;row&gt;⠀&lt;/row&gt;
          &lt;row&gt;⠏⠀⠪⠀⠽⠀⠞⠀⠜⠀⠜⠀⠝⠄&lt;/row&gt;
          &lt;row&gt;⠀&lt;/row&gt;
          &lt;row&gt;⠀&lt;/row&gt;
          &lt;row/&gt;
        &lt;/page&gt;
        &lt;page&gt;
          &lt;row&gt;⠀⠀⠀⠀⠀⠀⠀⠀⠀⠀⠀⠀⠀⠀⠀⠀⠀⠀⠀⠀⠀⠀⠀⠀⠀⠀⠼⠃⠙⠊&lt;/row&gt;
          &lt;row&gt;⠤⠀⠀⠀⠠⠕⠀⠝⠀⠀⠀⠧⠀⠁⠀⠗⠀⠍⠀⠁⠀⠁⠀⠝&lt;/row&gt;
          &lt;row&gt;⠀&lt;/row&gt;
          &lt;row&gt;⠽⠀⠓⠀⠞⠀⠜⠀⠀⠀⠓⠀⠊⠀⠑⠀⠝⠀⠕⠀⠁&lt;/row&gt;
          &lt;row&gt;⠀&lt;/row&gt;
          &lt;row&gt;⠕⠀⠇⠀⠇⠀⠁⠀⠀⠀⠁⠀⠧⠀⠁⠀⠗⠀⠥⠀⠥⠀⠎⠀⠤&lt;/row&gt;
          &lt;row&gt;⠀&lt;/row&gt;
          &lt;row&gt;⠞⠀⠥⠀⠞⠀⠅⠀⠊⠀⠚⠀⠁⠀⠀⠀⠅⠀⠥⠀⠊⠀⠝&lt;/row&gt;
          &lt;row&gt;⠀&lt;/row&gt;
          &lt;row&gt;⠞⠀⠥⠀⠝⠀⠝⠀⠑⠀⠞⠀⠞⠀⠥&lt;/row&gt;
          &lt;row&gt;⠀&lt;/row&gt;
          &lt;row&gt;⠇⠀⠁⠀⠥⠀⠇⠀⠁⠀⠚⠀⠁⠄&lt;/row&gt;
          &lt;row&gt;⠀&lt;/row&gt;
          &lt;row&gt;⠠⠎⠀⠁⠀⠁⠀⠝⠀⠅⠀⠕⠀⠀⠀⠝⠀⠊⠀⠍⠀⠊⠀⠤&lt;/row&gt;
          &lt;row&gt;⠀&lt;/row&gt;
          &lt;row&gt;⠅⠀⠊⠀⠗⠀⠚⠀⠕⠀⠊⠀⠞⠀⠥⠀⠅⠀⠎⠀⠑⠀⠎⠀⠊⠢&lt;/row&gt;
          &lt;row&gt;⠀&lt;/row&gt;
          &lt;row&gt;⠀&lt;/row&gt;
          &lt;row&gt;⠠⠓⠀⠜⠀⠝⠀⠀⠀⠕⠀⠞⠀⠞⠀⠊⠀⠀⠀⠑⠀⠎⠀⠊⠀⠊⠀⠝&lt;/row&gt;
          &lt;row&gt;⠀&lt;/row&gt;
          &lt;row&gt;⠍⠀⠥⠀⠎⠀⠞⠀⠁⠀⠝⠀⠀⠀⠍⠀⠥⠀⠊⠀⠎⠀⠞⠀⠊⠀⠤&lt;/row&gt;
          &lt;row&gt;⠀&lt;/row&gt;
          &lt;row&gt;⠅⠀⠊⠀⠗⠀⠚⠀⠁⠀⠝⠂⠀⠀⠀⠚⠀⠕⠀⠎⠀⠎⠀⠁&lt;/row&gt;
          &lt;row&gt;⠀&lt;/row&gt;
          &lt;row&gt;⠓⠀⠜⠀⠝⠀⠑⠀⠇⠀⠇⠀⠜⠀⠀⠀⠕⠀⠇⠀⠊&lt;/row&gt;
          &lt;row&gt;⠀&lt;/row&gt;
          &lt;row&gt;⠎⠀⠕⠀⠗⠀⠍⠀⠑⠀⠝⠀⠚⠀⠜⠀⠇⠀⠅⠀⠊⠀⠜⠄&lt;/row&gt;
        &lt;/page&gt;
        &lt;page&gt;
          &lt;row&gt;⠀⠀⠀⠀⠀⠀⠀⠀⠀⠀⠀⠀⠀⠀⠀⠀⠀⠀⠀⠀⠀⠀⠀⠀⠀⠀⠼⠃⠑⠚&lt;/row&gt;
          &lt;row&gt;⠤⠀⠀⠀⠠⠧⠀⠕⠀⠊⠂⠀⠀⠀⠎⠀⠊⠀⠊⠀⠞⠀⠜&lt;/row&gt;
          &lt;row&gt;⠀&lt;/row&gt;
          &lt;row&gt;⠕⠀⠝⠀⠀⠀⠝⠀⠊⠀⠊⠀⠝⠀⠀⠀⠅⠀⠁⠀⠥⠀⠁⠀⠝⠂&lt;/row&gt;
          &lt;row&gt;⠀&lt;/row&gt;
          &lt;row&gt;⠠⠓⠀⠊⠀⠇⠀⠙⠀⠁⠀⠀⠀⠎⠀⠁⠀⠝⠀⠕⠀⠊⠄&lt;/row&gt;
          &lt;row&gt;⠀&lt;/row&gt;
          &lt;row&gt;⠤⠀⠀⠀⠠⠑⠀⠊⠂&lt;/row&gt;
          &lt;row&gt;⠀&lt;/row&gt;
          &lt;row&gt;⠍⠀⠊⠀⠝⠀⠜⠀⠓⠀⠜⠀⠝⠀⠀⠀⠊⠀⠓⠀⠁⠀⠝&lt;/row&gt;
          &lt;row&gt;⠀&lt;/row&gt;
          &lt;row&gt;⠝⠀⠕⠀⠇⠀⠕⠀⠎⠀⠞⠀⠥⠀⠝⠄⠀⠀⠀⠠⠑⠀⠝&lt;/row&gt;
          &lt;row&gt;⠀&lt;/row&gt;
          &lt;row&gt;⠞⠀⠕⠀⠙⠀⠑⠀⠇⠀⠇⠀⠁⠀⠅⠀⠁⠀⠁⠀⠝&lt;/row&gt;
          &lt;row&gt;⠀&lt;/row&gt;
          &lt;row&gt;⠓⠀⠁⠀⠇⠀⠥⠀⠁⠀⠀⠀⠚⠀⠁⠀⠑⠀⠇⠀⠇⠀⠁&lt;/row&gt;
          &lt;row&gt;⠀&lt;/row&gt;
          &lt;row&gt;⠝⠀⠊⠀⠍⠀⠊⠀⠤&lt;/row&gt;
          &lt;row&gt;⠀&lt;/row&gt;
          &lt;row&gt;⠅⠀⠊⠀⠗⠀⠚⠀⠕⠀⠊⠀⠞⠀⠥⠀⠅⠀⠎⠀⠊⠀⠁⠄&lt;/row&gt;
          &lt;row&gt;⠀&lt;/row&gt;
          &lt;row&gt;⠀&lt;/row&gt;
          &lt;row&gt;⠠⠓⠀⠊⠀⠇⠀⠙⠀⠁⠀⠀⠀⠝⠀⠕⠀⠎⠀⠞⠀⠊&lt;/row&gt;
          &lt;row&gt;⠀&lt;/row&gt;
          &lt;row&gt;⠏⠀⠪⠀⠽⠀⠞⠀⠜⠀⠜⠀⠝⠀⠀⠀⠧⠀⠁⠀⠙⠀⠊⠀⠝⠂&lt;/row&gt;
          &lt;row&gt;⠀&lt;/row&gt;
          &lt;row&gt;⠚⠀⠕⠀⠇⠀⠇⠀⠁⠀⠀⠀⠕⠀⠇⠀⠊&lt;/row&gt;
        &lt;/page&gt;
        &lt;page&gt;
          &lt;row&gt;⠀⠀⠀⠀⠀⠀⠀⠀⠀⠀⠀⠀⠀⠀⠀⠀⠀⠀⠀⠀⠀⠀⠀⠀⠀⠀⠼⠃⠑⠁&lt;/row&gt;
          &lt;row&gt;⠏⠀⠁⠀⠝⠀⠝⠀⠥⠀⠅⠀⠁⠀⠅⠀⠅⠀⠥⠀⠚⠀⠁⠄&lt;/row&gt;
          &lt;row&gt;⠀&lt;/row&gt;
          &lt;row&gt;⠠⠏⠀⠕⠀⠚⠀⠁⠀⠞&lt;/row&gt;
          &lt;row&gt;⠀&lt;/row&gt;
          &lt;row&gt;⠅⠀⠁⠀⠞⠀⠎⠀⠕⠀⠊⠀⠧⠀⠁⠀⠞&lt;/row&gt;
          &lt;row&gt;⠀&lt;/row&gt;
          &lt;row&gt;⠞⠀⠕⠀⠊⠀⠎⠀⠊⠀⠁⠀⠁⠀⠝⠄⠀⠀⠀⠠⠓⠀⠑&lt;/row&gt;
          &lt;row&gt;⠀&lt;/row&gt;
          &lt;row&gt;⠑⠀⠊⠀⠧⠀⠜⠀⠞⠀⠀⠀⠧⠀⠕⠀⠊⠀⠝⠀⠑⠀⠑⠀⠞&lt;/row&gt;
          &lt;row&gt;⠀&lt;/row&gt;
          &lt;row&gt;⠅⠀⠊⠀⠑⠀⠇⠀⠞⠀⠜⠀⠽⠀⠞⠀⠽⠀⠜⠄&lt;/row&gt;
          &lt;row&gt;⠀&lt;/row&gt;
          &lt;row&gt;⠠⠓⠀⠑⠀⠊⠀⠇⠀⠇⠀⠜⠀⠀⠀⠕⠀⠇⠀⠊&lt;/row&gt;
          &lt;row&gt;⠀&lt;/row&gt;
          &lt;row&gt;⠝⠀⠊⠀⠊⠀⠝⠀⠀⠀⠝⠀⠜⠀⠇⠀⠅⠀⠜&lt;/row&gt;
          &lt;row&gt;⠀&lt;/row&gt;
          &lt;row&gt;⠑⠀⠞⠀⠞⠀⠜⠀⠀⠀⠓⠀⠑&lt;/row&gt;
          &lt;row&gt;⠀&lt;/row&gt;
          &lt;row&gt;⠕⠀⠇⠀⠊⠀⠎⠀⠊⠀⠧⠀⠁⠀⠞&lt;/row&gt;
          &lt;row&gt;⠀&lt;/row&gt;
          &lt;row&gt;⠧⠀⠕⠀⠊⠀⠝⠀⠑⠀⠑⠀⠞⠀⠀⠀⠎⠀⠽⠀⠪⠀⠙⠀⠜&lt;/row&gt;
          &lt;row&gt;⠀&lt;/row&gt;
          &lt;row&gt;⠧⠀⠁⠀⠊⠀⠅⠀⠅⠀⠁⠀⠀⠀⠏⠀⠊⠀⠑⠀⠝⠀⠊⠀⠜&lt;/row&gt;
          &lt;row&gt;⠀&lt;/row&gt;
          &lt;row&gt;⠅⠀⠊⠀⠧⠀⠊⠀⠜⠄&lt;/row&gt;
          &lt;row/&gt;
        &lt;/page&gt;
        &lt;page&gt;
          &lt;row&gt;⠀⠀⠀⠀⠀⠀⠀⠀⠀⠀⠀⠀⠀⠀⠀⠀⠀⠀⠀⠀⠀⠀⠀⠀⠀⠀⠼⠃⠑⠃&lt;/row&gt;
          &lt;row&gt;⠠⠓⠀⠊⠀⠇⠀⠙⠀⠁⠀⠀⠀⠝⠀⠁⠀⠥⠀⠗⠀⠁⠀⠁&lt;/row&gt;
          &lt;row&gt;⠀&lt;/row&gt;
          &lt;row&gt;⠓⠀⠽⠀⠅⠀⠑⠀⠗⠀⠎⠀⠊⠀⠀⠀⠚⠀⠁&lt;/row&gt;
          &lt;row&gt;⠀&lt;/row&gt;
          &lt;row&gt;⠇⠀⠁⠀⠞⠀⠕⠀⠊⠀⠀⠀⠍⠀⠕⠀⠝⠀⠞⠀⠁&lt;/row&gt;
          &lt;row&gt;⠀&lt;/row&gt;
          &lt;row&gt;⠏⠀⠁⠀⠝⠀⠝⠀⠥⠀⠅⠀⠁⠀⠅⠀⠅⠀⠥⠀⠁&lt;/row&gt;
          &lt;row&gt;⠀&lt;/row&gt;
          &lt;row&gt;⠓⠀⠑⠀⠊⠀⠙⠀⠜⠀⠝&lt;/row&gt;
          &lt;row&gt;⠀&lt;/row&gt;
          &lt;row&gt;⠇⠀⠁⠀⠥⠀⠞⠀⠁⠀⠎⠀⠊⠀⠇⠀⠇⠀⠑⠀⠑⠀⠝⠄&lt;/row&gt;
          &lt;row&gt;⠀&lt;/row&gt;
          &lt;row&gt;⠀&lt;/row&gt;
          &lt;row&gt;⠤⠀⠀⠀⠠⠓⠀⠁⠀⠇⠀⠥⠀⠎⠀⠊⠀⠞⠀⠅⠀⠕&lt;/row&gt;
          &lt;row&gt;⠀&lt;/row&gt;
          &lt;row&gt;⠎⠀⠕⠀⠗⠀⠍⠀⠑⠀⠝⠀⠚⠀⠜⠀⠇⠀⠅⠀⠑⠀⠝⠀⠊&lt;/row&gt;
          &lt;row&gt;⠀&lt;/row&gt;
          &lt;row&gt;⠍⠀⠥⠀⠎⠀⠞⠀⠁⠀⠁⠀⠝&lt;/row&gt;
          &lt;row&gt;⠀&lt;/row&gt;
          &lt;row&gt;⠅⠀⠊⠀⠗⠀⠚⠀⠁⠀⠁⠀⠎⠀⠊⠢&lt;/row&gt;
          &lt;row&gt;⠀&lt;/row&gt;
          &lt;row&gt;⠓⠀⠜⠀⠝⠀⠀⠀⠅⠀⠽⠀⠎⠀⠽⠀⠊⠀⠀⠀⠚⠀⠁&lt;/row&gt;
          &lt;row&gt;⠀&lt;/row&gt;
          &lt;row&gt;⠅⠀⠁⠀⠞⠀⠎⠀⠕⠀⠊⠀⠀⠀⠠⠑⠀⠍⠀⠊⠀⠇⠀⠊⠀⠜&lt;/row&gt;
          &lt;row&gt;⠀&lt;/row&gt;
          &lt;row&gt;⠎⠀⠥⠀⠕⠀⠗⠀⠁⠀⠁⠀⠝&lt;/row&gt;
        &lt;/page&gt;
        &lt;page&gt;
          &lt;row&gt;⠀⠀⠀⠀⠀⠀⠀⠀⠀⠀⠀⠀⠀⠀⠀⠀⠀⠀⠀⠀⠀⠀⠀⠀⠀⠀⠼⠃⠑⠉&lt;/row&gt;
          &lt;row&gt;⠎⠀⠊⠀⠇⠀⠍⠀⠊⠀⠊⠀⠝⠄&lt;/row&gt;
          &lt;row&gt;⠀&lt;/row&gt;
          &lt;row&gt;⠠⠑⠀⠍⠀⠊⠀⠇⠀⠊⠀⠇⠀⠇⠀⠜⠀⠀⠀⠍⠀⠑⠀⠝⠀⠊&lt;/row&gt;
          &lt;row&gt;⠀&lt;/row&gt;
          &lt;row&gt;⠏⠀⠁⠀⠝⠀⠝⠀⠥⠀⠅⠀⠁⠀⠅⠀⠥⠀⠝&lt;/row&gt;
          &lt;row&gt;⠀&lt;/row&gt;
          &lt;row&gt;⠏⠀⠁⠀⠇⠀⠁⠀⠀⠀⠧⠀⠜⠀⠜⠀⠗⠀⠜⠀⠜⠀⠝&lt;/row&gt;
          &lt;row&gt;⠀&lt;/row&gt;
          &lt;row&gt;⠅⠀⠥⠀⠗⠀⠅⠀⠅⠀⠥⠀⠥⠀⠝⠂⠀⠀⠀⠚⠀⠁&lt;/row&gt;
          &lt;row&gt;⠀&lt;/row&gt;
          &lt;row&gt;⠓⠀⠜⠀⠝⠀⠑⠀⠝⠀⠀⠀⠕⠀⠇⠀⠊&lt;/row&gt;
          &lt;row&gt;⠀&lt;/row&gt;
          &lt;row&gt;⠽⠀⠎⠀⠅⠀⠊⠀⠞⠀⠞⠀⠜⠀⠧⠀⠜&lt;/row&gt;
          &lt;row&gt;⠀&lt;/row&gt;
          &lt;row&gt;⠅⠀⠁⠀⠥⠀⠁⠀⠝⠄⠀⠀⠀⠠⠍⠀⠊⠀⠞⠀⠑⠀⠝&lt;/row&gt;
          &lt;row&gt;⠀&lt;/row&gt;
          &lt;row&gt;⠠⠓⠀⠊⠀⠇⠀⠙⠀⠁&lt;/row&gt;
          &lt;row&gt;⠀&lt;/row&gt;
          &lt;row&gt;⠎⠀⠁⠀⠁⠀⠞⠀⠞⠀⠕⠀⠊⠀⠀⠀⠞⠀⠊⠀⠑⠀⠞⠀⠜⠀⠜⠢&lt;/row&gt;
          &lt;row&gt;⠀&lt;/row&gt;
          &lt;row&gt;⠀&lt;/row&gt;
          &lt;row&gt;⠤⠀⠀⠀⠠⠚⠀⠕⠀⠕⠂⠀⠀⠀⠠⠥⠀⠃⠀⠃⠀⠑&lt;/row&gt;
          &lt;row&gt;⠀&lt;/row&gt;
          &lt;row&gt;⠎⠀⠁⠀⠝⠀⠕⠀⠊⠄&lt;/row&gt;
          &lt;row&gt;⠀&lt;/row&gt;
          &lt;row/&gt;
        &lt;/page&gt;
        &lt;page&gt;
          &lt;row&gt;⠀⠀⠀⠀⠀⠀⠀⠀⠀⠀⠀⠀⠀⠀⠀⠀⠀⠀⠀⠀⠀⠀⠀⠀⠀⠀⠼⠃⠑⠙&lt;/row&gt;
          &lt;row&gt;⠤⠀⠀⠠⠓⠀⠁⠀⠇⠀⠥⠀⠁⠀⠁⠀⠀⠀⠓⠀⠜⠀⠝⠄&lt;/row&gt;
          &lt;row&gt;⠀&lt;/row&gt;
          &lt;row&gt;⠀&lt;/row&gt;
          &lt;row&gt;⠤⠀⠀⠀⠠⠕⠀⠇⠀⠑⠀⠝⠀⠀⠀⠅⠀⠥⠀⠥⠀⠇⠀⠇⠀⠥⠀⠞&lt;/row&gt;
          &lt;row&gt;⠀&lt;/row&gt;
          &lt;row&gt;⠑⠀⠞⠀⠎⠀⠊⠀⠧⠀⠜⠀⠤&lt;/row&gt;
          &lt;row&gt;⠀&lt;/row&gt;
          &lt;row&gt;⠞⠀⠕⠀⠊⠀⠍⠀⠊⠀⠎⠀⠞⠀⠕⠀⠎⠀⠞⠀⠁⠀⠎⠀⠊⠄&lt;/row&gt;
          &lt;row&gt;⠀&lt;/row&gt;
          &lt;row&gt;⠠⠕⠀⠇⠀⠑⠀⠝⠀⠀⠀⠍⠀⠽⠀⠪⠀⠎&lt;/row&gt;
          &lt;row&gt;⠀&lt;/row&gt;
          &lt;row&gt;⠅⠀⠥⠀⠥⠀⠇⠀⠇⠀⠥⠀⠞⠂⠀⠀⠀⠑⠀⠞⠀⠞⠀⠜&lt;/row&gt;
          &lt;row&gt;⠀&lt;/row&gt;
          &lt;row&gt;⠠⠥⠀⠃⠀⠃⠀⠑⠀⠝⠀⠀⠀⠜⠀⠊⠀⠙⠀⠊⠀⠝&lt;/row&gt;
          &lt;row&gt;⠀&lt;/row&gt;
          &lt;row&gt;⠅⠀⠥⠀⠅⠀⠅⠀⠁⠀⠗⠀⠕⠀⠀⠀⠕⠀⠝&lt;/row&gt;
          &lt;row&gt;⠀&lt;/row&gt;
          &lt;row&gt;⠧⠀⠁⠀⠗⠀⠁⠀⠎⠀⠞⠀⠑⠀⠞⠀⠞⠀⠥⠂&lt;/row&gt;
          &lt;row&gt;⠀&lt;/row&gt;
          &lt;row&gt;⠠⠓⠀⠊⠀⠇⠀⠙⠀⠁⠀⠀⠀⠎⠀⠁⠀⠝⠀⠕⠀⠊⠀⠀⠀⠚⠀⠁&lt;/row&gt;
          &lt;row&gt;⠀&lt;/row&gt;
          &lt;row&gt;⠊⠀⠎⠀⠞⠀⠥⠀⠥⠀⠞⠀⠥⠀⠊&lt;/row&gt;
          &lt;row&gt;⠀&lt;/row&gt;
          &lt;row&gt;⠏⠀⠪⠀⠽⠀⠞⠀⠜⠀⠜⠀⠝⠄&lt;/row&gt;
          &lt;row&gt;⠀&lt;/row&gt;
          &lt;row/&gt;
        &lt;/page&gt;
        &lt;page&gt;
          &lt;row&gt;⠀⠀⠀⠀⠀⠀⠀⠀⠀⠀⠀⠀⠀⠀⠀⠀⠀⠀⠀⠀⠀⠀⠀⠀⠀⠀⠼⠃⠑⠑&lt;/row&gt;
          &lt;row&gt;⠤⠀⠀⠀⠠⠑⠀⠝⠀⠀⠀⠕⠀⠇⠀⠑&lt;/row&gt;
          &lt;row&gt;⠀&lt;/row&gt;
          &lt;row&gt;⠞⠀⠽⠀⠓⠀⠍⠀⠜⠂⠀⠀⠀⠚⠀⠕⠀⠞⠀⠑⠀⠝&lt;/row&gt;
          &lt;row&gt;⠀&lt;/row&gt;
          &lt;row&gt;⠁⠀⠗⠀⠧⠀⠁⠀⠎⠀⠊⠀⠝⠂⠀⠀⠀⠑⠀⠞⠀⠞⠀⠜&lt;/row&gt;
          &lt;row&gt;⠀&lt;/row&gt;
          &lt;row&gt;⠞⠀⠥⠀⠇⠀⠊⠀⠎⠀⠊⠀⠞⠀⠞⠀⠑&lt;/row&gt;
          &lt;row&gt;⠀&lt;/row&gt;
          &lt;row&gt;⠞⠀⠜⠀⠝⠀⠝⠀⠑⠄&lt;/row&gt;
          &lt;row&gt;⠀&lt;/row&gt;
          &lt;row&gt;⠠⠇⠀⠥⠀⠥⠀⠇⠀⠑⠀⠞⠀⠞⠀⠑⠀⠅⠀⠕⠂&lt;/row&gt;
          &lt;row&gt;⠀&lt;/row&gt;
          &lt;row&gt;⠑⠀⠞⠀⠞⠀⠜⠀⠀⠀⠍⠀⠊⠀⠝⠀⠜⠀⠀⠀⠕⠀⠇⠀⠑⠀⠝&lt;/row&gt;
          &lt;row&gt;⠀&lt;/row&gt;
          &lt;row&gt;⠧⠀⠁⠀⠗⠀⠁⠀⠎⠢&lt;/row&gt;
          &lt;row&gt;⠀&lt;/row&gt;
          &lt;row&gt;⠀&lt;/row&gt;
          &lt;row&gt;⠠⠓⠀⠊⠀⠇⠀⠙⠀⠁⠀⠀⠀⠑⠀⠊&lt;/row&gt;
          &lt;row&gt;⠀&lt;/row&gt;
          &lt;row&gt;⠎⠀⠽⠀⠪⠀⠝⠀⠽⠀⠞⠀⠀⠀⠍⠀⠊⠀⠞⠀⠜⠀⠜⠀⠝⠄&lt;/row&gt;
          &lt;row&gt;⠀&lt;/row&gt;
          &lt;row&gt;⠠⠎⠀⠑⠀⠀⠀⠕⠀⠇⠀⠊⠀⠀⠀⠕⠀⠥⠀⠞⠀⠕⠀⠁⠄&lt;/row&gt;
          &lt;row&gt;⠀&lt;/row&gt;
          &lt;row&gt;⠠⠏⠀⠁⠀⠝⠀⠝⠀⠥⠀⠅⠀⠁⠀⠅⠀⠥⠀⠞&lt;/row&gt;
          &lt;row&gt;⠀&lt;/row&gt;
          &lt;row&gt;⠕⠀⠇⠀⠊⠀⠧⠀⠁⠀⠞&lt;/row&gt;
        &lt;/page&gt;
        &lt;page&gt;
          &lt;row&gt;⠀⠀⠀⠀⠀⠀⠀⠀⠀⠀⠀⠀⠀⠀⠀⠀⠀⠀⠀⠀⠀⠀⠀⠀⠀⠀⠼⠃⠑⠋&lt;/row&gt;
          &lt;row&gt;⠇⠀⠥⠀⠥⠀⠇⠀⠞⠀⠁⠀⠧⠀⠁⠀⠎⠀⠞⠀⠊&lt;/row&gt;
          &lt;row&gt;⠀&lt;/row&gt;
          &lt;row&gt;⠍⠀⠽⠀⠗⠀⠅⠀⠽⠀⠞⠀⠑⠀⠞⠀⠞⠀⠽⠀⠚⠀⠜⠄&lt;/row&gt;
          &lt;row&gt;⠀&lt;/row&gt;
          &lt;row&gt;⠠⠞⠀⠁⠀⠗⠀⠅⠀⠑⠀⠍⠀⠍⠀⠊⠀⠝&lt;/row&gt;
          &lt;row&gt;⠀&lt;/row&gt;
          &lt;row&gt;⠁⠀⠚⠀⠁⠀⠞⠀⠑⠀⠇⠀⠇⠀⠑⠀⠝&lt;/row&gt;
          &lt;row&gt;⠀&lt;/row&gt;
          &lt;row&gt;⠠⠑⠀⠍⠀⠊⠀⠇⠀⠊⠀⠜&lt;/row&gt;
          &lt;row&gt;⠀&lt;/row&gt;
          &lt;row&gt;⠧⠀⠜⠀⠎⠀⠽⠀⠞⠀⠞⠀⠊⠄&lt;/row&gt;
          &lt;row&gt;⠀&lt;/row&gt;
          &lt;row&gt;⠠⠧⠀⠜⠀⠎⠀⠽⠀⠞⠀⠞⠀⠊⠀⠀⠀⠊⠀⠓⠀⠁⠀⠝&lt;/row&gt;
          &lt;row&gt;⠀&lt;/row&gt;
          &lt;row&gt;⠅⠀⠁⠀⠥⠀⠓⠀⠑⠀⠁⠀⠎⠀⠞⠀⠊⠄&lt;/row&gt;
          &lt;row&gt;⠀&lt;/row&gt;
          &lt;row&gt;⠠⠍⠀⠥⠀⠞⠀⠞⠀⠁⠀⠀⠀⠓⠀⠜⠀⠝⠀⠑⠀⠝&lt;/row&gt;
          &lt;row&gt;⠀&lt;/row&gt;
          &lt;row&gt;⠕⠀⠇⠀⠊⠀⠀⠀⠎⠀⠁⠀⠁⠀⠞⠀⠁⠀⠧⠀⠁&lt;/row&gt;
          &lt;row&gt;⠀&lt;/row&gt;
          &lt;row&gt;⠠⠓⠀⠊⠀⠇⠀⠙⠀⠁⠀⠝&lt;/row&gt;
          &lt;row&gt;⠀&lt;/row&gt;
          &lt;row&gt;⠎⠀⠕⠀⠗⠀⠍⠀⠑⠀⠝⠀⠚⠀⠜⠀⠇⠀⠚⠀⠑⠀⠞⠄&lt;/row&gt;
          &lt;row&gt;⠀&lt;/row&gt;
          &lt;row&gt;⠀&lt;/row&gt;
          &lt;row/&gt;
        &lt;/page&gt;
        &lt;page&gt;
          &lt;row&gt;⠀⠀⠀⠀⠀⠀⠀⠀⠀⠀⠀⠀⠀⠀⠀⠀⠀⠀⠀⠀⠀⠀⠀⠀⠀⠀⠼⠃⠑⠛&lt;/row&gt;
          &lt;row&gt;⠤⠀⠀⠀⠠⠚⠀⠕⠀⠎⠀⠀⠀⠓⠀⠁⠀⠇⠀⠥⠀⠁⠀⠞&lt;/row&gt;
          &lt;row&gt;⠀&lt;/row&gt;
          &lt;row&gt;⠞⠀⠕⠀⠙⠀⠊⠀⠎⠀⠞⠀⠁⠀⠁&lt;/row&gt;
          &lt;row&gt;⠀&lt;/row&gt;
          &lt;row&gt;⠎⠀⠽⠀⠽⠀⠞⠀⠞⠀⠪⠀⠍⠀⠽⠀⠽⠀⠞⠀⠑⠀⠎⠀⠊⠂&lt;/row&gt;
          &lt;row&gt;⠀&lt;/row&gt;
          &lt;row&gt;⠏⠀⠁⠀⠊⠀⠝⠀⠁⠀⠞&lt;/row&gt;
          &lt;row&gt;⠀&lt;/row&gt;
          &lt;row&gt;⠏⠀⠑⠀⠥⠀⠅⠀⠁⠀⠇⠀⠕⠀⠝⠀⠤&lt;/row&gt;
          &lt;row&gt;⠀&lt;/row&gt;
          &lt;row&gt;⠚⠀⠜⠀⠇⠀⠅⠀⠑⠀⠎⠀⠊&lt;/row&gt;
          &lt;row&gt;⠀&lt;/row&gt;
          &lt;row&gt;⠅⠀⠊⠀⠗⠀⠚⠀⠁⠀⠁⠀⠝⠀⠊⠂⠀⠀⠀⠓⠀⠜⠀⠝&lt;/row&gt;
          &lt;row&gt;⠀&lt;/row&gt;
          &lt;row&gt;⠎⠀⠁⠀⠝⠀⠕⠀⠊⠄⠀⠀⠀⠤⠀⠀⠀⠠⠚⠀⠕⠀⠎&lt;/row&gt;
          &lt;row&gt;⠀&lt;/row&gt;
          &lt;row&gt;⠏⠀⠽⠀⠽⠀⠓⠀⠅⠀⠜⠀⠊⠀⠎⠀⠑⠀⠞&lt;/row&gt;
          &lt;row&gt;⠀&lt;/row&gt;
          &lt;row&gt;⠎⠀⠕⠀⠗⠀⠍⠀⠊⠀⠊⠀⠎⠀⠊⠀⠀⠀⠧⠀⠕⠀⠊⠀⠞⠀⠁⠂&lt;/row&gt;
          &lt;row&gt;⠀&lt;/row&gt;
          &lt;row&gt;⠚⠀⠜⠀⠇⠀⠚⠀⠊⠀⠎⠀⠞⠀⠜⠀⠀⠀⠞⠀⠥⠀⠇⠀⠑⠀⠑&lt;/row&gt;
          &lt;row&gt;⠀&lt;/row&gt;
          &lt;row&gt;⠎⠀⠑⠀⠇⠀⠧⠀⠑⠀⠍⠀⠍⠀⠜⠀⠞⠄&lt;/row&gt;
          &lt;row&gt;⠀&lt;/row&gt;
          &lt;row&gt;⠀&lt;/row&gt;
          &lt;row/&gt;
        &lt;/page&gt;
        &lt;page&gt;
          &lt;row&gt;⠀⠀⠀⠀⠀⠀⠀⠀⠀⠀⠀⠀⠀⠀⠀⠀⠀⠀⠀⠀⠀⠀⠀⠀⠀⠀⠼⠃⠑⠓&lt;/row&gt;
          &lt;row&gt;⠠⠝⠀⠽⠀⠞⠀⠀⠀⠠⠑⠀⠍⠀⠊⠀⠇⠀⠊⠀⠜&lt;/row&gt;
          &lt;row&gt;⠀&lt;/row&gt;
          &lt;row&gt;⠧⠀⠜⠀⠎⠀⠽⠀⠞⠀⠞⠀⠊⠀⠀⠀⠝⠀⠊⠀⠊⠀⠝&lt;/row&gt;
          &lt;row&gt;⠀&lt;/row&gt;
          &lt;row&gt;⠑⠀⠞⠀⠞⠀⠜⠀⠀⠀⠓⠀⠜⠀⠝⠀⠀⠀⠕⠀⠇⠀⠊&lt;/row&gt;
          &lt;row&gt;⠀&lt;/row&gt;
          &lt;row&gt;⠧⠀⠜⠀⠓⠀⠜⠀⠇⠀⠇⠀⠜&lt;/row&gt;
          &lt;row&gt;⠀&lt;/row&gt;
          &lt;row&gt;⠝⠀⠥⠀⠅⠀⠁⠀⠓⠀⠞⠀⠁⠀⠁⠄⠀⠀⠀⠠⠥⠀⠃⠀⠃⠀⠑&lt;/row&gt;
          &lt;row&gt;⠀&lt;/row&gt;
          &lt;row&gt;⠏⠀⠥⠀⠅⠀⠅⠀⠁⠀⠎⠀⠊⠀⠀⠀⠓⠀⠜⠀⠝⠀⠞⠀⠜&lt;/row&gt;
          &lt;row&gt;⠀&lt;/row&gt;
          &lt;row&gt;⠅⠀⠽⠀⠇⠀⠅⠀⠑⠀⠑⠀⠝⠀⠀⠀⠚⠀⠁&lt;/row&gt;
          &lt;row&gt;⠀&lt;/row&gt;
          &lt;row&gt;⠓⠀⠁⠀⠥⠀⠅⠀⠕⠀⠞⠀⠞⠀⠑⠀⠇⠀⠊&lt;/row&gt;
          &lt;row&gt;⠀&lt;/row&gt;
          &lt;row&gt;⠍⠀⠁⠀⠅⠀⠑⠀⠁⠀⠎⠀⠞⠀⠊⠄&lt;/row&gt;
          &lt;row&gt;⠀&lt;/row&gt;
          &lt;row&gt;⠠⠇⠀⠜⠀⠍⠀⠏⠀⠪⠀⠅⠀⠪⠀⠀⠀⠓⠀⠑⠀⠊⠀⠞⠀⠜&lt;/row&gt;
          &lt;row&gt;⠀&lt;/row&gt;
          &lt;row&gt;⠝⠀⠜⠀⠊⠀⠝⠀⠀⠀⠗⠀⠁⠀⠍⠀⠁⠀⠊⠀⠎⠀⠊⠢&lt;/row&gt;
          &lt;row&gt;⠀&lt;/row&gt;
          &lt;row&gt;⠠⠧⠀⠁⠀⠊⠀⠀⠀⠞⠀⠜⠀⠽⠀⠎⠀⠊&lt;/row&gt;
          &lt;row&gt;⠀&lt;/row&gt;
          &lt;row&gt;⠧⠀⠁⠀⠞⠀⠎⠀⠁⠢&lt;/row&gt;
          &lt;row/&gt;
        &lt;/page&gt;
        &lt;page&gt;
          &lt;row&gt;⠀⠀⠀⠀⠀⠀⠀⠀⠀⠀⠀⠀⠀⠀⠀⠀⠀⠀⠀⠀⠀⠀⠀⠀⠀⠀⠼⠃⠑⠊&lt;/row&gt;
          &lt;row&gt;⠠⠧⠀⠁⠀⠊⠀⠀⠀⠠⠓⠀⠊⠀⠇⠀⠙⠀⠁⠀⠝&lt;/row&gt;
          &lt;row&gt;⠀&lt;/row&gt;
          &lt;row&gt;⠎⠀⠽⠀⠇⠀⠊⠀⠊⠀⠝&lt;/row&gt;
          &lt;row&gt;⠀&lt;/row&gt;
          &lt;row&gt;⠅⠀⠜⠀⠏⠀⠑⠀⠗⠀⠞⠀⠽⠀⠝⠀⠑⠀⠑⠀⠝&lt;/row&gt;
          &lt;row&gt;⠀&lt;/row&gt;
          &lt;row&gt;⠅⠀⠊⠀⠎⠀⠎⠀⠁⠀⠝⠀⠀⠀⠅⠀⠑⠀⠓⠀⠗⠀⠜⠀⠽⠀⠎⠢&lt;/row&gt;
          &lt;row&gt;⠀&lt;/row&gt;
          &lt;row&gt;⠀&lt;/row&gt;
          &lt;row&gt;⠤⠀⠀⠀⠠⠧⠀⠊⠀⠝⠀⠞⠀⠊⠀⠇⠀⠇⠀⠜⠀⠀⠀⠕⠀⠝&lt;/row&gt;
          &lt;row&gt;⠀&lt;/row&gt;
          &lt;row&gt;⠓⠀⠥⠀⠕⠀⠝⠀⠑⠂⠀⠀⠀⠚⠀⠕⠀⠎&lt;/row&gt;
          &lt;row&gt;⠀&lt;/row&gt;
          &lt;row&gt;⠓⠀⠁⠀⠇⠀⠥⠀⠁⠀⠞⠀⠞⠀⠑⠀⠀⠀⠚⠀⠜⠀⠜⠀⠙⠀⠜&lt;/row&gt;
          &lt;row&gt;⠀&lt;/row&gt;
          &lt;row&gt;⠽⠀⠪⠀⠅⠀⠎⠀⠊⠂⠀⠀⠀⠠⠓⠀⠊⠀⠇⠀⠙⠀⠁&lt;/row&gt;
          &lt;row&gt;⠀&lt;/row&gt;
          &lt;row&gt;⠎⠀⠁⠀⠝⠀⠕⠀⠊⠀⠀⠀⠚⠀⠁&lt;/row&gt;
          &lt;row&gt;⠀&lt;/row&gt;
          &lt;row&gt;⠓⠀⠽⠀⠍⠀⠽⠀⠊⠀⠇⠀⠊⠄&lt;/row&gt;
          &lt;row&gt;⠀&lt;/row&gt;
          &lt;row&gt;⠀&lt;/row&gt;
          &lt;row&gt;⠤⠀⠀⠀⠠⠍⠀⠑⠀⠊⠀⠙⠀⠜⠀⠝⠀⠀⠀⠕⠀⠝&lt;/row&gt;
          &lt;row&gt;⠀&lt;/row&gt;
          &lt;row&gt;⠍⠀⠑⠀⠝⠀⠞⠀⠜⠀⠧⠀⠜⠀⠀⠀⠅⠀⠕⠀⠞⠀⠊⠀⠊⠀⠝⠲&lt;/row&gt;
          &lt;row/&gt;
        &lt;/page&gt;
        &lt;page&gt;
          &lt;row&gt;⠀⠀⠀⠀⠀⠀⠀⠀⠀⠀⠀⠀⠀⠀⠀⠀⠀⠀⠀⠀⠀⠀⠀⠀⠀⠀⠼⠃⠋⠚&lt;/row&gt;
          &lt;row&gt;⠠⠕⠀⠓⠀⠕⠂⠀⠀⠀⠕⠀⠝⠀⠏⠀⠁⠀⠎&lt;/row&gt;
          &lt;row&gt;⠀&lt;/row&gt;
          &lt;row&gt;⠅⠀⠑⠀⠇⠀⠇⠀⠕⠀⠀⠀⠚⠀⠕&lt;/row&gt;
          &lt;row&gt;⠀&lt;/row&gt;
          &lt;row&gt;⠏⠀⠁⠀⠇⠀⠚⠀⠕⠀⠝⠲⠀⠀⠀⠠⠑⠀⠍⠀⠊⠀⠇&lt;/row&gt;
          &lt;row&gt;⠀&lt;/row&gt;
          &lt;row&gt;⠎⠀⠁⠀⠝⠀⠕⠀⠊⠀⠀⠀⠚⠀⠁&lt;/row&gt;
          &lt;row&gt;⠀&lt;/row&gt;
          &lt;row&gt;⠕⠀⠚⠀⠑⠀⠝⠀⠎⠀⠊&lt;/row&gt;
          &lt;row&gt;⠀&lt;/row&gt;
          &lt;row&gt;⠅⠀⠊⠀⠗⠀⠚⠀⠁⠀⠝⠀⠎⠀⠁⠄&lt;/row&gt;
          &lt;row&gt;⠀&lt;/row&gt;
          &lt;row&gt;⠀&lt;/row&gt;
          &lt;row&gt;⠠⠓⠀⠊⠀⠇⠀⠙⠀⠁⠀⠀⠀⠁⠀⠝⠀⠞⠀⠕⠀⠊&lt;/row&gt;
          &lt;row&gt;⠀&lt;/row&gt;
          &lt;row&gt;⠅⠀⠊⠀⠇⠀⠞⠀⠊⠀⠎⠀⠞⠀⠊&lt;/row&gt;
          &lt;row&gt;⠀&lt;/row&gt;
          &lt;row&gt;⠏⠀⠑⠀⠥⠀⠅⠀⠁⠀⠇⠀⠕⠀⠝⠀⠤&lt;/row&gt;
          &lt;row&gt;⠀&lt;/row&gt;
          &lt;row&gt;⠚⠀⠜⠀⠇⠀⠅⠀⠑⠀⠝⠀⠎⠀⠜⠄&lt;/row&gt;
          &lt;row&gt;⠀&lt;/row&gt;
          &lt;row&gt;⠀&lt;/row&gt;
          &lt;row&gt;⠠⠏⠀⠕⠀⠊⠀⠅⠀⠊⠀⠑⠀⠝&lt;/row&gt;
          &lt;row&gt;⠀&lt;/row&gt;
          &lt;row&gt;⠇⠀⠜⠀⠓⠀⠙⠀⠑⠀⠞⠀⠞⠀⠽⠀⠜⠀⠀⠀⠓⠀⠜⠀⠝&lt;/row&gt;
          &lt;row/&gt;
        &lt;/page&gt;
        &lt;page&gt;
          &lt;row&gt;⠀⠀⠀⠀⠀⠀⠀⠀⠀⠀⠀⠀⠀⠀⠀⠀⠀⠀⠀⠀⠀⠀⠀⠀⠀⠀⠼⠃⠋⠁&lt;/row&gt;
          &lt;row&gt;⠎⠀⠑⠀⠊⠀⠎⠀⠕⠀⠊⠀⠀⠀⠅⠀⠁⠀⠥⠀⠁⠀⠝&lt;/row&gt;
          &lt;row&gt;⠀&lt;/row&gt;
          &lt;row&gt;⠊⠀⠅⠀⠅⠀⠥⠀⠝⠀⠁⠀⠎⠀⠎⠀⠁&lt;/row&gt;
          &lt;row&gt;⠀&lt;/row&gt;
          &lt;row&gt;⠧⠀⠊⠀⠇⠀⠅⠀⠥⠀⠞⠀⠞⠀⠁⠀⠍⠀⠁⠀⠎⠀⠎⠀⠁⠄&lt;/row&gt;
          &lt;row&gt;⠀&lt;/row&gt;
          &lt;row&gt;⠀&lt;/row&gt;
          &lt;row&gt;⠀&lt;/row&gt;
          &lt;row&gt;⠀&lt;/row&gt;
          &lt;row&gt;⠀&lt;/row&gt;
          &lt;row&gt;⠀&lt;/row&gt;
          &lt;row&gt;⠀&lt;/row&gt;
          &lt;row&gt;⠀&lt;/row&gt;
          &lt;row&gt;⠀&lt;/row&gt;
          &lt;row&gt;⠀&lt;/row&gt;
          &lt;row&gt;⠀&lt;/row&gt;
          &lt;row&gt;⠀&lt;/row&gt;
          &lt;row&gt;⠀&lt;/row&gt;
          &lt;row&gt;⠀&lt;/row&gt;
          &lt;row&gt;⠀&lt;/row&gt;
          &lt;row&gt;⠀&lt;/row&gt;
          &lt;row&gt;⠀&lt;/row&gt;
          &lt;row&gt;⠀&lt;/row&gt;
          &lt;row&gt;⠀&lt;/row&gt;
          &lt;row&gt;⠀&lt;/row&gt;
          &lt;row/&gt;
        &lt;/page&gt;
        &lt;page&gt;
          &lt;row&gt;⠀⠀⠀⠀⠀⠀⠀⠀⠀⠀⠀⠀⠀⠀⠀⠀⠀⠀⠀⠀⠀⠀⠀⠀⠀⠀⠼⠃⠋⠃&lt;/row&gt;
          &lt;row&gt;⠼⠁⠚⠄⠀⠀⠀⠠⠇⠀⠥⠀⠅⠀⠥&lt;/row&gt;
          &lt;row&gt;⠀&lt;/row&gt;
          &lt;row&gt;⠀&lt;/row&gt;
          &lt;row&gt;⠠⠎⠀⠑⠀⠥⠀⠗⠀⠁⠀⠁⠀⠧⠀⠁⠀⠝⠀⠁&lt;/row&gt;
          &lt;row&gt;⠀&lt;/row&gt;
          &lt;row&gt;⠁⠀⠁⠀⠍⠀⠥⠀⠝⠀⠁⠀⠀⠀⠠⠑⠀⠍⠀⠊⠀⠇⠀⠀⠀⠚⠀⠁&lt;/row&gt;
          &lt;row&gt;⠀&lt;/row&gt;
          &lt;row&gt;⠠⠥⠀⠃⠀⠃⠀⠑⠀⠀⠀⠓⠀⠑⠀⠗⠀⠜⠀⠎⠀⠊⠀⠧⠀⠜⠀⠞&lt;/row&gt;
          &lt;row&gt;⠀&lt;/row&gt;
          &lt;row&gt;⠑⠀⠞⠀⠎⠀⠊⠀⠧⠀⠜⠀⠤&lt;/row&gt;
          &lt;row&gt;⠀&lt;/row&gt;
          &lt;row&gt;⠞⠀⠕⠀⠊⠀⠍⠀⠊⠀⠎⠀⠞⠀⠕⠀⠝&lt;/row&gt;
          &lt;row&gt;⠀&lt;/row&gt;
          &lt;row&gt;⠇⠀⠁⠀⠞⠀⠞⠀⠊⠀⠁⠀⠇⠀⠇⠀⠁⠄&lt;/row&gt;
          &lt;row&gt;⠀&lt;/row&gt;
          &lt;row&gt;⠠⠑⠀⠍⠀⠊⠀⠇⠀⠊⠀⠝&lt;/row&gt;
          &lt;row&gt;⠀&lt;/row&gt;
          &lt;row&gt;⠊⠀⠇⠀⠍⠀⠁⠀⠏⠀⠁⠀⠞⠀⠚⠀⠁⠀⠀⠀⠕⠀⠇⠀⠊&lt;/row&gt;
          &lt;row&gt;⠀&lt;/row&gt;
          &lt;row&gt;⠏⠀⠊⠀⠓⠀⠊⠀⠎⠀⠎⠀⠽⠀⠞&lt;/row&gt;
          &lt;row&gt;⠀&lt;/row&gt;
          &lt;row&gt;⠍⠀⠑⠀⠇⠀⠅⠀⠑⠀⠊⠀⠝&lt;/row&gt;
          &lt;row&gt;⠀&lt;/row&gt;
          &lt;row&gt;⠞⠀⠽⠀⠓⠀⠚⠀⠜⠀⠅⠀⠎⠀⠊⠄⠀⠀⠀⠠⠞⠀⠥⠀⠇⠀⠊&lt;/row&gt;
          &lt;row&gt;⠀&lt;/row&gt;
          &lt;row&gt;⠇⠀⠑⠀⠊⠀⠍⠀⠥⠀⠎⠀⠊&lt;/row&gt;
        &lt;/page&gt;
        &lt;page&gt;
          &lt;row&gt;⠀⠀⠀⠀⠀⠀⠀⠀⠀⠀⠀⠀⠀⠀⠀⠀⠀⠀⠀⠀⠀⠀⠀⠀⠀⠀⠼⠃⠋⠉&lt;/row&gt;
          &lt;row&gt;⠅⠀⠁⠀⠍⠀⠊⠀⠊⠀⠝⠀⠁⠀⠎⠀⠎⠀⠁⠂&lt;/row&gt;
          &lt;row&gt;⠀&lt;/row&gt;
          &lt;row&gt;⠚⠀⠁⠀⠀⠀⠏⠀⠕⠀⠎⠀⠞⠀⠊⠀⠤&lt;/row&gt;
          &lt;row&gt;⠀&lt;/row&gt;
          &lt;row&gt;⠇⠀⠁⠀⠁⠀⠞⠀⠊⠀⠅⠀⠕⠀⠎⠀⠎⠀⠁⠀⠀⠀⠕⠀⠇⠀⠊&lt;/row&gt;
          &lt;row&gt;⠀&lt;/row&gt;
          &lt;row&gt;⠏⠀⠜⠀⠊⠀⠧⠀⠜⠀⠝⠀⠀⠀⠇⠀⠑⠀⠓⠀⠞⠀⠊⠄&lt;/row&gt;
          &lt;row&gt;⠀&lt;/row&gt;
          &lt;row&gt;⠀&lt;/row&gt;
          &lt;row&gt;⠠⠑⠀⠞⠀⠥⠀⠎⠀⠊⠀⠧⠀⠥⠀⠇⠀⠇⠀⠁⠀⠀⠀⠕⠀⠇⠀⠊&lt;/row&gt;
          &lt;row&gt;⠀&lt;/row&gt;
          &lt;row&gt;⠠⠎⠀⠕⠀⠅⠀⠗⠀⠁⠀⠞⠀⠑⠀⠅⠀⠎⠀⠑⠀⠝&lt;/row&gt;
          &lt;row&gt;⠀&lt;/row&gt;
          &lt;row&gt;⠅⠀⠥⠀⠧⠀⠁⠄⠀⠀⠀⠠⠓⠀⠊⠀⠇⠀⠙⠀⠁&lt;/row&gt;
          &lt;row&gt;⠀&lt;/row&gt;
          &lt;row&gt;⠕⠀⠇⠀⠊&lt;/row&gt;
          &lt;row&gt;⠀&lt;/row&gt;
          &lt;row&gt;⠅⠀⠊⠀⠗⠀⠚⠀⠕⠀⠊⠀⠞⠀⠞⠀⠁⠀⠝⠀⠥⠀⠞&lt;/row&gt;
          &lt;row&gt;⠀&lt;/row&gt;
          &lt;row&gt;⠽⠀⠇⠀⠑⠀⠊⠀⠎⠀⠪⠀⠝⠀⠤&lt;/row&gt;
          &lt;row&gt;⠀&lt;/row&gt;
          &lt;row&gt;⠕⠀⠎⠀⠁⠀⠎⠀⠞⠀⠕⠀⠕⠀⠝&lt;/row&gt;
          &lt;row&gt;⠀&lt;/row&gt;
          &lt;row&gt;⠍⠀⠊⠀⠑⠀⠇⠀⠑⠀⠝⠀⠤&lt;/row&gt;
          &lt;row&gt;⠀&lt;/row&gt;
          &lt;row&gt;⠕⠀⠎⠀⠕⠀⠊⠀⠞⠀⠥⠀⠅⠀⠎⠀⠑⠀⠎⠀⠞⠀⠁⠂&lt;/row&gt;
        &lt;/page&gt;
        &lt;page&gt;
          &lt;row&gt;⠀⠀⠀⠀⠀⠀⠀⠀⠀⠀⠀⠀⠀⠀⠀⠀⠀⠀⠀⠀⠀⠀⠀⠀⠀⠀⠼⠃⠋⠙&lt;/row&gt;
          &lt;row&gt;⠚⠀⠕⠀⠝⠀⠅⠀⠁⠀⠀⠀⠠⠎⠀⠕⠀⠅⠀⠗⠀⠁⠀⠞⠀⠑⠀⠎&lt;/row&gt;
          &lt;row&gt;⠀&lt;/row&gt;
          &lt;row&gt;⠕⠀⠇⠀⠊&lt;/row&gt;
          &lt;row&gt;⠀&lt;/row&gt;
          &lt;row&gt;⠚⠀⠜⠀⠗⠀⠚⠀⠑⠀⠎⠀⠞⠀⠜⠀⠝⠀⠽⠀⠞&lt;/row&gt;
          &lt;row&gt;⠀&lt;/row&gt;
          &lt;row&gt;⠎⠀⠊⠀⠊⠀⠇⠀⠊⠀⠑⠀⠝&lt;/row&gt;
          &lt;row&gt;⠀&lt;/row&gt;
          &lt;row&gt;⠏⠀⠑⠀⠇⠀⠁⠀⠎⠀⠞⠀⠁⠀⠍⠀⠊⠀⠎⠀⠑⠀⠅⠀⠎⠀⠊⠄&lt;/row&gt;
          &lt;row&gt;⠀&lt;/row&gt;
          &lt;row&gt;⠠⠓⠀⠊⠀⠇⠀⠙⠀⠁⠀⠝&lt;/row&gt;
          &lt;row&gt;⠀&lt;/row&gt;
          &lt;row&gt;⠍⠀⠊⠀⠑⠀⠇⠀⠑⠀⠎⠀⠞⠀⠜⠀⠀⠀⠊⠀⠙⠀⠑⠀⠁&lt;/row&gt;
          &lt;row&gt;⠀&lt;/row&gt;
          &lt;row&gt;⠕⠀⠇⠀⠊⠀⠀⠀⠝⠀⠊⠀⠊⠀⠝&lt;/row&gt;
          &lt;row&gt;⠀&lt;/row&gt;
          &lt;row&gt;⠓⠀⠽⠀⠧⠀⠜⠂⠀⠀⠀⠑⠀⠞⠀⠞⠀⠜⠀⠀⠀⠓⠀⠜⠀⠝&lt;/row&gt;
          &lt;row&gt;⠀&lt;/row&gt;
          &lt;row&gt;⠇⠀⠁⠀⠓⠀⠚⠀⠕⠀⠊⠀⠞⠀⠞⠀⠊⠀⠀⠀⠎⠀⠁⠀⠞⠀⠁&lt;/row&gt;
          &lt;row&gt;⠀&lt;/row&gt;
          &lt;row&gt;⠅⠀⠁⠀⠝⠀⠁⠀⠝⠀⠍⠀⠥⠀⠝⠀⠁⠀⠁&lt;/row&gt;
          &lt;row&gt;⠀&lt;/row&gt;
          &lt;row&gt;⠅⠀⠕⠀⠙⠀⠊⠀⠞⠀⠞⠀⠕⠀⠍⠀⠊⠀⠇⠀⠇⠀⠑&lt;/row&gt;
          &lt;row&gt;⠀&lt;/row&gt;
          &lt;row&gt;⠎⠀⠊⠀⠊⠀⠇⠀⠑⠀⠊⠀⠇⠀⠇⠀⠑⠄⠀⠀⠀⠠⠚⠀⠁&lt;/row&gt;
          &lt;row/&gt;
        &lt;/page&gt;
        &lt;page&gt;
          &lt;row&gt;⠀⠀⠀⠀⠀⠀⠀⠀⠀⠀⠀⠀⠀⠀⠀⠀⠀⠀⠀⠀⠀⠀⠀⠀⠀⠀⠼⠃⠋⠑&lt;/row&gt;
          &lt;row&gt;⠓⠀⠜⠀⠝⠀⠀⠀⠑⠀⠓⠀⠙⠀⠕⠀⠞⠀⠞⠀⠊⠂&lt;/row&gt;
          &lt;row&gt;⠀&lt;/row&gt;
          &lt;row&gt;⠑⠀⠞⠀⠞⠀⠜&lt;/row&gt;
          &lt;row&gt;⠀&lt;/row&gt;
          &lt;row&gt;⠠⠛⠀⠕⠀⠞⠀⠇⠀⠁⠀⠝⠀⠞⠀⠊⠀⠊⠀⠝&lt;/row&gt;
          &lt;row&gt;⠀&lt;/row&gt;
          &lt;row&gt;⠏⠀⠑⠀⠗⠀⠥⠀⠎⠀⠞⠀⠑⠀⠞⠀⠞⠀⠁⠀⠊⠀⠎⠀⠊⠀⠊⠤&lt;/row&gt;
          &lt;row&gt;⠀&lt;/row&gt;
          &lt;row&gt;⠝⠀⠀⠀⠎⠀⠊⠀⠊⠀⠇⠀⠊⠀⠑⠀⠝&lt;/row&gt;
          &lt;row&gt;⠀&lt;/row&gt;
          &lt;row&gt;⠎⠀⠥⠀⠕⠀⠚⠀⠑⠀⠇⠀⠥⠀⠤&lt;/row&gt;
          &lt;row&gt;⠀&lt;/row&gt;
          &lt;row&gt;⠽⠀⠓⠀⠙⠀⠊⠀⠎⠀⠞⠀⠽⠀⠎⠄&lt;/row&gt;
          &lt;row&gt;⠀&lt;/row&gt;
          &lt;row&gt;⠠⠓⠀⠜⠀⠝⠀⠀⠀⠑⠀⠎⠀⠊⠀⠞⠀⠞⠀⠊⠂&lt;/row&gt;
          &lt;row&gt;⠀&lt;/row&gt;
          &lt;row&gt;⠑⠀⠞⠀⠞⠀⠜⠀⠀⠀⠠⠎⠀⠕⠀⠅⠀⠗⠀⠁⠀⠞⠀⠑⠀⠎&lt;/row&gt;
          &lt;row&gt;⠀&lt;/row&gt;
          &lt;row&gt;⠧⠀⠁⠀⠇⠀⠊⠀⠞⠀⠞⠀⠁⠀⠊⠀⠎⠀⠊⠀⠊⠀⠝&lt;/row&gt;
          &lt;row&gt;⠀&lt;/row&gt;
          &lt;row&gt;⠎⠀⠑⠀⠝⠀⠀⠀⠏⠀⠥⠀⠓⠀⠑⠀⠑⠀⠝⠀⠤&lt;/row&gt;
          &lt;row&gt;⠀&lt;/row&gt;
          &lt;row&gt;⠚⠀⠕⠀⠓⠀⠞⠀⠁⠀⠚⠀⠁⠀⠅⠀⠎⠀⠊⠄&lt;/row&gt;
          &lt;row&gt;⠀&lt;/row&gt;
          &lt;row&gt;⠀&lt;/row&gt;
          &lt;row/&gt;
        &lt;/page&gt;
        &lt;page&gt;
          &lt;row&gt;⠀⠀⠀⠀⠀⠀⠀⠀⠀⠀⠀⠀⠀⠀⠀⠀⠀⠀⠀⠀⠀⠀⠀⠀⠀⠀⠼⠃⠋⠋&lt;/row&gt;
          &lt;row&gt;⠠⠧⠀⠜⠀⠓⠀⠜⠀⠝⠀⠀⠀⠁⠀⠇⠀⠑⠀⠍⠀⠏⠀⠁⠀⠝⠀⠁&lt;/row&gt;
          &lt;row&gt;⠀&lt;/row&gt;
          &lt;row&gt;⠎⠀⠁⠀⠍⠀⠁⠀⠇⠀⠇⠀⠁&lt;/row&gt;
          &lt;row&gt;⠀&lt;/row&gt;
          &lt;row&gt;⠎⠀⠊⠀⠧⠀⠥⠀⠇⠀⠇⠀⠁&lt;/row&gt;
          &lt;row&gt;⠀&lt;/row&gt;
          &lt;row&gt;⠅⠀⠑⠀⠗⠀⠗⠀⠕⠀⠞⠀⠞⠀⠊⠀⠊⠀⠝&lt;/row&gt;
          &lt;row&gt;⠀&lt;/row&gt;
          &lt;row&gt;⠅⠀⠥⠀⠅⠀⠅⠀⠁⠀⠗⠀⠕⠀⠤&lt;/row&gt;
          &lt;row&gt;⠀&lt;/row&gt;
          &lt;row&gt;⠧⠀⠁⠀⠗⠀⠅⠀⠁⠀⠥⠀⠙⠀⠑⠀⠎⠀⠞⠀⠁⠀⠀⠀⠚⠀⠁&lt;/row&gt;
          &lt;row&gt;⠀&lt;/row&gt;
          &lt;row&gt;⠍⠀⠑⠀⠗⠀⠅⠀⠊⠀⠞⠀⠽⠀⠊⠀⠎⠀⠞⠀⠜&lt;/row&gt;
          &lt;row&gt;⠀&lt;/row&gt;
          &lt;row&gt;⠎⠀⠑⠀⠞⠀⠑⠀⠇⠀⠑⠀⠊⠀⠎⠀⠞⠀⠜⠄&lt;/row&gt;
          &lt;row&gt;⠀&lt;/row&gt;
          &lt;row&gt;⠤⠀⠀⠀⠠⠇⠀⠥⠀⠥⠀⠇⠀⠑⠀⠞⠀⠅⠀⠕⠂&lt;/row&gt;
          &lt;row&gt;⠀&lt;/row&gt;
          &lt;row&gt;⠑⠀⠞⠀⠞⠀⠜⠀⠀⠀⠠⠓⠀⠊⠀⠇⠀⠙⠀⠁&lt;/row&gt;
          &lt;row&gt;⠀&lt;/row&gt;
          &lt;row&gt;⠁⠀⠝⠀⠞⠀⠕⠀⠊⠀⠀⠀⠍⠀⠑⠀⠊⠀⠇⠀⠇⠀⠑&lt;/row&gt;
          &lt;row&gt;⠀&lt;/row&gt;
          &lt;row&gt;⠥⠀⠝⠀⠊⠀⠇⠀⠜⠀⠜⠀⠅⠀⠑⠀⠞⠀⠞⠀⠜⠂&lt;/row&gt;
          &lt;row&gt;⠀&lt;/row&gt;
          &lt;row&gt;⠧⠀⠁⠀⠊&lt;/row&gt;
          &lt;row/&gt;
        &lt;/page&gt;
        &lt;page&gt;
          &lt;row&gt;⠀⠀⠀⠀⠀⠀⠀⠀⠀⠀⠀⠀⠀⠀⠀⠀⠀⠀⠀⠀⠀⠀⠀⠀⠀⠀⠼⠃⠋⠛&lt;/row&gt;
          &lt;row&gt;⠅⠀⠥⠀⠧⠀⠊⠀⠞⠀⠞⠀⠑⠀⠇⠀⠊⠀⠍⠀⠍⠀⠑⠀⠅⠀⠕&lt;/row&gt;
          &lt;row&gt;⠀&lt;/row&gt;
          &lt;row&gt;⠧⠀⠁⠀⠊⠀⠝⠢⠀⠀⠀⠠⠥⠀⠃⠀⠃⠀⠑&lt;/row&gt;
          &lt;row&gt;⠀&lt;/row&gt;
          &lt;row&gt;⠅⠀⠽⠀⠎⠀⠽⠀⠊⠂⠀⠀⠀⠅⠀⠪⠀⠍⠀⠏⠀⠊&lt;/row&gt;
          &lt;row&gt;⠀&lt;/row&gt;
          &lt;row&gt;⠽⠀⠇⠀⠪⠀⠎⠀⠀⠀⠇⠀⠁⠀⠞⠀⠞⠀⠊⠀⠁⠀⠇⠀⠞⠀⠁&lt;/row&gt;
          &lt;row&gt;⠀&lt;/row&gt;
          &lt;row&gt;⠚⠀⠁⠀⠀⠀⠊⠀⠎⠀⠞⠀⠥⠀⠥⠀⠞⠀⠥⠀⠊&lt;/row&gt;
          &lt;row&gt;⠀&lt;/row&gt;
          &lt;row&gt;⠞⠀⠊⠀⠑⠀⠞⠀⠕⠀⠅⠀⠕⠀⠝⠀⠑⠀⠑⠀⠇⠀⠇⠀⠑⠄&lt;/row&gt;
          &lt;row&gt;⠀&lt;/row&gt;
          &lt;row&gt;⠀&lt;/row&gt;
          &lt;row&gt;⠤⠀⠀⠀⠠⠑⠀⠊⠀⠀⠀⠧⠀⠕⠀⠊&lt;/row&gt;
          &lt;row&gt;⠀&lt;/row&gt;
          &lt;row&gt;⠞⠀⠊⠀⠑⠀⠞⠀⠜⠀⠜⠄&lt;/row&gt;
          &lt;row&gt;⠀&lt;/row&gt;
          &lt;row&gt;⠠⠧⠀⠕⠀⠊⠀⠍⠀⠍⠀⠑⠀⠀⠀⠕⠀⠇⠀⠇⠀⠁&lt;/row&gt;
          &lt;row&gt;⠀&lt;/row&gt;
          &lt;row&gt;⠧⠀⠁⠀⠗⠀⠍⠀⠕⠀⠚⠀⠁⠀⠀⠀⠧⠀⠁⠀⠊⠀⠝&lt;/row&gt;
          &lt;row&gt;⠀&lt;/row&gt;
          &lt;row&gt;⠎⠀⠊⠀⠊⠀⠞⠀⠜⠂⠀⠀⠀⠑⠀⠞⠀⠞⠀⠑⠀⠊&lt;/row&gt;
          &lt;row&gt;⠀&lt;/row&gt;
          &lt;row&gt;⠓⠀⠜⠀⠝⠀⠀⠀⠧⠀⠊⠀⠑⠀⠝⠀⠽⠀⠞&lt;/row&gt;
          &lt;row&gt;⠀&lt;/row&gt;
          &lt;row&gt;⠗⠀⠁⠀⠓⠀⠕⠀⠚⠀⠁⠄&lt;/row&gt;
        &lt;/page&gt;
        &lt;page&gt;
          &lt;row&gt;⠀⠀⠀⠀⠀⠀⠀⠀⠀⠀⠀⠀⠀⠀⠀⠀⠀⠀⠀⠀⠀⠀⠀⠀⠀⠀⠼⠃⠋⠓&lt;/row&gt;
          &lt;row&gt;⠠⠑⠀⠍⠀⠊⠀⠇⠀⠀⠀⠝⠀⠜⠀⠽⠀⠞⠀⠞⠀⠊&lt;/row&gt;
          &lt;row&gt;⠀&lt;/row&gt;
          &lt;row&gt;⠧⠀⠁⠀⠗⠀⠅⠀⠁⠀⠁⠀⠝&lt;/row&gt;
          &lt;row&gt;⠀&lt;/row&gt;
          &lt;row&gt;⠏⠀⠑⠀⠥⠀⠅⠀⠁⠀⠇⠀⠕⠀⠝⠀⠤&lt;/row&gt;
          &lt;row&gt;⠀&lt;/row&gt;
          &lt;row&gt;⠚⠀⠜⠀⠇⠀⠅⠀⠑⠀⠜⠂⠀⠀⠀⠚⠀⠕⠀⠅⠀⠁&lt;/row&gt;
          &lt;row&gt;⠀&lt;/row&gt;
          &lt;row&gt;⠕⠀⠇⠀⠊⠀⠀⠀⠊⠀⠇⠀⠍⠀⠕⠀⠊⠀⠞⠀⠥⠀⠎⠀⠤&lt;/row&gt;
          &lt;row&gt;⠀&lt;/row&gt;
          &lt;row&gt;⠞⠀⠁⠀⠥⠀⠇⠀⠥⠀⠇⠀⠇⠀⠁⠄⠀⠀⠀⠠⠚⠀⠁&lt;/row&gt;
          &lt;row&gt;⠀&lt;/row&gt;
          &lt;row&gt;⠎⠀⠊⠀⠞⠀⠞⠀⠑⠀⠝⠀⠀⠀⠓⠀⠜⠀⠝&lt;/row&gt;
          &lt;row&gt;⠀&lt;/row&gt;
          &lt;row&gt;⠝⠀⠜⠀⠽⠀⠞⠀⠞⠀⠊⠀⠀⠀⠠⠓⠀⠊⠀⠇⠀⠙⠀⠁⠀⠝&lt;/row&gt;
          &lt;row&gt;⠀&lt;/row&gt;
          &lt;row&gt;⠏⠀⠑⠀⠥⠀⠅⠀⠁⠀⠇⠀⠕⠀⠝⠀⠚⠀⠜⠀⠇⠀⠅⠀⠑⠀⠜⠂&lt;/row&gt;
          &lt;row&gt;⠀&lt;/row&gt;
          &lt;row&gt;⠚⠀⠕⠀⠅⠀⠁⠀⠀⠀⠕⠀⠇⠀⠊&lt;/row&gt;
          &lt;row&gt;⠀&lt;/row&gt;
          &lt;row&gt;⠍⠀⠥⠀⠎⠀⠞⠀⠁⠀⠎⠀⠎⠀⠁&lt;/row&gt;
          &lt;row&gt;⠀&lt;/row&gt;
          &lt;row&gt;⠍⠀⠥⠀⠊⠀⠎⠀⠞⠀⠊⠀⠅⠀⠊⠀⠗⠀⠚⠀⠁⠀⠎⠀⠎⠀⠁⠄&lt;/row&gt;
          &lt;row&gt;⠀&lt;/row&gt;
          &lt;row&gt;⠀&lt;/row&gt;
          &lt;row/&gt;
        &lt;/page&gt;
        &lt;page&gt;
          &lt;row&gt;⠀⠀⠀⠀⠀⠀⠀⠀⠀⠀⠀⠀⠀⠀⠀⠀⠀⠀⠀⠀⠀⠀⠀⠀⠀⠀⠼⠃⠋⠊&lt;/row&gt;
          &lt;row&gt;⠠⠚⠀⠜⠀⠇⠀⠚⠀⠑⠀⠞⠀⠀⠀⠕⠀⠇⠀⠊⠀⠧⠀⠁⠀⠞&lt;/row&gt;
          &lt;row&gt;⠀&lt;/row&gt;
          &lt;row&gt;⠁⠀⠊⠀⠧⠀⠁⠀⠝&lt;/row&gt;
          &lt;row&gt;⠀&lt;/row&gt;
          &lt;row&gt;⠑⠀⠗⠀⠊⠀⠇⠀⠁⠀⠊⠀⠎⠀⠑⠀⠞⠄&lt;/row&gt;
          &lt;row&gt;⠀&lt;/row&gt;
          &lt;row&gt;⠀&lt;/row&gt;
          &lt;row&gt;⠠⠚⠀⠥⠀⠥⠀⠗⠀⠊⠀⠀⠀⠎⠀⠊⠀⠇⠀⠇⠀⠕⠀⠊⠀⠝&lt;/row&gt;
          &lt;row&gt;⠀&lt;/row&gt;
          &lt;row&gt;⠠⠎⠀⠕⠀⠅⠀⠗⠀⠁⠀⠞⠀⠑⠀⠎&lt;/row&gt;
          &lt;row&gt;⠀&lt;/row&gt;
          &lt;row&gt;⠅⠀⠕⠀⠏⠀⠥⠀⠞⠀⠞⠀⠊⠀⠀⠀⠕⠀⠧⠀⠑⠀⠑⠀⠝⠄&lt;/row&gt;
          &lt;row&gt;⠀&lt;/row&gt;
          &lt;row&gt;⠠⠞⠀⠜⠀⠝⠀⠜⠀⠜⠀⠝⠀⠀⠀⠓⠀⠜⠀⠝⠀⠑⠀⠝&lt;/row&gt;
          &lt;row&gt;⠀&lt;/row&gt;
          &lt;row&gt;⠅⠀⠁⠀⠎⠀⠧⠀⠕⠀⠊⠀⠎⠀⠎⠀⠁⠀⠁⠀⠝⠀⠀⠀⠑⠀⠊&lt;/row&gt;
          &lt;row&gt;⠀&lt;/row&gt;
          &lt;row&gt;⠕⠀⠇⠀⠇⠀⠥⠀⠞&lt;/row&gt;
          &lt;row&gt;⠀&lt;/row&gt;
          &lt;row&gt;⠏⠀⠽⠀⠽⠀⠅⠀⠅⠀⠊⠀⠏⠀⠕⠀⠊⠀⠅⠀⠊⠀⠁⠄&lt;/row&gt;
          &lt;row&gt;⠀&lt;/row&gt;
          &lt;row&gt;⠠⠅⠀⠜⠀⠙⠀⠑⠀⠎⠀⠎⠀⠜⠀⠜⠀⠝&lt;/row&gt;
          &lt;row&gt;⠀&lt;/row&gt;
          &lt;row&gt;⠓⠀⠜⠀⠝⠀⠑⠀⠇⠀⠇⠀⠜⠀⠀⠀⠕⠀⠇⠀⠊&lt;/row&gt;
          &lt;row&gt;⠀&lt;/row&gt;
          &lt;row&gt;⠅⠀⠑⠀⠗⠀⠜⠀⠽⠀⠎⠀⠇⠀⠊⠀⠏⠀⠁⠀⠎⠀⠀⠀⠚⠀⠁&lt;/row&gt;
        &lt;/page&gt;
        &lt;page&gt;
          &lt;row&gt;⠀⠀⠀⠀⠀⠀⠀⠀⠀⠀⠀⠀⠀⠀⠀⠀⠀⠀⠀⠀⠀⠀⠀⠀⠀⠀⠼⠃⠛⠚&lt;/row&gt;
          &lt;row&gt;⠇⠀⠑⠀⠓⠀⠞⠀⠊⠂⠀⠀⠀⠚⠀⠕⠀⠝⠀⠅⠀⠁&lt;/row&gt;
          &lt;row&gt;⠀&lt;/row&gt;
          &lt;row&gt;⠠⠑⠀⠍⠀⠊⠀⠇⠀⠀⠀⠕⠀⠇⠀⠊&lt;/row&gt;
          &lt;row&gt;⠀&lt;/row&gt;
          &lt;row&gt;⠇⠀⠥⠀⠧⠀⠁⠀⠝⠀⠝⠀⠥⠀⠞⠀⠀⠀⠕⠀⠎⠀⠞⠀⠁⠀⠁⠄&lt;/row&gt;
          &lt;row&gt;⠀&lt;/row&gt;
          &lt;row&gt;⠀&lt;/row&gt;
          &lt;row&gt;⠤⠀⠀⠀⠠⠍⠀⠊⠀⠞⠀⠑⠀⠝⠀⠀⠀⠅⠀⠑⠀⠗⠀⠜⠀⠽⠀⠎&lt;/row&gt;
          &lt;row&gt;⠀&lt;/row&gt;
          &lt;row&gt;⠎⠀⠥⠀⠚⠀⠥⠀⠊⠢⠀⠀⠀⠠⠥⠀⠃⠀⠃⠀⠑&lt;/row&gt;
          &lt;row&gt;⠀&lt;/row&gt;
          &lt;row&gt;⠅⠀⠽⠀⠎⠀⠽⠀⠊⠄&lt;/row&gt;
          &lt;row&gt;⠀&lt;/row&gt;
          &lt;row&gt;⠀&lt;/row&gt;
          &lt;row&gt;⠤⠀⠀⠀⠠⠑⠀⠝⠀⠀⠀⠕⠀⠊⠀⠅⠀⠑⠀⠊⠀⠝&lt;/row&gt;
          &lt;row&gt;⠀&lt;/row&gt;
          &lt;row&gt;⠞⠀⠊⠀⠑⠀⠙⠀⠜⠄&lt;/row&gt;
          &lt;row&gt;⠀&lt;/row&gt;
          &lt;row&gt;⠠⠧⠀⠁⠀⠊⠀⠝⠀⠀⠀⠽⠀⠅⠀⠎⠀⠊&lt;/row&gt;
          &lt;row&gt;⠀&lt;/row&gt;
          &lt;row&gt;⠊⠀⠓⠀⠍⠀⠊⠀⠝⠀⠑⠀⠝&lt;/row&gt;
          &lt;row&gt;⠀&lt;/row&gt;
          &lt;row&gt;⠇⠀⠁⠀⠊⠀⠞⠀⠞⠀⠕⠀⠊⠀⠀⠀⠗⠀⠁⠀⠓⠀⠁⠀⠁&lt;/row&gt;
          &lt;row&gt;⠀&lt;/row&gt;
          &lt;row&gt;⠇⠀⠊⠀⠏⠀⠏⠀⠁⠀⠁⠀⠎⠀⠑⠀⠑⠀⠝⠄&lt;/row&gt;
          &lt;row/&gt;
        &lt;/page&gt;
        &lt;page&gt;
          &lt;row&gt;⠀⠀⠀⠀⠀⠀⠀⠀⠀⠀⠀⠀⠀⠀⠀⠀⠀⠀⠀⠀⠀⠀⠀⠀⠀⠀⠼⠃⠛⠁&lt;/row&gt;
          &lt;row&gt;⠠⠁⠀⠧⠀⠁⠀⠞⠀⠁⠀⠁⠀⠝⠀⠅⠀⠕⠀⠀⠀⠎⠀⠑&lt;/row&gt;
          &lt;row&gt;⠀&lt;/row&gt;
          &lt;row&gt;⠽⠀⠓⠀⠙⠀⠑⠀⠎⠀⠎⠀⠜⠂⠀⠀⠀⠝⠀⠊⠀⠊⠀⠝&lt;/row&gt;
          &lt;row&gt;⠀&lt;/row&gt;
          &lt;row&gt;⠝⠀⠜⠀⠓⠀⠙⠀⠜⠀⠜⠀⠝&lt;/row&gt;
          &lt;row&gt;⠀&lt;/row&gt;
          &lt;row&gt;⠏⠀⠁⠀⠇⠀⠚⠀⠕⠀⠝⠀⠅⠀⠕&lt;/row&gt;
          &lt;row&gt;⠀&lt;/row&gt;
          &lt;row&gt;⠎⠀⠊⠀⠑⠀⠇⠀⠇⠀⠜⠀⠀⠀⠕⠀⠝⠢&lt;/row&gt;
          &lt;row&gt;⠀&lt;/row&gt;
          &lt;row&gt;⠀&lt;/row&gt;
          &lt;row&gt;⠠⠎⠀⠕⠀⠅⠀⠗⠀⠁⠀⠞⠀⠑⠀⠎⠀⠀⠀⠕⠀⠞⠀⠞⠀⠊&lt;/row&gt;
          &lt;row&gt;⠀&lt;/row&gt;
          &lt;row&gt;⠏⠀⠥⠀⠗⠀⠅⠀⠊⠀⠝⠀⠁⠀⠧⠀⠁⠀⠁⠀⠚⠀⠁⠀⠝&lt;/row&gt;
          &lt;row&gt;⠀&lt;/row&gt;
          &lt;row&gt;⠞⠀⠁⠀⠎⠀⠅⠀⠥⠀⠎⠀⠞⠀⠁⠀⠁⠀⠝⠀⠀⠀⠚⠀⠁&lt;/row&gt;
          &lt;row&gt;⠀&lt;/row&gt;
          &lt;row&gt;⠗⠀⠽⠀⠓⠀⠞⠀⠽⠀⠊&lt;/row&gt;
          &lt;row&gt;⠀&lt;/row&gt;
          &lt;row&gt;⠁⠀⠧⠀⠁⠀⠁⠀⠍⠀⠁⠀⠁⠀⠝&lt;/row&gt;
          &lt;row&gt;⠀&lt;/row&gt;
          &lt;row&gt;⠅⠀⠁⠀⠝⠀⠞⠀⠞⠀⠁⠄&lt;/row&gt;
          &lt;row&gt;⠀&lt;/row&gt;
          &lt;row&gt;⠀&lt;/row&gt;
          &lt;row&gt;⠀&lt;/row&gt;
          &lt;row/&gt;
        &lt;/page&gt;
        &lt;page&gt;
          &lt;row&gt;⠀⠀⠀⠀⠀⠀⠀⠀⠀⠀⠀⠀⠀⠀⠀⠀⠀⠀⠀⠀⠀⠀⠀⠀⠀⠀⠼⠃⠛⠃&lt;/row&gt;
          &lt;row&gt;⠤⠀⠀⠀⠠⠑⠀⠊⠀⠅⠀⠪⠀⠀⠀⠎⠀⠊⠀⠝⠀⠥⠀⠇⠀⠇⠀⠁&lt;/row&gt;
          &lt;row&gt;⠀&lt;/row&gt;
          &lt;row&gt;⠕⠀⠇⠀⠑⠀⠀⠀⠁⠀⠧⠀⠁⠀⠊⠀⠝⠀⠞⠀⠁⠢&lt;/row&gt;
          &lt;row&gt;⠀&lt;/row&gt;
          &lt;row&gt;⠠⠑⠀⠍⠀⠊⠀⠇&lt;/row&gt;
          &lt;row&gt;⠀&lt;/row&gt;
          &lt;row&gt;⠅⠀⠥⠀⠍⠀⠍⠀⠁⠀⠎⠀⠞⠀⠑⠀⠇⠀⠊⠄&lt;/row&gt;
          &lt;row&gt;⠀&lt;/row&gt;
          &lt;row&gt;⠀&lt;/row&gt;
          &lt;row&gt;⠤⠀⠀⠀⠠⠏⠀⠥⠀⠙⠀⠕⠀⠞⠀⠊⠀⠝⠀⠀⠀⠎⠀⠑⠀⠝&lt;/row&gt;
          &lt;row&gt;⠀&lt;/row&gt;
          &lt;row&gt;⠇⠀⠊⠀⠏⠀⠏⠀⠁⠀⠁⠀⠎⠀⠑⠀⠑⠀⠝⠂&lt;/row&gt;
          &lt;row&gt;⠀&lt;/row&gt;
          &lt;row&gt;⠚⠀⠕⠀⠞⠀⠞⠀⠁&lt;/row&gt;
          &lt;row&gt;⠀&lt;/row&gt;
          &lt;row&gt;⠞⠀⠊⠀⠑⠀⠞⠀⠜⠀⠊⠀⠎⠀⠊⠀⠝⠂&lt;/row&gt;
          &lt;row&gt;⠀&lt;/row&gt;
          &lt;row&gt;⠍⠀⠊⠀⠎⠀⠎⠀⠜⠀⠀⠀⠎⠀⠑⠀⠀⠀⠕⠀⠝⠂&lt;/row&gt;
          &lt;row&gt;⠀&lt;/row&gt;
          &lt;row&gt;⠎⠀⠁⠀⠝⠀⠕⠀⠊⠀⠀⠀⠎⠀⠕⠀⠅⠀⠗⠀⠁⠀⠞⠀⠑⠀⠎⠄&lt;/row&gt;
          &lt;row&gt;⠀&lt;/row&gt;
          &lt;row&gt;⠤⠀⠀⠀⠠⠝⠀⠽⠀⠞⠀⠀⠀⠞⠀⠊⠀⠑⠀⠙⠀⠜⠀⠝⠂&lt;/row&gt;
          &lt;row&gt;⠀&lt;/row&gt;
          &lt;row&gt;⠍⠀⠊⠀⠎⠀⠎⠀⠜⠀⠀⠀⠎⠀⠑⠀⠀⠀⠕⠀⠝⠂&lt;/row&gt;
          &lt;row&gt;⠀&lt;/row&gt;
          &lt;row&gt;⠍⠀⠥⠀⠞⠀⠞⠀⠁⠀⠀⠀⠑⠀⠝⠀⠀⠀⠧⠀⠕⠀⠊&lt;/row&gt;
        &lt;/page&gt;
        &lt;page&gt;
          &lt;row&gt;⠀⠀⠀⠀⠀⠀⠀⠀⠀⠀⠀⠀⠀⠀⠀⠀⠀⠀⠀⠀⠀⠀⠀⠀⠀⠀⠼⠃⠛⠉&lt;/row&gt;
          &lt;row&gt;⠁⠀⠧⠀⠁⠀⠞⠀⠁⠀⠀⠀⠇⠀⠊⠀⠏⠀⠁⠀⠎⠀⠞⠀⠁&lt;/row&gt;
          &lt;row&gt;⠀&lt;/row&gt;
          &lt;row&gt;⠎⠀⠊⠀⠇⠀⠇⠀⠜⠄&lt;/row&gt;
          &lt;row&gt;⠀&lt;/row&gt;
          &lt;row&gt;⠠⠓⠀⠜⠀⠝⠀⠀⠀⠎⠀⠁⠀⠊⠀⠀⠀⠅⠀⠁⠀⠝⠀⠝⠀⠑⠀⠝&lt;/row&gt;
          &lt;row&gt;⠀&lt;/row&gt;
          &lt;row&gt;⠁⠀⠥⠀⠅⠀⠊⠀⠀⠀⠚⠀⠁⠀⠀⠀⠞⠀⠽⠀⠪⠀⠝⠀⠎⠀⠊&lt;/row&gt;
          &lt;row&gt;⠀&lt;/row&gt;
          &lt;row&gt;⠅⠀⠜⠀⠞⠀⠑⠀⠝⠀⠎⠀⠜&lt;/row&gt;
          &lt;row&gt;⠀&lt;/row&gt;
          &lt;row&gt;⠏⠀⠥⠀⠗⠀⠅⠀⠅⠀⠊⠀⠊⠀⠝⠄&lt;/row&gt;
          &lt;row&gt;⠀&lt;/row&gt;
          &lt;row&gt;⠀&lt;/row&gt;
          &lt;row&gt;⠤⠀⠀⠀⠠⠚⠀⠥⠀⠅⠀⠗⠀⠁⠲&lt;/row&gt;
          &lt;row&gt;⠀&lt;/row&gt;
          &lt;row&gt;⠠⠧⠀⠊⠀⠊⠀⠎⠀⠊⠀⠎⠀⠁⠀⠞⠀⠁⠀⠁&lt;/row&gt;
          &lt;row&gt;⠀&lt;/row&gt;
          &lt;row&gt;⠅⠀⠗⠀⠥⠀⠥⠀⠝⠀⠥⠀⠁⠲&lt;/row&gt;
          &lt;row&gt;⠀&lt;/row&gt;
          &lt;row&gt;⠠⠎⠀⠕⠀⠅⠀⠗⠀⠁⠀⠞⠀⠑⠀⠎&lt;/row&gt;
          &lt;row&gt;⠀&lt;/row&gt;
          &lt;row&gt;⠓⠀⠜⠀⠍⠀⠍⠀⠜⠀⠎⠀⠞⠀⠽⠀⠊⠀⠀⠀⠝⠀⠊⠀⠊⠀⠝&lt;/row&gt;
          &lt;row&gt;⠀&lt;/row&gt;
          &lt;row&gt;⠑⠀⠞⠀⠞⠀⠜⠀⠀⠀⠕⠀⠇⠀⠊&lt;/row&gt;
          &lt;row&gt;⠀&lt;/row&gt;
          &lt;row&gt;⠧⠀⠜⠀⠓⠀⠜⠀⠇⠀⠇⠀⠜&lt;/row&gt;
        &lt;/page&gt;
        &lt;page&gt;
          &lt;row&gt;⠀⠀⠀⠀⠀⠀⠀⠀⠀⠀⠀⠀⠀⠀⠀⠀⠀⠀⠀⠀⠀⠀⠀⠀⠀⠀⠼⠃⠛⠙&lt;/row&gt;
          &lt;row&gt;⠏⠀⠥⠀⠙⠀⠕⠀⠞⠀⠞⠀⠁⠀⠁&lt;/row&gt;
          &lt;row&gt;⠀&lt;/row&gt;
          &lt;row&gt;⠗⠀⠁⠀⠓⠀⠁⠀⠞⠄&lt;/row&gt;
          &lt;row&gt;⠀&lt;/row&gt;
          &lt;row&gt;⠀&lt;/row&gt;
          &lt;row&gt;⠤⠀⠀⠀⠠⠑⠀⠝&lt;/row&gt;
          &lt;row&gt;⠀&lt;/row&gt;
          &lt;row&gt;⠞⠀⠊⠀⠑⠀⠝⠀⠝⠀⠽⠀⠞⠀⠅⠀⠜⠀⠜⠀⠝⠂&lt;/row&gt;
          &lt;row&gt;⠀&lt;/row&gt;
          &lt;row&gt;⠑⠀⠞⠀⠞⠀⠜⠀⠀⠀⠏⠀⠕⠀⠇⠀⠊⠀⠊⠀⠎⠀⠊⠀⠞&lt;/row&gt;
          &lt;row&gt;⠀&lt;/row&gt;
          &lt;row&gt;⠕⠀⠧⠀⠁⠀⠞⠀⠀⠀⠝⠀⠜⠀⠊⠀⠝&lt;/row&gt;
          &lt;row&gt;⠀&lt;/row&gt;
          &lt;row&gt;⠎⠀⠥⠀⠥⠀⠗⠀⠊⠀⠁&lt;/row&gt;
          &lt;row&gt;⠀&lt;/row&gt;
          &lt;row&gt;⠑⠀⠇⠀⠜⠀⠊⠀⠝⠀⠞⠀⠑⠀⠝&lt;/row&gt;
          &lt;row&gt;⠀&lt;/row&gt;
          &lt;row&gt;⠽⠀⠎⠀⠞⠀⠜⠀⠧⠀⠊⠀⠜⠄&lt;/row&gt;
          &lt;row&gt;⠀&lt;/row&gt;
          &lt;row&gt;⠤⠀⠀⠀⠠⠅⠀⠁⠀⠇⠀⠇⠀⠑&lt;/row&gt;
          &lt;row&gt;⠀&lt;/row&gt;
          &lt;row&gt;⠠⠅⠀⠥⠀⠥⠀⠇⠀⠊⠀⠁⠀⠊⠀⠝⠀⠑⠀⠝⠲&lt;/row&gt;
          &lt;row&gt;⠀&lt;/row&gt;
          &lt;row&gt;⠠⠑⠀⠍⠀⠊⠀⠇⠀⠀⠀⠓⠀⠥⠀⠥⠀⠙⠀⠁⠀⠓⠀⠞⠀⠊⠄&lt;/row&gt;
          &lt;row&gt;⠀&lt;/row&gt;
          &lt;row/&gt;
        &lt;/page&gt;
        &lt;page&gt;
          &lt;row&gt;⠀⠀⠀⠀⠀⠀⠀⠀⠀⠀⠀⠀⠀⠀⠀⠀⠀⠀⠀⠀⠀⠀⠀⠀⠀⠀⠼⠃⠛⠑&lt;/row&gt;
          &lt;row&gt;⠤⠀⠀⠀⠠⠓⠀⠜⠀⠝⠀⠀⠀⠧⠀⠁⠀⠗⠀⠁⠀⠎⠀⠞⠀⠊&lt;/row&gt;
          &lt;row&gt;⠀&lt;/row&gt;
          &lt;row&gt;⠗⠀⠁⠀⠓⠀⠁⠀⠞⠂⠀⠀⠀⠚⠀⠁⠀⠀⠀⠝⠀⠽⠀⠞&lt;/row&gt;
          &lt;row&gt;⠀&lt;/row&gt;
          &lt;row&gt;⠞⠀⠊⠀⠑⠀⠙⠀⠜⠀⠍⠀⠍⠀⠑⠂⠀⠀⠀⠍⠀⠊⠀⠞⠀⠜&lt;/row&gt;
          &lt;row&gt;⠀&lt;/row&gt;
          &lt;row&gt;⠓⠀⠜⠀⠝⠀⠀⠀⠞⠀⠑⠀⠅⠀⠊&lt;/row&gt;
          &lt;row&gt;⠀&lt;/row&gt;
          &lt;row&gt;⠝⠀⠊⠀⠊⠀⠇⠀⠇⠀⠜⠄&lt;/row&gt;
          &lt;row&gt;⠀&lt;/row&gt;
          &lt;row&gt;⠠⠅⠀⠁⠀⠞⠀⠎⠀⠕⠀⠅⠀⠁⠀⠁⠂&lt;/row&gt;
          &lt;row&gt;⠀&lt;/row&gt;
          &lt;row&gt;⠧⠀⠊⠀⠊⠀⠎⠀⠊⠀⠀⠀⠎⠀⠁⠀⠙⠀⠁⠀⠝&lt;/row&gt;
          &lt;row&gt;⠀&lt;/row&gt;
          &lt;row&gt;⠅⠀⠗⠀⠥⠀⠥⠀⠝⠀⠥⠀⠝&lt;/row&gt;
          &lt;row&gt;⠀&lt;/row&gt;
          &lt;row&gt;⠎⠀⠑⠀⠞⠀⠑⠀⠇⠀⠊⠀⠜⠂⠀⠀⠀⠚⠀⠕⠀⠊⠀⠓⠀⠊⠀⠝&lt;/row&gt;
          &lt;row&gt;⠀&lt;/row&gt;
          &lt;row&gt;⠕⠀⠝⠀⠀⠀⠅⠀⠊⠀⠗⠀⠚⠀⠕⠀⠊⠀⠞⠀⠑⠀⠞⠀⠞⠀⠥&lt;/row&gt;
          &lt;row&gt;⠀&lt;/row&gt;
          &lt;row&gt;⠝⠀⠥⠀⠍⠀⠑⠀⠗⠀⠕⠀⠊⠀⠞⠀⠁&lt;/row&gt;
          &lt;row&gt;⠀&lt;/row&gt;
          &lt;row&gt;⠅⠀⠥⠀⠥⠀⠇⠀⠁⠀⠅⠀⠜⠀⠗⠀⠅⠀⠊⠀⠤&lt;/row&gt;
          &lt;row&gt;⠀&lt;/row&gt;
          &lt;row&gt;⠅⠀⠽⠀⠝⠀⠜⠀⠇⠀⠇⠀⠜⠄&lt;/row&gt;
          &lt;row/&gt;
        &lt;/page&gt;
        &lt;page&gt;
          &lt;row&gt;⠀⠀⠀⠀⠀⠀⠀⠀⠀⠀⠀⠀⠀⠀⠀⠀⠀⠀⠀⠀⠀⠀⠀⠀⠀⠀⠼⠃⠛⠋&lt;/row&gt;
          &lt;row&gt;⠤⠀⠀⠀⠠⠞⠀⠜⠀⠎⠀⠎⠀⠜&lt;/row&gt;
          &lt;row&gt;⠀&lt;/row&gt;
          &lt;row&gt;⠎⠀⠁⠀⠞⠀⠁⠀⠎⠀⠑⠀⠎⠀⠎⠀⠁⠀⠀⠀⠕⠀⠝&lt;/row&gt;
          &lt;row&gt;⠀&lt;/row&gt;
          &lt;row&gt;⠍⠀⠊⠀⠝⠀⠥⠀⠝⠀⠀⠀⠓⠀⠑⠀⠝⠀⠅⠀⠊⠀⠇⠀⠪⠀⠤&lt;/row&gt;
          &lt;row&gt;⠀&lt;/row&gt;
          &lt;row&gt;⠞⠀⠥⠀⠝⠀⠝⠀⠥⠀⠅⠀⠎⠀⠑⠀⠝⠀⠊⠄&lt;/row&gt;
          &lt;row&gt;⠀&lt;/row&gt;
          &lt;row&gt;⠠⠥⠀⠃⠀⠃⠀⠑⠀⠀⠀⠓⠀⠽⠀⠍⠀⠽⠀⠊⠀⠇⠀⠊&lt;/row&gt;
          &lt;row&gt;⠀&lt;/row&gt;
          &lt;row&gt;⠇⠀⠑⠀⠧⠀⠑⠀⠜⠀⠎⠀⠞⠀⠊⠄&lt;/row&gt;
          &lt;row&gt;⠀&lt;/row&gt;
          &lt;row&gt;⠤⠀⠀⠀⠠⠍⠀⠊⠀⠞⠀⠜⠀⠀⠀⠝⠀⠽⠀⠞&lt;/row&gt;
          &lt;row&gt;⠀&lt;/row&gt;
          &lt;row&gt;⠞⠀⠑⠀⠓⠀⠙⠀⠜⠀⠜⠀⠝⠢&lt;/row&gt;
          &lt;row&gt;⠀&lt;/row&gt;
          &lt;row&gt;⠤⠀⠀⠀⠠⠝⠀⠜⠀⠍⠀⠜⠀⠀⠀⠕⠀⠧⠀⠁⠀⠞&lt;/row&gt;
          &lt;row&gt;⠀&lt;/row&gt;
          &lt;row&gt;⠎⠀⠊⠀⠊⠀⠇⠀⠊⠀⠑⠀⠝⠀⠀⠀⠗⠀⠁⠀⠓⠀⠕⠀⠚⠀⠁⠲&lt;/row&gt;
          &lt;row&gt;⠀&lt;/row&gt;
          &lt;row&gt;⠠⠎⠀⠕⠀⠅⠀⠗⠀⠁⠀⠞⠀⠑⠀⠎⠀⠀⠀⠎⠀⠁⠀⠝⠀⠕⠀⠊&lt;/row&gt;
          &lt;row&gt;⠀&lt;/row&gt;
          &lt;row&gt;⠚⠀⠁⠀⠀⠀⠕⠀⠞⠀⠞⠀⠊&lt;/row&gt;
          &lt;row&gt;⠀&lt;/row&gt;
          &lt;row&gt;⠎⠀⠑⠀⠞⠀⠑⠀⠇⠀⠊⠀⠝&lt;/row&gt;
          &lt;row/&gt;
        &lt;/page&gt;
        &lt;page&gt;
          &lt;row&gt;⠀⠀⠀⠀⠀⠀⠀⠀⠀⠀⠀⠀⠀⠀⠀⠀⠀⠀⠀⠀⠀⠀⠀⠀⠀⠀⠼⠃⠛⠛&lt;/row&gt;
          &lt;row&gt;⠞⠀⠁⠀⠅⠀⠁⠀⠊⠀⠎⠀⠊⠀⠝⠄&lt;/row&gt;
          &lt;row&gt;⠀&lt;/row&gt;
          &lt;row&gt;⠀&lt;/row&gt;
          &lt;row&gt;⠤⠀⠀⠀⠠⠝⠀⠜⠀⠍⠀⠜⠀⠀⠀⠕⠀⠧⠀⠁⠀⠞&lt;/row&gt;
          &lt;row&gt;⠀&lt;/row&gt;
          &lt;row&gt;⠍⠀⠊⠀⠝⠀⠥⠀⠝⠀⠀⠀⠜⠀⠊⠀⠞⠀⠊⠀⠝⠀⠊&lt;/row&gt;
          &lt;row&gt;⠀&lt;/row&gt;
          &lt;row&gt;⠗⠀⠁⠀⠓⠀⠕⠀⠚⠀⠁⠂⠀⠀⠀⠠⠥⠀⠃⠀⠃⠀⠑&lt;/row&gt;
          &lt;row&gt;⠀&lt;/row&gt;
          &lt;row&gt;⠎⠀⠁⠀⠝⠀⠕⠀⠊⠀⠀⠀⠚⠀⠁&lt;/row&gt;
          &lt;row&gt;⠀&lt;/row&gt;
          &lt;row&gt;⠎⠀⠊⠀⠑⠀⠏⠀⠏⠀⠁⠀⠎⠀⠊&lt;/row&gt;
          &lt;row&gt;⠀&lt;/row&gt;
          &lt;row&gt;⠅⠀⠑⠀⠗⠀⠜⠀⠽⠀⠎⠀⠇⠀⠊⠀⠏⠀⠏⠀⠁⠀⠁⠀⠝⠄&lt;/row&gt;
          &lt;row&gt;⠀&lt;/row&gt;
          &lt;row&gt;⠀&lt;/row&gt;
          &lt;row&gt;⠤⠀⠀⠀⠠⠇⠀⠕⠀⠏⠀⠑⠀⠞⠀⠞⠀⠁⠀⠅⠀⠁⠀⠁⠲&lt;/row&gt;
          &lt;row&gt;⠀&lt;/row&gt;
          &lt;row&gt;⠠⠞⠀⠜⠀⠍⠀⠜⠀⠀⠀⠕⠀⠝&lt;/row&gt;
          &lt;row&gt;⠀&lt;/row&gt;
          &lt;row&gt;⠏⠀⠕⠀⠇⠀⠊⠀⠊⠀⠎⠀⠊⠀⠁⠀⠎⠀⠊⠀⠁⠄&lt;/row&gt;
          &lt;row&gt;⠀&lt;/row&gt;
          &lt;row&gt;⠠⠝⠀⠽⠀⠞⠀⠀⠀⠅⠀⠥⠀⠝&lt;/row&gt;
          &lt;row&gt;⠀&lt;/row&gt;
          &lt;row&gt;⠞⠀⠊⠀⠑⠀⠙⠀⠜⠀⠍⠀⠍⠀⠑⠂⠀⠀⠀⠍⠀⠊⠀⠞⠀⠜&lt;/row&gt;
          &lt;row/&gt;
        &lt;/page&gt;
        &lt;page&gt;
          &lt;row&gt;⠀⠀⠀⠀⠀⠀⠀⠀⠀⠀⠀⠀⠀⠀⠀⠀⠀⠀⠀⠀⠀⠀⠀⠀⠀⠀⠼⠃⠛⠓&lt;/row&gt;
          &lt;row&gt;⠕⠀⠝⠀⠀⠀⠞⠀⠁⠀⠏⠀⠁⠀⠓⠀⠞⠀⠥⠀⠝⠀⠥⠀⠞⠂&lt;/row&gt;
          &lt;row&gt;⠀&lt;/row&gt;
          &lt;row&gt;⠚⠀⠥⠀⠞⠀⠞⠀⠥⠀⠀⠀⠎⠀⠊⠀⠊⠀⠗⠀⠞⠀⠽⠀⠽&lt;/row&gt;
          &lt;row&gt;⠀&lt;/row&gt;
          &lt;row&gt;⠏⠀⠕⠀⠇⠀⠊⠀⠊⠀⠎⠀⠊⠀⠇⠀⠇⠀⠑⠀⠀⠀⠚⠀⠁&lt;/row&gt;
          &lt;row&gt;⠀&lt;/row&gt;
          &lt;row&gt;⠓⠀⠑⠀⠀⠀⠎⠀⠁⠀⠁⠀⠧⠀⠁⠀⠞&lt;/row&gt;
          &lt;row&gt;⠀&lt;/row&gt;
          &lt;row&gt;⠏⠀⠊⠀⠙⠀⠜⠀⠞⠀⠞⠀⠜⠀⠜&lt;/row&gt;
          &lt;row&gt;⠀&lt;/row&gt;
          &lt;row&gt;⠎⠀⠽⠀⠽⠀⠇⠀⠇⠀⠊⠀⠎⠀⠑⠀⠝⠄&lt;/row&gt;
          &lt;row&gt;⠀&lt;/row&gt;
          &lt;row&gt;⠠⠍⠀⠊⠀⠝⠀⠜&lt;/row&gt;
          &lt;row&gt;⠀&lt;/row&gt;
          &lt;row&gt;⠓⠀⠁⠀⠑⠀⠝⠀⠀⠀⠜⠀⠊⠀⠙⠀⠊⠀⠝⠄&lt;/row&gt;
          &lt;row&gt;⠀&lt;/row&gt;
          &lt;row&gt;⠤⠀⠀⠀⠠⠝⠀⠜⠀⠍⠀⠜⠀⠀⠀⠕⠀⠧⠀⠁⠀⠞&lt;/row&gt;
          &lt;row&gt;⠀&lt;/row&gt;
          &lt;row&gt;⠜⠀⠊⠀⠙⠀⠊⠀⠝⠀⠀⠀⠗⠀⠁⠀⠓⠀⠕⠀⠚⠀⠁⠄&lt;/row&gt;
          &lt;row&gt;⠀&lt;/row&gt;
          &lt;row&gt;⠠⠎⠀⠊⠀⠊⠀⠇⠀⠊⠀⠎⠀⠊&lt;/row&gt;
          &lt;row&gt;⠀&lt;/row&gt;
          &lt;row&gt;⠏⠀⠜⠀⠗⠀⠚⠀⠜⠀⠜⠀⠧⠀⠜⠀⠞&lt;/row&gt;
          &lt;row&gt;⠀&lt;/row&gt;
          &lt;row&gt;⠊⠀⠇⠀⠍⠀⠁⠀⠝⠀⠅⠀⠊⠀⠝⠂⠀⠀⠀⠠⠥⠀⠃⠀⠃⠀⠑&lt;/row&gt;
          &lt;row/&gt;
        &lt;/page&gt;
        &lt;page&gt;
          &lt;row&gt;⠀⠀⠀⠀⠀⠀⠀⠀⠀⠀⠀⠀⠀⠀⠀⠀⠀⠀⠀⠀⠀⠀⠀⠀⠀⠀⠼⠃⠛⠊&lt;/row&gt;
          &lt;row&gt;⠎⠀⠁⠀⠝⠀⠕⠀⠊⠀⠀⠀⠚⠀⠁&lt;/row&gt;
          &lt;row&gt;⠀&lt;/row&gt;
          &lt;row&gt;⠝⠀⠜⠀⠽⠀⠞⠀⠞⠀⠊&lt;/row&gt;
          &lt;row&gt;⠀&lt;/row&gt;
          &lt;row&gt;⠠⠎⠀⠕⠀⠅⠀⠗⠀⠁⠀⠞⠀⠑⠀⠅⠀⠎⠀⠑⠀⠇⠀⠇⠀⠑&lt;/row&gt;
          &lt;row&gt;⠀&lt;/row&gt;
          &lt;row&gt;⠇⠀⠑⠀⠓⠀⠞⠀⠑⠀⠜⠂⠀⠀⠀⠚⠀⠕⠀⠎⠀⠎⠀⠁&lt;/row&gt;
          &lt;row&gt;⠀&lt;/row&gt;
          &lt;row&gt;⠠⠓⠀⠊⠀⠇⠀⠙⠀⠁⠀⠀⠀⠇⠀⠥⠀⠏⠀⠁⠀⠎⠀⠊&lt;/row&gt;
          &lt;row&gt;⠀&lt;/row&gt;
          &lt;row&gt;⠇⠀⠁⠀⠓⠀⠚⠀⠕⠀⠊⠀⠞⠀⠞⠀⠁⠀⠁&lt;/row&gt;
          &lt;row&gt;⠀&lt;/row&gt;
          &lt;row&gt;⠎⠀⠊⠀⠊⠀⠇⠀⠑⠀⠊⠀⠇⠀⠇⠀⠑&lt;/row&gt;
          &lt;row&gt;⠀&lt;/row&gt;
          &lt;row&gt;⠅⠀⠁⠀⠝⠀⠁⠀⠝⠀⠍⠀⠥⠀⠝⠀⠊⠀⠁⠄&lt;/row&gt;
          &lt;row&gt;⠀&lt;/row&gt;
          &lt;row&gt;⠤⠀⠀⠀⠠⠅⠀⠁⠀⠞⠀⠎⠀⠕⠀⠀⠀⠝⠀⠽⠀⠞⠂&lt;/row&gt;
          &lt;row&gt;⠀&lt;/row&gt;
          &lt;row&gt;⠝⠀⠑⠀⠀⠀⠎⠀⠁⠀⠁⠀⠧⠀⠁⠀⠞&lt;/row&gt;
          &lt;row&gt;⠀&lt;/row&gt;
          &lt;row&gt;⠗⠀⠥⠀⠕⠀⠅⠀⠁⠀⠁⠀⠀⠀⠚⠀⠕⠀⠅⠀⠁&lt;/row&gt;
          &lt;row&gt;⠀&lt;/row&gt;
          &lt;row&gt;⠞⠀⠁⠀⠏⠀⠁⠀⠥⠀⠅⠀⠎⠀⠑⠀⠎⠀⠎⠀⠁⠲&lt;/row&gt;
          &lt;row&gt;⠀&lt;/row&gt;
          &lt;row&gt;⠀&lt;/row&gt;
          &lt;row&gt;⠤⠀⠀⠀⠠⠓⠀⠽⠀⠧⠀⠜⠀⠀⠀⠕⠀⠝⠂&lt;/row&gt;
        &lt;/page&gt;
        &lt;page&gt;
          &lt;row&gt;⠀⠀⠀⠀⠀⠀⠀⠀⠀⠀⠀⠀⠀⠀⠀⠀⠀⠀⠀⠀⠀⠀⠀⠀⠀⠀⠼⠃⠓⠚&lt;/row&gt;
          &lt;row&gt;⠠⠎⠀⠕⠀⠅⠀⠗⠀⠁⠀⠞⠀⠑⠀⠎&lt;/row&gt;
          &lt;row&gt;⠀&lt;/row&gt;
          &lt;row&gt;⠍⠀⠽⠀⠪⠀⠝⠀⠞⠀⠽⠀⠊⠄&lt;/row&gt;
          &lt;row&gt;⠀&lt;/row&gt;
          &lt;row&gt;⠤⠀⠀⠀⠠⠍⠀⠥⠀⠞⠀⠞⠀⠁⠀⠀⠀⠍⠀⠊⠀⠅⠀⠎⠀⠊&lt;/row&gt;
          &lt;row&gt;⠀&lt;/row&gt;
          &lt;row&gt;⠠⠅⠀⠁⠀⠇⠀⠇⠀⠑&lt;/row&gt;
          &lt;row&gt;⠀&lt;/row&gt;
          &lt;row&gt;⠠⠅⠀⠥⠀⠥⠀⠇⠀⠊⠀⠁⠀⠊⠀⠝⠀⠑⠀⠝&lt;/row&gt;
          &lt;row&gt;⠀&lt;/row&gt;
          &lt;row&gt;⠧⠀⠁⠀⠗⠀⠁⠀⠎⠀⠞⠀⠊⠀⠀⠀⠗⠀⠁⠀⠓⠀⠁⠀⠞&lt;/row&gt;
          &lt;row&gt;⠀&lt;/row&gt;
          &lt;row&gt;⠚⠀⠁⠀⠀⠀⠇⠀⠁⠀⠊⠀⠞⠀⠞⠀⠕⠀⠊⠀⠀⠀⠝⠀⠑&lt;/row&gt;
          &lt;row&gt;⠀&lt;/row&gt;
          &lt;row&gt;⠇⠀⠊⠀⠏⠀⠏⠀⠁⠀⠁⠀⠎⠀⠑⠀⠑⠀⠝⠀⠊⠢&lt;/row&gt;
          &lt;row&gt;⠀&lt;/row&gt;
          &lt;row&gt;⠤⠀⠀⠀⠠⠅⠀⠽⠀⠎⠀⠽⠀⠞⠀⠜⠀⠜⠀⠝&lt;/row&gt;
          &lt;row&gt;⠀&lt;/row&gt;
          &lt;row&gt;⠓⠀⠜⠀⠝⠀⠑⠀⠇⠀⠞⠀⠜⠂⠀⠀⠀⠠⠑⠀⠍⠀⠊⠀⠇&lt;/row&gt;
          &lt;row&gt;⠀&lt;/row&gt;
          &lt;row&gt;⠎⠀⠁⠀⠝⠀⠕⠀⠊⠀⠀⠀⠚⠀⠁&lt;/row&gt;
          &lt;row&gt;⠀&lt;/row&gt;
          &lt;row&gt;⠅⠀⠁⠀⠞⠀⠎⠀⠕⠀⠊⠀⠀⠀⠥⠀⠇⠀⠕⠀⠎&lt;/row&gt;
          &lt;row&gt;⠀&lt;/row&gt;
          &lt;row&gt;⠑⠀⠞⠀⠎⠀⠊⠀⠧⠀⠜⠀⠤&lt;/row&gt;
          &lt;row/&gt;
        &lt;/page&gt;
        &lt;page&gt;
          &lt;row&gt;⠀⠀⠀⠀⠀⠀⠀⠀⠀⠀⠀⠀⠀⠀⠀⠀⠀⠀⠀⠀⠀⠀⠀⠀⠀⠀⠼⠃⠓⠁&lt;/row&gt;
          &lt;row&gt;⠞⠀⠕⠀⠊⠀⠍⠀⠊⠀⠎⠀⠞⠀⠕⠀⠝&lt;/row&gt;
          &lt;row&gt;⠀&lt;/row&gt;
          &lt;row&gt;⠊⠀⠅⠀⠅⠀⠥⠀⠝⠀⠁⠀⠎⠀⠞⠀⠁⠄&lt;/row&gt;
          &lt;row&gt;⠀&lt;/row&gt;
          &lt;row&gt;⠀&lt;/row&gt;
          &lt;row&gt;⠠⠅⠀⠁⠀⠇⠀⠇⠀⠑&lt;/row&gt;
          &lt;row&gt;⠀&lt;/row&gt;
          &lt;row&gt;⠠⠅⠀⠥⠀⠥⠀⠇⠀⠊⠀⠁⠀⠊⠀⠝⠀⠑⠀⠝&lt;/row&gt;
          &lt;row&gt;⠀&lt;/row&gt;
          &lt;row&gt;⠊⠀⠎⠀⠞⠀⠥⠀⠊⠀⠀⠀⠠⠺⠀⠑⠀⠗⠀⠝⠀⠊⠀⠝&lt;/row&gt;
          &lt;row&gt;⠀&lt;/row&gt;
          &lt;row&gt;⠏⠀⠑⠀⠗⠀⠓⠀⠑⠀⠑⠀⠝&lt;/row&gt;
          &lt;row&gt;⠀&lt;/row&gt;
          &lt;row&gt;⠅⠀⠑⠀⠊⠀⠞⠀⠞⠀⠊⠀⠪⠀⠎⠀⠎⠀⠜&lt;/row&gt;
          &lt;row&gt;⠀&lt;/row&gt;
          &lt;row&gt;⠚⠀⠥⠀⠕⠀⠍⠀⠁⠀⠎⠀⠎⠀⠁&lt;/row&gt;
          &lt;row&gt;⠀&lt;/row&gt;
          &lt;row&gt;⠅⠀⠁⠀⠓⠀⠧⠀⠊⠀⠁⠄⠀⠀⠀⠠⠞⠀⠁⠀⠁⠀⠎⠲&lt;/row&gt;
          &lt;row&gt;⠀&lt;/row&gt;
          &lt;row&gt;⠠⠕⠀⠇⠀⠊⠀⠅⠀⠕⠀⠀⠀⠓⠀⠜⠀⠝⠀⠑⠀⠎⠀⠞⠀⠜&lt;/row&gt;
          &lt;row&gt;⠀&lt;/row&gt;
          &lt;row&gt;⠞⠀⠥⠀⠇⠀⠇⠀⠥⠀⠞&lt;/row&gt;
          &lt;row&gt;⠀&lt;/row&gt;
          &lt;row&gt;⠥⠀⠥⠀⠎⠀⠊&lt;/row&gt;
          &lt;row&gt;⠀&lt;/row&gt;
          &lt;row&gt;⠎⠀⠥⠀⠝⠀⠝⠀⠥⠀⠝⠀⠞⠀⠁⠀⠊⠀⠝⠀⠤&lt;/row&gt;
        &lt;/page&gt;
        &lt;page&gt;
          &lt;row&gt;⠀⠀⠀⠀⠀⠀⠀⠀⠀⠀⠀⠀⠀⠀⠀⠀⠀⠀⠀⠀⠀⠀⠀⠀⠀⠀⠼⠃⠓⠃&lt;/row&gt;
          &lt;row&gt;⠏⠀⠊⠀⠇⠀⠁⠀⠁⠀⠚⠀⠁⠢&lt;/row&gt;
          &lt;row&gt;⠀&lt;/row&gt;
          &lt;row&gt;⠀&lt;/row&gt;
          &lt;row&gt;⠠⠇⠀⠁⠀⠏⠀⠎⠀⠑⠀⠞&lt;/row&gt;
          &lt;row&gt;⠀&lt;/row&gt;
          &lt;row&gt;⠓⠀⠊⠀⠊⠀⠏⠀⠊⠀⠧⠀⠜⠀⠞&lt;/row&gt;
          &lt;row&gt;⠀&lt;/row&gt;
          &lt;row&gt;⠑⠀⠞⠀⠑⠀⠊⠀⠎⠀⠑⠀⠑⠀⠝&lt;/row&gt;
          &lt;row&gt;⠀&lt;/row&gt;
          &lt;row&gt;⠅⠀⠥⠀⠥⠀⠝⠀⠞⠀⠑⠀⠇⠀⠑⠀⠍⠀⠁⠀⠁⠀⠝⠄&lt;/row&gt;
          &lt;row&gt;⠀&lt;/row&gt;
          &lt;row&gt;⠀&lt;/row&gt;
          &lt;row&gt;⠤⠀⠀⠀⠠⠝⠀⠊⠀⠊⠀⠝⠂⠀⠀⠀⠞⠀⠜⠀⠍⠀⠜&lt;/row&gt;
          &lt;row&gt;⠀&lt;/row&gt;
          &lt;row&gt;⠧⠀⠁⠀⠗⠀⠅⠀⠁⠀⠥⠀⠎⠀⠀⠀⠕⠀⠝&lt;/row&gt;
          &lt;row&gt;⠀&lt;/row&gt;
          &lt;row&gt;⠅⠀⠽⠀⠇⠀⠇⠀⠜⠀⠀⠀⠁⠀⠊⠀⠧⠀⠁⠀⠝&lt;/row&gt;
          &lt;row&gt;⠀&lt;/row&gt;
          &lt;row&gt;⠅⠀⠁⠀⠍⠀⠁⠀⠇⠀⠁&lt;/row&gt;
          &lt;row&gt;⠀&lt;/row&gt;
          &lt;row&gt;⠚⠀⠥⠀⠞⠀⠞⠀⠥⠄⠀⠀⠀⠠⠅⠀⠥⠀⠅⠀⠁⠀⠀⠀⠕⠀⠝&lt;/row&gt;
          &lt;row&gt;⠀&lt;/row&gt;
          &lt;row&gt;⠧⠀⠕⠀⠊⠀⠝⠀⠥⠀⠞&lt;/row&gt;
          &lt;row&gt;⠀&lt;/row&gt;
          &lt;row&gt;⠧⠀⠁⠀⠗⠀⠁⠀⠎⠀⠞⠀⠁⠀⠁&lt;/row&gt;
          &lt;row/&gt;
        &lt;/page&gt;
        &lt;page&gt;
          &lt;row&gt;⠀⠀⠀⠀⠀⠀⠀⠀⠀⠀⠀⠀⠀⠀⠀⠀⠀⠀⠀⠀⠀⠀⠀⠀⠀⠀⠼⠃⠓⠉&lt;/row&gt;
          &lt;row&gt;⠅⠀⠥⠀⠅⠀⠅⠀⠁⠀⠗⠀⠕⠀⠝⠢&lt;/row&gt;
          &lt;row&gt;⠀&lt;/row&gt;
          &lt;row&gt;⠠⠅⠀⠁⠀⠇⠀⠇⠀⠑⠀⠀⠀⠎⠀⠁⠀⠝⠀⠕⠀⠊⠄&lt;/row&gt;
          &lt;row&gt;⠀&lt;/row&gt;
          &lt;row&gt;⠤⠀⠀⠀⠠⠇⠀⠥⠀⠥⠀⠇⠀⠑⠀⠝⠂⠀⠀⠀⠑⠀⠞⠀⠞⠀⠜&lt;/row&gt;
          &lt;row&gt;⠀&lt;/row&gt;
          &lt;row&gt;⠞⠀⠁⠀⠗⠀⠧⠀⠊⠀⠞⠀⠁⠀⠁⠀⠝&lt;/row&gt;
          &lt;row&gt;⠀&lt;/row&gt;
          &lt;row&gt;⠑⠀⠝⠀⠑⠀⠍⠀⠍⠀⠜⠀⠝&lt;/row&gt;
          &lt;row&gt;⠀&lt;/row&gt;
          &lt;row&gt;⠏⠀⠕⠀⠇⠀⠊⠀⠊⠀⠎⠀⠑⠀⠚⠀⠁&lt;/row&gt;
          &lt;row&gt;⠀&lt;/row&gt;
          &lt;row&gt;⠞⠀⠥⠀⠞⠀⠅⠀⠊⠀⠍⠀⠁⠀⠁⠀⠝&lt;/row&gt;
          &lt;row&gt;⠀&lt;/row&gt;
          &lt;row&gt;⠗⠀⠊⠀⠅⠀⠕⠀⠅⠀⠎⠀⠊⠀⠁⠀⠀⠀⠚⠀⠁&lt;/row&gt;
          &lt;row&gt;⠀&lt;/row&gt;
          &lt;row&gt;⠧⠀⠜⠀⠓⠀⠑⠀⠍⠀⠍⠀⠜⠀⠝&lt;/row&gt;
          &lt;row&gt;⠀&lt;/row&gt;
          &lt;row&gt;⠏⠀⠕⠀⠇⠀⠊⠀⠊⠀⠎⠀⠑⠀⠚⠀⠁&lt;/row&gt;
          &lt;row&gt;⠀&lt;/row&gt;
          &lt;row&gt;⠞⠀⠽⠀⠪⠀⠎⠀⠅⠀⠑⠀⠝⠀⠞⠀⠑⠀⠇⠀⠑⠀⠤&lt;/row&gt;
          &lt;row&gt;⠀&lt;/row&gt;
          &lt;row&gt;⠍⠀⠜⠀⠜⠀⠝⠀⠀⠀⠏⠀⠽⠀⠪⠀⠗⠀⠜⠀⠤&lt;/row&gt;
          &lt;row&gt;⠀&lt;/row&gt;
          &lt;row&gt;⠧⠀⠁⠀⠗⠀⠁⠀⠎⠀⠞⠀⠕⠀⠎⠀⠎⠀⠁⠄&lt;/row&gt;
          &lt;row/&gt;
        &lt;/page&gt;
        &lt;page&gt;
          &lt;row&gt;⠀⠀⠀⠀⠀⠀⠀⠀⠀⠀⠀⠀⠀⠀⠀⠀⠀⠀⠀⠀⠀⠀⠀⠀⠀⠀⠼⠃⠓⠙&lt;/row&gt;
          &lt;row&gt;⠠⠚⠀⠕⠀⠎⠀⠀⠀⠎⠀⠁⠀⠊⠀⠎⠀⠊⠀⠝&lt;/row&gt;
          &lt;row&gt;⠀&lt;/row&gt;
          &lt;row&gt;⠚⠀⠁⠀⠓⠀⠙⠀⠁⠀⠞⠀⠁&lt;/row&gt;
          &lt;row&gt;⠀&lt;/row&gt;
          &lt;row&gt;⠗⠀⠕⠀⠊⠀⠎⠀⠞⠀⠕⠀⠚⠀⠁⠂&lt;/row&gt;
          &lt;row&gt;⠀&lt;/row&gt;
          &lt;row&gt;⠎⠀⠽⠀⠽⠀⠇⠀⠇⠀⠊⠀⠝⠀⠑⠀⠝&lt;/row&gt;
          &lt;row&gt;⠀&lt;/row&gt;
          &lt;row&gt;⠇⠀⠪⠀⠽⠀⠞⠀⠽⠀⠊⠀⠎⠀⠊⠀⠀⠀⠅⠀⠜⠀⠙⠀⠑⠀⠝&lt;/row&gt;
          &lt;row&gt;⠀&lt;/row&gt;
          &lt;row&gt;⠅⠀⠜⠀⠜⠀⠝⠀⠞⠀⠑⠀⠑⠀⠎⠀⠎⠀⠜⠄&lt;/row&gt;
          &lt;row&gt;⠀&lt;/row&gt;
          &lt;row&gt;⠀&lt;/row&gt;
          &lt;row&gt;⠤⠀⠀⠀⠠⠎⠀⠽⠀⠽⠀⠇⠀⠇⠀⠊⠀⠝⠀⠑⠀⠝⠀⠀⠀⠕⠀⠝&lt;/row&gt;
          &lt;row&gt;⠀&lt;/row&gt;
          &lt;row&gt;⠚⠀⠕⠀⠀⠀⠇⠀⠪⠀⠽⠀⠞⠀⠽⠀⠝⠀⠽⠀⠞⠂&lt;/row&gt;
          &lt;row&gt;⠀&lt;/row&gt;
          &lt;row&gt;⠠⠑⠀⠍⠀⠊⠀⠇⠀⠀⠀⠎⠀⠁⠀⠝⠀⠕⠀⠊⠀⠀⠀⠚⠀⠁&lt;/row&gt;
          &lt;row&gt;⠀&lt;/row&gt;
          &lt;row&gt;⠁⠀⠎⠀⠞⠀⠥⠀⠊&lt;/row&gt;
          &lt;row&gt;⠀&lt;/row&gt;
          &lt;row&gt;⠅⠀⠑⠀⠊⠀⠞⠀⠞⠀⠊⠀⠪⠀⠪⠀⠝⠄&lt;/row&gt;
          &lt;row&gt;⠀&lt;/row&gt;
          &lt;row&gt;⠤⠀⠀⠀⠠⠍⠀⠊⠀⠅⠀⠎⠀⠊⠀⠀⠀⠧⠀⠑⠀⠊⠀⠞&lt;/row&gt;
          &lt;row&gt;⠀&lt;/row&gt;
          &lt;row&gt;⠗⠀⠁⠀⠓⠀⠁⠀⠞⠂⠀⠀⠀⠠⠅⠀⠁⠀⠇⠀⠇⠀⠑⠢&lt;/row&gt;
        &lt;/page&gt;
        &lt;page&gt;
          &lt;row&gt;⠀⠀⠀⠀⠀⠀⠀⠀⠀⠀⠀⠀⠀⠀⠀⠀⠀⠀⠀⠀⠀⠀⠀⠀⠀⠀⠼⠃⠓⠑&lt;/row&gt;
          &lt;row&gt;⠤⠀⠀⠀⠠⠚⠀⠕⠀⠀⠀⠕⠀⠝&lt;/row&gt;
          &lt;row&gt;⠀&lt;/row&gt;
          &lt;row&gt;⠁⠀⠊⠀⠅⠀⠕⠀⠊⠀⠓⠀⠊⠀⠝&lt;/row&gt;
          &lt;row&gt;⠀&lt;/row&gt;
          &lt;row&gt;⠑⠀⠇⠀⠑⠀⠞⠀⠞⠀⠽⠲⠀⠀⠀⠠⠅⠀⠁⠀⠇⠀⠇⠀⠑&lt;/row&gt;
          &lt;row&gt;⠀&lt;/row&gt;
          &lt;row&gt;⠏⠀⠥⠀⠥⠀⠎⠀⠅⠀⠁⠀⠓⠀⠞⠀⠊⠀⠀⠀⠚⠀⠁&lt;/row&gt;
          &lt;row&gt;⠀&lt;/row&gt;
          &lt;row&gt;⠏⠀⠥⠀⠝⠀⠁⠀⠎⠀⠞⠀⠥⠀⠊&lt;/row&gt;
          &lt;row&gt;⠀&lt;/row&gt;
          &lt;row&gt;⠅⠀⠗⠀⠁⠀⠧⠀⠁⠀⠞⠀⠞⠀⠊⠀⠤&lt;/row&gt;
          &lt;row&gt;⠀&lt;/row&gt;
          &lt;row&gt;⠎⠀⠕⠀⠇⠀⠍⠀⠥⠀⠁⠀⠁⠀⠝&lt;/row&gt;
          &lt;row&gt;⠀&lt;/row&gt;
          &lt;row&gt;⠍⠀⠽⠀⠪⠀⠞⠀⠑⠀⠝⠄&lt;/row&gt;
          &lt;row&gt;⠀&lt;/row&gt;
          &lt;row&gt;⠤⠀⠀⠀⠠⠕⠀⠇⠀⠊⠀⠎⠀⠊⠀⠝⠀⠅⠀⠕&lt;/row&gt;
          &lt;row&gt;⠀&lt;/row&gt;
          &lt;row&gt;⠍⠀⠊⠀⠝⠀⠜⠂⠀⠀⠀⠚⠀⠕⠀⠅⠀⠁⠀⠀⠀⠕⠀⠇⠀⠑⠀⠝&lt;/row&gt;
          &lt;row&gt;⠀&lt;/row&gt;
          &lt;row&gt;⠏⠀⠕⠀⠇⠀⠊⠀⠊⠀⠎⠀⠊⠂&lt;/row&gt;
          &lt;row&gt;⠀&lt;/row&gt;
          &lt;row&gt;⠧⠀⠁⠀⠗⠀⠁⠀⠎⠀⠞⠀⠁⠀⠝⠀⠥⠀⠞&lt;/row&gt;
          &lt;row&gt;⠀&lt;/row&gt;
          &lt;row&gt;⠗⠀⠁⠀⠓⠀⠁⠀⠞⠢&lt;/row&gt;
          &lt;row/&gt;
        &lt;/page&gt;
        &lt;page&gt;
          &lt;row&gt;⠀⠀⠀⠀⠀⠀⠀⠀⠀⠀⠀⠀⠀⠀⠀⠀⠀⠀⠀⠀⠀⠀⠀⠀⠀⠀⠼⠃⠓⠋&lt;/row&gt;
          &lt;row&gt;⠤⠀⠀⠀⠠⠎⠀⠊⠀⠝⠀⠜⠀⠏⠀⠜&lt;/row&gt;
          &lt;row&gt;⠀&lt;/row&gt;
          &lt;row&gt;⠓⠀⠽⠀⠧⠀⠊⠀⠝⠀⠅⠀⠊⠀⠝⠲⠀⠀⠀⠠⠑⠀⠍⠀⠊⠀⠇&lt;/row&gt;
          &lt;row&gt;⠀&lt;/row&gt;
          &lt;row&gt;⠚⠀⠥⠀⠇⠀⠊⠀⠎⠀⠞⠀⠊⠄&lt;/row&gt;
          &lt;row&gt;⠀&lt;/row&gt;
          &lt;row&gt;⠀&lt;/row&gt;
          &lt;row&gt;⠤⠀⠀⠀⠠⠍⠀⠥⠀⠞⠀⠞⠀⠁⠀⠀⠀⠠⠑⠀⠍⠀⠊⠀⠇⠂&lt;/row&gt;
          &lt;row&gt;⠀&lt;/row&gt;
          &lt;row&gt;⠠⠍⠀⠁⠀⠗⠀⠊⠀⠁⠀⠤⠀⠜⠀⠊⠀⠞⠀⠊&lt;/row&gt;
          &lt;row&gt;⠀&lt;/row&gt;
          &lt;row&gt;⠞⠀⠕⠀⠏⠀⠏⠀⠥⠀⠥⠀⠞⠀⠞⠀⠑⠀⠇⠀⠊⠂&lt;/row&gt;
          &lt;row&gt;⠀&lt;/row&gt;
          &lt;row&gt;⠤⠀⠀⠀⠍⠀⠊⠀⠞⠀⠜⠀⠀⠀⠎⠀⠊⠀⠝⠀⠜&lt;/row&gt;
          &lt;row&gt;⠀&lt;/row&gt;
          &lt;row&gt;⠕⠀⠊⠀⠅⠀⠑⠀⠊⠀⠝⠀⠀⠀⠏⠀⠥⠀⠓⠀⠥⠀⠞⠢&lt;/row&gt;
          &lt;row&gt;⠀&lt;/row&gt;
          &lt;row&gt;⠠⠕⠀⠝⠀⠀⠀⠑⠀⠗⠀⠊⠀⠞⠀⠞⠀⠜⠀⠊⠀⠝&lt;/row&gt;
          &lt;row&gt;⠀&lt;/row&gt;
          &lt;row&gt;⠧⠀⠁⠀⠅⠀⠁⠀⠧⠀⠁⠀⠁⠀⠀⠀⠁⠀⠎⠀⠊⠀⠁&lt;/row&gt;
          &lt;row&gt;⠀&lt;/row&gt;
          &lt;row&gt;⠎⠀⠽⠀⠽⠀⠞⠀⠞⠀⠜⠀⠜&lt;/row&gt;
          &lt;row&gt;⠀&lt;/row&gt;
          &lt;row&gt;⠏⠀⠕⠀⠇⠀⠊⠀⠊⠀⠎⠀⠊⠀⠁&lt;/row&gt;
          &lt;row&gt;⠀&lt;/row&gt;
          &lt;row&gt;⠧⠀⠁⠀⠗⠀⠅⠀⠁⠀⠥⠀⠙⠀⠑⠀⠎⠀⠞⠀⠁⠄&lt;/row&gt;
        &lt;/page&gt;
        &lt;page&gt;
          &lt;row&gt;⠀⠀⠀⠀⠀⠀⠀⠀⠀⠀⠀⠀⠀⠀⠀⠀⠀⠀⠀⠀⠀⠀⠀⠀⠀⠀⠼⠃⠓⠛&lt;/row&gt;
          &lt;row&gt;⠠⠅⠀⠁⠀⠇⠀⠇⠀⠑⠀⠀⠀⠧⠀⠕⠀⠊&lt;/row&gt;
          &lt;row&gt;⠀&lt;/row&gt;
          &lt;row&gt;⠍⠀⠑⠀⠝⠀⠑⠀⠞⠀⠞⠀⠜⠀⠜&lt;/row&gt;
          &lt;row&gt;⠀&lt;/row&gt;
          &lt;row&gt;⠞⠀⠽⠀⠪⠀⠝⠀⠎⠀⠜⠄&lt;/row&gt;
          &lt;row&gt;⠀&lt;/row&gt;
          &lt;row&gt;⠤⠀⠀⠀⠠⠍⠀⠊⠀⠝⠀⠥⠀⠇⠀⠇⠀⠁⠀⠀⠀⠕⠀⠝&lt;/row&gt;
          &lt;row&gt;⠀&lt;/row&gt;
          &lt;row&gt;⠞⠀⠕⠀⠙⠀⠊⠀⠎⠀⠞⠀⠑⠀⠑⠀⠞&lt;/row&gt;
          &lt;row&gt;⠀&lt;/row&gt;
          &lt;row&gt;⠓⠀⠜⠀⠝⠀⠑⠀⠝&lt;/row&gt;
          &lt;row&gt;⠀&lt;/row&gt;
          &lt;row&gt;⠎⠀⠽⠀⠽⠀⠇⠀⠇⠀⠊⠀⠎⠀⠽⠀⠽⠀⠙⠀⠑⠀⠎⠀⠤&lt;/row&gt;
          &lt;row&gt;⠀&lt;/row&gt;
          &lt;row&gt;⠞⠀⠜⠀⠜⠀⠝⠂⠀⠀⠀⠚⠀⠁&lt;/row&gt;
          &lt;row&gt;⠀&lt;/row&gt;
          &lt;row&gt;⠅⠀⠥⠀⠥⠀⠇⠀⠑⠄⠄⠄⠀⠀⠀⠓⠀⠜⠀⠝⠀⠀⠀⠑⠀⠊&lt;/row&gt;
          &lt;row&gt;⠀&lt;/row&gt;
          &lt;row&gt;⠞⠀⠁⠀⠊⠀⠙⠀⠁⠀⠀⠀⠏⠀⠊⠀⠞⠀⠜⠀⠜&lt;/row&gt;
          &lt;row&gt;⠀&lt;/row&gt;
          &lt;row&gt;⠞⠀⠽⠀⠪⠀⠎⠀⠞⠀⠜⠀⠜⠀⠝&lt;/row&gt;
          &lt;row&gt;⠀&lt;/row&gt;
          &lt;row&gt;⠏⠀⠽⠀⠪⠀⠗⠀⠜⠀⠤&lt;/row&gt;
          &lt;row&gt;⠀&lt;/row&gt;
          &lt;row&gt;⠧⠀⠁⠀⠗⠀⠁⠀⠎⠀⠞⠀⠕⠀⠎⠀⠎⠀⠁⠄&lt;/row&gt;
          &lt;row/&gt;
        &lt;/page&gt;
        &lt;page&gt;
          &lt;row&gt;⠀⠀⠀⠀⠀⠀⠀⠀⠀⠀⠀⠀⠀⠀⠀⠀⠀⠀⠀⠀⠀⠀⠀⠀⠀⠀⠼⠃⠓⠓&lt;/row&gt;
          &lt;row&gt;⠠⠎⠀⠊⠀⠞⠀⠜⠀⠅⠀⠪⠀⠀⠀⠧⠀⠁⠀⠗⠀⠞⠀⠑⠀⠝&lt;/row&gt;
          &lt;row&gt;⠀&lt;/row&gt;
          &lt;row&gt;⠕⠀⠞⠀⠊⠀⠞⠀⠀⠀⠗⠀⠁⠀⠓⠀⠁⠀⠞⠂&lt;/row&gt;
          &lt;row&gt;⠀&lt;/row&gt;
          &lt;row&gt;⠠⠅⠀⠁⠀⠇⠀⠇⠀⠑⠢&lt;/row&gt;
          &lt;row&gt;⠀&lt;/row&gt;
          &lt;row&gt;⠠⠅⠀⠁⠀⠇⠀⠇⠀⠑⠀⠀⠀⠊⠀⠎⠀⠞⠀⠥⠀⠊&lt;/row&gt;
          &lt;row&gt;⠀&lt;/row&gt;
          &lt;row&gt;⠏⠀⠊⠀⠞⠀⠅⠀⠜⠀⠜⠀⠝⠀⠀⠀⠓⠀⠊⠀⠇⠀⠚⠀⠁⠀⠁&lt;/row&gt;
          &lt;row&gt;⠀&lt;/row&gt;
          &lt;row&gt;⠞⠀⠥⠀⠊⠀⠚⠀⠕⠀⠞⠀⠞⠀⠁⠀⠑⠀⠝&lt;/row&gt;
          &lt;row&gt;⠀&lt;/row&gt;
          &lt;row&gt;⠅⠀⠁⠀⠓⠀⠧⠀⠊⠀⠅⠀⠥⠀⠏⠀⠏⠀⠊⠀⠊⠀⠝⠀⠎⠀⠁⠄&lt;/row&gt;
          &lt;row&gt;⠀&lt;/row&gt;
          &lt;row&gt;⠠⠎⠀⠊⠀⠞⠀⠞⠀⠑⠀⠝⠀⠀⠀⠓⠀⠜⠀⠝&lt;/row&gt;
          &lt;row&gt;⠀&lt;/row&gt;
          &lt;row&gt;⠎⠀⠁⠀⠝⠀⠕⠀⠊⠒&lt;/row&gt;
          &lt;row&gt;⠀&lt;/row&gt;
          &lt;row&gt;⠤⠀⠀⠀⠠⠑⠀⠝⠀⠀⠀⠞⠀⠊⠀⠑⠀⠙⠀⠜⠂&lt;/row&gt;
          &lt;row&gt;⠀&lt;/row&gt;
          &lt;row&gt;⠍⠀⠊⠀⠅⠀⠜⠀⠀⠀⠍⠀⠊⠀⠝⠀⠥⠀⠥⠀⠝&lt;/row&gt;
          &lt;row&gt;⠀&lt;/row&gt;
          &lt;row&gt;⠍⠀⠑⠀⠝⠀⠊⠄&lt;/row&gt;
          &lt;row&gt;⠀&lt;/row&gt;
          &lt;row&gt;⠠⠕⠀⠊⠀⠅⠀⠑⠀⠁⠀⠎⠀⠞⠀⠁⠀⠁⠀⠝&lt;/row&gt;
          &lt;row/&gt;
        &lt;/page&gt;
        &lt;page&gt;
          &lt;row&gt;⠀⠀⠀⠀⠀⠀⠀⠀⠀⠀⠀⠀⠀⠀⠀⠀⠀⠀⠀⠀⠀⠀⠀⠀⠀⠀⠼⠃⠓⠊&lt;/row&gt;
          &lt;row&gt;⠑⠀⠝⠀⠀⠀⠓⠀⠁⠀⠇⠀⠥⠀⠝⠀⠝⠀⠥⠀⠞&lt;/row&gt;
          &lt;row&gt;⠀&lt;/row&gt;
          &lt;row&gt;⠗⠀⠁⠀⠓⠀⠕⠀⠚⠀⠁⠂⠀⠀⠀⠓⠀⠁⠀⠇⠀⠥⠀⠎⠀⠊⠀⠝&lt;/row&gt;
          &lt;row&gt;⠀&lt;/row&gt;
          &lt;row&gt;⠧⠀⠁⠀⠊⠀⠝⠀⠀⠀⠎⠀⠑⠀⠇⠀⠧⠀⠊⠀⠞⠀⠞⠀⠜⠀⠜&lt;/row&gt;
          &lt;row&gt;⠀&lt;/row&gt;
          &lt;row&gt;⠗⠀⠊⠀⠅⠀⠕⠀⠅⠀⠎⠀⠊⠀⠁&lt;/row&gt;
          &lt;row&gt;⠀&lt;/row&gt;
          &lt;row&gt;⠝⠀⠊⠀⠊⠀⠝⠀⠀⠀⠅⠀⠥⠀⠊⠀⠝&lt;/row&gt;
          &lt;row&gt;⠀&lt;/row&gt;
          &lt;row&gt;⠍⠀⠥⠀⠥⠀⠞⠀⠅⠀⠊⠀⠝&lt;/row&gt;
          &lt;row&gt;⠀&lt;/row&gt;
          &lt;row&gt;⠏⠀⠕⠀⠇⠀⠊⠀⠊⠀⠎⠀⠊⠀⠞⠄&lt;/row&gt;
          &lt;row&gt;⠀&lt;/row&gt;
          &lt;row&gt;⠀&lt;/row&gt;
          &lt;row&gt;⠤⠀⠀⠀⠠⠚⠀⠕⠀⠞⠀⠑⠀⠝&lt;/row&gt;
          &lt;row&gt;⠀&lt;/row&gt;
          &lt;row&gt;⠚⠀⠜⠀⠗⠀⠚⠀⠑⠀⠎⠀⠞⠀⠊⠀⠞&lt;/row&gt;
          &lt;row&gt;⠀&lt;/row&gt;
          &lt;row&gt;⠗⠀⠊⠀⠅⠀⠕⠀⠅⠀⠎⠀⠑⠀⠝&lt;/row&gt;
          &lt;row&gt;⠀&lt;/row&gt;
          &lt;row&gt;⠎⠀⠁⠀⠁⠀⠙⠀⠁⠀⠅⠀⠎⠀⠑⠀⠎⠀⠊&lt;/row&gt;
          &lt;row&gt;⠀&lt;/row&gt;
          &lt;row&gt;⠎⠀⠑⠀⠇⠀⠧⠀⠊⠀⠞⠀⠞⠀⠜⠀⠜⠀⠀⠀⠎⠀⠑⠀⠝⠢&lt;/row&gt;
          &lt;row&gt;⠀&lt;/row&gt;
          &lt;row&gt;⠠⠇⠀⠊⠀⠝⠀⠙⠀⠁⠀⠀⠀⠅⠀⠽⠀⠎⠀⠽⠀⠊⠄&lt;/row&gt;
        &lt;/page&gt;
        &lt;page&gt;
          &lt;row&gt;⠀⠀⠀⠀⠀⠀⠀⠀⠀⠀⠀⠀⠀⠀⠀⠀⠀⠀⠀⠀⠀⠀⠀⠀⠀⠀⠼⠃⠊⠚&lt;/row&gt;
          &lt;row&gt;⠀&lt;/row&gt;
          &lt;row&gt;⠠⠎⠀⠑⠀⠀⠀⠕⠀⠇⠀⠊&lt;/row&gt;
          &lt;row&gt;⠀&lt;/row&gt;
          &lt;row&gt;⠓⠀⠥⠀⠇⠀⠇⠀⠥⠀⠊⠀⠝⠀⠞⠀⠁⠂⠀⠀⠀⠍⠀⠊⠀⠞⠀⠜&lt;/row&gt;
          &lt;row&gt;⠀&lt;/row&gt;
          &lt;row&gt;⠓⠀⠜⠀⠝⠀⠀⠀⠕⠀⠇⠀⠊&lt;/row&gt;
          &lt;row&gt;⠀&lt;/row&gt;
          &lt;row&gt;⠅⠀⠕⠀⠎⠀⠅⠀⠁⠀⠁⠀⠝&lt;/row&gt;
          &lt;row&gt;⠀&lt;/row&gt;
          &lt;row&gt;⠅⠀⠥⠀⠥⠀⠇⠀⠇⠀⠥⠀⠞⠄&lt;/row&gt;
          &lt;row&gt;⠀&lt;/row&gt;
          &lt;row&gt;⠀&lt;/row&gt;
          &lt;row&gt;⠤⠀⠀⠀⠠⠝⠀⠊⠀⠊⠀⠝⠄&lt;/row&gt;
          &lt;row&gt;⠀&lt;/row&gt;
          &lt;row&gt;⠀&lt;/row&gt;
          &lt;row&gt;⠠⠅⠀⠁⠀⠇⠀⠇⠀⠑⠀⠀⠀⠞⠀⠥⠀⠊⠀⠚⠀⠕⠀⠞⠀⠞⠀⠊&lt;/row&gt;
          &lt;row&gt;⠀&lt;/row&gt;
          &lt;row&gt;⠑⠀⠙⠀⠑⠀⠇⠀⠇⠀⠑⠀⠑⠀⠝&lt;/row&gt;
          &lt;row&gt;⠀&lt;/row&gt;
          &lt;row&gt;⠅⠀⠁⠀⠓⠀⠧⠀⠊⠀⠅⠀⠥⠀⠏⠀⠏⠀⠊⠀⠊⠀⠝⠀⠎⠀⠁⠄&lt;/row&gt;
          &lt;row&gt;⠀&lt;/row&gt;
          &lt;row&gt;⠀&lt;/row&gt;
          &lt;row&gt;⠤⠀⠀⠀⠠⠍⠀⠥⠀⠞⠀⠞⠀⠁⠀⠀⠀⠑⠀⠞⠀⠅⠀⠪&lt;/row&gt;
          &lt;row&gt;⠀&lt;/row&gt;
          &lt;row&gt;⠁⠀⠚⠀⠁⠀⠞⠀⠑⠀⠇⠀⠇⠀⠥⠀⠞&lt;/row&gt;
          &lt;row/&gt;
        &lt;/page&gt;
        &lt;page&gt;
          &lt;row&gt;⠀⠀⠀⠀⠀⠀⠀⠀⠀⠀⠀⠀⠀⠀⠀⠀⠀⠀⠀⠀⠀⠀⠀⠀⠀⠀⠼⠃⠊⠁&lt;/row&gt;
          &lt;row&gt;⠍⠀⠊⠀⠝⠀⠥⠀⠝⠀⠀⠀⠜⠀⠊⠀⠞⠀⠊⠀⠜⠀⠝⠀⠊⠢&lt;/row&gt;
          &lt;row&gt;⠀&lt;/row&gt;
          &lt;row&gt;⠠⠥⠀⠃⠀⠃⠀⠑&lt;/row&gt;
          &lt;row&gt;⠀&lt;/row&gt;
          &lt;row&gt;⠅⠀⠽⠀⠎⠀⠽⠀⠊⠂⠀⠀⠀⠚⠀⠁⠀⠀⠀⠝⠀⠽⠀⠞&lt;/row&gt;
          &lt;row&gt;⠀&lt;/row&gt;
          &lt;row&gt;⠓⠀⠜⠀⠝⠀⠀⠀⠕⠀⠇⠀⠊&lt;/row&gt;
          &lt;row&gt;⠀&lt;/row&gt;
          &lt;row&gt;⠅⠀⠊⠀⠥⠀⠅⠀⠅⠀⠥⠀⠊⠀⠝⠀⠑⠀⠝&lt;/row&gt;
          &lt;row&gt;⠀&lt;/row&gt;
          &lt;row&gt;⠅⠀⠥⠀⠊⠀⠝⠀⠀⠀⠁⠀⠍⠀⠏⠀⠊⠀⠁⠀⠊⠀⠝⠀⠑⠀⠝⠄&lt;/row&gt;
          &lt;row&gt;⠀&lt;/row&gt;
          &lt;row&gt;⠤⠀⠀⠀⠠⠜⠀⠊⠀⠞⠀⠊⠀⠀⠀⠞⠀⠥⠀⠇⠀⠊&lt;/row&gt;
          &lt;row&gt;⠀&lt;/row&gt;
          &lt;row&gt;⠧⠀⠁⠀⠇⠀⠞⠀⠁⠀⠧⠀⠁⠀⠝&lt;/row&gt;
          &lt;row&gt;⠀&lt;/row&gt;
          &lt;row&gt;⠎⠀⠥⠀⠗⠀⠥⠀⠇⠀⠇⠀⠊⠀⠎⠀⠑⠀⠅⠀⠎⠀⠊⠄&lt;/row&gt;
          &lt;row&gt;⠀&lt;/row&gt;
          &lt;row&gt;⠠⠓⠀⠜⠀⠝⠀⠀⠀⠇⠀⠥⠀⠕⠀⠞⠀⠞⠀⠊&lt;/row&gt;
          &lt;row&gt;⠀&lt;/row&gt;
          &lt;row&gt;⠎⠀⠊⠀⠝⠀⠥⠀⠥⠀⠝⠲&lt;/row&gt;
          &lt;row&gt;⠀&lt;/row&gt;
          &lt;row&gt;⠀&lt;/row&gt;
          &lt;row&gt;⠤⠀⠀⠀⠠⠍⠀⠊⠀⠝⠀⠥⠀⠎⠀⠞⠀⠁&lt;/row&gt;
          &lt;row&gt;⠀&lt;/row&gt;
          &lt;row&gt;⠎⠀⠊⠀⠝⠀⠥⠀⠝⠀⠀⠀⠑⠀⠊⠀⠀⠀⠏⠀⠊⠀⠙⠀⠜&lt;/row&gt;
        &lt;/page&gt;
        &lt;page&gt;
          &lt;row&gt;⠀⠀⠀⠀⠀⠀⠀⠀⠀⠀⠀⠀⠀⠀⠀⠀⠀⠀⠀⠀⠀⠀⠀⠀⠀⠀⠼⠃⠊⠃&lt;/row&gt;
          &lt;row&gt;⠞⠀⠽⠀⠪⠀⠎⠀⠅⠀⠑⠀⠝⠀⠝⠀⠑⠀⠇⠀⠇⠀⠜&lt;/row&gt;
          &lt;row&gt;⠀&lt;/row&gt;
          &lt;row&gt;⠑⠀⠝⠀⠜⠀⠜&lt;/row&gt;
          &lt;row&gt;⠀&lt;/row&gt;
          &lt;row&gt;⠏⠀⠕⠀⠇⠀⠊⠀⠊⠀⠎⠀⠊⠀⠝⠀⠁⠂&lt;/row&gt;
          &lt;row&gt;⠀&lt;/row&gt;
          &lt;row&gt;⠠⠑⠀⠍⠀⠊⠀⠇⠀⠊⠀⠝⠀⠀⠀⠜⠀⠊⠀⠞⠀⠊&lt;/row&gt;
          &lt;row&gt;⠀&lt;/row&gt;
          &lt;row&gt;⠎⠀⠁⠀⠝⠀⠕⠀⠊⠄&lt;/row&gt;
          &lt;row&gt;⠀&lt;/row&gt;
          &lt;row&gt;⠀&lt;/row&gt;
          &lt;row&gt;⠀&lt;/row&gt;
          &lt;row&gt;⠤⠀⠀⠀⠠⠏⠀⠕⠀⠇⠀⠊⠀⠊⠀⠎⠀⠑⠀⠊⠀⠓⠀⠊⠀⠝&lt;/row&gt;
          &lt;row&gt;⠀&lt;/row&gt;
          &lt;row&gt;⠕⠀⠝⠀⠀⠀⠧⠀⠕⠀⠊⠀⠞⠀⠁⠀⠧⠀⠁&lt;/row&gt;
          &lt;row&gt;⠀&lt;/row&gt;
          &lt;row&gt;⠇⠀⠥⠀⠕⠀⠞⠀⠞⠀⠁⠀⠁⠄&lt;/row&gt;
          &lt;row&gt;⠀&lt;/row&gt;
          &lt;row&gt;⠀&lt;/row&gt;
          &lt;row&gt;⠤⠀⠀⠀⠠⠎⠀⠊⠀⠊⠀⠝⠀⠜&lt;/row&gt;
          &lt;row&gt;⠀&lt;/row&gt;
          &lt;row&gt;⠞⠀⠁⠀⠏⠀⠁⠀⠥⠀⠅⠀⠎⠀⠑⠀⠎⠀⠎⠀⠁&lt;/row&gt;
          &lt;row&gt;⠀&lt;/row&gt;
          &lt;row&gt;⠓⠀⠁⠀⠇⠀⠥⠀⠁⠀⠝&lt;/row&gt;
          &lt;row&gt;⠀&lt;/row&gt;
          &lt;row&gt;⠞⠀⠁⠀⠊⠀⠅⠀⠥⠀⠗⠀⠊⠀⠅⠀⠎⠀⠊⠂&lt;/row&gt;
        &lt;/page&gt;
        &lt;page&gt;
          &lt;row&gt;⠀⠀⠀⠀⠀⠀⠀⠀⠀⠀⠀⠀⠀⠀⠀⠀⠀⠀⠀⠀⠀⠀⠀⠀⠀⠀⠼⠃⠊⠉&lt;/row&gt;
          &lt;row&gt;⠠⠅⠀⠁⠀⠇⠀⠇⠀⠑⠀⠀⠀⠎⠀⠁⠀⠝⠀⠕⠀⠊⠄&lt;/row&gt;
          &lt;row&gt;⠀&lt;/row&gt;
          &lt;row&gt;⠤⠀⠀⠀⠠⠕⠀⠇⠀⠑⠀⠝⠀⠀⠀⠍⠀⠑⠀⠎⠀⠞⠀⠁⠀⠗⠀⠊&lt;/row&gt;
          &lt;row&gt;⠀&lt;/row&gt;
          &lt;row&gt;⠞⠀⠁⠀⠊⠀⠅⠀⠕⠀⠍⠀⠁⠀⠁⠀⠝&lt;/row&gt;
          &lt;row&gt;⠀&lt;/row&gt;
          &lt;row&gt;⠏⠀⠊⠀⠊⠀⠇⠀⠕⠀⠕⠀⠝&lt;/row&gt;
          &lt;row&gt;⠀&lt;/row&gt;
          &lt;row&gt;⠎⠀⠕⠀⠅⠀⠑⠀⠗⠀⠊⠀⠏⠀⠁⠀⠇⠀⠕⠀⠚⠀⠁⠄&lt;/row&gt;
          &lt;row&gt;⠀&lt;/row&gt;
          &lt;row&gt;⠀&lt;/row&gt;
          &lt;row&gt;⠀&lt;/row&gt;
          &lt;row&gt;⠠⠓⠀⠜⠀⠝⠀⠀⠀⠇⠀⠁⠀⠊⠀⠞⠀⠞⠀⠕⠀⠊&lt;/row&gt;
          &lt;row&gt;⠀&lt;/row&gt;
          &lt;row&gt;⠎⠀⠕⠀⠅⠀⠑⠀⠗⠀⠊⠀⠏⠀⠁⠀⠇⠀⠁⠀⠝&lt;/row&gt;
          &lt;row&gt;⠀&lt;/row&gt;
          &lt;row&gt;⠅⠀⠜⠀⠍⠀⠍⠀⠑⠀⠝⠀⠑⠀⠇⠀⠇⠀⠑⠀⠑⠀⠝&lt;/row&gt;
          &lt;row&gt;⠀&lt;/row&gt;
          &lt;row&gt;⠚⠀⠁⠀⠀⠀⠏⠀⠥⠀⠗⠀⠊⠀⠎⠀⠞⠀⠊&lt;/row&gt;
          &lt;row&gt;⠀&lt;/row&gt;
          &lt;row&gt;⠍⠀⠕⠀⠇⠀⠑⠀⠍⠀⠍⠀⠁⠀⠞&lt;/row&gt;
          &lt;row&gt;⠀&lt;/row&gt;
          &lt;row&gt;⠅⠀⠜⠀⠞⠀⠑⠀⠝⠀⠎⠀⠜&lt;/row&gt;
          &lt;row&gt;⠀&lt;/row&gt;
          &lt;row&gt;⠝⠀⠽⠀⠗⠀⠅⠀⠅⠀⠊⠀⠊⠀⠝⠄&lt;/row&gt;
          &lt;row/&gt;
        &lt;/page&gt;
        &lt;page&gt;
          &lt;row&gt;⠀⠀⠀⠀⠀⠀⠀⠀⠀⠀⠀⠀⠀⠀⠀⠀⠀⠀⠀⠀⠀⠀⠀⠀⠀⠀⠼⠃⠊⠙&lt;/row&gt;
          &lt;row&gt;⠀&lt;/row&gt;
          &lt;row&gt;⠤⠀⠀⠀⠠⠓⠀⠕⠀⠅⠀⠅⠀⠥⠀⠎&lt;/row&gt;
          &lt;row&gt;⠀&lt;/row&gt;
          &lt;row&gt;⠏⠀⠕⠀⠅⠀⠅⠀⠥⠀⠎⠲⠀⠀⠀⠠⠍⠀⠊⠀⠎⠀⠎⠀⠜&lt;/row&gt;
          &lt;row&gt;⠀&lt;/row&gt;
          &lt;row&gt;⠎⠀⠑⠀⠀⠀⠕⠀⠝⠢⠀⠀⠀⠓⠀⠜⠀⠝&lt;/row&gt;
          &lt;row&gt;⠀&lt;/row&gt;
          &lt;row&gt;⠅⠀⠽⠀⠎⠀⠽⠀⠊⠀⠀⠀⠚⠀⠁&lt;/row&gt;
          &lt;row&gt;⠀&lt;/row&gt;
          &lt;row&gt;⠝⠀⠜⠀⠽⠀⠞⠀⠞⠀⠊⠀⠀⠀⠞⠀⠽⠀⠓⠀⠚⠀⠜⠀⠞&lt;/row&gt;
          &lt;row&gt;⠀&lt;/row&gt;
          &lt;row&gt;⠅⠀⠜⠀⠞⠀⠑⠀⠝⠀⠎⠀⠜⠄&lt;/row&gt;
          &lt;row&gt;⠀&lt;/row&gt;
          &lt;row&gt;⠠⠎⠀⠊⠀⠇⠀⠇⠀⠕⠀⠊⠀⠝⠀⠀⠀⠏⠀⠪⠀⠽⠀⠙⠀⠜⠀⠝&lt;/row&gt;
          &lt;row&gt;⠀&lt;/row&gt;
          &lt;row&gt;⠧⠀⠊⠀⠑⠀⠗⠀⠑⠀⠑⠀⠝&lt;/row&gt;
          &lt;row&gt;⠀&lt;/row&gt;
          &lt;row&gt;⠊⠀⠇⠀⠍⠀⠑⠀⠎⠀⠞⠀⠽⠀⠊&lt;/row&gt;
          &lt;row&gt;⠀&lt;/row&gt;
          &lt;row&gt;⠅⠀⠕⠀⠊⠀⠗⠀⠁⠀⠝⠀⠅⠀⠥⠀⠕⠀⠝⠀⠕⠄&lt;/row&gt;
          &lt;row&gt;⠀&lt;/row&gt;
          &lt;row&gt;⠠⠍⠀⠕⠀⠇⠀⠇⠀⠽&lt;/row&gt;
          &lt;row&gt;⠀&lt;/row&gt;
          &lt;row&gt;⠏⠀⠥⠀⠗⠀⠑⠀⠎⠀⠅⠀⠑⠀⠇⠀⠊&lt;/row&gt;
          &lt;row&gt;⠀&lt;/row&gt;
          &lt;row&gt;⠚⠀⠕⠀⠞⠀⠁⠀⠊⠀⠝&lt;/row&gt;
        &lt;/page&gt;
        &lt;page&gt;
          &lt;row&gt;⠀⠀⠀⠀⠀⠀⠀⠀⠀⠀⠀⠀⠀⠀⠀⠀⠀⠀⠀⠀⠀⠀⠀⠀⠀⠀⠼⠃⠊⠑&lt;/row&gt;
          &lt;row&gt;⠗⠀⠁⠀⠞⠀⠊⠀⠎⠀⠑⠀⠧⠀⠁⠀⠁⠄&lt;/row&gt;
          &lt;row&gt;⠀&lt;/row&gt;
          &lt;row&gt;⠀&lt;/row&gt;
          &lt;row&gt;⠤⠀⠀⠀⠠⠞⠀⠥⠀⠝⠀⠝⠀⠥⠀⠎⠀⠞⠀⠁⠂&lt;/row&gt;
          &lt;row&gt;⠀&lt;/row&gt;
          &lt;row&gt;⠑⠀⠞⠀⠞⠀⠜⠀⠀⠀⠏⠀⠥⠀⠙⠀⠕⠀⠞⠀⠊⠀⠞&lt;/row&gt;
          &lt;row&gt;⠀&lt;/row&gt;
          &lt;row&gt;⠎⠀⠑⠀⠝⠀⠀⠀⠇⠀⠁⠀⠞⠀⠞⠀⠊⠀⠁⠀⠇⠀⠇⠀⠑⠂&lt;/row&gt;
          &lt;row&gt;⠀&lt;/row&gt;
          &lt;row&gt;⠠⠥⠀⠃⠀⠃⠀⠑⠀⠀⠀⠎⠀⠁⠀⠝⠀⠕⠀⠊⠄&lt;/row&gt;
          &lt;row&gt;⠀&lt;/row&gt;
          &lt;row&gt;⠀&lt;/row&gt;
          &lt;row&gt;⠀&lt;/row&gt;
          &lt;row&gt;⠤⠀⠀⠀⠠⠅⠀⠥⠀⠥⠀⠇⠀⠑⠀⠀⠀⠠⠅⠀⠁⠀⠇⠀⠇⠀⠑⠂&lt;/row&gt;
          &lt;row&gt;⠀&lt;/row&gt;
          &lt;row&gt;⠎⠀⠊⠀⠝⠀⠥⠀⠝&lt;/row&gt;
          &lt;row&gt;⠀&lt;/row&gt;
          &lt;row&gt;⠅⠀⠁⠀⠝⠀⠝⠀⠁⠀⠞⠀⠞⠀⠁⠀⠁&lt;/row&gt;
          &lt;row&gt;⠀&lt;/row&gt;
          &lt;row&gt;⠧⠀⠁⠀⠗⠀⠍⠀⠁⠀⠁⠀⠝⠀⠀⠀⠧⠀⠊⠀⠑⠀⠇⠀⠜&lt;/row&gt;
          &lt;row&gt;⠀&lt;/row&gt;
          &lt;row&gt;⠓⠀⠁⠀⠗⠀⠅⠀⠊⠀⠞⠀⠁⠄⠀⠀⠀⠠⠑⠀⠓⠀⠅⠀⠑⠀⠊&lt;/row&gt;
          &lt;row&gt;⠀&lt;/row&gt;
          &lt;row&gt;⠞⠀⠁⠀⠊⠀⠅⠀⠕⠀⠍⠀⠊⠀⠝⠀⠑⠀⠝⠀⠅⠀⠁⠀⠁⠀⠝&lt;/row&gt;
          &lt;row&gt;⠀&lt;/row&gt;
          &lt;row&gt;⠕⠀⠇⠀⠑⠀⠀⠀⠎⠀⠊⠀⠝⠀⠥⠀⠝&lt;/row&gt;
        &lt;/page&gt;
        &lt;page&gt;
          &lt;row&gt;⠀⠀⠀⠀⠀⠀⠀⠀⠀⠀⠀⠀⠀⠀⠀⠀⠀⠀⠀⠀⠀⠀⠀⠀⠀⠀⠼⠃⠊⠋&lt;/row&gt;
          &lt;row&gt;⠚⠀⠥⠀⠞⠀⠞⠀⠥⠀⠎⠀⠊⠄&lt;/row&gt;
          &lt;row&gt;⠀&lt;/row&gt;
          &lt;row&gt;⠀&lt;/row&gt;
          &lt;row&gt;⠠⠎⠀⠁⠀⠍⠀⠁⠀⠇⠀⠇⠀⠁&lt;/row&gt;
          &lt;row&gt;⠀&lt;/row&gt;
          &lt;row&gt;⠓⠀⠑⠀⠞⠀⠅⠀⠑⠀⠇⠀⠇⠀⠜&lt;/row&gt;
          &lt;row&gt;⠀&lt;/row&gt;
          &lt;row&gt;⠠⠑⠀⠍⠀⠊⠀⠇⠀⠊⠀⠝⠀⠀⠀⠜⠀⠊⠀⠞⠀⠊&lt;/row&gt;
          &lt;row&gt;⠀&lt;/row&gt;
          &lt;row&gt;⠓⠀⠥⠀⠕⠀⠍⠀⠁⠀⠎⠀⠊⠂⠀⠀⠀⠑⠀⠞⠀⠞⠀⠜&lt;/row&gt;
          &lt;row&gt;⠀&lt;/row&gt;
          &lt;row&gt;⠠⠓⠀⠥⠀⠇⠀⠙⠀⠁&lt;/row&gt;
          &lt;row&gt;⠀&lt;/row&gt;
          &lt;row&gt;⠠⠍⠀⠥⠀⠇⠀⠇⠀⠃⠀⠑⠀⠗⠀⠛&lt;/row&gt;
          &lt;row&gt;⠀&lt;/row&gt;
          &lt;row&gt;⠅⠀⠜⠀⠧⠀⠑⠀⠇⠀⠊⠀⠀⠀⠅⠀⠁⠀⠙⠀⠥⠀⠇⠀⠇⠀⠁⠄&lt;/row&gt;
          &lt;row&gt;⠀&lt;/row&gt;
          &lt;row&gt;⠀&lt;/row&gt;
          &lt;row&gt;⠤⠀⠀⠀⠠⠅⠀⠁⠀⠊⠀⠅⠀⠅⠀⠊&lt;/row&gt;
          &lt;row&gt;⠀&lt;/row&gt;
          &lt;row&gt;⠏⠀⠊⠀⠞⠀⠅⠀⠜⠀⠇⠀⠇⠀⠑⠀⠑⠀⠝&lt;/row&gt;
          &lt;row&gt;⠀&lt;/row&gt;
          &lt;row&gt;⠇⠀⠁⠀⠞⠀⠞⠀⠊⠀⠁⠀⠇⠀⠇⠀⠑⠀⠀⠀⠝⠀⠊⠀⠊⠀⠝&lt;/row&gt;
          &lt;row&gt;⠀&lt;/row&gt;
          &lt;row&gt;⠑⠀⠞⠀⠞⠀⠑⠀⠊⠀⠀⠀⠓⠀⠜⠀⠝⠀⠀⠀⠝⠀⠜⠀⠑&lt;/row&gt;
          &lt;row/&gt;
        &lt;/page&gt;
        &lt;page&gt;
          &lt;row&gt;⠀⠀⠀⠀⠀⠀⠀⠀⠀⠀⠀⠀⠀⠀⠀⠀⠀⠀⠀⠀⠀⠀⠀⠀⠀⠀⠼⠃⠊⠛&lt;/row&gt;
          &lt;row&gt;⠍⠀⠑⠀⠊⠀⠙⠀⠜⠀⠝⠀⠀⠀⠕⠀⠇⠀⠑⠀⠧⠀⠁⠀⠝&lt;/row&gt;
          &lt;row&gt;⠀&lt;/row&gt;
          &lt;row&gt;⠅⠀⠕⠀⠞⠀⠕⠀⠝⠀⠁⠲&lt;/row&gt;
          &lt;row&gt;⠀&lt;/row&gt;
          &lt;row&gt;⠀&lt;/row&gt;
          &lt;row&gt;⠤⠀⠀⠀⠠⠕⠀⠇⠀⠊⠀⠝⠀⠅⠀⠊⠀⠝&lt;/row&gt;
          &lt;row&gt;⠀&lt;/row&gt;
          &lt;row&gt;⠞⠀⠥⠀⠝⠀⠞⠀⠑⠀⠧⠀⠊⠀⠝⠀⠁&lt;/row&gt;
          &lt;row&gt;⠀&lt;/row&gt;
          &lt;row&gt;⠅⠀⠁⠀⠓⠀⠧⠀⠊⠀⠝⠀⠀⠀⠞⠀⠥⠀⠕⠀⠅⠀⠎⠀⠥⠀⠝⠂&lt;/row&gt;
          &lt;row&gt;⠀&lt;/row&gt;
          &lt;row&gt;⠠⠓⠀⠥⠀⠇⠀⠙⠀⠁&lt;/row&gt;
          &lt;row&gt;⠀&lt;/row&gt;
          &lt;row&gt;⠎⠀⠁⠀⠝⠀⠕⠀⠊⠀⠀⠀⠚⠀⠁&lt;/row&gt;
          &lt;row&gt;⠀&lt;/row&gt;
          &lt;row&gt;⠞⠀⠽⠀⠪⠀⠝⠀⠎⠀⠊⠀⠀⠀⠏⠀⠜⠀⠜⠀⠝⠀⠎⠀⠜&lt;/row&gt;
          &lt;row&gt;⠀&lt;/row&gt;
          &lt;row&gt;⠅⠀⠑⠀⠊⠀⠞⠀⠞⠀⠊⠀⠪⠀⠊⠀⠅⠀⠅⠀⠥⠀⠝⠀⠁⠀⠎⠤&lt;/row&gt;
          &lt;row&gt;⠀&lt;/row&gt;
          &lt;row&gt;⠞⠀⠁⠀⠀⠀⠎⠀⠊⠀⠎⠀⠜⠀⠜⠀⠝⠄&lt;/row&gt;
          &lt;row&gt;⠀&lt;/row&gt;
          &lt;row&gt;⠀&lt;/row&gt;
          &lt;row&gt;⠀&lt;/row&gt;
          &lt;row&gt;⠀&lt;/row&gt;
          &lt;row&gt;⠀&lt;/row&gt;
          &lt;row/&gt;
        &lt;/page&gt;
        &lt;page&gt;
          &lt;row&gt;⠀⠀⠀⠀⠀⠀⠀⠀⠀⠀⠀⠀⠀⠀⠀⠀⠀⠀⠀⠀⠀⠀⠀⠀⠀⠀⠼⠃⠊⠓&lt;/row&gt;
          &lt;row&gt;⠠⠠⠑⠀⠍⠀⠊⠀⠇⠀⠊⠀⠝&lt;/row&gt;
          &lt;row&gt;⠀&lt;/row&gt;
          &lt;row&gt;⠠⠠⠎⠀⠁⠀⠝⠀⠁⠀⠎⠀⠞⠀⠕&lt;/row&gt;
          &lt;row&gt;⠀&lt;/row&gt;
          &lt;row&gt;⠀&lt;/row&gt;
          &lt;row&gt;⠀&lt;/row&gt;
          &lt;row&gt;⠠⠠⠁⠀⠇⠀⠊⠀⠃⠀⠊⠀⠀⠀⠠⠚⠀⠕⠀⠎&lt;/row&gt;
          &lt;row&gt;⠀&lt;/row&gt;
          &lt;row&gt;⠓⠀⠑⠀⠝⠀⠅⠀⠊⠀⠇⠀⠪⠀⠇⠀⠇⠀⠜⠀⠀⠀⠕⠀⠝&lt;/row&gt;
          &lt;row&gt;⠀&lt;/row&gt;
          &lt;row&gt;⠁⠀⠇⠀⠊⠀⠃⠀⠊⠂⠀⠀⠀⠓⠀⠜⠀⠝⠀⠀⠀⠧⠀⠕⠀⠊&lt;/row&gt;
          &lt;row&gt;⠀&lt;/row&gt;
          &lt;row&gt;⠞⠀⠕⠀⠙⠀⠊⠀⠎⠀⠞⠀⠁⠀⠁⠂&lt;/row&gt;
          &lt;row&gt;⠀&lt;/row&gt;
          &lt;row&gt;⠑⠀⠞⠀⠞⠀⠑⠀⠊⠀⠀⠀⠕⠀⠇⠀⠇⠀⠥⠀⠞&lt;/row&gt;
          &lt;row&gt;⠀&lt;/row&gt;
          &lt;row&gt;⠗⠀⠊⠀⠅⠀⠕⠀⠎⠀⠏⠀⠁⠀⠊⠀⠅⠀⠁⠀⠇⠀⠇⠀⠁&lt;/row&gt;
          &lt;row&gt;⠀&lt;/row&gt;
          &lt;row&gt;⠅⠀⠥⠀⠝⠀⠀⠀⠗⠀⠊⠀⠅⠀⠕⠀⠎&lt;/row&gt;
          &lt;row&gt;⠀&lt;/row&gt;
          &lt;row&gt;⠞⠀⠑⠀⠓⠀⠞⠀⠊⠀⠊⠀⠝⠄&lt;/row&gt;
          &lt;row&gt;⠀&lt;/row&gt;
          &lt;row&gt;⠀&lt;/row&gt;
          &lt;row&gt;⠀&lt;/row&gt;
          &lt;row&gt;⠀&lt;/row&gt;
          &lt;row/&gt;
        &lt;/page&gt;
        &lt;page&gt;
          &lt;row&gt;⠀⠀⠀⠀⠀⠀⠀⠀⠀⠀⠀⠀⠀⠀⠀⠀⠀⠀⠀⠀⠀⠀⠀⠀⠀⠀⠼⠃⠊⠊&lt;/row&gt;
          &lt;row&gt;⠠⠠⠁⠀⠝⠀⠕⠀⠝⠀⠽⠀⠽⠀⠍⠀⠊&lt;/row&gt;
          &lt;row&gt;⠀&lt;/row&gt;
          &lt;row&gt;⠠⠠⠇⠀⠜⠀⠓⠀⠙⠀⠑&lt;/row&gt;
          &lt;row&gt;⠀&lt;/row&gt;
          &lt;row&gt;⠠⠁⠀⠝⠀⠕⠀⠝⠀⠽⠀⠽⠀⠍⠀⠊⠀⠀⠀⠇⠀⠜⠀⠓⠀⠙⠀⠑&lt;/row&gt;
          &lt;row&gt;⠀&lt;/row&gt;
          &lt;row&gt;⠕⠀⠝⠀⠀⠀⠓⠀⠑⠀⠝⠀⠅⠀⠊⠀⠇⠀⠪⠂&lt;/row&gt;
          &lt;row&gt;⠀&lt;/row&gt;
          &lt;row&gt;⠚⠀⠕⠀⠅⠀⠁⠀⠀⠀⠅⠀⠑⠀⠗⠀⠞⠀⠕⠀⠕&lt;/row&gt;
          &lt;row&gt;⠀&lt;/row&gt;
          &lt;row&gt;⠁⠀⠎⠀⠊⠀⠕⠀⠊⠀⠞⠀⠁&lt;/row&gt;
          &lt;row&gt;⠀&lt;/row&gt;
          &lt;row&gt;⠇⠀⠑⠀⠓⠀⠙⠀⠑⠀⠇⠀⠇⠀⠑⠀⠀⠀⠍⠀⠥⠀⠞⠀⠞⠀⠁&lt;/row&gt;
          &lt;row&gt;⠀&lt;/row&gt;
          &lt;row&gt;⠑⠀⠊⠀⠀⠀⠓⠀⠁⠀⠇⠀⠥⠀⠁&lt;/row&gt;
          &lt;row&gt;⠀&lt;/row&gt;
          &lt;row&gt;⠍⠀⠥⠀⠊⠀⠙⠀⠑⠀⠝&lt;/row&gt;
          &lt;row&gt;⠀&lt;/row&gt;
          &lt;row&gt;⠞⠀⠊⠀⠑⠀⠞⠀⠜⠀⠧⠀⠜⠀⠝⠂⠀⠀⠀⠑⠀⠞⠀⠞⠀⠜&lt;/row&gt;
          &lt;row&gt;⠀&lt;/row&gt;
          &lt;row&gt;⠅⠀⠑⠀⠗⠀⠞⠀⠕⠀⠚⠀⠁⠀⠀⠀⠕⠀⠝&lt;/row&gt;
          &lt;row&gt;⠀&lt;/row&gt;
          &lt;row&gt;⠚⠀⠥⠀⠥⠀⠗⠀⠊⠀⠀⠀⠓⠀⠜⠀⠝⠄&lt;/row&gt;
          &lt;row&gt;⠀&lt;/row&gt;
          &lt;row&gt;⠀&lt;/row&gt;
          &lt;row/&gt;
        &lt;/page&gt;
        &lt;page&gt;
          &lt;row&gt;⠀⠀⠀⠀⠀⠀⠀⠀⠀⠀⠀⠀⠀⠀⠀⠀⠀⠀⠀⠀⠀⠀⠀⠀⠀⠀⠼⠉⠚⠚&lt;/row&gt;
          &lt;row&gt;⠠⠠⠑⠀⠏⠀⠜⠀⠊⠀⠇⠀⠞⠀⠽&lt;/row&gt;
          &lt;row&gt;⠀&lt;/row&gt;
          &lt;row&gt;⠠⠓⠀⠑⠀⠝⠀⠅⠀⠊⠀⠇⠀⠪⠀⠜⠂&lt;/row&gt;
          &lt;row&gt;⠀&lt;/row&gt;
          &lt;row&gt;⠚⠀⠕⠀⠝⠀⠅⠀⠁⠀⠀⠀⠏⠀⠕⠀⠇⠀⠊⠀⠊⠀⠎⠀⠊&lt;/row&gt;
          &lt;row&gt;⠀&lt;/row&gt;
          &lt;row&gt;⠥⠀⠎⠀⠅⠀⠕⠀⠕⠀⠀⠀⠞⠀⠑⠀⠓⠀⠝⠀⠑⠀⠑⠀⠝&lt;/row&gt;
          &lt;row&gt;⠀&lt;/row&gt;
          &lt;row&gt;⠗⠀⠊⠀⠅⠀⠕⠀⠅⠀⠎⠀⠑⠀⠑⠀⠝⠂&lt;/row&gt;
          &lt;row&gt;⠀&lt;/row&gt;
          &lt;row&gt;⠎⠀⠁⠀⠝⠀⠕⠀⠞⠀⠁⠀⠁⠀⠝&lt;/row&gt;
          &lt;row&gt;⠀&lt;/row&gt;
          &lt;row&gt;⠑⠀⠏⠀⠜⠀⠊⠀⠇⠀⠇⠀⠽⠀⠅⠀⠎⠀⠊⠄&lt;/row&gt;
          &lt;row&gt;⠀&lt;/row&gt;
          &lt;row&gt;⠀&lt;/row&gt;
          &lt;row&gt;⠠⠠⠇⠀⠜⠀⠓⠀⠙⠀⠑&lt;/row&gt;
          &lt;row&gt;⠀&lt;/row&gt;
          &lt;row&gt;⠠⠓⠀⠑⠀⠝⠀⠅⠀⠊⠀⠇⠀⠪⠀⠜⠂⠀⠀⠀⠚⠀⠕⠀⠅⠀⠁&lt;/row&gt;
          &lt;row&gt;⠀&lt;/row&gt;
          &lt;row&gt;⠅⠀⠑⠀⠗⠀⠞⠀⠕⠀⠕⠀⠀⠀⠁⠀⠎⠀⠊⠀⠕⠀⠊⠀⠞⠀⠁&lt;/row&gt;
          &lt;row&gt;⠀&lt;/row&gt;
          &lt;row&gt;⠇⠀⠑⠀⠓⠀⠙⠀⠑⠀⠇⠀⠇⠀⠑⠂&lt;/row&gt;
          &lt;row&gt;⠀&lt;/row&gt;
          &lt;row&gt;⠎⠀⠁⠀⠝⠀⠕⠀⠞⠀⠁⠀⠁⠀⠝&lt;/row&gt;
          &lt;row&gt;⠀&lt;/row&gt;
          &lt;row&gt;⠇⠀⠜⠀⠓⠀⠞⠀⠑⠀⠑⠀⠅⠀⠎⠀⠊⠄&lt;/row&gt;
        &lt;/page&gt;
        &lt;page&gt;
          &lt;row&gt;⠀⠀⠀⠀⠀⠀⠀⠀⠀⠀⠀⠀⠀⠀⠀⠀⠀⠀⠀⠀⠀⠀⠀⠀⠀⠀⠼⠉⠚⠁&lt;/row&gt;
          &lt;row&gt;⠠⠠⠍⠀⠕⠀⠞⠀⠊⠀⠊⠀⠧⠀⠊&lt;/row&gt;
          &lt;row&gt;⠀&lt;/row&gt;
          &lt;row&gt;⠠⠍⠀⠕⠀⠞⠀⠊⠀⠊⠀⠧⠀⠊&lt;/row&gt;
          &lt;row&gt;⠀&lt;/row&gt;
          &lt;row&gt;⠞⠀⠁⠀⠗⠀⠅⠀⠕⠀⠊⠀⠞⠀⠞⠀⠁⠀⠁&lt;/row&gt;
          &lt;row&gt;⠀&lt;/row&gt;
          &lt;row&gt;⠎⠀⠽⠀⠽⠀⠞⠀⠜⠂⠀⠀⠀⠚⠀⠕⠀⠝⠀⠅⠀⠁&lt;/row&gt;
          &lt;row&gt;⠀&lt;/row&gt;
          &lt;row&gt;⠧⠀⠥⠀⠕⠀⠅⠀⠎⠀⠊⠀⠀⠀⠚⠀⠕⠀⠅⠀⠥&lt;/row&gt;
          &lt;row&gt;⠀&lt;/row&gt;
          &lt;row&gt;⠞⠀⠑⠀⠅⠀⠑⠀⠑⠀⠀⠀⠚⠀⠕⠀⠞⠀⠁⠀⠅⠀⠊⠀⠝⠄&lt;/row&gt;
          &lt;row&gt;⠀&lt;/row&gt;
          &lt;row&gt;⠀&lt;/row&gt;
          &lt;row&gt;⠠⠠⠗⠀⠊⠀⠅⠀⠕⠀⠎⠀⠀⠀⠠⠚⠀⠕⠀⠎&lt;/row&gt;
          &lt;row&gt;⠀&lt;/row&gt;
          &lt;row&gt;⠞⠀⠑⠀⠅⠀⠑⠀⠑⠀⠀⠀⠗⠀⠊⠀⠅⠀⠕⠀⠅⠀⠎⠀⠑⠀⠝⠂&lt;/row&gt;
          &lt;row&gt;⠀&lt;/row&gt;
          &lt;row&gt;⠎⠀⠊⠀⠇⠀⠇⠀⠕⠀⠊⠀⠝⠀⠀⠀⠗⠀⠊⠀⠅⠀⠅⠀⠕⠀⠕&lt;/row&gt;
          &lt;row&gt;⠀&lt;/row&gt;
          &lt;row&gt;⠇⠀⠁⠀⠅⠀⠊⠀⠁⠀⠀⠀⠚⠀⠁⠀⠀⠀⠞⠀⠑⠀⠅⠀⠑⠀⠑&lt;/row&gt;
          &lt;row&gt;⠀&lt;/row&gt;
          &lt;row&gt;⠚⠀⠕⠀⠞⠀⠁⠀⠅⠀⠊⠀⠝⠂⠀⠀⠀⠍⠀⠊⠀⠞⠀⠜&lt;/row&gt;
          &lt;row&gt;⠀&lt;/row&gt;
          &lt;row&gt;⠑⠀⠊⠀⠀⠀⠎⠀⠁⠀⠊⠀⠎⠀⠊⠀⠀⠀⠞⠀⠑⠀⠓⠀⠙⠀⠜⠄&lt;/row&gt;
          &lt;row&gt;⠀&lt;/row&gt;
          &lt;row&gt;⠠⠑⠀⠎⠀⠊⠀⠍⠀⠑⠀⠗⠀⠅⠀⠊⠀⠅⠀⠎⠀⠊&lt;/row&gt;
        &lt;/page&gt;
        &lt;page&gt;
          &lt;row&gt;⠀⠀⠀⠀⠀⠀⠀⠀⠀⠀⠀⠀⠀⠀⠀⠀⠀⠀⠀⠀⠀⠀⠀⠀⠀⠀⠼⠉⠚⠃&lt;/row&gt;
          &lt;row&gt;⠧⠀⠁⠀⠗⠀⠅⠀⠁⠀⠥⠀⠎⠀⠀⠀⠕⠀⠝&lt;/row&gt;
          &lt;row&gt;⠀&lt;/row&gt;
          &lt;row&gt;⠗⠀⠊⠀⠅⠀⠕⠀⠎⠄&lt;/row&gt;
          &lt;row&gt;⠀&lt;/row&gt;
          &lt;row&gt;⠀&lt;/row&gt;
          &lt;row&gt;⠠⠠⠗⠀⠊⠀⠅⠀⠕⠀⠎⠀⠏⠀⠁⠀⠊⠀⠅⠀⠅⠀⠁&lt;/row&gt;
          &lt;row&gt;⠀&lt;/row&gt;
          &lt;row&gt;⠠⠏⠀⠁⠀⠊⠀⠅⠀⠅⠀⠁⠀⠁⠂⠀⠀⠀⠍⠀⠊⠀⠎⠀⠎⠀⠜&lt;/row&gt;
          &lt;row&gt;⠀&lt;/row&gt;
          &lt;row&gt;⠗⠀⠊⠀⠅⠀⠕⠀⠎⠀⠀⠀⠞⠀⠁⠀⠏⠀⠁⠀⠓⠀⠞⠀⠥⠀⠥⠂&lt;/row&gt;
          &lt;row&gt;⠀&lt;/row&gt;
          &lt;row&gt;⠎⠀⠁⠀⠝⠀⠕⠀⠞⠀⠁⠀⠁⠀⠝&lt;/row&gt;
          &lt;row&gt;⠀&lt;/row&gt;
          &lt;row&gt;⠗⠀⠊⠀⠅⠀⠕⠀⠎⠀⠏⠀⠁⠀⠊⠀⠅⠀⠁⠀⠅⠀⠎⠀⠊⠄&lt;/row&gt;
          &lt;row&gt;⠀&lt;/row&gt;
          &lt;row&gt;⠀&lt;/row&gt;
          &lt;row&gt;⠀&lt;/row&gt;
          &lt;row&gt;⠠⠠⠎⠀⠊⠀⠇⠀⠍⠀⠊⠀⠝⠀⠝⠀⠜⠀⠅⠀⠊⠀⠚⠀⠜&lt;/row&gt;
          &lt;row&gt;⠀&lt;/row&gt;
          &lt;row&gt;⠠⠓⠀⠑⠀⠝⠀⠅⠀⠊⠀⠇⠀⠪⠀⠜⠂⠀⠀⠀⠚⠀⠕⠀⠅⠀⠁&lt;/row&gt;
          &lt;row&gt;⠀&lt;/row&gt;
          &lt;row&gt;⠕⠀⠝⠀⠀⠀⠝⠀⠜⠀⠓⠀⠝⠀⠽⠀⠞⠀⠀⠀⠅⠀⠥⠀⠝&lt;/row&gt;
          &lt;row&gt;⠀&lt;/row&gt;
          &lt;row&gt;⠚⠀⠕⠀⠅⠀⠥⠀⠀⠀⠞⠀⠕⠀⠊⠀⠝⠀⠑⠀⠝⠀⠀⠀⠕⠀⠝&lt;/row&gt;
          &lt;row&gt;⠀&lt;/row&gt;
          &lt;row&gt;⠞⠀⠑⠀⠓⠀⠝⠀⠽⠀⠞⠀⠀⠀⠚⠀⠕⠀⠞⠀⠁⠀⠅⠀⠊⠀⠝&lt;/row&gt;
        &lt;/page&gt;
        &lt;page&gt;
          &lt;row&gt;⠀⠀⠀⠀⠀⠀⠀⠀⠀⠀⠀⠀⠀⠀⠀⠀⠀⠀⠀⠀⠀⠀⠀⠀⠀⠀⠼⠉⠚⠉&lt;/row&gt;
          &lt;row&gt;⠗⠀⠊⠀⠅⠀⠕⠀⠇⠀⠇⠀⠊⠀⠎⠀⠞⠀⠁⠂&lt;/row&gt;
          &lt;row&gt;⠀&lt;/row&gt;
          &lt;row&gt;⠎⠀⠁⠀⠝⠀⠕⠀⠞⠀⠁⠀⠁⠀⠝&lt;/row&gt;
          &lt;row&gt;⠀&lt;/row&gt;
          &lt;row&gt;⠎⠀⠊⠀⠇⠀⠍⠀⠊⠀⠝⠀⠤&lt;/row&gt;
          &lt;row&gt;⠀&lt;/row&gt;
          &lt;row&gt;⠝⠀⠜⠀⠅⠀⠊⠀⠚⠀⠜⠀⠅⠀⠎⠀⠊⠄&lt;/row&gt;
          &lt;row&gt;⠀&lt;/row&gt;
          &lt;row&gt;⠀&lt;/row&gt;
          &lt;row&gt;⠠⠠⠎⠀⠕⠀⠗⠀⠍⠀⠑⠀⠝⠀⠚⠀⠜⠀⠇⠀⠅⠀⠊&lt;/row&gt;
          &lt;row&gt;⠀&lt;/row&gt;
          &lt;row&gt;⠠⠅⠀⠥⠀⠝⠀⠀⠀⠅⠀⠕⠀⠎⠀⠅⠀⠑⠀⠑&lt;/row&gt;
          &lt;row&gt;⠀&lt;/row&gt;
          &lt;row&gt;⠚⠀⠕⠀⠓⠀⠕⠀⠝⠀⠅⠀⠊⠀⠝⠂&lt;/row&gt;
          &lt;row&gt;⠀&lt;/row&gt;
          &lt;row&gt;⠎⠀⠕⠀⠗⠀⠍⠀⠑⠀⠝⠀⠏⠀⠜⠀⠊⠀⠎⠀⠞⠀⠜&lt;/row&gt;
          &lt;row&gt;⠀&lt;/row&gt;
          &lt;row&gt;⠚⠀⠜⠀⠜⠀⠀⠀⠎⠀⠊⠀⠊⠀⠓⠀⠑⠀⠝&lt;/row&gt;
          &lt;row&gt;⠀&lt;/row&gt;
          &lt;row&gt;⠝⠀⠜⠀⠅⠀⠽⠀⠍⠀⠜⠀⠞⠀⠪⠀⠝&lt;/row&gt;
          &lt;row&gt;⠀&lt;/row&gt;
          &lt;row&gt;⠚⠀⠜⠀⠇⠀⠅⠀⠊⠄⠀⠀⠀⠠⠎⠀⠊⠀⠞⠀⠜&lt;/row&gt;
          &lt;row&gt;⠀&lt;/row&gt;
          &lt;row&gt;⠏⠀⠕⠀⠇⠀⠊⠀⠊⠀⠎⠀⠊&lt;/row&gt;
          &lt;row&gt;⠀&lt;/row&gt;
          &lt;row&gt;⠧⠀⠕⠀⠊⠀⠀⠀⠅⠀⠜⠀⠽⠀⠞⠀⠞⠀⠜⠀⠜&lt;/row&gt;
        &lt;/page&gt;
        &lt;page&gt;
          &lt;row&gt;⠀⠀⠀⠀⠀⠀⠀⠀⠀⠀⠀⠀⠀⠀⠀⠀⠀⠀⠀⠀⠀⠀⠀⠀⠀⠀⠼⠉⠚⠙&lt;/row&gt;
          &lt;row&gt;⠞⠀⠕⠀⠙⠀⠊⠀⠎⠀⠞⠀⠁⠀⠁⠀⠅⠀⠎⠀⠑⠀⠑⠀⠝⠂&lt;/row&gt;
          &lt;row&gt;⠀&lt;/row&gt;
          &lt;row&gt;⠑⠀⠞⠀⠞⠀⠜⠀⠀⠀⠚⠀⠕⠀⠅⠀⠥⠀⠀⠀⠕⠀⠝&lt;/row&gt;
          &lt;row&gt;⠀&lt;/row&gt;
          &lt;row&gt;⠞⠀⠑⠀⠓⠀⠝⠀⠽⠀⠞&lt;/row&gt;
          &lt;row&gt;⠀&lt;/row&gt;
          &lt;row&gt;⠗⠀⠊⠀⠅⠀⠕⠀⠅⠀⠎⠀⠑⠀⠝⠄&lt;/row&gt;
          &lt;row&gt;⠀&lt;/row&gt;
          &lt;row&gt;⠀&lt;/row&gt;
          &lt;row&gt;⠠⠠⠞⠀⠑⠀⠅⠀⠊⠀⠚⠀⠜&lt;/row&gt;
          &lt;row&gt;⠀&lt;/row&gt;
          &lt;row&gt;⠠⠓⠀⠑⠀⠝⠀⠅⠀⠊⠀⠇⠀⠪⠀⠜⠂⠀⠀⠀⠚⠀⠕⠀⠅⠀⠁&lt;/row&gt;
          &lt;row&gt;⠀&lt;/row&gt;
          &lt;row&gt;⠞⠀⠑⠀⠅⠀⠑⠀⠑⠀⠀⠀⠗⠀⠊⠀⠅⠀⠕⠀⠅⠀⠎⠀⠑⠀⠝⠂&lt;/row&gt;
          &lt;row&gt;⠀&lt;/row&gt;
          &lt;row&gt;⠎⠀⠁⠀⠝⠀⠕⠀⠞⠀⠁⠀⠁⠀⠝&lt;/row&gt;
          &lt;row&gt;⠀&lt;/row&gt;
          &lt;row&gt;⠞⠀⠑⠀⠅⠀⠊⠀⠚⠀⠜⠀⠅⠀⠎⠀⠊⠄&lt;/row&gt;
          &lt;row&gt;⠀&lt;/row&gt;
          &lt;row&gt;⠀&lt;/row&gt;
          &lt;row&gt;⠠⠠⠞⠀⠕⠀⠙⠀⠊⠀⠎⠀⠞⠀⠑&lt;/row&gt;
          &lt;row&gt;⠀&lt;/row&gt;
          &lt;row&gt;⠠⠞⠀⠕⠀⠙⠀⠊⠀⠎⠀⠞⠀⠑&lt;/row&gt;
          &lt;row&gt;⠀&lt;/row&gt;
          &lt;row&gt;⠕⠀⠎⠀⠕⠀⠊⠀⠞⠀⠞⠀⠁⠀⠁⠂⠀⠀⠀⠑⠀⠞⠀⠞⠀⠜&lt;/row&gt;
          &lt;row/&gt;
        &lt;/page&gt;
        &lt;page&gt;
          &lt;row&gt;⠀⠀⠀⠀⠀⠀⠀⠀⠀⠀⠀⠀⠀⠀⠀⠀⠀⠀⠀⠀⠀⠀⠀⠀⠀⠀⠼⠉⠚⠑&lt;/row&gt;
          &lt;row&gt;⠎⠀⠑⠀⠀⠀⠍⠀⠊⠀⠞⠀⠜⠀⠀⠀⠚⠀⠕⠀⠅⠀⠥&lt;/row&gt;
          &lt;row&gt;⠀&lt;/row&gt;
          &lt;row&gt;⠎⠀⠁⠀⠝⠀⠕⠀⠕⠀⠀⠀⠕⠀⠝⠀⠀⠀⠞⠀⠕⠀⠞⠀⠞⠀⠁⠄&lt;/row&gt;
          &lt;row&gt;⠀&lt;/row&gt;
          &lt;row&gt;⠀&lt;/row&gt;
          &lt;row&gt;⠠⠠⠧⠀⠊⠀⠗⠀⠅⠀⠁⠀⠍⠀⠑⠀⠗⠀⠅⠀⠅⠀⠊&lt;/row&gt;
          &lt;row&gt;⠀&lt;/row&gt;
          &lt;row&gt;⠠⠅⠀⠁⠀⠊⠀⠅⠀⠊⠀⠇⠀⠇⠀⠁&lt;/row&gt;
          &lt;row&gt;⠀&lt;/row&gt;
          &lt;row&gt;⠕⠀⠊⠀⠅⠀⠑⠀⠊⠀⠇⠀⠇⠀⠁&lt;/row&gt;
          &lt;row&gt;⠀&lt;/row&gt;
          &lt;row&gt;⠏⠀⠕⠀⠇⠀⠊⠀⠊⠀⠎⠀⠑⠀⠊⠀⠇⠀⠇⠀⠁&lt;/row&gt;
          &lt;row&gt;⠀&lt;/row&gt;
          &lt;row&gt;⠕⠀⠝⠀⠀⠀⠧⠀⠊⠀⠗⠀⠅⠀⠁⠀⠍⠀⠑⠀⠗⠀⠅⠀⠅⠀⠊⠄&lt;/row&gt;
          &lt;row&gt;⠀&lt;/row&gt;
          &lt;row&gt;⠠⠎⠀⠑⠀⠀⠀⠕⠀⠝&lt;/row&gt;
          &lt;row&gt;⠀&lt;/row&gt;
          &lt;row&gt;⠑⠀⠗⠀⠜⠀⠜⠀⠝⠀⠇⠀⠁⠀⠊⠀⠝⠀⠑⠀⠝&lt;/row&gt;
          &lt;row&gt;⠀&lt;/row&gt;
          &lt;row&gt;⠅⠀⠕⠀⠗⠀⠞⠀⠞⠀⠊⠂⠀⠀⠀⠚⠀⠕⠀⠅⠀⠁&lt;/row&gt;
          &lt;row&gt;⠀&lt;/row&gt;
          &lt;row&gt;⠕⠀⠎⠀⠕⠀⠊⠀⠞⠀⠞⠀⠁⠀⠁⠂⠀⠀⠀⠑⠀⠞⠀⠞⠀⠜&lt;/row&gt;
          &lt;row&gt;⠀&lt;/row&gt;
          &lt;row&gt;⠍⠀⠑⠀⠗⠀⠅⠀⠊⠀⠝&lt;/row&gt;
          &lt;row&gt;⠀&lt;/row&gt;
          &lt;row&gt;⠑⠀⠎⠀⠊⠀⠞⠀⠞⠀⠜⠀⠚⠀⠜&lt;/row&gt;
        &lt;/page&gt;
        &lt;page&gt;
          &lt;row&gt;⠀⠀⠀⠀⠀⠀⠀⠀⠀⠀⠀⠀⠀⠀⠀⠀⠀⠀⠀⠀⠀⠀⠀⠀⠀⠀⠼⠉⠚⠋&lt;/row&gt;
          &lt;row&gt;⠞⠀⠕⠀⠙⠀⠑⠀⠇⠀⠇⠀⠁⠀⠀⠀⠕⠀⠝&lt;/row&gt;
          &lt;row&gt;⠀&lt;/row&gt;
          &lt;row&gt;⠏⠀⠕⠀⠇⠀⠊⠀⠊⠀⠎⠀⠊⠄&lt;/row&gt;
          &lt;row&gt;⠀&lt;/row&gt;
          &lt;row&gt;⠀&lt;/row&gt;
          &lt;row&gt;⠀&lt;/row&gt;
          &lt;row&gt;⠠⠇⠀⠕⠀⠏⠀⠏⠀⠥&lt;/row&gt;
          &lt;row&gt;⠀&lt;/row&gt;
          &lt;row&gt;⠀&lt;/row&gt;
          &lt;row&gt;⠀&lt;/row&gt;
          &lt;row&gt;⠀&lt;/row&gt;
          &lt;row&gt;⠀&lt;/row&gt;
          &lt;row&gt;⠀&lt;/row&gt;
          &lt;row&gt;⠀&lt;/row&gt;
          &lt;row&gt;⠀&lt;/row&gt;
          &lt;row&gt;⠀&lt;/row&gt;
          &lt;row&gt;⠀&lt;/row&gt;
          &lt;row&gt;⠀&lt;/row&gt;
          &lt;row&gt;⠀&lt;/row&gt;
          &lt;row&gt;⠀&lt;/row&gt;
          &lt;row&gt;⠀&lt;/row&gt;
          &lt;row&gt;⠀&lt;/row&gt;
          &lt;row&gt;⠀&lt;/row&gt;
          &lt;row&gt;⠀&lt;/row&gt;
          &lt;row&gt;⠀&lt;/row&gt;
          &lt;row/&gt;
        &lt;/page&gt;
        &lt;page&gt;
          &lt;row&gt;⠀⠀⠀⠀⠀⠀⠀⠀⠀⠀⠀⠀⠀⠀⠀⠀⠀⠀⠀⠀⠀⠀⠀⠀⠀⠀⠼⠉⠚⠛&lt;/row&gt;
          &lt;row&gt;⠠⠞⠀⠁⠀⠎⠀⠅⠀⠥⠀⠧⠀⠁⠀⠗⠀⠁⠀⠎&lt;/row&gt;
          &lt;row&gt;⠀&lt;/row&gt;
          &lt;row&gt;⠀&lt;/row&gt;
          &lt;row&gt;⠠⠁⠀⠝⠀⠝⠀⠁⠀⠀⠀⠠⠚⠀⠁⠀⠝⠀⠎⠀⠎⠀⠕⠀⠝&lt;/row&gt;
          &lt;row&gt;⠀&lt;/row&gt;
          &lt;row&gt;⠀&lt;/row&gt;
          &lt;row&gt;⠠⠉⠀⠑⠀⠇⠀⠊⠀⠁⠀⠀⠀⠤&lt;/row&gt;
          &lt;row&gt;⠀&lt;/row&gt;
          &lt;row&gt;⠠⠝⠀⠜⠀⠅⠀⠪⠀⠧⠀⠁⠀⠍⠀⠍⠀⠁⠀⠊⠀⠎⠀⠞⠀⠑⠀⠝&lt;/row&gt;
          &lt;row&gt;⠀&lt;/row&gt;
          &lt;row&gt;⠅⠀⠊⠀⠗⠀⠚⠀⠁⠀⠎⠀⠞⠀⠕⠀⠀⠀⠼⠃⠚⠁⠙&lt;/row&gt;
          &lt;row&gt;⠀&lt;/row&gt;
          &lt;row&gt;⠀&lt;/row&gt;
          &lt;row&gt;⠠⠗⠀⠥⠀⠕⠀⠞⠀⠎⠀⠊⠀⠝⠀⠤&lt;/row&gt;
          &lt;row&gt;⠀&lt;/row&gt;
          &lt;row&gt;⠅⠀⠊⠀⠑⠀⠇⠀⠊⠀⠝⠀⠑⠀⠝&lt;/row&gt;
          &lt;row&gt;⠀&lt;/row&gt;
          &lt;row&gt;⠁⠀⠇⠀⠅⠀⠥⠀⠞⠀⠑⠀⠕⠀⠎&lt;/row&gt;
          &lt;row&gt;⠀&lt;/row&gt;
          &lt;row&gt;⠠⠋⠀⠊⠀⠉⠀⠅⠀⠞⠀⠚⠀⠥⠀⠧⠀⠑⠀⠝&lt;/row&gt;
          &lt;row&gt;⠀&lt;/row&gt;
          &lt;row&gt;⠠⠉⠀⠕⠀⠏⠀⠽⠀⠗⠀⠊⠀⠛⠀⠓⠀⠞⠀⠀⠀⠦⠉⠴&lt;/row&gt;
          &lt;row&gt;⠀&lt;/row&gt;
          &lt;row&gt;⠠⠁⠀⠝⠀⠝⠀⠁⠀⠀⠀⠠⠚⠀⠁⠀⠝⠀⠎⠀⠎⠀⠕⠀⠝&lt;/row&gt;
          &lt;row&gt;⠀&lt;/row&gt;
          &lt;row&gt;⠯⠀⠀⠀⠠⠍⠀⠊⠀⠍⠀⠍⠀⠊&lt;/row&gt;
        &lt;/page&gt;
        &lt;page&gt;
          &lt;row&gt;⠀⠀⠀⠀⠀⠀⠀⠀⠀⠀⠀⠀⠀⠀⠀⠀⠀⠀⠀⠀⠀⠀⠀⠀⠀⠀⠼⠉⠚⠓&lt;/row&gt;
          &lt;row&gt;⠠⠞⠀⠕⠀⠇⠀⠇⠀⠑⠀⠗⠀⠥⠀⠏⠀⠀⠀⠼⠃⠚⠁⠁&lt;/row&gt;
          &lt;row&gt;⠀&lt;/row&gt;
          &lt;row&gt;⠃⠀⠽⠀⠀⠀⠠⠁⠀⠛⠀⠗⠀⠑⠀⠑⠀⠍⠀⠑⠀⠝⠀⠞&lt;/row&gt;
          &lt;row&gt;⠀&lt;/row&gt;
          &lt;row&gt;⠺⠀⠊⠀⠞⠀⠓⠀⠀⠀⠠⠛⠀⠗⠀⠁⠀⠝⠀⠙&lt;/row&gt;
          &lt;row&gt;⠀&lt;/row&gt;
          &lt;row&gt;⠠⠁⠀⠛⠀⠑⠀⠝⠀⠉⠀⠽&lt;/row&gt;
          &lt;row&gt;⠀&lt;/row&gt;
          &lt;row&gt;⠀&lt;/row&gt;
          &lt;row&gt;⠠⠅⠀⠥⠀⠎⠀⠞⠀⠁⠀⠝⠀⠞⠀⠁⠀⠚⠀⠁⠒&lt;/row&gt;
          &lt;row&gt;⠀&lt;/row&gt;
          &lt;row&gt;⠠⠛⠀⠥⠀⠍⠀⠍⠀⠑⠀⠗⠀⠥⠀⠎&lt;/row&gt;
          &lt;row&gt;⠀&lt;/row&gt;
          &lt;row&gt;⠠⠅⠀⠥⠀⠎⠀⠞⠀⠁⠀⠝⠀⠝⠀⠥⠀⠎⠀⠀⠀⠠⠕⠀⠽&lt;/row&gt;
          &lt;row&gt;⠀&lt;/row&gt;
          &lt;row&gt;⠠⠓⠀⠑⠀⠇⠀⠎⠀⠊⠀⠝⠀⠅⠀⠊&lt;/row&gt;
          &lt;row&gt;⠀&lt;/row&gt;
          &lt;row&gt;⠀&lt;/row&gt;
          &lt;row&gt;⠠⠏⠀⠁⠀⠊⠀⠝⠀⠕⠀⠏⠀⠁⠀⠊⠀⠅⠀⠅⠀⠁⠒&lt;/row&gt;
          &lt;row&gt;⠀&lt;/row&gt;
          &lt;row&gt;⠠⠃⠀⠕⠀⠕⠀⠅⠀⠺⠀⠑⠀⠇⠀⠇⠀⠀⠀⠠⠕⠀⠽&lt;/row&gt;
          &lt;row&gt;⠀&lt;/row&gt;
          &lt;row&gt;⠠⠚⠀⠥⠀⠧⠀⠁⠀⠀⠀⠼⠃⠚⠁⠃&lt;/row&gt;
          &lt;row&gt;⠀&lt;/row&gt;
          &lt;row&gt;⠀&lt;/row&gt;
          &lt;row/&gt;
        &lt;/page&gt;
        &lt;page&gt;
          &lt;row&gt;⠀⠀⠀⠀⠀⠀⠀⠀⠀⠀⠀⠀⠀⠀⠀⠀⠀⠀⠀⠀⠀⠀⠀⠀⠀⠀⠼⠉⠚⠊&lt;/row&gt;
          &lt;row&gt;⠠⠠⠊⠀⠎⠀⠃⠀⠝⠀⠀⠀⠼⠊⠛⠓⠤⠼⠊⠑⠁⠤⠼⠃⠚⠤&lt;/row&gt;
          &lt;row&gt;⠀&lt;/row&gt;
          &lt;row&gt;⠼⠊⠚⠊⠉⠤⠼⠓&lt;/row&gt;
          &lt;row&gt;⠀&lt;/row&gt;
          &lt;row&gt;⠀&lt;/row&gt;
          &lt;row&gt;⠠⠅⠀⠥⠀⠧⠀⠊⠀⠞⠀⠞⠀⠁⠀⠝⠀⠥⠀⠞&lt;/row&gt;
          &lt;row&gt;⠀&lt;/row&gt;
          &lt;row&gt;⠠⠍⠀⠊⠀⠍⠀⠍⠀⠊&lt;/row&gt;
          &lt;row&gt;⠀&lt;/row&gt;
          &lt;row&gt;⠠⠞⠀⠕⠀⠇⠀⠇⠀⠑⠀⠗⠀⠥⠀⠏&lt;/row&gt;
          &lt;row&gt;⠀&lt;/row&gt;
          &lt;row&gt;⠀&lt;/row&gt;
          &lt;row&gt;⠠⠎⠀⠥⠀⠕⠀⠍⠀⠑⠀⠝⠀⠞⠀⠁⠀⠝⠀⠥⠀⠞&lt;/row&gt;
          &lt;row&gt;⠀&lt;/row&gt;
          &lt;row&gt;⠠⠎⠀⠊⠀⠗⠀⠅⠀⠅⠀⠁⠀⠤⠠⠇⠀⠊⠀⠊⠀⠎⠀⠁&lt;/row&gt;
          &lt;row&gt;⠀&lt;/row&gt;
          &lt;row&gt;⠠⠎⠀⠚⠀⠪⠀⠃⠀⠇⠀⠕⠀⠍&lt;/row&gt;
          &lt;row&gt;⠀&lt;/row&gt;
          &lt;row&gt;⠠⠛⠀⠥⠀⠍⠀⠍⠀⠑⠀⠗⠀⠥⠀⠎&lt;/row&gt;
          &lt;row&gt;⠀&lt;/row&gt;
          &lt;row&gt;⠀&lt;/row&gt;
          &lt;row&gt;⠀&lt;/row&gt;
          &lt;row&gt;⠀&lt;/row&gt;
          &lt;row&gt;⠀&lt;/row&gt;
          &lt;row&gt;⠀&lt;/row&gt;
          &lt;row/&gt;
        &lt;/page&gt;
        &lt;page&gt;
          &lt;row&gt;⠀⠀⠀⠀⠀⠀⠀⠀⠀⠀⠀⠀⠀⠀⠀⠀⠀⠀⠀⠀⠀⠀⠀⠀⠀⠀⠼⠉⠁⠚&lt;/row&gt;
          &lt;row&gt;⠠⠅⠀⠜⠀⠽⠀⠞⠀⠞⠀⠪⠀⠕⠀⠊⠀⠅⠀⠑⠀⠥⠀⠎⠒&lt;/row&gt;
          &lt;row&gt;⠀&lt;/row&gt;
          &lt;row&gt;⠀&lt;/row&gt;
          &lt;row&gt;⠠⠞⠀⠜⠀⠍⠀⠜⠀⠀⠀⠅⠀⠊⠀⠗⠀⠚⠀⠁⠀⠀⠀⠕⠀⠝&lt;/row&gt;
          &lt;row&gt;⠀&lt;/row&gt;
          &lt;row&gt;⠧⠀⠁⠀⠇⠀⠍⠀⠊⠀⠎⠀⠞⠀⠑⠀⠞⠀⠞⠀⠥&lt;/row&gt;
          &lt;row&gt;⠀&lt;/row&gt;
          &lt;row&gt;⠞⠀⠑⠀⠅⠀⠊⠀⠚⠀⠜⠀⠝⠀⠕⠀⠊⠀⠅⠀⠑⠀⠥⠀⠎⠀⠤&lt;/row&gt;
          &lt;row&gt;⠀&lt;/row&gt;
          &lt;row&gt;⠇⠀⠁⠀⠊⠀⠝⠀⠀⠀⠼⠁⠛&lt;/row&gt;
          &lt;row&gt;⠀&lt;/row&gt;
          &lt;row&gt;⠏⠀⠽⠀⠅⠀⠜⠀⠇⠀⠜⠀⠝&lt;/row&gt;
          &lt;row&gt;⠀&lt;/row&gt;
          &lt;row&gt;⠝⠀⠕⠀⠚⠀⠁⠀⠇⠀⠇⠀⠁⠀⠀⠀⠚⠀⠁⠀⠀⠀⠕⠀⠝&lt;/row&gt;
          &lt;row&gt;⠀&lt;/row&gt;
          &lt;row&gt;⠞⠀⠁⠀⠗⠀⠅⠀⠕⠀⠊⠀⠞⠀⠑⠀⠞⠀⠞⠀⠥&lt;/row&gt;
          &lt;row&gt;⠀&lt;/row&gt;
          &lt;row&gt;⠁⠀⠊⠀⠝⠀⠕⠀⠁⠀⠎⠀⠞⠀⠁⠀⠁⠀⠝&lt;/row&gt;
          &lt;row&gt;⠀&lt;/row&gt;
          &lt;row&gt;⠝⠀⠜⠀⠅⠀⠪⠀⠧⠀⠁⠀⠍⠀⠍⠀⠁⠀⠊⠀⠎⠀⠞⠀⠑⠀⠝&lt;/row&gt;
          &lt;row&gt;⠀&lt;/row&gt;
          &lt;row&gt;⠚⠀⠁⠀⠀⠀⠍⠀⠥⠀⠊⠀⠙⠀⠑⠀⠝&lt;/row&gt;
          &lt;row&gt;⠀&lt;/row&gt;
          &lt;row&gt;⠇⠀⠥⠀⠅⠀⠑⠀⠍⠀⠊⠀⠎⠀⠤&lt;/row&gt;
          &lt;row&gt;⠀&lt;/row&gt;
          &lt;row&gt;⠑⠀⠎⠀⠞⠀⠑⠀⠊⠀⠎⠀⠞⠀⠑⠀⠝&lt;/row&gt;
        &lt;/page&gt;
        &lt;page&gt;
          &lt;row&gt;⠀⠀⠀⠀⠀⠀⠀⠀⠀⠀⠀⠀⠀⠀⠀⠀⠀⠀⠀⠀⠀⠀⠀⠀⠀⠀⠼⠉⠁⠁&lt;/row&gt;
          &lt;row&gt;⠅⠀⠜⠀⠽⠀⠞⠀⠞⠀⠪⠀⠪⠀⠝⠄&lt;/row&gt;
          &lt;row&gt;⠀&lt;/row&gt;
          &lt;row&gt;⠠⠅⠀⠥⠀⠎⠀⠞⠀⠁⠀⠝⠀⠞⠀⠁⠀⠚⠀⠁&lt;/row&gt;
          &lt;row&gt;⠀&lt;/row&gt;
          &lt;row&gt;⠑⠀⠎⠀⠊⠀⠞⠀⠞⠀⠑⠀⠇⠀⠑⠀⠑&lt;/row&gt;
          &lt;row&gt;⠀&lt;/row&gt;
          &lt;row&gt;⠅⠀⠊⠀⠗⠀⠚⠀⠁⠀⠝⠒&lt;/row&gt;
          &lt;row&gt;⠀&lt;/row&gt;
          &lt;row&gt;⠀&lt;/row&gt;
          &lt;row&gt;⠠⠚⠀⠕⠀⠅⠀⠥⠀⠀⠀⠏⠀⠊⠀⠓⠀⠊⠀⠎⠀⠞⠀⠜⠀⠜&lt;/row&gt;
          &lt;row&gt;⠀&lt;/row&gt;
          &lt;row&gt;⠠⠥⠀⠃⠀⠃⠀⠑⠀⠝⠀⠀⠀⠜⠀⠊⠀⠙⠀⠊⠀⠝&lt;/row&gt;
          &lt;row&gt;⠀&lt;/row&gt;
          &lt;row&gt;⠅⠀⠥⠀⠅⠀⠅⠀⠁⠀⠗⠀⠕⠀⠝&lt;/row&gt;
          &lt;row&gt;⠀&lt;/row&gt;
          &lt;row&gt;⠅⠀⠑⠀⠎⠀⠅⠀⠑⠀⠝&lt;/row&gt;
          &lt;row&gt;⠀&lt;/row&gt;
          &lt;row&gt;⠚⠀⠕⠀⠥⠀⠇⠀⠥⠀⠕⠀⠎⠀⠞⠀⠕⠀⠎⠀⠞⠀⠑⠀⠝⠄&lt;/row&gt;
          &lt;row&gt;⠀&lt;/row&gt;
          &lt;row&gt;⠠⠍⠀⠊⠀⠞⠀⠑⠀⠝⠀⠀⠀⠅⠀⠜⠀⠽&lt;/row&gt;
          &lt;row&gt;⠀&lt;/row&gt;
          &lt;row&gt;⠚⠀⠕⠀⠥⠀⠇⠀⠥⠀⠇⠀⠁⠀⠓⠀⠚⠀⠕⠀⠚⠀⠑⠀⠝⠢&lt;/row&gt;
          &lt;row&gt;⠀&lt;/row&gt;
          &lt;row&gt;⠠⠕⠀⠝⠀⠝⠀⠑⠀⠅⠀⠎⠀⠊⠀⠀⠀⠠⠑⠀⠍⠀⠊⠀⠇&lt;/row&gt;
          &lt;row&gt;⠀&lt;/row&gt;
          &lt;row&gt;⠕⠀⠝⠀⠀⠀⠏⠀⠊⠀⠁⠀⠝&lt;/row&gt;
        &lt;/page&gt;
        &lt;page&gt;
          &lt;row&gt;⠀⠀⠀⠀⠀⠀⠀⠀⠀⠀⠀⠀⠀⠀⠀⠀⠀⠀⠀⠀⠀⠀⠀⠀⠀⠀⠼⠉⠁⠃&lt;/row&gt;
          &lt;row&gt;⠏⠀⠁⠀⠊⠀⠅⠀⠁⠀⠇⠀⠇⠀⠁&lt;/row&gt;
          &lt;row&gt;⠀&lt;/row&gt;
          &lt;row&gt;⠕⠀⠞⠀⠞⠀⠁⠀⠍⠀⠁⠀⠎⠀⠎⠀⠁&lt;/row&gt;
          &lt;row&gt;⠀&lt;/row&gt;
          &lt;row&gt;⠎⠀⠕⠀⠗⠀⠍⠀⠑⠀⠚⠀⠜⠀⠇⠀⠅⠀⠊⠀⠜⠲&lt;/row&gt;
          &lt;row&gt;⠀&lt;/row&gt;
          &lt;row&gt;⠠⠎⠀⠊⠀⠞⠀⠞⠀⠑⠀⠝⠀⠀⠀⠕⠀⠝⠀⠀⠀⠧⠀⠁⠀⠊⠀⠝&lt;/row&gt;
          &lt;row&gt;⠀&lt;/row&gt;
          &lt;row&gt;⠇⠀⠪⠀⠽⠀⠙⠀⠑⠀⠞⠀⠞⠀⠜⠀⠧⠀⠜&lt;/row&gt;
          &lt;row&gt;⠀&lt;/row&gt;
          &lt;row&gt;⠎⠀⠽⠀⠽⠀⠇⠀⠇⠀⠊⠀⠝⠀⠑⠀⠝⠄⠄⠄&lt;/row&gt;
          &lt;row&gt;⠀&lt;/row&gt;
          &lt;row&gt;⠀&lt;/row&gt;
          &lt;row&gt;⠀&lt;/row&gt;
          &lt;row&gt;⠠⠇⠀⠕⠀⠏⠀⠏⠀⠥&lt;/row&gt;
        &lt;/page&gt;
      &lt;/section&gt;
    &lt;/volume&gt;
  &lt;/body&gt;
&lt;/pef&gt;

Was:



application/x-pef+xml
identifier?
2015-10-21
(id:"com_braillo.BrailloTableProvider.TableType.BRAILLO_6DOT_001_00")





⠞⠕⠙⠕




</system-err></testcase></testsuite></testsuites>