<?xml version="1.0" encoding="UTF-8"?>
<testsuite xmlns:test="http://www.jenitennison.com/xslt/unit-test"
           xmlns:x="http://www.jenitennison.com/xslt/xspec"
           xmlns:xs="http://www.w3.org/2001/XMLSchema"
           name="xslt.43_1_test"
           errors="0"
           failures="1"
           skipped="count(//x:test[@pending='true'])"
           time="0.019">
   <testcase classname="xslt.43_1_test"
             name="Exclude certain elements from automatic hyphenation. expect">
      <failure type="Expectation Error" xml:space="preserve">Expected:

&lt;expect xmlns:pkg="http://expath.org/ns/pkg"
         xmlns:impl="urn:x-xspec:compile:xslt:impl"
         xmlns:louis="http://liblouis.org/liblouis"&gt;⠋⠕⠕|⠃⠁⠗ ⠺⠺⠺⠨⠋⠕⠕|⠃⠁⠗⠨⠕⠗⠛&lt;/expect&gt;&lt;expect xmlns:pkg="http://expath.org/ns/pkg"
         xmlns:impl="urn:x-xspec:compile:xslt:impl"
         xmlns:louis="http://liblouis.org/liblouis"&gt;⠋⠕⠕|⠃⠁⠗ &lt;a&gt;⠺⠺⠺⠨⠋⠕⠕⠃⠁⠗⠨⠕⠗⠛&lt;/a&gt;&lt;/expect&gt;

But Was:

&lt;expect xmlns:pkg="http://expath.org/ns/pkg"
         xmlns:impl="urn:x-xspec:compile:xslt:impl"
         xmlns:louis="http://liblouis.org/liblouis"&gt;FOO|BAR WWW.FOO|BAR.ORG&lt;/expect&gt;&lt;expect xmlns:pkg="http://expath.org/ns/pkg"
         xmlns:impl="urn:x-xspec:compile:xslt:impl"
         xmlns:louis="http://liblouis.org/liblouis"&gt;FOO|BAR &lt;a&gt;WWW.FOOBAR.ORG&lt;/a&gt;&lt;/expect&gt;
                </failure>
   </testcase>
</testsuite>