<?xml version="1.0" encoding="UTF-8" standalone="no"?><testsuites tests="18" failures="9" time="38.022" errors="0" name="test"><testsuite timestamp="2015-12-03T14:23:48.395Z" hostname="localhost" tests="2" errors="0" failures="1" skipped="0" id="d12630e1" name="45804580PageDimensions1" package="http://www.daisy.org/ns/pipeline/xproc/internal" time="3.776">
<properties><property name="input: source" value="&lt;_ xmlns=&#34;http://www.daisy.org/z3986/2005/dtbook/&#34; ...&gt;...&lt;/_&gt; (Base URI: file:/Users/bert/src/snaekobbi/src/requirements/src/test/page-layout/test.xprocspec)"/>

<property name="option: transform" value="(formatter:dotify)(translator:sbs)(grade:0)"/>
<property name="option: ascii-table" value="(liblouis-table:&#34;http://www.sbs.ch/pipeline/liblouis/tables/sbs.dis&#34;)"/>
<property name="option: temp-dir" value="file:/Users/bert/src/snaekobbi/src/requirements/target/xprocspec//tmp/xprocspec-20151203152310694/"/>
<property name="option: stylesheet" value="file:/Users/bert/src/snaekobbi/src/requirements/src/test/page-layout/style.css"/>

</properties>
<testcase name="theStepShouldExecuteSuccessfullyWithoutThrowingAnyErrors" classname="css-inline-and-px-transform-type-css" assertions="1" time="0" status="SUCCESS"><system-out>the step should execute successfully without throwing any errors: SUCCESS</system-out>
<system-err/></testcase><testcase name="result" classname="css-inline-and-px-transform-type-css" assertions="1" time="0" status="FAILED"><failure message="result" type="custom"/><system-out>result: FAILED</system-out>
<system-err>Expected:
&lt;pef xmlns="http://www.daisy.org/ns/2008/pef" version="2008-1"&gt;
  &lt;head&gt;
    &lt;meta xmlns:dc="http://purl.org/dc/elements/1.1/" xmlns:dp2="http://www.daisy.org/ns/pipeline"&gt;
      &lt;dc:format&gt;application/x-pef+xml&lt;/dc:format&gt;
      &lt;dp2:ascii-table&gt;(liblouis-table:"http://www.sbs.ch/pipeline/liblouis/tables/sbs.dis")&lt;/dp2:ascii-table&gt;
    &lt;/meta&gt;
  &lt;/head&gt;
  &lt;body&gt;
    &lt;volume cols="28" rows="28" rowgap="0" duplex="false"&gt;
      &lt;section&gt;
        &lt;page&gt;
          &lt;row/&gt;
          &lt;row&gt;⠃⠇⠁⠀⠃⠇⠁⠀⠃⠇⠁&lt;/row&gt;
          &lt;row&gt;⠤⠤⠤⠤⠤⠤⠤⠤⠤⠤⠤&lt;/row&gt;
          &lt;row/&gt;
          &lt;row&gt;⠀⠀⠃⠇⠕⠀⠃⠇⠕⠀⠃⠇⠕⠀⠃⠇⠕⠀⠃⠇⠕⠀⠃⠇⠕&lt;/row&gt;
          &lt;row&gt;⠃⠇⠕⠀⠃⠇⠕⠀⠃⠇⠕⠀⠃⠇⠕⠀⠃⠇⠕⠀⠃⠇⠕⠀⠃⠇⠕&lt;/row&gt;
          &lt;row&gt;⠃⠇⠕⠀⠃⠇⠕⠀⠃⠇⠕⠀⠃⠇⠕⠀⠃⠇⠕⠀⠃⠇⠕⠀⠃⠇⠕&lt;/row&gt;
          &lt;row&gt;⠃⠇⠕⠀⠃⠇⠕⠀⠃⠇⠕⠀⠃⠇⠕&lt;/row&gt;
          &lt;row/&gt;
          &lt;row/&gt;
          &lt;row/&gt;
          &lt;row/&gt;
          &lt;row/&gt;
          &lt;row/&gt;
          &lt;row/&gt;
          &lt;row/&gt;
          &lt;row/&gt;
          &lt;row/&gt;
          &lt;row/&gt;
          &lt;row/&gt;
          &lt;row/&gt;
          &lt;row/&gt;
          &lt;row/&gt;
          &lt;row/&gt;
          &lt;row/&gt;
          &lt;row/&gt;
          &lt;row/&gt;
          &lt;row&gt;⠀⠀⠀⠀⠀⠀⠀⠀⠀⠀⠀⠀⠀⠀⠀⠀⠀⠀⠀⠀⠀⠀⠀⠀⠀⠀⠼⠁&lt;/row&gt;
        &lt;/page&gt;
      &lt;/section&gt;
    &lt;/volume&gt;
  &lt;/body&gt;
&lt;/pef&gt;

Was:



application/x-pef+xml
identifier?
2015-12-03
(liblouis-table:"http://www.sbs.ch/pipeline/liblouis/tables/sbs.dis")





⠃⠇⠁⠀⠃⠇⠁⠀⠃⠇⠁
⠃⠇⠕⠀⠃⠇⠕⠀⠃⠇⠕⠀⠃⠇⠕⠀⠃⠇⠕⠀⠃⠇⠕⠀⠃⠇⠕⠀
⠃⠇⠕⠀⠃⠇⠕⠀⠃⠇⠕⠀⠃⠇⠕⠀⠃⠇⠕⠀⠃⠇⠕⠀⠃⠇⠕⠀
⠃⠇⠕⠀⠃⠇⠕⠀⠃⠇⠕⠀⠃⠇⠕⠀⠃⠇⠕⠀⠃⠇⠕⠀⠃⠇⠕⠀
⠃⠇⠕⠀⠃⠇⠕⠀⠃⠇⠕




</system-err></testcase></testsuite><testsuite timestamp="2015-12-03T14:23:48.401Z" hostname="localhost" tests="2" errors="0" failures="1" skipped="0" id="d12638e1" name="45804580PageDimensions2" package="http://www.daisy.org/ns/pipeline/xproc/internal" time="3.586">
<properties><property name="input: source" value="&lt;_ xmlns=&#34;http://www.daisy.org/z3986/2005/dtbook/&#34; ...&gt;...&lt;/_&gt; (Base URI: file:/Users/bert/src/snaekobbi/src/requirements/src/test/page-layout/test.xprocspec)"/>

<property name="option: transform" value="(formatter:dotify)(translator:sbs)(grade:0)"/>
<property name="option: ascii-table" value="(liblouis-table:&#34;http://www.sbs.ch/pipeline/liblouis/tables/sbs.dis&#34;)"/>
<property name="option: temp-dir" value="file:/Users/bert/src/snaekobbi/src/requirements/target/xprocspec//tmp/xprocspec-20151203152310694/"/>
<property name="option: stylesheet" value="file:/Users/bert/src/snaekobbi/src/requirements/src/test/page-layout/style.css"/>

</properties>
<testcase name="theStepShouldExecuteSuccessfullyWithoutThrowingAnyErrors" classname="css-inline-and-px-transform-type-css" assertions="1" time="0" status="SUCCESS"><system-out>the step should execute successfully without throwing any errors: SUCCESS</system-out>
<system-err/></testcase><testcase name="result" classname="css-inline-and-px-transform-type-css" assertions="1" time="0" status="FAILED"><failure message="result" type="custom"/><system-out>result: FAILED</system-out>
<system-err>Expected:
&lt;pef xmlns="http://www.daisy.org/ns/2008/pef" version="2008-1"&gt;
  &lt;head&gt;
    &lt;meta xmlns:dc="http://purl.org/dc/elements/1.1/" xmlns:dp2="http://www.daisy.org/ns/pipeline"&gt;
      &lt;dc:format&gt;application/x-pef+xml&lt;/dc:format&gt;
      &lt;dp2:ascii-table&gt;(liblouis-table:"http://www.sbs.ch/pipeline/liblouis/tables/sbs.dis")&lt;/dp2:ascii-table&gt;
    &lt;/meta&gt;
  &lt;/head&gt;
  &lt;body&gt;
    &lt;volume cols="36" rows="18" rowgap="0" duplex="false"&gt;
      &lt;section&gt;
        &lt;page&gt;
          &lt;row/&gt;
          &lt;row&gt;⠃⠇⠁⠀⠃⠇⠁⠀⠃⠇⠁&lt;/row&gt;
          &lt;row&gt;⠤⠤⠤⠤⠤⠤⠤⠤⠤⠤⠤&lt;/row&gt;
          &lt;row/&gt;
          &lt;row&gt;⠀⠀⠃⠇⠕⠀⠃⠇⠕⠀⠃⠇⠕⠀⠃⠇⠕⠀⠃⠇⠕⠀⠃⠇⠕⠀⠃⠇⠕⠀⠃⠇⠕&lt;/row&gt;
          &lt;row&gt;⠃⠇⠕⠀⠃⠇⠕⠀⠃⠇⠕⠀⠃⠇⠕⠀⠃⠇⠕⠀⠃⠇⠕⠀⠃⠇⠕⠀⠃⠇⠕⠀⠃⠇⠕&lt;/row&gt;
          &lt;row&gt;⠃⠇⠕⠀⠃⠇⠕⠀⠃⠇⠕⠀⠃⠇⠕⠀⠃⠇⠕⠀⠃⠇⠕⠀⠃⠇⠕&lt;/row&gt;
          &lt;row/&gt;
          &lt;row/&gt;
          &lt;row/&gt;
          &lt;row/&gt;
          &lt;row/&gt;
          &lt;row/&gt;
          &lt;row/&gt;
          &lt;row/&gt;
          &lt;row/&gt;
          &lt;row/&gt;
          &lt;row&gt;⠀⠀⠀⠀⠀⠀⠀⠀⠀⠀⠀⠀⠀⠀⠀⠀⠀⠀⠀⠀⠀⠀⠀⠀⠀⠀⠀⠀⠀⠀⠀⠀⠀⠀⠼⠁&lt;/row&gt;
        &lt;/page&gt;
      &lt;/section&gt;
    &lt;/volume&gt;
  &lt;/body&gt;
&lt;/pef&gt;

Was:



application/x-pef+xml
identifier?
2015-12-03
(liblouis-table:"http://www.sbs.ch/pipeline/liblouis/tables/sbs.dis")





⠃⠇⠁⠀⠃⠇⠁⠀⠃⠇⠁
⠃⠇⠕⠀⠃⠇⠕⠀⠃⠇⠕⠀⠃⠇⠕⠀⠃⠇⠕⠀⠃⠇⠕⠀⠃⠇⠕⠀
⠃⠇⠕⠀⠃⠇⠕⠀⠃⠇⠕⠀⠃⠇⠕⠀⠃⠇⠕⠀⠃⠇⠕⠀⠃⠇⠕⠀
⠃⠇⠕⠀⠃⠇⠕⠀⠃⠇⠕⠀⠃⠇⠕⠀⠃⠇⠕⠀⠃⠇⠕⠀⠃⠇⠕⠀
⠃⠇⠕⠀⠃⠇⠕⠀⠃⠇⠕




</system-err></testcase></testsuite><testsuite timestamp="2015-12-03T14:23:48.406Z" hostname="localhost" tests="2" errors="0" failures="1" skipped="0" id="d12645e1" name="45804580PageDimensions3" package="http://www.daisy.org/ns/pipeline/xproc/internal" time="3.506">
<properties><property name="input: source" value="&lt;_ xmlns=&#34;http://www.daisy.org/z3986/2005/dtbook/&#34; ...&gt;...&lt;/_&gt; (Base URI: file:/Users/bert/src/snaekobbi/src/requirements/src/test/page-layout/test.xprocspec)"/>

<property name="option: transform" value="(formatter:dotify)(translator:sbs)(grade:0)"/>
<property name="option: ascii-table" value="(liblouis-table:&#34;http://www.sbs.ch/pipeline/liblouis/tables/sbs.dis&#34;)"/>
<property name="option: temp-dir" value="file:/Users/bert/src/snaekobbi/src/requirements/target/xprocspec//tmp/xprocspec-20151203152310694/"/>
<property name="option: stylesheet" value="file:/Users/bert/src/snaekobbi/src/requirements/src/test/page-layout/style.css"/>

</properties>
<testcase name="theStepShouldExecuteSuccessfullyWithoutThrowingAnyErrors" classname="css-inline-and-px-transform-type-css" assertions="1" time="0" status="SUCCESS"><system-out>the step should execute successfully without throwing any errors: SUCCESS</system-out>
<system-err/></testcase><testcase name="result" classname="css-inline-and-px-transform-type-css" assertions="1" time="0" status="FAILED"><failure message="result" type="custom"/><system-out>result: FAILED</system-out>
<system-err>Expected:
&lt;pef xmlns="http://www.daisy.org/ns/2008/pef" version="2008-1"&gt;
  &lt;head&gt;
    &lt;meta xmlns:dc="http://purl.org/dc/elements/1.1/" xmlns:dp2="http://www.daisy.org/ns/pipeline"&gt;
      &lt;dc:format&gt;application/x-pef+xml&lt;/dc:format&gt;
      &lt;dp2:ascii-table&gt;(liblouis-table:"http://www.sbs.ch/pipeline/liblouis/tables/sbs.dis")&lt;/dp2:ascii-table&gt;
    &lt;/meta&gt;
  &lt;/head&gt;
  &lt;body&gt;
    &lt;volume cols="28" rows="28" rowgap="0" duplex="false"&gt;
      &lt;section&gt;
        &lt;page&gt;
          &lt;row/&gt;
          &lt;row&gt;⠀⠀⠃⠇⠁⠀⠃⠇⠁⠀⠃⠇⠁&lt;/row&gt;
          &lt;row&gt;⠀⠀⠤⠤⠤⠤⠤⠤⠤⠤⠤⠤⠤&lt;/row&gt;
          &lt;row/&gt;
          &lt;row&gt;⠀⠀⠀⠀⠃⠇⠕⠀⠃⠇⠕⠀⠃⠇⠕⠀⠃⠇⠕⠀⠃⠇⠕⠀⠃⠇⠕&lt;/row&gt;
          &lt;row&gt;⠀⠀⠃⠇⠕⠀⠃⠇⠕⠀⠃⠇⠕⠀⠃⠇⠕⠀⠃⠇⠕⠀⠃⠇⠕&lt;/row&gt;
          &lt;row&gt;⠀⠀⠃⠇⠕⠀⠃⠇⠕⠀⠃⠇⠕⠀⠃⠇⠕⠀⠃⠇⠕⠀⠃⠇⠕&lt;/row&gt;
          &lt;row&gt;⠀⠀⠃⠇⠕⠀⠃⠇⠕⠀⠃⠇⠕⠀⠃⠇⠕⠀⠃⠇⠕⠀⠃⠇⠕&lt;/row&gt;
          &lt;row/&gt;
          &lt;row/&gt;
          &lt;row/&gt;
          &lt;row/&gt;
          &lt;row/&gt;
          &lt;row/&gt;
          &lt;row/&gt;
          &lt;row/&gt;
          &lt;row/&gt;
          &lt;row/&gt;
          &lt;row/&gt;
          &lt;row/&gt;
          &lt;row/&gt;
          &lt;row/&gt;
          &lt;row/&gt;
          &lt;row/&gt;
          &lt;row/&gt;
          &lt;row/&gt;
          &lt;row/&gt;
          &lt;row&gt;⠀⠀⠀⠀⠀⠀⠀⠀⠀⠀⠀⠀⠀⠀⠀⠀⠀⠀⠀⠀⠀⠀⠀⠀⠀⠀⠼⠁&lt;/row&gt;
        &lt;/page&gt;
      &lt;/section&gt;
    &lt;/volume&gt;
  &lt;/body&gt;
&lt;/pef&gt;

Was:



application/x-pef+xml
identifier?
2015-12-03
(liblouis-table:"http://www.sbs.ch/pipeline/liblouis/tables/sbs.dis")





⠃⠇⠁⠀⠃⠇⠁⠀⠃⠇⠁
⠃⠇⠕⠀⠃⠇⠕⠀⠃⠇⠕⠀⠃⠇⠕⠀⠃⠇⠕⠀⠃⠇⠕⠀⠃⠇⠕⠀
⠃⠇⠕⠀⠃⠇⠕⠀⠃⠇⠕⠀⠃⠇⠕⠀⠃⠇⠕⠀⠃⠇⠕⠀⠃⠇⠕⠀
⠃⠇⠕⠀⠃⠇⠕⠀⠃⠇⠕⠀⠃⠇⠕⠀⠃⠇⠕⠀⠃⠇⠕⠀⠃⠇⠕⠀
⠃⠇⠕⠀⠃⠇⠕⠀⠃⠇⠕




</system-err></testcase></testsuite><testsuite timestamp="2015-12-03T14:23:48.412Z" hostname="localhost" tests="2" errors="0" failures="1" skipped="0" id="d12652e1" name="4581Footer4581BraillePageNumber4583TextFlowsInFooter" package="http://www.daisy.org/ns/pipeline/xproc/internal" time="3.877">
<properties><property name="input: source" value="&lt;level1 xmlns=&#34;http://www.daisy.org/z3986/2005/dtbook/&#34; ...&gt;...&lt;/level1&gt; (Base URI: file:/Users/bert/src/snaekobbi/src/requirements/src/test/page-layout/test.xprocspec)"/>

<property name="option: transform" value="(formatter:dotify)(translator:sbs)(grade:0)"/>
<property name="option: ascii-table" value="(liblouis-table:&#34;http://www.sbs.ch/pipeline/liblouis/tables/sbs.dis&#34;)"/>
<property name="option: temp-dir" value="file:/Users/bert/src/snaekobbi/src/requirements/target/xprocspec//tmp/xprocspec-20151203152310694/"/>
<property name="option: stylesheet" value="file:/Users/bert/src/snaekobbi/src/requirements/src/test/page-layout/style.css"/>

</properties>
<testcase name="theStepShouldExecuteSuccessfullyWithoutThrowingAnyErrors" classname="css-inline-and-px-transform-type-css" assertions="1" time="0" status="SUCCESS"><system-out>the step should execute successfully without throwing any errors: SUCCESS</system-out>
<system-err/></testcase><testcase name="result" classname="css-inline-and-px-transform-type-css" assertions="1" time="0" status="FAILED"><failure message="result" type="custom"/><system-out>result: FAILED</system-out>
<system-err>Expected:
&lt;pef xmlns="http://www.daisy.org/ns/2008/pef" version="2008-1"&gt;
  &lt;head&gt;
    &lt;meta xmlns:dc="http://purl.org/dc/elements/1.1/" xmlns:dp2="http://www.daisy.org/ns/pipeline"&gt;
      &lt;dc:format&gt;application/x-pef+xml&lt;/dc:format&gt;
      &lt;dp2:ascii-table&gt;(liblouis-table:"http://www.sbs.ch/pipeline/liblouis/tables/sbs.dis")&lt;/dp2:ascii-table&gt;
    &lt;/meta&gt;
  &lt;/head&gt;
  &lt;body&gt;
    &lt;volume cols="28" rows="28" rowgap="0" duplex="false"&gt;
      &lt;section&gt;
        &lt;page&gt;
          &lt;row/&gt;
          &lt;row&gt;⠀⠀⠀⠀⠀⠀⠀⠀⠃⠇⠁⠀⠃⠇⠁⠀⠃⠇⠁&lt;/row&gt;
          &lt;row&gt;⠀⠀⠀⠀⠀⠀⠀⠀⠤⠤⠤⠤⠤⠤⠤⠤⠤⠤⠤&lt;/row&gt;
          &lt;row/&gt;
          &lt;row&gt;⠀⠀⠃⠇⠕⠀⠃⠇⠕⠀⠃⠇⠕⠀⠃⠇⠕⠀⠃⠇⠕⠀⠃⠇⠕&lt;/row&gt;
          &lt;row&gt;⠃⠇⠕⠀⠃⠇⠕⠀⠃⠇⠕⠀⠃⠇⠕⠀⠃⠇⠕⠀⠃⠇⠕⠀⠃⠇⠕&lt;/row&gt;
          &lt;row&gt;⠃⠇⠕⠀⠃⠇⠕⠀⠃⠇⠕⠀⠃⠇⠕⠀⠃⠇⠕⠀⠃⠇⠕⠀⠃⠇⠕&lt;/row&gt;
          &lt;row&gt;⠃⠇⠕⠀⠃⠇⠕⠀⠃⠇⠕⠀⠃⠇⠕&lt;/row&gt;
          &lt;row&gt;⠀⠀⠃⠇⠕⠀⠃⠇⠕⠀⠃⠇⠕⠀⠃⠇⠕⠀⠃⠇⠕⠀⠃⠇⠕&lt;/row&gt;
          &lt;row&gt;⠃⠇⠕⠀⠃⠇⠕⠀⠃⠇⠕⠀⠃⠇⠕⠀⠃⠇⠕⠀⠃⠇⠕⠀⠃⠇⠕&lt;/row&gt;
          &lt;row&gt;⠃⠇⠕⠀⠃⠇⠕⠀⠃⠇⠕⠀⠃⠇⠕⠀⠃⠇⠕⠀⠃⠇⠕⠀⠃⠇⠕&lt;/row&gt;
          &lt;row&gt;⠃⠇⠕⠀⠃⠇⠕⠀⠃⠇⠕⠀⠃⠇⠕&lt;/row&gt;
          &lt;row&gt;⠀⠀⠃⠇⠕⠀⠃⠇⠕⠀⠃⠇⠕⠀⠃⠇⠕⠀⠃⠇⠕⠀⠃⠇⠕&lt;/row&gt;
          &lt;row&gt;⠃⠇⠕⠀⠃⠇⠕⠀⠃⠇⠕⠀⠃⠇⠕⠀⠃⠇⠕⠀⠃⠇⠕⠀⠃⠇⠕&lt;/row&gt;
          &lt;row&gt;⠃⠇⠕⠀⠃⠇⠕⠀⠃⠇⠕⠀⠃⠇⠕⠀⠃⠇⠕⠀⠃⠇⠕⠀⠃⠇⠕&lt;/row&gt;
          &lt;row&gt;⠃⠇⠕⠀⠃⠇⠕⠀⠃⠇⠕⠀⠃⠇⠕&lt;/row&gt;
          &lt;row&gt;⠀⠀⠃⠇⠕⠀⠃⠇⠕⠀⠃⠇⠕⠀⠃⠇⠕⠀⠃⠇⠕⠀⠃⠇⠕&lt;/row&gt;
          &lt;row&gt;⠃⠇⠕⠀⠃⠇⠕⠀⠃⠇⠕⠀⠃⠇⠕⠀⠃⠇⠕⠀⠃⠇⠕⠀⠃⠇⠕&lt;/row&gt;
          &lt;row&gt;⠃⠇⠕⠀⠃⠇⠕⠀⠃⠇⠕⠀⠃⠇⠕⠀⠃⠇⠕⠀⠃⠇⠕⠀⠃⠇⠕&lt;/row&gt;
          &lt;row&gt;⠃⠇⠕⠀⠃⠇⠕⠀⠃⠇⠕⠀⠃⠇⠕&lt;/row&gt;
          &lt;row&gt;⠀⠀⠃⠇⠕⠀⠃⠇⠕⠀⠃⠇⠕⠀⠃⠇⠕⠀⠃⠇⠕⠀⠃⠇⠕&lt;/row&gt;
          &lt;row&gt;⠃⠇⠕⠀⠃⠇⠕⠀⠃⠇⠕⠀⠃⠇⠕⠀⠃⠇⠕⠀⠃⠇⠕⠀⠃⠇⠕&lt;/row&gt;
          &lt;row&gt;⠃⠇⠕⠀⠃⠇⠕⠀⠃⠇⠕⠀⠃⠇⠕⠀⠃⠇⠕⠀⠃⠇⠕⠀⠃⠇⠕&lt;/row&gt;
          &lt;row&gt;⠃⠇⠕⠀⠃⠇⠕⠀⠃⠇⠕⠀⠃⠇⠕&lt;/row&gt;
          &lt;row&gt;⠀⠀⠃⠇⠕⠀⠃⠇⠕⠀⠃⠇⠕⠀⠃⠇⠕⠀⠃⠇⠕⠀⠃⠇⠕&lt;/row&gt;
          &lt;row&gt;⠃⠇⠕⠀⠃⠇⠕⠀⠃⠇⠕⠀⠃⠇⠕⠀⠃⠇⠕⠀⠃⠇⠕⠀⠃⠇⠕&lt;/row&gt;
          &lt;row&gt;⠃⠇⠕⠀⠃⠇⠕⠀⠃⠇⠕⠀⠃⠇⠕⠀⠃⠇⠕⠀⠃⠇⠕⠀⠃⠇⠕&lt;/row&gt;
          &lt;row&gt;⠃⠇⠕⠀⠃⠇⠕⠀⠃⠇⠕⠀⠃⠇⠕⠀⠀⠀⠀⠀⠀⠀⠀⠀⠀⠀⠼⠁&lt;/row&gt;
        &lt;/page&gt;
        &lt;page&gt;
          &lt;row&gt;⠀⠀⠃⠇⠕⠀⠃⠇⠕⠀⠃⠇⠕⠀⠃⠇⠕⠀⠃⠇⠕⠀⠃⠇⠕&lt;/row&gt;
          &lt;row&gt;⠃⠇⠕⠀⠃⠇⠕⠀⠃⠇⠕⠀⠃⠇⠕⠀⠃⠇⠕⠀⠃⠇⠕⠀⠃⠇⠕&lt;/row&gt;
          &lt;row&gt;⠃⠇⠕⠀⠃⠇⠕⠀⠃⠇⠕⠀⠃⠇⠕⠀⠃⠇⠕⠀⠃⠇⠕⠀⠃⠇⠕&lt;/row&gt;
          &lt;row&gt;⠃⠇⠕⠀⠃⠇⠕⠀⠃⠇⠕⠀⠃⠇⠕&lt;/row&gt;
        &lt;/page&gt;
      &lt;/section&gt;
    &lt;/volume&gt;
  &lt;/body&gt;
&lt;/pef&gt;

Was:



application/x-pef+xml
identifier?
2015-12-03
(liblouis-table:"http://www.sbs.ch/pipeline/liblouis/tables/sbs.dis")





⠼⠊⠀⠃⠇⠁⠀⠃⠇⠁⠀⠃⠇⠁
⠃⠇⠕⠀⠃⠇⠕⠀⠃⠇⠕⠀⠃⠇⠕⠀⠃⠇⠕⠀⠃⠇⠕⠀⠃⠇⠕⠀
⠃⠇⠕⠀⠃⠇⠕⠀⠃⠇⠕⠀⠃⠇⠕⠀⠃⠇⠕⠀⠃⠇⠕⠀⠃⠇⠕⠀
⠃⠇⠕⠀⠃⠇⠕⠀⠃⠇⠕⠀⠃⠇⠕⠀⠃⠇⠕⠀⠃⠇⠕⠀⠃⠇⠕⠀
⠃⠇⠕⠀⠃⠇⠕⠀⠃⠇⠕
⠃⠇⠕⠀⠃⠇⠕⠀⠃⠇⠕⠀⠃⠇⠕⠀⠃⠇⠕⠀⠃⠇⠕⠀⠃⠇⠕⠀
⠃⠇⠕⠀⠃⠇⠕⠀⠃⠇⠕⠀⠃⠇⠕⠀⠃⠇⠕⠀⠃⠇⠕⠀⠃⠇⠕⠀
⠃⠇⠕⠀⠃⠇⠕⠀⠃⠇⠕⠀⠃⠇⠕⠀⠃⠇⠕⠀⠃⠇⠕⠀⠃⠇⠕⠀
⠃⠇⠕⠀⠃⠇⠕⠀⠃⠇⠕
⠃⠇⠕⠀⠃⠇⠕⠀⠃⠇⠕⠀⠃⠇⠕⠀⠃⠇⠕⠀⠃⠇⠕⠀⠃⠇⠕⠀
⠃⠇⠕⠀⠃⠇⠕⠀⠃⠇⠕⠀⠃⠇⠕⠀⠃⠇⠕⠀⠃⠇⠕⠀⠃⠇⠕⠀
⠃⠇⠕⠀⠃⠇⠕⠀⠃⠇⠕⠀⠃⠇⠕⠀⠃⠇⠕⠀⠃⠇⠕⠀⠃⠇⠕⠀
⠃⠇⠕⠀⠃⠇⠕⠀⠃⠇⠕
⠃⠇⠕⠀⠃⠇⠕⠀⠃⠇⠕⠀⠃⠇⠕⠀⠃⠇⠕⠀⠃⠇⠕⠀⠃⠇⠕⠀
⠃⠇⠕⠀⠃⠇⠕⠀⠃⠇⠕⠀⠃⠇⠕⠀⠃⠇⠕⠀⠃⠇⠕⠀⠃⠇⠕⠀
⠃⠇⠕⠀⠃⠇⠕⠀⠃⠇⠕⠀⠃⠇⠕⠀⠃⠇⠕⠀⠃⠇⠕⠀⠃⠇⠕⠀
⠃⠇⠕⠀⠃⠇⠕⠀⠃⠇⠕
⠃⠇⠕⠀⠃⠇⠕⠀⠃⠇⠕⠀⠃⠇⠕⠀⠃⠇⠕⠀⠃⠇⠕⠀⠃⠇⠕⠀
⠃⠇⠕⠀⠃⠇⠕⠀⠃⠇⠕⠀⠃⠇⠕⠀⠃⠇⠕⠀⠃⠇⠕⠀⠃⠇⠕⠀
⠃⠇⠕⠀⠃⠇⠕⠀⠃⠇⠕⠀⠃⠇⠕⠀⠃⠇⠕⠀⠃⠇⠕⠀⠃⠇⠕⠀
⠃⠇⠕⠀⠃⠇⠕⠀⠃⠇⠕
⠃⠇⠕⠀⠃⠇⠕⠀⠃⠇⠕⠀⠃⠇⠕⠀⠃⠇⠕⠀⠃⠇⠕⠀⠃⠇⠕⠀
⠃⠇⠕⠀⠃⠇⠕⠀⠃⠇⠕⠀⠃⠇⠕⠀⠃⠇⠕⠀⠃⠇⠕⠀⠃⠇⠕⠀
⠃⠇⠕⠀⠃⠇⠕⠀⠃⠇⠕⠀⠃⠇⠕⠀⠃⠇⠕⠀⠃⠇⠕⠀⠃⠇⠕⠀
⠃⠇⠕⠀⠃⠇⠕⠀⠃⠇⠕
⠃⠇⠕⠀⠃⠇⠕⠀⠃⠇⠕⠀⠃⠇⠕⠀⠃⠇⠕⠀⠃⠇⠕⠀⠃⠇⠕⠀
⠃⠇⠕⠀⠃⠇⠕⠀⠃⠇⠕⠀⠃⠇⠕⠀⠃⠇⠕⠀⠃⠇⠕⠀⠃⠇⠕⠀
⠃⠇⠕⠀⠃⠇⠕⠀⠃⠇⠕⠀⠃⠇⠕⠀⠃⠇⠕⠀⠃⠇⠕⠀⠃⠇⠕⠀


⠃⠇⠕⠀⠃⠇⠕⠀⠃⠇⠕




</system-err></testcase></testsuite><testsuite timestamp="2015-12-03T14:23:48.418Z" hostname="localhost" tests="2" errors="0" failures="1" skipped="0" id="d12659e1" name="4581Footer4581PrintPageNumber+BraillePageNumber" package="http://www.daisy.org/ns/pipeline/xproc/internal" time="3.491">
<properties><property name="input: source" value="&lt;level1 xmlns=&#34;http://www.daisy.org/z3986/2005/dtbook/&#34; ...&gt;...&lt;/level1&gt; (Base URI: file:/Users/bert/src/snaekobbi/src/requirements/src/test/page-layout/test.xprocspec)"/>

<property name="option: transform" value="(formatter:dotify)(translator:sbs)(grade:0)"/>
<property name="option: ascii-table" value="(liblouis-table:&#34;http://www.sbs.ch/pipeline/liblouis/tables/sbs.dis&#34;)"/>
<property name="option: temp-dir" value="file:/Users/bert/src/snaekobbi/src/requirements/target/xprocspec//tmp/xprocspec-20151203152310694/"/>
<property name="option: stylesheet" value="file:/Users/bert/src/snaekobbi/src/requirements/src/test/page-layout/style.css"/>

</properties>
<testcase name="theStepShouldExecuteSuccessfullyWithoutThrowingAnyErrors" classname="css-inline-and-px-transform-type-css" assertions="1" time="0" status="SUCCESS"><system-out>the step should execute successfully without throwing any errors: SUCCESS</system-out>
<system-err/></testcase><testcase name="result" classname="css-inline-and-px-transform-type-css" assertions="1" time="0" status="FAILED"><failure message="result" type="custom"/><system-out>result: FAILED</system-out>
<system-err>Expected:
&lt;pef xmlns="http://www.daisy.org/ns/2008/pef" version="2008-1"&gt;
  &lt;head&gt;
    &lt;meta xmlns:dc="http://purl.org/dc/elements/1.1/" xmlns:dp2="http://www.daisy.org/ns/pipeline"&gt;
      &lt;dc:format&gt;application/x-pef+xml&lt;/dc:format&gt;
      &lt;dp2:ascii-table&gt;(liblouis-table:"http://www.sbs.ch/pipeline/liblouis/tables/sbs.dis")&lt;/dp2:ascii-table&gt;
    &lt;/meta&gt;
  &lt;/head&gt;
  &lt;body&gt;
    &lt;volume cols="28" rows="28" rowgap="0" duplex="false"&gt;
      &lt;section&gt;
        &lt;page&gt;
          &lt;row/&gt;
          &lt;row&gt;⠀⠀⠀⠀⠀⠀⠀⠀⠃⠇⠁⠀⠃⠇⠁⠀⠃⠇⠁&lt;/row&gt;
          &lt;row&gt;⠀⠀⠀⠀⠀⠀⠀⠀⠤⠤⠤⠤⠤⠤⠤⠤⠤⠤⠤&lt;/row&gt;
          &lt;row/&gt;
          &lt;row&gt;⠀⠀⠃⠇⠕⠀⠃⠇⠕⠀⠃⠇⠕⠀⠃⠇⠕⠀⠃⠇⠕⠀⠃⠇⠕&lt;/row&gt;
          &lt;row&gt;⠃⠇⠕⠀⠃⠇⠕⠀⠃⠇⠕⠀⠃⠇⠕⠀⠃⠇⠕⠀⠃⠇⠕⠀⠃⠇⠕&lt;/row&gt;
          &lt;row&gt;⠃⠇⠕⠀⠃⠇⠕⠀⠃⠇⠕⠀⠃⠇⠕⠀⠃⠇⠕⠀⠃⠇⠕⠀⠃⠇⠕&lt;/row&gt;
          &lt;row&gt;⠃⠇⠕⠀⠃⠇⠕⠀⠃⠇⠕⠀⠃⠇⠕&lt;/row&gt;
          &lt;row&gt;⠀⠀⠃⠇⠕⠀⠃⠇⠕⠀⠃⠇⠕⠀⠃⠇⠕⠀⠃⠇⠕⠀⠃⠇⠕&lt;/row&gt;
          &lt;row&gt;⠃⠇⠕⠀⠃⠇⠕⠀⠃⠇⠕⠀⠃⠇⠕⠀⠃⠇⠕⠀⠃⠇⠕⠀⠃⠇⠕&lt;/row&gt;
          &lt;row&gt;⠃⠇⠕⠀⠃⠇⠕⠀⠃⠇⠕⠀⠃⠇⠕⠀⠃⠇⠕⠀⠃⠇⠕⠀⠃⠇⠕&lt;/row&gt;
          &lt;row&gt;⠃⠇⠕⠀⠃⠇⠕⠀⠃⠇⠕⠀⠃⠇⠕&lt;/row&gt;
          &lt;row&gt;⠀⠀⠃⠇⠕⠀⠃⠇⠕⠀⠃⠇⠕⠀⠃⠇⠕⠀⠃⠇⠕⠀⠃⠇⠕&lt;/row&gt;
          &lt;row&gt;⠃⠇⠕⠀⠃⠇⠕⠀⠃⠇⠕⠀⠃⠇⠕⠀⠃⠇⠕⠀⠃⠇⠕⠀⠃⠇⠕&lt;/row&gt;
          &lt;row&gt;⠃⠇⠕⠀⠃⠇⠕⠀⠃⠇⠕⠀⠃⠇⠕⠀⠃⠇⠕⠀⠃⠇⠕⠀⠃⠇⠕&lt;/row&gt;
          &lt;row&gt;⠃⠇⠕⠀⠃⠇⠕⠀⠃⠇⠕⠀⠃⠇⠕&lt;/row&gt;
          &lt;row&gt;⠀⠀⠃⠇⠕⠀⠃⠇⠕⠀⠃⠇⠕⠀⠃⠇⠕⠀⠃⠇⠕⠀⠃⠇⠕&lt;/row&gt;
          &lt;row&gt;⠃⠇⠕⠀⠃⠇⠕⠀⠃⠇⠕⠀⠃⠇⠕⠀⠃⠇⠕⠀⠃⠇⠕⠀⠃⠇⠕&lt;/row&gt;
          &lt;row&gt;⠃⠇⠕⠀⠃⠇⠕⠀⠃⠇⠕⠀⠃⠇⠕⠀⠃⠇⠕⠀⠃⠇⠕⠀⠃⠇⠕&lt;/row&gt;
          &lt;row&gt;⠃⠇⠕⠀⠃⠇⠕⠀⠃⠇⠕⠀⠃⠇⠕&lt;/row&gt;
          &lt;row&gt;⠀⠀⠃⠇⠕⠀⠃⠇⠕⠀⠃⠇⠕⠀⠃⠇⠕⠀⠃⠇⠕⠀⠃⠇⠕&lt;/row&gt;
          &lt;row&gt;⠃⠇⠕⠀⠃⠇⠕⠀⠃⠇⠕⠀⠃⠇⠕⠀⠃⠇⠕⠀⠃⠇⠕⠀⠃⠇⠕&lt;/row&gt;
          &lt;row&gt;⠃⠇⠕⠀⠃⠇⠕⠀⠃⠇⠕⠀⠃⠇⠕⠀⠃⠇⠕⠀⠃⠇⠕⠀⠃⠇⠕&lt;/row&gt;
          &lt;row&gt;⠃⠇⠕⠀⠃⠇⠕⠀⠃⠇⠕⠀⠃⠇⠕&lt;/row&gt;
          &lt;row&gt;⠀⠀⠃⠇⠕⠀⠃⠇⠕⠀⠃⠇⠕⠀⠃⠇⠕⠀⠃⠇⠕⠀⠃⠇⠕&lt;/row&gt;
          &lt;row&gt;⠃⠇⠕⠀⠃⠇⠕⠀⠃⠇⠕⠀⠃⠇⠕⠀⠃⠇⠕⠀⠃⠇⠕⠀⠃⠇⠕&lt;/row&gt;
          &lt;row&gt;⠃⠇⠕⠀⠃⠇⠕⠀⠃⠇⠕⠀⠃⠇⠕⠀⠃⠇⠕⠀⠃⠇⠕⠀⠃⠇⠕&lt;/row&gt;
          &lt;row&gt;⠸⠼⠊⠀⠀⠀⠀⠀⠀⠀⠀⠀⠀⠀⠀⠀⠀⠀⠀⠀⠀⠀⠀⠀⠀⠀⠼⠁&lt;/row&gt;
        &lt;/page&gt;
        &lt;page&gt;
          &lt;row&gt;⠃⠇⠕⠀⠃⠇⠕⠀⠃⠇⠕⠀⠃⠇⠕&lt;/row&gt;
          &lt;row&gt;⠀⠀⠃⠇⠕⠀⠃⠇⠕⠀⠃⠇⠕⠀⠃⠇⠕⠀⠃⠇⠕⠀⠃⠇⠕&lt;/row&gt;
          &lt;row&gt;⠃⠇⠕⠀⠃⠇⠕⠀⠃⠇⠕⠀⠃⠇⠕⠀⠃⠇⠕⠀⠃⠇⠕⠀⠃⠇⠕&lt;/row&gt;
          &lt;row&gt;⠃⠇⠕⠀⠃⠇⠕⠀⠃⠇⠕⠀⠃⠇⠕⠀⠃⠇⠕⠀⠃⠇⠕⠀⠃⠇⠕&lt;/row&gt;
          &lt;row&gt;⠃⠇⠕⠀⠃⠇⠕⠀⠃⠇⠕⠀⠃⠇⠕&lt;/row&gt;
        &lt;/page&gt;
      &lt;/section&gt;
    &lt;/volume&gt;
  &lt;/body&gt;
&lt;/pef&gt;

Was:



application/x-pef+xml
identifier?
2015-12-03
(liblouis-table:"http://www.sbs.ch/pipeline/liblouis/tables/sbs.dis")





⠼⠊⠀⠃⠇⠁⠀⠃⠇⠁⠀⠃⠇⠁
⠃⠇⠕⠀⠃⠇⠕⠀⠃⠇⠕⠀⠃⠇⠕⠀⠃⠇⠕⠀⠃⠇⠕⠀⠃⠇⠕⠀
⠃⠇⠕⠀⠃⠇⠕⠀⠃⠇⠕⠀⠃⠇⠕⠀⠃⠇⠕⠀⠃⠇⠕⠀⠃⠇⠕⠀
⠃⠇⠕⠀⠃⠇⠕⠀⠃⠇⠕⠀⠃⠇⠕⠀⠃⠇⠕⠀⠃⠇⠕⠀⠃⠇⠕⠀
⠃⠇⠕⠀⠃⠇⠕⠀⠃⠇⠕
⠃⠇⠕⠀⠃⠇⠕⠀⠃⠇⠕⠀⠃⠇⠕⠀⠃⠇⠕⠀⠃⠇⠕⠀⠃⠇⠕⠀
⠃⠇⠕⠀⠃⠇⠕⠀⠃⠇⠕⠀⠃⠇⠕⠀⠃⠇⠕⠀⠃⠇⠕⠀⠃⠇⠕⠀
⠃⠇⠕⠀⠃⠇⠕⠀⠃⠇⠕⠀⠃⠇⠕⠀⠃⠇⠕⠀⠃⠇⠕⠀⠃⠇⠕⠀
⠃⠇⠕⠀⠃⠇⠕⠀⠃⠇⠕
⠃⠇⠕⠀⠃⠇⠕⠀⠃⠇⠕⠀⠃⠇⠕⠀⠃⠇⠕⠀⠃⠇⠕⠀⠃⠇⠕⠀
⠃⠇⠕⠀⠃⠇⠕⠀⠃⠇⠕⠀⠃⠇⠕⠀⠃⠇⠕⠀⠃⠇⠕⠀⠃⠇⠕⠀
⠃⠇⠕⠀⠃⠇⠕⠀⠃⠇⠕⠀⠃⠇⠕⠀⠃⠇⠕⠀⠃⠇⠕⠀⠃⠇⠕⠀
⠃⠇⠕⠀⠃⠇⠕⠀⠃⠇⠕
⠃⠇⠕⠀⠃⠇⠕⠀⠃⠇⠕⠀⠃⠇⠕⠀⠃⠇⠕⠀⠃⠇⠕⠀⠃⠇⠕⠀
⠃⠇⠕⠀⠃⠇⠕⠀⠃⠇⠕⠀⠃⠇⠕⠀⠃⠇⠕⠀⠃⠇⠕⠀⠃⠇⠕⠀
⠃⠇⠕⠀⠃⠇⠕⠀⠃⠇⠕⠀⠃⠇⠕⠀⠃⠇⠕⠀⠃⠇⠕⠀⠃⠇⠕⠀
⠃⠇⠕⠀⠃⠇⠕⠀⠃⠇⠕
⠃⠇⠕⠀⠃⠇⠕⠀⠃⠇⠕⠀⠃⠇⠕⠀⠃⠇⠕⠀⠃⠇⠕⠀⠃⠇⠕⠀
⠃⠇⠕⠀⠃⠇⠕⠀⠃⠇⠕⠀⠃⠇⠕⠀⠃⠇⠕⠀⠃⠇⠕⠀⠃⠇⠕⠀
⠃⠇⠕⠀⠃⠇⠕⠀⠃⠇⠕⠀⠃⠇⠕⠀⠃⠇⠕⠀⠃⠇⠕⠀⠃⠇⠕⠀
⠃⠇⠕⠀⠃⠇⠕⠀⠃⠇⠕
⠃⠇⠕⠀⠃⠇⠕⠀⠃⠇⠕⠀⠃⠇⠕⠀⠃⠇⠕⠀⠃⠇⠕⠀⠃⠇⠕⠀
⠃⠇⠕⠀⠃⠇⠕⠀⠃⠇⠕⠀⠃⠇⠕⠀⠃⠇⠕⠀⠃⠇⠕⠀⠃⠇⠕⠀
⠃⠇⠕⠀⠃⠇⠕⠀⠃⠇⠕⠀⠃⠇⠕⠀⠃⠇⠕⠀⠃⠇⠕⠀⠃⠇⠕⠀
⠃⠇⠕⠀⠃⠇⠕⠀⠃⠇⠕
⠃⠇⠕⠀⠃⠇⠕⠀⠃⠇⠕⠀⠃⠇⠕⠀⠃⠇⠕⠀⠃⠇⠕⠀⠃⠇⠕⠀
⠃⠇⠕⠀⠃⠇⠕⠀⠃⠇⠕⠀⠃⠇⠕⠀⠃⠇⠕⠀⠃⠇⠕⠀⠃⠇⠕⠀
⠃⠇⠕⠀⠃⠇⠕⠀⠃⠇⠕⠀⠃⠇⠕⠀⠃⠇⠕⠀⠃⠇⠕⠀⠃⠇⠕⠀


⠃⠇⠕⠀⠃⠇⠕⠀⠃⠇⠕




</system-err></testcase></testsuite><testsuite timestamp="2015-12-03T14:23:48.425Z" hostname="localhost" tests="2" errors="0" failures="1" skipped="0" id="d12666e1" name="4581Footer4581PrintPageNumber+ChapterInfo+BraillePageNumber" package="http://www.daisy.org/ns/pipeline/xproc/internal" time="3.928">
<properties><property name="input: source" value="&lt;level1 xmlns=&#34;http://www.daisy.org/z3986/2005/dtbook/&#34; ...&gt;...&lt;/level1&gt; (Base URI: file:/Users/bert/src/snaekobbi/src/requirements/src/test/page-layout/test.xprocspec)"/>

<property name="option: transform" value="(formatter:dotify)(translator:sbs)(grade:0)"/>
<property name="option: ascii-table" value="(liblouis-table:&#34;http://www.sbs.ch/pipeline/liblouis/tables/sbs.dis&#34;)"/>
<property name="option: temp-dir" value="file:/Users/bert/src/snaekobbi/src/requirements/target/xprocspec//tmp/xprocspec-20151203152310694/"/>
<property name="option: stylesheet" value="file:/Users/bert/src/snaekobbi/src/requirements/src/test/page-layout/style.css"/>

</properties>
<testcase name="theStepShouldExecuteSuccessfullyWithoutThrowingAnyErrors" classname="css-inline-and-px-transform-type-css" assertions="1" time="0" status="SUCCESS"><system-out>the step should execute successfully without throwing any errors: SUCCESS</system-out>
<system-err/></testcase><testcase name="result" classname="css-inline-and-px-transform-type-css" assertions="1" time="0" status="FAILED"><failure message="result" type="custom"/><system-out>result: FAILED</system-out>
<system-err>Expected:
&lt;pef xmlns="http://www.daisy.org/ns/2008/pef" version="2008-1"&gt;
  &lt;head&gt;
    &lt;meta xmlns:dc="http://purl.org/dc/elements/1.1/" xmlns:dp2="http://www.daisy.org/ns/pipeline"&gt;
      &lt;dc:format&gt;application/x-pef+xml&lt;/dc:format&gt;
      &lt;dp2:ascii-table&gt;(liblouis-table:"http://www.sbs.ch/pipeline/liblouis/tables/sbs.dis")&lt;/dp2:ascii-table&gt;
    &lt;/meta&gt;
  &lt;/head&gt;
  &lt;body&gt;
    &lt;volume cols="28" rows="28" rowgap="0" duplex="false"&gt;
      &lt;section&gt;
        &lt;page&gt;
          &lt;row/&gt;
          &lt;row&gt;⠀⠀⠀⠀⠀⠀⠀⠀⠃⠇⠁⠀⠃⠇⠁⠀⠃⠇⠁&lt;/row&gt;
          &lt;row&gt;⠀⠀⠀⠀⠀⠀⠀⠀⠤⠤⠤⠤⠤⠤⠤⠤⠤⠤⠤&lt;/row&gt;
          &lt;row/&gt;
          &lt;row&gt;⠀⠀⠃⠇⠕⠀⠃⠇⠕⠀⠃⠇⠕⠀⠃⠇⠕⠀⠃⠇⠕⠀⠃⠇⠕&lt;/row&gt;
          &lt;row&gt;⠃⠇⠕⠀⠃⠇⠕⠀⠃⠇⠕⠀⠃⠇⠕⠀⠃⠇⠕⠀⠃⠇⠕⠀⠃⠇⠕&lt;/row&gt;
          &lt;row&gt;⠃⠇⠕⠀⠃⠇⠕⠀⠃⠇⠕⠀⠃⠇⠕⠀⠃⠇⠕⠀⠃⠇⠕⠀⠃⠇⠕&lt;/row&gt;
          &lt;row&gt;⠃⠇⠕⠀⠃⠇⠕⠀⠃⠇⠕⠀⠃⠇⠕&lt;/row&gt;
          &lt;row&gt;⠀⠀⠃⠇⠕⠀⠃⠇⠕⠀⠃⠇⠕⠀⠃⠇⠕⠀⠃⠇⠕⠀⠃⠇⠕&lt;/row&gt;
          &lt;row&gt;⠃⠇⠕⠀⠃⠇⠕⠀⠃⠇⠕⠀⠃⠇⠕⠀⠃⠇⠕⠀⠃⠇⠕⠀⠃⠇⠕&lt;/row&gt;
          &lt;row&gt;⠃⠇⠕⠀⠃⠇⠕⠀⠃⠇⠕⠀⠃⠇⠕⠀⠃⠇⠕⠀⠃⠇⠕⠀⠃⠇⠕&lt;/row&gt;
          &lt;row&gt;⠃⠇⠕⠀⠃⠇⠕⠀⠃⠇⠕⠀⠃⠇⠕&lt;/row&gt;
          &lt;row&gt;⠀⠀⠃⠇⠕⠀⠃⠇⠕⠀⠃⠇⠕⠀⠃⠇⠕⠀⠃⠇⠕⠀⠃⠇⠕&lt;/row&gt;
          &lt;row&gt;⠃⠇⠕⠀⠃⠇⠕⠀⠃⠇⠕⠀⠃⠇⠕⠀⠃⠇⠕⠀⠃⠇⠕⠀⠃⠇⠕&lt;/row&gt;
          &lt;row&gt;⠃⠇⠕⠀⠃⠇⠕⠀⠃⠇⠕⠀⠃⠇⠕⠀⠃⠇⠕⠀⠃⠇⠕⠀⠃⠇⠕&lt;/row&gt;
          &lt;row&gt;⠃⠇⠕⠀⠃⠇⠕⠀⠃⠇⠕⠀⠃⠇⠕&lt;/row&gt;
          &lt;row&gt;⠀⠀⠃⠇⠕⠀⠃⠇⠕⠀⠃⠇⠕⠀⠃⠇⠕⠀⠃⠇⠕⠀⠃⠇⠕&lt;/row&gt;
          &lt;row&gt;⠃⠇⠕⠀⠃⠇⠕⠀⠃⠇⠕⠀⠃⠇⠕⠀⠃⠇⠕⠀⠃⠇⠕⠀⠃⠇⠕&lt;/row&gt;
          &lt;row&gt;⠃⠇⠕⠀⠃⠇⠕⠀⠃⠇⠕⠀⠃⠇⠕⠀⠃⠇⠕⠀⠃⠇⠕⠀⠃⠇⠕&lt;/row&gt;
          &lt;row&gt;⠃⠇⠕⠀⠃⠇⠕⠀⠃⠇⠕⠀⠃⠇⠕&lt;/row&gt;
          &lt;row&gt;⠀⠀⠃⠇⠕⠀⠃⠇⠕⠀⠃⠇⠕⠀⠃⠇⠕⠀⠃⠇⠕⠀⠃⠇⠕&lt;/row&gt;
          &lt;row&gt;⠃⠇⠕⠀⠃⠇⠕⠀⠃⠇⠕⠀⠃⠇⠕⠀⠃⠇⠕⠀⠃⠇⠕⠀⠃⠇⠕&lt;/row&gt;
          &lt;row&gt;⠃⠇⠕⠀⠃⠇⠕⠀⠃⠇⠕⠀⠃⠇⠕⠀⠃⠇⠕⠀⠃⠇⠕⠀⠃⠇⠕&lt;/row&gt;
          &lt;row&gt;⠃⠇⠕⠀⠃⠇⠕⠀⠃⠇⠕⠀⠃⠇⠕&lt;/row&gt;
          &lt;row&gt;⠀⠀⠃⠇⠕⠀⠃⠇⠕⠀⠃⠇⠕⠀⠃⠇⠕⠀⠃⠇⠕⠀⠃⠇⠕&lt;/row&gt;
          &lt;row&gt;⠃⠇⠕⠀⠃⠇⠕⠀⠃⠇⠕⠀⠃⠇⠕⠀⠃⠇⠕⠀⠃⠇⠕⠀⠃⠇⠕&lt;/row&gt;
          &lt;row&gt;⠃⠇⠕⠀⠃⠇⠕⠀⠃⠇⠕⠀⠃⠇⠕⠀⠃⠇⠕⠀⠃⠇⠕⠀⠃⠇⠕&lt;/row&gt;
          &lt;row&gt;⠸⠼⠊⠀⠀⠀⠀⠀⠀⠃⠇⠁⠀⠃⠇⠁⠀⠃⠇⠁⠀⠀⠀⠀⠀⠀⠼⠁&lt;/row&gt;
        &lt;/page&gt;
        &lt;page&gt;
          &lt;row&gt;⠃⠇⠕⠀⠃⠇⠕⠀⠃⠇⠕⠀⠃⠇⠕&lt;/row&gt;
          &lt;row&gt;⠀⠀⠃⠇⠕⠀⠃⠇⠕⠀⠃⠇⠕⠀⠃⠇⠕⠀⠃⠇⠕⠀⠃⠇⠕&lt;/row&gt;
          &lt;row&gt;⠃⠇⠕⠀⠃⠇⠕⠀⠃⠇⠕⠀⠃⠇⠕⠀⠃⠇⠕⠀⠃⠇⠕⠀⠃⠇⠕&lt;/row&gt;
          &lt;row&gt;⠃⠇⠕⠀⠃⠇⠕⠀⠃⠇⠕⠀⠃⠇⠕⠀⠃⠇⠕⠀⠃⠇⠕⠀⠃⠇⠕&lt;/row&gt;
          &lt;row&gt;⠃⠇⠕⠀⠃⠇⠕⠀⠃⠇⠕⠀⠃⠇⠕&lt;/row&gt;
        &lt;/page&gt;
      &lt;/section&gt;
    &lt;/volume&gt;
  &lt;/body&gt;
&lt;/pef&gt;

Was:



application/x-pef+xml
identifier?
2015-12-03
(liblouis-table:"http://www.sbs.ch/pipeline/liblouis/tables/sbs.dis")





⠼⠊⠀⠃⠇⠁⠀⠃⠇⠁⠀⠃⠇⠁
⠃⠇⠕⠀⠃⠇⠕⠀⠃⠇⠕⠀⠃⠇⠕⠀⠃⠇⠕⠀⠃⠇⠕⠀⠃⠇⠕⠀
⠃⠇⠕⠀⠃⠇⠕⠀⠃⠇⠕⠀⠃⠇⠕⠀⠃⠇⠕⠀⠃⠇⠕⠀⠃⠇⠕⠀
⠃⠇⠕⠀⠃⠇⠕⠀⠃⠇⠕⠀⠃⠇⠕⠀⠃⠇⠕⠀⠃⠇⠕⠀⠃⠇⠕⠀
⠃⠇⠕⠀⠃⠇⠕⠀⠃⠇⠕
⠃⠇⠕⠀⠃⠇⠕⠀⠃⠇⠕⠀⠃⠇⠕⠀⠃⠇⠕⠀⠃⠇⠕⠀⠃⠇⠕⠀
⠃⠇⠕⠀⠃⠇⠕⠀⠃⠇⠕⠀⠃⠇⠕⠀⠃⠇⠕⠀⠃⠇⠕⠀⠃⠇⠕⠀
⠃⠇⠕⠀⠃⠇⠕⠀⠃⠇⠕⠀⠃⠇⠕⠀⠃⠇⠕⠀⠃⠇⠕⠀⠃⠇⠕⠀
⠃⠇⠕⠀⠃⠇⠕⠀⠃⠇⠕
⠃⠇⠕⠀⠃⠇⠕⠀⠃⠇⠕⠀⠃⠇⠕⠀⠃⠇⠕⠀⠃⠇⠕⠀⠃⠇⠕⠀
⠃⠇⠕⠀⠃⠇⠕⠀⠃⠇⠕⠀⠃⠇⠕⠀⠃⠇⠕⠀⠃⠇⠕⠀⠃⠇⠕⠀
⠃⠇⠕⠀⠃⠇⠕⠀⠃⠇⠕⠀⠃⠇⠕⠀⠃⠇⠕⠀⠃⠇⠕⠀⠃⠇⠕⠀
⠃⠇⠕⠀⠃⠇⠕⠀⠃⠇⠕
⠃⠇⠕⠀⠃⠇⠕⠀⠃⠇⠕⠀⠃⠇⠕⠀⠃⠇⠕⠀⠃⠇⠕⠀⠃⠇⠕⠀
⠃⠇⠕⠀⠃⠇⠕⠀⠃⠇⠕⠀⠃⠇⠕⠀⠃⠇⠕⠀⠃⠇⠕⠀⠃⠇⠕⠀
⠃⠇⠕⠀⠃⠇⠕⠀⠃⠇⠕⠀⠃⠇⠕⠀⠃⠇⠕⠀⠃⠇⠕⠀⠃⠇⠕⠀
⠃⠇⠕⠀⠃⠇⠕⠀⠃⠇⠕
⠃⠇⠕⠀⠃⠇⠕⠀⠃⠇⠕⠀⠃⠇⠕⠀⠃⠇⠕⠀⠃⠇⠕⠀⠃⠇⠕⠀
⠃⠇⠕⠀⠃⠇⠕⠀⠃⠇⠕⠀⠃⠇⠕⠀⠃⠇⠕⠀⠃⠇⠕⠀⠃⠇⠕⠀
⠃⠇⠕⠀⠃⠇⠕⠀⠃⠇⠕⠀⠃⠇⠕⠀⠃⠇⠕⠀⠃⠇⠕⠀⠃⠇⠕⠀
⠃⠇⠕⠀⠃⠇⠕⠀⠃⠇⠕
⠃⠇⠕⠀⠃⠇⠕⠀⠃⠇⠕⠀⠃⠇⠕⠀⠃⠇⠕⠀⠃⠇⠕⠀⠃⠇⠕⠀
⠃⠇⠕⠀⠃⠇⠕⠀⠃⠇⠕⠀⠃⠇⠕⠀⠃⠇⠕⠀⠃⠇⠕⠀⠃⠇⠕⠀
⠃⠇⠕⠀⠃⠇⠕⠀⠃⠇⠕⠀⠃⠇⠕⠀⠃⠇⠕⠀⠃⠇⠕⠀⠃⠇⠕⠀
⠃⠇⠕⠀⠃⠇⠕⠀⠃⠇⠕
⠃⠇⠕⠀⠃⠇⠕⠀⠃⠇⠕⠀⠃⠇⠕⠀⠃⠇⠕⠀⠃⠇⠕⠀⠃⠇⠕⠀
⠃⠇⠕⠀⠃⠇⠕⠀⠃⠇⠕⠀⠃⠇⠕⠀⠃⠇⠕⠀⠃⠇⠕⠀⠃⠇⠕⠀
⠃⠇⠕⠀⠃⠇⠕⠀⠃⠇⠕⠀⠃⠇⠕⠀⠃⠇⠕⠀⠃⠇⠕⠀⠃⠇⠕⠀


⠃⠇⠕⠀⠃⠇⠕⠀⠃⠇⠕




</system-err></testcase></testsuite><testsuite timestamp="2015-12-03T14:23:48.431Z" hostname="localhost" tests="2" errors="0" failures="1" skipped="0" id="d12673e1" name="4581Footer4581ChapterInfo+BraillePageNumber" package="http://www.daisy.org/ns/pipeline/xproc/internal" time="3.873">
<properties><property name="input: source" value="&lt;level1 xmlns=&#34;http://www.daisy.org/z3986/2005/dtbook/&#34; ...&gt;...&lt;/level1&gt; (Base URI: file:/Users/bert/src/snaekobbi/src/requirements/src/test/page-layout/test.xprocspec)"/>

<property name="option: transform" value="(formatter:dotify)(translator:sbs)(grade:0)"/>
<property name="option: ascii-table" value="(liblouis-table:&#34;http://www.sbs.ch/pipeline/liblouis/tables/sbs.dis&#34;)"/>
<property name="option: temp-dir" value="file:/Users/bert/src/snaekobbi/src/requirements/target/xprocspec//tmp/xprocspec-20151203152310694/"/>
<property name="option: stylesheet" value="file:/Users/bert/src/snaekobbi/src/requirements/src/test/page-layout/style.css"/>

</properties>
<testcase name="theStepShouldExecuteSuccessfullyWithoutThrowingAnyErrors" classname="css-inline-and-px-transform-type-css" assertions="1" time="0" status="SUCCESS"><system-out>the step should execute successfully without throwing any errors: SUCCESS</system-out>
<system-err/></testcase><testcase name="result" classname="css-inline-and-px-transform-type-css" assertions="1" time="0" status="FAILED"><failure message="result" type="custom"/><system-out>result: FAILED</system-out>
<system-err>Expected:
&lt;pef xmlns="http://www.daisy.org/ns/2008/pef" version="2008-1"&gt;
  &lt;head&gt;
    &lt;meta xmlns:dc="http://purl.org/dc/elements/1.1/" xmlns:dp2="http://www.daisy.org/ns/pipeline"&gt;
      &lt;dc:format&gt;application/x-pef+xml&lt;/dc:format&gt;
      &lt;dp2:ascii-table&gt;(liblouis-table:"http://www.sbs.ch/pipeline/liblouis/tables/sbs.dis")&lt;/dp2:ascii-table&gt;
    &lt;/meta&gt;
  &lt;/head&gt;
  &lt;body&gt;
    &lt;volume cols="28" rows="28" rowgap="0" duplex="false"&gt;
      &lt;section&gt;
        &lt;page&gt;
          &lt;row/&gt;
          &lt;row&gt;⠀⠀⠀⠀⠀⠀⠀⠀⠃⠇⠁⠀⠃⠇⠁⠀⠃⠇⠁&lt;/row&gt;
          &lt;row&gt;⠀⠀⠀⠀⠀⠀⠀⠀⠤⠤⠤⠤⠤⠤⠤⠤⠤⠤⠤&lt;/row&gt;
          &lt;row/&gt;
          &lt;row&gt;⠀⠀⠃⠇⠕⠀⠃⠇⠕⠀⠃⠇⠕⠀⠃⠇⠕⠀⠃⠇⠕⠀⠃⠇⠕&lt;/row&gt;
          &lt;row&gt;⠃⠇⠕⠀⠃⠇⠕⠀⠃⠇⠕⠀⠃⠇⠕⠀⠃⠇⠕⠀⠃⠇⠕⠀⠃⠇⠕&lt;/row&gt;
          &lt;row&gt;⠃⠇⠕⠀⠃⠇⠕⠀⠃⠇⠕⠀⠃⠇⠕⠀⠃⠇⠕⠀⠃⠇⠕⠀⠃⠇⠕&lt;/row&gt;
          &lt;row&gt;⠃⠇⠕⠀⠃⠇⠕⠀⠃⠇⠕⠀⠃⠇⠕&lt;/row&gt;
          &lt;row&gt;⠀⠀⠃⠇⠕⠀⠃⠇⠕⠀⠃⠇⠕⠀⠃⠇⠕⠀⠃⠇⠕⠀⠃⠇⠕&lt;/row&gt;
          &lt;row&gt;⠃⠇⠕⠀⠃⠇⠕⠀⠃⠇⠕⠀⠃⠇⠕⠀⠃⠇⠕⠀⠃⠇⠕⠀⠃⠇⠕&lt;/row&gt;
          &lt;row&gt;⠃⠇⠕⠀⠃⠇⠕⠀⠃⠇⠕⠀⠃⠇⠕⠀⠃⠇⠕⠀⠃⠇⠕⠀⠃⠇⠕&lt;/row&gt;
          &lt;row&gt;⠃⠇⠕⠀⠃⠇⠕⠀⠃⠇⠕⠀⠃⠇⠕&lt;/row&gt;
          &lt;row&gt;⠀⠀⠃⠇⠕⠀⠃⠇⠕⠀⠃⠇⠕⠀⠃⠇⠕⠀⠃⠇⠕⠀⠃⠇⠕&lt;/row&gt;
          &lt;row&gt;⠃⠇⠕⠀⠃⠇⠕⠀⠃⠇⠕⠀⠃⠇⠕⠀⠃⠇⠕⠀⠃⠇⠕⠀⠃⠇⠕&lt;/row&gt;
          &lt;row&gt;⠃⠇⠕⠀⠃⠇⠕⠀⠃⠇⠕⠀⠃⠇⠕⠀⠃⠇⠕⠀⠃⠇⠕⠀⠃⠇⠕&lt;/row&gt;
          &lt;row&gt;⠃⠇⠕⠀⠃⠇⠕⠀⠃⠇⠕⠀⠃⠇⠕&lt;/row&gt;
          &lt;row&gt;⠀⠀⠃⠇⠕⠀⠃⠇⠕⠀⠃⠇⠕⠀⠃⠇⠕⠀⠃⠇⠕⠀⠃⠇⠕&lt;/row&gt;
          &lt;row&gt;⠃⠇⠕⠀⠃⠇⠕⠀⠃⠇⠕⠀⠃⠇⠕⠀⠃⠇⠕⠀⠃⠇⠕⠀⠃⠇⠕&lt;/row&gt;
          &lt;row&gt;⠃⠇⠕⠀⠃⠇⠕⠀⠃⠇⠕⠀⠃⠇⠕⠀⠃⠇⠕⠀⠃⠇⠕⠀⠃⠇⠕&lt;/row&gt;
          &lt;row&gt;⠃⠇⠕⠀⠃⠇⠕⠀⠃⠇⠕⠀⠃⠇⠕&lt;/row&gt;
          &lt;row&gt;⠀⠀⠃⠇⠕⠀⠃⠇⠕⠀⠃⠇⠕⠀⠃⠇⠕⠀⠃⠇⠕⠀⠃⠇⠕&lt;/row&gt;
          &lt;row&gt;⠃⠇⠕⠀⠃⠇⠕⠀⠃⠇⠕⠀⠃⠇⠕⠀⠃⠇⠕⠀⠃⠇⠕⠀⠃⠇⠕&lt;/row&gt;
          &lt;row&gt;⠃⠇⠕⠀⠃⠇⠕⠀⠃⠇⠕⠀⠃⠇⠕⠀⠃⠇⠕⠀⠃⠇⠕⠀⠃⠇⠕&lt;/row&gt;
          &lt;row&gt;⠃⠇⠕⠀⠃⠇⠕⠀⠃⠇⠕⠀⠃⠇⠕&lt;/row&gt;
          &lt;row&gt;⠀⠀⠃⠇⠕⠀⠃⠇⠕⠀⠃⠇⠕⠀⠃⠇⠕⠀⠃⠇⠕⠀⠃⠇⠕&lt;/row&gt;
          &lt;row&gt;⠃⠇⠕⠀⠃⠇⠕⠀⠃⠇⠕⠀⠃⠇⠕⠀⠃⠇⠕⠀⠃⠇⠕⠀⠃⠇⠕&lt;/row&gt;
          &lt;row&gt;⠃⠇⠕⠀⠃⠇⠕⠀⠃⠇⠕⠀⠃⠇⠕⠀⠃⠇⠕⠀⠃⠇⠕⠀⠃⠇⠕&lt;/row&gt;
          &lt;row&gt;⠒⠒⠒⠀⠃⠇⠁⠀⠃⠇⠁⠀⠃⠇⠁⠀⠀⠀⠀⠀⠀⠀⠀⠀⠀⠀⠼⠁&lt;/row&gt;
        &lt;/page&gt;
        &lt;page&gt;
          &lt;row&gt;⠃⠇⠕⠀⠃⠇⠕⠀⠃⠇⠕⠀⠃⠇⠕&lt;/row&gt;
          &lt;row&gt;⠀⠀⠃⠇⠕⠀⠃⠇⠕⠀⠃⠇⠕⠀⠃⠇⠕⠀⠃⠇⠕⠀⠃⠇⠕&lt;/row&gt;
          &lt;row&gt;⠃⠇⠕⠀⠃⠇⠕⠀⠃⠇⠕⠀⠃⠇⠕⠀⠃⠇⠕⠀⠃⠇⠕⠀⠃⠇⠕&lt;/row&gt;
          &lt;row&gt;⠃⠇⠕⠀⠃⠇⠕⠀⠃⠇⠕⠀⠃⠇⠕⠀⠃⠇⠕⠀⠃⠇⠕⠀⠃⠇⠕&lt;/row&gt;
          &lt;row&gt;⠃⠇⠕⠀⠃⠇⠕⠀⠃⠇⠕⠀⠃⠇⠕&lt;/row&gt;
        &lt;/page&gt;
      &lt;/section&gt;
    &lt;/volume&gt;
  &lt;/body&gt;
&lt;/pef&gt;

Was:



application/x-pef+xml
identifier?
2015-12-03
(liblouis-table:"http://www.sbs.ch/pipeline/liblouis/tables/sbs.dis")





⠼⠊⠀⠃⠇⠁⠀⠃⠇⠁⠀⠃⠇⠁
⠃⠇⠕⠀⠃⠇⠕⠀⠃⠇⠕⠀⠃⠇⠕⠀⠃⠇⠕⠀⠃⠇⠕⠀⠃⠇⠕⠀
⠃⠇⠕⠀⠃⠇⠕⠀⠃⠇⠕⠀⠃⠇⠕⠀⠃⠇⠕⠀⠃⠇⠕⠀⠃⠇⠕⠀
⠃⠇⠕⠀⠃⠇⠕⠀⠃⠇⠕⠀⠃⠇⠕⠀⠃⠇⠕⠀⠃⠇⠕⠀⠃⠇⠕⠀
⠃⠇⠕⠀⠃⠇⠕⠀⠃⠇⠕
⠃⠇⠕⠀⠃⠇⠕⠀⠃⠇⠕⠀⠃⠇⠕⠀⠃⠇⠕⠀⠃⠇⠕⠀⠃⠇⠕⠀
⠃⠇⠕⠀⠃⠇⠕⠀⠃⠇⠕⠀⠃⠇⠕⠀⠃⠇⠕⠀⠃⠇⠕⠀⠃⠇⠕⠀
⠃⠇⠕⠀⠃⠇⠕⠀⠃⠇⠕⠀⠃⠇⠕⠀⠃⠇⠕⠀⠃⠇⠕⠀⠃⠇⠕⠀
⠃⠇⠕⠀⠃⠇⠕⠀⠃⠇⠕
⠃⠇⠕⠀⠃⠇⠕⠀⠃⠇⠕⠀⠃⠇⠕⠀⠃⠇⠕⠀⠃⠇⠕⠀⠃⠇⠕⠀
⠃⠇⠕⠀⠃⠇⠕⠀⠃⠇⠕⠀⠃⠇⠕⠀⠃⠇⠕⠀⠃⠇⠕⠀⠃⠇⠕⠀
⠃⠇⠕⠀⠃⠇⠕⠀⠃⠇⠕⠀⠃⠇⠕⠀⠃⠇⠕⠀⠃⠇⠕⠀⠃⠇⠕⠀
⠃⠇⠕⠀⠃⠇⠕⠀⠃⠇⠕
⠃⠇⠕⠀⠃⠇⠕⠀⠃⠇⠕⠀⠃⠇⠕⠀⠃⠇⠕⠀⠃⠇⠕⠀⠃⠇⠕⠀
⠃⠇⠕⠀⠃⠇⠕⠀⠃⠇⠕⠀⠃⠇⠕⠀⠃⠇⠕⠀⠃⠇⠕⠀⠃⠇⠕⠀
⠃⠇⠕⠀⠃⠇⠕⠀⠃⠇⠕⠀⠃⠇⠕⠀⠃⠇⠕⠀⠃⠇⠕⠀⠃⠇⠕⠀
⠃⠇⠕⠀⠃⠇⠕⠀⠃⠇⠕
⠃⠇⠕⠀⠃⠇⠕⠀⠃⠇⠕⠀⠃⠇⠕⠀⠃⠇⠕⠀⠃⠇⠕⠀⠃⠇⠕⠀
⠃⠇⠕⠀⠃⠇⠕⠀⠃⠇⠕⠀⠃⠇⠕⠀⠃⠇⠕⠀⠃⠇⠕⠀⠃⠇⠕⠀
⠃⠇⠕⠀⠃⠇⠕⠀⠃⠇⠕⠀⠃⠇⠕⠀⠃⠇⠕⠀⠃⠇⠕⠀⠃⠇⠕⠀
⠃⠇⠕⠀⠃⠇⠕⠀⠃⠇⠕
⠃⠇⠕⠀⠃⠇⠕⠀⠃⠇⠕⠀⠃⠇⠕⠀⠃⠇⠕⠀⠃⠇⠕⠀⠃⠇⠕⠀
⠃⠇⠕⠀⠃⠇⠕⠀⠃⠇⠕⠀⠃⠇⠕⠀⠃⠇⠕⠀⠃⠇⠕⠀⠃⠇⠕⠀
⠃⠇⠕⠀⠃⠇⠕⠀⠃⠇⠕⠀⠃⠇⠕⠀⠃⠇⠕⠀⠃⠇⠕⠀⠃⠇⠕⠀
⠃⠇⠕⠀⠃⠇⠕⠀⠃⠇⠕
⠃⠇⠕⠀⠃⠇⠕⠀⠃⠇⠕⠀⠃⠇⠕⠀⠃⠇⠕⠀⠃⠇⠕⠀⠃⠇⠕⠀
⠃⠇⠕⠀⠃⠇⠕⠀⠃⠇⠕⠀⠃⠇⠕⠀⠃⠇⠕⠀⠃⠇⠕⠀⠃⠇⠕⠀
⠃⠇⠕⠀⠃⠇⠕⠀⠃⠇⠕⠀⠃⠇⠕⠀⠃⠇⠕⠀⠃⠇⠕⠀⠃⠇⠕⠀


⠃⠇⠕⠀⠃⠇⠕⠀⠃⠇⠕




</system-err></testcase></testsuite><testsuite timestamp="2015-12-03T14:23:48.438Z" hostname="localhost" tests="2" errors="0" failures="1" skipped="0" id="d12680e1" name="4582FooterDiffersBetweenFrontmatterbodymatter" package="http://www.daisy.org/ns/pipeline/xproc/internal" time="3.638">
<properties><property name="input: source" value="&lt;_ xmlns=&#34;http://www.daisy.org/z3986/2005/dtbook/&#34; ...&gt;...&lt;/_&gt; (Base URI: file:/Users/bert/src/snaekobbi/src/requirements/src/test/page-layout/test.xprocspec)"/>

<property name="option: stylesheet" value="file:/Users/bert/src/snaekobbi/src/requirements/src/test/page-layout/style.css"/>
<property name="option: transform" value="(formatter:dotify)(translator:sbs)(grade:0)"/>
<property name="option: ascii-table" value="(liblouis-table:&#34;http://www.sbs.ch/pipeline/liblouis/tables/sbs.dis&#34;)"/>
<property name="option: temp-dir" value="file:/Users/bert/src/snaekobbi/src/requirements/target/xprocspec//tmp/xprocspec-20151203152310694/"/>

</properties>
<testcase name="theStepShouldExecuteSuccessfullyWithoutThrowingAnyErrors" classname="css-inline-and-px-transform-type-css" assertions="1" time="0" status="SUCCESS"><system-out>the step should execute successfully without throwing any errors: SUCCESS</system-out>
<system-err/></testcase><testcase name="result" classname="css-inline-and-px-transform-type-css" assertions="1" time="0" status="FAILED"><failure message="result" type="custom"/><system-out>result: FAILED</system-out>
<system-err>Expected:
&lt;pef xmlns="http://www.daisy.org/ns/2008/pef" version="2008-1"&gt;
  &lt;head&gt;
    &lt;meta xmlns:dc="http://purl.org/dc/elements/1.1/" xmlns:dp2="http://www.daisy.org/ns/pipeline"&gt;
      &lt;dc:format&gt;application/x-pef+xml&lt;/dc:format&gt;
      &lt;dp2:ascii-table&gt;(liblouis-table:"http://www.sbs.ch/pipeline/liblouis/tables/sbs.dis")&lt;/dp2:ascii-table&gt;
    &lt;/meta&gt;
  &lt;/head&gt;
  &lt;body&gt;
    &lt;volume cols="28" rows="28" rowgap="0" duplex="false"&gt;
      &lt;section&gt;
        &lt;page&gt;
          &lt;row/&gt;
          &lt;row&gt;⠅⠇⠁⠏⠏⠉⠦⠠⠭⠞⠀⠼⠁&lt;/row&gt;
          &lt;row&gt;⠒⠒⠒⠒⠒⠒⠒⠒⠒⠒⠒⠒⠒&lt;/row&gt;
          &lt;row&gt;⠀⠀⠃⠇⠁⠀⠃⠇⠁⠀⠃⠇⠁⠀⠃⠇⠁⠀⠃⠇⠁⠀⠃⠇⠁&lt;/row&gt;
          &lt;row&gt;⠃⠇⠁⠀⠃⠇⠁⠀⠃⠇⠁⠀⠃⠇⠁⠀⠃⠇⠁⠀⠃⠇⠁⠀⠃⠇⠁&lt;/row&gt;
          &lt;row&gt;⠃⠇⠁⠀⠃⠇⠁&lt;/row&gt;
          &lt;row/&gt;
          &lt;row&gt;⠅⠇⠁⠏⠏⠉⠦⠠⠭⠞⠀⠼⠃&lt;/row&gt;
          &lt;row&gt;⠒⠒⠒⠒⠒⠒⠒⠒⠒⠒⠒⠒⠒&lt;/row&gt;
          &lt;row&gt;⠀⠀⠃⠇⠁⠀⠃⠇⠁⠀⠃⠇⠁⠀⠃⠇⠁⠀⠃⠇⠁⠀⠃⠇⠁&lt;/row&gt;
          &lt;row&gt;⠃⠇⠁⠀⠃⠇⠁⠀⠃⠇⠁⠀⠃⠇⠁⠀⠃⠇⠁⠀⠃⠇⠁⠀⠃⠇⠁&lt;/row&gt;
          &lt;row&gt;⠃⠇⠁⠀⠃⠇⠁&lt;/row&gt;
          &lt;row/&gt;
          &lt;row&gt;⠵⠍⠀⠡⠞⠕⠗&lt;/row&gt;
          &lt;row&gt;⠒⠒⠒⠒⠒⠒⠒&lt;/row&gt;
          &lt;row&gt;⠀⠀⠃⠇⠁⠀⠃⠇⠁⠀⠃⠇⠁⠀⠃⠇⠁⠀⠃⠇⠁⠀⠃⠇⠁&lt;/row&gt;
          &lt;row&gt;⠃⠇⠁⠀⠃⠇⠁⠀⠃⠇⠁⠀⠃⠇⠁⠀⠃⠇⠁⠀⠃⠇⠁⠀⠃⠇⠁&lt;/row&gt;
          &lt;row&gt;⠃⠇⠁⠀⠃⠇⠁&lt;/row&gt;
          &lt;row/&gt;
          &lt;row/&gt;
          &lt;row/&gt;
          &lt;row/&gt;
          &lt;row/&gt;
          &lt;row/&gt;
          &lt;row/&gt;
          &lt;row/&gt;
          &lt;row/&gt;
          &lt;row&gt;⠀⠀⠀⠀⠀⠀⠀⠀⠀⠅⠇⠁⠏⠏⠉⠦⠠⠭⠦&lt;/row&gt;
        &lt;/page&gt;
        &lt;page&gt;
          &lt;row/&gt;
          &lt;row/&gt;
          &lt;row/&gt;
          &lt;row/&gt;
          &lt;row/&gt;
          &lt;row/&gt;
          &lt;row/&gt;
          &lt;row/&gt;
          &lt;row/&gt;
          &lt;row/&gt;
          &lt;row/&gt;
          &lt;row/&gt;
          &lt;row/&gt;
          &lt;row/&gt;
          &lt;row/&gt;
          &lt;row/&gt;
          &lt;row/&gt;
          &lt;row/&gt;
          &lt;row/&gt;
          &lt;row/&gt;
          &lt;row/&gt;
          &lt;row/&gt;
          &lt;row/&gt;
          &lt;row/&gt;
          &lt;row/&gt;
          &lt;row/&gt;
          &lt;row/&gt;
          &lt;row/&gt;
        &lt;/page&gt;
        &lt;page&gt;
          &lt;row/&gt;
          &lt;row&gt;⠀⠀⠀⠀⠀⠀⠀⠀⠃⠇⠁⠀⠃⠇⠁⠀⠃⠇⠁&lt;/row&gt;
          &lt;row&gt;⠀⠀⠀⠀⠀⠀⠀⠀⠤⠤⠤⠤⠤⠤⠤⠤⠤⠤⠤&lt;/row&gt;
          &lt;row/&gt;
          &lt;row&gt;⠀⠀⠃⠇⠕⠀⠃⠇⠕⠀⠃⠇⠕⠀⠃⠇⠕⠀⠃⠇⠕⠀⠃⠇⠕&lt;/row&gt;
          &lt;row&gt;⠃⠇⠕⠀⠃⠇⠕⠀⠃⠇⠕⠀⠃⠇⠕⠀⠃⠇⠕⠀⠃⠇⠕⠀⠃⠇⠕&lt;/row&gt;
          &lt;row&gt;⠃⠇⠕⠀⠃⠇⠕⠀⠃⠇⠕⠀⠃⠇⠕⠀⠃⠇⠕⠀⠃⠇⠕⠀⠃⠇⠕&lt;/row&gt;
          &lt;row&gt;⠃⠇⠕⠀⠃⠇⠕⠀⠃⠇⠕⠀⠃⠇⠕&lt;/row&gt;
          &lt;row&gt;⠀⠀⠃⠇⠕⠀⠃⠇⠕⠀⠃⠇⠕⠀⠃⠇⠕⠀⠃⠇⠕⠀⠃⠇⠕&lt;/row&gt;
          &lt;row&gt;⠃⠇⠕⠀⠃⠇⠕⠀⠃⠇⠕⠀⠃⠇⠕⠀⠃⠇⠕⠀⠃⠇⠕⠀⠃⠇⠕&lt;/row&gt;
          &lt;row&gt;⠃⠇⠕⠀⠃⠇⠕⠀⠃⠇⠕⠀⠃⠇⠕⠀⠃⠇⠕⠀⠃⠇⠕⠀⠃⠇⠕&lt;/row&gt;
          &lt;row&gt;⠃⠇⠕⠀⠃⠇⠕⠀⠃⠇⠕⠀⠃⠇⠕&lt;/row&gt;
          &lt;row&gt;⠀⠀⠃⠇⠕⠀⠃⠇⠕⠀⠃⠇⠕⠀⠃⠇⠕⠀⠃⠇⠕⠀⠃⠇⠕&lt;/row&gt;
          &lt;row&gt;⠃⠇⠕⠀⠃⠇⠕⠀⠃⠇⠕⠀⠃⠇⠕⠀⠃⠇⠕⠀⠃⠇⠕⠀⠃⠇⠕&lt;/row&gt;
          &lt;row&gt;⠃⠇⠕⠀⠃⠇⠕⠀⠃⠇⠕⠀⠃⠇⠕⠀⠃⠇⠕⠀⠃⠇⠕⠀⠃⠇⠕&lt;/row&gt;
          &lt;row&gt;⠃⠇⠕⠀⠃⠇⠕⠀⠃⠇⠕⠀⠃⠇⠕&lt;/row&gt;
          &lt;row&gt;⠀⠀⠃⠇⠕⠀⠃⠇⠕⠀⠃⠇⠕⠀⠃⠇⠕⠀⠃⠇⠕⠀⠃⠇⠕&lt;/row&gt;
          &lt;row&gt;⠃⠇⠕⠀⠃⠇⠕⠀⠃⠇⠕⠀⠃⠇⠕⠀⠃⠇⠕⠀⠃⠇⠕⠀⠃⠇⠕&lt;/row&gt;
          &lt;row&gt;⠃⠇⠕⠀⠃⠇⠕⠀⠃⠇⠕⠀⠃⠇⠕⠀⠃⠇⠕⠀⠃⠇⠕⠀⠃⠇⠕&lt;/row&gt;
          &lt;row&gt;⠃⠇⠕⠀⠃⠇⠕⠀⠃⠇⠕⠀⠃⠇⠕&lt;/row&gt;
          &lt;row&gt;⠀⠀⠃⠇⠕⠀⠃⠇⠕⠀⠃⠇⠕⠀⠃⠇⠕⠀⠃⠇⠕⠀⠃⠇⠕&lt;/row&gt;
          &lt;row&gt;⠃⠇⠕⠀⠃⠇⠕⠀⠃⠇⠕⠀⠃⠇⠕⠀⠃⠇⠕⠀⠃⠇⠕⠀⠃⠇⠕&lt;/row&gt;
          &lt;row&gt;⠃⠇⠕⠀⠃⠇⠕⠀⠃⠇⠕⠀⠃⠇⠕⠀⠃⠇⠕⠀⠃⠇⠕⠀⠃⠇⠕&lt;/row&gt;
          &lt;row&gt;⠃⠇⠕⠀⠃⠇⠕⠀⠃⠇⠕⠀⠃⠇⠕&lt;/row&gt;
          &lt;row&gt;⠀⠀⠃⠇⠕⠀⠃⠇⠕⠀⠃⠇⠕⠀⠃⠇⠕⠀⠃⠇⠕⠀⠃⠇⠕&lt;/row&gt;
          &lt;row&gt;⠃⠇⠕⠀⠃⠇⠕⠀⠃⠇⠕⠀⠃⠇⠕⠀⠃⠇⠕⠀⠃⠇⠕⠀⠃⠇⠕&lt;/row&gt;
          &lt;row&gt;⠃⠇⠕⠀⠃⠇⠕⠀⠃⠇⠕⠀⠃⠇⠕⠀⠃⠇⠕⠀⠃⠇⠕⠀⠃⠇⠕&lt;/row&gt;
          &lt;row&gt;⠸⠼⠊⠀⠀⠀⠀⠀⠀⠃⠇⠁⠀⠃⠇⠁⠀⠃⠇⠁⠀⠀⠀⠀⠀⠀⠼⠁&lt;/row&gt;
        &lt;/page&gt;
        &lt;page&gt;
          &lt;row&gt;⠃⠇⠕⠀⠃⠇⠕⠀⠃⠇⠕⠀⠃⠇⠕&lt;/row&gt;
          &lt;row&gt;⠀⠀⠃⠇⠕⠀⠃⠇⠕⠀⠃⠇⠕⠀⠃⠇⠕⠀⠃⠇⠕⠀⠃⠇⠕&lt;/row&gt;
          &lt;row&gt;⠃⠇⠕⠀⠃⠇⠕⠀⠃⠇⠕⠀⠃⠇⠕⠀⠃⠇⠕⠀⠃⠇⠕⠀⠃⠇⠕&lt;/row&gt;
          &lt;row&gt;⠃⠇⠕⠀⠃⠇⠕⠀⠃⠇⠕⠀⠃⠇⠕⠀⠃⠇⠕⠀⠃⠇⠕⠀⠃⠇⠕&lt;/row&gt;
          &lt;row&gt;⠃⠇⠕⠀⠃⠇⠕⠀⠃⠇⠕⠀⠃⠇⠕&lt;/row&gt;
        &lt;/page&gt;
      &lt;/section&gt;
    &lt;/volume&gt;
  &lt;/body&gt;
&lt;/pef&gt;

Was:



application/x-pef+xml
identifier?
2015-12-03
(liblouis-table:"http://www.sbs.ch/pipeline/liblouis/tables/sbs.dis")





⠅⠇⠁⠏⠏⠉⠦⠠⠭⠞⠀⠼⠁
⠃⠇⠁⠀⠃⠇⠁⠀⠃⠇⠁⠀⠃⠇⠁⠀⠃⠇⠁⠀⠃⠇⠁⠀⠃⠇⠁⠀
⠃⠇⠁⠀⠃⠇⠁⠀⠃⠇⠁⠀⠃⠇⠁⠀⠃⠇⠁⠀⠃⠇⠁⠀⠃⠇⠁⠀
⠃⠇⠁
⠅⠇⠁⠏⠏⠉⠦⠠⠭⠞⠀⠼⠃
⠃⠇⠁⠀⠃⠇⠁⠀⠃⠇⠁⠀⠃⠇⠁⠀⠃⠇⠁⠀⠃⠇⠁⠀⠃⠇⠁⠀
⠃⠇⠁⠀⠃⠇⠁⠀⠃⠇⠁⠀⠃⠇⠁⠀⠃⠇⠁⠀⠃⠇⠁⠀⠃⠇⠁⠀
⠃⠇⠁
⠵⠍⠀⠡⠞⠕⠗
⠃⠇⠁⠀⠃⠇⠁⠀⠃⠇⠁⠀⠃⠇⠁⠀⠃⠇⠁⠀⠃⠇⠁⠀⠃⠇⠁⠀
⠃⠇⠁⠀⠃⠇⠁⠀⠃⠇⠁⠀⠃⠇⠁⠀⠃⠇⠁⠀⠃⠇⠁⠀⠃⠇⠁⠀
⠃⠇⠁
⠼⠊⠀⠃⠇⠁⠀⠃⠇⠁⠀⠃⠇⠁
⠃⠇⠕⠀⠃⠇⠕⠀⠃⠇⠕⠀⠃⠇⠕⠀⠃⠇⠕⠀⠃⠇⠕⠀⠃⠇⠕⠀
⠃⠇⠕⠀⠃⠇⠕⠀⠃⠇⠕⠀⠃⠇⠕⠀⠃⠇⠕⠀⠃⠇⠕⠀⠃⠇⠕⠀
⠃⠇⠕⠀⠃⠇⠕⠀⠃⠇⠕⠀⠃⠇⠕⠀⠃⠇⠕⠀⠃⠇⠕⠀⠃⠇⠕⠀
⠃⠇⠕⠀⠃⠇⠕⠀⠃⠇⠕
⠃⠇⠕⠀⠃⠇⠕⠀⠃⠇⠕⠀⠃⠇⠕⠀⠃⠇⠕⠀⠃⠇⠕⠀⠃⠇⠕⠀
⠃⠇⠕⠀⠃⠇⠕⠀⠃⠇⠕⠀⠃⠇⠕⠀⠃⠇⠕⠀⠃⠇⠕⠀⠃⠇⠕⠀
⠃⠇⠕⠀⠃⠇⠕⠀⠃⠇⠕⠀⠃⠇⠕⠀⠃⠇⠕⠀⠃⠇⠕⠀⠃⠇⠕⠀
⠃⠇⠕⠀⠃⠇⠕⠀⠃⠇⠕
⠃⠇⠕⠀⠃⠇⠕⠀⠃⠇⠕⠀⠃⠇⠕⠀⠃⠇⠕⠀⠃⠇⠕⠀⠃⠇⠕⠀
⠃⠇⠕⠀⠃⠇⠕⠀⠃⠇⠕⠀⠃⠇⠕⠀⠃⠇⠕⠀⠃⠇⠕⠀⠃⠇⠕⠀
⠃⠇⠕⠀⠃⠇⠕⠀⠃⠇⠕⠀⠃⠇⠕⠀⠃⠇⠕⠀⠃⠇⠕⠀⠃⠇⠕⠀
⠃⠇⠕⠀⠃⠇⠕⠀⠃⠇⠕
⠃⠇⠕⠀⠃⠇⠕⠀⠃⠇⠕⠀⠃⠇⠕⠀⠃⠇⠕⠀⠃⠇⠕⠀⠃⠇⠕⠀
⠃⠇⠕⠀⠃⠇⠕⠀⠃⠇⠕⠀⠃⠇⠕⠀⠃⠇⠕⠀⠃⠇⠕⠀⠃⠇⠕⠀
⠃⠇⠕⠀⠃⠇⠕⠀⠃⠇⠕⠀⠃⠇⠕⠀⠃⠇⠕⠀⠃⠇⠕⠀⠃⠇⠕⠀


⠃⠇⠕⠀⠃⠇⠕⠀⠃⠇⠕
⠃⠇⠕⠀⠃⠇⠕⠀⠃⠇⠕⠀⠃⠇⠕⠀⠃⠇⠕⠀⠃⠇⠕⠀⠃⠇⠕⠀
⠃⠇⠕⠀⠃⠇⠕⠀⠃⠇⠕⠀⠃⠇⠕⠀⠃⠇⠕⠀⠃⠇⠕⠀⠃⠇⠕⠀
⠃⠇⠕⠀⠃⠇⠕⠀⠃⠇⠕⠀⠃⠇⠕⠀⠃⠇⠕⠀⠃⠇⠕⠀⠃⠇⠕⠀
⠃⠇⠕⠀⠃⠇⠕⠀⠃⠇⠕
⠃⠇⠕⠀⠃⠇⠕⠀⠃⠇⠕⠀⠃⠇⠕⠀⠃⠇⠕⠀⠃⠇⠕⠀⠃⠇⠕⠀
⠃⠇⠕⠀⠃⠇⠕⠀⠃⠇⠕⠀⠃⠇⠕⠀⠃⠇⠕⠀⠃⠇⠕⠀⠃⠇⠕⠀
⠃⠇⠕⠀⠃⠇⠕⠀⠃⠇⠕⠀⠃⠇⠕⠀⠃⠇⠕⠀⠃⠇⠕⠀⠃⠇⠕⠀
⠃⠇⠕⠀⠃⠇⠕⠀⠃⠇⠕
⠃⠇⠕⠀⠃⠇⠕⠀⠃⠇⠕⠀⠃⠇⠕⠀⠃⠇⠕⠀⠃⠇⠕⠀⠃⠇⠕⠀
⠃⠇⠕⠀⠃⠇⠕⠀⠃⠇⠕⠀⠃⠇⠕⠀⠃⠇⠕⠀⠃⠇⠕⠀⠃⠇⠕⠀
⠃⠇⠕⠀⠃⠇⠕⠀⠃⠇⠕⠀⠃⠇⠕⠀⠃⠇⠕⠀⠃⠇⠕⠀⠃⠇⠕⠀
⠃⠇⠕⠀⠃⠇⠕⠀⠃⠇⠕




</system-err></testcase></testsuite><testsuite timestamp="2015-12-03T14:23:48.444Z" hostname="localhost" tests="2" errors="0" failures="1" skipped="0" id="d12687e1" name="4581BraillePageNumberInFooter4583TextFlowsInFooter+MinimumDistanceToPageNumber" package="http://www.daisy.org/ns/pipeline/xproc/internal" time="3.535">
<properties><property name="input: source" value="&lt;_ xmlns=&#34;http://www.daisy.org/z3986/2005/dtbook/&#34; ...&gt;...&lt;/_&gt; (Base URI: file:/Users/bert/src/snaekobbi/src/requirements/src/test/page-layout/test.xprocspec)"/>

<property name="option: stylesheet" value="file:/Users/bert/src/snaekobbi/src/requirements/src/test/page-layout/style.css"/>
<property name="option: transform" value="(formatter:dotify)(translator:sbs)(grade:0)"/>
<property name="option: ascii-table" value="(liblouis-table:&#34;http://www.sbs.ch/pipeline/liblouis/tables/sbs.dis&#34;)"/>
<property name="option: temp-dir" value="file:/Users/bert/src/snaekobbi/src/requirements/target/xprocspec//tmp/xprocspec-20151203152310694/"/>

</properties>
<testcase name="theStepShouldExecuteSuccessfullyWithoutThrowingAnyErrors" classname="css-inline-and-px-transform-type-css" assertions="1" time="0" status="SUCCESS"><system-out>the step should execute successfully without throwing any errors: SUCCESS</system-out>
<system-err/></testcase><testcase name="result" classname="css-inline-and-px-transform-type-css" assertions="1" time="0" status="FAILED"><failure message="result" type="custom"/><system-out>result: FAILED</system-out>
<system-err>Expected:
&lt;pef xmlns="http://www.daisy.org/ns/2008/pef" version="2008-1"&gt;
  &lt;head&gt;
    &lt;meta xmlns:dc="http://purl.org/dc/elements/1.1/" xmlns:dp2="http://www.daisy.org/ns/pipeline"&gt;
      &lt;dc:format&gt;application/x-pef+xml&lt;/dc:format&gt;
      &lt;dp2:ascii-table&gt;(liblouis-table:"http://www.sbs.ch/pipeline/liblouis/tables/sbs.dis")&lt;/dp2:ascii-table&gt;
    &lt;/meta&gt;
  &lt;/head&gt;
  &lt;body&gt;
    &lt;volume cols="28" rows="28" rowgap="0" duplex="false"&gt;
      &lt;section&gt;
        &lt;page&gt;
          &lt;row/&gt;
          &lt;row&gt;⠀⠀⠀⠀⠀⠀⠀⠀⠀⠀⠀⠀⠃⠇⠁&lt;/row&gt;
          &lt;row&gt;⠀⠀⠀⠀⠀⠀⠀⠀⠀⠀⠀⠀⠤⠤⠤&lt;/row&gt;
          &lt;row/&gt;
          &lt;row&gt;⠀⠀⠖⠀⠖⠀⠖⠀⠖⠀⠖⠀⠖⠀⠖⠀⠖⠀⠖⠀⠖⠀⠖⠀⠖⠀⠖&lt;/row&gt;
          &lt;row&gt;⠖⠀⠖⠀⠖⠀⠖⠀⠖⠀⠖⠀⠖⠀⠖⠀⠖⠀⠖⠀⠖⠀⠖⠀⠖⠀⠖&lt;/row&gt;
          &lt;row&gt;⠖⠀⠖⠀⠖⠀⠖⠀⠖⠀⠖⠀⠖⠀⠖⠀⠖⠀⠖⠀⠖⠀⠖⠀⠖⠀⠖&lt;/row&gt;
          &lt;row&gt;⠖⠀⠖⠀⠖⠀⠖⠀⠖⠀⠖⠀⠖⠀⠖⠀⠖⠀⠖⠀⠖⠀⠖⠀⠖⠀⠖&lt;/row&gt;
          &lt;row&gt;⠖⠀⠖⠀⠖⠀⠖⠀⠖⠀⠖⠀⠖⠀⠖⠀⠖⠀⠖⠀⠖⠀⠖⠀⠖⠀⠖&lt;/row&gt;
          &lt;row&gt;⠖⠀⠖⠀⠖⠀⠖⠀⠖⠀⠖⠀⠖⠀⠖⠀⠖⠀⠖⠀⠖⠀⠖⠀⠖⠀⠖&lt;/row&gt;
          &lt;row&gt;⠖⠀⠖⠀⠖⠀⠖⠀⠖⠀⠖⠀⠖⠀⠖⠀⠖⠀⠖⠀⠖⠀⠖⠀⠖⠀⠖&lt;/row&gt;
          &lt;row&gt;⠖⠀⠖⠀⠖⠀⠖⠀⠖⠀⠖⠀⠖⠀⠖⠀⠖⠀⠖⠀⠖⠀⠖⠀⠖⠀⠖&lt;/row&gt;
          &lt;row&gt;⠖⠀⠖⠀⠖⠀⠖⠀⠖⠀⠖⠀⠖⠀⠖⠀⠖⠀⠖⠀⠖⠀⠖⠀⠖⠀⠖&lt;/row&gt;
          &lt;row&gt;⠖⠀⠖⠀⠖⠀⠖⠀⠖⠀⠖⠀⠖⠀⠖⠀⠖⠀⠖⠀⠖⠀⠖⠀⠖⠀⠖&lt;/row&gt;
          &lt;row&gt;⠖⠀⠖⠀⠖⠀⠖⠀⠖⠀⠖⠀⠖⠀⠖⠀⠖⠀⠖⠀⠖⠀⠖⠀⠖⠀⠖&lt;/row&gt;
          &lt;row&gt;⠖⠀⠖⠀⠖⠀⠖⠀⠖⠀⠖⠀⠖⠀⠖⠀⠖⠀⠖⠀⠖⠀⠖⠀⠖⠀⠖&lt;/row&gt;
          &lt;row&gt;⠖⠀⠖⠀⠖⠀⠖⠀⠖⠀⠖⠀⠖⠀⠖⠀⠖⠀⠖⠀⠖⠀⠖⠀⠖⠀⠖&lt;/row&gt;
          &lt;row&gt;⠖⠀⠖⠀⠖⠀⠖⠀⠖⠀⠖⠀⠖⠀⠖⠀⠖⠀⠖⠀⠖⠀⠖⠀⠖⠀⠖&lt;/row&gt;
          &lt;row&gt;⠖⠀⠖⠀⠖⠀⠖⠀⠖⠀⠖⠀⠖⠀⠖⠀⠖⠀⠖⠀⠖⠀⠖⠀⠖⠀⠖&lt;/row&gt;
          &lt;row&gt;⠖⠀⠖⠀⠖⠀⠖⠀⠖⠀⠖⠀⠖⠀⠖⠀⠖⠀⠖⠀⠖⠀⠖⠀⠖⠀⠖&lt;/row&gt;
          &lt;row&gt;⠖⠀⠖⠀⠖⠀⠖⠀⠖⠀⠖⠀⠖⠀⠖⠀⠖⠀⠖⠀⠖⠀⠖⠀⠖⠀⠖&lt;/row&gt;
          &lt;row&gt;⠖⠀⠖⠀⠖⠀⠖⠀⠖⠀⠖⠀⠖⠀⠖⠀⠖⠀⠖⠀⠖⠀⠖⠀⠖⠀⠖&lt;/row&gt;
          &lt;row&gt;⠖⠀⠖⠀⠖⠀⠖⠀⠖⠀⠖⠀⠖⠀⠖⠀⠖⠀⠖⠀⠖⠀⠖⠀⠖⠀⠖&lt;/row&gt;
          &lt;row&gt;⠖⠀⠖⠀⠖⠀⠖⠀⠖⠀⠖⠀⠖⠀⠖⠀⠖⠀⠖⠀⠖⠀⠖⠀⠖⠀⠖&lt;/row&gt;
          &lt;row&gt;⠖⠀⠖⠀⠖⠀⠖⠀⠖⠀⠖⠀⠖⠀⠖⠀⠖⠀⠖⠀⠖⠀⠖⠀⠖⠀⠖&lt;/row&gt;
          &lt;row&gt;⠖⠀⠖⠀⠖⠀⠖⠀⠖⠀⠖⠀⠖⠀⠖⠀⠖⠀⠖⠀⠖⠀⠖⠀⠖⠀⠖&lt;/row&gt;
          &lt;row&gt;⠖⠀⠖⠀⠖⠀⠖⠀⠖⠀⠖⠀⠖⠀⠖⠀⠖⠀⠖⠀⠖⠀⠖⠀⠖⠀⠖&lt;/row&gt;
          &lt;row&gt;⠖⠀⠖⠀⠖⠀⠖⠀⠖⠀⠖⠀⠖⠀⠖⠀⠖⠀⠖⠀⠀⠀⠀⠀⠀⠀⠼⠁&lt;/row&gt;
        &lt;/page&gt;
        &lt;page&gt;
          &lt;row&gt;⠖⠀⠖⠀⠖⠀⠖⠀⠖⠀⠖⠀⠖⠀⠖⠀⠖⠀⠖⠀⠖⠀⠖⠀⠖⠀⠖&lt;/row&gt;
          &lt;row&gt;⠖⠀⠖⠀⠖⠀⠖⠀⠖⠀⠖⠀⠖⠀⠖⠀⠖⠀⠖⠀⠖⠀⠖⠀⠖⠀⠖&lt;/row&gt;
          &lt;row&gt;⠖⠀⠖⠀⠖⠀⠖⠀⠖⠀⠖⠀⠖⠀⠖⠀⠖⠀⠖⠀⠖⠀⠖⠀⠖⠀⠖&lt;/row&gt;
          &lt;row&gt;⠖⠀⠖⠀⠖⠀⠖⠀⠖⠀⠖⠀⠖⠀⠖⠀⠖⠀⠖⠀⠖⠀⠖⠀⠖⠀⠖&lt;/row&gt;
          &lt;row&gt;⠖⠀⠖⠀⠖⠀⠖⠀⠖⠀⠖⠀⠖⠀⠖⠀⠖⠀⠖⠀⠖⠀⠖⠀⠖⠀⠖&lt;/row&gt;
          &lt;row&gt;⠖⠀⠖⠀⠖⠀⠖⠀⠖⠀⠖⠀⠖⠀⠖⠀⠖⠀⠖⠀⠖⠀⠖⠀⠖⠀⠖&lt;/row&gt;
          &lt;row&gt;⠖⠀⠖⠀⠖⠀⠖⠀⠖⠀⠖⠀⠖⠀⠖⠀⠖⠀⠖⠀⠖⠀⠖⠀⠖⠀⠖&lt;/row&gt;
          &lt;row&gt;⠖⠀⠖⠀⠖⠀⠖⠀⠖⠀⠖⠀⠖⠀⠖⠀⠖⠀⠖⠀⠖⠀⠖⠀⠖⠀⠖&lt;/row&gt;
          &lt;row&gt;⠖⠀⠖⠀⠖⠀⠖⠀⠖⠀⠖⠀⠖⠀⠖⠀⠖⠀⠖⠀⠖⠀⠖⠀⠖⠀⠖&lt;/row&gt;
          &lt;row&gt;⠖⠀⠖⠀⠖⠀⠖⠀⠖⠀⠖⠀⠖⠀⠖⠀⠖⠀⠖⠀⠖⠀⠖⠀⠖⠀⠖&lt;/row&gt;
          &lt;row&gt;⠖⠀⠖⠀⠖⠀⠖⠀⠖⠀⠖⠀⠖⠀⠖⠀⠖⠀⠖⠀⠖⠀⠖⠀⠖⠀⠖&lt;/row&gt;
          &lt;row&gt;⠖⠀⠖⠀⠖⠀⠖⠀⠖⠀⠖⠀⠖⠀⠖⠀⠖⠀⠖⠀⠖⠀⠖⠀⠖⠀⠖&lt;/row&gt;
          &lt;row&gt;⠖⠀⠖⠀⠖⠀⠖⠀⠖⠀⠖⠀⠖⠀⠖⠀⠖⠀⠖⠀⠖⠀⠖⠀⠖⠀⠖&lt;/row&gt;
          &lt;row&gt;⠖⠀⠖⠀⠖⠀⠖⠀⠖⠀⠖⠀⠖⠀⠖⠀⠖⠀⠖⠀⠖⠀⠖⠀⠖⠀⠖&lt;/row&gt;
          &lt;row&gt;⠖⠀⠖⠀⠖⠀⠖⠀⠖⠀⠖⠀⠖⠀⠖⠀⠖⠀⠖⠀⠖⠀⠖⠀⠖⠀⠖&lt;/row&gt;
          &lt;row&gt;⠖⠀⠖⠀⠖⠀⠖⠀⠖&lt;/row&gt;
        &lt;/page&gt;
      &lt;/section&gt;
    &lt;/volume&gt;
  &lt;/body&gt;
&lt;/pef&gt;

Was:



application/x-pef+xml
identifier?
2015-12-03
(liblouis-table:"http://www.sbs.ch/pipeline/liblouis/tables/sbs.dis")





⠃⠇⠁
⠖⠀⠖⠀⠖⠀⠖⠀⠖⠀⠖⠀⠖⠀⠖⠀⠖⠀⠖⠀⠖⠀⠖⠀⠖⠀⠖⠀
⠖⠀⠖⠀⠖⠀⠖⠀⠖⠀⠖⠀⠖⠀⠖⠀⠖⠀⠖⠀⠖⠀⠖⠀⠖⠀⠖⠀
⠖⠀⠖⠀⠖⠀⠖⠀⠖⠀⠖⠀⠖⠀⠖⠀⠖⠀⠖⠀⠖⠀⠖⠀⠖⠀⠖⠀
⠖⠀⠖⠀⠖⠀⠖⠀⠖⠀⠖⠀⠖⠀⠖⠀⠖⠀⠖⠀⠖⠀⠖⠀⠖⠀⠖⠀
⠖⠀⠖⠀⠖⠀⠖⠀⠖⠀⠖⠀⠖⠀⠖⠀⠖⠀⠖⠀⠖⠀⠖⠀⠖⠀⠖⠀
⠖⠀⠖⠀⠖⠀⠖⠀⠖⠀⠖⠀⠖⠀⠖⠀⠖⠀⠖⠀⠖⠀⠖⠀⠖⠀⠖⠀
⠖⠀⠖⠀⠖⠀⠖⠀⠖⠀⠖⠀⠖⠀⠖⠀⠖⠀⠖⠀⠖⠀⠖⠀⠖⠀⠖⠀
⠖⠀⠖⠀⠖⠀⠖⠀⠖⠀⠖⠀⠖⠀⠖⠀⠖⠀⠖⠀⠖⠀⠖⠀⠖⠀⠖⠀
⠖⠀⠖⠀⠖⠀⠖⠀⠖⠀⠖⠀⠖⠀⠖⠀⠖⠀⠖⠀⠖⠀⠖⠀⠖⠀⠖⠀
⠖⠀⠖⠀⠖⠀⠖⠀⠖⠀⠖⠀⠖⠀⠖⠀⠖⠀⠖⠀⠖⠀⠖⠀⠖⠀⠖⠀
⠖⠀⠖⠀⠖⠀⠖⠀⠖⠀⠖⠀⠖⠀⠖⠀⠖⠀⠖⠀⠖⠀⠖⠀⠖⠀⠖⠀
⠖⠀⠖⠀⠖⠀⠖⠀⠖⠀⠖⠀⠖⠀⠖⠀⠖⠀⠖⠀⠖⠀⠖⠀⠖⠀⠖⠀
⠖⠀⠖⠀⠖⠀⠖⠀⠖⠀⠖⠀⠖⠀⠖⠀⠖⠀⠖⠀⠖⠀⠖⠀⠖⠀⠖⠀
⠖⠀⠖⠀⠖⠀⠖⠀⠖⠀⠖⠀⠖⠀⠖⠀⠖⠀⠖⠀⠖⠀⠖⠀⠖⠀⠖⠀
⠖⠀⠖⠀⠖⠀⠖⠀⠖⠀⠖⠀⠖⠀⠖⠀⠖⠀⠖⠀⠖⠀⠖⠀⠖⠀⠖⠀
⠖⠀⠖⠀⠖⠀⠖⠀⠖⠀⠖⠀⠖⠀⠖⠀⠖⠀⠖⠀⠖⠀⠖⠀⠖⠀⠖⠀
⠖⠀⠖⠀⠖⠀⠖⠀⠖⠀⠖⠀⠖⠀⠖⠀⠖⠀⠖⠀⠖⠀⠖⠀⠖⠀⠖⠀
⠖⠀⠖⠀⠖⠀⠖⠀⠖⠀⠖⠀⠖⠀⠖⠀⠖⠀⠖⠀⠖⠀⠖⠀⠖⠀⠖⠀
⠖⠀⠖⠀⠖⠀⠖⠀⠖⠀⠖⠀⠖⠀⠖⠀⠖⠀⠖⠀⠖⠀⠖⠀⠖⠀⠖⠀
⠖⠀⠖⠀⠖⠀⠖⠀⠖⠀⠖⠀⠖⠀⠖⠀⠖⠀⠖⠀⠖⠀⠖⠀⠖⠀⠖⠀
⠖⠀⠖⠀⠖⠀⠖⠀⠖⠀⠖⠀⠖⠀⠖⠀⠖⠀⠖⠀⠖⠀⠖⠀⠖⠀⠖⠀
⠖⠀⠖⠀⠖⠀⠖⠀⠖⠀⠖⠀⠖⠀⠖⠀⠖⠀⠖⠀⠖⠀⠖⠀⠖⠀⠖⠀
⠖⠀⠖⠀⠖⠀⠖⠀⠖⠀⠖⠀⠖⠀⠖⠀⠖⠀⠖⠀⠖⠀⠖⠀⠖⠀⠖⠀
⠖⠀⠖⠀⠖⠀⠖⠀⠖⠀⠖⠀⠖⠀⠖⠀⠖⠀⠖⠀⠖⠀⠖⠀⠖⠀⠖⠀
⠖⠀⠖⠀⠖⠀⠖⠀⠖⠀⠖⠀⠖⠀⠖⠀⠖⠀⠖⠀⠖⠀⠖⠀⠖⠀⠖⠀
⠖⠀⠖⠀⠖⠀⠖⠀⠖⠀⠖⠀⠖⠀⠖⠀⠖⠀⠖⠀⠖⠀⠖⠀⠖⠀⠖⠀
⠖⠀⠖⠀⠖⠀⠖⠀⠖⠀⠖⠀⠖⠀⠖⠀⠖⠀⠖⠀⠖⠀⠖⠀⠖⠀⠖⠀


⠖⠀⠖⠀⠖⠀⠖⠀⠖⠀⠖⠀⠖⠀⠖⠀⠖⠀⠖⠀⠖⠀⠖⠀⠖⠀⠖⠀
⠖⠀⠖⠀⠖⠀⠖⠀⠖⠀⠖⠀⠖⠀⠖⠀⠖⠀⠖⠀⠖⠀⠖⠀⠖⠀⠖⠀
⠖⠀⠖⠀⠖⠀⠖⠀⠖⠀⠖⠀⠖⠀⠖⠀⠖⠀⠖⠀⠖⠀⠖⠀⠖⠀⠖⠀
⠖⠀⠖⠀⠖⠀⠖⠀⠖⠀⠖⠀⠖⠀⠖⠀⠖⠀⠖⠀⠖⠀⠖⠀⠖⠀⠖⠀
⠖⠀⠖⠀⠖⠀⠖⠀⠖⠀⠖⠀⠖⠀⠖⠀⠖⠀⠖⠀⠖⠀⠖⠀⠖⠀⠖⠀
⠖⠀⠖⠀⠖⠀⠖⠀⠖⠀⠖⠀⠖⠀⠖⠀⠖⠀⠖⠀⠖⠀⠖⠀⠖⠀⠖⠀
⠖⠀⠖⠀⠖⠀⠖⠀⠖⠀⠖⠀⠖⠀⠖⠀⠖⠀⠖⠀⠖⠀⠖⠀⠖⠀⠖⠀
⠖⠀⠖⠀⠖⠀⠖⠀⠖⠀⠖⠀⠖⠀⠖⠀⠖⠀⠖⠀⠖⠀⠖⠀⠖⠀⠖⠀
⠖⠀⠖⠀⠖⠀⠖⠀⠖⠀⠖⠀⠖⠀⠖⠀⠖⠀⠖⠀⠖⠀⠖⠀⠖⠀⠖⠀
⠖⠀⠖⠀⠖⠀⠖⠀⠖⠀⠖⠀⠖⠀⠖⠀⠖⠀⠖⠀⠖⠀⠖⠀⠖⠀⠖⠀
⠖⠀⠖⠀⠖⠀⠖⠀⠖⠀⠖⠀⠖⠀⠖⠀⠖⠀⠖⠀⠖⠀⠖⠀⠖⠀⠖⠀
⠖⠀⠖⠀⠖⠀⠖⠀⠖⠀⠖⠀⠖⠀⠖⠀⠖⠀⠖⠀⠖⠀⠖⠀⠖⠀⠖




</system-err></testcase></testsuite></testsuites>