<?xml version="1.0" encoding="UTF-8" standalone="no"?><testsuites tests="2" failures="0" time="1.068" errors="0" name="test"><testsuite timestamp="2015-09-15T09:36:00.193Z" hostname="localhost" tests="2" errors="0" failures="0" skipped="0" id="d1562e1" name="TopRightBottomAndLeftBordersAndPadding" package="http://www.daisy.org/ns/pipeline/xproc/internal" time="0.34">
<properties><property name="input: source" value="&lt;doc xmlns=&#34;&#34; ...&gt;...&lt;/doc&gt; (Base URI: file:/Users/bert/src/snaekobbi/src/requirements/src/test/borders/test.xprocspec)"/>

<property name="option: stylesheet" value="file:/Users/bert/src/snaekobbi/src/requirements/src/test/borders/style.css"/>
<property name="option: transform" value="(formatter:dotify)(translator:bypass)"/>
<property name="option: temp-dir" value="file:/Users/bert/src/snaekobbi/src/requirements/target/xprocspec//tmp/xprocspec-20150915113559385/"/>

</properties>
<testcase name="theStepShouldExecuteSuccessfullyWithoutThrowingAnyErrors" classname="css-inline-and-px-transform-type-css" assertions="1" time="0" status="SUCCESS"><system-out>the step should execute successfully without throwing any errors: SUCCESS</system-out>
<system-err/></testcase><testcase name="result" classname="css-inline-and-px-transform-type-css" assertions="1" time="0" status="SUCCESS"><system-out>result: SUCCESS</system-out>
<system-err/></testcase></testsuite></testsuites>