<?xml version="1.0" encoding="UTF-8"?>
<testsuite xmlns:test="http://www.jenitennison.com/xslt/unit-test"
           xmlns:x="http://www.jenitennison.com/xslt/xspec"
           xmlns:xs="http://www.w3.org/2001/XMLSchema"
           name="xslt.swedish_test"
           errors="0"
           failures="1"
           skipped="count(//x:test[@pending='true'])"
           time="1.947">
   <testcase classname="xslt.swedish_test"
             name="Swedish uncontracted using Dotify expect"/>
   <testcase classname="xslt.swedish_test"
             name="Swedish uncontracted using liblouis expect">
      <failure type="Expectation Error" xml:space="preserve">Expected:

&lt;expect xmlns:css="http://www.daisy.org/ns/pipeline/braille-css"
         xmlns:pf="http://www.daisy.org/ns/pipeline/functions"
         xmlns:dotify="http://code.google.com/p/dotify/"
         xmlns:pkg="http://expath.org/ns/pkg"
         xmlns:impl="urn:x-xspec:compile:xslt:impl"&gt;⠼⠃⠚⠚⠊&lt;/expect&gt;&lt;expect xmlns:css="http://www.daisy.org/ns/pipeline/braille-css"
         xmlns:pf="http://www.daisy.org/ns/pipeline/functions"
         xmlns:dotify="http://code.google.com/p/dotify/"
         xmlns:pkg="http://expath.org/ns/pkg"
         xmlns:impl="urn:x-xspec:compile:xslt:impl"&gt;⠠⠓⠕⠝⠀⠅⠪⠏⠞⠑⠀⠎⠍⠪⠗⠂⠀⠞⠑⠀⠕⠉⠓⠀⠕⠎⠞⠄&lt;/expect&gt;&lt;expect xmlns:css="http://www.daisy.org/ns/pipeline/braille-css"
         xmlns:pf="http://www.daisy.org/ns/pipeline/functions"
         xmlns:dotify="http://code.google.com/p/dotify/"
         xmlns:pkg="http://expath.org/ns/pkg"
         xmlns:impl="urn:x-xspec:compile:xslt:impl"&gt;⠠⠅⠕⠍⠍⠑⠗⠀⠙⠥⠢&lt;/expect&gt;&lt;expect xmlns:css="http://www.daisy.org/ns/pipeline/braille-css"
         xmlns:pf="http://www.daisy.org/ns/pipeline/functions"
         xmlns:dotify="http://code.google.com/p/dotify/"
         xmlns:pkg="http://expath.org/ns/pkg"
         xmlns:impl="urn:x-xspec:compile:xslt:impl"&gt;⠠⠓⠪⠗⠀⠥⠏⠏⠖&lt;/expect&gt;&lt;expect xmlns:css="http://www.daisy.org/ns/pipeline/braille-css"
         xmlns:pf="http://www.daisy.org/ns/pipeline/functions"
         xmlns:dotify="http://code.google.com/p/dotify/"
         xmlns:pkg="http://expath.org/ns/pkg"
         xmlns:impl="urn:x-xspec:compile:xslt:impl"&gt;⠠⠓⠕⠝⠀⠎⠁⠒⠀⠠⠠⠙⠝⠒⠎⠀⠗⠑⠙⠁⠅⠞⠊⠕⠝⠀⠜⠗⠀⠎⠞⠕⠗⠄&lt;/expect&gt;&lt;expect xmlns:css="http://www.daisy.org/ns/pipeline/braille-css"
         xmlns:pf="http://www.daisy.org/ns/pipeline/functions"
         xmlns:dotify="http://code.google.com/p/dotify/"
         xmlns:pkg="http://expath.org/ns/pkg"
         xmlns:impl="urn:x-xspec:compile:xslt:impl"&gt;⠠⠎⠅⠊⠇⠇⠝⠁⠙⠑⠝⠀⠍⠑⠇⠇⠁⠝⠀⠁⠗⠃⠑⠞⠎⠤⠀⠕⠉⠓⠀⠧⠊⠇⠕⠙⠁⠛⠁⠗⠀⠃⠇⠑⠧⠀⠍⠊⠝⠙⠗⠑⠀⠎⠅⠁⠗⠏⠆⠀⠓⠕⠝⠀⠅⠥⠝⠙⠑⠀⠞⠊⠇⠇⠡⠞⠁⠀⠎⠊⠛⠀⠧⠊⠇⠕⠙⠁⠛⠁⠗⠀⠍⠊⠞⠞⠀⠊⠀⠧⠑⠉⠅⠁⠝⠄&lt;/expect&gt;&lt;expect xmlns:css="http://www.daisy.org/ns/pipeline/braille-css"
         xmlns:pf="http://www.daisy.org/ns/pipeline/functions"
         xmlns:dotify="http://code.google.com/p/dotify/"
         xmlns:pkg="http://expath.org/ns/pkg"
         xmlns:impl="urn:x-xspec:compile:xslt:impl"&gt;⠠⠍⠌⠠⠎⠀⠠⠅⠗⠕⠝⠁⠝&lt;/expect&gt;&lt;expect xmlns:css="http://www.daisy.org/ns/pipeline/braille-css"
         xmlns:pf="http://www.daisy.org/ns/pipeline/functions"
         xmlns:dotify="http://code.google.com/p/dotify/"
         xmlns:pkg="http://expath.org/ns/pkg"
         xmlns:impl="urn:x-xspec:compile:xslt:impl"&gt;⠼⠚⠂⠑⠑⠀⠇⠊⠞⠑⠗⠌⠍⠊⠇&lt;/expect&gt;&lt;expect xmlns:css="http://www.daisy.org/ns/pipeline/braille-css"
         xmlns:pf="http://www.daisy.org/ns/pipeline/functions"
         xmlns:dotify="http://code.google.com/p/dotify/"
         xmlns:pkg="http://expath.org/ns/pkg"
         xmlns:impl="urn:x-xspec:compile:xslt:impl"&gt;⠍⠡⠝⠁⠙⠎⠎⠅⠊⠋⠞⠑⠞⠀⠁⠏⠗⠊⠇⠌⠍⠁⠚&lt;/expect&gt;&lt;expect xmlns:css="http://www.daisy.org/ns/pipeline/braille-css"
         xmlns:pf="http://www.daisy.org/ns/pipeline/functions"
         xmlns:dotify="http://code.google.com/p/dotify/"
         xmlns:pkg="http://expath.org/ns/pkg"
         xmlns:impl="urn:x-xspec:compile:xslt:impl"&gt;⠰⠠⠧⠊⠇⠇⠀⠙⠥⠀⠇⠑⠅⠁⠢⠰&lt;/expect&gt;&lt;expect xmlns:css="http://www.daisy.org/ns/pipeline/braille-css"
         xmlns:pf="http://www.daisy.org/ns/pipeline/functions"
         xmlns:dotify="http://code.google.com/p/dotify/"
         xmlns:pkg="http://expath.org/ns/pkg"
         xmlns:impl="urn:x-xspec:compile:xslt:impl"&gt;⠠⠙⠑⠞⠀⠧⠁⠗⠀⠠⠊⠗⠊⠎⠐⠀⠃⠇⠕⠍⠍⠕⠗⠄&lt;/expect&gt;&lt;expect xmlns:css="http://www.daisy.org/ns/pipeline/braille-css"
         xmlns:pf="http://www.daisy.org/ns/pipeline/functions"
         xmlns:dotify="http://code.google.com/p/dotify/"
         xmlns:pkg="http://expath.org/ns/pkg"
         xmlns:impl="urn:x-xspec:compile:xslt:impl"&gt;⠰⠠⠧⠁⠙⠀⠃⠑⠞⠽⠙⠑⠗⠀⠐⠁⠃⠎⠞⠗⠥⠎⠐⠢⠰⠀⠋⠗⠡⠛⠁⠙⠑⠀⠓⠁⠝⠄&lt;/expect&gt;&lt;expect xmlns:css="http://www.daisy.org/ns/pipeline/braille-css"
         xmlns:pf="http://www.daisy.org/ns/pipeline/functions"
         xmlns:dotify="http://code.google.com/p/dotify/"
         xmlns:pkg="http://expath.org/ns/pkg"
         xmlns:impl="urn:x-xspec:compile:xslt:impl"&gt;⠠⠁⠝⠝⠑⠤⠠⠍⠁⠗⠊⠑⠀⠓⠁⠗⠀⠛⠥⠇⠤⠀⠕⠉⠓⠀⠧⠊⠞⠗⠁⠝⠙⠊⠛⠀⠅⠚⠕⠇⠄&lt;/expect&gt;&lt;expect xmlns:css="http://www.daisy.org/ns/pipeline/braille-css"
         xmlns:pf="http://www.daisy.org/ns/pipeline/functions"
         xmlns:dotify="http://code.google.com/p/dotify/"
         xmlns:pkg="http://expath.org/ns/pkg"
         xmlns:impl="urn:x-xspec:compile:xslt:impl"&gt;⠠⠑⠞⠞⠀⠋⠑⠃⠗⠊⠇⠞⠀⠎⠽⠎⠎⠇⠁⠝⠙⠑⠀⠍⠑⠙⠀⠤⠀⠊⠝⠛⠑⠝⠞⠊⠝⠛⠀⠁⠇⠇⠎⠄&lt;/expect&gt;&lt;expect xmlns:css="http://www.daisy.org/ns/pipeline/braille-css"
         xmlns:pf="http://www.daisy.org/ns/pipeline/functions"
         xmlns:dotify="http://code.google.com/p/dotify/"
         xmlns:pkg="http://expath.org/ns/pkg"
         xmlns:impl="urn:x-xspec:compile:xslt:impl"&gt;⠤⠀⠠⠧⠁⠙⠀⠓⠑⠞⠑⠗⠀⠓⠥⠝⠙⠑⠝⠢&lt;/expect&gt;&lt;expect xmlns:css="http://www.daisy.org/ns/pipeline/braille-css"
         xmlns:pf="http://www.daisy.org/ns/pipeline/functions"
         xmlns:dotify="http://code.google.com/p/dotify/"
         xmlns:pkg="http://expath.org/ns/pkg"
         xmlns:impl="urn:x-xspec:compile:xslt:impl"&gt;⠠⠓⠁⠝⠀⠞⠕⠛⠀⠞⠡⠛⠑⠞⠀⠠⠎⠞⠕⠉⠅⠓⠕⠇⠍⠤⠠⠛⠪⠞⠑⠃⠕⠗⠛⠄&lt;/expect&gt;&lt;expect xmlns:css="http://www.daisy.org/ns/pipeline/braille-css"
         xmlns:pf="http://www.daisy.org/ns/pipeline/functions"
         xmlns:dotify="http://code.google.com/p/dotify/"
         xmlns:pkg="http://expath.org/ns/pkg"
         xmlns:impl="urn:x-xspec:compile:xslt:impl"&gt;⠠⠎⠽⠝⠎⠅⠁⠙⠁⠙⠑⠎⠀⠠⠗⠊⠅⠎⠋⠪⠗⠃⠥⠝⠙⠀⠦⠠⠠⠎⠗⠋⠴&lt;/expect&gt;&lt;expect xmlns:css="http://www.daisy.org/ns/pipeline/braille-css"
         xmlns:pf="http://www.daisy.org/ns/pipeline/functions"
         xmlns:dotify="http://code.google.com/p/dotify/"
         xmlns:pkg="http://expath.org/ns/pkg"
         xmlns:impl="urn:x-xspec:compile:xslt:impl"&gt;⠠⠗⠁⠏⠏⠕⠗⠞⠑⠗⠀⠁⠴⠀⠋⠗⠡⠝⠀⠋⠪⠗⠃⠥⠝⠙⠎⠍⠪⠞⠑⠞⠀⠃⠴⠀⠅⠁⠎⠎⠁⠜⠗⠑⠝⠙⠑⠝&lt;/expect&gt;&lt;expect xmlns:css="http://www.daisy.org/ns/pipeline/braille-css"
         xmlns:pf="http://www.daisy.org/ns/pipeline/functions"
         xmlns:dotify="http://code.google.com/p/dotify/"
         xmlns:pkg="http://expath.org/ns/pkg"
         xmlns:impl="urn:x-xspec:compile:xslt:impl"&gt;⠠⠅⠗⠁⠧⠑⠞⠀⠓⠁⠗⠀⠎⠞⠜⠇⠇⠞⠎⠀⠋⠗⠡⠝⠀⠕⠇⠊⠅⠁⠀⠛⠗⠥⠏⠏⠑⠗⠀⠦⠃⠇⠄⠁⠄⠀⠷⠓⠪⠛⠎⠅⠕⠇⠑⠾⠎⠞⠥⠙⠑⠗⠁⠝⠙⠑⠀⠕⠉⠓⠀⠙⠑⠇⠞⠊⠙⠎⠁⠗⠃⠑⠞⠁⠝⠙⠑⠴⠀⠍⠑⠝⠀⠙⠑⠞⠀⠓⠁⠗⠀⠁⠇⠇⠞⠊⠙⠀⠁⠧⠧⠊⠎⠁⠞⠎⠄&lt;/expect&gt;&lt;expect xmlns:css="http://www.daisy.org/ns/pipeline/braille-css"
         xmlns:pf="http://www.daisy.org/ns/pipeline/functions"
         xmlns:dotify="http://code.google.com/p/dotify/"
         xmlns:pkg="http://expath.org/ns/pkg"
         xmlns:impl="urn:x-xspec:compile:xslt:impl"&gt;⠠⠗⠑⠙⠀⠠⠏⠕⠗⠞⠀⠷⠗⠜⠙⠀⠏⠡⠗⠞⠾&lt;/expect&gt;&lt;expect xmlns:css="http://www.daisy.org/ns/pipeline/braille-css"
         xmlns:pf="http://www.daisy.org/ns/pipeline/functions"
         xmlns:dotify="http://code.google.com/p/dotify/"
         xmlns:pkg="http://expath.org/ns/pkg"
         xmlns:impl="urn:x-xspec:compile:xslt:impl"&gt;⠠⠦⠼⠁⠂⠀⠼⠉⠂⠀⠼⠑⠠⠴⠀⠥⠞⠇⠜⠎⠑⠎⠀⠍⠜⠝⠛⠙⠑⠝⠀⠁⠧⠀⠞⠁⠇⠑⠝⠀⠑⠞⠞⠂⠀⠞⠗⠑⠀⠕⠉⠓⠀⠋⠑⠍⠄&lt;/expect&gt;&lt;expect xmlns:css="http://www.daisy.org/ns/pipeline/braille-css"
         xmlns:pf="http://www.daisy.org/ns/pipeline/functions"
         xmlns:dotify="http://code.google.com/p/dotify/"
         xmlns:pkg="http://expath.org/ns/pkg"
         xmlns:impl="urn:x-xspec:compile:xslt:impl"&gt;⠎⠑⠀⠬⠀⠼⠛⠤⠼⠊&lt;/expect&gt;&lt;expect xmlns:css="http://www.daisy.org/ns/pipeline/braille-css"
         xmlns:pf="http://www.daisy.org/ns/pipeline/functions"
         xmlns:dotify="http://code.google.com/p/dotify/"
         xmlns:pkg="http://expath.org/ns/pkg"
         xmlns:impl="urn:x-xspec:compile:xslt:impl"&gt;⠠⠁⠇⠍⠟⠧⠊⠎⠞⠀⠐⠬⠀⠠⠺⠊⠅⠎⠑⠇⠇&lt;/expect&gt;&lt;expect xmlns:css="http://www.daisy.org/ns/pipeline/braille-css"
         xmlns:pf="http://www.daisy.org/ns/pipeline/functions"
         xmlns:dotify="http://code.google.com/p/dotify/"
         xmlns:pkg="http://expath.org/ns/pkg"
         xmlns:impl="urn:x-xspec:compile:xslt:impl"&gt;⠠⠇⠁⠗⠎⠀⠠⠛⠥⠎⠞⠁⠋⠎⠎⠕⠝⠀⠔⠼⠁⠊⠉⠋&lt;/expect&gt;&lt;expect xmlns:css="http://www.daisy.org/ns/pipeline/braille-css"
         xmlns:pf="http://www.daisy.org/ns/pipeline/functions"
         xmlns:dotify="http://code.google.com/p/dotify/"
         xmlns:pkg="http://expath.org/ns/pkg"
         xmlns:impl="urn:x-xspec:compile:xslt:impl"&gt;⠞⠗⠽⠉⠅⠀⠘⠼⠼⠃⠁⠰⠼&lt;/expect&gt;&lt;expect xmlns:css="http://www.daisy.org/ns/pipeline/braille-css"
         xmlns:pf="http://www.daisy.org/ns/pipeline/functions"
         xmlns:dotify="http://code.google.com/p/dotify/"
         xmlns:pkg="http://expath.org/ns/pkg"
         xmlns:impl="urn:x-xspec:compile:xslt:impl"&gt;⠑⠍⠊⠇⠠⠑⠍⠊⠇⠎⠎⠕⠝⠘⠷⠓⠕⠞⠍⠁⠊⠇⠄⠉⠕⠍&lt;/expect&gt;&lt;expect xmlns:css="http://www.daisy.org/ns/pipeline/braille-css"
         xmlns:pf="http://www.daisy.org/ns/pipeline/functions"
         xmlns:dotify="http://code.google.com/p/dotify/"
         xmlns:pkg="http://expath.org/ns/pkg"
         xmlns:impl="urn:x-xspec:compile:xslt:impl"&gt;⠠⠉⠒⠘⠌⠠⠠⠺⠊⠝⠙⠕⠺⠎⠘⠌⠎⠽⠎⠞⠑⠍⠘⠌⠇⠕⠛⠊⠝⠺⠼⠉⠁⠄⠙⠇⠇&lt;/expect&gt;&lt;expect xmlns:css="http://www.daisy.org/ns/pipeline/braille-css"
         xmlns:pf="http://www.daisy.org/ns/pipeline/functions"
         xmlns:dotify="http://code.google.com/p/dotify/"
         xmlns:pkg="http://expath.org/ns/pkg"
         xmlns:impl="urn:x-xspec:compile:xslt:impl"&gt;⠁⠇⠅⠸⠁&lt;/expect&gt;&lt;expect xmlns:css="http://www.daisy.org/ns/pipeline/braille-css"
         xmlns:pf="http://www.daisy.org/ns/pipeline/functions"
         xmlns:dotify="http://code.google.com/p/dotify/"
         xmlns:pkg="http://expath.org/ns/pkg"
         xmlns:impl="urn:x-xspec:compile:xslt:impl"&gt;⠎⠥⠃⠎⠞⠄⠀⠘⠂⠝⠀⠘⠂⠁⠗&lt;/expect&gt;&lt;expect xmlns:css="http://www.daisy.org/ns/pipeline/braille-css"
         xmlns:pf="http://www.daisy.org/ns/pipeline/functions"
         xmlns:dotify="http://code.google.com/p/dotify/"
         xmlns:pkg="http://expath.org/ns/pkg"
         xmlns:impl="urn:x-xspec:compile:xslt:impl"&gt;⠠⠏⠗⠊⠎⠑⠞⠀⠧⠁⠗⠀⠼⠑⠚⠚⠀⠑⠥⠗⠕⠄&lt;/expect&gt;&lt;expect xmlns:css="http://www.daisy.org/ns/pipeline/braille-css"
         xmlns:pf="http://www.daisy.org/ns/pipeline/functions"
         xmlns:dotify="http://code.google.com/p/dotify/"
         xmlns:pkg="http://expath.org/ns/pkg"
         xmlns:impl="urn:x-xspec:compile:xslt:impl"&gt;⠠⠓⠁⠝⠀⠓⠑⠞⠑⠗⠀⠠⠓⠁⠝⠎⠀⠕⠉⠓⠀⠃⠗⠕⠗⠀⠓⠁⠝⠎⠀⠓⠑⠞⠑⠗⠀⠠⠃⠗⠕⠗⠄&lt;/expect&gt;&lt;expect xmlns:css="http://www.daisy.org/ns/pipeline/braille-css"
         xmlns:pf="http://www.daisy.org/ns/pipeline/functions"
         xmlns:dotify="http://code.google.com/p/dotify/"
         xmlns:pkg="http://expath.org/ns/pkg"
         xmlns:impl="urn:x-xspec:compile:xslt:impl"&gt;⠠⠠⠎⠁⠧&lt;/expect&gt;&lt;expect xmlns:css="http://www.daisy.org/ns/pipeline/braille-css"
         xmlns:pf="http://www.daisy.org/ns/pipeline/functions"
         xmlns:dotify="http://code.google.com/p/dotify/"
         xmlns:pkg="http://expath.org/ns/pkg"
         xmlns:impl="urn:x-xspec:compile:xslt:impl"&gt;⠠⠠⠊⠅⠑⠁⠎⠀⠅⠁⠞⠁⠇⠕⠛&lt;/expect&gt;&lt;expect xmlns:css="http://www.daisy.org/ns/pipeline/braille-css"
         xmlns:pf="http://www.daisy.org/ns/pipeline/functions"
         xmlns:dotify="http://code.google.com/p/dotify/"
         xmlns:pkg="http://expath.org/ns/pkg"
         xmlns:impl="urn:x-xspec:compile:xslt:impl"&gt;⠠⠎⠧⠑⠝⠎⠅⠁⠀⠠⠠⠊⠎⠃⠝⠤⠉⠑⠝⠞⠗⠁⠇⠑⠝&lt;/expect&gt;&lt;expect xmlns:css="http://www.daisy.org/ns/pipeline/braille-css"
         xmlns:pf="http://www.daisy.org/ns/pipeline/functions"
         xmlns:dotify="http://code.google.com/p/dotify/"
         xmlns:pkg="http://expath.org/ns/pkg"
         xmlns:impl="urn:x-xspec:compile:xslt:impl"&gt;⠠⠠⠇⠕⠌⠠⠠⠞⠉⠕⠌⠠⠠⠎⠁⠉⠕⠒⠎⠀⠠⠃⠗⠽⠎⠎⠑⠇⠅⠕⠝⠞⠕⠗&lt;/expect&gt;&lt;expect xmlns:css="http://www.daisy.org/ns/pipeline/braille-css"
         xmlns:pf="http://www.daisy.org/ns/pipeline/functions"
         xmlns:dotify="http://code.google.com/p/dotify/"
         xmlns:pkg="http://expath.org/ns/pkg"
         xmlns:impl="urn:x-xspec:compile:xslt:impl"&gt;⠠⠠⠎⠽⠝⠎⠅⠁⠙⠁⠙⠑⠎⠀⠠⠠⠗⠊⠅⠎⠋⠪⠗⠃⠥⠝⠙&lt;/expect&gt;&lt;expect xmlns:css="http://www.daisy.org/ns/pipeline/braille-css"
         xmlns:pf="http://www.daisy.org/ns/pipeline/functions"
         xmlns:dotify="http://code.google.com/p/dotify/"
         xmlns:pkg="http://expath.org/ns/pkg"
         xmlns:impl="urn:x-xspec:compile:xslt:impl"&gt;⠅⠠⠺⠓⠂⠀⠠⠚⠜⠍⠠⠕&lt;/expect&gt;&lt;expect xmlns:css="http://www.daisy.org/ns/pipeline/braille-css"
         xmlns:pf="http://www.daisy.org/ns/pipeline/functions"
         xmlns:dotify="http://code.google.com/p/dotify/"
         xmlns:pkg="http://expath.org/ns/pkg"
         xmlns:impl="urn:x-xspec:compile:xslt:impl"&gt;⠠⠇⠪⠎⠑⠝⠕⠗⠙⠒⠀⠕⠠⠧⠃⠠⠠⠑⠛⠚&lt;/expect&gt;&lt;expect xmlns:css="http://www.daisy.org/ns/pipeline/braille-css"
         xmlns:pf="http://www.daisy.org/ns/pipeline/functions"
         xmlns:dotify="http://code.google.com/p/dotify/"
         xmlns:pkg="http://expath.org/ns/pkg"
         xmlns:impl="urn:x-xspec:compile:xslt:impl"&gt;⠠⠇⠪⠎⠑⠝⠕⠗⠙⠒⠀⠇⠧⠃⠼⠑⠛⠚&lt;/expect&gt;&lt;expect xmlns:css="http://www.daisy.org/ns/pipeline/braille-css"
         xmlns:pf="http://www.daisy.org/ns/pipeline/functions"
         xmlns:dotify="http://code.google.com/p/dotify/"
         xmlns:pkg="http://expath.org/ns/pkg"
         xmlns:impl="urn:x-xspec:compile:xslt:impl"&gt;⠐⡌⠭⠴⠫⠫⠙⠐⠀⠐⡌⠭⠣⠫⠴⠻⠐⠀⠐⡌⠭⠣⠫⠩⠔⠐⠀⠐⡌⠭⠣⠫⠩⠁⠐⠀⠐⡌⠭⠴⠴⠃⠁⠐&lt;/expect&gt;&lt;expect xmlns:css="http://www.daisy.org/ns/pipeline/braille-css"
         xmlns:pf="http://www.daisy.org/ns/pipeline/functions"
         xmlns:dotify="http://code.google.com/p/dotify/"
         xmlns:pkg="http://expath.org/ns/pkg"
         xmlns:impl="urn:x-xspec:compile:xslt:impl"&gt;⠠⠝⠑⠛⠁⠞⠊⠧⠁⠀⠞⠁⠇⠒⠀⠤⠼⠙⠑⠋⠙⠑&lt;/expect&gt;&lt;expect xmlns:css="http://www.daisy.org/ns/pipeline/braille-css"
         xmlns:pf="http://www.daisy.org/ns/pipeline/functions"
         xmlns:dotify="http://code.google.com/p/dotify/"
         xmlns:pkg="http://expath.org/ns/pkg"
         xmlns:impl="urn:x-xspec:compile:xslt:impl"&gt;⠐⡌⠭⠣⠫⠫⠱⠐&lt;/expect&gt;&lt;expect xmlns:css="http://www.daisy.org/ns/pipeline/braille-css"
         xmlns:pf="http://www.daisy.org/ns/pipeline/functions"
         xmlns:dotify="http://code.google.com/p/dotify/"
         xmlns:pkg="http://expath.org/ns/pkg"
         xmlns:impl="urn:x-xspec:compile:xslt:impl"&gt;⠼⠃⠠⠡⠌⠹⠂⠀⠼⠁⠠⠡⠌⠣⠂⠀⠼⠉⠠⠣⠌⠹&lt;/expect&gt;&lt;expect xmlns:css="http://www.daisy.org/ns/pipeline/braille-css"
         xmlns:pf="http://www.daisy.org/ns/pipeline/functions"
         xmlns:dotify="http://code.google.com/p/dotify/"
         xmlns:pkg="http://expath.org/ns/pkg"
         xmlns:impl="urn:x-xspec:compile:xslt:impl"&gt;⠐⡌⠭⠴⠂⠩⠴⠐&lt;/expect&gt;

But Was:

&lt;expect xmlns:pkg="http://expath.org/ns/pkg"
         xmlns:impl="urn:x-xspec:compile:xslt:impl"&gt;⠼⠃⠚⠚⠊&lt;/expect&gt;&lt;expect xmlns:pkg="http://expath.org/ns/pkg"
         xmlns:impl="urn:x-xspec:compile:xslt:impl"&gt;⠠⠓⠕⠝⠀⠅⠪⠏⠞⠑⠀⠎⠍⠪⠗⠂⠀⠞⠑⠀⠕⠉⠓⠀⠕⠎⠞⠄&lt;/expect&gt;&lt;expect xmlns:pkg="http://expath.org/ns/pkg"
         xmlns:impl="urn:x-xspec:compile:xslt:impl"&gt;⠠⠅⠕⠍⠍⠑⠗⠀⠙⠥⠢&lt;/expect&gt;&lt;expect xmlns:pkg="http://expath.org/ns/pkg"
         xmlns:impl="urn:x-xspec:compile:xslt:impl"&gt;⠠⠓⠪⠗⠀⠥⠏⠏⠖&lt;/expect&gt;&lt;expect xmlns:pkg="http://expath.org/ns/pkg"
         xmlns:impl="urn:x-xspec:compile:xslt:impl"&gt;⠠⠓⠕⠝⠀⠎⠁⠒⠀⠠⠠⠙⠝⠒⠎⠀⠗⠑⠙⠁⠅⠞⠊⠕⠝⠀⠜⠗⠀⠎⠞⠕⠗⠄&lt;/expect&gt;&lt;expect xmlns:pkg="http://expath.org/ns/pkg"
         xmlns:impl="urn:x-xspec:compile:xslt:impl"&gt;⠠⠎⠅⠊⠇⠇⠝⠁⠙⠑⠝⠀⠍⠑⠇⠇⠁⠝⠀⠁⠗⠃⠑⠞⠎⠤⠀⠕⠉⠓⠀⠧⠊⠇⠕⠙⠁⠛⠁⠗⠀⠃⠇⠑⠧⠀⠍⠊⠝⠙⠗⠑⠀⠎⠅⠁⠗⠏⠆⠀⠓⠕⠝⠀⠅⠥⠝⠙⠑⠀⠞⠊⠇⠇⠡⠞⠁⠀⠎⠊⠛⠀⠧⠊⠇⠕⠙⠁⠛⠁⠗⠀⠍⠊⠞⠞⠀⠊⠀⠧⠑⠉⠅⠁⠝⠄&lt;/expect&gt;&lt;expect xmlns:pkg="http://expath.org/ns/pkg"
         xmlns:impl="urn:x-xspec:compile:xslt:impl"&gt;⠠⠍⠌⠠⠎⠀⠠⠅⠗⠕⠝⠁⠝&lt;/expect&gt;&lt;expect xmlns:pkg="http://expath.org/ns/pkg"
         xmlns:impl="urn:x-xspec:compile:xslt:impl"&gt;⠼⠚⠂⠑⠑⠀⠇⠊⠞⠑⠗⠌⠍⠊⠇&lt;/expect&gt;&lt;expect xmlns:pkg="http://expath.org/ns/pkg"
         xmlns:impl="urn:x-xspec:compile:xslt:impl"&gt;⠍⠡⠝⠁⠙⠎⠎⠅⠊⠋⠞⠑⠞⠀⠁⠏⠗⠊⠇⠌⠍⠁⠚&lt;/expect&gt;&lt;expect xmlns:pkg="http://expath.org/ns/pkg"
         xmlns:impl="urn:x-xspec:compile:xslt:impl"&gt;⠰⠠⠧⠊⠇⠇⠀⠙⠥⠀⠇⠑⠅⠁⠢⠰&lt;/expect&gt;&lt;expect xmlns:pkg="http://expath.org/ns/pkg"
         xmlns:impl="urn:x-xspec:compile:xslt:impl"&gt;⠠⠙⠑⠞⠀⠧⠁⠗⠀⠠⠊⠗⠊⠎⠐⠀⠃⠇⠕⠍⠍⠕⠗⠄&lt;/expect&gt;&lt;expect xmlns:pkg="http://expath.org/ns/pkg"
         xmlns:impl="urn:x-xspec:compile:xslt:impl"&gt;⠰⠠⠧⠁⠙⠀⠃⠑⠞⠽⠙⠑⠗⠀⠐⠁⠃⠎⠞⠗⠥⠎⠐⠢⠰⠀⠋⠗⠡⠛⠁⠙⠑⠀⠓⠁⠝⠄&lt;/expect&gt;&lt;expect xmlns:pkg="http://expath.org/ns/pkg"
         xmlns:impl="urn:x-xspec:compile:xslt:impl"&gt;⠠⠁⠝⠝⠑⠤⠠⠍⠁⠗⠊⠑⠀⠓⠁⠗⠀⠛⠥⠇⠤⠀⠕⠉⠓⠀⠧⠊⠞⠗⠁⠝⠙⠊⠛⠀⠅⠚⠕⠇⠄&lt;/expect&gt;&lt;expect xmlns:pkg="http://expath.org/ns/pkg"
         xmlns:impl="urn:x-xspec:compile:xslt:impl"&gt;⠠⠑⠞⠞⠀⠋⠑⠃⠗⠊⠇⠞⠀⠎⠽⠎⠎⠇⠁⠝⠙⠑⠀⠍⠑⠙⠀⠤⠤⠀⠊⠝⠛⠑⠝⠞⠊⠝⠛⠀⠁⠇⠇⠎⠄&lt;/expect&gt;&lt;expect xmlns:pkg="http://expath.org/ns/pkg"
         xmlns:impl="urn:x-xspec:compile:xslt:impl"&gt;⠤⠤⠀⠠⠧⠁⠙⠀⠓⠑⠞⠑⠗⠀⠓⠥⠝⠙⠑⠝⠢&lt;/expect&gt;&lt;expect xmlns:pkg="http://expath.org/ns/pkg"
         xmlns:impl="urn:x-xspec:compile:xslt:impl"&gt;⠠⠓⠁⠝⠀⠞⠕⠛⠀⠞⠡⠛⠑⠞⠀⠠⠎⠞⠕⠉⠅⠓⠕⠇⠍⠤⠤⠠⠛⠪⠞⠑⠃⠕⠗⠛⠄&lt;/expect&gt;&lt;expect xmlns:pkg="http://expath.org/ns/pkg"
         xmlns:impl="urn:x-xspec:compile:xslt:impl"&gt;⠠⠎⠽⠝⠎⠅⠁⠙⠁⠙⠑⠎⠀⠠⠗⠊⠅⠎⠋⠪⠗⠃⠥⠝⠙⠀⠦⠠⠠⠎⠗⠋⠴&lt;/expect&gt;&lt;expect xmlns:pkg="http://expath.org/ns/pkg"
         xmlns:impl="urn:x-xspec:compile:xslt:impl"&gt;⠠⠗⠁⠏⠏⠕⠗⠞⠑⠗⠀⠁⠴⠀⠋⠗⠡⠝⠀⠋⠪⠗⠃⠥⠝⠙⠎⠍⠪⠞⠑⠞⠀⠃⠴⠀⠅⠁⠎⠎⠁⠜⠗⠑⠝⠙⠑⠝&lt;/expect&gt;&lt;expect xmlns:pkg="http://expath.org/ns/pkg"
         xmlns:impl="urn:x-xspec:compile:xslt:impl"&gt;⠠⠅⠗⠁⠧⠑⠞⠀⠓⠁⠗⠀⠎⠞⠜⠇⠇⠞⠎⠀⠋⠗⠡⠝⠀⠕⠇⠊⠅⠁⠀⠛⠗⠥⠏⠏⠑⠗⠀⠦⠃⠇⠄⠁⠄⠀⠷⠓⠪⠛⠎⠅⠕⠇⠑⠾⠎⠞⠥⠙⠑⠗⠁⠝⠙⠑⠀⠕⠉⠓⠀⠙⠑⠇⠞⠊⠙⠎⠁⠗⠃⠑⠞⠁⠝⠙⠑⠴⠀⠍⠑⠝⠀⠙⠑⠞⠀⠓⠁⠗⠀⠁⠇⠇⠞⠊⠙⠀⠁⠧⠧⠊⠎⠁⠞⠎⠄&lt;/expect&gt;&lt;expect xmlns:pkg="http://expath.org/ns/pkg"
         xmlns:impl="urn:x-xspec:compile:xslt:impl"&gt;⠠⠗⠑⠙⠀⠠⠏⠕⠗⠞⠀⠷⠗⠜⠙⠀⠏⠡⠗⠞⠾&lt;/expect&gt;&lt;expect xmlns:pkg="http://expath.org/ns/pkg"
         xmlns:impl="urn:x-xspec:compile:xslt:impl"&gt;⠠⠷⠼⠁⠂⠀⠼⠉⠂⠀⠼⠑⠠⠾⠀⠥⠞⠇⠜⠎⠑⠎⠀⠍⠜⠝⠛⠙⠑⠝⠀⠁⠧⠀⠞⠁⠇⠑⠝⠀⠑⠞⠞⠂⠀⠞⠗⠑⠀⠕⠉⠓⠀⠋⠑⠍⠄&lt;/expect&gt;&lt;expect xmlns:pkg="http://expath.org/ns/pkg"
         xmlns:impl="urn:x-xspec:compile:xslt:impl"&gt;⠎⠑⠀⠬⠀⠼⠛⠤⠤⠼⠊&lt;/expect&gt;&lt;expect xmlns:pkg="http://expath.org/ns/pkg"
         xmlns:impl="urn:x-xspec:compile:xslt:impl"&gt;⠠⠁⠇⠍⠟⠧⠊⠎⠞⠀⠯⠀⠠⠺⠊⠅⠎⠑⠇⠇&lt;/expect&gt;&lt;expect xmlns:pkg="http://expath.org/ns/pkg"
         xmlns:impl="urn:x-xspec:compile:xslt:impl"&gt;⠠⠇⠁⠗⠎⠀⠠⠛⠥⠎⠞⠁⠋⠎⠎⠕⠝⠀⠔⠼⠁⠊⠉⠋&lt;/expect&gt;&lt;expect xmlns:pkg="http://expath.org/ns/pkg"
         xmlns:impl="urn:x-xspec:compile:xslt:impl"&gt;⠞⠗⠽⠉⠅⠀⠘⠼⠼⠃⠁⠘⠼&lt;/expect&gt;&lt;expect xmlns:pkg="http://expath.org/ns/pkg"
         xmlns:impl="urn:x-xspec:compile:xslt:impl"&gt;⠑⠍⠊⠇⠘⠤⠑⠍⠊⠇⠎⠎⠕⠝⠘⠷⠓⠕⠞⠍⠁⠊⠇⠄⠉⠕⠍&lt;/expect&gt;&lt;expect xmlns:pkg="http://expath.org/ns/pkg"
         xmlns:impl="urn:x-xspec:compile:xslt:impl"&gt;⠠⠉⠒⠘⠌⠠⠠⠺⠊⠝⠙⠕⠺⠎⠘⠌⠎⠽⠎⠞⠑⠍⠘⠌⠇⠕⠛⠊⠝⠺⠼⠉⠁⠄⠙⠇⠇&lt;/expect&gt;&lt;expect xmlns:pkg="http://expath.org/ns/pkg"
         xmlns:impl="urn:x-xspec:compile:xslt:impl"&gt;⠁⠇⠅⠸⠁&lt;/expect&gt;&lt;expect xmlns:pkg="http://expath.org/ns/pkg"
         xmlns:impl="urn:x-xspec:compile:xslt:impl"&gt;⠎⠥⠃⠎⠞⠄⠀⠘⠒⠝⠀⠘⠒⠁⠗&lt;/expect&gt;&lt;expect xmlns:pkg="http://expath.org/ns/pkg"
         xmlns:impl="urn:x-xspec:compile:xslt:impl"&gt;⠠⠏⠗⠊⠎⠑⠞⠀⠧⠁⠗⠀⠼⠑⠚⠚⠀⠘⠑⠄&lt;/expect&gt;&lt;expect xmlns:pkg="http://expath.org/ns/pkg"
         xmlns:impl="urn:x-xspec:compile:xslt:impl"&gt;⠠⠓⠁⠝⠀⠓⠑⠞⠑⠗⠀⠠⠓⠁⠝⠎⠀⠕⠉⠓⠀⠃⠗⠕⠗⠀⠓⠁⠝⠎⠀⠓⠑⠞⠑⠗⠀⠠⠃⠗⠕⠗⠄&lt;/expect&gt;&lt;expect xmlns:pkg="http://expath.org/ns/pkg"
         xmlns:impl="urn:x-xspec:compile:xslt:impl"&gt;⠠⠠⠎⠁⠧&lt;/expect&gt;&lt;expect xmlns:pkg="http://expath.org/ns/pkg"
         xmlns:impl="urn:x-xspec:compile:xslt:impl"&gt;⠠⠠⠊⠅⠑⠁⠱⠎⠀⠅⠁⠞⠁⠇⠕⠛&lt;/expect&gt;&lt;expect xmlns:pkg="http://expath.org/ns/pkg"
         xmlns:impl="urn:x-xspec:compile:xslt:impl"&gt;⠠⠎⠧⠑⠝⠎⠅⠁⠀⠠⠠⠊⠎⠃⠝⠱⠤⠉⠑⠝⠞⠗⠁⠇⠑⠝&lt;/expect&gt;&lt;expect xmlns:pkg="http://expath.org/ns/pkg"
         xmlns:impl="urn:x-xspec:compile:xslt:impl"&gt;⠠⠠⠠⠇⠕⠌⠞⠉⠕⠌⠎⠁⠉⠕⠱⠒⠎⠀⠠⠃⠗⠽⠎⠎⠑⠇⠅⠕⠝⠞⠕⠗&lt;/expect&gt;&lt;expect xmlns:pkg="http://expath.org/ns/pkg"
         xmlns:impl="urn:x-xspec:compile:xslt:impl"&gt;⠠⠠⠠⠎⠽⠝⠎⠅⠁⠙⠁⠙⠑⠎⠀⠗⠊⠅⠎⠋⠪⠗⠃⠥⠝⠙⠱&lt;/expect&gt;&lt;expect xmlns:pkg="http://expath.org/ns/pkg"
         xmlns:impl="urn:x-xspec:compile:xslt:impl"&gt;⠅⠠⠺⠓⠂⠀⠠⠚⠜⠍⠠⠕&lt;/expect&gt;&lt;expect xmlns:pkg="http://expath.org/ns/pkg"
         xmlns:impl="urn:x-xspec:compile:xslt:impl"&gt;⠠⠇⠪⠎⠑⠝⠕⠗⠙⠒⠀⠕⠠⠧⠃⠠⠑⠠⠛⠚&lt;/expect&gt;&lt;expect xmlns:pkg="http://expath.org/ns/pkg"
         xmlns:impl="urn:x-xspec:compile:xslt:impl"&gt;⠠⠇⠪⠎⠑⠝⠕⠗⠙⠒⠀⠇⠧⠃⠼⠑⠛⠱⠚&lt;/expect&gt;&lt;expect xmlns:pkg="http://expath.org/ns/pkg"
         xmlns:impl="urn:x-xspec:compile:xslt:impl"&gt;⠘⠦⠎⠞⠚⠜⠗⠝⠁⠘⠴⠀⠘⠦⠃⠇⠊⠭⠞⠘⠴⠀⠘⠦⠒⠦⠘⠴⠀⠘⠦⠒⠴⠘⠴⠀⠬⠕&lt;/expect&gt;&lt;expect xmlns:pkg="http://expath.org/ns/pkg"
         xmlns:impl="urn:x-xspec:compile:xslt:impl"&gt;⠠⠝⠑⠛⠁⠞⠊⠧⠁⠀⠞⠁⠇⠒⠀⠤⠼⠙⠑⠋⠙⠑&lt;/expect&gt;&lt;expect xmlns:pkg="http://expath.org/ns/pkg"
         xmlns:impl="urn:x-xspec:compile:xslt:impl"&gt;⠘⠦⠓⠚⠜⠗⠞⠑⠗⠘⠴&lt;/expect&gt;&lt;expect xmlns:pkg="http://expath.org/ns/pkg"
         xmlns:impl="urn:x-xspec:compile:xslt:impl"&gt;⠼⠃⠼⠁⠌⠼⠙⠂⠀⠼⠁⠼⠁⠌⠼⠃⠂⠀⠼⠉⠼⠉⠌⠼⠙&lt;/expect&gt;&lt;expect xmlns:pkg="http://expath.org/ns/pkg"
         xmlns:impl="urn:x-xspec:compile:xslt:impl"&gt;⠠⠈⠊&lt;/expect&gt;
                </failure>
   </testcase>
</testsuite>