<?xml version="1.0" encoding="UTF-8" standalone="no"?><testsuites tests="18" failures="9" time="39.672" errors="0" name="test"><testsuite timestamp="2016-01-06T19:14:48.015Z" hostname="localhost" tests="2" errors="0" failures="1" skipped="0" id="d44642e1" name="4458Matrix+HeadingCellsUnderlined" package="http://www.daisy.org/ns/pipeline/xproc/internal" time="4.228">
<properties><property name="input: source" value="&lt;dtbook xmlns=&#34;http://www.daisy.org/z3986/2005/dtbook/&#34; ...&gt;...&lt;/dtbook&gt; (Base URI: file:/Users/bert/src/snaekobbi/src/requirements/src/test/tables/test.xprocspec)"/>

<property name="option: stylesheet" value="file:/Users/bert/src/snaekobbi/src/requirements/src/resources/tables/test_4.4.58_ex1_matrix/style.css"/>
<property name="option: transform" value="(formatter:dotify)(translator:sbs)(grade:0)"/>
<property name="option: ascii-table" value="(liblouis-table:&#34;http://www.sbs.ch/pipeline/liblouis/tables/sbs.dis&#34;)"/>
<property name="option: temp-dir" value="file:/Users/bert/src/snaekobbi/src/requirements/target/xprocspec//tmp/xprocspec-20160106201408683/"/>

</properties>
<testcase name="theStepShouldExecuteSuccessfullyWithoutThrowingAnyErrors" classname="css-inline-and-px-transform-type-css" assertions="1" time="0" status="SUCCESS"><system-out>the step should execute successfully without throwing any errors: SUCCESS</system-out>
<system-err/></testcase><testcase name="result" classname="css-inline-and-px-transform-type-css" assertions="1" time="0" status="FAILED"><failure message="result" type="custom"/><system-out>result: FAILED</system-out>
<system-err>Expected:
&lt;pef xmlns="http://www.daisy.org/ns/2008/pef" version="2008-1"&gt;
  &lt;head&gt;
    &lt;meta xmlns:dc="http://purl.org/dc/elements/1.1/"&gt;
      &lt;dc:title&gt;Ohne Titel&lt;/dc:title&gt;
      &lt;dc:creator&gt;SBS&lt;/dc:creator&gt;
      &lt;dc:date&gt;0000-00-00&lt;/dc:date&gt;
      &lt;dc:format&gt;application/x-pef+xml&lt;/dc:format&gt;
      &lt;dc:identifier&gt;org.pef-format.00002&lt;/dc:identifier&gt;
      &lt;dc:description&gt;Ohnee Beschreibung&lt;/dc:description&gt;
      &lt;dc:language&gt;de&lt;/dc:language&gt;
    &lt;/meta&gt;
  &lt;/head&gt;
  &lt;body&gt;
    &lt;volume cols="28" rows="28" rowgap="0" duplex="true"&gt;
      &lt;section&gt;
        &lt;page/&gt;
        &lt;page&gt;
          &lt;row&gt;⠍⠥⠇⠞⠊⠏⠇⠊⠅⠁⠞⠊⠕⠝⠎⠞⠁⠃⠑⠇⠇⠑&lt;/row&gt;
          &lt;row/&gt;
          &lt;row&gt;⠍⠁⠇⠀⠀⠼⠁⠀⠀⠀⠼⠃⠀⠀⠀⠼⠉⠀⠀⠀⠼⠙⠀⠀⠀⠼⠑&lt;/row&gt;
          &lt;row&gt;⠒⠒⠒⠀⠀⠒⠒⠒⠀⠀⠒⠒⠒⠀⠀⠒⠒⠒⠀⠀⠒⠒⠒⠀⠀⠒⠒⠒&lt;/row&gt;
          &lt;row&gt;⠼⠁⠀⠀⠀⠼⠁⠀⠀⠀⠼⠃⠀⠀⠀⠼⠉⠀⠀⠀⠼⠙⠀⠀⠀⠼⠑&lt;/row&gt;
          &lt;row&gt;⠼⠃⠀⠀⠀⠼⠃⠀⠀⠀⠼⠙⠀⠀⠀⠼⠋⠀⠀⠀⠼⠓⠀⠀⠀⠼⠁⠚&lt;/row&gt;
          &lt;row&gt;⠼⠉⠀⠀⠀⠼⠉⠀⠀⠀⠼⠋⠀⠀⠀⠼⠊⠀⠀⠀⠼⠁⠃⠀⠀⠼⠁⠑&lt;/row&gt;
          &lt;row&gt;⠼⠙⠀⠀⠀⠼⠙⠀⠀⠀⠼⠓⠀⠀⠀⠼⠁⠃⠀⠀⠼⠁⠋⠀⠀⠼⠃⠚&lt;/row&gt;
          &lt;row&gt;⠼⠑⠀⠀⠀⠼⠑⠀⠀⠀⠼⠁⠚⠀⠀⠼⠁⠑⠀⠀⠼⠃⠚⠀⠀⠼⠃⠑&lt;/row&gt;
          &lt;row&gt;⠼⠋⠀⠀⠀⠼⠋⠀⠀⠀⠼⠁⠃⠀⠀⠼⠁⠓⠀⠀⠼⠃⠙⠀⠀⠼⠉⠚&lt;/row&gt;
          &lt;row&gt;⠼⠛⠀⠀⠀⠼⠛⠀⠀⠀⠼⠁⠙⠀⠀⠼⠃⠁⠀⠀⠼⠃⠓⠀⠀⠼⠉⠑&lt;/row&gt;
          &lt;row&gt;⠼⠓⠀⠀⠀⠼⠓⠀⠀⠀⠼⠁⠋⠀⠀⠼⠃⠙⠀⠀⠼⠉⠃⠀⠀⠼⠙⠚&lt;/row&gt;
          &lt;row&gt;⠼⠊⠀⠀⠀⠼⠊⠀⠀⠀⠼⠁⠓⠀⠀⠼⠃⠛⠀⠀⠼⠉⠋⠀⠀⠼⠙⠑&lt;/row&gt;
          &lt;row&gt;⠼⠁⠚⠀⠀⠼⠁⠚⠀⠀⠼⠃⠚⠀⠀⠼⠉⠚⠀⠀⠼⠙⠚⠀⠀⠼⠑⠚&lt;/row&gt;
          &lt;row/&gt;
          &lt;row/&gt;
          &lt;row/&gt;
          &lt;row/&gt;
          &lt;row/&gt;
          &lt;row/&gt;
          &lt;row/&gt;
          &lt;row/&gt;
          &lt;row/&gt;
          &lt;row/&gt;
          &lt;row/&gt;
          &lt;row/&gt;
          &lt;row/&gt;
          &lt;row&gt;⠀⠀⠀⠀⠀⠀⠀⠀⠀⠀⠀⠀⠀⠀⠀⠀⠀⠀⠀⠀⠀⠀⠀⠀⠀⠀⠼⠁&lt;/row&gt;
        &lt;/page&gt;
        &lt;page&gt;
          &lt;row/&gt;
          &lt;row/&gt;
          &lt;row/&gt;
          &lt;row/&gt;
          &lt;row/&gt;
          &lt;row/&gt;
          &lt;row/&gt;
          &lt;row/&gt;
          &lt;row/&gt;
          &lt;row/&gt;
          &lt;row/&gt;
          &lt;row/&gt;
          &lt;row/&gt;
          &lt;row/&gt;
          &lt;row/&gt;
          &lt;row/&gt;
          &lt;row/&gt;
          &lt;row/&gt;
          &lt;row/&gt;
          &lt;row/&gt;
          &lt;row/&gt;
          &lt;row/&gt;
          &lt;row/&gt;
          &lt;row/&gt;
          &lt;row/&gt;
          &lt;row/&gt;
          &lt;row/&gt;
          &lt;row/&gt;
        &lt;/page&gt;
      &lt;/section&gt;
    &lt;/volume&gt;
  &lt;/body&gt;
&lt;/pef&gt;

Was:



application/x-pef+xml
identifier?
2016-01-06
(liblouis-table:"http://www.sbs.ch/pipeline/liblouis/tables/sbs.dis")





⠍⠥⠇⠞⠊⠏⠇⠊⠅⠐⠝⠎⠞⠁⠆⠟⠑
⠍⠁⠇⠀⠼⠁⠀⠼⠃⠀⠼⠉⠀⠼⠙⠀⠼⠑
⠼⠁⠀⠼⠁⠀⠼⠃⠀⠼⠉⠀⠼⠙⠀⠼⠑
⠼⠃⠀⠼⠃⠀⠼⠙⠀⠼⠋⠀⠼⠓⠀⠼⠁⠚
⠼⠉⠀⠼⠉⠀⠼⠋⠀⠼⠊⠀⠼⠁⠃⠀⠼⠁⠑
⠼⠙⠀⠼⠙⠀⠼⠓⠀⠼⠁⠃⠀⠼⠁⠋⠀⠼⠃⠚
⠼⠑⠀⠼⠑⠀⠼⠁⠚⠀⠼⠁⠑⠀⠼⠃⠚⠀⠼⠃⠑
⠼⠋⠀⠼⠋⠀⠼⠁⠃⠀⠼⠁⠓⠀⠼⠃⠙⠀⠼⠉⠚
⠼⠛⠀⠼⠛⠀⠼⠁⠙⠀⠼⠃⠁⠀⠼⠃⠓⠀⠼⠉⠑
⠼⠓⠀⠼⠓⠀⠼⠁⠋⠀⠼⠃⠙⠀⠼⠉⠃⠀⠼⠙⠚
⠼⠊⠀⠼⠊⠀⠼⠁⠓⠀⠼⠃⠛⠀⠼⠉⠋⠀⠼⠙⠑
⠼⠁⠚⠀⠼⠁⠚⠀⠼⠃⠚⠀⠼⠉⠚⠀⠼⠙⠚⠀⠼⠑⠚




</system-err></testcase></testsuite><testsuite timestamp="2016-01-06T19:14:48.021Z" hostname="localhost" tests="2" errors="0" failures="1" skipped="0" id="d44650e1" name="4458Matrix+HeadingCellsUnderlined4460Mirrored4465Leaders" package="http://www.daisy.org/ns/pipeline/xproc/internal" time="3.578">
<properties><property name="input: source" value="&lt;dtbook xmlns=&#34;http://www.daisy.org/z3986/2005/dtbook/&#34; ...&gt;...&lt;/dtbook&gt; (Base URI: file:/Users/bert/src/snaekobbi/src/requirements/src/test/tables/test.xprocspec)"/>

<property name="option: stylesheet" value="file:/Users/bert/src/snaekobbi/src/requirements/src/resources/tables/test_4.4.58_ex2_matrix/style.css"/>
<property name="option: transform" value="(formatter:dotify)(translator:sbs)(grade:0)"/>
<property name="option: ascii-table" value="(liblouis-table:&#34;http://www.sbs.ch/pipeline/liblouis/tables/sbs.dis&#34;)"/>
<property name="option: temp-dir" value="file:/Users/bert/src/snaekobbi/src/requirements/target/xprocspec//tmp/xprocspec-20160106201408683/"/>

</properties>
<testcase name="theStepShouldExecuteSuccessfullyWithoutThrowingAnyErrors" classname="css-inline-and-px-transform-type-css" assertions="1" time="0" status="SUCCESS"><system-out>the step should execute successfully without throwing any errors: SUCCESS</system-out>
<system-err/></testcase><testcase name="result" classname="css-inline-and-px-transform-type-css" assertions="1" time="0" status="FAILED"><failure message="result" type="custom"/><system-out>result: FAILED</system-out>
<system-err>Expected:
&lt;pef xmlns="http://www.daisy.org/ns/2008/pef" version="2008-1"&gt;
  &lt;head&gt;
    &lt;meta xmlns:dc="http://purl.org/dc/elements/1.1/"&gt;
      &lt;dc:title&gt;Ohne Titel&lt;/dc:title&gt;
      &lt;dc:creator&gt;SBS&lt;/dc:creator&gt;
      &lt;dc:date&gt;0000-00-00&lt;/dc:date&gt;
      &lt;dc:format&gt;application/x-pef+xml&lt;/dc:format&gt;
      &lt;dc:identifier&gt;org.pef-format.00002&lt;/dc:identifier&gt;
      &lt;dc:description&gt;Ohnee Beschreibung&lt;/dc:description&gt;
      &lt;dc:language&gt;de&lt;/dc:language&gt;
    &lt;/meta&gt;
  &lt;/head&gt;
  &lt;body&gt;
    &lt;volume cols="28" rows="28" rowgap="0" duplex="true"&gt;
      &lt;section&gt;
        &lt;page/&gt;
        &lt;page&gt;
          &lt;row&gt;⠃⠊⠑⠝⠑⠝⠀⠀⠙⠗⠕⠓⠝⠑⠝&lt;/row&gt;
          &lt;row&gt;⠒⠒⠒⠒⠒⠒⠀⠀⠒⠒⠒⠒⠒⠒⠒&lt;/row&gt;
          &lt;row&gt;⠼⠑⠚⠀⠄⠄⠀⠀⠤⠤⠤&lt;/row&gt;
          &lt;row&gt;⠼⠁⠚⠚⠀⠀⠀⠀⠼⠃&lt;/row&gt;
          &lt;row&gt;⠼⠁⠑⠚⠀⠀⠀⠀⠤⠤⠤&lt;/row&gt;
          &lt;row&gt;⠼⠃⠚⠚⠀⠀⠀⠀⠤⠤⠤&lt;/row&gt;
          &lt;row&gt;⠤⠤⠤⠀⠄⠄⠀⠀⠼⠑&lt;/row&gt;
          &lt;row&gt;⠤⠤⠤⠀⠄⠄⠀⠀⠼⠑⠚&lt;/row&gt;
          &lt;row&gt;⠤⠤⠤⠀⠄⠄⠀⠀⠼⠁⠚⠚&lt;/row&gt;
          &lt;row&gt;⠤⠤⠤⠀⠄⠄⠀⠀⠼⠁⠑⠚&lt;/row&gt;
          &lt;row&gt;⠤⠤⠤⠀⠄⠄⠀⠀⠼⠃⠚⠚&lt;/row&gt;
          &lt;row/&gt;
          &lt;row/&gt;
          &lt;row/&gt;
          &lt;row/&gt;
          &lt;row/&gt;
          &lt;row/&gt;
          &lt;row/&gt;
          &lt;row/&gt;
          &lt;row/&gt;
          &lt;row/&gt;
          &lt;row/&gt;
          &lt;row/&gt;
          &lt;row/&gt;
          &lt;row/&gt;
          &lt;row/&gt;
          &lt;row/&gt;
          &lt;row&gt;⠀⠀⠀⠀⠀⠀⠀⠀⠀⠀⠀⠀⠀⠀⠀⠀⠀⠀⠀⠀⠀⠀⠀⠀⠀⠀⠼⠁&lt;/row&gt;
        &lt;/page&gt;
        &lt;page&gt;
          &lt;row/&gt;
          &lt;row/&gt;
          &lt;row/&gt;
          &lt;row/&gt;
          &lt;row/&gt;
          &lt;row/&gt;
          &lt;row/&gt;
          &lt;row/&gt;
          &lt;row/&gt;
          &lt;row/&gt;
          &lt;row/&gt;
          &lt;row/&gt;
          &lt;row/&gt;
          &lt;row/&gt;
          &lt;row/&gt;
          &lt;row/&gt;
          &lt;row/&gt;
          &lt;row/&gt;
          &lt;row/&gt;
          &lt;row/&gt;
          &lt;row/&gt;
          &lt;row/&gt;
          &lt;row/&gt;
          &lt;row/&gt;
          &lt;row/&gt;
          &lt;row/&gt;
          &lt;row/&gt;
          &lt;row/&gt;
        &lt;/page&gt;
      &lt;/section&gt;
    &lt;/volume&gt;
  &lt;/body&gt;
&lt;/pef&gt;

Was:



application/x-pef+xml
identifier?
2016-01-06
(liblouis-table:"http://www.sbs.ch/pipeline/liblouis/tables/sbs.dis")





⠃⠬⠝⠉⠀⠼⠑⠚⠀⠼⠁⠚⠚⠀⠼⠁⠑⠚⠀⠼⠃⠚⠚⠀⠠⠊⠍⠤
⠠⠊⠍⠤⠀⠠⠊⠍⠤⠀⠠⠊⠍⠤⠀⠠⠊⠍⠤
⠙⠗⠕⠓⠝⠉⠀⠠⠊⠍⠤⠀⠼⠃⠀⠠⠊⠍⠤⠀⠠⠊⠍⠤⠀⠼⠑⠀
⠼⠑⠚⠀⠼⠁⠚⠚⠀⠼⠁⠑⠚⠀⠼⠃⠚⠚




</system-err></testcase></testsuite><testsuite timestamp="2016-01-06T19:14:48.028Z" hostname="localhost" tests="2" errors="0" failures="1" skipped="0" id="d44657e1" name="4457LinearizedWithDelimiter+BordersBetweenTheadtbodytfoot" package="http://www.daisy.org/ns/pipeline/xproc/internal" time="3.78">
<properties><property name="input: source" value="&lt;dtbook xmlns=&#34;http://www.daisy.org/z3986/2005/dtbook/&#34; ...&gt;...&lt;/dtbook&gt; (Base URI: file:/Users/bert/src/snaekobbi/src/requirements/src/test/tables/test.xprocspec)"/>

<property name="option: stylesheet" value="file:/Users/bert/src/snaekobbi/src/requirements/src/resources/tables/test_4.4.57_ex1_row-by-row/style.css"/>
<property name="option: transform" value="(formatter:dotify)(translator:sbs)(grade:0)"/>
<property name="option: ascii-table" value="(liblouis-table:&#34;http://www.sbs.ch/pipeline/liblouis/tables/sbs.dis&#34;)"/>
<property name="option: temp-dir" value="file:/Users/bert/src/snaekobbi/src/requirements/target/xprocspec//tmp/xprocspec-20160106201408683/"/>

</properties>
<testcase name="theStepShouldExecuteSuccessfullyWithoutThrowingAnyErrors" classname="css-inline-and-px-transform-type-css" assertions="1" time="0" status="SUCCESS"><system-out>the step should execute successfully without throwing any errors: SUCCESS</system-out>
<system-err/></testcase><testcase name="result" classname="css-inline-and-px-transform-type-css" assertions="1" time="0" status="FAILED"><failure message="result" type="custom"/><system-out>result: FAILED</system-out>
<system-err>Expected:
&lt;pef xmlns="http://www.daisy.org/ns/2008/pef" version="2008-1"&gt;
  &lt;head&gt;
    &lt;meta xmlns:dc="http://purl.org/dc/elements/1.1/"&gt;
      &lt;dc:title&gt;Ohne Titel&lt;/dc:title&gt;
      &lt;dc:creator&gt;SBS&lt;/dc:creator&gt;
      &lt;dc:date&gt;0000-00-00&lt;/dc:date&gt;
      &lt;dc:format&gt;application/x-pef+xml&lt;/dc:format&gt;
      &lt;dc:identifier&gt;org.pef-format.00002&lt;/dc:identifier&gt;
      &lt;dc:description&gt;Ohnee Beschreibung&lt;/dc:description&gt;
      &lt;dc:language&gt;de&lt;/dc:language&gt;
    &lt;/meta&gt;
  &lt;/head&gt;
  &lt;body&gt;
    &lt;volume cols="28" rows="28" rowgap="0" duplex="true"&gt;
      &lt;section&gt;
        &lt;page/&gt;
        &lt;page&gt;
          &lt;row&gt;⠋⠳⠝⠋⠀⠇⠜⠝⠙⠑⠗⠀⠊⠍⠀⠧⠑⠗⠛⠇⠑⠊⠉⠓&lt;/row&gt;
          &lt;row/&gt;
          &lt;row&gt;⠇⠁⠝⠙⠀⠒⠒⠀⠓⠁⠥⠏⠞⠎⠞⠁⠙⠞⠀⠒⠒&lt;/row&gt;
          &lt;row&gt;⠀⠀⠺⠜⠓⠗⠥⠝⠛⠀⠒⠒⠀⠁⠍⠞⠎⠎⠏⠗⠁⠉⠓⠑&lt;/row&gt;
          &lt;row&gt;⠒⠒⠒⠒⠒⠒⠒⠒⠒⠒⠒⠒⠒⠒⠒⠒⠒⠒⠒⠒⠒⠒⠒⠒⠒⠒⠒⠒&lt;/row&gt;
          &lt;row&gt;⠘⠥⠎⠁⠀⠒⠒⠀⠺⠁⠎⠓⠊⠝⠛⠞⠕⠝⠀⠒⠒&lt;/row&gt;
          &lt;row&gt;⠀⠀⠘⠥⠎⠤⠙⠕⠇⠇⠁⠗⠀⠒⠒⠀⠑⠝⠛⠇⠊⠎⠉⠓&lt;/row&gt;
          &lt;row&gt;⠚⠁⠏⠁⠝⠀⠒⠒⠀⠞⠕⠅⠊⠕⠀⠒⠒⠀⠽⠑⠝⠀⠒⠒&lt;/row&gt;
          &lt;row&gt;⠀⠀⠚⠁⠏⠁⠝⠊⠎⠉⠓&lt;/row&gt;
          &lt;row&gt;⠊⠝⠙⠊⠑⠝⠀⠒⠒⠀⠝⠑⠥⠤⠙⠑⠇⠓⠊⠀⠒⠒⠀⠗⠥⠏⠊⠑&lt;/row&gt;
          &lt;row&gt;⠀⠀⠒⠒⠀⠓⠊⠝⠙⠊&lt;/row&gt;
          &lt;row&gt;⠛⠗⠪⠝⠇⠁⠝⠙⠀⠒⠒⠀⠝⠥⠥⠅⠀⠒⠒⠀⠙⠜⠝⠊⠎⠉⠓⠑&lt;/row&gt;
          &lt;row&gt;⠀⠀⠅⠗⠕⠝⠑⠀⠒⠒⠀⠙⠜⠝⠊⠎⠉⠓&lt;/row&gt;
          &lt;row&gt;⠃⠗⠁⠎⠊⠇⠊⠑⠝⠀⠒⠒⠀⠃⠗⠁⠎⠈⠊⠇⠊⠁⠀⠒⠒&lt;/row&gt;
          &lt;row&gt;⠀⠀⠗⠑⠁⠇⠀⠒⠒⠀⠏⠕⠗⠞⠥⠛⠊⠑⠎⠊⠎⠉⠓&lt;/row&gt;
          &lt;row&gt;⠒⠒⠒⠒⠒⠒⠒⠒⠒⠒⠒⠒⠒⠒⠒⠒⠒⠒⠒⠒⠒⠒⠒⠒⠒⠒⠒⠒&lt;/row&gt;
          &lt;row&gt;⠟⠥⠑⠇⠇⠑⠒⠀⠺⠊⠅⠊⠏⠑⠙⠊⠁⠀⠒⠒⠀⠟⠥⠑⠇⠇⠑⠒&lt;/row&gt;
          &lt;row&gt;⠀⠀⠺⠊⠅⠊⠏⠑⠙⠊⠁⠀⠒⠒⠀⠟⠥⠑⠇⠇⠑⠒&lt;/row&gt;
          &lt;row&gt;⠀⠀⠺⠊⠅⠊⠏⠑⠙⠊⠁⠀⠒⠒⠀⠟⠥⠑⠇⠇⠑⠒&lt;/row&gt;
          &lt;row&gt;⠀⠀⠺⠊⠅⠊⠏⠑⠙⠊⠁&lt;/row&gt;
          &lt;row/&gt;
          &lt;row/&gt;
          &lt;row/&gt;
          &lt;row/&gt;
          &lt;row/&gt;
          &lt;row/&gt;
          &lt;row/&gt;
          &lt;row&gt;⠀⠀⠀⠀⠀⠀⠀⠀⠀⠀⠀⠀⠀⠀⠀⠀⠀⠀⠀⠀⠀⠀⠀⠀⠀⠀⠼⠁&lt;/row&gt;
        &lt;/page&gt;
        &lt;page&gt;
          &lt;row/&gt;
          &lt;row/&gt;
          &lt;row/&gt;
          &lt;row/&gt;
          &lt;row/&gt;
          &lt;row/&gt;
          &lt;row/&gt;
          &lt;row/&gt;
          &lt;row/&gt;
          &lt;row/&gt;
          &lt;row/&gt;
          &lt;row/&gt;
          &lt;row/&gt;
          &lt;row/&gt;
          &lt;row/&gt;
          &lt;row/&gt;
          &lt;row/&gt;
          &lt;row/&gt;
          &lt;row/&gt;
          &lt;row/&gt;
          &lt;row/&gt;
          &lt;row/&gt;
          &lt;row/&gt;
          &lt;row/&gt;
          &lt;row/&gt;
          &lt;row/&gt;
          &lt;row/&gt;
          &lt;row/&gt;
        &lt;/page&gt;

      &lt;/section&gt;
    &lt;/volume&gt;
  &lt;/body&gt;
&lt;/pef&gt;

Was:



application/x-pef+xml
identifier?
2016-01-06
(liblouis-table:"http://www.sbs.ch/pipeline/liblouis/tables/sbs.dis")





⠋⠳⠝⠋⠀⠇⠜⠝⠙⠻⠀⠤⠀⠤⠛⠹
⠇⠖⠙⠀⠓⠏⠾⠁⠙⠞⠀⠐⠺⠓⠥⠀⠁⠍⠞⠎⠎⠏⠑
⠠⠟⠥⠑⠟⠑⠒⠀⠺⠊⠅⠊⠏⠑⠙⠊⠁⠀⠠⠟⠥⠑⠟⠑⠒⠀
⠺⠊⠅⠊⠏⠑⠙⠊⠁⠀⠠⠟⠥⠑⠟⠑⠒⠀⠺⠊⠅⠊⠏⠑⠙⠊⠁⠀
⠠⠟⠥⠑⠟⠑⠒⠀⠺⠊⠅⠊⠏⠑⠙⠊⠁
⠥⠎⠁⠀⠺⠁⠎⠓⠔⠛⠞⠕⠝⠀⠥⠎⠤⠙⠕⠟⠁⠗⠀⠉⠛⠇⠊⠱
⠚⠁⠏⠁⠝⠀⠞⠕⠅⠊⠕⠀⠠⠽⠉⠀⠚⠁⠏⠖⠊⠱
⠔⠙⠊⠉⠀⠝⠣⠤⠙⠽⠓⠊⠀⠗⠥⠏⠊⠑⠀⠓⠔⠙⠊
⠛⠗⠪⠝⠇⠖⠙⠀⠝⠥⠥⠅⠀⠙⠜⠝⠊⠱⠑⠀⠅⠗⠕⠝⠑⠀
⠙⠜⠝⠊⠱
⠃⠗⠁⠎⠊⠇⠊⠉⠀⠃⠗⠁⠎⠈⠊⠇⠊⠁⠀⠗⠑⠁⠇⠀
⠏⠢⠞⠥⠛⠬⠎⠊⠱




</system-err></testcase></testsuite><testsuite timestamp="2016-01-06T19:14:48.035Z" hostname="localhost" tests="2" errors="0" failures="1" skipped="0" id="d44664e1" name="4458Matrix+HeadingCellsUnderlined4464FacingPages" package="http://www.daisy.org/ns/pipeline/xproc/internal" time="3.962">
<properties><property name="input: source" value="&lt;dtbook xmlns=&#34;http://www.daisy.org/z3986/2005/dtbook/&#34; ...&gt;...&lt;/dtbook&gt; (Base URI: file:/Users/bert/src/snaekobbi/src/requirements/src/test/tables/test.xprocspec)"/>

<property name="option: stylesheet" value="file:/Users/bert/src/snaekobbi/src/requirements/src/resources/tables/test_4.4.58_ex3_matrix/style.css"/>
<property name="option: transform" value="(formatter:dotify)(translator:sbs)(grade:0)"/>
<property name="option: ascii-table" value="(liblouis-table:&#34;http://www.sbs.ch/pipeline/liblouis/tables/sbs.dis&#34;)"/>
<property name="option: temp-dir" value="file:/Users/bert/src/snaekobbi/src/requirements/target/xprocspec//tmp/xprocspec-20160106201408683/"/>

</properties>
<testcase name="theStepShouldExecuteSuccessfullyWithoutThrowingAnyErrors" classname="css-inline-and-px-transform-type-css" assertions="1" time="0" status="SUCCESS"><system-out>the step should execute successfully without throwing any errors: SUCCESS</system-out>
<system-err/></testcase><testcase name="result" classname="css-inline-and-px-transform-type-css" assertions="1" time="0" status="FAILED"><failure message="result" type="custom"/><system-out>result: FAILED</system-out>
<system-err>Expected:
&lt;pef xmlns="http://www.daisy.org/ns/2008/pef" version="2008-1"&gt;
  &lt;head&gt;
    &lt;meta xmlns:dc="http://purl.org/dc/elements/1.1/"&gt;
      &lt;dc:title&gt;Ohne Titel&lt;/dc:title&gt;
      &lt;dc:creator&gt;SBS&lt;/dc:creator&gt;
      &lt;dc:date&gt;0000-00-00&lt;/dc:date&gt;
      &lt;dc:format&gt;application/x-pef+xml&lt;/dc:format&gt;
      &lt;dc:identifier&gt;org.pef-format.00002&lt;/dc:identifier&gt;
      &lt;dc:description&gt;Ohnee Beschreibung&lt;/dc:description&gt;
      &lt;dc:language&gt;de&lt;/dc:language&gt;
    &lt;/meta&gt;
  &lt;/head&gt;
  &lt;body&gt;
    &lt;volume cols="28" rows="28" rowgap="0" duplex="true"&gt;
      &lt;section&gt;
        &lt;page/&gt;
        &lt;page&gt;
          &lt;row/&gt;
          &lt;row/&gt;
          &lt;row/&gt;
          &lt;row/&gt;
          &lt;row/&gt;
          &lt;row/&gt;
          &lt;row/&gt;
          &lt;row/&gt;
          &lt;row/&gt;
          &lt;row/&gt;
          &lt;row/&gt;
          &lt;row/&gt;
          &lt;row/&gt;
          &lt;row/&gt;
          &lt;row/&gt;
          &lt;row/&gt;
          &lt;row/&gt;
          &lt;row/&gt;
          &lt;row/&gt;
          &lt;row/&gt;
          &lt;row/&gt;
          &lt;row/&gt;
          &lt;row/&gt;
          &lt;row/&gt;
          &lt;row/&gt;
          &lt;row/&gt;
          &lt;row/&gt;
          &lt;row&gt;⠀⠀⠀⠀⠀⠀⠀⠀⠀⠀⠀⠀⠀⠀⠀⠀⠀⠀⠀⠀⠀⠀⠀⠀⠀⠀⠼⠁&lt;/row&gt;
        &lt;/page&gt;
        &lt;page&gt;
          &lt;row&gt;⠍⠁⠇⠀⠀⠼⠁⠀⠀⠀⠼⠃⠀⠀⠀⠼⠉⠀⠀⠀⠼⠙⠀⠀⠀⠼⠑&lt;/row&gt;
          &lt;row&gt;⠒⠒⠒⠀⠀⠒⠒⠒⠀⠀⠒⠒⠒⠀⠀⠒⠒⠒⠀⠀⠒⠒⠒⠀⠀⠒⠒⠒&lt;/row&gt;
          &lt;row&gt;⠼⠁⠀⠀⠀⠼⠁⠀⠀⠀⠼⠃⠀⠀⠀⠼⠉⠀⠀⠀⠼⠙⠀⠀⠀⠼⠑&lt;/row&gt;
          &lt;row&gt;⠼⠃⠀⠀⠀⠼⠃⠀⠀⠀⠼⠙⠀⠀⠀⠼⠋⠀⠀⠀⠼⠓⠀⠀⠀⠼⠁⠚&lt;/row&gt;
          &lt;row&gt;⠼⠉⠀⠀⠀⠼⠉⠀⠀⠀⠼⠋⠀⠀⠀⠼⠊⠀⠀⠀⠼⠁⠃⠀⠀⠼⠁⠑&lt;/row&gt;
          &lt;row&gt;⠼⠙⠀⠀⠀⠼⠙⠀⠀⠀⠼⠓⠀⠀⠀⠼⠁⠃⠀⠀⠼⠁⠋⠀⠀⠼⠃⠚&lt;/row&gt;
          &lt;row&gt;⠼⠑⠀⠀⠀⠼⠑⠀⠀⠀⠼⠁⠚⠀⠀⠼⠁⠑⠀⠀⠼⠃⠚⠀⠀⠼⠃⠑&lt;/row&gt;
          &lt;row&gt;⠼⠋⠀⠀⠀⠼⠋⠀⠀⠀⠼⠁⠃⠀⠀⠼⠁⠓⠀⠀⠼⠃⠙⠀⠀⠼⠉⠚&lt;/row&gt;
          &lt;row&gt;⠼⠛⠀⠀⠀⠼⠛⠀⠀⠀⠼⠁⠙⠀⠀⠼⠃⠁⠀⠀⠼⠃⠓⠀⠀⠼⠉⠑&lt;/row&gt;
          &lt;row&gt;⠼⠓⠀⠀⠀⠼⠓⠀⠀⠀⠼⠁⠋⠀⠀⠼⠃⠙⠀⠀⠼⠉⠃⠀⠀⠼⠙⠚&lt;/row&gt;
          &lt;row&gt;⠼⠊⠀⠀⠀⠼⠊⠀⠀⠀⠼⠁⠓⠀⠀⠼⠃⠛⠀⠀⠼⠉⠋⠀⠀⠼⠙⠑&lt;/row&gt;
          &lt;row&gt;⠼⠁⠚⠀⠀⠼⠁⠚⠀⠀⠼⠃⠚⠀⠀⠼⠉⠚⠀⠀⠼⠙⠚⠀⠀⠼⠑⠚&lt;/row&gt;
          &lt;row/&gt;
          &lt;row/&gt;
          &lt;row/&gt;
          &lt;row/&gt;
          &lt;row/&gt;
          &lt;row/&gt;
          &lt;row/&gt;
          &lt;row/&gt;
          &lt;row/&gt;
          &lt;row/&gt;
          &lt;row/&gt;
          &lt;row/&gt;
          &lt;row/&gt;
          &lt;row/&gt;
          &lt;row/&gt;
          &lt;row/&gt;
        &lt;/page&gt;
        &lt;page&gt;
          &lt;row&gt;⠼⠋⠀⠀⠀⠼⠛⠀⠀⠀⠼⠓⠀⠀⠀⠼⠊⠀⠀⠀⠼⠁⠚&lt;/row&gt;
          &lt;row&gt;⠒⠒⠒⠀⠀⠒⠒⠒⠀⠀⠒⠒⠒⠀⠀⠒⠒⠒⠀⠀⠒⠒⠒⠒&lt;/row&gt;
          &lt;row&gt;⠼⠋⠀⠀⠀⠼⠛⠀⠀⠀⠼⠓⠀⠀⠀⠼⠊⠀⠀⠀⠼⠁⠚&lt;/row&gt;
          &lt;row&gt;⠼⠁⠃⠀⠀⠼⠁⠙⠀⠀⠼⠁⠋⠀⠀⠼⠁⠓⠀⠀⠼⠃⠚&lt;/row&gt;
          &lt;row&gt;⠼⠁⠓⠀⠀⠼⠃⠁⠀⠀⠼⠃⠙⠀⠀⠼⠃⠛⠀⠀⠼⠉⠚&lt;/row&gt;
          &lt;row&gt;⠼⠃⠙⠀⠀⠼⠃⠓⠀⠀⠼⠉⠃⠀⠀⠼⠉⠋⠀⠀⠼⠙⠚&lt;/row&gt;
          &lt;row&gt;⠼⠉⠚⠀⠀⠼⠉⠑⠀⠀⠼⠙⠚⠀⠀⠼⠙⠑⠀⠀⠼⠑⠚&lt;/row&gt;
          &lt;row&gt;⠼⠉⠋⠀⠀⠼⠙⠃⠀⠀⠼⠙⠓⠀⠀⠼⠑⠙⠀⠀⠼⠋⠚&lt;/row&gt;
          &lt;row&gt;⠼⠙⠃⠀⠀⠼⠙⠊⠀⠀⠼⠑⠋⠀⠀⠼⠋⠉⠀⠀⠼⠛⠚&lt;/row&gt;
          &lt;row&gt;⠼⠙⠓⠀⠀⠼⠑⠋⠀⠀⠼⠋⠙⠀⠀⠼⠛⠃⠀⠀⠼⠓⠚&lt;/row&gt;
          &lt;row&gt;⠼⠑⠙⠀⠀⠼⠋⠉⠀⠀⠼⠛⠃⠀⠀⠼⠓⠁⠀⠀⠼⠊⠚&lt;/row&gt;
          &lt;row&gt;⠼⠋⠚⠀⠀⠼⠛⠚⠀⠀⠼⠓⠚⠀⠀⠼⠊⠚⠀⠀⠼⠁⠚⠚&lt;/row&gt;
          &lt;row/&gt;
          &lt;row/&gt;
          &lt;row/&gt;
          &lt;row/&gt;
          &lt;row/&gt;
          &lt;row/&gt;
          &lt;row/&gt;
          &lt;row/&gt;
          &lt;row/&gt;
          &lt;row/&gt;
          &lt;row/&gt;
          &lt;row/&gt;
          &lt;row/&gt;
          &lt;row/&gt;
          &lt;row/&gt;
          &lt;row&gt;⠀⠀⠀⠀⠀⠀⠀⠀⠀⠀⠀⠀⠀⠀⠀⠀⠀⠀⠀⠀⠀⠀⠀⠀⠀⠀⠼⠉&lt;/row&gt;
        &lt;/page&gt;
        &lt;page&gt;
          &lt;row/&gt;
          &lt;row/&gt;
          &lt;row/&gt;
          &lt;row/&gt;
          &lt;row/&gt;
          &lt;row/&gt;
          &lt;row/&gt;
          &lt;row/&gt;
          &lt;row/&gt;
          &lt;row/&gt;
          &lt;row/&gt;
          &lt;row/&gt;
          &lt;row/&gt;
          &lt;row/&gt;
          &lt;row/&gt;
          &lt;row/&gt;
          &lt;row/&gt;
          &lt;row/&gt;
          &lt;row/&gt;
          &lt;row/&gt;
          &lt;row/&gt;
          &lt;row/&gt;
          &lt;row/&gt;
          &lt;row/&gt;
          &lt;row/&gt;
          &lt;row/&gt;
          &lt;row/&gt;
          &lt;row/&gt;
        &lt;/page&gt;
      &lt;/section&gt;
    &lt;/volume&gt;
  &lt;/body&gt;
&lt;/pef&gt;

Was:



application/x-pef+xml
identifier?
2016-01-06
(liblouis-table:"http://www.sbs.ch/pipeline/liblouis/tables/sbs.dis")





⠍⠥⠇⠞⠊⠏⠇⠊⠅⠐⠝⠎⠞⠁⠆⠟⠑
⠍⠁⠇⠀⠼⠁⠀⠼⠃⠀⠼⠉⠀⠼⠙⠀⠼⠑⠀⠼⠋⠀⠼⠛⠀⠼⠓⠀
⠼⠊⠀⠼⠁⠚
⠼⠁⠀⠼⠁⠀⠼⠃⠀⠼⠉⠀⠼⠙⠀⠼⠑⠀⠼⠋⠀⠼⠛⠀⠼⠓⠀
⠼⠊⠀⠼⠁⠚
⠼⠃⠀⠼⠃⠀⠼⠙⠀⠼⠋⠀⠼⠓⠀⠼⠁⠚⠀⠼⠁⠃⠀⠼⠁⠙⠀
⠼⠁⠋⠀⠼⠁⠓⠀⠼⠃⠚
⠼⠉⠀⠼⠉⠀⠼⠋⠀⠼⠊⠀⠼⠁⠃⠀⠼⠁⠑⠀⠼⠁⠓⠀⠼⠃⠁⠀
⠼⠃⠙⠀⠼⠃⠛⠀⠼⠉⠚
⠼⠙⠀⠼⠙⠀⠼⠓⠀⠼⠁⠃⠀⠼⠁⠋⠀⠼⠃⠚⠀⠼⠃⠙⠀⠼⠃⠓
⠼⠉⠃⠀⠼⠉⠋⠀⠼⠙⠚
⠼⠑⠀⠼⠑⠀⠼⠁⠚⠀⠼⠁⠑⠀⠼⠃⠚⠀⠼⠃⠑⠀⠼⠉⠚⠀
⠼⠉⠑⠀⠼⠙⠚⠀⠼⠙⠑⠀⠼⠑⠚
⠼⠋⠀⠼⠋⠀⠼⠁⠃⠀⠼⠁⠓⠀⠼⠃⠙⠀⠼⠉⠚⠀⠼⠉⠋⠀
⠼⠙⠃⠀⠼⠙⠓⠀⠼⠑⠙⠀⠼⠋⠚
⠼⠛⠀⠼⠛⠀⠼⠁⠙⠀⠼⠃⠁⠀⠼⠃⠓⠀⠼⠉⠑⠀⠼⠙⠃⠀
⠼⠙⠊⠀⠼⠑⠋⠀⠼⠋⠉⠀⠼⠛⠚
⠼⠓⠀⠼⠓⠀⠼⠁⠋⠀⠼⠃⠙⠀⠼⠉⠃⠀⠼⠙⠚⠀⠼⠙⠓⠀
⠼⠑⠋⠀⠼⠋⠙⠀⠼⠛⠃⠀⠼⠓⠚
⠼⠊⠀⠼⠊⠀⠼⠁⠓⠀⠼⠃⠛⠀⠼⠉⠋⠀⠼⠙⠑⠀⠼⠑⠙⠀
⠼⠋⠉⠀⠼⠛⠃⠀⠼⠓⠁⠀⠼⠊⠚
⠼⠁⠚⠀⠼⠁⠚⠀⠼⠃⠚⠀⠼⠉⠚⠀⠼⠙⠚⠀⠼⠑⠚⠀⠼⠋⠚⠀
⠼⠛⠚⠀⠼⠓⠚⠀⠼⠊⠚⠀⠼⠁⠚⠚




</system-err></testcase></testsuite><testsuite timestamp="2016-01-06T19:14:48.043Z" hostname="localhost" tests="2" errors="0" failures="1" skipped="0" id="d44671e1" name="4458Matrix+HeadingCellsUnderlined+SplitWithBordersBetweenPartsAndRowHeadersRepeated4465Leaders" package="http://www.daisy.org/ns/pipeline/xproc/internal" time="4.1">
<properties><property name="input: source" value="&lt;dtbook xmlns=&#34;http://www.daisy.org/z3986/2005/dtbook/&#34; ...&gt;...&lt;/dtbook&gt; (Base URI: file:/Users/bert/src/snaekobbi/src/requirements/src/test/tables/test.xprocspec)"/>

<property name="option: stylesheet" value="file:/Users/bert/src/snaekobbi/src/requirements/src/resources/tables/test_4.4.58_ex4_matrix_split/style.css"/>
<property name="option: transform" value="(formatter:dotify)(translator:sbs)(grade:0)"/>
<property name="option: ascii-table" value="(liblouis-table:&#34;http://www.sbs.ch/pipeline/liblouis/tables/sbs.dis&#34;)"/>
<property name="option: temp-dir" value="file:/Users/bert/src/snaekobbi/src/requirements/target/xprocspec//tmp/xprocspec-20160106201408683/"/>

</properties>
<testcase name="theStepShouldExecuteSuccessfullyWithoutThrowingAnyErrors" classname="css-inline-and-px-transform-type-css" assertions="1" time="0" status="SUCCESS"><system-out>the step should execute successfully without throwing any errors: SUCCESS</system-out>
<system-err/></testcase><testcase name="result" classname="css-inline-and-px-transform-type-css" assertions="1" time="0" status="FAILED"><failure message="result" type="custom"/><system-out>result: FAILED</system-out>
<system-err>Expected:
&lt;pef xmlns="http://www.daisy.org/ns/2008/pef" version="2008-1"&gt;
  &lt;head&gt;
    &lt;meta xmlns:dc="http://purl.org/dc/elements/1.1/"&gt;
      &lt;dc:title&gt;Ohne Titel&lt;/dc:title&gt;
      &lt;dc:creator&gt;SBS&lt;/dc:creator&gt;
      &lt;dc:date&gt;0000-00-00&lt;/dc:date&gt;
      &lt;dc:format&gt;application/x-pef+xml&lt;/dc:format&gt;
      &lt;dc:identifier&gt;org.pef-format.00002&lt;/dc:identifier&gt;
      &lt;dc:description&gt;Ohnee Beschreibung&lt;/dc:description&gt;
      &lt;dc:language&gt;de&lt;/dc:language&gt;
    &lt;/meta&gt;
  &lt;/head&gt;
  &lt;body&gt;
    &lt;volume cols="35" rows="28" rowgap="0" duplex="true"&gt;
      &lt;section&gt;
        &lt;page/&gt;
        &lt;page&gt;
          &lt;row&gt;⠀⠀⠀⠀⠀⠀⠀⠀⠀⠼⠋⠁⠋⠄⠚⠚⠚⠀⠼⠋⠁⠋⠄⠃⠑⠚⠀⠼⠋⠁⠋⠄⠑⠚⠚&lt;/row&gt;
          &lt;row&gt;⠀⠀⠀⠀⠀⠀⠀⠀⠀⠒⠒⠒⠒⠒⠒⠒⠒⠀⠒⠒⠒⠒⠒⠒⠒⠒⠀⠒⠒⠒⠒⠒⠒⠒⠒&lt;/row&gt;
          &lt;row&gt;⠼⠁⠋⠛⠄⠚⠚⠚⠀⠼⠁⠋⠛⠚⠀⠄⠄⠀⠼⠁⠛⠚⠚⠀⠄⠄⠀⠼⠁⠋⠓⠚&lt;/row&gt;
          &lt;row&gt;⠼⠁⠋⠋⠄⠛⠑⠚⠀⠼⠁⠓⠓⠚⠀⠄⠄⠀⠼⠁⠓⠋⠚⠀⠄⠄⠀⠼⠁⠛⠓⠚&lt;/row&gt;
          &lt;row&gt;⠼⠁⠋⠋⠄⠑⠚⠚⠀⠼⠃⠚⠃⠚⠀⠄⠄⠀⠼⠃⠚⠋⠚⠀⠄⠄⠀⠼⠁⠊⠊⠚&lt;/row&gt;
          &lt;row&gt;⠼⠁⠋⠋⠄⠃⠑⠚⠀⠼⠃⠁⠚⠚⠀⠄⠄⠀⠼⠃⠃⠓⠚⠀⠄⠄⠀⠼⠃⠁⠓⠚&lt;/row&gt;
          &lt;row&gt;⠼⠁⠋⠋⠄⠚⠚⠚⠀⠤⠤⠤⠀⠄⠄⠄⠄⠀⠤⠤⠤⠀⠄⠄⠄⠄⠀⠤⠤⠤&lt;/row&gt;
          &lt;row&gt;⠼⠁⠋⠑⠄⠛⠑⠚⠀⠼⠃⠁⠛⠚⠀⠄⠄⠀⠼⠃⠁⠋⠚⠀⠄⠄⠀⠼⠃⠁⠃⠚&lt;/row&gt;
          &lt;row&gt;⠼⠁⠋⠑⠄⠑⠚⠚⠀⠼⠃⠚⠓⠚⠀⠄⠄⠀⠼⠁⠊⠊⠚⠀⠄⠄⠀⠼⠁⠊⠊⠚&lt;/row&gt;
          &lt;row&gt;⠼⠁⠋⠑⠄⠃⠑⠚⠀⠼⠁⠊⠃⠚⠀⠄⠄⠀⠼⠁⠓⠓⠚⠀⠄⠄⠀⠼⠁⠓⠋⠚&lt;/row&gt;
          &lt;row&gt;⠼⠁⠋⠑⠄⠚⠚⠚⠀⠼⠁⠓⠚⠚⠀⠄⠄⠀⠼⠁⠛⠋⠚⠀⠄⠄⠀⠼⠁⠛⠉⠚&lt;/row&gt;
          &lt;row&gt;⠂⠂⠂⠂⠂⠂⠂⠂⠂⠂⠂⠂⠂⠂⠂⠂⠂⠂⠂⠂⠂⠂⠂⠂⠂⠂⠂⠂⠂⠂⠂⠂⠂⠂⠂&lt;/row&gt;
          &lt;row&gt;⠀⠀⠀⠀⠀⠀⠀⠀⠀⠼⠋⠁⠋⠄⠛⠑⠚⠀⠼⠋⠁⠛⠄⠚⠚⠚⠀⠼⠋⠁⠛⠄⠃⠑⠚&lt;/row&gt;
          &lt;row&gt;⠀⠀⠀⠀⠀⠀⠀⠀⠀⠒⠒⠒⠒⠒⠒⠒⠒⠀⠒⠒⠒⠒⠒⠒⠒⠒⠀⠒⠒⠒⠒⠒⠒⠒⠒&lt;/row&gt;
          &lt;row&gt;⠼⠁⠋⠛⠄⠚⠚⠚⠀⠼⠁⠑⠃⠚⠀⠄⠄⠀⠼⠁⠃⠋⠚⠀⠄⠄⠀⠼⠁⠁⠋⠚&lt;/row&gt;
          &lt;row&gt;⠼⠁⠋⠋⠄⠛⠑⠚⠀⠼⠁⠋⠚⠚⠀⠄⠄⠀⠼⠁⠙⠚⠚⠀⠄⠄⠀⠼⠁⠃⠃⠚&lt;/row&gt;
          &lt;row&gt;⠼⠁⠋⠋⠄⠑⠚⠚⠀⠼⠁⠛⠉⠚⠀⠄⠄⠀⠼⠁⠑⠛⠚⠀⠄⠄⠀⠼⠁⠑⠃⠚&lt;/row&gt;
          &lt;row&gt;⠼⠁⠋⠋⠄⠃⠑⠚⠀⠼⠁⠓⠓⠚⠀⠄⠄⠀⠼⠁⠛⠓⠚⠀⠄⠄⠀⠼⠁⠋⠛⠚&lt;/row&gt;
          &lt;row&gt;⠼⠁⠋⠋⠄⠚⠚⠚⠀⠤⠤⠤⠀⠄⠄⠄⠄⠀⠤⠤⠤⠀⠄⠄⠄⠄⠀⠤⠤⠤&lt;/row&gt;
          &lt;row&gt;⠼⠁⠋⠑⠄⠛⠑⠚⠀⠼⠁⠊⠃⠚⠀⠄⠄⠀⠼⠁⠓⠋⠚⠀⠄⠄⠀⠼⠁⠛⠋⠚&lt;/row&gt;
          &lt;row&gt;⠼⠁⠋⠑⠄⠑⠚⠚⠀⠼⠁⠓⠓⠚⠀⠄⠄⠀⠼⠁⠛⠙⠚⠀⠄⠄⠀⠼⠁⠋⠉⠚&lt;/row&gt;
          &lt;row&gt;⠼⠁⠋⠑⠄⠃⠑⠚⠀⠼⠁⠛⠙⠚⠀⠄⠄⠀⠼⠁⠛⠚⠚⠀⠄⠄⠀⠼⠁⠑⠃⠚&lt;/row&gt;
          &lt;row&gt;⠼⠁⠋⠑⠄⠚⠚⠚⠀⠼⠁⠋⠙⠚⠀⠄⠄⠀⠼⠁⠑⠓⠚⠀⠄⠄⠀⠼⠁⠙⠛⠚&lt;/row&gt;
          &lt;row/&gt;
          &lt;row/&gt;
          &lt;row/&gt;
          &lt;row/&gt;
          &lt;row&gt;⠀⠀⠀⠀⠀⠀⠀⠀⠀⠀⠀⠀⠀⠀⠀⠀⠀⠀⠀⠀⠀⠀⠀⠀⠀⠀⠀⠀⠀⠀⠀⠀⠀⠼⠁&lt;/row&gt;
        &lt;/page&gt;
        &lt;page&gt;
          &lt;row&gt;⠂⠂⠂⠂⠂⠂⠂⠂⠂⠂⠂⠂⠂⠂⠂⠂⠂⠂⠂⠂⠂⠂⠂⠂⠂⠂⠂⠂⠂⠂⠂⠂⠂⠂⠂&lt;/row&gt;
          &lt;row&gt;⠀⠀⠀⠀⠀⠀⠀⠀⠀⠼⠋⠁⠛⠄⠑⠚⠚⠀⠼⠋⠁⠛⠄⠛⠑⠚⠀⠼⠋⠁⠓⠄⠚⠚⠚&lt;/row&gt;
          &lt;row&gt;⠀⠀⠀⠀⠀⠀⠀⠀⠀⠒⠒⠒⠒⠒⠒⠒⠒⠀⠒⠒⠒⠒⠒⠒⠒⠒⠀⠒⠒⠒⠒⠒⠒⠒⠒&lt;/row&gt;
          &lt;row&gt;⠼⠁⠋⠛⠄⠚⠚⠚⠀⠼⠁⠚⠉⠚⠀⠄⠄⠀⠼⠁⠚⠃⠚⠀⠄⠄⠀⠤⠤⠤&lt;/row&gt;
          &lt;row&gt;⠼⠁⠋⠋⠄⠛⠑⠚⠀⠼⠁⠃⠚⠚⠀⠄⠄⠀⠼⠁⠁⠚⠚⠀⠄⠄⠀⠤⠤⠤&lt;/row&gt;
          &lt;row&gt;⠼⠁⠋⠋⠄⠑⠚⠚⠀⠼⠁⠉⠙⠚⠀⠄⠄⠀⠼⠁⠃⠚⠚⠀⠄⠄⠀⠤⠤⠤&lt;/row&gt;
          &lt;row&gt;⠼⠁⠋⠋⠄⠃⠑⠚⠀⠼⠁⠙⠋⠚⠀⠄⠄⠀⠼⠁⠉⠋⠚⠀⠄⠄⠀⠤⠤⠤&lt;/row&gt;
          &lt;row&gt;⠼⠁⠋⠋⠄⠚⠚⠚⠀⠤⠤⠤⠀⠄⠄⠄⠄⠀⠤⠤⠤⠀⠄⠄⠄⠄⠀⠤⠤⠤&lt;/row&gt;
          &lt;row&gt;⠼⠁⠋⠑⠄⠛⠑⠚⠀⠼⠁⠋⠓⠚⠀⠄⠄⠀⠼⠁⠑⠉⠚⠀⠄⠄⠀⠤⠤⠤&lt;/row&gt;
          &lt;row&gt;⠼⠁⠋⠑⠄⠑⠚⠚⠀⠼⠁⠑⠓⠚⠀⠄⠄⠀⠼⠁⠙⠚⠚⠀⠄⠄⠀⠤⠤⠤&lt;/row&gt;
          &lt;row&gt;⠼⠁⠋⠑⠄⠃⠑⠚⠀⠼⠁⠙⠋⠚⠀⠄⠄⠀⠼⠁⠑⠚⠚⠀⠄⠄⠀⠤⠤⠤&lt;/row&gt;
          &lt;row&gt;⠼⠁⠋⠑⠄⠚⠚⠚⠀⠼⠁⠉⠓⠚⠀⠄⠄⠀⠼⠁⠙⠚⠚⠀⠄⠄⠀⠤⠤⠤&lt;/row&gt;
          &lt;row&gt;⠂⠂⠂⠂⠂⠂⠂⠂⠂⠂⠂⠂⠂⠂⠂⠂⠂⠂⠂⠂⠂⠂⠂⠂⠂⠂⠂⠂⠂⠂⠂⠂⠂⠂⠂&lt;/row&gt;
          &lt;row&gt;⠀⠀⠀⠀⠀⠀⠀⠀⠀⠼⠋⠁⠓⠄⠃⠑⠚⠀⠼⠋⠁⠓⠄⠑⠚⠚⠀⠼⠋⠁⠓⠄⠛⠑⠚&lt;/row&gt;
          &lt;row&gt;⠀⠀⠀⠀⠀⠀⠀⠀⠀⠒⠒⠒⠒⠒⠒⠒⠒⠀⠒⠒⠒⠒⠒⠒⠒⠒⠀⠒⠒⠒⠒⠒⠒⠒⠒&lt;/row&gt;
          &lt;row&gt;⠼⠁⠋⠛⠄⠚⠚⠚⠀⠼⠛⠚⠚⠀⠄⠄⠄⠀⠼⠋⠛⠚⠀⠄⠄⠄⠀⠼⠛⠚⠚&lt;/row&gt;
          &lt;row&gt;⠼⠁⠋⠋⠄⠛⠑⠚⠀⠼⠛⠓⠚⠀⠄⠄⠄⠀⠼⠛⠃⠚⠀⠄⠄⠄⠀⠼⠋⠓⠚&lt;/row&gt;
          &lt;row&gt;⠼⠁⠋⠋⠄⠑⠚⠚⠀⠼⠓⠋⠚⠀⠄⠄⠄⠀⠼⠓⠚⠚⠀⠄⠄⠄⠀⠼⠛⠃⠚&lt;/row&gt;
          &lt;row&gt;⠼⠁⠋⠋⠄⠃⠑⠚⠀⠼⠊⠋⠚⠀⠄⠄⠄⠀⠼⠓⠋⠚⠀⠄⠄⠄⠀⠼⠛⠑⠚&lt;/row&gt;
          &lt;row&gt;⠼⠁⠋⠋⠄⠚⠚⠚⠀⠤⠤⠤⠀⠄⠄⠄⠄⠀⠤⠤⠤⠀⠄⠄⠄⠄⠀⠤⠤⠤&lt;/row&gt;
          &lt;row&gt;⠼⠁⠋⠑⠄⠛⠑⠚⠀⠼⠁⠃⠚⠚⠀⠄⠄⠀⠼⠊⠊⠚⠀⠄⠄⠄⠀⠼⠓⠋⠚&lt;/row&gt;
          &lt;row&gt;⠼⠁⠋⠑⠄⠑⠚⠚⠀⠼⠁⠁⠓⠚⠀⠄⠄⠀⠼⠁⠚⠚⠚⠀⠄⠄⠀⠼⠓⠓⠚&lt;/row&gt;
          &lt;row&gt;⠼⠁⠋⠑⠄⠃⠑⠚⠀⠼⠁⠃⠚⠚⠀⠄⠄⠀⠼⠁⠚⠁⠚⠀⠄⠄⠀⠼⠊⠃⠚&lt;/row&gt;
          &lt;row&gt;⠼⠁⠋⠑⠄⠚⠚⠚⠀⠼⠁⠃⠃⠚⠀⠄⠄⠀⠼⠁⠚⠉⠚⠀⠄⠄⠀⠼⠊⠃⠚&lt;/row&gt;
          &lt;row/&gt;
          &lt;row/&gt;
          &lt;row/&gt;
          &lt;row/&gt;
        &lt;/page&gt;
        &lt;page&gt;
          &lt;row&gt;⠂⠂⠂⠂⠂⠂⠂⠂⠂⠂⠂⠂⠂⠂⠂⠂⠂⠂⠂⠂⠂⠂⠂⠂⠂⠂⠂⠂⠂⠂⠂⠂⠂⠂⠂&lt;/row&gt;
          &lt;row&gt;⠀⠀⠀⠀⠀⠀⠀⠀⠀⠼⠋⠁⠊⠄⠚⠚⠚⠀⠼⠋⠁⠊⠄⠃⠑⠚⠀⠼⠋⠁⠊⠄⠑⠚⠚&lt;/row&gt;
          &lt;row&gt;⠀⠀⠀⠀⠀⠀⠀⠀⠀⠒⠒⠒⠒⠒⠒⠒⠒⠀⠒⠒⠒⠒⠒⠒⠒⠒⠀⠒⠒⠒⠒⠒⠒⠒⠒&lt;/row&gt;
          &lt;row&gt;⠼⠁⠋⠛⠄⠚⠚⠚⠀⠼⠛⠑⠚⠀⠄⠄⠄⠀⠼⠓⠃⠚⠀⠄⠄⠄⠀⠤⠤⠤&lt;/row&gt;
          &lt;row&gt;⠼⠁⠋⠋⠄⠛⠑⠚⠀⠼⠛⠚⠚⠀⠄⠄⠄⠀⠼⠓⠚⠚⠀⠄⠄⠄⠀⠤⠤⠤&lt;/row&gt;
          &lt;row&gt;⠼⠁⠋⠋⠄⠑⠚⠚⠀⠼⠋⠓⠚⠀⠄⠄⠄⠀⠼⠛⠙⠚⠀⠄⠄⠄⠀⠤⠤⠤&lt;/row&gt;
          &lt;row&gt;⠼⠁⠋⠋⠄⠃⠑⠚⠀⠼⠛⠚⠚⠀⠄⠄⠄⠀⠼⠛⠁⠚⠀⠄⠄⠄⠀⠤⠤⠤&lt;/row&gt;
          &lt;row&gt;⠼⠁⠋⠋⠄⠚⠚⠚⠀⠤⠤⠤⠀⠄⠄⠄⠄⠀⠤⠤⠤⠀⠄⠄⠄⠄⠀⠤⠤⠤&lt;/row&gt;
          &lt;row&gt;⠼⠁⠋⠑⠄⠛⠑⠚⠀⠼⠛⠑⠚⠀⠄⠄⠄⠀⠼⠋⠊⠚⠀⠄⠄⠄⠀⠤⠤⠤&lt;/row&gt;
          &lt;row&gt;⠼⠁⠋⠑⠄⠑⠚⠚⠀⠼⠛⠛⠚⠀⠄⠄⠄⠀⠼⠋⠊⠚⠀⠄⠄⠄⠀⠤⠤⠤&lt;/row&gt;
          &lt;row&gt;⠼⠁⠋⠑⠄⠃⠑⠚⠀⠼⠓⠚⠚⠀⠄⠄⠄⠀⠼⠋⠊⠚⠀⠄⠄⠄⠀⠤⠤⠤&lt;/row&gt;
          &lt;row&gt;⠼⠁⠋⠑⠄⠚⠚⠚⠀⠼⠓⠃⠚⠀⠄⠄⠄⠀⠼⠋⠊⠚⠀⠄⠄⠄⠀⠤⠤⠤&lt;/row&gt;
          &lt;row&gt;⠂⠂⠂⠂⠂⠂⠂⠂⠂⠂⠂⠂⠂⠂⠂⠂⠂⠂⠂⠂⠂⠂⠂⠂⠂⠂⠂⠂⠂⠂⠂⠂⠂&lt;/row&gt;
          &lt;row/&gt;
          &lt;row/&gt;
          &lt;row/&gt;
          &lt;row/&gt;
          &lt;row/&gt;
          &lt;row/&gt;
          &lt;row/&gt;
          &lt;row/&gt;
          &lt;row/&gt;
          &lt;row/&gt;
          &lt;row/&gt;
          &lt;row/&gt;
          &lt;row/&gt;
          &lt;row/&gt;
          &lt;row&gt;⠀⠀⠀⠀⠀⠀⠀⠀⠀⠀⠀⠀⠀⠀⠀⠀⠀⠀⠀⠀⠀⠀⠀⠀⠀⠀⠀⠀⠀⠀⠀⠀⠀⠼⠉&lt;/row&gt;
        &lt;/page&gt;
        &lt;page&gt;
          &lt;row/&gt;
          &lt;row/&gt;
          &lt;row/&gt;
          &lt;row/&gt;
          &lt;row/&gt;
          &lt;row/&gt;
          &lt;row/&gt;
          &lt;row/&gt;
          &lt;row/&gt;
          &lt;row/&gt;
          &lt;row/&gt;
          &lt;row/&gt;
          &lt;row/&gt;
          &lt;row/&gt;
          &lt;row/&gt;
          &lt;row/&gt;
          &lt;row/&gt;
          &lt;row/&gt;
          &lt;row/&gt;
          &lt;row/&gt;
          &lt;row/&gt;
          &lt;row/&gt;
          &lt;row/&gt;
          &lt;row/&gt;
          &lt;row/&gt;
          &lt;row/&gt;
          &lt;row/&gt;
          &lt;row/&gt;
        &lt;/page&gt;
      &lt;/section&gt;
    &lt;/volume&gt;
  &lt;/body&gt;
&lt;/pef&gt;

Was:



application/x-pef+xml
identifier?
2016-01-06
(liblouis-table:"http://www.sbs.ch/pipeline/liblouis/tables/sbs.dis")





⠼⠋⠁⠋⠄⠚⠚⠚⠀⠼⠋⠁⠋⠄⠃⠑⠚⠀⠼⠋⠁⠋⠄⠑⠚⠚⠀
⠼⠋⠁⠋⠄⠛⠑⠚⠀⠼⠋⠁⠛⠄⠚⠚⠚⠀⠼⠋⠁⠛⠄⠃⠑⠚⠀
⠼⠋⠁⠛⠄⠑⠚⠚⠀⠼⠋⠁⠛⠄⠛⠑⠚⠀⠼⠋⠁⠓⠄⠚⠚⠚⠀
⠼⠋⠁⠓⠄⠃⠑⠚⠀⠼⠋⠁⠓⠄⠑⠚⠚⠀⠼⠋⠁⠓⠄⠛⠑⠚⠀
⠼⠋⠁⠊⠄⠚⠚⠚⠀⠼⠋⠁⠊⠄⠃⠑⠚⠀⠼⠋⠁⠊⠄⠑⠚⠚
⠼⠁⠋⠛⠄⠚⠚⠚⠀⠼⠁⠋⠛⠚⠀⠼⠁⠛⠚⠚⠀⠼⠁⠋⠓⠚⠀
⠼⠁⠑⠃⠚⠀⠼⠁⠃⠋⠚⠀⠼⠁⠁⠋⠚⠀⠼⠁⠚⠉⠚⠀
⠼⠁⠚⠃⠚⠀⠠⠊⠍⠤⠀⠼⠛⠚⠚⠀⠼⠋⠛⠚⠀⠼⠛⠚⠚⠀
⠼⠛⠑⠚⠀⠼⠓⠃⠚⠀⠠⠊⠍⠤
⠼⠁⠋⠋⠄⠛⠑⠚⠀⠼⠁⠓⠓⠚⠀⠼⠁⠓⠋⠚⠀⠼⠁⠛⠓⠚⠀
⠼⠁⠋⠚⠚⠀⠼⠁⠙⠚⠚⠀⠼⠁⠃⠃⠚⠀⠼⠁⠃⠚⠚⠀
⠼⠁⠁⠚⠚⠀⠠⠊⠍⠤⠀⠼⠛⠓⠚⠀⠼⠛⠃⠚⠀⠼⠋⠓⠚⠀
⠼⠛⠚⠚⠀⠼⠓⠚⠚⠀⠠⠊⠍⠤
⠼⠁⠋⠋⠄⠑⠚⠚⠀⠼⠃⠚⠃⠚⠀⠼⠃⠚⠋⠚⠀⠼⠁⠊⠊⠚⠀
⠼⠁⠛⠉⠚⠀⠼⠁⠑⠛⠚⠀⠼⠁⠑⠃⠚⠀⠼⠁⠉⠙⠚⠀
⠼⠁⠃⠚⠚⠀⠠⠊⠍⠤⠀⠼⠓⠋⠚⠀⠼⠓⠚⠚⠀⠼⠛⠃⠚⠀
⠼⠋⠓⠚⠀⠼⠛⠙⠚⠀⠠⠊⠍⠤
⠼⠁⠋⠋⠄⠃⠑⠚⠀⠼⠃⠁⠚⠚⠀⠼⠃⠃⠓⠚⠀⠼⠃⠁⠓⠚⠀
⠼⠁⠓⠓⠚⠀⠼⠁⠛⠓⠚⠀⠼⠁⠋⠛⠚⠀⠼⠁⠙⠋⠚⠀
⠼⠁⠉⠋⠚⠀⠠⠊⠍⠤⠀⠼⠊⠋⠚⠀⠼⠓⠋⠚⠀⠼⠛⠑⠚⠀
⠼⠛⠚⠚⠀⠼⠛⠁⠚⠀⠠⠊⠍⠤
⠼⠁⠋⠋⠄⠚⠚⠚⠀⠠⠊⠍⠤⠀⠠⠊⠍⠤⠀⠠⠊⠍⠤⠀⠠⠊⠍⠤
⠠⠊⠍⠤⠀⠠⠊⠍⠤⠀⠠⠊⠍⠤⠀⠠⠊⠍⠤⠀⠠⠊⠍⠤⠀
⠠⠊⠍⠤⠀⠠⠊⠍⠤⠀⠠⠊⠍⠤⠀⠠⠊⠍⠤⠀⠠⠊⠍⠤⠀
⠠⠊⠍⠤
⠼⠁⠋⠑⠄⠛⠑⠚⠀⠼⠃⠁⠛⠚⠀⠼⠃⠁⠋⠚⠀⠼⠃⠁⠃⠚⠀
⠼⠁⠊⠃⠚⠀⠼⠁⠓⠋⠚⠀⠼⠁⠛⠋⠚⠀⠼⠁⠋⠓⠚⠀
⠼⠁⠑⠉⠚⠀⠠⠊⠍⠤⠀⠼⠁⠃⠚⠚⠀⠼⠊⠊⠚⠀⠼⠓⠋⠚⠀


⠼⠛⠑⠚⠀⠼⠋⠊⠚⠀⠠⠊⠍⠤
⠼⠁⠋⠑⠄⠑⠚⠚⠀⠼⠃⠚⠓⠚⠀⠼⠁⠊⠊⠚⠀⠼⠁⠊⠊⠚⠀
⠼⠁⠓⠓⠚⠀⠼⠁⠛⠙⠚⠀⠼⠁⠋⠉⠚⠀⠼⠁⠑⠓⠚⠀
⠼⠁⠙⠚⠚⠀⠠⠊⠍⠤⠀⠼⠁⠁⠓⠚⠀⠼⠁⠚⠚⠚⠀⠼⠓⠓⠚⠀
⠼⠛⠛⠚⠀⠼⠋⠊⠚⠀⠠⠊⠍⠤
⠼⠁⠋⠑⠄⠃⠑⠚⠀⠼⠁⠊⠃⠚⠀⠼⠁⠓⠓⠚⠀⠼⠁⠓⠋⠚⠀
⠼⠁⠛⠙⠚⠀⠼⠁⠛⠚⠚⠀⠼⠁⠑⠃⠚⠀⠼⠁⠙⠋⠚⠀
⠼⠁⠑⠚⠚⠀⠠⠊⠍⠤⠀⠼⠁⠃⠚⠚⠀⠼⠁⠚⠁⠚⠀⠼⠊⠃⠚⠀
⠼⠓⠚⠚⠀⠼⠋⠊⠚⠀⠠⠊⠍⠤
⠼⠁⠋⠑⠄⠚⠚⠚⠀⠼⠁⠓⠚⠚⠀⠼⠁⠛⠋⠚⠀⠼⠁⠛⠉⠚⠀
⠼⠁⠋⠙⠚⠀⠼⠁⠑⠓⠚⠀⠼⠁⠙⠛⠚⠀⠼⠁⠉⠓⠚⠀
⠼⠁⠙⠚⠚⠀⠠⠊⠍⠤⠀⠼⠁⠃⠃⠚⠀⠼⠁⠚⠉⠚⠀⠼⠊⠃⠚⠀
⠼⠓⠃⠚⠀⠼⠋⠊⠚⠀⠠⠊⠍⠤




</system-err></testcase></testsuite><testsuite timestamp="2016-01-06T19:14:48.049Z" hostname="localhost" tests="2" errors="0" failures="1" skipped="0" id="d44678e1" name="4458Matrix+HeadingCellsUnderlined4462ColspanWithFillPattern" package="http://www.daisy.org/ns/pipeline/xproc/internal" time="3.724">
<properties><property name="input: source" value="&lt;dtbook xmlns=&#34;http://www.daisy.org/z3986/2005/dtbook/&#34; ...&gt;...&lt;/dtbook&gt; (Base URI: file:/Users/bert/src/snaekobbi/src/requirements/src/test/tables/test.xprocspec)"/>

<property name="option: stylesheet" value="file:/Users/bert/src/snaekobbi/src/requirements/src/resources/tables/test_4.4.58_ex5_matrix/style.css"/>
<property name="option: transform" value="(formatter:dotify)(translator:sbs)(grade:0)"/>
<property name="option: ascii-table" value="(liblouis-table:&#34;http://www.sbs.ch/pipeline/liblouis/tables/sbs.dis&#34;)"/>
<property name="option: temp-dir" value="file:/Users/bert/src/snaekobbi/src/requirements/target/xprocspec//tmp/xprocspec-20160106201408683/"/>

</properties>
<testcase name="theStepShouldExecuteSuccessfullyWithoutThrowingAnyErrors" classname="css-inline-and-px-transform-type-css" assertions="1" time="0" status="SUCCESS"><system-out>the step should execute successfully without throwing any errors: SUCCESS</system-out>
<system-err/></testcase><testcase name="result" classname="css-inline-and-px-transform-type-css" assertions="1" time="0" status="FAILED"><failure message="result" type="custom"/><system-out>result: FAILED</system-out>
<system-err>Expected:
&lt;pef xmlns="http://www.daisy.org/ns/2008/pef" version="2008-1"&gt;
  &lt;head&gt;
    &lt;meta xmlns:dc="http://purl.org/dc/elements/1.1/"&gt;
      &lt;dc:title&gt;Ohne Titel&lt;/dc:title&gt;
      &lt;dc:creator&gt;SBS&lt;/dc:creator&gt;
      &lt;dc:date&gt;0000-00-00&lt;/dc:date&gt;
      &lt;dc:format&gt;application/x-pef+xml&lt;/dc:format&gt;
      &lt;dc:identifier&gt;org.pef-format.00002&lt;/dc:identifier&gt;
      &lt;dc:description&gt;Ohnee Beschreibung&lt;/dc:description&gt;
      &lt;dc:language&gt;de&lt;/dc:language&gt;
    &lt;/meta&gt;
  &lt;/head&gt;
  &lt;body&gt;
    &lt;volume cols="35" rows="28" rowgap="0" duplex="true"&gt;
      &lt;section&gt;
        &lt;page/&gt;
        &lt;page&gt;
          &lt;row&gt;⠩⠵⠑⠟⠉⠀⠸⠒⠒⠒⠒⠒⠒⠒⠒⠀⠎⠏⠻⠍⠊⠉⠀⠒⠒⠒⠒⠒⠒⠒⠒⠒⠇&lt;/row&gt;
          &lt;row&gt;⠀⠀⠀⠀⠀⠀⠘⠙⠓⠀⠀⠀⠀⠨⠙⠓⠀⠀⠀⠀⠠⠙⠘⠓⠀⠀⠀⠠⠙⠓&lt;/row&gt;
          &lt;row&gt;⠒⠒⠒⠒⠒⠀⠒⠒⠒⠒⠒⠒⠀⠒⠒⠒⠒⠒⠒⠀⠒⠒⠒⠒⠒⠒⠀⠒⠒⠒⠒⠒⠒&lt;/row&gt;
          &lt;row&gt;⠘⠙⠓⠀⠀⠀⠘⠙⠙⠓⠓⠀⠀⠘⠙⠙⠓⠠⠓⠀⠨⠙⠙⠘⠓⠓⠀⠨⠙⠙⠨⠓⠓&lt;/row&gt;
          &lt;row&gt;⠨⠙⠓⠀⠀⠀⠘⠙⠙⠓⠠⠓⠀⠘⠙⠙⠠⠓⠓⠀⠨⠙⠙⠨⠓⠓⠀⠨⠙⠙⠓⠓&lt;/row&gt;
          &lt;row&gt;⠠⠙⠘⠓⠀⠀⠨⠙⠙⠘⠓⠓⠀⠨⠙⠙⠨⠓⠓⠀⠠⠙⠙⠘⠓⠓⠀⠠⠙⠙⠨⠓⠓&lt;/row&gt;
          &lt;row&gt;⠠⠙⠓⠀⠀⠀⠨⠙⠙⠨⠓⠓⠀⠨⠙⠙⠓⠓⠀⠀⠠⠙⠙⠨⠓⠓⠀⠠⠙⠙⠓⠓&lt;/row&gt;
          &lt;row/&gt;
          &lt;row/&gt;
          &lt;row/&gt;
          &lt;row/&gt;
          &lt;row/&gt;
          &lt;row/&gt;
          &lt;row/&gt;
          &lt;row/&gt;
          &lt;row/&gt;
          &lt;row/&gt;
          &lt;row/&gt;
          &lt;row/&gt;
          &lt;row/&gt;
          &lt;row/&gt;
          &lt;row/&gt;
          &lt;row/&gt;
          &lt;row/&gt;
          &lt;row/&gt;
          &lt;row/&gt;
          &lt;row/&gt;
          &lt;row&gt;⠀⠀⠀⠀⠀⠀⠀⠀⠀⠀⠀⠀⠀⠀⠀⠀⠀⠀⠀⠀⠀⠀⠀⠀⠀⠀⠀⠀⠀⠀⠀⠀⠀⠼⠁&lt;/row&gt;
        &lt;/page&gt;
        &lt;page&gt;
          &lt;row/&gt;
          &lt;row/&gt;
          &lt;row/&gt;
          &lt;row/&gt;
          &lt;row/&gt;
          &lt;row/&gt;
          &lt;row/&gt;
          &lt;row/&gt;
          &lt;row/&gt;
          &lt;row/&gt;
          &lt;row/&gt;
          &lt;row/&gt;
          &lt;row/&gt;
          &lt;row/&gt;
          &lt;row/&gt;
          &lt;row/&gt;
          &lt;row/&gt;
          &lt;row/&gt;
          &lt;row/&gt;
          &lt;row/&gt;
          &lt;row/&gt;
          &lt;row/&gt;
          &lt;row/&gt;
          &lt;row/&gt;
          &lt;row/&gt;
          &lt;row/&gt;
          &lt;row/&gt;
          &lt;row/&gt;
        &lt;/page&gt;
      &lt;/section&gt;
    &lt;/volume&gt;
  &lt;/body&gt;
&lt;/pef&gt;

Was:



application/x-pef+xml
identifier?
2016-01-06
(liblouis-table:"http://www.sbs.ch/pipeline/liblouis/tables/sbs.dis")





⠩⠵⠑⠟⠉⠀⠎⠏⠻⠍⠊⠉
⠙⠓⠀⠙⠓⠀⠙⠓⠀⠙⠓
⠙⠓⠀⠙⠙⠓⠓⠀⠙⠙⠓⠓⠀⠙⠙⠓⠓⠀⠙⠙⠓⠓
⠙⠓⠀⠙⠙⠓⠓⠀⠙⠙⠓⠓⠀⠙⠙⠓⠓⠀⠙⠙⠓⠓
⠙⠓⠀⠙⠙⠓⠓⠀⠙⠙⠓⠓⠀⠙⠙⠓⠓⠀⠙⠙⠓⠓
⠙⠓⠀⠙⠙⠓⠓⠀⠙⠙⠓⠓⠀⠙⠙⠓⠓⠀⠙⠙⠓⠓




</system-err></testcase></testsuite><testsuite timestamp="2016-01-06T19:14:48.056Z" hostname="localhost" tests="2" errors="0" failures="1" skipped="0" id="d44685e1" name="4465Twocolumn+Leaders+2ndColumnLeftAligned" package="http://www.daisy.org/ns/pipeline/xproc/internal" time="3.777">
<properties><property name="input: source" value="&lt;dtbook xmlns=&#34;http://www.daisy.org/z3986/2005/dtbook/&#34; ...&gt;...&lt;/dtbook&gt; (Base URI: file:/Users/bert/src/snaekobbi/src/requirements/src/test/tables/test.xprocspec)"/>

<property name="option: stylesheet" value="file:/Users/bert/src/snaekobbi/src/requirements/src/resources/tables/test_4.4.65_ex2_leaders/style.css"/>
<property name="option: transform" value="(formatter:dotify)(translator:sbs)(grade:0)"/>
<property name="option: ascii-table" value="(liblouis-table:&#34;http://www.sbs.ch/pipeline/liblouis/tables/sbs.dis&#34;)"/>
<property name="option: temp-dir" value="file:/Users/bert/src/snaekobbi/src/requirements/target/xprocspec//tmp/xprocspec-20160106201408683/"/>

</properties>
<testcase name="theStepShouldExecuteSuccessfullyWithoutThrowingAnyErrors" classname="css-inline-and-px-transform-type-css" assertions="1" time="0" status="SUCCESS"><system-out>the step should execute successfully without throwing any errors: SUCCESS</system-out>
<system-err/></testcase><testcase name="result" classname="css-inline-and-px-transform-type-css" assertions="1" time="0" status="FAILED"><failure message="result" type="custom"/><system-out>result: FAILED</system-out>
<system-err>Expected:
&lt;pef xmlns="http://www.daisy.org/ns/2008/pef" version="2008-1"&gt;
  &lt;head&gt;
    &lt;meta xmlns:dc="http://purl.org/dc/elements/1.1/"&gt;
      &lt;dc:title&gt;Ohne Titel&lt;/dc:title&gt;
      &lt;dc:creator&gt;SBS&lt;/dc:creator&gt;
      &lt;dc:date&gt;0000-00-00&lt;/dc:date&gt;
      &lt;dc:format&gt;application/x-pef+xml&lt;/dc:format&gt;
      &lt;dc:identifier&gt;org.pef-format.00002&lt;/dc:identifier&gt;
      &lt;dc:description&gt;Ohnee Beschreibung&lt;/dc:description&gt;
      &lt;dc:language&gt;de&lt;/dc:language&gt;
    &lt;/meta&gt;
  &lt;/head&gt;
  &lt;body&gt;
    &lt;volume cols="28" rows="28" rowgap="0" duplex="true"&gt;
      &lt;section&gt;
        &lt;page/&gt;
        &lt;page&gt;
          &lt;row&gt;⠁⠶&lt;/row&gt;
          &lt;row&gt;⠀⠀⠨⠧⠕⠗⠎⠊⠉⠓⠞⠀⠄⠄⠄⠄⠄⠄⠄⠄⠄⠄⠄⠀⠨⠺⠊⠑⠢&lt;/row&gt;
          &lt;row&gt;⠀⠀⠳⠃⠑⠗⠟⠥⠑⠗⠞⠀⠄⠄⠄⠄⠄⠄⠄⠄⠄⠄⠄⠀⠨⠧⠑⠗⠃&lt;/row&gt;
          &lt;row&gt;⠀⠀⠙⠊⠑⠀⠨⠅⠁⠞⠵⠑⠀⠄⠄⠄⠄⠄⠄⠄⠄⠄⠄⠀⠨⠺⠑⠗⠢&lt;/row&gt;
          &lt;row&gt;⠀⠀⠧⠕⠗⠀⠙⠑⠍⠀⠨⠎⠉⠓⠥⠇⠓⠁⠥⠎⠀⠄⠄⠀⠨⠺⠕⠢&lt;/row&gt;
          &lt;row&gt;⠀⠀⠙⠊⠑⠀⠨⠎⠞⠗⠁⠎⠎⠑⠄⠀⠄⠄⠄⠄⠄⠄⠄⠀⠨⠺⠑⠝⠐⠂&lt;/row&gt;
          &lt;row&gt;⠃⠶&lt;/row&gt;
          &lt;row&gt;⠀⠀⠨⠛⠑⠛⠑⠝⠀⠨⠁⠃⠑⠝⠙⠀⠄⠄⠄⠄⠄⠄⠄⠀⠤⠤⠤&lt;/row&gt;
          &lt;row&gt;⠀⠀⠃⠑⠅⠁⠍⠀⠄⠄⠄⠄⠄⠄⠄⠄⠄⠄⠄⠄⠄⠄⠄⠀⠤⠤⠤&lt;/row&gt;
          &lt;row&gt;⠀⠀⠤⠤⠤⠀⠄⠄⠄⠄⠄⠄⠄⠄⠄⠄⠄⠄⠄⠄⠄⠄⠄⠀⠤⠤⠤&lt;/row&gt;
          &lt;row&gt;⠀⠀⠤⠤⠤⠀⠄⠄⠄⠄⠄⠄⠄⠄⠄⠄⠄⠄⠄⠄⠄⠄⠄⠀⠤⠤⠤&lt;/row&gt;
          &lt;row&gt;⠀⠀⠤⠤⠤⠀⠄⠄⠄⠄⠄⠄⠄⠄⠄⠄⠄⠄⠄⠄⠄⠄⠄⠀⠤⠤⠤&lt;/row&gt;
          &lt;row/&gt;
          &lt;row/&gt;
          &lt;row/&gt;
          &lt;row/&gt;
          &lt;row/&gt;
          &lt;row/&gt;
          &lt;row/&gt;
          &lt;row/&gt;
          &lt;row/&gt;
          &lt;row/&gt;
          &lt;row/&gt;
          &lt;row/&gt;
          &lt;row/&gt;
          &lt;row/&gt;
          &lt;row/&gt;
          &lt;row/&gt;
        &lt;/page&gt;
        &lt;page&gt;
          &lt;row/&gt;
          &lt;row/&gt;
          &lt;row/&gt;
          &lt;row/&gt;
          &lt;row/&gt;
          &lt;row/&gt;
          &lt;row/&gt;
          &lt;row/&gt;
          &lt;row/&gt;
          &lt;row/&gt;
          &lt;row/&gt;
          &lt;row/&gt;
          &lt;row/&gt;
          &lt;row/&gt;
          &lt;row/&gt;
          &lt;row/&gt;
          &lt;row/&gt;
          &lt;row/&gt;
          &lt;row/&gt;
          &lt;row/&gt;
          &lt;row/&gt;
          &lt;row/&gt;
          &lt;row/&gt;
          &lt;row/&gt;
          &lt;row/&gt;
          &lt;row/&gt;
          &lt;row/&gt;
          &lt;row/&gt;
        &lt;/page&gt;
      &lt;/section&gt;
    &lt;/volume&gt;
  &lt;/body&gt;
&lt;/pef&gt;

Was:



application/x-pef+xml
identifier?
2016-01-06
(liblouis-table:"http://www.sbs.ch/pipeline/liblouis/tables/sbs.dis")





⠠⠁⠶
⠂⠢⠎⠼⠞⠀⠣⠢
⠂⠳⠠⠟⠥⠻⠞⠀⠧⠻⠃
⠬⠀⠅⠁⠞⠵⠑⠀⠺⠻⠢
⠢⠀⠷⠀⠱⠥⠇⠓⠡⠎⠀⠺⠕⠢
⠬⠀⠾⠗⠁⠮⠑⠄⠀⠺⠉⠐⠂⠺⠢
⠠⠃⠶
⠛⠀⠁⠃⠉⠙⠀⠠⠊⠍⠤
⠆⠅⠁⠍⠀⠠⠊⠍⠤
⠠⠊⠍⠤⠀⠠⠊⠍⠤
⠠⠊⠍⠤⠀⠠⠊⠍⠤
⠠⠊⠍⠤⠀⠠⠊⠍⠤




</system-err></testcase></testsuite><testsuite timestamp="2016-01-06T19:14:48.063Z" hostname="localhost" tests="2" errors="0" failures="1" skipped="0" id="d44692e1" name="4458Matrix+HeadingCellsUnderlined4459TableHeadingRepeatedOnEachPage" package="http://www.daisy.org/ns/pipeline/xproc/internal" time="4.063">
<properties><property name="input: source" value="&lt;dtbook xmlns=&#34;http://www.daisy.org/z3986/2005/dtbook/&#34; ...&gt;...&lt;/dtbook&gt; (Base URI: file:/Users/bert/src/snaekobbi/src/requirements/src/test/tables/test.xprocspec)"/>

<property name="option: stylesheet" value="file:/Users/bert/src/snaekobbi/src/requirements/src/resources/tables/test_4.4.59_ex1_repeating_heading/style.css"/>
<property name="option: transform" value="(formatter:dotify)(translator:sbs)(grade:0)"/>
<property name="option: ascii-table" value="(liblouis-table:&#34;http://www.sbs.ch/pipeline/liblouis/tables/sbs.dis&#34;)"/>
<property name="option: temp-dir" value="file:/Users/bert/src/snaekobbi/src/requirements/target/xprocspec//tmp/xprocspec-20160106201408683/"/>

</properties>
<testcase name="theStepShouldExecuteSuccessfullyWithoutThrowingAnyErrors" classname="css-inline-and-px-transform-type-css" assertions="1" time="0" status="SUCCESS"><system-out>the step should execute successfully without throwing any errors: SUCCESS</system-out>
<system-err/></testcase><testcase name="result" classname="css-inline-and-px-transform-type-css" assertions="1" time="0" status="FAILED"><failure message="result" type="custom"/><system-out>result: FAILED</system-out>
<system-err>Expected:
&lt;pef xmlns="http://www.daisy.org/ns/2008/pef" version="2008-1"&gt;
  &lt;head&gt;
    &lt;meta xmlns:dc="http://purl.org/dc/elements/1.1/"&gt;
      &lt;dc:title&gt;Ohne Titel&lt;/dc:title&gt;
      &lt;dc:creator&gt;SBS&lt;/dc:creator&gt;
      &lt;dc:date&gt;0000-00-00&lt;/dc:date&gt;
      &lt;dc:format&gt;application/x-pef+xml&lt;/dc:format&gt;
      &lt;dc:identifier&gt;org.pef-format.00002&lt;/dc:identifier&gt;
      &lt;dc:description&gt;Ohnee Beschreibung&lt;/dc:description&gt;
      &lt;dc:language&gt;de&lt;/dc:language&gt;
    &lt;/meta&gt;
  &lt;/head&gt;
  &lt;body&gt;
    &lt;volume cols="28" rows="8" rowgap="0" duplex="true"&gt;
      &lt;section&gt;
        &lt;page/&gt;
        &lt;page&gt;
          &lt;row&gt;⠍⠁⠇⠀⠀⠼⠁⠀⠀⠀⠼⠃⠀⠀⠀⠼⠉⠀⠀⠀⠼⠙⠀⠀⠀⠼⠑&lt;/row&gt;
          &lt;row&gt;⠒⠒⠒⠀⠀⠒⠒⠒⠀⠀⠒⠒⠒⠀⠀⠒⠒⠒⠀⠀⠒⠒⠒⠀⠀⠒⠒⠒&lt;/row&gt;
          &lt;row&gt;⠼⠁⠀⠀⠀⠼⠁⠀⠀⠀⠼⠃⠀⠀⠀⠼⠉⠀⠀⠀⠼⠙⠀⠀⠀⠼⠑&lt;/row&gt;
          &lt;row&gt;⠼⠃⠀⠀⠀⠼⠃⠀⠀⠀⠼⠙⠀⠀⠀⠼⠋⠀⠀⠀⠼⠓⠀⠀⠀⠼⠁⠚&lt;/row&gt;
          &lt;row&gt;⠼⠉⠀⠀⠀⠼⠉⠀⠀⠀⠼⠋⠀⠀⠀⠼⠊⠀⠀⠀⠼⠁⠃⠀⠀⠼⠁⠑&lt;/row&gt;
          &lt;row&gt;⠼⠙⠀⠀⠀⠼⠙⠀⠀⠀⠼⠓⠀⠀⠀⠼⠁⠃⠀⠀⠼⠁⠋⠀⠀⠼⠃⠚&lt;/row&gt;
          &lt;row&gt;⠼⠑⠀⠀⠀⠼⠑⠀⠀⠀⠼⠁⠚⠀⠀⠼⠁⠑⠀⠀⠼⠃⠚⠀⠀⠼⠃⠑&lt;/row&gt;
          &lt;row&gt;⠀⠀⠀⠀⠀⠀⠀⠀⠀⠀⠀⠀⠀⠀⠀⠀⠀⠀⠀⠀⠀⠀⠀⠀⠀⠀⠼⠁&lt;/row&gt;
        &lt;/page&gt;
        &lt;page&gt;
          &lt;row&gt;⠍⠁⠇⠀⠀⠼⠁⠀⠀⠀⠼⠃⠀⠀⠀⠼⠉⠀⠀⠀⠼⠙⠀⠀⠀⠼⠑&lt;/row&gt;
          &lt;row&gt;⠒⠒⠒⠀⠀⠒⠒⠒⠀⠀⠒⠒⠒⠀⠀⠒⠒⠒⠀⠀⠒⠒⠒⠀⠀⠒⠒⠒&lt;/row&gt;
          &lt;row&gt;⠼⠋⠀⠀⠀⠼⠋⠀⠀⠀⠼⠁⠃⠀⠀⠼⠁⠓⠀⠀⠼⠃⠙⠀⠀⠼⠉⠚&lt;/row&gt;
          &lt;row&gt;⠼⠛⠀⠀⠀⠼⠛⠀⠀⠀⠼⠁⠙⠀⠀⠼⠃⠁⠀⠀⠼⠃⠓⠀⠀⠼⠉⠑&lt;/row&gt;
          &lt;row&gt;⠼⠓⠀⠀⠀⠼⠓⠀⠀⠀⠼⠁⠋⠀⠀⠼⠃⠙⠀⠀⠼⠉⠃⠀⠀⠼⠙⠚&lt;/row&gt;
          &lt;row&gt;⠼⠊⠀⠀⠀⠼⠊⠀⠀⠀⠼⠁⠓⠀⠀⠼⠃⠛⠀⠀⠼⠉⠋⠀⠀⠼⠙⠑&lt;/row&gt;
          &lt;row&gt;⠼⠁⠚⠀⠀⠼⠁⠚⠀⠀⠼⠃⠚⠀⠀⠼⠉⠚⠀⠀⠼⠙⠚⠀⠀⠼⠑⠚&lt;/row&gt;
          &lt;row&gt;⠼⠁⠁⠀⠀⠼⠁⠁⠀⠀⠼⠃⠃⠀⠀⠼⠉⠉⠀⠀⠼⠙⠙⠀⠀⠼⠑⠑&lt;/row&gt;
        &lt;/page&gt;
        &lt;page&gt;
          &lt;row&gt;⠍⠁⠇⠀⠀⠼⠁⠀⠀⠀⠼⠃⠀⠀⠀⠼⠉⠀⠀⠀⠼⠙⠀⠀⠀⠼⠑&lt;/row&gt;
          &lt;row&gt;⠒⠒⠒⠀⠀⠒⠒⠒⠀⠀⠒⠒⠒⠀⠀⠒⠒⠒⠀⠀⠒⠒⠒⠀⠀⠒⠒⠒&lt;/row&gt;
          &lt;row&gt;⠼⠁⠃⠀⠀⠼⠁⠃⠀⠀⠼⠃⠙⠀⠀⠼⠉⠋⠀⠀⠼⠙⠓⠀⠀⠼⠋⠚&lt;/row&gt;
          &lt;row&gt;⠼⠁⠉⠀⠀⠼⠁⠉⠀⠀⠼⠃⠋⠀⠀⠼⠉⠊⠀⠀⠼⠑⠃⠀⠀⠼⠋⠑&lt;/row&gt;
          &lt;row&gt;⠼⠁⠙⠀⠀⠼⠁⠙⠀⠀⠼⠃⠓⠀⠀⠼⠙⠃⠀⠀⠼⠑⠋⠀⠀⠼⠛⠚&lt;/row&gt;
          &lt;row&gt;⠼⠁⠑⠀⠀⠼⠁⠑⠀⠀⠼⠉⠚⠀⠀⠼⠙⠑⠀⠀⠼⠋⠚⠀⠀⠼⠛⠑&lt;/row&gt;
          &lt;row&gt;⠼⠁⠋⠀⠀⠼⠁⠋⠀⠀⠼⠉⠃⠀⠀⠼⠙⠓⠀⠀⠼⠋⠙⠀⠀⠼⠓⠚&lt;/row&gt;
          &lt;row&gt;⠀⠀⠀⠀⠀⠀⠀⠀⠀⠀⠀⠀⠀⠀⠀⠀⠀⠀⠀⠀⠀⠀⠀⠀⠀⠀⠼⠉&lt;/row&gt;
        &lt;/page&gt;
        &lt;page&gt;
          &lt;row&gt;⠍⠁⠇⠀⠀⠼⠁⠀⠀⠀⠼⠃⠀⠀⠀⠼⠉⠀⠀⠀⠼⠙⠀⠀⠀⠼⠑&lt;/row&gt;
          &lt;row&gt;⠒⠒⠒⠀⠀⠒⠒⠒⠀⠀⠒⠒⠒⠀⠀⠒⠒⠒⠀⠀⠒⠒⠒⠀⠀⠒⠒⠒&lt;/row&gt;
          &lt;row&gt;⠼⠁⠛⠀⠀⠼⠁⠛⠀⠀⠼⠉⠙⠀⠀⠼⠑⠁⠀⠀⠼⠋⠓⠀⠀⠼⠓⠑&lt;/row&gt;
          &lt;row&gt;⠼⠁⠓⠀⠀⠼⠁⠓⠀⠀⠼⠉⠋⠀⠀⠼⠑⠙⠀⠀⠼⠛⠃⠀⠀⠼⠊⠚&lt;/row&gt;
          &lt;row&gt;⠼⠁⠊⠀⠀⠼⠁⠊⠀⠀⠼⠉⠓⠀⠀⠼⠑⠛⠀⠀⠼⠛⠋⠀⠀⠼⠊⠑&lt;/row&gt;
          &lt;row/&gt;
          &lt;row/&gt;
          &lt;row/&gt;
        &lt;/page&gt;
      &lt;/section&gt;
    &lt;/volume&gt;
  &lt;/body&gt;
&lt;/pef&gt;

Was:



application/x-pef+xml
identifier?
2016-01-06
(liblouis-table:"http://www.sbs.ch/pipeline/liblouis/tables/sbs.dis")





⠍⠁⠇⠀⠼⠁⠀⠼⠃⠀⠼⠉⠀⠼⠙⠀⠼⠑
⠼⠁⠀⠼⠁⠀⠼⠃⠀⠼⠉⠀⠼⠙⠀⠼⠑
⠼⠃⠀⠼⠃⠀⠼⠙⠀⠼⠋⠀⠼⠓⠀⠼⠁⠚
⠼⠉⠀⠼⠉⠀⠼⠋⠀⠼⠊⠀⠼⠁⠃⠀⠼⠁⠑
⠼⠙⠀⠼⠙⠀⠼⠓⠀⠼⠁⠃⠀⠼⠁⠋⠀⠼⠃⠚
⠼⠑⠀⠼⠑⠀⠼⠁⠚⠀⠼⠁⠑⠀⠼⠃⠚⠀⠼⠃⠑
⠼⠋⠀⠼⠋⠀⠼⠁⠃⠀⠼⠁⠓⠀⠼⠃⠙⠀⠼⠉⠚
⠼⠛⠀⠼⠛⠀⠼⠁⠙⠀⠼⠃⠁⠀⠼⠃⠓⠀⠼⠉⠑
⠼⠓⠀⠼⠓⠀⠼⠁⠋⠀⠼⠃⠙⠀⠼⠉⠃⠀⠼⠙⠚
⠼⠊⠀⠼⠊⠀⠼⠁⠓⠀⠼⠃⠛⠀⠼⠉⠋⠀⠼⠙⠑
⠼⠁⠚⠀⠼⠁⠚⠀⠼⠃⠚⠀⠼⠉⠚⠀⠼⠙⠚⠀⠼⠑⠚
⠼⠁⠁⠀⠼⠁⠁⠀⠼⠃⠃⠀⠼⠉⠉⠀⠼⠙⠙⠀⠼⠑⠑
⠼⠁⠃⠀⠼⠁⠃⠀⠼⠃⠙⠀⠼⠉⠋⠀⠼⠙⠓⠀⠼⠋⠚
⠼⠁⠉⠀⠼⠁⠉⠀⠼⠃⠋⠀⠼⠉⠊⠀⠼⠑⠃⠀⠼⠋⠑
⠼⠁⠙⠀⠼⠁⠙⠀⠼⠃⠓⠀⠼⠙⠃⠀⠼⠑⠋⠀⠼⠛⠚
⠼⠁⠑⠀⠼⠁⠑⠀⠼⠉⠚⠀⠼⠙⠑⠀⠼⠋⠚⠀⠼⠛⠑
⠼⠁⠋⠀⠼⠁⠋⠀⠼⠉⠃⠀⠼⠙⠓⠀⠼⠋⠙⠀⠼⠓⠚
⠼⠁⠛⠀⠼⠁⠛⠀⠼⠉⠙⠀⠼⠑⠁⠀⠼⠋⠓⠀⠼⠓⠑
⠼⠁⠓⠀⠼⠁⠓⠀⠼⠉⠋⠀⠼⠑⠙⠀⠼⠛⠃⠀⠼⠊⠚
⠼⠁⠊⠀⠼⠁⠊⠀⠼⠉⠓⠀⠼⠑⠛⠀⠼⠛⠋⠀⠼⠊⠑




</system-err></testcase></testsuite><testsuite timestamp="2016-01-06T19:14:48.07Z" hostname="localhost" tests="2" errors="0" failures="1" skipped="0" id="d44699e1" name="4457RowAsSublistRepeatColumnHeader" package="http://www.daisy.org/ns/pipeline/xproc/internal" time="3.815">
<properties><property name="input: source" value="&lt;dtbook xmlns=&#34;http://www.daisy.org/z3986/2005/dtbook/&#34; ...&gt;...&lt;/dtbook&gt; (Base URI: file:/Users/bert/src/snaekobbi/src/requirements/src/test/tables/test.xprocspec)"/>

<property name="option: stylesheet" value="file:/Users/bert/src/snaekobbi/src/requirements/src/resources/tables/test_4.4.57_ex2_row_as_sublist/style.css"/>
<property name="option: transform" value="(formatter:dotify)(translator:sbs)(grade:0)"/>
<property name="option: ascii-table" value="(liblouis-table:&#34;http://www.sbs.ch/pipeline/liblouis/tables/sbs.dis&#34;)"/>
<property name="option: temp-dir" value="file:/Users/bert/src/snaekobbi/src/requirements/target/xprocspec//tmp/xprocspec-20160106201408683/"/>

</properties>
<testcase name="theStepShouldExecuteSuccessfullyWithoutThrowingAnyErrors" classname="css-inline-and-px-transform-type-css" assertions="1" time="0" status="SUCCESS"><system-out>the step should execute successfully without throwing any errors: SUCCESS</system-out>
<system-err/></testcase><testcase name="result" classname="css-inline-and-px-transform-type-css" assertions="1" time="0" status="FAILED"><failure message="result" type="custom"/><system-out>result: FAILED</system-out>
<system-err>Expected:
&lt;pef xmlns="http://www.daisy.org/ns/2008/pef" version="2008-1"&gt;
  &lt;head&gt;
    &lt;meta xmlns:dc="http://purl.org/dc/elements/1.1/"&gt;
      &lt;dc:title&gt;Ohne Titel&lt;/dc:title&gt;
      &lt;dc:creator&gt;SBS&lt;/dc:creator&gt;
      &lt;dc:date&gt;0000-00-00&lt;/dc:date&gt;
      &lt;dc:format&gt;application/x-pef+xml&lt;/dc:format&gt;
      &lt;dc:identifier&gt;org.pef-format.00002&lt;/dc:identifier&gt;
      &lt;dc:description&gt;Ohnee Beschreibung&lt;/dc:description&gt;
      &lt;dc:language&gt;de&lt;/dc:language&gt;
    &lt;/meta&gt;
  &lt;/head&gt;
  &lt;body&gt;
    &lt;volume cols="28" rows="28" rowgap="0" duplex="true"&gt;
      &lt;section&gt;
        &lt;page/&gt;
        &lt;page&gt;
          &lt;row&gt;⠋⠳⠝⠋⠀⠇⠜⠝⠙⠑⠗⠀⠊⠍⠀⠧⠑⠗⠛⠇⠑⠊⠉⠓&lt;/row&gt;
          &lt;row&gt;⠘⠥⠎⠁&lt;/row&gt;
          &lt;row&gt;⠀⠀⠓⠁⠥⠏⠞⠎⠞⠁⠙⠞⠒⠀⠺⠁⠎⠓⠊⠝⠛⠞⠕⠝&lt;/row&gt;
          &lt;row&gt;⠀⠀⠺⠜⠓⠗⠥⠝⠛⠒⠀⠘⠥⠎⠤⠙⠕⠇⠇⠁⠗&lt;/row&gt;
          &lt;row&gt;⠀⠀⠁⠍⠞⠎⠎⠏⠗⠁⠉⠓⠑⠒⠀⠑⠝⠛⠇⠊⠎⠉⠓&lt;/row&gt;
          &lt;row&gt;⠀⠀⠟⠥⠑⠇⠇⠑⠒⠀⠺⠊⠅⠊⠏⠑⠙⠊⠁&lt;/row&gt;
          &lt;row&gt;⠚⠁⠏⠁⠝&lt;/row&gt;
          &lt;row&gt;⠀⠀⠓⠁⠥⠏⠞⠎⠞⠁⠙⠞⠒⠀⠞⠕⠅⠊⠕&lt;/row&gt;
          &lt;row&gt;⠀⠀⠺⠜⠓⠗⠥⠝⠛⠒⠀⠽⠑⠝&lt;/row&gt;
          &lt;row&gt;⠀⠀⠁⠍⠞⠎⠎⠏⠗⠁⠉⠓⠑⠒⠀⠚⠁⠏⠁⠝⠊⠎⠉⠓&lt;/row&gt;
          &lt;row&gt;⠀⠀⠟⠥⠑⠇⠇⠑⠒⠀⠺⠊⠅⠊⠏⠑⠙⠊⠁&lt;/row&gt;
          &lt;row&gt;⠊⠝⠙⠊⠑⠝&lt;/row&gt;
          &lt;row&gt;⠀⠀⠓⠁⠥⠏⠞⠎⠞⠁⠙⠞⠒⠀⠝⠑⠥⠤⠙⠑⠇⠓⠊&lt;/row&gt;
          &lt;row&gt;⠀⠀⠺⠜⠓⠗⠥⠝⠛⠒⠀⠗⠥⠏⠊⠑&lt;/row&gt;
          &lt;row&gt;⠀⠀⠁⠍⠞⠎⠎⠏⠗⠁⠉⠓⠑⠒⠀⠓⠊⠝⠙⠊&lt;/row&gt;
          &lt;row&gt;⠀⠀⠟⠥⠑⠇⠇⠑⠒⠀⠺⠊⠅⠊⠏⠑⠙⠊⠁&lt;/row&gt;
          &lt;row&gt;⠛⠗⠪⠝⠇⠁⠝⠙&lt;/row&gt;
          &lt;row&gt;⠀⠀⠓⠁⠥⠏⠞⠎⠞⠁⠙⠞⠒⠀⠝⠥⠥⠅&lt;/row&gt;
          &lt;row&gt;⠀⠀⠺⠜⠓⠗⠥⠝⠛⠒⠀⠙⠜⠝⠊⠎⠉⠓⠑⠀⠅⠗⠕⠝⠑&lt;/row&gt;
          &lt;row&gt;⠀⠀⠁⠍⠞⠎⠎⠏⠗⠁⠉⠓⠑⠒⠀⠙⠜⠝⠊⠎⠉⠓&lt;/row&gt;
          &lt;row&gt;⠀⠀⠟⠥⠑⠇⠇⠑⠒⠀⠺⠊⠅⠊⠏⠑⠙⠊⠁&lt;/row&gt;
          &lt;row&gt;⠃⠗⠁⠎⠊⠇⠊⠑⠝&lt;/row&gt;
          &lt;row&gt;⠀⠀⠓⠁⠥⠏⠞⠎⠞⠁⠙⠞⠒⠀⠃⠗⠁⠎⠈⠊⠇⠊⠁&lt;/row&gt;
          &lt;row&gt;⠀⠀⠺⠜⠓⠗⠥⠝⠛⠒⠀⠗⠑⠁⠇&lt;/row&gt;
          &lt;row&gt;⠀⠀⠁⠍⠞⠎⠎⠏⠗⠁⠉⠓⠑⠒⠀⠏⠕⠗⠞⠥⠛⠊⠑⠎⠊⠎⠉⠓&lt;/row&gt;
          &lt;row&gt;⠀⠀⠟⠥⠑⠇⠇⠑⠒⠀⠺⠊⠅⠊⠏⠑⠙⠊⠁&lt;/row&gt;
          &lt;row/&gt;
          &lt;row&gt;⠀⠀⠀⠀⠀⠀⠀⠀⠀⠀⠀⠀⠀⠀⠀⠀⠀⠀⠀⠀⠀⠀⠀⠀⠀⠀⠼⠁&lt;/row&gt;
        &lt;/page&gt;
        &lt;page&gt;
          &lt;row/&gt;
          &lt;row/&gt;
          &lt;row/&gt;
          &lt;row/&gt;
          &lt;row/&gt;
          &lt;row/&gt;
          &lt;row/&gt;
          &lt;row/&gt;
          &lt;row/&gt;
          &lt;row/&gt;
          &lt;row/&gt;
          &lt;row/&gt;
          &lt;row/&gt;
          &lt;row/&gt;
          &lt;row/&gt;
          &lt;row/&gt;
          &lt;row/&gt;
          &lt;row/&gt;
          &lt;row/&gt;
          &lt;row/&gt;
          &lt;row/&gt;
          &lt;row/&gt;
          &lt;row/&gt;
          &lt;row/&gt;
          &lt;row/&gt;
          &lt;row/&gt;
          &lt;row/&gt;
          &lt;row/&gt;
        &lt;/page&gt;
      &lt;/section&gt;
    &lt;/volume&gt;
  &lt;/body&gt;
&lt;/pef&gt;

Was:



application/x-pef+xml
identifier?
2016-01-06
(liblouis-table:"http://www.sbs.ch/pipeline/liblouis/tables/sbs.dis")





⠋⠳⠝⠋⠀⠇⠜⠝⠙⠻⠀⠤⠀⠤⠛⠹
⠇⠖⠙⠀⠓⠏⠾⠁⠙⠞⠀⠐⠺⠓⠥⠀⠁⠍⠞⠎⠎⠏⠑
⠠⠟⠥⠑⠟⠑⠒⠀⠺⠊⠅⠊⠏⠑⠙⠊⠁⠀⠠⠟⠥⠑⠟⠑⠒⠀
⠺⠊⠅⠊⠏⠑⠙⠊⠁⠀⠠⠟⠥⠑⠟⠑⠒⠀⠺⠊⠅⠊⠏⠑⠙⠊⠁⠀
⠠⠟⠥⠑⠟⠑⠒⠀⠺⠊⠅⠊⠏⠑⠙⠊⠁
⠥⠎⠁⠀⠺⠁⠎⠓⠔⠛⠞⠕⠝⠀⠥⠎⠤⠙⠕⠟⠁⠗⠀⠉⠛⠇⠊⠱
⠚⠁⠏⠁⠝⠀⠞⠕⠅⠊⠕⠀⠠⠽⠉⠀⠚⠁⠏⠖⠊⠱
⠔⠙⠊⠉⠀⠝⠣⠤⠙⠽⠓⠊⠀⠗⠥⠏⠊⠑⠀⠓⠔⠙⠊
⠛⠗⠪⠝⠇⠖⠙⠀⠝⠥⠥⠅⠀⠙⠜⠝⠊⠱⠑⠀⠅⠗⠕⠝⠑⠀
⠙⠜⠝⠊⠱
⠃⠗⠁⠎⠊⠇⠊⠉⠀⠃⠗⠁⠎⠈⠊⠇⠊⠁⠀⠗⠑⠁⠇⠀
⠏⠢⠞⠥⠛⠬⠎⠊⠱




</system-err></testcase></testsuite></testsuites>