<?xml version="1.0" encoding="UTF-8" standalone="no"?><testsuites tests="2" failures="1" time="9.833" errors="0" name="test"><testsuite timestamp="2016-01-06T19:13:21.832Z" hostname="localhost" tests="2" errors="0" failures="1" skipped="0" id="d7755e1" name="4474DoubleLineSpacing4475DoubleSidedWithAlternatingLines+OverlappingHeader4584HardPageBreaksToRightPage4585PositionOfBraillePageNumberDiffersBetweenLeftright" package="http://www.daisy.org/ns/pipeline/xproc/internal" time="5.737">
<properties><property name="input: source" value="&lt;dtbook xmlns=&#34;http://www.daisy.org/z3986/2005/dtbook/&#34; ...&gt;...&lt;/dtbook&gt; (Base URI: file:/Users/bert/src/snaekobbi/src/requirements/src/test/double-sided/test.xprocspec)"/>

<property name="option: stylesheet" value="file:/Users/bert/src/snaekobbi/src/requirements/src/test/double-sided/style.css"/>
<property name="option: transform" value="(formatter:dotify)(locale:sv)"/>
<property name="option: temp-dir" value="file:/Users/bert/src/snaekobbi/src/requirements/target/xprocspec/tmp/xprocspec-20160106201313115/"/>

</properties>
<testcase name="theStepShouldExecuteSuccessfullyWithoutThrowingAnyErrors" classname="css-inline-and-px-transform-type-css" assertions="1" time="0" status="SUCCESS"><system-out>the step should execute successfully without throwing any errors: SUCCESS</system-out>
<system-err/></testcase><testcase name="result" classname="css-inline-and-px-transform-type-css" assertions="1" time="0" status="FAILED"><failure message="result" type="custom"/><system-out>result: FAILED</system-out>
<system-err>Expected:
&lt;pef xmlns="http://www.daisy.org/ns/2008/pef" version="2008-1"&gt;
   &lt;head&gt;
      &lt;meta xmlns:dc="http://purl.org/dc/elements/1.1/" xmlns:generator="http://daisymfc.svn.sourceforge.net/viewvc/daisymfc/trunk/dmfc/transformers/org_pef_dtbook2pef/" xmlns:ext="http://www.tpb.se/pef/extensions/" ext:version="2010-1"&gt;
         &lt;dc:format&gt;application/x-pef+xml&lt;/dc:format&gt;
         &lt;dc:identifier&gt;P54321&lt;/dc:identifier&gt;
         &lt;dc:date&gt;2015-05-21&lt;/dc:date&gt;
         &lt;dc:title&gt;SPEJARENS LÄRING - DET ÖVERGIVNA LANDET&lt;/dc:title&gt;
         &lt;dc:creator&gt;John Flanagan&lt;/dc:creator&gt;
         &lt;dc:language&gt;sv&lt;/dc:language&gt;
         &lt;dc:publisher&gt;MTM&lt;/dc:publisher&gt;
         &lt;dc:source&gt;DTB18126&lt;/dc:source&gt;
         &lt;generator:entry key="writeTempFiles"&gt;false&lt;/generator:entry&gt;
         &lt;generator:entry key="identifier"&gt;P54321&lt;/generator:entry&gt;
         &lt;generator:entry key="row-spacing"&gt;2.0&lt;/generator:entry&gt;
         &lt;generator:entry key="splitterMax"&gt;50&lt;/generator:entry&gt;
         &lt;generator:entry key="inner-margin"&gt;2&lt;/generator:entry&gt;
         &lt;generator:entry key="page-height"&gt;29&lt;/generator:entry&gt;
         &lt;generator:entry key="rows"&gt;29&lt;/generator:entry&gt;
         &lt;generator:entry key="cols"&gt;28&lt;/generator:entry&gt;
         &lt;generator:entry key="systemBuild"&gt;1004&lt;/generator:entry&gt;
         &lt;generator:entry key="systemName"&gt;Dotify&lt;/generator:entry&gt;
         &lt;generator:entry key="outer-margin"&gt;2&lt;/generator:entry&gt;
         &lt;generator:entry key="hyphenate"&gt;true&lt;/generator:entry&gt;
         &lt;generator:entry key="keepTempFilesOnSuccess"&gt;true&lt;/generator:entry&gt;
         &lt;generator:entry key="duplex"&gt;true&lt;/generator:entry&gt;
         &lt;generator:entry key="dateFormat"&gt;yyyy-MM-dd&lt;/generator:entry&gt;
         &lt;generator:entry key="inputFormat"&gt;xml&lt;/generator:entry&gt;
         &lt;generator:entry key="conversionDate"&gt;Thu May 21 11:23:28 CEST 2015&lt;/generator:entry&gt;
         &lt;generator:entry key="page-width"&gt;32&lt;/generator:entry&gt;
         &lt;generator:entry key="rowgap"&gt;4&lt;/generator:entry&gt;
         &lt;generator:entry key="date"&gt;2015-05-21&lt;/generator:entry&gt;
         &lt;generator:entry key="outputFormat"&gt;pef&lt;/generator:entry&gt;
         &lt;generator:entry key="systemRelease"&gt;2.3&lt;/generator:entry&gt;
         &lt;ext:sheets&gt;18&lt;/ext:sheets&gt;
         &lt;ext:volumes&gt;1&lt;/ext:volumes&gt;
         &lt;ext:kiloChars&gt;9&lt;/ext:kiloChars&gt;
      &lt;/meta&gt;
   &lt;/head&gt;
   &lt;body&gt;
      &lt;volume cols="32" rows="29" rowgap="0" duplex="true"&gt;
         &lt;section&gt;
            &lt;page&gt;
               &lt;row&gt;⠀⠀⠏⠉⠉⠉⠉⠉⠉⠉⠉⠉⠉⠉⠉⠉⠉⠉⠉⠉⠉⠉⠉⠉⠉⠉⠉⠉⠉⠹&lt;/row&gt;
               &lt;row&gt;⠀⠀⠇⠀⠀⠀⠀⠀⠀⠀⠀⠀⠀⠀⠀⠀⠀⠀⠀⠀⠀⠀⠀⠀⠀⠀⠀⠀⠀⠸&lt;/row&gt;
               &lt;row&gt;⠀⠀⠇⠀⠀⠀⠀⠀⠀⠀⠀⠀⠀⠀⠀⠀⠀⠀⠀⠀⠀⠀⠀⠀⠀⠀⠀⠀⠀⠸&lt;/row&gt;
               &lt;row&gt;⠀⠀⠇⠀⠀⠀⠀⠀⠀⠀⠀⠀⠀⠀⠀⠀⠀⠀⠀⠀⠀⠀⠀⠀⠀⠀⠀⠀⠀⠸&lt;/row&gt;
               &lt;row&gt;⠀⠀⠇⠀⠀⠠⠠⠠⠎⠏⠑⠚⠁⠗⠑⠝⠎⠀⠇⠜⠗⠊⠝⠛⠀⠤⠀⠀⠀⠸&lt;/row&gt;
               &lt;row&gt;⠀⠀⠇⠀⠀⠙⠑⠞⠀⠪⠧⠑⠗⠛⠊⠧⠝⠁⠀⠇⠁⠝⠙⠑⠞⠱⠀⠀⠀⠸&lt;/row&gt;
               &lt;row&gt;⠀⠀⠇⠀⠀⠀⠀⠀⠀⠀⠀⠀⠀⠀⠀⠀⠀⠀⠀⠀⠀⠀⠀⠀⠀⠀⠀⠀⠀⠸&lt;/row&gt;
               &lt;row&gt;⠀⠀⠇⠀⠀⠀⠀⠀⠠⠚⠕⠓⠝⠀⠠⠋⠇⠁⠝⠁⠛⠁⠝⠀⠀⠀⠀⠀⠀⠸&lt;/row&gt;
               &lt;row&gt;⠀⠀⠇⠀⠀⠀⠀⠀⠀⠀⠀⠀⠀⠀⠀⠀⠀⠀⠀⠀⠀⠀⠀⠀⠀⠀⠀⠀⠀⠸&lt;/row&gt;
               &lt;row&gt;⠀⠀⠇⠀⠀⠀⠀⠀⠀⠀⠀⠀⠀⠀⠀⠀⠀⠀⠀⠀⠀⠀⠀⠀⠀⠀⠀⠀⠀⠸&lt;/row&gt;
               &lt;row&gt;⠀⠀⠇⠀⠀⠀⠀⠀⠀⠀⠀⠀⠀⠀⠀⠀⠀⠀⠀⠀⠀⠀⠀⠀⠀⠀⠀⠀⠀⠸&lt;/row&gt;
               &lt;row&gt;⠀⠀⠇⠀⠀⠀⠀⠀⠀⠀⠀⠀⠀⠀⠀⠀⠀⠀⠀⠀⠀⠀⠀⠀⠀⠀⠀⠀⠀⠸&lt;/row&gt;
               &lt;row&gt;⠀⠀⠇⠀⠀⠀⠀⠀⠀⠀⠀⠀⠀⠀⠀⠀⠀⠀⠀⠀⠀⠀⠀⠀⠀⠀⠀⠀⠀⠸&lt;/row&gt;
               &lt;row&gt;⠀⠀⠇⠀⠀⠀⠀⠀⠀⠀⠀⠀⠀⠀⠀⠀⠀⠀⠀⠀⠀⠀⠀⠀⠀⠀⠀⠀⠀⠸&lt;/row&gt;
               &lt;row&gt;⠀⠀⠇⠀⠀⠀⠀⠀⠀⠀⠀⠀⠀⠀⠀⠀⠀⠀⠀⠀⠀⠀⠀⠀⠀⠀⠀⠀⠀⠸&lt;/row&gt;
               &lt;row&gt;⠀⠀⠇⠀⠀⠀⠀⠀⠀⠀⠀⠀⠀⠀⠀⠀⠀⠀⠀⠀⠀⠀⠀⠀⠀⠀⠀⠀⠀⠸&lt;/row&gt;
               &lt;row&gt;⠀⠀⠇⠀⠀⠀⠀⠀⠀⠀⠀⠀⠀⠀⠀⠀⠀⠀⠀⠀⠀⠀⠀⠀⠀⠀⠀⠀⠀⠸&lt;/row&gt;
               &lt;row&gt;⠀⠀⠇⠀⠀⠀⠀⠀⠀⠀⠀⠀⠀⠀⠀⠀⠀⠀⠀⠀⠀⠀⠀⠀⠀⠀⠀⠀⠀⠸&lt;/row&gt;
               &lt;row&gt;⠀⠀⠇⠀⠀⠀⠀⠀⠀⠀⠀⠀⠀⠀⠀⠀⠀⠀⠀⠀⠀⠀⠀⠀⠀⠀⠀⠀⠀⠸&lt;/row&gt;
               &lt;row&gt;⠀⠀⠇⠀⠀⠀⠀⠀⠀⠀⠀⠀⠀⠀⠀⠀⠀⠀⠀⠀⠀⠀⠀⠀⠀⠀⠀⠀⠀⠸&lt;/row&gt;
               &lt;row&gt;⠀⠀⠇⠀⠀⠀⠀⠀⠀⠀⠀⠀⠀⠀⠀⠀⠀⠀⠀⠀⠀⠀⠀⠀⠀⠀⠀⠀⠀⠸&lt;/row&gt;
               &lt;row&gt;⠀⠀⠇⠀⠀⠀⠀⠀⠀⠀⠀⠀⠀⠀⠀⠀⠀⠀⠀⠀⠀⠀⠀⠀⠀⠀⠀⠀⠀⠸&lt;/row&gt;
               &lt;row&gt;⠀⠀⠇⠀⠀⠀⠀⠀⠀⠀⠀⠀⠀⠀⠀⠀⠀⠀⠀⠀⠀⠀⠀⠀⠀⠀⠀⠀⠀⠸&lt;/row&gt;
               &lt;row&gt;⠀⠀⠇⠀⠀⠀⠀⠀⠀⠀⠀⠀⠀⠀⠀⠀⠀⠀⠀⠀⠀⠀⠀⠀⠀⠀⠀⠀⠀⠸&lt;/row&gt;
               &lt;row&gt;⠀⠀⠇⠀⠀⠀⠀⠀⠀⠀⠀⠀⠀⠀⠀⠀⠀⠀⠀⠀⠀⠀⠀⠀⠀⠀⠀⠀⠀⠸&lt;/row&gt;
               &lt;row&gt;⠀⠀⠇⠀⠀⠀⠀⠀⠀⠀⠀⠀⠀⠀⠀⠀⠀⠀⠀⠀⠀⠀⠀⠀⠀⠀⠀⠀⠀⠸&lt;/row&gt;
               &lt;row&gt;⠀⠀⠇⠀⠀⠀⠀⠀⠀⠀⠀⠀⠀⠀⠀⠀⠀⠀⠀⠀⠀⠀⠀⠀⠀⠀⠀⠀⠀⠸&lt;/row&gt;
               &lt;row&gt;⠀⠀⠇⠀⠀⠀⠀⠀⠀⠀⠀⠠⠑⠝⠀⠧⠕⠇⠽⠍⠀⠀⠀⠀⠀⠀⠀⠀⠀⠸&lt;/row&gt;
               &lt;row&gt;⠀⠀⠧⠤⠤⠤⠤⠤⠤⠤⠤⠤⠤⠤⠤⠤⠤⠤⠤⠤⠤⠤⠤⠤⠤⠤⠤⠤⠤⠼&lt;/row&gt;
            &lt;/page&gt;
         &lt;/section&gt;
         &lt;section rowgap="4"&gt;
            &lt;page&gt;
               &lt;row rowgap="0"&gt;⠀⠀⠀⠀⠀⠀⠀⠀⠀⠀⠀⠀⠀⠀⠀⠀⠀⠀⠀⠀⠀⠀⠀⠀⠀⠀⠀⠀⠠⠊&lt;/row&gt;
               &lt;row/&gt;
               &lt;row/&gt;
               &lt;row&gt;⠀⠀⠠⠠⠠⠎⠏⠑⠚⠁⠗⠑⠝⠎⠀⠇⠜⠗⠊⠝⠛⠀⠤⠀⠙⠑⠞&lt;/row&gt;
               &lt;row&gt;⠀⠀⠪⠧⠑⠗⠛⠊⠧⠝⠁⠀⠇⠁⠝⠙⠑⠞⠱&lt;/row&gt;
               &lt;row&gt;⠀⠀⠉⠉⠉⠉⠉⠉⠉⠉⠉⠉⠉⠉⠉⠉⠉⠉⠉⠉⠉⠉⠉⠉⠉⠉⠉⠉⠉⠉&lt;/row&gt;
               &lt;row/&gt;
               &lt;row&gt;⠀⠀⠠⠚⠕⠓⠝⠀⠠⠋⠇⠁⠝⠁⠛⠁⠝&lt;/row&gt;
               &lt;row&gt;⠀⠀⠀⠀⠠⠪⠧⠑⠗⠎⠜⠞⠞⠝⠊⠝⠛⠀⠠⠊⠝⠛⠍⠁⠗&lt;/row&gt;
               &lt;row&gt;⠀⠀⠠⠺⠑⠝⠝⠑⠗⠃⠑⠗⠛&lt;/row&gt;
               &lt;row rowgap="0"&gt;⠀⠀⠀⠀⠨⠠⠃⠸⠠⠠⠺⠁⠓⠇⠎⠞⠗⠪⠍⠎&lt;/row&gt;
            &lt;/page&gt;
         &lt;/section&gt;
         &lt;section rowgap="4"&gt;
            &lt;page&gt;
               &lt;row rowgap="0"&gt;⠀⠀⠀⠀⠼⠙⠀⠀⠀⠀⠀⠀⠀⠀⠀⠀⠀⠀⠀⠀⠀⠀⠀⠀⠀⠀⠀⠀⠼⠁&lt;/row&gt;
               &lt;row/&gt;
               &lt;row/&gt;
               &lt;row&gt;⠀⠀⠠⠅⠁⠏⠊⠞⠑⠇⠀⠼⠁&lt;/row&gt;
               &lt;row&gt;⠀⠀⠉⠉⠉⠉⠉⠉⠉⠉⠉⠉⠉⠉⠉⠉⠉⠉⠉⠉⠉⠉⠉⠉⠉⠉⠉⠉⠉⠉&lt;/row&gt;
               &lt;row/&gt;
               &lt;row&gt;⠀⠀⠰⠠⠅⠜⠝⠝⠑⠗⠀⠙⠥⠀⠓⠕⠝⠕⠍⠢⠰⠀⠋⠗⠡⠛⠁⠙⠑&lt;/row&gt;
               &lt;row&gt;⠀⠀⠠⠺⠊⠇⠇⠄⠀⠠⠓⠁⠝⠎⠀⠝⠽⠋⠊⠅⠑⠝⠓⠑⠞⠀⠓⠁⠙⠑&lt;/row&gt;
               &lt;row&gt;⠀⠀⠗⠑⠙⠁⠝⠀⠋⠡⠞⠞⠀⠓⠕⠝⠕⠍⠀⠁⠞⠞⠀⠛⠇⠪⠍⠍⠁&lt;/row&gt;
               &lt;row&gt;⠀⠀⠎⠅⠗⠜⠉⠅⠑⠝⠀⠓⠁⠝⠀⠝⠽⠎⠎⠀⠓⠁⠙⠑⠀⠅⠜⠝⠞&lt;/row&gt;
               &lt;row&gt;⠀⠀⠤⠀⠏⠗⠑⠉⠊⠎⠀⠎⠕⠍⠀⠠⠓⠁⠇⠞⠀⠓⠁⠙⠑⠀⠗⠜⠅⠤&lt;/row&gt;
               &lt;row&gt;⠀⠀⠝⠁⠞⠀⠍⠑⠙⠄&lt;/row&gt;
               &lt;row&gt;⠀⠀⠀⠀⠰⠠⠚⠁⠛⠀⠚⠁⠛⠁⠙⠑⠀⠥⠞⠀⠓⠕⠝⠕⠍⠀⠥⠗&lt;/row&gt;
               &lt;row&gt;⠀⠀⠗⠊⠅⠑⠞⠀⠋⠪⠗⠀⠋⠑⠍⠀⠑⠇⠇⠑⠗⠀⠎⠑⠭⠀⠡⠗&lt;/row&gt;
               &lt;row rowgap="0"&gt;⠀⠀⠎⠑⠙⠁⠝⠰⠂⠀⠎⠁⠀⠎⠏⠑⠚⠁⠗⠑⠝⠄⠀⠰⠠⠓⠁⠝&lt;/row&gt;
            &lt;/page&gt;
            &lt;page&gt;
               &lt;row&gt;⠀⠀⠀⠀⠼⠃⠀⠀⠀⠀⠀⠀⠀⠀⠀⠀⠀⠀⠀⠀⠀⠀⠀⠀⠀⠀⠀⠀⠼⠙&lt;/row&gt;
               &lt;row&gt;⠀⠀⠧⠁⠗⠀⠑⠝⠀⠍⠪⠗⠙⠁⠗⠑⠄⠀⠠⠑⠝⠀⠗⠊⠅⠞⠊⠛⠞&lt;/row&gt;
               &lt;row&gt;⠀⠀⠋⠑⠛⠀⠥⠎⠇⠊⠝⠛⠄⠀⠠⠓⠁⠝⠀⠙⠑⠎⠑⠗⠞⠑⠗⠁⠙⠑&lt;/row&gt;
               &lt;row&gt;⠀⠀⠋⠗⠡⠝⠀⠁⠗⠍⠿⠝⠀⠕⠉⠓⠀⠛⠊⠉⠅⠀⠪⠧⠑⠗&lt;/row&gt;
               &lt;row&gt;⠀⠀⠞⠊⠇⠇⠀⠠⠍⠕⠗⠛⠁⠗⠁⠞⠓⠎⠀⠎⠊⠙⠁⠄⠰&lt;/row&gt;
               &lt;row&gt;⠀⠀⠠⠓⠁⠇⠞⠀⠛⠚⠕⠗⠙⠑⠀⠑⠝⠀⠅⠕⠗⠞⠀⠏⠁⠥⠎⠄&lt;/row&gt;
               &lt;row&gt;⠀⠀⠰⠠⠁⠞⠞⠀⠗⠑⠅⠗⠽⠞⠑⠗⠁⠀⠎⠡⠙⠁⠝⠁⠀⠓⠜⠗&lt;/row&gt;
               &lt;row&gt;⠀⠀⠏⠑⠗⠎⠕⠝⠑⠗⠀⠧⠑⠗⠅⠁⠗⠀⠧⠁⠗⠁⠀⠑⠝⠀⠁⠧&lt;/row&gt;
               &lt;row&gt;⠀⠀⠠⠍⠕⠗⠛⠁⠗⠁⠞⠓⠎⠀⠎⠏⠑⠉⠊⠁⠇⠊⠞⠑⠞⠑⠗⠄&lt;/row&gt;
               &lt;row&gt;⠀⠀⠠⠍⠑⠝⠀⠧⠁⠙⠀⠛⠚⠕⠗⠙⠑⠀⠓⠁⠝⠀⠑⠛⠑⠝⠞⠇⠊⠤&lt;/row&gt;
               &lt;row&gt;⠀⠀⠛⠑⠝⠀⠓⠜⠗⠄⠄⠄⠢⠰&lt;/row&gt;
               &lt;row&gt;⠀⠀⠀⠀⠰⠠⠓⠁⠝⠀⠎⠁⠀⠁⠞⠞⠀⠓⠁⠝⠀⠧⠁⠗⠀⠓⠜⠗&lt;/row&gt;
               &lt;row&gt;⠀⠀⠏⠡⠀⠥⠏⠏⠙⠗⠁⠛⠀⠁⠧⠀⠠⠍⠕⠗⠛⠁⠗⠁⠞⠓⠰⠂&lt;/row&gt;
               &lt;row&gt;⠀⠀⠎⠁⠀⠠⠺⠊⠇⠇⠄&lt;/row&gt;
               &lt;row rowgap="0"&gt;⠀⠀⠀⠀⠠⠓⠁⠇⠞⠀⠎⠅⠁⠅⠁⠙⠑⠀⠏⠡⠀⠓⠥⠧⠥⠙⠑⠞⠄&lt;/row&gt;
            &lt;/page&gt;
            &lt;page&gt;
               &lt;row rowgap="0"&gt;⠀⠀⠀⠀⠼⠙⠀⠀⠀⠀⠀⠀⠀⠀⠀⠀⠀⠀⠀⠀⠀⠀⠀⠀⠀⠀⠀⠀⠼⠉&lt;/row&gt;
               &lt;row&gt;⠀⠀⠰⠠⠅⠝⠁⠏⠏⠁⠎⠞⠀⠞⠗⠕⠇⠊⠛⠞⠄⠀⠠⠺⠁⠗⠛⠁⠤&lt;/row&gt;
               &lt;row&gt;⠀⠀⠇⠑⠗⠝⠁⠀⠧⠁⠗⠀⠑⠋⠞⠑⠗⠀⠓⠕⠝⠕⠍⠄⠀⠠⠙⠑⠝&lt;/row&gt;
               &lt;row&gt;⠀⠀⠑⠝⠙⠑⠀⠎⠕⠍⠀⠅⠁⠝⠀⠓⠁⠀⠃⠑⠕⠗⠙⠗⠁⠞⠀⠙⠑⠍&lt;/row&gt;
               &lt;row&gt;⠀⠀⠁⠞⠞⠀⠚⠁⠛⠁⠀⠓⠕⠝⠕⠍⠀⠜⠗⠀⠠⠍⠕⠗⠛⠁⠗⠁⠞⠓&lt;/row&gt;
               &lt;row&gt;⠀⠀⠎⠚⠜⠇⠧⠄⠀⠠⠕⠉⠓⠀⠙⠑⠞⠀⠓⠁⠙⠑⠀⠓⠁⠝⠀⠚⠥&lt;/row&gt;
               &lt;row&gt;⠀⠀⠊⠝⠞⠑⠀⠛⠚⠕⠗⠞⠀⠕⠍⠀⠠⠗⠑⠁⠉⠓⠑⠗⠀⠧⠑⠗⠅⠤&lt;/row&gt;
               &lt;row&gt;⠀⠀⠇⠊⠛⠑⠝⠀⠁⠗⠃⠑⠞⠁⠙⠑⠀⠋⠪⠗⠀⠓⠕⠝⠕⠍⠄&lt;/row&gt;
               &lt;row&gt;⠀⠀⠠⠝⠑⠚⠂⠀⠚⠁⠛⠀⠛⠊⠎⠎⠁⠗⠀⠁⠞⠞⠀⠓⠁⠝⠀⠓⠁⠤&lt;/row&gt;
               &lt;row&gt;⠀⠀⠙⠑⠀⠙⠑⠎⠑⠗⠞⠑⠗⠁⠞⠀⠊⠛⠑⠝⠄⠀⠠⠓⠁⠝⠀⠓⠁⠤&lt;/row&gt;
               &lt;row&gt;⠀⠀⠙⠑⠀⠋⠇⠽⠞⠞⠀⠋⠗⠡⠝⠀⠠⠍⠕⠗⠛⠁⠗⠁⠞⠓⠀⠕⠉⠓&lt;/row&gt;
               &lt;row&gt;⠀⠀⠙⠑⠞⠀⠧⠁⠗⠀⠙⠜⠗⠋⠪⠗⠀⠺⠁⠗⠛⠁⠇⠑⠗⠝⠁&lt;/row&gt;
               &lt;row&gt;⠀⠀⠚⠁⠛⠁⠙⠑⠀⠓⠕⠝⠕⠍⠄⠰&lt;/row&gt;
               &lt;row&gt;⠀⠀⠀⠀⠰⠠⠍⠑⠝⠀⠧⠁⠗⠋⠪⠗⠢⠰⠀⠋⠗⠡⠛⠁⠙⠑&lt;/row&gt;
               &lt;row rowgap="0"&gt;⠀⠀⠠⠺⠊⠇⠇⠄⠀⠰⠠⠧⠁⠗⠋⠪⠗⠀⠎⠅⠥⠇⠇⠑⠀⠓⠁⠝&lt;/row&gt;
            &lt;/page&gt;
            &lt;page&gt;
               &lt;row&gt;⠀⠀⠀⠀⠼⠙⠀⠀⠀⠀⠀⠀⠀⠀⠀⠀⠀⠀⠀⠀⠀⠀⠀⠀⠀⠀⠀⠀⠼⠙&lt;/row&gt;
               &lt;row&gt;⠀⠀⠙⠑⠎⠑⠗⠞⠑⠗⠁⠀⠑⠝⠀⠛⠡⠝⠛⠀⠞⠊⠇⠇⠢⠰&lt;/row&gt;
               &lt;row&gt;⠀⠀⠀⠀⠠⠓⠁⠇⠞⠀⠗⠽⠉⠅⠞⠑⠀⠏⠡⠀⠁⠭⠇⠁⠗⠝⠁⠄&lt;/row&gt;
               &lt;row&gt;⠀⠀⠰⠠⠙⠑⠞⠀⠓⠡⠇⠇⠑⠗⠀⠏⠡⠀⠁⠞⠞⠀⠃⠇⠊&lt;/row&gt;
               &lt;row&gt;⠀⠀⠅⠗⠊⠛⠄⠀⠠⠎⠡⠙⠁⠝⠁⠀⠎⠕⠍⠀⠠⠙⠊⠗⠅⠀⠛⠪⠗&lt;/row&gt;
               &lt;row&gt;⠀⠀⠁⠇⠇⠞⠀⠙⠑⠀⠅⠁⠝⠀⠋⠪⠗⠀⠁⠞⠞⠀⠥⠝⠙⠧⠊⠅⠁&lt;/row&gt;
               &lt;row&gt;⠀⠀⠎⠡⠙⠁⠝⠁⠀⠕⠃⠑⠓⠁⠛⠇⠊⠛⠓⠑⠞⠑⠗⠄⠰&lt;/row&gt;
               &lt;row&gt;⠀⠀⠀⠀⠠⠓⠁⠝⠀⠎⠞⠗⠜⠉⠅⠞⠑⠀⠎⠊⠛⠀⠍⠕⠞&lt;/row&gt;
               &lt;row&gt;⠀⠀⠗⠽⠛⠛⠎⠜⠉⠅⠑⠝⠀⠃⠗⠑⠙⠧⠊⠙⠀⠇⠜⠛⠑⠗⠑⠇⠤&lt;/row&gt;
               &lt;row&gt;⠀⠀⠙⠑⠝⠀⠕⠉⠓⠀⠪⠏⠏⠝⠁⠙⠑⠀⠙⠑⠝⠄&lt;/row&gt;
               &lt;row&gt;⠀⠀⠀⠀⠠⠺⠊⠇⠇⠀⠃⠑⠞⠗⠁⠅⠞⠁⠙⠑⠀⠎⠊⠝⠀⠍⠜⠎⠤&lt;/row&gt;
               &lt;row&gt;⠀⠀⠞⠁⠗⠑⠄⠀⠰⠠⠇⠑⠞⠁⠗⠀⠙⠥⠀⠑⠋⠞⠑⠗⠀⠝⠡⠤&lt;/row&gt;
               &lt;row&gt;⠀⠀⠛⠕⠞⠢⠰⠀⠋⠗⠡⠛⠁⠙⠑⠀⠓⠁⠝⠄&lt;/row&gt;
               &lt;row&gt;⠀⠀⠀⠀⠠⠓⠁⠇⠞⠀⠇⠁⠙⠑⠀⠏⠁⠝⠝⠁⠝⠀⠊⠀⠙⠚⠥⠏⠁&lt;/row&gt;
               &lt;row rowgap="0"&gt;⠀⠀⠧⠑⠉⠅⠀⠕⠉⠓⠀⠞⠪⠍⠙⠑⠀⠗⠽⠛⠛⠎⠜⠉⠅⠑⠝⠎&lt;/row&gt;
            &lt;/page&gt;
            &lt;page&gt;
               &lt;row rowgap="0"&gt;⠀⠀⠀⠀⠼⠙⠤⠤⠼⠁⠉⠀⠀⠀⠀⠀⠀⠀⠀⠀⠀⠀⠀⠀⠀⠀⠀⠀⠼⠑&lt;/row&gt;
               &lt;row&gt;⠀⠀⠊⠝⠝⠑⠓⠡⠇⠇⠀⠏⠡⠀⠍⠁⠗⠅⠑⠝⠄⠀⠰⠠⠝⠚⠁⠂&lt;/row&gt;
               &lt;row&gt;⠀⠀⠚⠁⠛⠀⠅⠕⠍⠀⠁⠞⠞⠀⠞⠜⠝⠅⠁⠀⠏⠡⠀⠑⠝&lt;/row&gt;
               &lt;row&gt;⠀⠀⠎⠁⠅⠰⠂⠀⠎⠁⠀⠓⠁⠝⠄⠀⠰⠠⠕⠍⠀⠙⠑⠝⠀⠓⠜⠗&lt;/row&gt;
               &lt;row&gt;⠀⠀⠍⠁⠝⠝⠑⠝⠀⠓⠁⠙⠑⠀⠙⠑⠎⠑⠗⠞⠑⠗⠁⠞⠀⠎⠡⠀⠜⠗&lt;/row&gt;
               &lt;row&gt;⠀⠀⠙⠑⠞⠀⠎⠁⠝⠝⠕⠇⠊⠅⠞⠀⠁⠞⠞⠀⠓⠁⠝⠀⠓⠁⠙⠑&lt;/row&gt;
               &lt;row&gt;⠀⠀⠍⠑⠙⠀⠎⠊⠛⠀⠝⠡⠛⠕⠝⠞⠊⠝⠛⠀⠎⠕⠍⠀⠅⠥⠝⠙⠑&lt;/row&gt;
               &lt;row&gt;⠀⠀⠛⠑⠀⠓⠕⠀⠝⠕⠍⠀⠑⠝⠀⠋⠪⠗⠙⠑⠇⠀⠧⠊⠙&lt;/row&gt;
               &lt;row&gt;⠀⠀⠑⠧⠑⠝⠞⠥⠑⠇⠇⠁⠀⠋⠪⠗⠓⠁⠝⠙⠇⠊⠝⠛⠁⠗⠄⠰&lt;/row&gt;
               &lt;row&gt;⠀⠀⠠⠓⠁⠝⠀⠎⠞⠗⠜⠉⠅⠞⠑⠀⠎⠊⠛⠀⠑⠋⠞⠑⠗⠀⠑⠞⠞&lt;/row&gt;
               &lt;row&gt;⠀⠀⠓⠕⠏⠗⠥⠇⠇⠁⠞⠀⠏⠑⠗⠛⠁⠍⠑⠝⠞⠀⠎⠕⠍⠀⠇⠡⠛&lt;/row&gt;
               &lt;row&gt;⠀⠀⠍⠊⠞⠞⠀⠃⠇⠁⠝⠙⠀⠅⠇⠜⠙⠑⠗⠝⠁⠀⠕⠉⠓⠀⠃⠑⠤&lt;/row&gt;
               &lt;row&gt;⠀⠀⠎⠞⠊⠉⠅⠑⠝⠄⠀⠠⠓⠁⠝⠀⠇⠜⠎⠞⠑⠀⠊⠛⠑⠝⠕⠍&lt;/row&gt;
               &lt;row&gt;⠀⠀⠙⠑⠞⠀⠕⠉⠓⠀⠓⠪⠚⠙⠑⠀⠑⠞⠞⠀⠪⠛⠕⠝⠃⠗⠽⠝⠄&lt;/row&gt;
               &lt;row rowgap="0"&gt;⠀⠀⠠⠺⠊⠇⠇⠀⠧⠊⠎⠎⠞⠑⠀⠁⠞⠞⠀⠙⠑⠞⠀⠧⠁⠗&lt;/row&gt;
            &lt;/page&gt;
            &lt;page&gt;
               &lt;row&gt;⠀⠀⠀⠀⠼⠋⠀⠀⠀⠀⠀⠀⠀⠀⠀⠀⠀⠀⠀⠀⠀⠀⠀⠀⠀⠀⠀⠼⠁⠉&lt;/row&gt;
               &lt;row&gt;⠀⠀⠠⠓⠁⠇⠞⠎⠀⠍⠕⠞⠎⠧⠁⠗⠊⠛⠓⠑⠞⠀⠞⠊⠇⠇⠀⠑⠞⠞&lt;/row&gt;
               &lt;row&gt;⠀⠀⠋⠪⠗⠧⠡⠝⠁⠞⠀⠗⠕⠏⠄⠀⠠⠓⠁⠝⠀⠧⠊⠎⠎⠞⠑&lt;/row&gt;
               &lt;row&gt;⠀⠀⠕⠉⠅⠎⠡⠀⠁⠞⠞⠀⠙⠑⠞⠀⠊⠝⠞⠑⠀⠧⠁⠗⠀⠝⠡⠛⠕⠝&lt;/row&gt;
               &lt;row&gt;⠀⠀⠊⠙⠿⠀⠁⠞⠞⠀⠎⠞⠜⠇⠇⠁⠀⠋⠗⠡⠛⠕⠗⠀⠋⠪⠗⠗⠜⠝&lt;/row&gt;
               &lt;row&gt;⠀⠀⠠⠓⠁⠇⠞⠀⠓⠁⠙⠑⠀⠇⠜⠎⠞⠀⠋⠜⠗⠙⠊⠛⠞⠄&lt;/row&gt;
               &lt;row&gt;⠀⠀⠠⠓⠁⠝⠀⠧⠜⠝⠞⠁⠙⠑⠀⠞⠡⠇⠍⠕⠙⠊⠛⠞⠄&lt;/row&gt;
               &lt;row&gt;⠀⠀⠠⠞⠊⠇⠇⠀⠎⠊⠎⠞⠀⠗⠥⠇⠇⠁⠙⠑⠀⠠⠓⠁⠇⠞&lt;/row&gt;
               &lt;row&gt;⠀⠀⠊⠓⠕⠏⠀⠏⠑⠗⠛⠁⠍⠑⠝⠞⠑⠞⠀⠕⠉⠓⠀⠗⠑⠎⠞⠑&lt;/row&gt;
               &lt;row&gt;⠀⠀⠎⠊⠛⠀⠇⠡⠝⠛⠎⠁⠍⠞⠄&lt;/row&gt;
               &lt;row&gt;⠀⠀⠀⠀⠰⠠⠧⠁⠗⠀⠙⠑⠞⠀⠝⠡⠛⠕⠞⠀⠧⠊⠅⠞⠊⠛⠞⠢⠰&lt;/row&gt;
               &lt;row&gt;⠀⠀⠋⠗⠡⠛⠁⠙⠑⠀⠠⠺⠊⠇⠇⠄&lt;/row&gt;
               &lt;row&gt;⠀⠀⠀⠀⠰⠠⠚⠁⠂⠀⠙⠑⠞⠀⠅⠁⠝⠀⠍⠁⠝⠀⠎⠜⠛⠁⠰⠂&lt;/row&gt;
               &lt;row&gt;⠀⠀⠎⠁⠀⠠⠓⠁⠇⠞⠄⠀⠰⠠⠙⠑⠞⠀⠧⠑⠗⠅⠁⠗⠀⠎⠕⠍&lt;/row&gt;
               &lt;row rowgap="0"&gt;⠀⠀⠕⠍⠀⠧⠊⠀⠓⠁⠗⠀⠎⠝⠥⠃⠃⠇⠁⠞⠀⠪⠧⠑⠗&lt;/row&gt;
            &lt;/page&gt;
            &lt;page&gt;
               &lt;row rowgap="0"&gt;⠀⠀⠀⠀⠼⠁⠉⠀⠀⠀⠀⠀⠀⠀⠀⠀⠀⠀⠀⠀⠀⠀⠀⠀⠀⠀⠀⠀⠼⠛&lt;/row&gt;
               &lt;row&gt;⠀⠀⠠⠍⠕⠗⠛⠁⠗⠁⠞⠓⠎⠀⠏⠇⠁⠝⠑⠗⠀⠊⠝⠋⠪⠗⠀⠙⠑⠞&lt;/row&gt;
               &lt;row&gt;⠀⠀⠅⠕⠍⠍⠁⠝⠙⠑⠀⠅⠗⠊⠛⠑⠞⠄⠀⠠⠙⠑⠞⠀⠜⠗⠀⠝⠕⠛&lt;/row&gt;
               &lt;row&gt;⠀⠀⠃⠜⠎⠞⠀⠁⠞⠞⠀⠧⠊⠀⠞⠁⠗⠀⠍⠑⠙⠀⠙⠑⠍⠀⠞⠊⠇⠇&lt;/row&gt;
               &lt;row&gt;⠀⠀⠠⠗⠑⠙⠍⠕⠝⠞⠀⠍⠑⠙⠀⠑⠝⠀⠛⠡⠝⠛⠄⠰&lt;/row&gt;
               &lt;row&gt;⠀⠀⠀⠀⠠⠓⠁⠝⠀⠧⠊⠎⠎⠇⠁⠙⠑⠄⠀⠠⠁⠃⠑⠇⠁⠗⠙&lt;/row&gt;
               &lt;row&gt;⠀⠀⠕⠉⠓⠀⠠⠞⠥⠛⠀⠎⠅⠽⠝⠙⠁⠙⠑⠀⠋⠗⠁⠍⠄&lt;/row&gt;
               &lt;row&gt;⠀⠀⠀⠀⠠⠑⠞⠞⠀⠏⠁⠗⠀⠪⠛⠕⠝⠀⠊⠁⠅⠞⠞⠕⠛⠀⠙⠑⠍&lt;/row&gt;
               &lt;row&gt;⠀⠀⠋⠗⠡⠝⠀⠞⠗⠜⠙⠑⠝⠀⠝⠡⠛⠗⠁⠀⠓⠥⠝⠙⠗⠁⠀⠍⠑⠤&lt;/row&gt;
               &lt;row&gt;⠀⠀⠞⠑⠗⠀⠃⠕⠗⠞⠄⠀⠠⠧⠊⠝⠙⠑⠝⠀⠃⠇⠡⠎⠞⠑⠀⠏⠡&lt;/row&gt;
               &lt;row&gt;⠀⠀⠑⠞⠞⠀⠎⠡⠙⠁⠝⠞⠀⠎⠜⠞⠞⠀⠁⠞⠞⠀⠓⠜⠎⠞⠁⠗⠝⠁&lt;/row&gt;
               &lt;row&gt;⠀⠀⠊⠝⠞⠑⠀⠍⠜⠗⠅⠞⠑⠀⠝⠡⠛⠕⠞⠄⠀⠠⠪⠛⠕⠝⠑⠝&lt;/row&gt;
               &lt;row&gt;⠀⠀⠃⠑⠞⠗⠁⠅⠞⠁⠙⠑⠀⠙⠑⠀⠞⠧⠡⠀⠎⠏⠑⠚⠁⠗⠝⠁&lt;/row&gt;
               &lt;row&gt;⠀⠀⠝⠜⠗⠀⠙⠑⠀⠗⠑⠙⠀⠃⠕⠗⠞⠀⠋⠗⠡⠝⠀⠜⠝⠛⠑⠝⠄&lt;/row&gt;
               &lt;row rowgap="0"&gt;⠀⠀⠠⠎⠑⠙⠁⠝⠀⠧⠜⠝⠙⠑⠀⠎⠊⠛⠀⠙⠑⠗⠁⠎⠀⠜⠛⠁⠗⠑&lt;/row&gt;
            &lt;/page&gt;
            &lt;page&gt;
               &lt;row&gt;⠀⠀⠀⠀⠼⠓⠀⠀⠀⠀⠀⠀⠀⠀⠀⠀⠀⠀⠀⠀⠀⠀⠀⠀⠀⠀⠀⠼⠁⠉&lt;/row&gt;
               &lt;row&gt;⠀⠀⠎⠪⠙⠑⠗⠥⠞⠄&lt;/row&gt;
               &lt;row&gt;⠀⠀⠀⠀⠠⠙⠑⠞⠀⠧⠁⠗⠀⠙⠁⠛⠎⠀⠁⠞⠞⠀⠃⠑⠗⠜⠞⠞⠁&lt;/row&gt;
               &lt;row&gt;⠀⠀⠋⠪⠗⠀⠠⠍⠕⠗⠛⠁⠗⠁⠞⠓⠀⠁⠞⠞⠀⠏⠇⠁⠝⠑⠝&lt;/row&gt;
               &lt;row rowgap="0"&gt;⠀⠀⠋⠥⠝⠛⠑⠗⠁⠙⠑⠄&lt;/row&gt;
            &lt;/page&gt;
            &lt;page&gt;
               &lt;row rowgap="0"&gt;⠀⠀⠀⠀⠼⠑⠀⠀⠀⠀⠀⠀⠀⠀⠀⠀⠀⠀⠀⠀⠀⠀⠀⠀⠀⠀⠀⠀⠼⠊&lt;/row&gt;
               &lt;row/&gt;
               &lt;row/&gt;
               &lt;row&gt;⠀⠀⠠⠅⠁⠏⠊⠞⠑⠇⠀⠼⠃&lt;/row&gt;
               &lt;row&gt;⠀⠀⠉⠉⠉⠉⠉⠉⠉⠉⠉⠉⠉⠉⠉⠉⠉⠉⠉⠉⠉⠉⠉⠉⠉⠉⠉⠉⠉⠉&lt;/row&gt;
               &lt;row/&gt;
               &lt;row&gt;⠀⠀⠠⠙⠑⠞⠀⠧⠁⠗⠀⠝⠜⠎⠞⠁⠝⠀⠍⠊⠙⠝⠁⠞⠞⠀⠝⠜⠗&lt;/row&gt;
               &lt;row&gt;⠀⠀⠙⠑⠝⠀⠑⠝⠎⠁⠍⠍⠑⠀⠗⠽⠞⠞⠁⠗⠑⠝⠀⠓⠪⠇⠇⠀⠊⠝&lt;/row&gt;
               &lt;row&gt;⠀⠀⠎⠊⠝⠀⠓⠜⠎⠞⠀⠥⠞⠁⠝⠋⠪⠗⠀⠙⠑⠝⠀⠇⠊⠇⠇⠁&lt;/row&gt;
               &lt;row&gt;⠀⠀⠎⠞⠥⠛⠁⠝⠀⠝⠜⠗⠁⠀⠎⠇⠕⠞⠞⠑⠞⠀⠊⠀⠠⠗⠑⠙⠤&lt;/row&gt;
               &lt;row&gt;⠀⠀⠍⠕⠝⠞⠄⠀⠠⠙⠑⠝⠀⠎⠧⠁⠗⠞⠁⠀⠅⠇⠪⠧⠚⠑⠓⠜⠎⠤&lt;/row&gt;
               &lt;row&gt;⠀⠀⠞⠑⠝⠀⠎⠕⠍⠀⠛⠊⠉⠅⠀⠃⠗⠑⠙⠧⠊⠙⠀⠎⠞⠁⠝⠝⠁⠤&lt;/row&gt;
               &lt;row&gt;⠀⠀⠙⠑⠀⠕⠉⠅⠎⠡⠀⠞⠊⠇⠇⠄⠀⠠⠗⠽⠞⠞⠁⠗⠑⠝&lt;/row&gt;
               &lt;row&gt;⠀⠀⠎⠧⠊⠝⠛⠁⠙⠑⠀⠎⠊⠛⠀⠝⠑⠙⠀⠋⠗⠡⠝⠀⠎⠁⠤&lt;/row&gt;
               &lt;row rowgap="0"&gt;⠀⠀⠙⠑⠇⠝⠄⠀⠠⠓⠁⠝⠀⠧⠁⠗⠀⠑⠝⠀⠇⠡⠝⠛⠀⠕⠉⠓&lt;/row&gt;
            &lt;/page&gt;
            &lt;page&gt;
               &lt;row&gt;⠀⠀⠀⠀⠼⠁⠚⠀⠀⠀⠀⠀⠀⠀⠀⠀⠀⠀⠀⠀⠀⠀⠀⠀⠀⠀⠀⠀⠼⠑&lt;/row&gt;
               &lt;row&gt;⠀⠀⠎⠏⠑⠝⠎⠇⠊⠛⠀⠥⠝⠛⠀⠍⠁⠝⠄⠀⠠⠝⠜⠗⠀⠓⠁⠝&lt;/row&gt;
               &lt;row&gt;⠀⠀⠎⠅⠽⠝⠙⠁⠙⠑⠀⠎⠊⠛⠀⠥⠏⠏⠀⠏⠡⠀⠧⠑⠗⠁⠝⠙⠁⠝&lt;/row&gt;
               &lt;row&gt;⠀⠀⠋⠊⠉⠅⠀⠓⠁⠝⠀⠃⠪⠚⠁⠀⠎⠊⠛⠀⠋⠪⠗⠀⠁⠞⠞&lt;/row&gt;
               &lt;row&gt;⠀⠀⠊⠝⠞⠑⠀⠎⠇⠡⠀⠓⠥⠧⠥⠙⠑⠞⠀⠊⠀⠞⠁⠅⠑⠞⠄&lt;/row&gt;
               &lt;row&gt;⠀⠀⠠⠋⠗⠡⠝⠀⠎⠞⠁⠇⠇⠑⠞⠀⠧⠊⠙⠀⠎⠊⠙⠁⠝⠀⠁⠧&lt;/row&gt;
               &lt;row&gt;⠀⠀⠓⠥⠎⠑⠞⠀⠓⠪⠗⠙⠑⠎⠀⠑⠝⠀⠇⠡⠛⠀⠛⠝⠜⠛⠛⠤&lt;/row&gt;
               &lt;row&gt;⠀⠀⠝⠊⠝⠛⠄⠀⠠⠓⠁⠝⠎⠀⠑⠛⠑⠝⠀⠓⠜⠎⠞⠀⠇⠽⠋⠞⠑&lt;/row&gt;
               &lt;row&gt;⠀⠀⠓⠥⠧⠥⠙⠑⠞⠀⠕⠉⠓⠀⠃⠑⠎⠧⠁⠗⠁⠙⠑⠀⠓⠜⠇⠎⠤&lt;/row&gt;
               &lt;row&gt;⠀⠀⠝⠊⠝⠛⠑⠝⠄&lt;/row&gt;
               &lt;row&gt;⠀⠀⠀⠀⠠⠏⠗⠑⠉⠊⠎⠀⠝⠜⠗⠀⠗⠽⠞⠞⠁⠗⠑⠝⠀⠓⠪⠚⠙⠑&lt;/row&gt;
               &lt;row&gt;⠀⠀⠓⠁⠝⠙⠑⠝⠀⠋⠪⠗⠀⠁⠞⠞⠀⠅⠝⠁⠉⠅⠁⠀⠞⠜⠝⠙⠑⠎&lt;/row&gt;
               &lt;row&gt;⠀⠀⠑⠞⠞⠀⠇⠚⠥⠎⠀⠊⠝⠝⠑⠀⠊⠀⠎⠞⠥⠛⠁⠝⠄⠀⠠⠓⠁⠝&lt;/row&gt;
               &lt;row&gt;⠀⠀⠓⠑⠚⠙⠁⠙⠑⠀⠎⠊⠛⠄⠀⠠⠇⠚⠥⠎⠑⠞⠀⠗⠪⠗⠙⠑&lt;/row&gt;
               &lt;row rowgap="0"&gt;⠀⠀⠎⠊⠛⠀⠛⠑⠝⠕⠍⠀⠗⠥⠍⠍⠑⠞⠀⠊⠝⠝⠁⠝⠋⠪⠗&lt;/row&gt;
            &lt;/page&gt;
            &lt;page&gt;
               &lt;row rowgap="0"&gt;⠀⠀⠀⠀⠼⠑⠤⠤⠼⠋⠀⠀⠀⠀⠀⠀⠀⠀⠀⠀⠀⠀⠀⠀⠀⠀⠀⠼⠁⠁&lt;/row&gt;
               &lt;row&gt;⠀⠀⠕⠉⠓⠀⠝⠡⠛⠗⠁⠀⠎⠑⠅⠥⠝⠙⠑⠗⠀⠎⠑⠝⠁⠗⠑&lt;/row&gt;
               &lt;row&gt;⠀⠀⠪⠏⠏⠝⠁⠙⠑⠎⠀⠙⠪⠗⠗⠑⠝⠄&lt;/row&gt;
               &lt;row&gt;⠀⠀⠀⠀⠰⠠⠛⠊⠇⠁⠝⠰⠂⠀⠎⠁⠀⠠⠓⠁⠇⠞⠄⠀⠠⠓⠁⠝&lt;/row&gt;
               &lt;row&gt;⠀⠀⠧⠑⠗⠅⠁⠙⠑⠀⠊⠝⠞⠑⠀⠎⠜⠗⠎⠅⠊⠇⠞⠀⠋⠪⠗⠧⠡⠤&lt;/row&gt;
               &lt;row&gt;⠀⠀⠝⠁⠙⠄⠀⠰⠠⠧⠁⠙⠀⠛⠪⠗⠀⠙⠥⠀⠓⠜⠗⠢⠰&lt;/row&gt;
               &lt;row&gt;⠀⠀⠀⠀⠠⠙⠑⠝⠀⠥⠝⠛⠑⠀⠎⠏⠑⠚⠁⠗⠑⠝⠀⠎⠅⠗⠁⠞⠤&lt;/row&gt;
               &lt;row&gt;⠀⠀⠞⠁⠙⠑⠀⠕⠉⠓⠀⠞⠊⠞⠞⠁⠙⠑⠀⠏⠡⠀⠎⠊⠝⠀⠛⠁⠍⠤&lt;/row&gt;
               &lt;row&gt;⠀⠀⠇⠑⠀⠇⠜⠗⠁⠗⠑⠄⠀⠰⠠⠓⠥⠗⠀⠃⠜⠗⠀⠙⠥⠀⠙⠊⠛&lt;/row&gt;
               &lt;row&gt;⠀⠀⠡⠞⠂⠀⠠⠓⠁⠇⠞⠢⠀⠠⠓⠥⠗⠀⠛⠪⠗⠀⠙⠥⠢⠀⠠⠓⠥⠗&lt;/row&gt;
               &lt;row&gt;⠀⠀⠅⠥⠝⠙⠑⠀⠙⠥⠀⠧⠑⠞⠁⠀⠁⠞⠞⠀⠙⠑⠞⠀⠧⠁⠗&lt;/row&gt;
               &lt;row&gt;⠀⠀⠚⠁⠛⠀⠎⠕⠍⠀⠅⠕⠍⠀⠍⠊⠞⠞⠀⠊⠀⠝⠁⠞⠞⠑⠝⠂&lt;/row&gt;
               &lt;row&gt;⠀⠀⠊⠝⠝⠁⠝⠀⠙⠥⠀⠑⠝⠎⠀⠪⠏⠏⠝⠁⠙⠑⠀⠙⠪⠗⠤&lt;/row&gt;
               &lt;row&gt;⠀⠀⠗⠑⠝⠢⠰&lt;/row&gt;
               &lt;row rowgap="0"&gt;⠀⠀⠀⠀⠠⠓⠁⠇⠞⠀⠗⠽⠉⠅⠞⠑⠀⠏⠡⠀⠁⠭⠇⠁⠗⠝⠁&lt;/row&gt;
            &lt;/page&gt;
            &lt;page&gt;
               &lt;row&gt;⠀⠀⠀⠀⠼⠁⠃⠀⠀⠀⠀⠀⠀⠀⠀⠀⠀⠀⠀⠀⠀⠀⠀⠀⠀⠀⠀⠀⠼⠋&lt;/row&gt;
               &lt;row&gt;⠀⠀⠕⠉⠓⠀⠛⠚⠕⠗⠙⠑⠀⠞⠑⠉⠅⠑⠝⠀⠡⠞⠀⠠⠛⠊⠇⠁⠝&lt;/row&gt;
               &lt;row&gt;⠀⠀⠁⠞⠞⠀⠅⠕⠍⠍⠁⠀⠊⠝⠄⠀⠠⠓⠁⠝⠀⠎⠞⠜⠝⠛⠙⠑&lt;/row&gt;
               &lt;row&gt;⠀⠀⠙⠪⠗⠗⠑⠝⠀⠕⠉⠓⠀⠛⠊⠉⠅⠀⠊⠝⠀⠊⠀⠙⠑⠞&lt;/row&gt;
               &lt;row&gt;⠀⠀⠇⠊⠇⠇⠁⠀⠅⠪⠅⠑⠞⠄⠀⠠⠓⠁⠝⠀⠪⠏⠏⠝⠁⠙⠑&lt;/row&gt;
               &lt;row&gt;⠀⠀⠎⠏⠚⠜⠇⠇⠑⠞⠀⠕⠉⠓⠀⠇⠜⠞⠀⠑⠇⠙⠑⠝⠀⠊&lt;/row&gt;
               &lt;row&gt;⠀⠀⠎⠏⠊⠎⠑⠝⠀⠞⠁⠀⠋⠁⠗⠞⠄⠀⠠⠎⠑⠙⠁⠝&lt;/row&gt;
               &lt;row&gt;⠀⠀⠎⠞⠜⠇⠇⠙⠑⠀⠓⠁⠝⠀⠑⠝⠀⠅⠕⠏⠏⠁⠗⠅⠊⠞⠞⠑⠇&lt;/row&gt;
               &lt;row&gt;⠀⠀⠏⠡⠀⠓⠜⠇⠇⠑⠝⠀⠑⠋⠞⠑⠗⠀⠁⠞⠞⠀⠓⠁⠀⠋⠪⠗⠤&lt;/row&gt;
               &lt;row&gt;⠀⠀⠎⠜⠅⠗⠁⠞⠀⠎⠊⠛⠀⠕⠍⠀⠁⠞⠞⠀⠙⠑⠞⠀⠧⠁⠗&lt;/row&gt;
               &lt;row&gt;⠀⠀⠗⠊⠅⠇⠊⠛⠞⠀⠍⠑⠙⠀⠧⠁⠞⠞⠑⠝⠀⠊⠀⠙⠑⠝⠄&lt;/row&gt;
               &lt;row&gt;⠀⠀⠀⠀⠰⠠⠚⠁⠛⠀⠓⠪⠗⠙⠑⠀⠙⠊⠝⠀⠓⠜⠎⠞⠀⠋⠪⠗&lt;/row&gt;
               &lt;row&gt;⠀⠀⠝⠡⠛⠗⠁⠀⠍⠊⠝⠥⠞⠑⠗⠀⠎⠑⠙⠁⠝⠰⠂⠀⠎⠁&lt;/row&gt;
               &lt;row&gt;⠀⠀⠓⠁⠝⠄⠀⠰⠠⠎⠑⠙⠁⠝⠀⠓⠪⠗⠙⠑⠀⠚⠁⠛⠀⠓⠥⠗&lt;/row&gt;
               &lt;row rowgap="0"&gt;⠀⠀⠠⠁⠃⠑⠇⠁⠗⠙⠀⠓⠜⠇⠎⠁⠙⠑⠄⠀⠠⠙⠡⠀⠋⠪⠗⠤&lt;/row&gt;
            &lt;/page&gt;
            &lt;page&gt;
               &lt;row rowgap="0"&gt;⠀⠀⠀⠀⠼⠋⠀⠀⠀⠀⠀⠀⠀⠀⠀⠀⠀⠀⠀⠀⠀⠀⠀⠀⠀⠀⠀⠼⠁⠉&lt;/row&gt;
               &lt;row&gt;⠀⠀⠎⠞⠕⠙⠀⠚⠁⠛⠀⠁⠞⠞⠀⠙⠑⠞⠀⠧⠁⠗⠀⠑⠝⠀⠎⠏⠑⠤&lt;/row&gt;
               &lt;row&gt;⠀⠀⠚⠁⠗⠑⠎⠀⠓⠜⠎⠞⠄⠰⠀⠠⠓⠁⠝⠀⠛⠚⠕⠗⠙⠑⠀⠑⠝&lt;/row&gt;
               &lt;row&gt;⠀⠀⠛⠑⠎⠞⠀⠋⠪⠗⠀⠁⠞⠞⠀⠧⠊⠎⠁⠀⠓⠥⠗⠀⠑⠝⠅⠑⠇⠞&lt;/row&gt;
               &lt;row&gt;⠀⠀⠙⠑⠞⠀⠓⠑⠇⠁⠀⠧⠁⠗⠄&lt;/row&gt;
               &lt;row&gt;⠀⠀⠀⠀⠠⠛⠊⠇⠁⠝⠀⠎⠅⠗⠁⠞⠞⠁⠙⠑⠄⠀⠰⠠⠙⠡⠀⠓⠁⠤&lt;/row&gt;
               &lt;row&gt;⠀⠀⠙⠑⠀⠙⠥⠀⠃⠁⠗⠁⠀⠋⠑⠍⠞⠊⠕⠀⠏⠑⠗⠎⠕⠝⠑⠗&lt;/row&gt;
               &lt;row&gt;⠀⠀⠁⠞⠞⠀⠧⠜⠇⠚⠁⠀⠏⠡⠰⠂⠀⠎⠁⠀⠓⠁⠝⠀⠕⠉⠓&lt;/row&gt;
               &lt;row&gt;⠀⠀⠇⠁⠙⠑⠀⠓⠥⠧⠥⠙⠑⠞⠀⠏⠡⠀⠎⠝⠑⠙⠄&lt;/row&gt;
               &lt;row&gt;⠀⠀⠀⠀⠰⠠⠛⠊⠇⠁⠝⠂⠀⠚⠁⠛⠀⠓⠪⠗⠙⠑⠀⠙⠊⠛⠀⠛⠡&lt;/row&gt;
               &lt;row&gt;⠀⠀⠪⠧⠑⠗⠀⠧⠑⠗⠁⠝⠙⠁⠝⠀⠍⠊⠝⠎⠞⠀⠞⠥⠎⠑⠝&lt;/row&gt;
               &lt;row&gt;⠀⠀⠛⠡⠝⠛⠑⠗⠀⠍⠑⠙⠁⠝⠀⠙⠥⠀⠧⠁⠗⠀⠍⠊⠝⠀⠇⠜⠗⠤&lt;/row&gt;
               &lt;row&gt;⠀⠀⠇⠊⠝⠛⠰⠂⠀⠎⠁⠀⠠⠓⠁⠇⠞⠄⠀⠰⠠⠚⠁⠛⠀⠧⠑⠞&lt;/row&gt;
               &lt;row&gt;⠀⠀⠏⠗⠑⠉⠊⠎⠀⠓⠥⠗⠀⠙⠑⠞⠀⠇⠡⠞⠑⠗⠄⠰&lt;/row&gt;
               &lt;row rowgap="0"&gt;⠀⠀⠀⠀⠠⠙⠑⠝⠀⠥⠝⠛⠑⠀⠎⠏⠑⠚⠁⠗⠑⠝⠀⠛⠚⠕⠗⠙⠑&lt;/row&gt;
            &lt;/page&gt;
            &lt;page&gt;
               &lt;row&gt;⠀⠀⠀⠀⠼⠁⠙⠀⠀⠀⠀⠀⠀⠀⠀⠀⠀⠀⠀⠀⠀⠀⠀⠀⠀⠀⠀⠀⠼⠋&lt;/row&gt;
               &lt;row&gt;⠀⠀⠑⠝⠀⠥⠏⠏⠛⠊⠧⠑⠝⠀⠛⠑⠎⠞⠀⠍⠑⠙⠀⠓⠜⠝⠙⠑⠗⠤&lt;/row&gt;
               &lt;row&gt;⠀⠀⠝⠁⠄⠀⠠⠓⠁⠝⠀⠅⠝⠜⠏⠏⠞⠑⠀⠥⠏⠏⠀⠎⠊⠝&lt;/row&gt;
               &lt;row&gt;⠀⠀⠍⠁⠝⠞⠑⠇⠀⠕⠉⠓⠀⠓⠜⠝⠛⠙⠑⠀⠙⠑⠝⠀⠪⠧⠑⠗&lt;/row&gt;
               &lt;row&gt;⠀⠀⠑⠝⠀⠎⠞⠕⠇⠄⠀⠠⠎⠑⠙⠁⠝⠀⠎⠁⠞⠞⠑⠀⠓⠁⠝&lt;/row&gt;
               &lt;row&gt;⠀⠀⠎⠊⠛⠀⠇⠊⠞⠑⠀⠝⠜⠗⠍⠁⠗⠑⠀⠎⠏⠊⠎⠑⠝⠄&lt;/row&gt;
               &lt;row&gt;⠀⠀⠠⠙⠑⠞⠀⠧⠁⠗⠀⠑⠝⠀⠅⠁⠇⠇⠀⠝⠁⠞⠞⠀⠕⠉⠓&lt;/row&gt;
               &lt;row&gt;⠀⠀⠓⠁⠝⠀⠎⠡⠛⠀⠋⠗⠁⠍⠀⠍⠕⠞⠀⠅⠁⠋⠋⠑⠞⠀⠎⠕⠍&lt;/row&gt;
               &lt;row&gt;⠀⠀⠠⠓⠁⠇⠞⠀⠓⠪⠇⠇⠀⠏⠡⠀⠁⠞⠞⠀⠅⠕⠅⠁⠄&lt;/row&gt;
               &lt;row&gt;⠀⠀⠀⠀⠠⠙⠪⠗⠗⠑⠝⠀⠞⠊⠇⠇⠀⠑⠞⠞⠀⠁⠝⠛⠗⠜⠝⠤&lt;/row&gt;
               &lt;row&gt;⠀⠀⠎⠁⠝⠙⠑⠀⠗⠥⠍⠀⠪⠏⠏⠝⠁⠙⠑⠎⠀⠕⠉⠓⠀⠠⠺⠊⠇⠇&lt;/row&gt;
               &lt;row&gt;⠀⠀⠅⠕⠍⠀⠊⠝⠀⠊⠀⠅⠪⠅⠑⠞⠄⠀⠠⠓⠁⠝⠀⠎⠡⠛⠀⠽⠗⠤&lt;/row&gt;
               &lt;row&gt;⠀⠀⠧⠁⠅⠑⠝⠀⠥⠞⠄⠀⠠⠓⠁⠝⠀⠓⠁⠙⠑⠀⠓⠁⠎⠞⠊⠛⠞&lt;/row&gt;
               &lt;row&gt;⠀⠀⠙⠗⠁⠛⠊⠞⠀⠏⠡⠀⠎⠊⠛⠀⠎⠊⠝⠁⠀⠅⠇⠜⠙⠑⠗&lt;/row&gt;
               &lt;row rowgap="0"&gt;⠀⠀⠪⠧⠑⠗⠀⠝⠁⠞⠞⠎⠅⠚⠕⠗⠞⠁⠝⠀⠕⠉⠓⠀⠧⠁⠗&lt;/row&gt;
            &lt;/page&gt;
            &lt;page&gt;
               &lt;row rowgap="0"&gt;⠀⠀⠀⠀⠼⠋⠀⠀⠀⠀⠀⠀⠀⠀⠀⠀⠀⠀⠀⠀⠀⠀⠀⠀⠀⠀⠀⠼⠁⠑&lt;/row&gt;
               &lt;row&gt;⠀⠀⠁⠇⠇⠙⠑⠇⠑⠎⠀⠗⠥⠋⠎⠊⠛⠀⠊⠀⠓⠡⠗⠑⠞⠄&lt;/row&gt;
               &lt;row&gt;⠀⠀⠀⠀⠰⠠⠛⠕⠙⠀⠅⠧⠜⠇⠇⠂⠀⠠⠛⠊⠇⠁⠝⠰⠂⠀⠎⠁&lt;/row&gt;
               &lt;row&gt;⠀⠀⠓⠁⠝⠀⠞⠗⠪⠞⠞⠄⠀⠰⠠⠧⠁⠙⠀⠓⠁⠗⠀⠋⠪⠗⠞&lt;/row&gt;
               &lt;row&gt;⠀⠀⠙⠊⠛⠀⠓⠊⠞⠢⠰&lt;/row&gt;
               &lt;row&gt;⠀⠀⠀⠀⠠⠛⠊⠇⠁⠝⠀⠞⠊⠞⠞⠁⠙⠑⠀⠋⠗⠡⠝⠀⠠⠺⠊⠇⠇&lt;/row&gt;
               &lt;row&gt;⠀⠀⠞⠊⠇⠇⠀⠠⠓⠁⠇⠞⠄⠀⠠⠓⠁⠝⠀⠎⠡⠛⠀⠝⠜⠎⠞⠁⠝&lt;/row&gt;
               &lt;row&gt;⠀⠀⠃⠑⠎⠞⠪⠗⠞⠀⠥⠞⠄⠀⠰⠠⠜⠗⠀⠙⠑⠞⠀⠊⠝⠛⠑⠝&lt;/row&gt;
               &lt;row&gt;⠀⠀⠎⠕⠍⠀⠜⠗⠀⠋⠪⠗⠧⠡⠝⠁⠙⠀⠪⠧⠑⠗⠀⠁⠞⠞⠀⠚⠁⠛&lt;/row&gt;
               &lt;row&gt;⠀⠀⠃⠁⠗⠁⠀⠙⠽⠅⠑⠗⠀⠥⠏⠏⠀⠎⠡⠀⠓⠜⠗⠂⠀⠍⠊⠞⠞&lt;/row&gt;
               &lt;row&gt;⠀⠀⠊⠀⠝⠁⠞⠞⠑⠝⠢⠰⠀⠠⠓⠁⠇⠞⠀⠧⠜⠝⠙⠑⠀⠎⠊⠛&lt;/row&gt;
               &lt;row&gt;⠀⠀⠃⠕⠗⠞⠀⠋⠪⠗⠀⠁⠞⠞⠀⠙⠪⠇⠚⠁⠀⠑⠞⠞⠀⠃⠗⠑⠞⠞&lt;/row&gt;
               &lt;row&gt;⠀⠀⠇⠑⠑⠝⠙⠑⠄⠀⠠⠝⠡⠛⠗⠁⠀⠍⠊⠝⠥⠞⠑⠗⠀⠞⠊⠙⠊⠤&lt;/row&gt;
               &lt;row&gt;⠀⠀⠛⠁⠗⠑⠀⠓⠁⠙⠑⠀⠓⠁⠝⠀⠓⠪⠗⠞⠀⠓⠥⠗⠀⠠⠺⠊⠇⠇&lt;/row&gt;
               &lt;row rowgap="0"&gt;⠀⠀⠎⠅⠽⠝⠙⠁⠙⠑⠀⠋⠗⠁⠍⠀⠞⠊⠇⠇⠀⠋⠪⠝⠎⠞⠗⠑⠞&lt;/row&gt;
            &lt;/page&gt;
            &lt;page&gt;
               &lt;row&gt;⠀⠀⠀⠀⠼⠁⠋⠀⠀⠀⠀⠀⠀⠀⠀⠀⠀⠀⠀⠀⠀⠀⠀⠼⠋⠤⠤⠼⠁⠋&lt;/row&gt;
               &lt;row&gt;⠀⠀⠍⠑⠙⠁⠝⠀⠓⠜⠎⠞⠑⠝⠀⠝⠜⠗⠍⠁⠙⠑⠀⠎⠊⠛⠄&lt;/row&gt;
               &lt;row&gt;⠀⠀⠠⠓⠁⠝⠎⠀⠇⠜⠗⠇⠊⠝⠛⠀⠓⠁⠙⠑⠀⠥⠏⠏⠑⠝⠃⠁⠗⠤&lt;/row&gt;
               &lt;row&gt;⠀⠀⠇⠊⠛⠑⠝⠀⠓⠪⠗⠞⠀⠠⠓⠁⠇⠞⠎⠀⠎⠁⠍⠞⠁⠇⠀⠍⠑⠙&lt;/row&gt;
               &lt;row&gt;⠀⠀⠠⠛⠊⠇⠁⠝⠄⠀⠠⠝⠥⠀⠛⠚⠕⠗⠙⠑⠀⠓⠁⠝⠀⠎⠊⠞⠞&lt;/row&gt;
               &lt;row&gt;⠀⠀⠃⠜⠎⠞⠁⠀⠋⠪⠗⠀⠁⠞⠞⠀⠃⠑⠍⠪⠞⠁⠀⠠⠛⠊⠇⠁⠝&lt;/row&gt;
               &lt;row&gt;⠀⠀⠇⠊⠅⠁⠀⠕⠃⠑⠗⠪⠗⠞⠀⠎⠕⠍⠀⠎⠊⠝⠀⠇⠜⠗⠁⠗⠑⠄&lt;/row&gt;
               &lt;row&gt;⠀⠀⠠⠊⠀⠎⠚⠜⠇⠧⠁⠀⠧⠑⠗⠅⠑⠞⠀⠧⠁⠗⠀⠝⠕⠛&lt;/row&gt;
               &lt;row&gt;⠀⠀⠠⠺⠊⠇⠇⠀⠝⠜⠗⠁⠀⠁⠞⠞⠀⠋⠪⠗⠛⠡⠎⠀⠁⠧⠀⠝⠽⠤&lt;/row&gt;
               &lt;row&gt;⠀⠀⠋⠊⠅⠑⠝⠓⠑⠞⠄⠀⠠⠓⠁⠇⠞⠀⠃⠑⠎⠞⠜⠍⠙⠑⠀⠎⠊⠛&lt;/row&gt;
               &lt;row&gt;⠀⠀⠋⠪⠗⠀⠁⠞⠞⠀⠎⠜⠞⠞⠁⠀⠎⠊⠝⠀⠇⠜⠗⠇⠊⠝⠛⠀⠏⠡&lt;/row&gt;
               &lt;row&gt;⠀⠀⠏⠗⠕⠧⠄&lt;/row&gt;
               &lt;row&gt;⠀⠀⠀⠀⠰⠠⠙⠑⠞⠀⠜⠗⠀⠎⠑⠝⠞⠂⠀⠠⠺⠊⠇⠇⠰⠂⠀⠎⠁&lt;/row&gt;
               &lt;row&gt;⠀⠀⠓⠁⠝⠄⠀⠰⠠⠙⠑⠞⠀⠜⠗⠀⠃⠜⠎⠞⠀⠁⠞⠞⠀⠙⠥&lt;/row&gt;
               &lt;row rowgap="0"&gt;⠀⠀⠇⠜⠛⠛⠑⠗⠀⠙⠊⠛⠀⠊⠛⠑⠝⠄⠀⠠⠧⠊⠀⠓⠁⠗&lt;/row&gt;
            &lt;/page&gt;
            &lt;page&gt;
               &lt;row rowgap="0"&gt;⠀⠀⠀⠀⠼⠁⠋⠀⠀⠀⠀⠀⠀⠀⠀⠀⠀⠀⠀⠀⠀⠀⠀⠀⠀⠀⠀⠼⠁⠛&lt;/row&gt;
               &lt;row&gt;⠀⠀⠍⠽⠉⠅⠑⠞⠀⠁⠞⠞⠀⠛⠪⠗⠁⠀⠊⠀⠍⠕⠗⠛⠕⠝⠄⠰&lt;/row&gt;
               &lt;row&gt;⠀⠀⠀⠀⠠⠺⠊⠇⠇⠎⠀⠝⠕⠝⠉⠓⠁⠇⠁⠝⠞⠁⠀⠁⠝⠤&lt;/row&gt;
               &lt;row&gt;⠀⠀⠎⠊⠅⠞⠎⠥⠞⠞⠗⠽⠉⠅⠀⠋⠪⠗⠎⠧⠁⠝⠝⠀⠛⠑⠤&lt;/row&gt;
               &lt;row&gt;⠀⠀⠝⠁⠎⠞⠄⠀⠠⠓⠁⠝⠀⠎⠡⠛⠀⠃⠑⠎⠧⠊⠅⠑⠝⠀⠥⠞⠄&lt;/row&gt;
               &lt;row&gt;⠀⠀⠠⠙⠑⠞⠀⠠⠓⠁⠇⠞⠀⠓⠁⠙⠑⠀⠎⠁⠛⠞⠀⠧⠁⠗⠀⠑⠝&lt;/row&gt;
               &lt;row&gt;⠀⠀⠕⠗⠙⠑⠗⠄⠀⠠⠁⠇⠇⠁⠀⠞⠁⠝⠅⠁⠗⠀⠏⠡⠀⠁⠞⠞&lt;/row&gt;
               &lt;row&gt;⠀⠀⠧⠑⠗⠅⠁⠀⠇⠥⠛⠝⠀⠋⠪⠗⠎⠧⠁⠝⠝⠀⠙⠊⠗⠑⠅⠞⠄&lt;/row&gt;
               &lt;row&gt;⠀⠀⠰⠠⠍⠑⠝⠀⠠⠓⠁⠇⠞⠖⠰⠀⠥⠞⠃⠗⠁⠎⠞⠀⠓⠁⠝⠄&lt;/row&gt;
               &lt;row&gt;⠀⠀⠰⠠⠎⠝⠜⠇⠇⠁⠖⠀⠠⠚⠁⠛⠀⠧⠊⠇⠇⠀⠧⠑⠞⠁⠀⠧⠁⠙&lt;/row&gt;
               &lt;row&gt;⠀⠀⠎⠕⠍⠀⠎⠞⠡⠗⠀⠏⠡⠖⠰&lt;/row&gt;
               &lt;row&gt;⠀⠀⠀⠀⠠⠓⠁⠇⠞⠀⠕⠉⠓⠀⠠⠛⠊⠇⠁⠝⠀⠞⠊⠞⠞⠁⠙⠑&lt;/row&gt;
               &lt;row&gt;⠀⠀⠏⠡⠀⠧⠁⠗⠁⠝⠙⠗⠁⠀⠕⠉⠓⠀⠇⠕⠛⠄⠀⠠⠺⠊⠇⠇&lt;/row&gt;
               &lt;row&gt;⠀⠀⠞⠗⠁⠍⠏⠁⠙⠑⠀⠕⠞⠡⠇⠊⠛⠞⠀⠍⠑⠙⠁⠝⠀⠓⠁⠝&lt;/row&gt;
               &lt;row rowgap="0"&gt;⠀⠀⠧⠜⠝⠞⠁⠙⠑⠀⠏⠡⠀⠁⠞⠞⠀⠠⠓⠁⠇⠞⠀⠎⠅⠥⠇⠇⠑&lt;/row&gt;
            &lt;/page&gt;
            &lt;page&gt;
               &lt;row&gt;⠀⠀⠀⠀⠼⠁⠓⠀⠀⠀⠀⠀⠀⠀⠀⠀⠀⠀⠀⠀⠀⠀⠀⠀⠀⠀⠀⠼⠁⠋&lt;/row&gt;
               &lt;row&gt;⠀⠀⠜⠝⠙⠗⠁⠀⠎⠊⠛⠄⠀⠠⠚⠜⠛⠁⠗⠑⠝⠀⠎⠡⠛⠀⠁⠇⠇⠤&lt;/row&gt;
               &lt;row&gt;⠀⠀⠧⠁⠗⠇⠊⠛⠀⠥⠞⠀⠕⠉⠓⠀⠎⠞⠜⠇⠇⠙⠑⠀⠝⠑⠙&lt;/row&gt;
               &lt;row&gt;⠀⠀⠞⠗⠑⠀⠍⠥⠛⠛⠁⠗⠀⠍⠑⠙⠀⠗⠽⠅⠁⠝⠙⠑⠀⠅⠁⠋⠋⠑&lt;/row&gt;
               &lt;row&gt;⠀⠀⠏⠡⠀⠃⠕⠗⠙⠑⠞⠄&lt;/row&gt;
               &lt;row&gt;⠀⠀⠀⠀⠰⠠⠧⠊⠇⠅⠑⠝⠀⠞⠥⠗⠀⠁⠞⠞⠀⠚⠁⠛⠀⠛⠚⠕⠗⠤&lt;/row&gt;
               &lt;row&gt;⠀⠀⠙⠑⠀⠞⠗⠑⠀⠅⠕⠏⠏⠁⠗⠀⠅⠁⠋⠋⠑⠰⠂⠀⠎⠁&lt;/row&gt;
               &lt;row&gt;⠀⠀⠓⠁⠝⠄⠀⠠⠺⠊⠇⠇⠀⠊⠝⠎⠡⠛⠀⠁⠞⠞⠀⠠⠓⠁⠇⠞&lt;/row&gt;
               &lt;row&gt;⠀⠀⠓⠁⠙⠑⠀⠋⠡⠞⠞⠀⠓⠕⠝⠕⠍⠀⠁⠞⠞⠀⠧⠊⠎⠁⠀⠎⠊⠤&lt;/row&gt;
               &lt;row&gt;⠀⠀⠝⠁⠀⠅⠕⠗⠞⠄⠀⠠⠓⠁⠝⠀⠗⠽⠉⠅⠞⠑⠀⠏⠡⠀⠁⠭⠤&lt;/row&gt;
               &lt;row&gt;⠀⠀⠇⠁⠗⠝⠁⠀⠕⠉⠓⠀⠋⠇⠊⠝⠁⠙⠑⠀⠃⠗⠑⠞⠞⠄&lt;/row&gt;
               &lt;row&gt;⠀⠀⠠⠎⠑⠙⠁⠝⠀⠎⠁⠞⠞⠑⠀⠓⠁⠝⠀⠎⠊⠛⠀⠧⠊⠙&lt;/row&gt;
               &lt;row&gt;⠀⠀⠃⠕⠗⠙⠑⠞⠀⠍⠑⠙⠀⠙⠑⠀⠞⠧⠡⠀⠎⠏⠑⠚⠁⠗⠝⠁⠄&lt;/row&gt;
               &lt;row&gt;⠀⠀⠀⠀⠰⠠⠎⠡⠀⠙⠜⠗⠀⠚⠁⠂⠀⠠⠛⠊⠇⠁⠝⠰⠂⠀⠎⠁&lt;/row&gt;
               &lt;row rowgap="0"&gt;⠀⠀⠠⠓⠁⠇⠞⠄⠀⠰⠠⠝⠥⠀⠜⠗⠀⠙⠑⠞⠀⠃⠜⠎⠞⠀⠁⠞⠞&lt;/row&gt;
            &lt;/page&gt;
            &lt;page&gt;
               &lt;row rowgap="0"&gt;⠀⠀⠀⠀⠼⠁⠋⠀⠀⠀⠀⠀⠀⠀⠀⠀⠀⠀⠀⠀⠀⠀⠀⠀⠀⠀⠀⠼⠁⠊&lt;/row&gt;
               &lt;row&gt;⠀⠀⠙⠥⠀⠃⠑⠗⠜⠞⠞⠁⠗⠀⠧⠁⠗⠋⠪⠗⠀⠙⠥⠀⠜⠗⠀⠓⠜⠗&lt;/row&gt;
               &lt;row&gt;⠀⠀⠊⠝⠝⠁⠝⠀⠍⠊⠝⠀⠇⠜⠗⠇⠊⠝⠛⠀⠑⠭⠏⠇⠕⠙⠑⠗⠁⠗&lt;/row&gt;
               &lt;row&gt;⠀⠀⠁⠧⠀⠝⠽⠋⠊⠅⠑⠝⠓⠑⠞⠄⠰&lt;/row&gt;
               &lt;row&gt;⠀⠀⠀⠀⠰⠠⠙⠑⠞⠀⠓⠁⠗⠀⠁⠞⠞⠀⠛⠪⠗⠁⠀⠍⠑⠙⠀⠙⠑&lt;/row&gt;
               &lt;row&gt;⠀⠀⠙⠜⠗⠀⠏⠇⠁⠝⠑⠗⠝⠁⠀⠝⠊⠀⠓⠊⠞⠞⠁⠙⠑⠀⠋⠪⠗⠤&lt;/row&gt;
               &lt;row&gt;⠀⠀⠗⠁⠀⠧⠑⠉⠅⠁⠝⠰⠂⠀⠎⠁⠀⠠⠛⠊⠇⠁⠝⠄&lt;/row&gt;
               &lt;row&gt;⠀⠀⠰⠠⠅⠥⠝⠛⠑⠝⠀⠧⠊⠇⠇⠀⠓⠁⠀⠁⠗⠍⠿⠝⠀⠗⠑⠙⠕&lt;/row&gt;
               &lt;row&gt;⠀⠀⠏⠡⠀⠠⠥⠞⠓⠁⠇⠎⠀⠎⠇⠜⠞⠞⠀⠋⠪⠗⠑⠀⠝⠜⠎⠞⠁&lt;/row&gt;
               &lt;row&gt;⠀⠀⠝⠽⠍⠡⠝⠑⠄⠀⠠⠙⠑⠞⠀⠜⠗⠀⠙⠡⠀⠠⠍⠕⠗⠛⠁⠤&lt;/row&gt;
               &lt;row&gt;⠀⠀⠗⠁⠞⠓⠀⠏⠇⠁⠝⠑⠗⠁⠗⠀⠁⠞⠞⠀⠎⠅⠊⠉⠅⠁⠀⠥⠞&lt;/row&gt;
               &lt;row&gt;⠀⠀⠎⠊⠝⠁⠀⠞⠗⠥⠏⠏⠑⠗⠀⠛⠑⠝⠕⠍⠀⠠⠞⠗⠑⠤&lt;/row&gt;
               &lt;row&gt;⠀⠀⠎⠞⠑⠛⠎⠏⠁⠎⠎⠑⠞⠄⠰&lt;/row&gt;
               &lt;row&gt;⠀⠀⠀⠀⠠⠙⠑⠀⠓⠁⠙⠑⠀⠋⠡⠞⠞⠀⠗⠑⠙⠁⠀⠏⠡&lt;/row&gt;
               &lt;row rowgap="0"&gt;⠀⠀⠍⠽⠉⠅⠑⠞⠀⠊⠀⠙⠕⠅⠥⠍⠑⠝⠞⠑⠞⠄⠀⠠⠍⠕⠗⠛⠁⠤&lt;/row&gt;
            &lt;/page&gt;
            &lt;page&gt;
               &lt;row&gt;⠀⠀⠀⠀⠼⠃⠚⠀⠀⠀⠀⠀⠀⠀⠀⠀⠀⠀⠀⠀⠀⠀⠀⠼⠁⠋⠤⠤⠼⠛&lt;/row&gt;
               &lt;row&gt;⠀⠀⠗⠁⠞⠓⠀⠏⠇⠁⠝⠑⠗⠁⠙⠑⠀⠁⠞⠞⠀⠎⠅⠊⠉⠅⠁&lt;/row&gt;
               &lt;row&gt;⠀⠀⠋⠑⠍⠀⠓⠥⠝⠙⠗⠁⠀⠎⠅⠁⠝⠙⠊⠎⠅⠁⠀⠇⠑⠛⠕⠤&lt;/row&gt;
               &lt;row&gt;⠀⠀⠎⠕⠇⠙⠁⠞⠑⠗⠀⠛⠑⠝⠕⠍⠀⠠⠎⠁⠝⠅⠍⠁⠗⠅⠑⠗⠝⠁&lt;/row&gt;
               &lt;row&gt;⠀⠀⠋⠪⠗⠀⠁⠞⠞⠀⠁⠝⠋⠁⠇⠇⠁⠀⠠⠁⠗⠁⠇⠥⠑⠝⠎&lt;/row&gt;
               &lt;row&gt;⠀⠀⠛⠁⠗⠝⠊⠎⠕⠝⠀⠧⠊⠙⠀⠠⠞⠗⠑⠎⠞⠑⠛⠎⠏⠁⠎⠤&lt;/row&gt;
               &lt;row&gt;⠀⠀⠎⠑⠞⠄⠀⠠⠍⠑⠙⠁⠝⠀⠓⠁⠝⠎⠀⠋⠊⠑⠝⠙⠑⠗⠀⠧⠁⠗&lt;/row&gt;
               &lt;row&gt;⠀⠀⠥⠏⠏⠞⠁⠛⠝⠁⠀⠍⠑⠙⠀⠁⠞⠞⠀⠋⠪⠗⠎⠧⠁⠗⠁&lt;/row&gt;
               &lt;row&gt;⠀⠀⠛⠁⠗⠝⠊⠎⠕⠝⠑⠝⠀⠎⠅⠥⠇⠇⠑⠀⠺⠁⠗⠛⠁⠇⠑⠗⠝⠁&lt;/row&gt;
               &lt;row&gt;⠀⠀⠧⠜⠇⠇⠁⠀⠥⠞⠀⠛⠑⠝⠕⠍⠀⠏⠁⠎⠎⠑⠞⠀⠕⠉⠓&lt;/row&gt;
               &lt;row&gt;⠀⠀⠎⠁⠍⠇⠁⠎⠀⠏⠡⠀⠎⠇⠜⠞⠞⠑⠝⠄&lt;/row&gt;
               &lt;row&gt;⠀⠀⠀⠀⠰⠠⠙⠥⠝⠉⠁⠝⠀⠧⠊⠇⠇⠀⠧⠁⠗⠁⠀⠏⠡&lt;/row&gt;
               &lt;row&gt;⠀⠀⠏⠇⠁⠞⠎⠀⠞⠊⠙⠊⠛⠞⠰⠂⠀⠎⠁⠀⠠⠓⠁⠇⠞⠀⠕⠉⠓&lt;/row&gt;
               &lt;row&gt;⠀⠀⠝⠊⠉⠅⠁⠙⠑⠀⠇⠡⠝⠛⠎⠁⠍⠞⠄⠀⠰⠠⠙⠑⠞⠀⠜⠗&lt;/row&gt;
               &lt;row rowgap="0"&gt;⠀⠀⠃⠗⠁⠄⠀⠠⠏⠡⠀⠎⠡⠀⠎⠜⠞⠞⠀⠋⠡⠗⠀⠧⠊&lt;/row&gt;
            &lt;/page&gt;
            &lt;page&gt;
               &lt;row rowgap="0"&gt;⠀⠀⠀⠀⠼⠛⠀⠀⠀⠀⠀⠀⠀⠀⠀⠀⠀⠀⠀⠀⠀⠀⠀⠀⠀⠀⠀⠼⠃⠁&lt;/row&gt;
               &lt;row&gt;⠀⠀⠪⠧⠑⠗⠞⠁⠛⠑⠞⠀⠗⠑⠙⠁⠝⠀⠋⠗⠡⠝⠀⠃⠪⠗⠤&lt;/row&gt;
               &lt;row&gt;⠀⠀⠚⠁⠝⠄⠰&lt;/row&gt;
               &lt;row&gt;⠀⠀⠀⠀⠠⠺⠊⠇⠇⠀⠝⠊⠉⠅⠁⠙⠑⠄⠀⠰⠠⠕⠉⠓⠀⠞⠜⠏⠤&lt;/row&gt;
               &lt;row&gt;⠀⠀⠏⠑⠗⠀⠞⠊⠇⠇⠀⠏⠁⠎⠎⠑⠞⠀⠋⠪⠗⠀⠺⠁⠗⠛⠁⠤&lt;/row&gt;
               &lt;row&gt;⠀⠀⠇⠑⠗⠝⠁⠰⠂⠀⠎⠁⠀⠓⠁⠝⠀⠕⠉⠓⠀⠋⠪⠗⠎⠪⠅⠞⠑&lt;/row&gt;
               &lt;row&gt;⠀⠀⠇⠡⠞⠁⠀⠎⠡⠀⠅⠇⠕⠅⠀⠕⠉⠓⠀⠁⠇⠇⠧⠁⠗⠇⠊⠛&lt;/row&gt;
               &lt;row&gt;⠀⠀⠓⠁⠝⠀⠅⠥⠝⠙⠑⠄&lt;/row&gt;
               &lt;row&gt;⠀⠀⠀⠀⠠⠛⠊⠇⠁⠝⠀⠧⠜⠝⠙⠑⠀⠃⠕⠗⠞⠀⠁⠝⠎⠊⠅⠞⠑⠞&lt;/row&gt;
               &lt;row&gt;⠀⠀⠕⠉⠓⠀⠇⠕⠛⠄⠀⠠⠓⠁⠝⠀⠥⠝⠙⠗⠁⠙⠑⠀⠕⠍⠀⠓⠁⠝&lt;/row&gt;
               &lt;row&gt;⠀⠀⠎⠚⠜⠇⠧⠀⠓⠁⠙⠑⠀⠋⠪⠗⠎⠪⠅⠞⠀⠅⠕⠏⠊⠑⠗⠁&lt;/row&gt;
               &lt;row&gt;⠀⠀⠎⠊⠝⠀⠍⠜⠎⠞⠁⠗⠑⠎⠀⠃⠑⠞⠑⠑⠝⠙⠑⠀⠏⠡&lt;/row&gt;
               &lt;row&gt;⠀⠀⠎⠁⠍⠍⠁⠀⠎⠜⠞⠞⠀⠝⠜⠗⠀⠓⠁⠝⠀⠧⠁⠗&lt;/row&gt;
               &lt;row&gt;⠀⠀⠠⠓⠁⠇⠞⠎⠀⠇⠜⠗⠇⠊⠝⠛⠄⠀⠠⠁⠝⠞⠁⠛⠇⠊⠛⠑⠝&lt;/row&gt;
               &lt;row rowgap="0"&gt;⠀⠀⠓⠁⠙⠑⠀⠓⠁⠝⠀⠙⠑⠞⠄&lt;/row&gt;
            &lt;/page&gt;
            &lt;page&gt;
               &lt;row&gt;⠀⠀⠀⠀⠼⠃⠃⠀⠀⠀⠀⠀⠀⠀⠀⠀⠀⠀⠀⠀⠀⠀⠀⠀⠀⠀⠀⠀⠼⠛&lt;/row&gt;
               &lt;row&gt;⠀⠀⠀⠀⠠⠓⠁⠝⠀⠧⠜⠝⠙⠑⠀⠎⠊⠛⠀⠍⠕⠞⠀⠏⠕⠚⠅⠑⠝⠄&lt;/row&gt;
               &lt;row&gt;⠀⠀⠰⠠⠊⠝⠞⠑⠀⠗⠊⠅⠞⠊⠛⠞⠂⠀⠠⠺⠊⠇⠇⠄⠀⠠⠝⠜⠗&lt;/row&gt;
               &lt;row&gt;⠀⠀⠁⠗⠍⠿⠝⠀⠜⠗⠀⠏⠡⠀⠏⠇⠁⠞⠎⠀⠞⠜⠝⠅⠑⠗&lt;/row&gt;
               &lt;row&gt;⠀⠀⠠⠙⠥⠝⠉⠁⠝⠀⠙⠗⠁⠀⠎⠊⠛⠀⠞⠊⠇⠇⠃⠁⠅⠁&lt;/row&gt;
               &lt;row&gt;⠀⠀⠞⠊⠇⠇⠀⠧⠊⠎⠎⠁⠀⠋⠪⠗⠃⠑⠗⠑⠙⠙⠁⠀⠏⠕⠎⠊⠤&lt;/row&gt;
               &lt;row&gt;⠀⠀⠞⠊⠕⠝⠑⠗⠀⠕⠉⠓⠀⠎⠇⠜⠏⠏⠁⠀⠥⠞⠀⠠⠍⠕⠗⠛⠁⠤&lt;/row&gt;
               &lt;row&gt;⠀⠀⠗⠁⠞⠓⠀⠏⠡⠀⠎⠇⠜⠞⠞⠑⠝⠄⠰⠀⠰⠠⠎⠇⠜⠏⠏⠁&lt;/row&gt;
               &lt;row&gt;⠀⠀⠥⠞⠀⠓⠕⠝⠕⠍⠢⠰⠀⠋⠗⠡⠛⠁⠙⠑⠀⠠⠺⠊⠇⠇⠀⠓⠜⠤&lt;/row&gt;
               &lt;row&gt;⠀⠀⠏⠑⠞⠄⠀⠰⠠⠓⠁⠗⠀⠅⠥⠝⠛⠑⠝⠀⠃⠇⠊⠧⠊⠞⠀⠛⠁⠤&lt;/row&gt;
               &lt;row&gt;⠀⠀⠇⠑⠝⠢⠀⠠⠧⠁⠗⠋⠪⠗⠄⠄⠄⠰&lt;/row&gt;
               &lt;row&gt;⠀⠀⠀⠀⠠⠃⠡⠙⠁⠀⠎⠏⠑⠚⠁⠗⠝⠁⠀⠞⠊⠞⠞⠁⠙⠑⠀⠏⠡&lt;/row&gt;
               &lt;row&gt;⠀⠀⠓⠕⠝⠕⠍⠄⠀⠠⠓⠁⠇⠞⠀⠓⠁⠙⠑⠀⠓⠪⠚⠞⠀⠑⠞⠞&lt;/row&gt;
               &lt;row&gt;⠀⠀⠪⠛⠕⠝⠃⠗⠽⠝⠀⠕⠉⠓⠀⠠⠛⠊⠇⠁⠝⠀⠇⠕⠛&lt;/row&gt;
               &lt;row rowgap="0"&gt;⠀⠀⠎⠝⠑⠞⠞⠄⠀⠰⠠⠚⠁⠛⠀⠍⠑⠝⠁⠗⠄⠄⠄⠀⠰⠂&lt;/row&gt;
            &lt;/page&gt;
            &lt;page&gt;
               &lt;row rowgap="0"&gt;⠀⠀⠀⠀⠼⠛⠀⠀⠀⠀⠀⠀⠀⠀⠀⠀⠀⠀⠀⠀⠀⠀⠀⠀⠀⠀⠀⠼⠃⠉&lt;/row&gt;
               &lt;row&gt;⠀⠀⠃⠪⠗⠚⠁⠙⠑⠀⠠⠺⠊⠇⠇⠄⠀⠠⠙⠑⠞⠀⠧⠁⠗⠀⠁⠝⠤&lt;/row&gt;
               &lt;row&gt;⠀⠀⠞⠁⠛⠇⠊⠛⠑⠝⠀⠕⠇⠜⠍⠏⠇⠊⠛⠞⠀⠁⠞⠞⠀⠊⠋⠗⠡⠤&lt;/row&gt;
               &lt;row&gt;⠀⠀⠛⠁⠎⠜⠞⠞⠁⠀⠅⠥⠝⠛⠑⠝⠎⠀⠋⠪⠗⠝⠥⠋⠞⠀⠏⠡&lt;/row&gt;
               &lt;row&gt;⠀⠀⠙⠑⠞⠀⠎⠜⠞⠞⠑⠞⠄⠀⠰⠠⠚⠁⠛⠀⠧⠊⠇⠇⠀⠁⠃⠎⠕⠤&lt;/row&gt;
               &lt;row&gt;⠀⠀⠇⠥⠞⠀⠊⠝⠞⠑⠀⠎⠡⠗⠁⠀⠝⠡⠛⠕⠝⠂⠀⠍⠑⠝⠄⠄⠄⠰&lt;/row&gt;
               &lt;row&gt;⠀⠀⠀⠀⠰⠠⠁⠓⠂⠀⠚⠁⠛⠀⠞⠗⠕⠗⠀⠊⠝⠞⠑⠀⠁⠞⠞&lt;/row&gt;
               &lt;row&gt;⠀⠀⠅⠥⠝⠛⠑⠝⠀⠎⠅⠥⠇⠇⠑⠀⠃⠇⠊⠀⠎⠜⠗⠎⠅⠊⠇⠞&lt;/row&gt;
               &lt;row&gt;⠀⠀⠎⠡⠗⠁⠙⠀⠕⠍⠀⠓⠁⠝⠀⠋⠊⠉⠅⠀⠓⠪⠗⠁⠀⠁⠞⠞&lt;/row&gt;
               &lt;row&gt;⠀⠀⠑⠝⠀⠇⠜⠗⠇⠊⠝⠛⠀⠞⠽⠉⠅⠑⠗⠀⠁⠞⠞⠀⠓⠁⠝⠀⠜⠗&lt;/row&gt;
               &lt;row&gt;⠀⠀⠛⠁⠇⠑⠝⠰⠂⠀⠎⠁⠀⠠⠓⠁⠇⠞⠄⠀⠰⠠⠅⠥⠝⠛⠁⠗&lt;/row&gt;
               &lt;row&gt;⠀⠀⠜⠇⠎⠅⠁⠗⠀⠁⠞⠞⠀⠓⠪⠗⠁⠀⠎⠡⠙⠁⠝⠞⠄⠰&lt;/row&gt;
               &lt;row&gt;⠀⠀⠀⠀⠰⠠⠍⠑⠝⠀⠠⠓⠁⠇⠞⠄⠄⠄⠀⠧⠊⠇⠇⠀⠓⠁⠝&lt;/row&gt;
               &lt;row&gt;⠀⠀⠧⠑⠗⠅⠇⠊⠛⠑⠝⠀⠎⠇⠜⠏⠏⠁⠀⠥⠞⠀⠠⠍⠕⠗⠛⠁⠤&lt;/row&gt;
               &lt;row rowgap="0"&gt;⠀⠀⠗⠁⠞⠓⠀⠑⠋⠞⠑⠗⠀⠁⠇⠇⠁⠀⠙⠑⠎⠎⠁⠀⠡⠗⠢⠰&lt;/row&gt;
            &lt;/page&gt;
            &lt;page&gt;
               &lt;row&gt;⠀⠀⠀⠀⠼⠃⠙⠀⠀⠀⠀⠀⠀⠀⠀⠀⠀⠀⠀⠀⠀⠀⠀⠀⠀⠀⠀⠀⠼⠛&lt;/row&gt;
               &lt;row&gt;⠀⠀⠋⠗⠡⠛⠁⠙⠑⠀⠠⠺⠊⠇⠇⠄⠀⠰⠠⠙⠑⠞⠀⠧⠑⠗⠤&lt;/row&gt;
               &lt;row&gt;⠀⠀⠅⠁⠗⠄⠄⠄⠰⠀⠠⠓⠁⠝⠀⠧⠁⠗⠀⠝⠜⠗⠁⠀⠁⠞⠞&lt;/row&gt;
               &lt;row&gt;⠀⠀⠎⠜⠛⠁⠀⠰⠛⠁⠇⠑⠞⠰⠂⠀⠍⠑⠝⠀⠓⠑⠚⠙⠁⠙⠑&lt;/row&gt;
               &lt;row&gt;⠀⠀⠎⠊⠛⠄⠀⠠⠏⠇⠪⠞⠎⠇⠊⠛⠞⠀⠅⠕⠍⠀⠓⠁⠝⠀⠁⠞⠞&lt;/row&gt;
               &lt;row&gt;⠀⠀⠞⠜⠝⠅⠁⠀⠏⠡⠀⠺⠁⠗⠛⠁⠇⠑⠗⠝⠁⠀⠎⠕⠍⠀⠓⠁⠝&lt;/row&gt;
               &lt;row&gt;⠀⠀⠕⠉⠓⠀⠠⠓⠁⠇⠞⠀⠓⠁⠙⠑⠀⠋⠪⠗⠋⠪⠇⠚⠞⠄&lt;/row&gt;
               &lt;row&gt;⠀⠀⠠⠋⠪⠗⠀⠎⠊⠝⠀⠊⠝⠗⠑⠀⠎⠽⠝⠀⠎⠡⠛⠀⠓⠁⠝&lt;/row&gt;
               &lt;row&gt;⠀⠀⠞⠥⠎⠑⠝⠞⠁⠇⠎⠀⠎⠡⠙⠁⠝⠁⠀⠧⠁⠗⠑⠇⠎⠑⠗&lt;/row&gt;
               &lt;row&gt;⠀⠀⠎⠞⠗⠪⠍⠍⠁⠀⠥⠞⠀⠏⠡⠀⠎⠇⠜⠞⠞⠑⠝⠄⠀⠠⠓⠁⠝&lt;/row&gt;
               &lt;row&gt;⠀⠀⠅⠜⠝⠙⠑⠀⠎⠊⠛⠀⠁⠇⠇⠙⠑⠇⠑⠎⠀⠅⠁⠇⠇⠀⠊⠝⠤&lt;/row&gt;
               &lt;row&gt;⠀⠀⠕⠍⠃⠕⠗⠙⠎⠄&lt;/row&gt;
               &lt;row&gt;⠀⠀⠀⠀⠰⠠⠙⠑⠞⠀⠜⠗⠀⠏⠗⠑⠉⠊⠎⠀⠙⠑⠞⠀⠎⠕⠍⠀⠜⠗&lt;/row&gt;
               &lt;row&gt;⠀⠀⠞⠁⠝⠅⠑⠝⠂⠀⠠⠺⠊⠇⠇⠰⠂⠀⠎⠁⠀⠠⠓⠁⠇⠞⠄&lt;/row&gt;
               &lt;row rowgap="0"&gt;⠀⠀⠰⠠⠙⠥⠀⠎⠇⠕⠛⠀⠋⠁⠅⠞⠊⠎⠅⠞⠀⠓⠥⠧⠥⠙⠑⠞&lt;/row&gt;
            &lt;/page&gt;
            &lt;page&gt;
               &lt;row rowgap="0"&gt;⠀⠀⠀⠀⠼⠛⠤⠤⠼⠁⠓⠀⠀⠀⠀⠀⠀⠀⠀⠀⠀⠀⠀⠀⠀⠀⠀⠼⠃⠑&lt;/row&gt;
               &lt;row&gt;⠀⠀⠏⠡⠀⠎⠏⠊⠅⠑⠝⠀⠝⠜⠗⠀⠙⠥⠀⠎⠁⠀⠐⠑⠋⠞⠑⠗&lt;/row&gt;
               &lt;row&gt;⠀⠀⠁⠇⠇⠁⠀⠙⠑⠎⠎⠁⠀⠡⠗⠐⠄⠀⠠⠧⠊⠀⠓⠁⠗&lt;/row&gt;
               &lt;row&gt;⠀⠀⠎⠝⠑⠛⠇⠁⠞⠀⠏⠡⠀⠠⠍⠕⠗⠛⠁⠗⠁⠞⠓⠀⠊⠀⠎⠑⠭⠤&lt;/row&gt;
               &lt;row&gt;⠀⠀⠞⠕⠝⠀⠡⠗⠀⠕⠉⠓⠀⠥⠝⠙⠗⠁⠞⠀⠧⠁⠙⠀⠓⠁⠝&lt;/row&gt;
               &lt;row&gt;⠀⠀⠑⠛⠑⠝⠞⠇⠊⠛⠑⠝⠀⠓⠡⠇⠇⠑⠗⠀⠏⠡⠀⠍⠑⠙⠄&lt;/row&gt;
               &lt;row&gt;⠀⠀⠠⠥⠝⠙⠑⠗⠀⠙⠑⠀⠡⠗⠑⠝⠀⠓⠁⠗⠀⠧⠡⠗⠁&lt;/row&gt;
               &lt;row&gt;⠀⠀⠎⠞⠽⠗⠅⠕⠗⠀⠏⠁⠞⠗⠥⠇⠇⠑⠗⠁⠞⠀⠕⠍⠗⠡⠙⠑⠞&lt;/row&gt;
               &lt;row&gt;⠀⠀⠝⠑⠙⠁⠝⠋⠪⠗⠀⠅⠇⠊⠏⠏⠕⠗⠝⠁⠀⠕⠉⠓⠀⠃⠑⠧⠁⠤&lt;/row&gt;
               &lt;row&gt;⠀⠀⠅⠁⠞⠀⠠⠞⠗⠑⠎⠞⠑⠛⠎⠏⠁⠎⠎⠑⠞⠄&lt;/row&gt;
               &lt;row&gt;⠀⠀⠀⠀⠠⠍⠕⠗⠛⠁⠗⠁⠞⠓⠀⠓⠁⠗⠀⠓⠁⠋⠞⠀⠉⠓⠁⠝⠤&lt;/row&gt;
               &lt;row&gt;⠀⠀⠎⠑⠝⠀⠁⠞⠞⠀⠎⠇⠡⠀⠞⠊⠇⠇⠀⠓⠑⠇⠁⠀⠞⠊⠙⠑⠝⠄&lt;/row&gt;
               &lt;row&gt;⠀⠀⠠⠎⠑⠝⠁⠎⠞⠀⠁⠝⠧⠜⠝⠙⠑⠀⠓⠁⠝⠀⠎⠊⠛⠀⠚⠥&lt;/row&gt;
               &lt;row&gt;⠀⠀⠁⠧⠀⠅⠁⠇⠅⠁⠗⠁⠝⠑⠗⠝⠁⠄⠰&lt;/row&gt;
               &lt;row rowgap="0"&gt;⠀⠀⠀⠀⠠⠛⠊⠇⠁⠝⠀⠞⠊⠞⠞⠁⠙⠑⠀⠏⠡⠀⠎⠊⠝⠀⠛⠁⠍⠤&lt;/row&gt;
            &lt;/page&gt;
            &lt;page&gt;
               &lt;row&gt;⠀⠀⠀⠀⠼⠃⠋⠀⠀⠀⠀⠀⠀⠀⠀⠀⠀⠀⠀⠀⠀⠀⠀⠀⠀⠀⠀⠼⠁⠓&lt;/row&gt;
               &lt;row&gt;⠀⠀⠇⠑⠀⠇⠜⠗⠁⠗⠑⠀⠍⠑⠙⠀⠃⠑⠥⠝⠙⠗⠁⠝⠀⠊&lt;/row&gt;
               &lt;row&gt;⠀⠀⠃⠇⠊⠉⠅⠑⠝⠄⠀⠠⠓⠁⠇⠞⠀⠓⠁⠙⠑⠀⠛⠑⠝⠁⠎⠞&lt;/row&gt;
               &lt;row&gt;⠀⠀⠋⠪⠗⠎⠞⠡⠞⠞⠀⠓⠥⠗⠀⠅⠥⠝⠛⠑⠝⠀⠞⠜⠝⠅⠞⠑⠄&lt;/row&gt;
               &lt;row&gt;⠀⠀⠠⠙⠑⠞⠀⠧⠁⠗⠀⠊⠝⠞⠑⠀⠅⠕⠝⠎⠞⠊⠛⠞⠀⠁⠞⠞&lt;/row&gt;
               &lt;row&gt;⠀⠀⠓⠁⠝⠀⠧⠁⠗⠀⠑⠝⠀⠁⠧⠀⠅⠥⠝⠛⠑⠝⠎⠀⠍⠑⠎⠞&lt;/row&gt;
               &lt;row&gt;⠀⠀⠗⠑⠎⠏⠑⠅⠞⠑⠗⠁⠙⠑⠀⠗⠡⠙⠛⠊⠧⠁⠗⠑⠄&lt;/row&gt;
               &lt;row&gt;⠀⠀⠰⠠⠓⠁⠇⠞⠀⠓⠁⠗⠀⠗⠜⠞⠞⠂⠀⠠⠺⠊⠇⠇⠰⠂⠀⠎⠁&lt;/row&gt;
               &lt;row&gt;⠀⠀⠙⠑⠝⠀⠥⠝⠛⠑⠀⠎⠏⠑⠚⠁⠗⠑⠝⠄⠀⠰⠠⠕⠉⠓⠀⠙⠑⠞&lt;/row&gt;
               &lt;row&gt;⠀⠀⠋⠊⠝⠝⠎⠀⠙⠑⠎⠎⠥⠞⠕⠍⠀⠑⠞⠞⠀⠎⠅⠜⠇&lt;/row&gt;
               &lt;row&gt;⠀⠀⠞⠊⠇⠇⠄⠀⠠⠑⠋⠞⠑⠗⠀⠎⠑⠭⠞⠕⠝⠀⠡⠗⠀⠁⠧&lt;/row&gt;
               &lt;row&gt;⠀⠀⠋⠗⠑⠙⠀⠓⠁⠗⠀⠋⠕⠇⠅⠀⠃⠪⠗⠚⠁⠞⠀⠎⠇⠁⠏⠏⠝⠁&lt;/row&gt;
               &lt;row&gt;⠀⠀⠁⠧⠄⠀⠠⠊⠝⠞⠑⠀⠎⠏⠑⠚⠁⠗⠝⠁⠂⠀⠋⠪⠗⠎⠞⠡⠎⠄&lt;/row&gt;
               &lt;row&gt;⠀⠀⠠⠍⠑⠝⠀⠙⠑⠀⠋⠇⠑⠎⠞⠁⠀⠧⠁⠝⠇⠊⠛⠁⠀⠎⠕⠇⠤&lt;/row&gt;
               &lt;row rowgap="0"&gt;⠀⠀⠙⠁⠞⠑⠗⠀⠕⠉⠓⠀⠑⠝⠀⠙⠑⠇⠀⠁⠧⠀⠇⠜⠝⠎⠓⠑⠗⠤&lt;/row&gt;
            &lt;/page&gt;
            &lt;page&gt;
               &lt;row rowgap="0"&gt;⠀⠀⠀⠀⠼⠁⠓⠀⠀⠀⠀⠀⠀⠀⠀⠀⠀⠀⠀⠀⠀⠀⠀⠀⠀⠀⠀⠼⠃⠛&lt;/row&gt;
               &lt;row&gt;⠀⠀⠗⠁⠗⠝⠁⠀⠊⠀⠝⠕⠗⠗⠀⠅⠜⠝⠝⠑⠗⠀⠎⠊⠛⠀⠊⠝⠞⠑&lt;/row&gt;
               &lt;row&gt;⠀⠀⠇⠜⠝⠛⠗⠑⠀⠎⠡⠀⠓⠕⠞⠁⠙⠑⠄⠰&lt;/row&gt;
               &lt;row&gt;⠀⠀⠀⠀⠰⠠⠙⠥⠀⠓⠁⠗⠀⠚⠥⠀⠎⠚⠜⠇⠧⠀⠎⠑⠞⠞⠀⠓⠥⠗&lt;/row&gt;
               &lt;row&gt;⠀⠀⠞⠧⠑⠅⠎⠁⠍⠍⠁⠀⠍⠡⠝⠛⠁⠀⠃⠇⠊⠗⠀⠝⠜⠗⠀⠙⠑&lt;/row&gt;
               &lt;row&gt;⠀⠀⠍⠡⠎⠞⠑⠀⠇⠜⠍⠝⠁⠀⠎⠊⠝⠁⠀⠛⠡⠗⠙⠁⠗⠀⠕⠉⠓&lt;/row&gt;
               &lt;row&gt;⠀⠀⠛⠡⠀⠥⠞⠀⠊⠀⠅⠗⠊⠛⠰⠂⠀⠎⠁⠀⠠⠓⠁⠇⠞⠄&lt;/row&gt;
               &lt;row&gt;⠀⠀⠠⠺⠊⠇⠇⠀⠝⠊⠉⠅⠁⠙⠑⠄⠀⠠⠙⠑⠝⠀⠎⠑⠝⠁⠎⠞⠑&lt;/row&gt;
               &lt;row&gt;⠀⠀⠧⠑⠉⠅⠁⠝⠀⠓⠁⠙⠑⠀⠓⠁⠝⠀⠕⠉⠓⠀⠠⠓⠁⠇⠞&lt;/row&gt;
               &lt;row&gt;⠀⠀⠗⠊⠙⠊⠞⠀⠛⠑⠝⠕⠍⠀⠋⠇⠑⠗⠁⠀⠎⠍⠡⠀⠃⠽⠁⠗⠀⠊&lt;/row&gt;
               &lt;row&gt;⠀⠀⠠⠗⠑⠙⠍⠕⠝⠞⠀⠋⠪⠗⠀⠁⠞⠞⠀⠁⠝⠎⠅⠁⠋⠋⠁&lt;/row&gt;
               &lt;row&gt;⠀⠀⠍⠁⠝⠎⠅⠁⠏⠀⠞⠊⠇⠇⠀⠁⠗⠍⠿⠝⠄⠀⠠⠃⠽⠃⠕⠗⠝⠁&lt;/row&gt;
               &lt;row&gt;⠀⠀⠓⠁⠙⠑⠀⠕⠋⠞⠁⠀⠧⠁⠗⠊⠞⠀⠁⠧⠕⠛⠁⠀⠞⠊⠇⠇&lt;/row&gt;
               &lt;row&gt;⠀⠀⠑⠝⠀⠃⠪⠗⠚⠁⠝⠂⠀⠍⠑⠝⠀⠞⠕⠛⠀⠝⠜⠎⠞⠁⠝&lt;/row&gt;
               &lt;row rowgap="0"&gt;⠀⠀⠁⠇⠇⠞⠊⠙⠀⠎⠊⠞⠞⠀⠋⠪⠗⠝⠥⠋⠞⠀⠞⠊⠇⠇&lt;/row&gt;
            &lt;/page&gt;
            &lt;page&gt;
               &lt;row&gt;⠀⠀⠀⠀⠼⠃⠓⠀⠀⠀⠀⠀⠀⠀⠀⠀⠀⠀⠀⠀⠀⠀⠀⠀⠀⠀⠀⠼⠁⠓&lt;/row&gt;
               &lt;row&gt;⠀⠀⠋⠡⠝⠛⠁⠀⠝⠜⠗⠀⠠⠓⠁⠇⠞⠀⠍⠑⠙⠀⠓⠚⠜⠇⠏⠀⠁⠧&lt;/row&gt;
               &lt;row&gt;⠀⠀⠎⠊⠞⠞⠀⠗⠽⠅⠞⠑⠀⠕⠉⠓⠀⠎⠊⠝⠀⠎⠞⠁⠗⠅⠁&lt;/row&gt;
               &lt;row&gt;⠀⠀⠏⠑⠗⠎⠕⠝⠇⠊⠛⠓⠑⠞⠀⠥⠞⠪⠧⠁⠙⠑⠀⠎⠊⠞⠞&lt;/row&gt;
               &lt;row&gt;⠀⠀⠊⠝⠋⠇⠽⠞⠁⠝⠙⠑⠄&lt;/row&gt;
               &lt;row&gt;⠀⠀⠀⠀⠰⠠⠅⠥⠝⠛⠀⠠⠙⠥⠝⠉⠁⠝⠀⠞⠽⠉⠅⠑⠗⠀⠁⠞⠞&lt;/row&gt;
               &lt;row&gt;⠀⠀⠙⠑⠞⠀⠓⠁⠗⠀⠃⠇⠊⠧⠊⠞⠀⠙⠁⠛⠎⠀⠁⠞⠞⠀⠎⠜⠞⠤&lt;/row&gt;
               &lt;row&gt;⠀⠀⠞⠁⠀⠏⠥⠝⠅⠞⠀⠋⠪⠗⠀⠙⠑⠝⠀⠇⠡⠝⠛⠁⠀⠅⠕⠝⠤&lt;/row&gt;
               &lt;row&gt;⠀⠀⠋⠇⠊⠅⠞⠑⠝⠀⠍⠑⠙⠀⠠⠍⠕⠗⠛⠁⠗⠁⠞⠓⠰⠂⠀⠎⠁&lt;/row&gt;
               &lt;row&gt;⠀⠀⠠⠛⠊⠇⠁⠝⠄⠀⠰⠠⠧⠊⠀⠜⠗⠀⠎⠞⠁⠗⠅⠁⠗⠑⠀⠜⠝&lt;/row&gt;
               &lt;row&gt;⠀⠀⠝⠡⠛⠕⠝⠎⠊⠝⠀⠕⠉⠓⠀⠧⠊⠀⠓⠁⠗⠀⠊⠝⠛⠑⠞&lt;/row&gt;
               &lt;row&gt;⠀⠀⠁⠞⠞⠀⠧⠊⠝⠝⠁⠀⠏⠡⠀⠁⠞⠞⠀⠧⠜⠝⠞⠁⠄⠀⠠⠧⠊&lt;/row&gt;
               &lt;row&gt;⠀⠀⠅⠕⠍⠍⠑⠗⠀⠁⠇⠙⠗⠊⠛⠀⠁⠞⠞⠀⠋⠡⠀⠝⠡⠛⠕⠝&lt;/row&gt;
               &lt;row&gt;⠀⠀⠃⠜⠞⠞⠗⠑⠀⠉⠓⠁⠝⠎⠀⠁⠞⠞⠀⠛⠪⠗⠁⠀⠕⠎⠎⠀⠁⠧&lt;/row&gt;
               &lt;row rowgap="0"&gt;⠀⠀⠍⠑⠙⠀⠠⠍⠕⠗⠛⠁⠗⠁⠞⠓⠀⠑⠝⠀⠛⠡⠝⠛⠀⠋⠪⠗&lt;/row&gt;
            &lt;/page&gt;
            &lt;page&gt;
               &lt;row rowgap="0"&gt;⠀⠀⠀⠀⠼⠁⠓⠀⠀⠀⠀⠀⠀⠀⠀⠀⠀⠀⠀⠀⠀⠀⠀⠀⠀⠀⠀⠼⠃⠊&lt;/row&gt;
               &lt;row&gt;⠀⠀⠁⠇⠇⠁⠄⠰&lt;/row&gt;
               &lt;row&gt;⠀⠀⠀⠀⠰⠠⠧⠊⠇⠅⠑⠞⠀⠇⠑⠙⠑⠗⠀⠕⠎⠎⠀⠞⠊⠇⠇⠃⠁⠤&lt;/row&gt;
               &lt;row&gt;⠀⠀⠅⠁⠀⠞⠊⠇⠇⠀⠍⠊⠝⠀⠥⠗⠎⠏⠗⠥⠝⠛⠇⠊⠛⠁&lt;/row&gt;
               &lt;row&gt;⠀⠀⠋⠗⠡⠛⠁⠰⠂⠀⠎⠁⠀⠠⠓⠁⠇⠞⠄⠀⠰⠠⠧⠁⠙⠀⠛⠪⠗&lt;/row&gt;
               &lt;row&gt;⠀⠀⠙⠥⠀⠓⠜⠗⠀⠍⠊⠞⠞⠀⠊⠀⠝⠁⠞⠞⠑⠝⠢⠰&lt;/row&gt;
               &lt;row&gt;⠀⠀⠀⠀⠰⠠⠚⠁⠛⠀⠓⠁⠗⠀⠋⠡⠞⠞⠀⠕⠗⠙⠑⠗⠀⠁⠧&lt;/row&gt;
               &lt;row&gt;⠀⠀⠠⠉⠗⠕⠺⠇⠑⠽⠰⠂⠀⠎⠁⠀⠠⠛⠊⠇⠁⠝⠀⠕⠉⠓⠀⠇⠁⠤&lt;/row&gt;
               &lt;row&gt;⠀⠀⠙⠑⠀⠑⠝⠀⠏⠑⠗⠛⠁⠍⠑⠝⠞⠗⠥⠇⠇⠑⠀⠏⠡⠀⠃⠕⠗⠤&lt;/row&gt;
               &lt;row&gt;⠀⠀⠙⠑⠞⠄⠀⠠⠓⠁⠇⠞⠀⠞⠊⠞⠞⠁⠙⠑⠀⠋⠗⠡⠛⠁⠝⠙⠑&lt;/row&gt;
               &lt;row&gt;⠀⠀⠏⠡⠀⠠⠛⠊⠇⠁⠝⠀⠕⠉⠓⠀⠗⠥⠇⠇⠁⠙⠑⠀⠥⠏⠏&lt;/row&gt;
               &lt;row&gt;⠀⠀⠙⠑⠝⠄⠀⠠⠺⠊⠇⠇⠀⠧⠊⠎⠎⠞⠑⠀⠁⠞⠞⠀⠠⠉⠗⠕⠺⠤&lt;/row&gt;
               &lt;row&gt;⠀⠀⠇⠑⠽⠀⠧⠁⠗⠀⠇⠑⠙⠁⠗⠑⠀⠋⠪⠗⠀⠙⠑⠀⠋⠑⠍⠞⠊⠕&lt;/row&gt;
               &lt;row&gt;⠀⠀⠎⠏⠑⠚⠁⠗⠝⠁⠀⠊⠀⠗⠊⠅⠑⠞⠄⠀⠠⠓⠁⠇⠞⠀⠇⠜⠎⠤&lt;/row&gt;
               &lt;row rowgap="0"&gt;⠀⠀⠞⠑⠀⠊⠛⠑⠝⠕⠍⠀⠏⠑⠗⠛⠁⠍⠑⠝⠞⠑⠞⠀⠕⠉⠓&lt;/row&gt;
            &lt;/page&gt;
            &lt;page&gt;
               &lt;row&gt;⠀⠀⠀⠀⠼⠉⠚⠀⠀⠀⠀⠀⠀⠀⠀⠀⠀⠀⠀⠀⠀⠀⠀⠀⠀⠀⠀⠼⠁⠓&lt;/row&gt;
               &lt;row rowgap="0"&gt;⠀⠀⠗⠥⠇⠇⠁⠙⠑⠀⠎⠑⠙⠁⠝⠀⠊⠓⠕⠏⠀⠙⠑⠞⠀⠊⠛⠑⠝⠄&lt;/row&gt;
            &lt;/page&gt;
         &lt;/section&gt;
         &lt;section rowgap="4"&gt;
            &lt;page&gt;
               &lt;row rowgap="0"/&gt;
               &lt;row&gt;⠀⠀⠒⠒⠀⠠⠞⠗⠽⠉⠅⠥⠏⠏⠛⠊⠋⠞⠑⠗⠀⠒⠒⠒⠒⠒⠒⠒⠒⠒&lt;/row&gt;
               &lt;row/&gt;
               &lt;row&gt;⠀⠀⠠⠏⠥⠝⠅⠞⠎⠅⠗⠊⠋⠞⠎⠃⠕⠅⠑⠝⠀⠜⠗⠀⠏⠗⠕⠙⠥⠤&lt;/row&gt;
               &lt;row&gt;⠀⠀⠉⠑⠗⠁⠙⠀⠼⠃⠚⠁⠑⠀⠁⠧⠀⠠⠠⠍⠞⠍⠂⠀⠠⠚⠕⠤&lt;/row&gt;
               &lt;row&gt;⠀⠀⠓⠁⠝⠝⠑⠎⠓⠕⠧&lt;/row&gt;
               &lt;row/&gt;
               &lt;row&gt;⠀⠀⠠⠍⠑⠙⠊⠑⠝⠥⠍⠍⠑⠗⠒⠀⠠⠏⠼⠑⠙⠉⠃⠁&lt;/row&gt;
               &lt;row/&gt;
               &lt;row&gt;⠀⠀⠠⠞⠑⠎⠞&lt;/row&gt;
               &lt;row rowgap="0"&gt;⠀⠀⠒⠒⠒⠒⠒⠒⠒⠒⠒⠒⠒⠒⠒⠒⠒⠒⠒⠒⠒⠒⠒⠒⠒⠒⠒⠒⠒⠒&lt;/row&gt;
            &lt;/page&gt;
         &lt;/section&gt;
      &lt;/volume&gt;
   &lt;/body&gt;
&lt;/pef&gt;

Was:



application/x-pef+xml
identifier?
2016-01-06






⠠⠠⠎⠏⠑⠚⠁⠗⠑⠝⠎⠀⠠⠠⠇⠜⠗⠊⠝⠛⠀⠤⠀⠠⠠⠙⠑⠞⠀
⠠⠠⠪⠧⠑⠗⠛⠊⠧⠝⠁⠀⠠⠠⠇⠁⠝⠙⠑⠞⠀⠠⠚⠕⠓⠝⠀
⠠⠋⠇⠁⠝⠁⠛⠁⠝⠀⠠⠠⠎⠏⠑⠚⠁⠗⠑⠝⠎⠀⠠⠠⠇⠜⠗⠊⠝⠛⠀⠤
⠠⠠⠙⠑⠞⠀⠠⠠⠪⠧⠑⠗⠛⠊⠧⠝⠁⠀⠠⠠⠇⠁⠝⠙⠑⠞
⠀⠀⠀⠀⠠⠚⠕⠓⠝⠀⠠⠋⠇⠁⠝⠁⠛⠁⠝
⠀⠀⠀⠀⠠⠪⠧⠑⠗⠎⠜⠞⠞⠝⠊⠝⠛⠀⠠⠊⠝⠛⠍⠁⠗⠀
⠀⠀⠠⠺⠑⠝⠝⠑⠗⠃⠑⠗⠛
⠀⠀⠀⠀⠠⠃⠸⠠⠠⠺⠁⠓⠇⠎⠞⠗⠪⠍⠎
⠀⠀⠀⠀⠠⠞⠑⠎⠞
⠠⠅⠁⠏⠊⠞⠑⠇⠀⠼⠁
⠀⠀⠀⠀⠰⠠⠅⠜⠝⠝⠑⠗⠀⠙⠥⠀⠓⠕⠝⠕⠍⠢⠰⠀⠋⠗⠡⠛⠁⠙⠑⠀
⠀⠀⠠⠺⠊⠇⠇⠄⠀⠠⠓⠁⠝⠎⠀⠝⠽⠋⠊⠅⠑⠝⠓⠑⠞⠀⠓⠁⠙⠑⠀
⠀⠀⠗⠑⠙⠁⠝⠀⠋⠡⠞⠞⠀⠓⠕⠝⠕⠍⠀⠁⠞⠞⠀⠛⠇⠪⠍⠍⠁⠀
⠀⠀⠎⠅⠗⠜⠉⠅⠑⠝⠀⠓⠁⠝⠀⠝⠽⠎⠎⠀⠓⠁⠙⠑⠀⠅⠜⠝⠞⠀⠤⠀
⠀⠀⠏⠗⠑⠉⠊⠎⠀⠎⠕⠍⠀⠠⠓⠁⠇⠞⠀⠓⠁⠙⠑⠀⠗⠜⠅⠝⠁⠞⠀
⠀⠀⠍⠑⠙⠄
⠀⠀⠀⠀⠰⠠⠚⠁⠛⠀⠚⠁⠛⠁⠙⠑⠀⠥⠞⠀⠓⠕⠝⠕⠍⠀⠥⠗⠀
⠀⠀⠗⠊⠅⠑⠞⠀⠋⠪⠗⠀⠋⠑⠍⠀⠑⠇⠇⠑⠗⠀⠎⠑⠭⠀⠡⠗⠀
⠀⠀⠎⠑⠙⠁⠝⠰⠂⠀⠎⠁⠀⠎⠏⠑⠚⠁⠗⠑⠝⠄⠀⠰⠠⠓⠁⠝⠀⠧⠁⠗
⠀⠀⠑⠝⠀⠍⠪⠗⠙⠁⠗⠑⠄⠀⠠⠑⠝⠀⠗⠊⠅⠞⠊⠛⠞⠀⠋⠑⠛⠀
⠀⠀⠥⠎⠇⠊⠝⠛⠄⠀⠠⠓⠁⠝⠀⠙⠑⠎⠑⠗⠞⠑⠗⠁⠙⠑⠀⠋⠗⠡⠝⠀
⠀⠀⠁⠗⠍⠿⠝⠀⠕⠉⠓⠀⠛⠊⠉⠅⠀⠪⠧⠑⠗⠀⠞⠊⠇⠇⠀
⠀⠀⠠⠍⠕⠗⠛⠁⠗⠁⠞⠓⠎⠀⠎⠊⠙⠁⠄⠰⠀⠠⠓⠁⠇⠞⠀
⠀⠀⠛⠚⠕⠗⠙⠑⠀⠑⠝⠀⠅⠕⠗⠞⠀⠏⠁⠥⠎⠄⠀⠰⠠⠁⠞⠞⠀
⠀⠀⠗⠑⠅⠗⠽⠞⠑⠗⠁⠀⠎⠡⠙⠁⠝⠁⠀⠓⠜⠗⠀⠏⠑⠗⠎⠕⠝⠑⠗⠀
⠀⠀⠧⠑⠗⠅⠁⠗⠀⠧⠁⠗⠁⠀⠑⠝⠀⠁⠧⠀⠠⠍⠕⠗⠛⠁⠗⠁⠞⠓⠎⠀
⠀⠀⠎⠏⠑⠉⠊⠁⠇⠊⠞⠑⠞⠑⠗⠄⠀⠠⠍⠑⠝⠀⠧⠁⠙⠀⠛⠚⠕⠗⠙⠑
⠀⠀⠓⠁⠝⠀⠑⠛⠑⠝⠞⠇⠊⠛⠑⠝⠀⠓⠜⠗⠄⠄⠄⠢⠰


⠀⠀⠀⠀⠰⠠⠓⠁⠝⠀⠎⠁⠀⠁⠞⠞⠀⠓⠁⠝⠀⠧⠁⠗⠀⠓⠜⠗⠀⠏⠡⠀
⠀⠀⠥⠏⠏⠙⠗⠁⠛⠀⠁⠧⠀⠠⠍⠕⠗⠛⠁⠗⠁⠞⠓⠰⠂⠀⠎⠁⠀
⠀⠀⠠⠺⠊⠇⠇⠄
⠀⠀⠀⠀⠠⠓⠁⠇⠞⠀⠎⠅⠁⠅⠁⠙⠑⠀⠏⠡⠀⠓⠥⠧⠥⠙⠑⠞⠄⠀
⠀⠀⠰⠠⠅⠝⠁⠏⠏⠁⠎⠞⠀⠞⠗⠕⠇⠊⠛⠞⠄⠀
⠀⠀⠠⠺⠁⠗⠛⠁⠇⠑⠗⠝⠁⠀⠧⠁⠗⠀⠑⠋⠞⠑⠗⠀⠓⠕⠝⠕⠍⠄⠀
⠀⠀⠠⠙⠑⠝⠀⠑⠝⠙⠑⠀⠎⠕⠍⠀⠅⠁⠝⠀⠓⠁⠀⠃⠑⠕⠗⠙⠗⠁⠞⠀
⠀⠀⠙⠑⠍⠀⠁⠞⠞⠀⠚⠁⠛⠁⠀⠓⠕⠝⠕⠍⠀⠜⠗⠀
⠀⠀⠠⠍⠕⠗⠛⠁⠗⠁⠞⠓⠀⠎⠚⠜⠇⠧⠄⠀⠠⠕⠉⠓⠀⠙⠑⠞⠀
⠀⠀⠓⠁⠙⠑⠀⠓⠁⠝⠀⠚⠥⠀⠊⠝⠞⠑⠀⠛⠚⠕⠗⠞⠀⠕⠍⠀
⠀⠀⠠⠗⠑⠁⠉⠓⠑⠗⠀⠧⠑⠗⠅⠇⠊⠛⠑⠝⠀⠁⠗⠃⠑⠞⠁⠙⠑⠀
⠀⠀⠋⠪⠗⠀⠓⠕⠝⠕⠍⠄⠀⠠⠝⠑⠚⠂⠀⠚⠁⠛⠀⠛⠊⠎⠎⠁⠗⠀
⠀⠀⠁⠞⠞⠀⠓⠁⠝⠀⠓⠁⠙⠑⠀⠙⠑⠎⠑⠗⠞⠑⠗⠁⠞⠀⠊⠛⠑⠝⠄⠀
⠀⠀⠠⠓⠁⠝⠀⠓⠁⠙⠑⠀⠋⠇⠽⠞⠞⠀⠋⠗⠡⠝⠀
⠀⠀⠠⠍⠕⠗⠛⠁⠗⠁⠞⠓⠀⠕⠉⠓⠀⠙⠑⠞⠀⠧⠁⠗⠀⠙⠜⠗⠋⠪⠗⠀
⠀⠀⠺⠁⠗⠛⠁⠇⠑⠗⠝⠁⠀⠚⠁⠛⠁⠙⠑⠀⠓⠕⠝⠕⠍⠄⠰
⠀⠀⠀⠀⠰⠠⠍⠑⠝⠀⠧⠁⠗⠋⠪⠗⠢⠰⠀⠋⠗⠡⠛⠁⠙⠑⠀
⠀⠀⠠⠺⠊⠇⠇⠄⠀⠰⠠⠧⠁⠗⠋⠪⠗⠀⠎⠅⠥⠇⠇⠑⠀⠓⠁⠝⠀
⠀⠀⠙⠑⠎⠑⠗⠞⠑⠗⠁⠀⠑⠝⠀⠛⠡⠝⠛⠀⠞⠊⠇⠇⠢⠰
⠀⠀⠀⠀⠠⠓⠁⠇⠞⠀⠗⠽⠉⠅⠞⠑⠀⠏⠡⠀⠁⠭⠇⠁⠗⠝⠁⠄⠀
⠀⠀⠰⠠⠙⠑⠞⠀⠓⠡⠇⠇⠑⠗⠀⠏⠡⠀⠁⠞⠞⠀⠃⠇⠊⠀⠅⠗⠊⠛⠄⠀
⠀⠀⠠⠎⠡⠙⠁⠝⠁⠀⠎⠕⠍⠀⠠⠙⠊⠗⠅⠀⠛⠪⠗⠀⠁⠇⠇⠞⠀⠙⠑⠀
⠀⠀⠅⠁⠝⠀⠋⠪⠗⠀⠁⠞⠞⠀⠥⠝⠙⠧⠊⠅⠁⠀⠎⠡⠙⠁⠝⠁⠀
⠀⠀⠕⠃⠑⠓⠁⠛⠇⠊⠛⠓⠑⠞⠑⠗⠄⠰
⠀⠀⠀⠀⠠⠓⠁⠝⠀⠎⠞⠗⠜⠉⠅⠞⠑⠀⠎⠊⠛⠀⠍⠕⠞⠀
⠀⠀⠗⠽⠛⠛⠎⠜⠉⠅⠑⠝⠀⠃⠗⠑⠙⠧⠊⠙⠀⠇⠜⠛⠑⠗⠑⠇⠙⠑⠝⠀
⠀⠀⠕⠉⠓⠀⠪⠏⠏⠝⠁⠙⠑⠀⠙⠑⠝⠄
⠀⠀⠀⠀⠠⠺⠊⠇⠇⠀⠃⠑⠞⠗⠁⠅⠞⠁⠙⠑⠀⠎⠊⠝⠀


⠀⠀⠍⠜⠎⠞⠁⠗⠑⠄⠀⠰⠠⠇⠑⠞⠁⠗⠀⠙⠥⠀⠑⠋⠞⠑⠗⠀
⠀⠀⠝⠡⠛⠕⠞⠢⠰⠀⠋⠗⠡⠛⠁⠙⠑⠀⠓⠁⠝⠄
⠀⠀⠀⠀⠠⠓⠁⠇⠞⠀⠇⠁⠙⠑⠀⠏⠁⠝⠝⠁⠝⠀⠊⠀⠙⠚⠥⠏⠁⠀
⠀⠀⠧⠑⠉⠅⠀⠕⠉⠓⠀⠞⠪⠍⠙⠑⠀⠗⠽⠛⠛⠎⠜⠉⠅⠑⠝⠎⠀
⠀⠀⠊⠝⠝⠑⠓⠡⠇⠇⠀⠏⠡⠀⠍⠁⠗⠅⠑⠝⠄⠀⠰⠠⠝⠚⠁⠂⠀⠚⠁⠛
⠀⠀⠅⠕⠍⠀⠁⠞⠞⠀⠞⠜⠝⠅⠁⠀⠏⠡⠀⠑⠝⠀⠎⠁⠅⠰⠂⠀⠎⠁⠀
⠀⠀⠓⠁⠝⠄⠀⠰⠠⠕⠍⠀⠙⠑⠝⠀⠓⠜⠗⠀⠍⠁⠝⠝⠑⠝⠀⠓⠁⠙⠑⠀
⠀⠀⠙⠑⠎⠑⠗⠞⠑⠗⠁⠞⠀⠎⠡⠀⠜⠗⠀⠙⠑⠞⠀⠎⠁⠝⠝⠕⠇⠊⠅⠞
⠀⠀⠁⠞⠞⠀⠓⠁⠝⠀⠓⠁⠙⠑⠀⠍⠑⠙⠀⠎⠊⠛⠀⠝⠡⠛⠕⠝⠞⠊⠝⠛
⠀⠀⠎⠕⠍⠀⠅⠥⠝⠙⠑⠀⠛⠑⠀⠓⠕⠀⠝⠕⠍⠀⠑⠝⠀⠋⠪⠗⠙⠑⠇⠀
⠀⠀⠧⠊⠙⠀⠑⠧⠑⠝⠞⠥⠑⠇⠇⠁⠀⠋⠪⠗⠓⠁⠝⠙⠇⠊⠝⠛⠁⠗⠄⠰
⠀⠀⠠⠓⠁⠝⠀⠎⠞⠗⠜⠉⠅⠞⠑⠀⠎⠊⠛⠀⠑⠋⠞⠑⠗⠀⠑⠞⠞⠀
⠀⠀⠓⠕⠏⠗⠥⠇⠇⠁⠞⠀⠏⠑⠗⠛⠁⠍⠑⠝⠞⠀⠎⠕⠍⠀⠇⠡⠛⠀
⠀⠀⠍⠊⠞⠞⠀⠃⠇⠁⠝⠙⠀⠅⠇⠜⠙⠑⠗⠝⠁⠀⠕⠉⠓⠀
⠀⠀⠃⠑⠎⠞⠊⠉⠅⠑⠝⠄⠀⠠⠓⠁⠝⠀⠇⠜⠎⠞⠑⠀⠊⠛⠑⠝⠕⠍⠀
⠀⠀⠙⠑⠞⠀⠕⠉⠓⠀⠓⠪⠚⠙⠑⠀⠑⠞⠞⠀⠪⠛⠕⠝⠃⠗⠽⠝⠄⠀
⠀⠀⠠⠺⠊⠇⠇⠀⠧⠊⠎⠎⠞⠑⠀⠁⠞⠞⠀⠙⠑⠞⠀⠧⠁⠗⠀
⠀⠀⠠⠓⠁⠇⠞⠎⠀⠍⠕⠞⠎⠧⠁⠗⠊⠛⠓⠑⠞⠀⠞⠊⠇⠇⠀⠑⠞⠞⠀
⠀⠀⠋⠪⠗⠧⠡⠝⠁⠞⠀⠗⠕⠏⠄⠀⠠⠓⠁⠝⠀⠧⠊⠎⠎⠞⠑⠀
⠀⠀⠕⠉⠅⠎⠡⠀⠁⠞⠞⠀⠙⠑⠞⠀⠊⠝⠞⠑⠀⠧⠁⠗⠀⠝⠡⠛⠕⠝⠀
⠀⠀⠊⠙⠿⠀⠁⠞⠞⠀⠎⠞⠜⠇⠇⠁⠀⠋⠗⠡⠛⠕⠗⠀⠋⠪⠗⠗⠜⠝⠀
⠀⠀⠠⠓⠁⠇⠞⠀⠓⠁⠙⠑⠀⠇⠜⠎⠞⠀⠋⠜⠗⠙⠊⠛⠞⠄⠀⠠⠓⠁⠝⠀
⠀⠀⠧⠜⠝⠞⠁⠙⠑⠀⠞⠡⠇⠍⠕⠙⠊⠛⠞⠄⠀⠠⠞⠊⠇⠇⠀⠎⠊⠎⠞⠀
⠀⠀⠗⠥⠇⠇⠁⠙⠑⠀⠠⠓⠁⠇⠞⠀⠊⠓⠕⠏⠀⠏⠑⠗⠛⠁⠍⠑⠝⠞⠑⠞
⠀⠀⠕⠉⠓⠀⠗⠑⠎⠞⠑⠀⠎⠊⠛⠀⠇⠡⠝⠛⠎⠁⠍⠞⠄
⠀⠀⠀⠀⠰⠠⠧⠁⠗⠀⠙⠑⠞⠀⠝⠡⠛⠕⠞⠀⠧⠊⠅⠞⠊⠛⠞⠢⠰⠀
⠀⠀⠋⠗⠡⠛⠁⠙⠑⠀⠠⠺⠊⠇⠇⠄
⠀⠀⠀⠀⠰⠠⠚⠁⠂⠀⠙⠑⠞⠀⠅⠁⠝⠀⠍⠁⠝⠀⠎⠜⠛⠁⠰⠂⠀⠎⠁⠀


⠀⠀⠠⠓⠁⠇⠞⠄⠀⠰⠠⠙⠑⠞⠀⠧⠑⠗⠅⠁⠗⠀⠎⠕⠍⠀⠕⠍⠀⠧⠊⠀
⠀⠀⠓⠁⠗⠀⠎⠝⠥⠃⠃⠇⠁⠞⠀⠪⠧⠑⠗⠀⠠⠍⠕⠗⠛⠁⠗⠁⠞⠓⠎⠀
⠀⠀⠏⠇⠁⠝⠑⠗⠀⠊⠝⠋⠪⠗⠀⠙⠑⠞⠀⠅⠕⠍⠍⠁⠝⠙⠑⠀
⠀⠀⠅⠗⠊⠛⠑⠞⠄⠀⠠⠙⠑⠞⠀⠜⠗⠀⠝⠕⠛⠀⠃⠜⠎⠞⠀⠁⠞⠞⠀
⠀⠀⠧⠊⠀⠞⠁⠗⠀⠍⠑⠙⠀⠙⠑⠍⠀⠞⠊⠇⠇⠀⠠⠗⠑⠙⠍⠕⠝⠞⠀
⠀⠀⠍⠑⠙⠀⠑⠝⠀⠛⠡⠝⠛⠄⠰
⠀⠀⠀⠀⠠⠓⠁⠝⠀⠧⠊⠎⠎⠇⠁⠙⠑⠄⠀⠠⠁⠃⠑⠇⠁⠗⠙⠀⠕⠉⠓⠀
⠀⠀⠠⠞⠥⠛⠀⠎⠅⠽⠝⠙⠁⠙⠑⠀⠋⠗⠁⠍⠄
⠀⠀⠀⠀⠠⠑⠞⠞⠀⠏⠁⠗⠀⠪⠛⠕⠝⠀⠊⠁⠅⠞⠞⠕⠛⠀⠙⠑⠍⠀
⠀⠀⠋⠗⠡⠝⠀⠞⠗⠜⠙⠑⠝⠀⠝⠡⠛⠗⠁⠀⠓⠥⠝⠙⠗⠁⠀⠍⠑⠞⠑⠗
⠀⠀⠃⠕⠗⠞⠄⠀⠠⠧⠊⠝⠙⠑⠝⠀⠃⠇⠡⠎⠞⠑⠀⠏⠡⠀⠑⠞⠞⠀
⠀⠀⠎⠡⠙⠁⠝⠞⠀⠎⠜⠞⠞⠀⠁⠞⠞⠀⠓⠜⠎⠞⠁⠗⠝⠁⠀⠊⠝⠞⠑⠀
⠀⠀⠍⠜⠗⠅⠞⠑⠀⠝⠡⠛⠕⠞⠄⠀⠠⠪⠛⠕⠝⠑⠝⠀
⠀⠀⠃⠑⠞⠗⠁⠅⠞⠁⠙⠑⠀⠙⠑⠀⠞⠧⠡⠀⠎⠏⠑⠚⠁⠗⠝⠁⠀⠝⠜⠗
⠀⠀⠙⠑⠀⠗⠑⠙⠀⠃⠕⠗⠞⠀⠋⠗⠡⠝⠀⠜⠝⠛⠑⠝⠄⠀⠠⠎⠑⠙⠁⠝
⠀⠀⠧⠜⠝⠙⠑⠀⠎⠊⠛⠀⠙⠑⠗⠁⠎⠀⠜⠛⠁⠗⠑⠀⠎⠪⠙⠑⠗⠥⠞⠄
⠀⠀⠀⠀⠠⠙⠑⠞⠀⠧⠁⠗⠀⠙⠁⠛⠎⠀⠁⠞⠞⠀⠃⠑⠗⠜⠞⠞⠁⠀
⠀⠀⠋⠪⠗⠀⠠⠍⠕⠗⠛⠁⠗⠁⠞⠓⠀⠁⠞⠞⠀⠏⠇⠁⠝⠑⠝⠀
⠀⠀⠋⠥⠝⠛⠑⠗⠁⠙⠑⠄
⠠⠅⠁⠏⠊⠞⠑⠇⠀⠼⠃
⠀⠀⠀⠀⠠⠙⠑⠞⠀⠧⠁⠗⠀⠝⠜⠎⠞⠁⠝⠀⠍⠊⠙⠝⠁⠞⠞⠀⠝⠜⠗⠀
⠀⠀⠙⠑⠝⠀⠑⠝⠎⠁⠍⠍⠑⠀⠗⠽⠞⠞⠁⠗⠑⠝⠀⠓⠪⠇⠇⠀⠊⠝⠀
⠀⠀⠎⠊⠝⠀⠓⠜⠎⠞⠀⠥⠞⠁⠝⠋⠪⠗⠀⠙⠑⠝⠀⠇⠊⠇⠇⠁⠀
⠀⠀⠎⠞⠥⠛⠁⠝⠀⠝⠜⠗⠁⠀⠎⠇⠕⠞⠞⠑⠞⠀⠊⠀
⠀⠀⠠⠗⠑⠙⠍⠕⠝⠞⠄⠀⠠⠙⠑⠝⠀⠎⠧⠁⠗⠞⠁⠀
⠀⠀⠅⠇⠪⠧⠚⠑⠓⠜⠎⠞⠑⠝⠀⠎⠕⠍⠀⠛⠊⠉⠅⠀⠃⠗⠑⠙⠧⠊⠙⠀
⠀⠀⠎⠞⠁⠝⠝⠁⠙⠑⠀⠕⠉⠅⠎⠡⠀⠞⠊⠇⠇⠄⠀⠠⠗⠽⠞⠞⠁⠗⠑⠝
⠀⠀⠎⠧⠊⠝⠛⠁⠙⠑⠀⠎⠊⠛⠀⠝⠑⠙⠀⠋⠗⠡⠝⠀⠎⠁⠙⠑⠇⠝⠄⠀


⠀⠀⠠⠓⠁⠝⠀⠧⠁⠗⠀⠑⠝⠀⠇⠡⠝⠛⠀⠕⠉⠓⠀⠎⠏⠑⠝⠎⠇⠊⠛⠀
⠀⠀⠥⠝⠛⠀⠍⠁⠝⠄⠀⠠⠝⠜⠗⠀⠓⠁⠝⠀⠎⠅⠽⠝⠙⠁⠙⠑⠀⠎⠊⠛
⠀⠀⠥⠏⠏⠀⠏⠡⠀⠧⠑⠗⠁⠝⠙⠁⠝⠀⠋⠊⠉⠅⠀⠓⠁⠝⠀⠃⠪⠚⠁⠀
⠀⠀⠎⠊⠛⠀⠋⠪⠗⠀⠁⠞⠞⠀⠊⠝⠞⠑⠀⠎⠇⠡⠀⠓⠥⠧⠥⠙⠑⠞⠀⠊
⠀⠀⠞⠁⠅⠑⠞⠄⠀⠠⠋⠗⠡⠝⠀⠎⠞⠁⠇⠇⠑⠞⠀⠧⠊⠙⠀⠎⠊⠙⠁⠝
⠀⠀⠁⠧⠀⠓⠥⠎⠑⠞⠀⠓⠪⠗⠙⠑⠎⠀⠑⠝⠀⠇⠡⠛⠀
⠀⠀⠛⠝⠜⠛⠛⠝⠊⠝⠛⠄⠀⠠⠓⠁⠝⠎⠀⠑⠛⠑⠝⠀⠓⠜⠎⠞⠀
⠀⠀⠇⠽⠋⠞⠑⠀⠓⠥⠧⠥⠙⠑⠞⠀⠕⠉⠓⠀⠃⠑⠎⠧⠁⠗⠁⠙⠑⠀
⠀⠀⠓⠜⠇⠎⠝⠊⠝⠛⠑⠝⠄
⠀⠀⠀⠀⠠⠏⠗⠑⠉⠊⠎⠀⠝⠜⠗⠀⠗⠽⠞⠞⠁⠗⠑⠝⠀⠓⠪⠚⠙⠑⠀
⠀⠀⠓⠁⠝⠙⠑⠝⠀⠋⠪⠗⠀⠁⠞⠞⠀⠅⠝⠁⠉⠅⠁⠀⠞⠜⠝⠙⠑⠎⠀
⠀⠀⠑⠞⠞⠀⠇⠚⠥⠎⠀⠊⠝⠝⠑⠀⠊⠀⠎⠞⠥⠛⠁⠝⠄⠀⠠⠓⠁⠝⠀
⠀⠀⠓⠑⠚⠙⠁⠙⠑⠀⠎⠊⠛⠄⠀⠠⠇⠚⠥⠎⠑⠞⠀⠗⠪⠗⠙⠑⠀⠎⠊⠛
⠀⠀⠛⠑⠝⠕⠍⠀⠗⠥⠍⠍⠑⠞⠀⠊⠝⠝⠁⠝⠋⠪⠗⠀⠕⠉⠓⠀
⠀⠀⠝⠡⠛⠗⠁⠀⠎⠑⠅⠥⠝⠙⠑⠗⠀⠎⠑⠝⠁⠗⠑⠀⠪⠏⠏⠝⠁⠙⠑⠎
⠀⠀⠙⠪⠗⠗⠑⠝⠄
⠀⠀⠀⠀⠰⠠⠛⠊⠇⠁⠝⠰⠂⠀⠎⠁⠀⠠⠓⠁⠇⠞⠄⠀⠠⠓⠁⠝⠀
⠀⠀⠧⠑⠗⠅⠁⠙⠑⠀⠊⠝⠞⠑⠀⠎⠜⠗⠎⠅⠊⠇⠞⠀
⠀⠀⠋⠪⠗⠧⠡⠝⠁⠙⠄⠀⠰⠠⠧⠁⠙⠀⠛⠪⠗⠀⠙⠥⠀⠓⠜⠗⠢⠰
⠀⠀⠀⠀⠠⠙⠑⠝⠀⠥⠝⠛⠑⠀⠎⠏⠑⠚⠁⠗⠑⠝⠀⠎⠅⠗⠁⠞⠞⠁⠙⠑
⠀⠀⠕⠉⠓⠀⠞⠊⠞⠞⠁⠙⠑⠀⠏⠡⠀⠎⠊⠝⠀⠛⠁⠍⠇⠑⠀
⠀⠀⠇⠜⠗⠁⠗⠑⠄⠀⠰⠠⠓⠥⠗⠀⠃⠜⠗⠀⠙⠥⠀⠙⠊⠛⠀⠡⠞⠂⠀
⠀⠀⠠⠓⠁⠇⠞⠢⠀⠠⠓⠥⠗⠀⠛⠪⠗⠀⠙⠥⠢⠀⠠⠓⠥⠗⠀⠅⠥⠝⠙⠑
⠀⠀⠙⠥⠀⠧⠑⠞⠁⠀⠁⠞⠞⠀⠙⠑⠞⠀⠧⠁⠗⠀⠚⠁⠛⠀⠎⠕⠍⠀
⠀⠀⠅⠕⠍⠀⠍⠊⠞⠞⠀⠊⠀⠝⠁⠞⠞⠑⠝⠂⠀⠊⠝⠝⠁⠝⠀⠙⠥⠀
⠀⠀⠑⠝⠎⠀⠪⠏⠏⠝⠁⠙⠑⠀⠙⠪⠗⠗⠑⠝⠢⠰
⠀⠀⠀⠀⠠⠓⠁⠇⠞⠀⠗⠽⠉⠅⠞⠑⠀⠏⠡⠀⠁⠭⠇⠁⠗⠝⠁⠀⠕⠉⠓⠀
⠀⠀⠛⠚⠕⠗⠙⠑⠀⠞⠑⠉⠅⠑⠝⠀⠡⠞⠀⠠⠛⠊⠇⠁⠝⠀⠁⠞⠞⠀


⠀⠀⠅⠕⠍⠍⠁⠀⠊⠝⠄⠀⠠⠓⠁⠝⠀⠎⠞⠜⠝⠛⠙⠑⠀⠙⠪⠗⠗⠑⠝⠀
⠀⠀⠕⠉⠓⠀⠛⠊⠉⠅⠀⠊⠝⠀⠊⠀⠙⠑⠞⠀⠇⠊⠇⠇⠁⠀⠅⠪⠅⠑⠞⠄
⠀⠀⠠⠓⠁⠝⠀⠪⠏⠏⠝⠁⠙⠑⠀⠎⠏⠚⠜⠇⠇⠑⠞⠀⠕⠉⠓⠀⠇⠜⠞⠀
⠀⠀⠑⠇⠙⠑⠝⠀⠊⠀⠎⠏⠊⠎⠑⠝⠀⠞⠁⠀⠋⠁⠗⠞⠄⠀⠠⠎⠑⠙⠁⠝
⠀⠀⠎⠞⠜⠇⠇⠙⠑⠀⠓⠁⠝⠀⠑⠝⠀⠅⠕⠏⠏⠁⠗⠅⠊⠞⠞⠑⠇⠀⠏⠡
⠀⠀⠓⠜⠇⠇⠑⠝⠀⠑⠋⠞⠑⠗⠀⠁⠞⠞⠀⠓⠁⠀⠋⠪⠗⠎⠜⠅⠗⠁⠞⠀
⠀⠀⠎⠊⠛⠀⠕⠍⠀⠁⠞⠞⠀⠙⠑⠞⠀⠧⠁⠗⠀⠗⠊⠅⠇⠊⠛⠞⠀⠍⠑⠙
⠀⠀⠧⠁⠞⠞⠑⠝⠀⠊⠀⠙⠑⠝⠄
⠀⠀⠀⠀⠰⠠⠚⠁⠛⠀⠓⠪⠗⠙⠑⠀⠙⠊⠝⠀⠓⠜⠎⠞⠀⠋⠪⠗⠀
⠀⠀⠝⠡⠛⠗⠁⠀⠍⠊⠝⠥⠞⠑⠗⠀⠎⠑⠙⠁⠝⠰⠂⠀⠎⠁⠀⠓⠁⠝⠄⠀
⠀⠀⠰⠠⠎⠑⠙⠁⠝⠀⠓⠪⠗⠙⠑⠀⠚⠁⠛⠀⠓⠥⠗⠀⠠⠁⠃⠑⠇⠁⠗⠙
⠀⠀⠓⠜⠇⠎⠁⠙⠑⠄⠀⠠⠙⠡⠀⠋⠪⠗⠎⠞⠕⠙⠀⠚⠁⠛⠀⠁⠞⠞⠀
⠀⠀⠙⠑⠞⠀⠧⠁⠗⠀⠑⠝⠀⠎⠏⠑⠚⠁⠗⠑⠎⠀⠓⠜⠎⠞⠄⠰⠀
⠀⠀⠠⠓⠁⠝⠀⠛⠚⠕⠗⠙⠑⠀⠑⠝⠀⠛⠑⠎⠞⠀⠋⠪⠗⠀⠁⠞⠞⠀
⠀⠀⠧⠊⠎⠁⠀⠓⠥⠗⠀⠑⠝⠅⠑⠇⠞⠀⠙⠑⠞⠀⠓⠑⠇⠁⠀⠧⠁⠗⠄
⠀⠀⠀⠀⠠⠛⠊⠇⠁⠝⠀⠎⠅⠗⠁⠞⠞⠁⠙⠑⠄⠀⠰⠠⠙⠡⠀⠓⠁⠙⠑⠀
⠀⠀⠙⠥⠀⠃⠁⠗⠁⠀⠋⠑⠍⠞⠊⠕⠀⠏⠑⠗⠎⠕⠝⠑⠗⠀⠁⠞⠞⠀
⠀⠀⠧⠜⠇⠚⠁⠀⠏⠡⠰⠂⠀⠎⠁⠀⠓⠁⠝⠀⠕⠉⠓⠀⠇⠁⠙⠑⠀
⠀⠀⠓⠥⠧⠥⠙⠑⠞⠀⠏⠡⠀⠎⠝⠑⠙⠄
⠀⠀⠀⠀⠰⠠⠛⠊⠇⠁⠝⠂⠀⠚⠁⠛⠀⠓⠪⠗⠙⠑⠀⠙⠊⠛⠀⠛⠡⠀
⠀⠀⠪⠧⠑⠗⠀⠧⠑⠗⠁⠝⠙⠁⠝⠀⠍⠊⠝⠎⠞⠀⠞⠥⠎⠑⠝⠀
⠀⠀⠛⠡⠝⠛⠑⠗⠀⠍⠑⠙⠁⠝⠀⠙⠥⠀⠧⠁⠗⠀⠍⠊⠝⠀
⠀⠀⠇⠜⠗⠇⠊⠝⠛⠰⠂⠀⠎⠁⠀⠠⠓⠁⠇⠞⠄⠀⠰⠠⠚⠁⠛⠀⠧⠑⠞⠀
⠀⠀⠏⠗⠑⠉⠊⠎⠀⠓⠥⠗⠀⠙⠑⠞⠀⠇⠡⠞⠑⠗⠄⠰
⠀⠀⠀⠀⠠⠙⠑⠝⠀⠥⠝⠛⠑⠀⠎⠏⠑⠚⠁⠗⠑⠝⠀⠛⠚⠕⠗⠙⠑⠀⠑⠝
⠀⠀⠥⠏⠏⠛⠊⠧⠑⠝⠀⠛⠑⠎⠞⠀⠍⠑⠙⠀⠓⠜⠝⠙⠑⠗⠝⠁⠄⠀
⠀⠀⠠⠓⠁⠝⠀⠅⠝⠜⠏⠏⠞⠑⠀⠥⠏⠏⠀⠎⠊⠝⠀⠍⠁⠝⠞⠑⠇⠀
⠀⠀⠕⠉⠓⠀⠓⠜⠝⠛⠙⠑⠀⠙⠑⠝⠀⠪⠧⠑⠗⠀⠑⠝⠀⠎⠞⠕⠇⠄⠀


⠀⠀⠠⠎⠑⠙⠁⠝⠀⠎⠁⠞⠞⠑⠀⠓⠁⠝⠀⠎⠊⠛⠀⠇⠊⠞⠑⠀
⠀⠀⠝⠜⠗⠍⠁⠗⠑⠀⠎⠏⠊⠎⠑⠝⠄⠀⠠⠙⠑⠞⠀⠧⠁⠗⠀⠑⠝⠀
⠀⠀⠅⠁⠇⠇⠀⠝⠁⠞⠞⠀⠕⠉⠓⠀⠓⠁⠝⠀⠎⠡⠛⠀⠋⠗⠁⠍⠀⠍⠕⠞
⠀⠀⠅⠁⠋⠋⠑⠞⠀⠎⠕⠍⠀⠠⠓⠁⠇⠞⠀⠓⠪⠇⠇⠀⠏⠡⠀⠁⠞⠞⠀
⠀⠀⠅⠕⠅⠁⠄
⠀⠀⠀⠀⠠⠙⠪⠗⠗⠑⠝⠀⠞⠊⠇⠇⠀⠑⠞⠞⠀⠁⠝⠛⠗⠜⠝⠎⠁⠝⠙⠑
⠀⠀⠗⠥⠍⠀⠪⠏⠏⠝⠁⠙⠑⠎⠀⠕⠉⠓⠀⠠⠺⠊⠇⠇⠀⠅⠕⠍⠀⠊⠝⠀
⠀⠀⠊⠀⠅⠪⠅⠑⠞⠄⠀⠠⠓⠁⠝⠀⠎⠡⠛⠀⠽⠗⠧⠁⠅⠑⠝⠀⠥⠞⠄⠀
⠀⠀⠠⠓⠁⠝⠀⠓⠁⠙⠑⠀⠓⠁⠎⠞⠊⠛⠞⠀⠙⠗⠁⠛⠊⠞⠀⠏⠡⠀
⠀⠀⠎⠊⠛⠀⠎⠊⠝⠁⠀⠅⠇⠜⠙⠑⠗⠀⠪⠧⠑⠗⠀
⠀⠀⠝⠁⠞⠞⠎⠅⠚⠕⠗⠞⠁⠝⠀⠕⠉⠓⠀⠧⠁⠗⠀⠁⠇⠇⠙⠑⠇⠑⠎⠀
⠀⠀⠗⠥⠋⠎⠊⠛⠀⠊⠀⠓⠡⠗⠑⠞⠄
⠀⠀⠀⠀⠰⠠⠛⠕⠙⠀⠅⠧⠜⠇⠇⠂⠀⠠⠛⠊⠇⠁⠝⠰⠂⠀⠎⠁⠀⠓⠁⠝
⠀⠀⠞⠗⠪⠞⠞⠄⠀⠰⠠⠧⠁⠙⠀⠓⠁⠗⠀⠋⠪⠗⠞⠀⠙⠊⠛⠀
⠀⠀⠓⠊⠞⠢⠰
⠀⠀⠀⠀⠠⠛⠊⠇⠁⠝⠀⠞⠊⠞⠞⠁⠙⠑⠀⠋⠗⠡⠝⠀⠠⠺⠊⠇⠇⠀
⠀⠀⠞⠊⠇⠇⠀⠠⠓⠁⠇⠞⠄⠀⠠⠓⠁⠝⠀⠎⠡⠛⠀⠝⠜⠎⠞⠁⠝⠀
⠀⠀⠃⠑⠎⠞⠪⠗⠞⠀⠥⠞⠄⠀⠰⠠⠜⠗⠀⠙⠑⠞⠀⠊⠝⠛⠑⠝⠀⠎⠕⠍
⠀⠀⠜⠗⠀⠋⠪⠗⠧⠡⠝⠁⠙⠀⠪⠧⠑⠗⠀⠁⠞⠞⠀⠚⠁⠛⠀⠃⠁⠗⠁⠀
⠀⠀⠙⠽⠅⠑⠗⠀⠥⠏⠏⠀⠎⠡⠀⠓⠜⠗⠂⠀⠍⠊⠞⠞⠀⠊⠀
⠀⠀⠝⠁⠞⠞⠑⠝⠢⠰⠀⠠⠓⠁⠇⠞⠀⠧⠜⠝⠙⠑⠀⠎⠊⠛⠀⠃⠕⠗⠞⠀
⠀⠀⠋⠪⠗⠀⠁⠞⠞⠀⠙⠪⠇⠚⠁⠀⠑⠞⠞⠀⠃⠗⠑⠞⠞⠀
⠀⠀⠇⠑⠑⠝⠙⠑⠄⠀⠠⠝⠡⠛⠗⠁⠀⠍⠊⠝⠥⠞⠑⠗⠀
⠀⠀⠞⠊⠙⠊⠛⠁⠗⠑⠀⠓⠁⠙⠑⠀⠓⠁⠝⠀⠓⠪⠗⠞⠀⠓⠥⠗⠀
⠀⠀⠠⠺⠊⠇⠇⠀⠎⠅⠽⠝⠙⠁⠙⠑⠀⠋⠗⠁⠍⠀⠞⠊⠇⠇⠀
⠀⠀⠋⠪⠝⠎⠞⠗⠑⠞⠀⠍⠑⠙⠁⠝⠀⠓⠜⠎⠞⠑⠝⠀⠝⠜⠗⠍⠁⠙⠑⠀
⠀⠀⠎⠊⠛⠄⠀⠠⠓⠁⠝⠎⠀⠇⠜⠗⠇⠊⠝⠛⠀⠓⠁⠙⠑⠀
⠀⠀⠥⠏⠏⠑⠝⠃⠁⠗⠇⠊⠛⠑⠝⠀⠓⠪⠗⠞⠀⠠⠓⠁⠇⠞⠎⠀


⠀⠀⠎⠁⠍⠞⠁⠇⠀⠍⠑⠙⠀⠠⠛⠊⠇⠁⠝⠄⠀⠠⠝⠥⠀⠛⠚⠕⠗⠙⠑⠀
⠀⠀⠓⠁⠝⠀⠎⠊⠞⠞⠀⠃⠜⠎⠞⠁⠀⠋⠪⠗⠀⠁⠞⠞⠀⠃⠑⠍⠪⠞⠁⠀
⠀⠀⠠⠛⠊⠇⠁⠝⠀⠇⠊⠅⠁⠀⠕⠃⠑⠗⠪⠗⠞⠀⠎⠕⠍⠀⠎⠊⠝⠀
⠀⠀⠇⠜⠗⠁⠗⠑⠄⠀⠠⠊⠀⠎⠚⠜⠇⠧⠁⠀⠧⠑⠗⠅⠑⠞⠀⠧⠁⠗⠀
⠀⠀⠝⠕⠛⠀⠠⠺⠊⠇⠇⠀⠝⠜⠗⠁⠀⠁⠞⠞⠀⠋⠪⠗⠛⠡⠎⠀⠁⠧⠀
⠀⠀⠝⠽⠋⠊⠅⠑⠝⠓⠑⠞⠄⠀⠠⠓⠁⠇⠞⠀⠃⠑⠎⠞⠜⠍⠙⠑⠀⠎⠊⠛
⠀⠀⠋⠪⠗⠀⠁⠞⠞⠀⠎⠜⠞⠞⠁⠀⠎⠊⠝⠀⠇⠜⠗⠇⠊⠝⠛⠀⠏⠡⠀
⠀⠀⠏⠗⠕⠧⠄
⠀⠀⠀⠀⠰⠠⠙⠑⠞⠀⠜⠗⠀⠎⠑⠝⠞⠂⠀⠠⠺⠊⠇⠇⠰⠂⠀⠎⠁⠀
⠀⠀⠓⠁⠝⠄⠀⠰⠠⠙⠑⠞⠀⠜⠗⠀⠃⠜⠎⠞⠀⠁⠞⠞⠀⠙⠥⠀
⠀⠀⠇⠜⠛⠛⠑⠗⠀⠙⠊⠛⠀⠊⠛⠑⠝⠄⠀⠠⠧⠊⠀⠓⠁⠗⠀
⠀⠀⠍⠽⠉⠅⠑⠞⠀⠁⠞⠞⠀⠛⠪⠗⠁⠀⠊⠀⠍⠕⠗⠛⠕⠝⠄⠰
⠀⠀⠀⠀⠠⠺⠊⠇⠇⠎⠀⠝⠕⠝⠉⠓⠁⠇⠁⠝⠞⠁⠀
⠀⠀⠁⠝⠎⠊⠅⠞⠎⠥⠞⠞⠗⠽⠉⠅⠀⠋⠪⠗⠎⠧⠁⠝⠝⠀
⠀⠀⠛⠑⠝⠁⠎⠞⠄⠀⠠⠓⠁⠝⠀⠎⠡⠛⠀⠃⠑⠎⠧⠊⠅⠑⠝⠀⠥⠞⠄⠀
⠀⠀⠠⠙⠑⠞⠀⠠⠓⠁⠇⠞⠀⠓⠁⠙⠑⠀⠎⠁⠛⠞⠀⠧⠁⠗⠀⠑⠝⠀
⠀⠀⠕⠗⠙⠑⠗⠄⠀⠠⠁⠇⠇⠁⠀⠞⠁⠝⠅⠁⠗⠀⠏⠡⠀⠁⠞⠞⠀
⠀⠀⠧⠑⠗⠅⠁⠀⠇⠥⠛⠝⠀⠋⠪⠗⠎⠧⠁⠝⠝⠀⠙⠊⠗⠑⠅⠞⠄⠀
⠀⠀⠰⠠⠍⠑⠝⠀⠠⠓⠁⠇⠞⠖⠰⠀⠥⠞⠃⠗⠁⠎⠞⠀⠓⠁⠝⠄⠀
⠀⠀⠰⠠⠎⠝⠜⠇⠇⠁⠖⠀⠠⠚⠁⠛⠀⠧⠊⠇⠇⠀⠧⠑⠞⠁⠀⠧⠁⠙⠀
⠀⠀⠎⠕⠍⠀⠎⠞⠡⠗⠀⠏⠡⠖⠰
⠀⠀⠀⠀⠠⠓⠁⠇⠞⠀⠕⠉⠓⠀⠠⠛⠊⠇⠁⠝⠀⠞⠊⠞⠞⠁⠙⠑⠀⠏⠡⠀
⠀⠀⠧⠁⠗⠁⠝⠙⠗⠁⠀⠕⠉⠓⠀⠇⠕⠛⠄⠀⠠⠺⠊⠇⠇⠀
⠀⠀⠞⠗⠁⠍⠏⠁⠙⠑⠀⠕⠞⠡⠇⠊⠛⠞⠀⠍⠑⠙⠁⠝⠀⠓⠁⠝⠀
⠀⠀⠧⠜⠝⠞⠁⠙⠑⠀⠏⠡⠀⠁⠞⠞⠀⠠⠓⠁⠇⠞⠀⠎⠅⠥⠇⠇⠑⠀
⠀⠀⠜⠝⠙⠗⠁⠀⠎⠊⠛⠄⠀⠠⠚⠜⠛⠁⠗⠑⠝⠀⠎⠡⠛⠀
⠀⠀⠁⠇⠇⠧⠁⠗⠇⠊⠛⠀⠥⠞⠀⠕⠉⠓⠀⠎⠞⠜⠇⠇⠙⠑⠀⠝⠑⠙⠀
⠀⠀⠞⠗⠑⠀⠍⠥⠛⠛⠁⠗⠀⠍⠑⠙⠀⠗⠽⠅⠁⠝⠙⠑⠀⠅⠁⠋⠋⠑⠀


⠀⠀⠏⠡⠀⠃⠕⠗⠙⠑⠞⠄
⠀⠀⠀⠀⠰⠠⠧⠊⠇⠅⠑⠝⠀⠞⠥⠗⠀⠁⠞⠞⠀⠚⠁⠛⠀⠛⠚⠕⠗⠙⠑⠀
⠀⠀⠞⠗⠑⠀⠅⠕⠏⠏⠁⠗⠀⠅⠁⠋⠋⠑⠰⠂⠀⠎⠁⠀⠓⠁⠝⠄⠀
⠀⠀⠠⠺⠊⠇⠇⠀⠊⠝⠎⠡⠛⠀⠁⠞⠞⠀⠠⠓⠁⠇⠞⠀⠓⠁⠙⠑⠀
⠀⠀⠋⠡⠞⠞⠀⠓⠕⠝⠕⠍⠀⠁⠞⠞⠀⠧⠊⠎⠁⠀⠎⠊⠝⠁⠀⠅⠕⠗⠞⠄
⠀⠀⠠⠓⠁⠝⠀⠗⠽⠉⠅⠞⠑⠀⠏⠡⠀⠁⠭⠇⠁⠗⠝⠁⠀⠕⠉⠓⠀
⠀⠀⠋⠇⠊⠝⠁⠙⠑⠀⠃⠗⠑⠞⠞⠄⠀⠠⠎⠑⠙⠁⠝⠀⠎⠁⠞⠞⠑⠀
⠀⠀⠓⠁⠝⠀⠎⠊⠛⠀⠧⠊⠙⠀⠃⠕⠗⠙⠑⠞⠀⠍⠑⠙⠀⠙⠑⠀⠞⠧⠡⠀
⠀⠀⠎⠏⠑⠚⠁⠗⠝⠁⠄
⠀⠀⠀⠀⠰⠠⠎⠡⠀⠙⠜⠗⠀⠚⠁⠂⠀⠠⠛⠊⠇⠁⠝⠰⠂⠀⠎⠁⠀
⠀⠀⠠⠓⠁⠇⠞⠄⠀⠰⠠⠝⠥⠀⠜⠗⠀⠙⠑⠞⠀⠃⠜⠎⠞⠀⠁⠞⠞⠀⠙⠥
⠀⠀⠃⠑⠗⠜⠞⠞⠁⠗⠀⠧⠁⠗⠋⠪⠗⠀⠙⠥⠀⠜⠗⠀⠓⠜⠗⠀
⠀⠀⠊⠝⠝⠁⠝⠀⠍⠊⠝⠀⠇⠜⠗⠇⠊⠝⠛⠀⠑⠭⠏⠇⠕⠙⠑⠗⠁⠗⠀
⠀⠀⠁⠧⠀⠝⠽⠋⠊⠅⠑⠝⠓⠑⠞⠄⠰
⠀⠀⠀⠀⠰⠠⠙⠑⠞⠀⠓⠁⠗⠀⠁⠞⠞⠀⠛⠪⠗⠁⠀⠍⠑⠙⠀⠙⠑⠀
⠀⠀⠙⠜⠗⠀⠏⠇⠁⠝⠑⠗⠝⠁⠀⠝⠊⠀⠓⠊⠞⠞⠁⠙⠑⠀⠋⠪⠗⠗⠁⠀
⠀⠀⠧⠑⠉⠅⠁⠝⠰⠂⠀⠎⠁⠀⠠⠛⠊⠇⠁⠝⠄⠀⠰⠠⠅⠥⠝⠛⠑⠝⠀
⠀⠀⠧⠊⠇⠇⠀⠓⠁⠀⠁⠗⠍⠿⠝⠀⠗⠑⠙⠕⠀⠏⠡⠀⠠⠥⠞⠓⠁⠇⠎⠀
⠀⠀⠎⠇⠜⠞⠞⠀⠋⠪⠗⠑⠀⠝⠜⠎⠞⠁⠀⠝⠽⠍⠡⠝⠑⠄⠀⠠⠙⠑⠞⠀
⠀⠀⠜⠗⠀⠙⠡⠀⠠⠍⠕⠗⠛⠁⠗⠁⠞⠓⠀⠏⠇⠁⠝⠑⠗⠁⠗⠀⠁⠞⠞⠀
⠀⠀⠎⠅⠊⠉⠅⠁⠀⠥⠞⠀⠎⠊⠝⠁⠀⠞⠗⠥⠏⠏⠑⠗⠀⠛⠑⠝⠕⠍⠀
⠀⠀⠠⠞⠗⠑⠎⠞⠑⠛⠎⠏⠁⠎⠎⠑⠞⠄⠰
⠀⠀⠀⠀⠠⠙⠑⠀⠓⠁⠙⠑⠀⠋⠡⠞⠞⠀⠗⠑⠙⠁⠀⠏⠡⠀⠍⠽⠉⠅⠑⠞
⠀⠀⠊⠀⠙⠕⠅⠥⠍⠑⠝⠞⠑⠞⠄⠀⠠⠍⠕⠗⠛⠁⠗⠁⠞⠓⠀
⠀⠀⠏⠇⠁⠝⠑⠗⠁⠙⠑⠀⠁⠞⠞⠀⠎⠅⠊⠉⠅⠁⠀⠋⠑⠍⠀
⠀⠀⠓⠥⠝⠙⠗⠁⠀⠎⠅⠁⠝⠙⠊⠎⠅⠁⠀⠇⠑⠛⠕⠎⠕⠇⠙⠁⠞⠑⠗⠀
⠀⠀⠛⠑⠝⠕⠍⠀⠠⠎⠁⠝⠅⠍⠁⠗⠅⠑⠗⠝⠁⠀⠋⠪⠗⠀⠁⠞⠞⠀
⠀⠀⠁⠝⠋⠁⠇⠇⠁⠀⠠⠁⠗⠁⠇⠥⠑⠝⠎⠀⠛⠁⠗⠝⠊⠎⠕⠝⠀⠧⠊⠙


⠀⠀⠠⠞⠗⠑⠎⠞⠑⠛⠎⠏⠁⠎⠎⠑⠞⠄⠀⠠⠍⠑⠙⠁⠝⠀⠓⠁⠝⠎⠀
⠀⠀⠋⠊⠑⠝⠙⠑⠗⠀⠧⠁⠗⠀⠥⠏⠏⠞⠁⠛⠝⠁⠀⠍⠑⠙⠀⠁⠞⠞⠀
⠀⠀⠋⠪⠗⠎⠧⠁⠗⠁⠀⠛⠁⠗⠝⠊⠎⠕⠝⠑⠝⠀⠎⠅⠥⠇⠇⠑⠀
⠀⠀⠺⠁⠗⠛⠁⠇⠑⠗⠝⠁⠀⠧⠜⠇⠇⠁⠀⠥⠞⠀⠛⠑⠝⠕⠍⠀
⠀⠀⠏⠁⠎⠎⠑⠞⠀⠕⠉⠓⠀⠎⠁⠍⠇⠁⠎⠀⠏⠡⠀⠎⠇⠜⠞⠞⠑⠝⠄
⠀⠀⠀⠀⠰⠠⠙⠥⠝⠉⠁⠝⠀⠧⠊⠇⠇⠀⠧⠁⠗⠁⠀⠏⠡⠀⠏⠇⠁⠞⠎⠀
⠀⠀⠞⠊⠙⠊⠛⠞⠰⠂⠀⠎⠁⠀⠠⠓⠁⠇⠞⠀⠕⠉⠓⠀⠝⠊⠉⠅⠁⠙⠑⠀
⠀⠀⠇⠡⠝⠛⠎⠁⠍⠞⠄⠀⠰⠠⠙⠑⠞⠀⠜⠗⠀⠃⠗⠁⠄⠀⠠⠏⠡⠀⠎⠡
⠀⠀⠎⠜⠞⠞⠀⠋⠡⠗⠀⠧⠊⠀⠪⠧⠑⠗⠞⠁⠛⠑⠞⠀⠗⠑⠙⠁⠝⠀
⠀⠀⠋⠗⠡⠝⠀⠃⠪⠗⠚⠁⠝⠄⠰
⠀⠀⠀⠀⠠⠺⠊⠇⠇⠀⠝⠊⠉⠅⠁⠙⠑⠄⠀⠰⠠⠕⠉⠓⠀⠞⠜⠏⠏⠑⠗⠀
⠀⠀⠞⠊⠇⠇⠀⠏⠁⠎⠎⠑⠞⠀⠋⠪⠗⠀⠺⠁⠗⠛⠁⠇⠑⠗⠝⠁⠰⠂⠀
⠀⠀⠎⠁⠀⠓⠁⠝⠀⠕⠉⠓⠀⠋⠪⠗⠎⠪⠅⠞⠑⠀⠇⠡⠞⠁⠀⠎⠡⠀
⠀⠀⠅⠇⠕⠅⠀⠕⠉⠓⠀⠁⠇⠇⠧⠁⠗⠇⠊⠛⠀⠓⠁⠝⠀⠅⠥⠝⠙⠑⠄
⠀⠀⠀⠀⠠⠛⠊⠇⠁⠝⠀⠧⠜⠝⠙⠑⠀⠃⠕⠗⠞⠀⠁⠝⠎⠊⠅⠞⠑⠞⠀
⠀⠀⠕⠉⠓⠀⠇⠕⠛⠄⠀⠠⠓⠁⠝⠀⠥⠝⠙⠗⠁⠙⠑⠀⠕⠍⠀⠓⠁⠝⠀
⠀⠀⠎⠚⠜⠇⠧⠀⠓⠁⠙⠑⠀⠋⠪⠗⠎⠪⠅⠞⠀⠅⠕⠏⠊⠑⠗⠁⠀⠎⠊⠝
⠀⠀⠍⠜⠎⠞⠁⠗⠑⠎⠀⠃⠑⠞⠑⠑⠝⠙⠑⠀⠏⠡⠀⠎⠁⠍⠍⠁⠀
⠀⠀⠎⠜⠞⠞⠀⠝⠜⠗⠀⠓⠁⠝⠀⠧⠁⠗⠀⠠⠓⠁⠇⠞⠎⠀
⠀⠀⠇⠜⠗⠇⠊⠝⠛⠄⠀⠠⠁⠝⠞⠁⠛⠇⠊⠛⠑⠝⠀⠓⠁⠙⠑⠀⠓⠁⠝⠀
⠀⠀⠙⠑⠞⠄
⠀⠀⠀⠀⠠⠓⠁⠝⠀⠧⠜⠝⠙⠑⠀⠎⠊⠛⠀⠍⠕⠞⠀⠏⠕⠚⠅⠑⠝⠄⠀
⠀⠀⠰⠠⠊⠝⠞⠑⠀⠗⠊⠅⠞⠊⠛⠞⠂⠀⠠⠺⠊⠇⠇⠄⠀⠠⠝⠜⠗⠀
⠀⠀⠁⠗⠍⠿⠝⠀⠜⠗⠀⠏⠡⠀⠏⠇⠁⠞⠎⠀⠞⠜⠝⠅⠑⠗⠀
⠀⠀⠠⠙⠥⠝⠉⠁⠝⠀⠙⠗⠁⠀⠎⠊⠛⠀⠞⠊⠇⠇⠃⠁⠅⠁⠀⠞⠊⠇⠇⠀
⠀⠀⠧⠊⠎⠎⠁⠀⠋⠪⠗⠃⠑⠗⠑⠙⠙⠁⠀⠏⠕⠎⠊⠞⠊⠕⠝⠑⠗⠀
⠀⠀⠕⠉⠓⠀⠎⠇⠜⠏⠏⠁⠀⠥⠞⠀⠠⠍⠕⠗⠛⠁⠗⠁⠞⠓⠀⠏⠡⠀
⠀⠀⠎⠇⠜⠞⠞⠑⠝⠄⠰⠀⠰⠠⠎⠇⠜⠏⠏⠁⠀⠥⠞⠀⠓⠕⠝⠕⠍⠢⠰⠀


⠀⠀⠋⠗⠡⠛⠁⠙⠑⠀⠠⠺⠊⠇⠇⠀⠓⠜⠏⠑⠞⠄⠀⠰⠠⠓⠁⠗⠀
⠀⠀⠅⠥⠝⠛⠑⠝⠀⠃⠇⠊⠧⠊⠞⠀⠛⠁⠇⠑⠝⠢⠀
⠀⠀⠠⠧⠁⠗⠋⠪⠗⠄⠄⠄⠰
⠀⠀⠀⠀⠠⠃⠡⠙⠁⠀⠎⠏⠑⠚⠁⠗⠝⠁⠀⠞⠊⠞⠞⠁⠙⠑⠀⠏⠡⠀
⠀⠀⠓⠕⠝⠕⠍⠄⠀⠠⠓⠁⠇⠞⠀⠓⠁⠙⠑⠀⠓⠪⠚⠞⠀⠑⠞⠞⠀
⠀⠀⠪⠛⠕⠝⠃⠗⠽⠝⠀⠕⠉⠓⠀⠠⠛⠊⠇⠁⠝⠀⠇⠕⠛⠀⠎⠝⠑⠞⠞⠄
⠀⠀⠰⠠⠚⠁⠛⠀⠍⠑⠝⠁⠗⠄⠄⠄⠀⠰⠂⠀⠃⠪⠗⠚⠁⠙⠑⠀
⠀⠀⠠⠺⠊⠇⠇⠄⠀⠠⠙⠑⠞⠀⠧⠁⠗⠀⠁⠝⠞⠁⠛⠇⠊⠛⠑⠝⠀
⠀⠀⠕⠇⠜⠍⠏⠇⠊⠛⠞⠀⠁⠞⠞⠀⠊⠋⠗⠡⠛⠁⠎⠜⠞⠞⠁⠀
⠀⠀⠅⠥⠝⠛⠑⠝⠎⠀⠋⠪⠗⠝⠥⠋⠞⠀⠏⠡⠀⠙⠑⠞⠀⠎⠜⠞⠞⠑⠞⠄
⠀⠀⠰⠠⠚⠁⠛⠀⠧⠊⠇⠇⠀⠁⠃⠎⠕⠇⠥⠞⠀⠊⠝⠞⠑⠀⠎⠡⠗⠁⠀
⠀⠀⠝⠡⠛⠕⠝⠂⠀⠍⠑⠝⠄⠄⠄⠰
⠀⠀⠀⠀⠰⠠⠁⠓⠂⠀⠚⠁⠛⠀⠞⠗⠕⠗⠀⠊⠝⠞⠑⠀⠁⠞⠞⠀
⠀⠀⠅⠥⠝⠛⠑⠝⠀⠎⠅⠥⠇⠇⠑⠀⠃⠇⠊⠀⠎⠜⠗⠎⠅⠊⠇⠞⠀
⠀⠀⠎⠡⠗⠁⠙⠀⠕⠍⠀⠓⠁⠝⠀⠋⠊⠉⠅⠀⠓⠪⠗⠁⠀⠁⠞⠞⠀⠑⠝⠀
⠀⠀⠇⠜⠗⠇⠊⠝⠛⠀⠞⠽⠉⠅⠑⠗⠀⠁⠞⠞⠀⠓⠁⠝⠀⠜⠗⠀
⠀⠀⠛⠁⠇⠑⠝⠰⠂⠀⠎⠁⠀⠠⠓⠁⠇⠞⠄⠀⠰⠠⠅⠥⠝⠛⠁⠗⠀
⠀⠀⠜⠇⠎⠅⠁⠗⠀⠁⠞⠞⠀⠓⠪⠗⠁⠀⠎⠡⠙⠁⠝⠞⠄⠰
⠀⠀⠀⠀⠰⠠⠍⠑⠝⠀⠠⠓⠁⠇⠞⠄⠄⠄⠀⠧⠊⠇⠇⠀⠓⠁⠝⠀
⠀⠀⠧⠑⠗⠅⠇⠊⠛⠑⠝⠀⠎⠇⠜⠏⠏⠁⠀⠥⠞⠀⠠⠍⠕⠗⠛⠁⠗⠁⠞⠓
⠀⠀⠑⠋⠞⠑⠗⠀⠁⠇⠇⠁⠀⠙⠑⠎⠎⠁⠀⠡⠗⠢⠰⠀⠋⠗⠡⠛⠁⠙⠑⠀
⠀⠀⠠⠺⠊⠇⠇⠄⠀⠰⠠⠙⠑⠞⠀⠧⠑⠗⠅⠁⠗⠄⠄⠄⠰⠀⠠⠓⠁⠝⠀
⠀⠀⠧⠁⠗⠀⠝⠜⠗⠁⠀⠁⠞⠞⠀⠎⠜⠛⠁⠀⠰⠛⠁⠇⠑⠞⠰⠂⠀⠍⠑⠝
⠀⠀⠓⠑⠚⠙⠁⠙⠑⠀⠎⠊⠛⠄⠀⠠⠏⠇⠪⠞⠎⠇⠊⠛⠞⠀⠅⠕⠍⠀
⠀⠀⠓⠁⠝⠀⠁⠞⠞⠀⠞⠜⠝⠅⠁⠀⠏⠡⠀⠺⠁⠗⠛⠁⠇⠑⠗⠝⠁⠀
⠀⠀⠎⠕⠍⠀⠓⠁⠝⠀⠕⠉⠓⠀⠠⠓⠁⠇⠞⠀⠓⠁⠙⠑⠀
⠀⠀⠋⠪⠗⠋⠪⠇⠚⠞⠄⠀⠠⠋⠪⠗⠀⠎⠊⠝⠀⠊⠝⠗⠑⠀⠎⠽⠝⠀
⠀⠀⠎⠡⠛⠀⠓⠁⠝⠀⠞⠥⠎⠑⠝⠞⠁⠇⠎⠀⠎⠡⠙⠁⠝⠁⠀


⠀⠀⠧⠁⠗⠑⠇⠎⠑⠗⠀⠎⠞⠗⠪⠍⠍⠁⠀⠥⠞⠀⠏⠡⠀
⠀⠀⠎⠇⠜⠞⠞⠑⠝⠄⠀⠠⠓⠁⠝⠀⠅⠜⠝⠙⠑⠀⠎⠊⠛⠀
⠀⠀⠁⠇⠇⠙⠑⠇⠑⠎⠀⠅⠁⠇⠇⠀⠊⠝⠕⠍⠃⠕⠗⠙⠎⠄
⠀⠀⠀⠀⠰⠠⠙⠑⠞⠀⠜⠗⠀⠏⠗⠑⠉⠊⠎⠀⠙⠑⠞⠀⠎⠕⠍⠀⠜⠗⠀
⠀⠀⠞⠁⠝⠅⠑⠝⠂⠀⠠⠺⠊⠇⠇⠰⠂⠀⠎⠁⠀⠠⠓⠁⠇⠞⠄⠀⠰⠠⠙⠥
⠀⠀⠎⠇⠕⠛⠀⠋⠁⠅⠞⠊⠎⠅⠞⠀⠓⠥⠧⠥⠙⠑⠞⠀⠏⠡⠀
⠀⠀⠎⠏⠊⠅⠑⠝⠀⠝⠜⠗⠀⠙⠥⠀⠎⠁⠀⠐⠑⠋⠞⠑⠗⠀⠁⠇⠇⠁⠀
⠀⠀⠙⠑⠎⠎⠁⠀⠡⠗⠐⠄⠀⠠⠧⠊⠀⠓⠁⠗⠀⠎⠝⠑⠛⠇⠁⠞⠀⠏⠡⠀
⠀⠀⠠⠍⠕⠗⠛⠁⠗⠁⠞⠓⠀⠊⠀⠎⠑⠭⠞⠕⠝⠀⠡⠗⠀⠕⠉⠓⠀
⠀⠀⠥⠝⠙⠗⠁⠞⠀⠧⠁⠙⠀⠓⠁⠝⠀⠑⠛⠑⠝⠞⠇⠊⠛⠑⠝⠀
⠀⠀⠓⠡⠇⠇⠑⠗⠀⠏⠡⠀⠍⠑⠙⠄⠀⠠⠥⠝⠙⠑⠗⠀⠙⠑⠀⠡⠗⠑⠝⠀
⠀⠀⠓⠁⠗⠀⠧⠡⠗⠁⠀⠎⠞⠽⠗⠅⠕⠗⠀⠏⠁⠞⠗⠥⠇⠇⠑⠗⠁⠞⠀
⠀⠀⠕⠍⠗⠡⠙⠑⠞⠀⠝⠑⠙⠁⠝⠋⠪⠗⠀⠅⠇⠊⠏⠏⠕⠗⠝⠁⠀⠕⠉⠓
⠀⠀⠃⠑⠧⠁⠅⠁⠞⠀⠠⠞⠗⠑⠎⠞⠑⠛⠎⠏⠁⠎⠎⠑⠞⠄
⠀⠀⠀⠀⠠⠍⠕⠗⠛⠁⠗⠁⠞⠓⠀⠓⠁⠗⠀⠓⠁⠋⠞⠀⠉⠓⠁⠝⠎⠑⠝⠀
⠀⠀⠁⠞⠞⠀⠎⠇⠡⠀⠞⠊⠇⠇⠀⠓⠑⠇⠁⠀⠞⠊⠙⠑⠝⠄⠀
⠀⠀⠠⠎⠑⠝⠁⠎⠞⠀⠁⠝⠧⠜⠝⠙⠑⠀⠓⠁⠝⠀⠎⠊⠛⠀⠚⠥⠀⠁⠧⠀
⠀⠀⠅⠁⠇⠅⠁⠗⠁⠝⠑⠗⠝⠁⠄⠰
⠀⠀⠀⠀⠠⠛⠊⠇⠁⠝⠀⠞⠊⠞⠞⠁⠙⠑⠀⠏⠡⠀⠎⠊⠝⠀⠛⠁⠍⠇⠑⠀
⠀⠀⠇⠜⠗⠁⠗⠑⠀⠍⠑⠙⠀⠃⠑⠥⠝⠙⠗⠁⠝⠀⠊⠀⠃⠇⠊⠉⠅⠑⠝⠄
⠀⠀⠠⠓⠁⠇⠞⠀⠓⠁⠙⠑⠀⠛⠑⠝⠁⠎⠞⠀⠋⠪⠗⠎⠞⠡⠞⠞⠀⠓⠥⠗
⠀⠀⠅⠥⠝⠛⠑⠝⠀⠞⠜⠝⠅⠞⠑⠄⠀⠠⠙⠑⠞⠀⠧⠁⠗⠀⠊⠝⠞⠑⠀
⠀⠀⠅⠕⠝⠎⠞⠊⠛⠞⠀⠁⠞⠞⠀⠓⠁⠝⠀⠧⠁⠗⠀⠑⠝⠀⠁⠧⠀
⠀⠀⠅⠥⠝⠛⠑⠝⠎⠀⠍⠑⠎⠞⠀⠗⠑⠎⠏⠑⠅⠞⠑⠗⠁⠙⠑⠀
⠀⠀⠗⠡⠙⠛⠊⠧⠁⠗⠑⠄⠀⠰⠠⠓⠁⠇⠞⠀⠓⠁⠗⠀⠗⠜⠞⠞⠂⠀
⠀⠀⠠⠺⠊⠇⠇⠰⠂⠀⠎⠁⠀⠙⠑⠝⠀⠥⠝⠛⠑⠀⠎⠏⠑⠚⠁⠗⠑⠝⠄⠀
⠀⠀⠰⠠⠕⠉⠓⠀⠙⠑⠞⠀⠋⠊⠝⠝⠎⠀⠙⠑⠎⠎⠥⠞⠕⠍⠀⠑⠞⠞⠀
⠀⠀⠎⠅⠜⠇⠀⠞⠊⠇⠇⠄⠀⠠⠑⠋⠞⠑⠗⠀⠎⠑⠭⠞⠕⠝⠀⠡⠗⠀⠁⠧


⠀⠀⠋⠗⠑⠙⠀⠓⠁⠗⠀⠋⠕⠇⠅⠀⠃⠪⠗⠚⠁⠞⠀⠎⠇⠁⠏⠏⠝⠁⠀
⠀⠀⠁⠧⠄⠀⠠⠊⠝⠞⠑⠀⠎⠏⠑⠚⠁⠗⠝⠁⠂⠀⠋⠪⠗⠎⠞⠡⠎⠄⠀
⠀⠀⠠⠍⠑⠝⠀⠙⠑⠀⠋⠇⠑⠎⠞⠁⠀⠧⠁⠝⠇⠊⠛⠁⠀
⠀⠀⠎⠕⠇⠙⠁⠞⠑⠗⠀⠕⠉⠓⠀⠑⠝⠀⠙⠑⠇⠀⠁⠧⠀
⠀⠀⠇⠜⠝⠎⠓⠑⠗⠗⠁⠗⠝⠁⠀⠊⠀⠝⠕⠗⠗⠀⠅⠜⠝⠝⠑⠗⠀⠎⠊⠛
⠀⠀⠊⠝⠞⠑⠀⠇⠜⠝⠛⠗⠑⠀⠎⠡⠀⠓⠕⠞⠁⠙⠑⠄⠰
⠀⠀⠀⠀⠰⠠⠙⠥⠀⠓⠁⠗⠀⠚⠥⠀⠎⠚⠜⠇⠧⠀⠎⠑⠞⠞⠀⠓⠥⠗⠀
⠀⠀⠞⠧⠑⠅⠎⠁⠍⠍⠁⠀⠍⠡⠝⠛⠁⠀⠃⠇⠊⠗⠀⠝⠜⠗⠀⠙⠑⠀
⠀⠀⠍⠡⠎⠞⠑⠀⠇⠜⠍⠝⠁⠀⠎⠊⠝⠁⠀⠛⠡⠗⠙⠁⠗⠀⠕⠉⠓⠀⠛⠡
⠀⠀⠥⠞⠀⠊⠀⠅⠗⠊⠛⠰⠂⠀⠎⠁⠀⠠⠓⠁⠇⠞⠄⠀⠠⠺⠊⠇⠇⠀
⠀⠀⠝⠊⠉⠅⠁⠙⠑⠄⠀⠠⠙⠑⠝⠀⠎⠑⠝⠁⠎⠞⠑⠀⠧⠑⠉⠅⠁⠝⠀
⠀⠀⠓⠁⠙⠑⠀⠓⠁⠝⠀⠕⠉⠓⠀⠠⠓⠁⠇⠞⠀⠗⠊⠙⠊⠞⠀⠛⠑⠝⠕⠍
⠀⠀⠋⠇⠑⠗⠁⠀⠎⠍⠡⠀⠃⠽⠁⠗⠀⠊⠀⠠⠗⠑⠙⠍⠕⠝⠞⠀⠋⠪⠗⠀
⠀⠀⠁⠞⠞⠀⠁⠝⠎⠅⠁⠋⠋⠁⠀⠍⠁⠝⠎⠅⠁⠏⠀⠞⠊⠇⠇⠀
⠀⠀⠁⠗⠍⠿⠝⠄⠀⠠⠃⠽⠃⠕⠗⠝⠁⠀⠓⠁⠙⠑⠀⠕⠋⠞⠁⠀
⠀⠀⠧⠁⠗⠊⠞⠀⠁⠧⠕⠛⠁⠀⠞⠊⠇⠇⠀⠑⠝⠀⠃⠪⠗⠚⠁⠝⠂⠀
⠀⠀⠍⠑⠝⠀⠞⠕⠛⠀⠝⠜⠎⠞⠁⠝⠀⠁⠇⠇⠞⠊⠙⠀⠎⠊⠞⠞⠀
⠀⠀⠋⠪⠗⠝⠥⠋⠞⠀⠞⠊⠇⠇⠀⠋⠡⠝⠛⠁⠀⠝⠜⠗⠀⠠⠓⠁⠇⠞⠀
⠀⠀⠍⠑⠙⠀⠓⠚⠜⠇⠏⠀⠁⠧⠀⠎⠊⠞⠞⠀⠗⠽⠅⠞⠑⠀⠕⠉⠓⠀
⠀⠀⠎⠊⠝⠀⠎⠞⠁⠗⠅⠁⠀⠏⠑⠗⠎⠕⠝⠇⠊⠛⠓⠑⠞⠀
⠀⠀⠥⠞⠪⠧⠁⠙⠑⠀⠎⠊⠞⠞⠀⠊⠝⠋⠇⠽⠞⠁⠝⠙⠑⠄
⠀⠀⠀⠀⠰⠠⠅⠥⠝⠛⠀⠠⠙⠥⠝⠉⠁⠝⠀⠞⠽⠉⠅⠑⠗⠀⠁⠞⠞⠀
⠀⠀⠙⠑⠞⠀⠓⠁⠗⠀⠃⠇⠊⠧⠊⠞⠀⠙⠁⠛⠎⠀⠁⠞⠞⠀⠎⠜⠞⠞⠁⠀
⠀⠀⠏⠥⠝⠅⠞⠀⠋⠪⠗⠀⠙⠑⠝⠀⠇⠡⠝⠛⠁⠀⠅⠕⠝⠋⠇⠊⠅⠞⠑⠝
⠀⠀⠍⠑⠙⠀⠠⠍⠕⠗⠛⠁⠗⠁⠞⠓⠰⠂⠀⠎⠁⠀⠠⠛⠊⠇⠁⠝⠄⠀
⠀⠀⠰⠠⠧⠊⠀⠜⠗⠀⠎⠞⠁⠗⠅⠁⠗⠑⠀⠜⠝⠀⠝⠡⠛⠕⠝⠎⠊⠝⠀
⠀⠀⠕⠉⠓⠀⠧⠊⠀⠓⠁⠗⠀⠊⠝⠛⠑⠞⠀⠁⠞⠞⠀⠧⠊⠝⠝⠁⠀⠏⠡⠀
⠀⠀⠁⠞⠞⠀⠧⠜⠝⠞⠁⠄⠀⠠⠧⠊⠀⠅⠕⠍⠍⠑⠗⠀⠁⠇⠙⠗⠊⠛⠀


⠀⠀⠁⠞⠞⠀⠋⠡⠀⠝⠡⠛⠕⠝⠀⠃⠜⠞⠞⠗⠑⠀⠉⠓⠁⠝⠎⠀⠁⠞⠞⠀
⠀⠀⠛⠪⠗⠁⠀⠕⠎⠎⠀⠁⠧⠀⠍⠑⠙⠀⠠⠍⠕⠗⠛⠁⠗⠁⠞⠓⠀⠑⠝⠀
⠀⠀⠛⠡⠝⠛⠀⠋⠪⠗⠀⠁⠇⠇⠁⠄⠰
⠀⠀⠀⠀⠰⠠⠧⠊⠇⠅⠑⠞⠀⠇⠑⠙⠑⠗⠀⠕⠎⠎⠀⠞⠊⠇⠇⠃⠁⠅⠁⠀
⠀⠀⠞⠊⠇⠇⠀⠍⠊⠝⠀⠥⠗⠎⠏⠗⠥⠝⠛⠇⠊⠛⠁⠀⠋⠗⠡⠛⠁⠰⠂⠀
⠀⠀⠎⠁⠀⠠⠓⠁⠇⠞⠄⠀⠰⠠⠧⠁⠙⠀⠛⠪⠗⠀⠙⠥⠀⠓⠜⠗⠀
⠀⠀⠍⠊⠞⠞⠀⠊⠀⠝⠁⠞⠞⠑⠝⠢⠰
⠀⠀⠀⠀⠰⠠⠚⠁⠛⠀⠓⠁⠗⠀⠋⠡⠞⠞⠀⠕⠗⠙⠑⠗⠀⠁⠧⠀
⠀⠀⠠⠉⠗⠕⠺⠇⠑⠽⠰⠂⠀⠎⠁⠀⠠⠛⠊⠇⠁⠝⠀⠕⠉⠓⠀⠇⠁⠙⠑⠀
⠀⠀⠑⠝⠀⠏⠑⠗⠛⠁⠍⠑⠝⠞⠗⠥⠇⠇⠑⠀⠏⠡⠀⠃⠕⠗⠙⠑⠞⠄⠀
⠀⠀⠠⠓⠁⠇⠞⠀⠞⠊⠞⠞⠁⠙⠑⠀⠋⠗⠡⠛⠁⠝⠙⠑⠀⠏⠡⠀
⠀⠀⠠⠛⠊⠇⠁⠝⠀⠕⠉⠓⠀⠗⠥⠇⠇⠁⠙⠑⠀⠥⠏⠏⠀⠙⠑⠝⠄⠀
⠀⠀⠠⠺⠊⠇⠇⠀⠧⠊⠎⠎⠞⠑⠀⠁⠞⠞⠀⠠⠉⠗⠕⠺⠇⠑⠽⠀⠧⠁⠗⠀
⠀⠀⠇⠑⠙⠁⠗⠑⠀⠋⠪⠗⠀⠙⠑⠀⠋⠑⠍⠞⠊⠕⠀⠎⠏⠑⠚⠁⠗⠝⠁⠀
⠀⠀⠊⠀⠗⠊⠅⠑⠞⠄⠀⠠⠓⠁⠇⠞⠀⠇⠜⠎⠞⠑⠀⠊⠛⠑⠝⠕⠍⠀
⠀⠀⠏⠑⠗⠛⠁⠍⠑⠝⠞⠑⠞⠀⠕⠉⠓⠀⠗⠥⠇⠇⠁⠙⠑⠀⠎⠑⠙⠁⠝⠀
⠀⠀⠊⠓⠕⠏⠀⠙⠑⠞⠀⠊⠛⠑⠝⠄




</system-err></testcase></testsuite></testsuites>