<?xml version="1.0" encoding="UTF-8" standalone="no"?><testsuites tests="1" failures="0" time="1.051" errors="1" name="test"><testsuite timestamp="2015-06-08T14:31:07.411Z" hostname="localhost" tests="1" errors="1" failures="0" skipped="0" id="d1034e1" name="compilationError" package="org.daisy.xprocspec"><properties><property name="xml:base" value="file:/Users/bert/src/snaekobbi/src/requirements/src/test/horizontal-positioning/test.xprocspec"/><property name="test-base-uri" value="file:/Users/bert/src/snaekobbi/src/requirements/src/test/horizontal-positioning/test.xprocspec"/><property name="error-location" value="evaluate.xpl - evaluation of assertions"/></properties><error message="evaluate.xpl - evaluation of assertions" type="static"/><system-out>test.xprocspec: ERROR</system-out><system-err>line: 57
column: 30

                       * port not found: result
            </system-err><system-err>&lt;x:was xmlns:x="http://www.daisy.org/ns/xprocspec" xml:base="file:/Users/bert/src/snaekobbi/src/requirements/src/test/horizontal-positioning/test.xprocspec"&gt;&lt;x:description xmlns:cx="http://xmlcalabash.com/ns/extensions" test-base-uri="file:/Users/bert/src/snaekobbi/src/requirements/src/test/horizontal-positioning/test.xprocspec" script="file:/Users/bert/src/snaekobbi/src/requirements/target/xprocspec/tmp/script1.xpl" test-grammar="xprocspec" temp-dir="file:/Users/bert/src/snaekobbi/src/requirements/target/xprocspec//tmp/xprocspec-20150608163106741/"&gt;&lt;x:step-declaration&gt;&lt;p:declare-step xmlns:p="http://www.w3.org/ns/xproc" xmlns:pxi="http://www.daisy.org/ns/pipeline/xproc/internal" xmlns:css="http://www.daisy.org/ns/pipeline/braille-css" xmlns:dotify="http://code.google.com/p/dotify/" xmlns:px="http://www.daisy.org/ns/pipeline/xproc" xml:base="file:/Users/bert/src/snaekobbi/src/requirements/src/test/horizontal-positioning/test.xprocspec" version="1.0" type="pxi:translate" x:type="{http://www.daisy.org/ns/pipeline/xproc/internal}translate"&gt;&lt;p:input port="source" kind="document" sequence="false" primary="true"/&gt;&lt;p:output port="result" kind="document" sequence="false" primary="true"/&gt;&lt;p:option name="stylesheet" required="true"/&gt;&lt;/p:declare-step&gt;&lt;/x:step-declaration&gt;&lt;x:scenario xmlns:pxi="http://www.daisy.org/ns/pipeline/xproc/internal" xmlns:css="http://www.daisy.org/ns/pipeline/braille-css" xmlns:dotify="http://code.google.com/p/dotify/" xmlns:px="http://www.daisy.org/ns/pipeline/xproc" end-time="2015-06-08T14:31:07.022Z" label="Two-column table with second column left-aligned and with leaders" start-time="2015-06-08T14:31:06.983Z" id="65.1"&gt;&lt;x:call x:type="{http://www.daisy.org/ns/pipeline/xproc/internal}translate" step="pxi:translate"&gt;&lt;x:option select="'style.css'" name="stylesheet" value="style.css"/&gt;&lt;x:input port="source"&gt;
        &lt;x:document type="file" href="../../resources/horizontal-positioning/example_1.xml"/&gt;
      &lt;/x:input&gt;&lt;/x:call&gt;
                                                &lt;x:context label="errors" id="errors"&gt;
                                                    &lt;x:document type="errors"/&gt;
                                                &lt;/x:context&gt;
                                            
                                                &lt;x:expect type="count" label="the step should execute successfully without throwing any errors" max="0" contextref="errors"/&gt;
                                            &lt;x:context label="result" id="context0"&gt;
      &lt;x:document type="port" port="result" xml:space="preserve"/&gt;
    &lt;/x:context&gt;&lt;x:expect label="result" type="custom" href="http://www.daisy.org/pipeline/modules/braille/pef-utils/library.xpl" step="x:pef-compare" contextref="context0"&gt;
      &lt;x:document type="file" href="../../resources/horizontal-positioning/example_1.pef" xml:space="preserve"/&gt;
    &lt;/x:expect&gt;&lt;/x:scenario&gt;&lt;c:errors test-base-uri="file:/Users/bert/src/snaekobbi/src/requirements/src/test/horizontal-positioning/test.xprocspec" error-location="running the script"&gt;&lt;c:error href="file:/Users/bert/src/snaekobbi/src/requirements/src/test/horizontal-positioning/test.xprocspec" line="1" column="355"&gt;Could not find an XProcTransform for query: (locale:de_CH) and type: css-block&lt;/c:error&gt;&lt;/c:errors&gt;&lt;/x:description&gt;&lt;/x:was&gt;</system-err></testsuite></testsuites>