<?xml version="1.0" encoding="UTF-8" standalone="no"?><testsuites tests="2" failures="0" time="1.344" errors="2" name="test"><testsuite timestamp="2015-06-03T10:09:48.416Z" hostname="localhost" tests="1" errors="1" failures="0" skipped="0" id="d1384e1" name="compilationError" package="org.daisy.xprocspec"><properties><property name="xml:base" value="file:/Users/bert/src/snaekobbi/src/functional-testing/src/test/white-space/test.xprocspec"/><property name="test-base-uri" value="file:/Users/bert/src/snaekobbi/src/functional-testing/src/test/white-space/test.xprocspec"/><property name="error-location" value="evaluate.xpl - evaluation of assertions"/></properties><error message="evaluate.xpl - evaluation of assertions" type="static"/><system-out>test.xprocspec: ERROR</system-out><system-err>line: 57
column: 30

                       * port not found: result
            </system-err><system-err>&lt;x:was xmlns:x="http://www.daisy.org/ns/xprocspec" xml:base="file:/Users/bert/src/snaekobbi/src/functional-testing/src/test/white-space/test.xprocspec"&gt;&lt;x:description xmlns:cx="http://xmlcalabash.com/ns/extensions" test-base-uri="file:/Users/bert/src/snaekobbi/src/functional-testing/src/test/white-space/test.xprocspec" script="file:/Users/bert/src/snaekobbi/src/functional-testing/target/xprocspec/tmp/script1.xpl" test-grammar="xprocspec" temp-dir="file:/Users/bert/src/snaekobbi/src/functional-testing/target/xprocspec//tmp/xprocspec-20150603120947475/"&gt;&lt;x:step-declaration&gt;&lt;p:declare-step xmlns:p="http://www.w3.org/ns/xproc" xmlns:pxi="http://www.daisy.org/ns/pipeline/xproc/internal" xmlns:px="http://www.daisy.org/ns/pipeline/xproc" xmlns:pef="http://www.daisy.org/ns/2008/pef" xmlns:dotify="http://code.google.com/p/dotify/" xmlns:css="http://www.daisy.org/ns/pipeline/braille-css" xml:base="file:/Users/bert/src/snaekobbi/src/functional-testing/src/test/white-space/test.xprocspec" version="1.0" type="pxi:translate" x:type="{http://www.daisy.org/ns/pipeline/xproc/internal}translate"&gt;&lt;p:input port="source" kind="document" sequence="false" primary="true"/&gt;&lt;p:output port="result" kind="document" sequence="false" primary="true"/&gt;&lt;p:option name="stylesheet" required="true"/&gt;&lt;/p:declare-step&gt;&lt;/x:step-declaration&gt;&lt;x:scenario xmlns:pxi="http://www.daisy.org/ns/pipeline/xproc/internal" xmlns:px="http://www.daisy.org/ns/pipeline/xproc" xmlns:pef="http://www.daisy.org/ns/2008/pef" xmlns:dotify="http://code.google.com/p/dotify/" xmlns:css="http://www.daisy.org/ns/pipeline/braille-css" end-time="2015-06-03T10:09:47.865Z" label="Preserve newline characters (br elements) as forced line breaks" start-time="2015-06-03T10:09:47.817Z" id="55.1"&gt;&lt;x:call x:type="{http://www.daisy.org/ns/pipeline/xproc/internal}translate" step="pxi:translate"&gt;&lt;x:option select="'style.css'" name="stylesheet" value="style.css"/&gt;&lt;x:input port="source"&gt;
        &lt;x:document type="file" href="../../resources/white-space/white_space.xml"/&gt;
      &lt;/x:input&gt;&lt;/x:call&gt;
                                                &lt;x:context label="errors" id="errors"&gt;
                                                    &lt;x:document type="errors"/&gt;
                                                &lt;/x:context&gt;
                                            
                                                &lt;x:expect type="count" label="the step should execute successfully without throwing any errors" max="0" contextref="errors"/&gt;
                                            &lt;x:context label="result" id="context0"&gt;
      &lt;x:document type="port" port="result" xml:space="preserve"/&gt;
    &lt;/x:context&gt;&lt;x:expect label="result" type="custom" href="http://www.daisy.org/pipeline/modules/braille/pef-utils/library.xpl" step="x:pef-compare" contextref="context0"&gt;
      &lt;x:document type="file" href="../../resources/white-space/white_space.pef" xml:space="preserve"/&gt;
    &lt;/x:expect&gt;&lt;/x:scenario&gt;&lt;c:errors test-base-uri="file:/Users/bert/src/snaekobbi/src/functional-testing/src/test/white-space/test.xprocspec" error-location="running the script"&gt;&lt;c:error href="file:/Users/bert/src/snaekobbi/src/functional-testing/src/test/white-space/test.xprocspec" line="1" column="350"&gt;Could not find an XProcTransform for query: (locale:de_CH) and type: css-block&lt;/c:error&gt;&lt;/c:errors&gt;&lt;/x:description&gt;&lt;/x:was&gt;</system-err></testsuite><testsuite timestamp="2015-06-03T10:09:48.428Z" hostname="localhost" tests="1" errors="1" failures="0" skipped="0" id="d1392e1" name="compilationError" package="org.daisy.xprocspec"><properties><property name="xml:base" value="file:/Users/bert/src/snaekobbi/src/functional-testing/src/test/white-space/test.xprocspec"/><property name="test-base-uri" value="file:/Users/bert/src/snaekobbi/src/functional-testing/src/test/white-space/test.xprocspec"/><property name="error-location" value="evaluate.xpl - evaluation of assertions"/></properties><error message="evaluate.xpl - evaluation of assertions" type="static"/><system-out>test.xprocspec: ERROR</system-out><system-err>line: 57
column: 30

                       * port not found: result
            </system-err><system-err>&lt;x:was xmlns:x="http://www.daisy.org/ns/xprocspec" xml:base="file:/Users/bert/src/snaekobbi/src/functional-testing/src/test/white-space/test.xprocspec"&gt;&lt;x:description xmlns:cx="http://xmlcalabash.com/ns/extensions" test-base-uri="file:/Users/bert/src/snaekobbi/src/functional-testing/src/test/white-space/test.xprocspec" script="file:/Users/bert/src/snaekobbi/src/functional-testing/target/xprocspec/tmp/script1.xpl" test-grammar="xprocspec" temp-dir="file:/Users/bert/src/snaekobbi/src/functional-testing/target/xprocspec//tmp/xprocspec-20150603120947475/"&gt;&lt;x:step-declaration&gt;&lt;p:declare-step xmlns:p="http://www.w3.org/ns/xproc" xmlns:pxi="http://www.daisy.org/ns/pipeline/xproc/internal" xmlns:px="http://www.daisy.org/ns/pipeline/xproc" xmlns:pef="http://www.daisy.org/ns/2008/pef" xmlns:dotify="http://code.google.com/p/dotify/" xmlns:css="http://www.daisy.org/ns/pipeline/braille-css" xml:base="file:/Users/bert/src/snaekobbi/src/functional-testing/src/test/white-space/test.xprocspec" version="1.0" type="pxi:translate" x:type="{http://www.daisy.org/ns/pipeline/xproc/internal}translate"&gt;&lt;p:input port="source" kind="document" sequence="false" primary="true"/&gt;&lt;p:output port="result" kind="document" sequence="false" primary="true"/&gt;&lt;p:option name="stylesheet" required="true"/&gt;&lt;/p:declare-step&gt;&lt;/x:step-declaration&gt;&lt;x:scenario xmlns:pxi="http://www.daisy.org/ns/pipeline/xproc/internal" xmlns:px="http://www.daisy.org/ns/pipeline/xproc" xmlns:pef="http://www.daisy.org/ns/2008/pef" xmlns:dotify="http://code.google.com/p/dotify/" xmlns:css="http://www.daisy.org/ns/pipeline/braille-css" end-time="2015-06-03T10:09:48.005Z" label="Preserve two spaces before and after mathematical expressions, but not at the beginning or end of a line." start-time="2015-06-03T10:09:47.988Z" id="55.2"&gt;&lt;x:call x:type="{http://www.daisy.org/ns/pipeline/xproc/internal}translate" step="pxi:translate"&gt;&lt;x:option select="'style.css'" name="stylesheet" value="style.css"/&gt;&lt;x:input port="source"&gt;
        &lt;x:document type="file" href="../../resources/white-space/white_space_2.xml"/&gt;
      &lt;/x:input&gt;&lt;/x:call&gt;
                                                &lt;x:context label="errors" id="errors"&gt;
                                                    &lt;x:document type="errors"/&gt;
                                                &lt;/x:context&gt;
                                            
                                                &lt;x:expect type="count" label="the step should execute successfully without throwing any errors" max="0" contextref="errors"/&gt;
                                            &lt;x:context label="result" id="context1"&gt;
      &lt;x:document type="port" port="result" xml:space="preserve"/&gt;
    &lt;/x:context&gt;&lt;x:expect label="result" type="custom" href="http://www.daisy.org/pipeline/modules/braille/pef-utils/library.xpl" step="x:pef-compare" contextref="context1"&gt;
      &lt;x:document type="file" href="../../resources/white-space/white_space_2.pef" xml:space="preserve"/&gt;
    &lt;/x:expect&gt;&lt;/x:scenario&gt;&lt;c:errors test-base-uri="file:/Users/bert/src/snaekobbi/src/functional-testing/src/test/white-space/test.xprocspec" error-location="running the script"&gt;&lt;c:error href="file:/Users/bert/src/snaekobbi/src/functional-testing/src/test/white-space/test.xprocspec" line="1" column="350"&gt;Could not find an XProcTransform for query: (locale:de_CH) and type: css-block&lt;/c:error&gt;&lt;/c:errors&gt;&lt;/x:description&gt;&lt;/x:was&gt;</system-err></testsuite></testsuites>