<?xml version="1.0" encoding="UTF-8" standalone="no"?><testsuites tests="2" failures="0" time="1.081" errors="2" name="test"><testsuite timestamp="2015-06-08T09:49:48.061Z" hostname="localhost" tests="1" errors="1" failures="0" skipped="0" id="d1379e1" name="compilationError" package="org.daisy.xprocspec"><properties><property name="xml:base" value="file:/Users/bert/src/snaekobbi/src/requirements/src/test/74/test.xprocspec"/><property name="test-base-uri" value="file:/Users/bert/src/snaekobbi/src/requirements/src/test/74/test.xprocspec"/><property name="error-location" value="evaluate.xpl - evaluation of assertions"/></properties><error message="evaluate.xpl - evaluation of assertions" type="static"/><system-out>test.xprocspec: ERROR</system-out><system-err>line: 57
column: 30

                       * port not found: result
            </system-err><system-err>&lt;x:was xmlns:x="http://www.daisy.org/ns/xprocspec" xml:base="file:/Users/bert/src/snaekobbi/src/requirements/src/test/74/test.xprocspec"&gt;&lt;x:description xmlns:cx="http://xmlcalabash.com/ns/extensions" test-base-uri="file:/Users/bert/src/snaekobbi/src/requirements/src/test/74/test.xprocspec" script="file:/Users/bert/src/snaekobbi/src/requirements/target/xprocspec/tmp/script1.xpl" test-grammar="xprocspec" temp-dir="file:/Users/bert/src/snaekobbi/src/requirements/target/xprocspec//tmp/xprocspec-20150608114947341/"&gt;&lt;x:step-declaration&gt;&lt;p:declare-step xmlns:p="http://www.w3.org/ns/xproc" xmlns:pxi="http://www.daisy.org/ns/pipeline/xproc/internal" xmlns:px="http://www.daisy.org/ns/pipeline/xproc" xmlns:pef="http://www.daisy.org/ns/2008/pef" xmlns:dotify="http://code.google.com/p/dotify/" xmlns:css="http://www.daisy.org/ns/pipeline/braille-css" xml:base="file:/Users/bert/src/snaekobbi/src/requirements/src/test/74/test.xprocspec" version="1.0" type="pxi:translate" x:type="{http://www.daisy.org/ns/pipeline/xproc/internal}translate"&gt;&lt;p:input port="source" kind="document" sequence="false" primary="true"/&gt;&lt;p:output port="result" kind="document" sequence="false" primary="true"/&gt;&lt;p:option name="stylesheet" required="true"/&gt;&lt;/p:declare-step&gt;&lt;/x:step-declaration&gt;&lt;x:scenario xmlns:pxi="http://www.daisy.org/ns/pipeline/xproc/internal" xmlns:px="http://www.daisy.org/ns/pipeline/xproc" xmlns:pef="http://www.daisy.org/ns/2008/pef" xmlns:dotify="http://code.google.com/p/dotify/" xmlns:css="http://www.daisy.org/ns/pipeline/braille-css" end-time="2015-06-08T09:49:47.638Z" label="The system shall support single and double line spacing The system shall support single line spacing" start-time="2015-06-08T09:49:47.606Z" id="74.1"&gt;&lt;x:call x:type="{http://www.daisy.org/ns/pipeline/xproc/internal}translate" step="pxi:translate"&gt;&lt;x:option select="'single.css'" name="stylesheet" value="single.css"/&gt;&lt;x:input port="source"&gt;
        &lt;x:document type="file" href="../../resources/layout/Test.DTBook.Line spacing. Singel spacing.xml"/&gt;
      &lt;/x:input&gt;&lt;/x:call&gt;
                                                &lt;x:context label="errors" id="errors"&gt;
                                                    &lt;x:document type="errors"/&gt;
                                                &lt;/x:context&gt;
                                            
                                                &lt;x:expect type="count" label="the step should execute successfully without throwing any errors" max="0" contextref="errors"/&gt;
                                            &lt;x:context label="result" id="context0"&gt;
          &lt;x:document type="port" port="result" xml:space="preserve"/&gt;
        &lt;/x:context&gt;&lt;x:expect label="result" type="custom" href="http://www.daisy.org/pipeline/modules/braille/pef-utils/library.xpl" step="x:pef-compare" contextref="context0"&gt;
          &lt;x:document type="file" href="../../resources/layout/Test.PEF.Line spacing.Singel spacing.pef" xml:space="preserve"/&gt;
        &lt;/x:expect&gt;&lt;/x:scenario&gt;&lt;c:errors test-base-uri="file:/Users/bert/src/snaekobbi/src/requirements/src/test/74/test.xprocspec" error-location="running the script"&gt;&lt;c:error href="file:/Users/bert/src/snaekobbi/src/requirements/src/test/74/test.xprocspec" line="1" column="335"&gt;Could not find an XProcTransform for query:  and type: css-block&lt;/c:error&gt;&lt;/c:errors&gt;&lt;/x:description&gt;&lt;/x:was&gt;</system-err></testsuite><testsuite timestamp="2015-06-08T09:49:48.071Z" hostname="localhost" tests="1" errors="1" failures="0" skipped="0" id="d1387e1" name="compilationError" package="org.daisy.xprocspec"><properties><property name="xml:base" value="file:/Users/bert/src/snaekobbi/src/requirements/src/test/74/test.xprocspec"/><property name="test-base-uri" value="file:/Users/bert/src/snaekobbi/src/requirements/src/test/74/test.xprocspec"/><property name="error-location" value="evaluate.xpl - evaluation of assertions"/></properties><error message="evaluate.xpl - evaluation of assertions" type="static"/><system-out>test.xprocspec: ERROR</system-out><system-err>line: 57
column: 30

                       * port not found: result
            </system-err><system-err>&lt;x:was xmlns:x="http://www.daisy.org/ns/xprocspec" xml:base="file:/Users/bert/src/snaekobbi/src/requirements/src/test/74/test.xprocspec"&gt;&lt;x:description xmlns:cx="http://xmlcalabash.com/ns/extensions" test-base-uri="file:/Users/bert/src/snaekobbi/src/requirements/src/test/74/test.xprocspec" script="file:/Users/bert/src/snaekobbi/src/requirements/target/xprocspec/tmp/script1.xpl" test-grammar="xprocspec" temp-dir="file:/Users/bert/src/snaekobbi/src/requirements/target/xprocspec//tmp/xprocspec-20150608114947341/"&gt;&lt;x:step-declaration&gt;&lt;p:declare-step xmlns:p="http://www.w3.org/ns/xproc" xmlns:pxi="http://www.daisy.org/ns/pipeline/xproc/internal" xmlns:px="http://www.daisy.org/ns/pipeline/xproc" xmlns:pef="http://www.daisy.org/ns/2008/pef" xmlns:dotify="http://code.google.com/p/dotify/" xmlns:css="http://www.daisy.org/ns/pipeline/braille-css" xml:base="file:/Users/bert/src/snaekobbi/src/requirements/src/test/74/test.xprocspec" version="1.0" type="pxi:translate" x:type="{http://www.daisy.org/ns/pipeline/xproc/internal}translate"&gt;&lt;p:input port="source" kind="document" sequence="false" primary="true"/&gt;&lt;p:output port="result" kind="document" sequence="false" primary="true"/&gt;&lt;p:option name="stylesheet" required="true"/&gt;&lt;/p:declare-step&gt;&lt;/x:step-declaration&gt;&lt;x:scenario xmlns:pxi="http://www.daisy.org/ns/pipeline/xproc/internal" xmlns:px="http://www.daisy.org/ns/pipeline/xproc" xmlns:pef="http://www.daisy.org/ns/2008/pef" xmlns:dotify="http://code.google.com/p/dotify/" xmlns:css="http://www.daisy.org/ns/pipeline/braille-css" end-time="2015-06-08T09:49:47.721Z" label="The system shall support single and double line spacing The system shall support double line spacing" start-time="2015-06-08T09:49:47.704Z" id="74.2"&gt;&lt;x:call x:type="{http://www.daisy.org/ns/pipeline/xproc/internal}translate" step="pxi:translate"&gt;&lt;x:option select="'double.css'" name="stylesheet" value="double.css"/&gt;&lt;x:input port="source"&gt;
        &lt;x:document type="file" href="../../resources/layout/Test.DTBook.Line spacing. Singel spacing.xml"/&gt;
      &lt;/x:input&gt;&lt;/x:call&gt;
                                                &lt;x:context label="errors" id="errors"&gt;
                                                    &lt;x:document type="errors"/&gt;
                                                &lt;/x:context&gt;
                                            
                                                &lt;x:expect type="count" label="the step should execute successfully without throwing any errors" max="0" contextref="errors"/&gt;
                                            &lt;x:context label="result" id="context1"&gt;
          &lt;x:document type="port" port="result" xml:space="preserve"/&gt;
        &lt;/x:context&gt;&lt;x:expect label="result" type="custom" href="http://www.daisy.org/pipeline/modules/braille/pef-utils/library.xpl" step="x:pef-compare" contextref="context1"&gt;
          &lt;x:document type="file" href="../../resources/layout/Test.PEF.Line spacing.Double spacing.pef" xml:space="preserve"/&gt;
        &lt;/x:expect&gt;&lt;/x:scenario&gt;&lt;c:errors test-base-uri="file:/Users/bert/src/snaekobbi/src/requirements/src/test/74/test.xprocspec" error-location="running the script"&gt;&lt;c:error href="file:/Users/bert/src/snaekobbi/src/requirements/src/test/74/test.xprocspec" line="1" column="335"&gt;Could not find an XProcTransform for query:  and type: css-block&lt;/c:error&gt;&lt;/c:errors&gt;&lt;/x:description&gt;&lt;/x:was&gt;</system-err></testsuite></testsuites>